7.0344 	WARNING 	User requested fullscreen with size [1024  768], but screen is actually [1920, 1080]. Using actual size
8.7558 	EXP 	Created window1 = Window(allowGUI=False, allowStencil=False, args=UNKNOWN, autoLog=True, bitsMode=UNKNOWN, blendMode='avg', color=array([0., 0., 0.]), colorSpace='rgb', fullscr=<method-wrapper '__getattribute__' of attributeSetter object at 0x0000022510FBDF28>, gamma=None, gammaErrorPolicy='raise', kwargs=UNKNOWN, lms=UNKNOWN, monitor=<psychopy.monitors.calibTools.Monitor object at 0x0000022510F125F8>, multiSample=False, name='window1', numSamples=2, pos=[0.0, 0.0], screen=0, size=array([1920, 1080]), stereo=False, units='height', useFBO=True, useRetina=False, viewOri=0.0, viewPos=None, viewScale=None, waitBlanking=True, winType='pyglet')
8.7558 	EXP 	window1: recordFrameIntervals = False
8.9222 	EXP 	window1: recordFrameIntervals = True
9.1071 	EXP 	window1: recordFrameIntervals = False
9.3162 	EXP 	Created polygon = Rect(__class__=<class 'psychopy.visual.rect.Rect'>, autoDraw=False, autoLog=True, closeShape=True, color=method-wrapper(...), colorSpace=None, contrast=1.0, depth=0.0, fillColor=array([1., 0., 0.]), fillColorSpace='rgb', fillRGB=array([1., 0., 0.]), interpolate=True, lineColor=array([1., 1., 1.]), lineColorSpace='rgb', lineRGB=array([1., 1., 1.]), lineWidth=1, name='polygon', opacity=1.0, ori=array(0.), pos=array([-0.4,  0. ]), size=array([1., 1.]), units='height', vertices=ndarray(...), win=Window(...))
9.3175 	EXP 	Created polygon_2 = Rect(__class__=<class 'psychopy.visual.rect.Rect'>, autoDraw=False, autoLog=True, closeShape=True, color=method-wrapper(...), colorSpace=None, contrast=1.0, depth=-1.0, fillColor=array([0., 0., 1.]), fillColorSpace='rgb', fillRGB=array([0., 0., 1.]), interpolate=True, lineColor=array([1., 1., 1.]), lineColorSpace='rgb', lineRGB=array([1., 1., 1.]), lineWidth=1, name='polygon_2', opacity=1.0, ori=array(0.), pos=array([0.4, 0. ]), size=array([1., 1.]), units='height', vertices=ndarray(...), win=Window(...))
9.3192 	EXP 	Created sequence: random, trialTypes=1, nReps=5, seed=None
9.3194 	EXP 	New trial (rep=0, index=0): None
9.3536 	EXP 	polygon: autoDraw = True
9.3536 	EXP 	polygon_2: autoDraw = True
10.3001 	DATA 	Mouse: Left button down, pos=(537,570)
10.3378 	EXP 	polygon: pos = array([-0.39166667,  0.02777778])
10.3580 	EXP 	polygon: pos = array([-0.39166667,  0.02777778])
10.3738 	EXP 	polygon: pos = array([-0.39166667,  0.02777778])
10.3902 	EXP 	polygon: pos = array([-0.39166667,  0.02777778])
10.4069 	EXP 	polygon: pos = array([-0.39166667,  0.02777778])
10.4235 	EXP 	polygon: pos = array([-0.39166667,  0.02777778])
10.4405 	EXP 	polygon: pos = array([-0.39166667,  0.02777778])
10.4570 	EXP 	polygon: pos = array([-0.39166667,  0.02777778])
10.4736 	EXP 	polygon: pos = array([-0.36018519,  0.06388889])
10.4901 	EXP 	polygon: pos = array([-0.31759259,  0.10648148])
10.5074 	EXP 	polygon: pos = array([-0.23148148,  0.17592593])
10.5238 	EXP 	polygon: pos = array([-0.18796296,  0.20740741])
10.5407 	EXP 	polygon: pos = array([-0.16203704,  0.22222222])
10.5568 	EXP 	polygon: pos = array([-0.14074074,  0.23333333])
10.5741 	EXP 	polygon: pos = array([-0.13518519,  0.23611111])
10.5905 	EXP 	polygon: pos = array([-0.12962963,  0.23888889])
10.6069 	EXP 	polygon: pos = array([-0.12222222,  0.24166667])
10.6239 	EXP 	polygon: pos = array([-0.11666667,  0.24444444])
10.6407 	EXP 	polygon: pos = array([-0.11203704,  0.24537037])
10.6581 	EXP 	polygon: pos = array([-0.10462963,  0.24814815])
10.6757 	EXP 	polygon: pos = array([-0.10092593,  0.24907407])
10.7066 	EXP 	polygon: pos = array([-0.09259259,  0.25      ])
10.7274 	EXP 	polygon: pos = array([-0.07962963,  0.25      ])
10.7443 	EXP 	polygon: pos = array([-0.06018519,  0.24537037])
10.7604 	EXP 	polygon: pos = array([-0.04166667,  0.23425926])
10.7767 	EXP 	polygon: pos = array([-0.02777778,  0.21944444])
10.7918 	EXP 	polygon: pos = array([-0.01574074,  0.18240741])
10.8086 	EXP 	polygon: pos = array([-0.01296296,  0.14722222])
10.8281 	EXP 	polygon: pos = array([-0.01111111,  0.12962963])
10.8445 	EXP 	polygon: pos = array([-0.01018519,  0.12222222])
10.8600 	EXP 	polygon: pos = array([-0.01018519,  0.11944444])
10.8636 	DATA 	Mouse:  Left button up, pos=(949,669)
11.6493 	DATA 	Mouse: Left button down, pos=(1363,519)
11.6934 	EXP 	polygon_2: pos = array([ 0.37314815, -0.01944444])
11.7095 	EXP 	polygon_2: pos = array([ 0.37314815, -0.01944444])
11.7264 	EXP 	polygon_2: pos = array([ 0.37314815, -0.01944444])
11.7433 	EXP 	polygon_2: pos = array([ 0.37314815, -0.01944444])
11.7595 	EXP 	polygon_2: pos = array([ 0.37314815, -0.01944444])
11.7768 	EXP 	polygon_2: pos = array([ 0.37314815, -0.01944444])
11.7929 	EXP 	polygon_2: pos = array([ 0.37314815, -0.01944444])
11.8097 	EXP 	polygon_2: pos = array([0.26018519, 0.025     ])
11.8265 	EXP 	polygon_2: pos = array([0.20740741, 0.04444444])
11.8437 	EXP 	polygon_2: pos = array([0.175     , 0.05555556])
11.8595 	EXP 	polygon_2: pos = array([0.13703704, 0.06574074])
11.8751 	EXP 	polygon_2: pos = array([0.12314815, 0.06759259])
11.8920 	EXP 	polygon_2: pos = array([0.10648148, 0.06944444])
11.9085 	EXP 	polygon_2: pos = array([0.09074074, 0.07222222])
11.9254 	EXP 	polygon_2: pos = array([0.07407407, 0.07592593])
11.9421 	EXP 	polygon_2: pos = array([0.06574074, 0.07777778])
11.9591 	EXP 	polygon_2: pos = array([0.06111111, 0.0787037 ])
11.9766 	EXP 	polygon_2: pos = array([0.05555556, 0.08055556])
11.9936 	EXP 	polygon_2: pos = array([0.05277778, 0.08055556])
12.0096 	EXP 	polygon_2: pos = array([0.05092593, 0.08055556])
12.0266 	EXP 	polygon_2: pos = array([0.04814815, 0.08055556])
12.0439 	EXP 	polygon_2: pos = array([0.04351852, 0.08148148])
12.0599 	EXP 	polygon_2: pos = array([0.0287037 , 0.08240741])
12.0758 	EXP 	polygon_2: pos = array([-0.00648148,  0.08425926])
12.0925 	EXP 	polygon_2: pos = array([-0.09166667,  0.07962963])
12.1093 	EXP 	polygon_2: pos = array([-0.14722222,  0.07407407])
12.1260 	EXP 	polygon_2: pos = array([-0.18888889,  0.07407407])
12.1421 	EXP 	polygon_2: pos = array([-0.22222222,  0.07222222])
12.1587 	EXP 	polygon_2: pos = array([-0.25185185,  0.07407407])
12.1758 	EXP 	polygon_2: pos = array([-0.25833333,  0.07592593])
12.1926 	EXP 	polygon_2: pos = array([-0.26203704,  0.07592593])
12.2087 	EXP 	polygon_2: pos = array([-0.26388889,  0.07685185])
12.2259 	EXP 	polygon_2: pos = array([-0.26481481,  0.07685185])
12.2435 	EXP 	polygon_2: pos = array([-0.26481481,  0.07685185])
12.2596 	EXP 	polygon_2: pos = array([-0.26481481,  0.07685185])
12.2757 	EXP 	polygon_2: pos = array([-0.26481481,  0.07685185])
12.2933 	EXP 	polygon_2: pos = array([-0.26481481,  0.07685185])
12.3102 	EXP 	polygon_2: pos = array([-0.26481481,  0.07685185])
12.3275 	EXP 	polygon_2: pos = array([-0.26481481,  0.07685185])
12.3437 	EXP 	polygon_2: pos = array([-0.26481481,  0.07685185])
12.3604 	EXP 	polygon_2: pos = array([-0.26481481,  0.07685185])
12.3772 	EXP 	polygon_2: pos = array([-0.26481481,  0.07685185])
12.3943 	EXP 	polygon_2: pos = array([-0.26481481,  0.07685185])
12.4104 	EXP 	polygon_2: pos = array([-0.26481481,  0.07685185])
12.4279 	EXP 	polygon_2: pos = array([-0.26018519,  0.0787037 ])
12.4438 	EXP 	polygon_2: pos = array([-0.25648148,  0.07962963])
12.4602 	EXP 	polygon_2: pos = array([-0.25277778,  0.07962963])
12.4778 	EXP 	polygon_2: pos = array([-0.25277778,  0.08055556])
12.4934 	EXP 	polygon_2: pos = array([-0.25092593,  0.08055556])
12.5111 	EXP 	polygon_2: pos = array([-0.25      ,  0.08055556])
12.5275 	EXP 	polygon_2: pos = array([-0.24907407,  0.08055556])
12.5440 	EXP 	polygon_2: pos = array([-0.24814815,  0.08055556])
12.5610 	EXP 	polygon_2: pos = array([-0.24722222,  0.08055556])
12.5776 	EXP 	polygon_2: pos = array([-0.24722222,  0.08148148])
12.5942 	EXP 	polygon_2: pos = array([-0.24722222,  0.08148148])
12.6098 	EXP 	polygon_2: pos = array([-0.2462963 ,  0.08240741])
12.6261 	EXP 	polygon_2: pos = array([-0.24537037,  0.08240741])
12.6429 	EXP 	polygon_2: pos = array([-0.24444444,  0.08240741])
12.6595 	EXP 	polygon_2: pos = array([-0.23981481,  0.08425926])
12.6761 	EXP 	polygon_2: pos = array([-0.2212963 ,  0.08703704])
12.6928 	EXP 	polygon_2: pos = array([-0.17037037,  0.0962963 ])
12.7095 	EXP 	polygon_2: pos = array([-0.13333333,  0.10092593])
12.7263 	EXP 	polygon_2: pos = array([-0.09537037,  0.10555556])
12.7439 	EXP 	polygon_2: pos = array([-0.06203704,  0.10833333])
12.7613 	EXP 	polygon_2: pos = array([-0.04444444,  0.11203704])
12.7772 	EXP 	polygon_2: pos = array([-0.02222222,  0.11574074])
12.7966 	EXP 	polygon_2: pos = array([-0.01388889,  0.11851852])
12.8122 	EXP 	polygon_2: pos = array([-0.0037037 ,  0.11944444])
12.8274 	EXP 	polygon_2: pos = array([0.00185185, 0.12037037])
12.8457 	EXP 	polygon_2: pos = array([0.00740741, 0.1212963 ])
12.8616 	EXP 	polygon_2: pos = array([0.01111111, 0.12222222])
12.8778 	EXP 	polygon_2: pos = array([0.01666667, 0.12222222])
12.8951 	EXP 	polygon_2: pos = array([0.02314815, 0.12222222])
12.9113 	EXP 	polygon_2: pos = array([0.02962963, 0.12222222])
12.9280 	EXP 	polygon_2: pos = array([0.03981481, 0.12222222])
12.9441 	EXP 	polygon_2: pos = array([0.05      , 0.12222222])
12.9619 	EXP 	polygon_2: pos = array([0.05648148, 0.12222222])
12.9783 	EXP 	polygon_2: pos = array([0.06481481, 0.12222222])
12.9943 	EXP 	polygon_2: pos = array([0.08333333, 0.12314815])
13.0117 	EXP 	polygon_2: pos = array([0.10092593, 0.125     ])
13.0277 	EXP 	polygon_2: pos = array([0.1212963 , 0.12777778])
13.0455 	EXP 	polygon_2: pos = array([0.13888889, 0.1287037 ])
13.0623 	EXP 	polygon_2: pos = array([0.16203704, 0.13148148])
13.0779 	EXP 	polygon_2: pos = array([0.17685185, 0.13148148])
13.0942 	EXP 	polygon_2: pos = array([0.18888889, 0.13240741])
13.1115 	EXP 	polygon_2: pos = array([0.20462963, 0.13333333])
13.1291 	EXP 	polygon_2: pos = array([0.21851852, 0.13611111])
13.1448 	EXP 	polygon_2: pos = array([0.23148148, 0.13703704])
13.1609 	EXP 	polygon_2: pos = array([0.25185185, 0.13981481])
13.1786 	EXP 	polygon_2: pos = array([0.25740741, 0.14074074])
13.1958 	EXP 	polygon_2: pos = array([0.26296296, 0.14074074])
13.2137 	EXP 	polygon_2: pos = array([0.2712963 , 0.14074074])
13.2296 	EXP 	polygon_2: pos = array([0.27777778, 0.14074074])
13.2457 	EXP 	polygon_2: pos = array([0.28796296, 0.14166667])
13.2630 	EXP 	polygon_2: pos = array([0.3       , 0.14259259])
13.2804 	EXP 	polygon_2: pos = array([0.30648148, 0.14444444])
13.2959 	EXP 	polygon_2: pos = array([0.31296296, 0.14537037])
13.3131 	EXP 	polygon_2: pos = array([0.32037037, 0.14537037])
13.3305 	EXP 	polygon_2: pos = array([0.32407407, 0.14537037])
13.3468 	EXP 	polygon_2: pos = array([0.32685185, 0.14537037])
13.3626 	EXP 	polygon_2: pos = array([0.32685185, 0.14537037])
13.3769 	EXP 	polygon_2: pos = array([0.32777778, 0.14537037])
13.3935 	EXP 	polygon_2: pos = array([0.32777778, 0.14537037])
13.4100 	EXP 	polygon_2: pos = array([0.32777778, 0.14537037])
13.4269 	EXP 	polygon_2: pos = array([0.32777778, 0.14537037])
13.4295 	DATA 	Mouse:  Left button up, pos=(1314,697)
13.9820 	DATA 	Mouse: Left button down, pos=(956,693)
14.0120 	EXP 	polygon: pos = array([-0.0037037 ,  0.14166667])
14.0294 	EXP 	polygon: pos = array([-0.0037037 ,  0.14166667])
14.0459 	EXP 	polygon: pos = array([-0.0037037 ,  0.14166667])
14.0620 	EXP 	polygon: pos = array([-0.0037037 ,  0.14166667])
14.0795 	EXP 	polygon: pos = array([-0.0037037 ,  0.14166667])
14.0954 	EXP 	polygon: pos = array([-0.0037037 ,  0.14166667])
14.1121 	EXP 	polygon: pos = array([-0.0037037 ,  0.14166667])
14.1294 	EXP 	polygon: pos = array([-0.0037037 ,  0.14166667])
14.1459 	EXP 	polygon: pos = array([-0.08888889,  0.12592593])
14.1622 	EXP 	polygon: pos = array([-0.1787037 ,  0.10555556])
14.1805 	EXP 	polygon: pos = array([-0.21666667,  0.09444444])
14.1963 	EXP 	polygon: pos = array([-0.25      ,  0.08333333])
14.2131 	EXP 	polygon: pos = array([-0.28425926,  0.0712963 ])
14.2288 	EXP 	polygon: pos = array([-0.31944444,  0.0537037 ])
14.2458 	EXP 	polygon: pos = array([-0.33981481,  0.03981481])
14.2629 	EXP 	polygon: pos = array([-0.3537037 ,  0.02777778])
14.2803 	EXP 	polygon: pos = array([-0.36574074,  0.01481481])
14.2955 	EXP 	polygon: pos = array([-0.37314815,  0.0037037 ])
14.3129 	EXP 	polygon: pos = array([-0.38055556, -0.01574074])
14.3288 	EXP 	polygon: pos = array([-0.38425926, -0.05185185])
14.3463 	EXP 	polygon: pos = array([-0.38240741, -0.07777778])
14.3635 	EXP 	polygon: pos = array([-0.37685185, -0.10648148])
14.3800 	EXP 	polygon: pos = array([-0.35925926, -0.13981481])
14.3967 	EXP 	polygon: pos = array([-0.34722222, -0.1537037 ])
14.4126 	EXP 	polygon: pos = array([-0.32685185, -0.16851852])
14.4315 	EXP 	polygon: pos = array([-0.28888889, -0.18888889])
14.4447 	EXP 	polygon: pos = array([-0.25833333, -0.19722222])
14.4616 	EXP 	polygon: pos = array([-0.2287037 , -0.20277778])
14.4777 	EXP 	polygon: pos = array([-0.19722222, -0.20185185])
14.4947 	EXP 	polygon: pos = array([-0.13981481, -0.18981481])
14.5114 	EXP 	polygon: pos = array([-0.10092593, -0.16851852])
14.5281 	EXP 	polygon: pos = array([-0.06296296, -0.14537037])
14.5456 	EXP 	polygon: pos = array([-0.01666667, -0.1037037 ])
14.5617 	EXP 	polygon: pos = array([ 0.00277778, -0.06851852])
14.5790 	EXP 	polygon: pos = array([ 0.01481481, -0.04259259])
14.5957 	EXP 	polygon: pos = array([0.0212963 , 0.01574074])
14.6132 	EXP 	polygon: pos = array([0.01851852, 0.03981481])
14.6292 	EXP 	polygon: pos = array([0.00740741, 0.06296296])
14.6464 	EXP 	polygon: pos = array([-0.00648148,  0.08148148])
14.6627 	EXP 	polygon: pos = array([-0.03611111,  0.10462963])
14.6791 	EXP 	polygon: pos = array([-0.1       ,  0.13796296])
14.6959 	EXP 	polygon: pos = array([-0.12685185,  0.14722222])
14.7131 	EXP 	polygon: pos = array([-0.14259259,  0.15092593])
14.7292 	EXP 	polygon: pos = array([-0.14722222,  0.15185185])
14.7466 	EXP 	polygon: pos = array([-0.14907407,  0.15185185])
14.7587 	DATA 	Mouse:  Left button up, pos=(798,704)
14.7650 	EXP 	polygon: pos = array([-0.15      ,  0.15185185])
15.2855 	DATA 	Mouse: Left button down, pos=(1365,667)
15.3142 	EXP 	polygon_2: pos = array([0.375     , 0.11759259])
15.3303 	EXP 	polygon_2: pos = array([0.375     , 0.11759259])
15.3473 	EXP 	polygon_2: pos = array([0.375     , 0.11759259])
15.3635 	EXP 	polygon_2: pos = array([0.375     , 0.11759259])
15.3803 	EXP 	polygon_2: pos = array([0.375     , 0.11759259])
15.3967 	EXP 	polygon_2: pos = array([0.375     , 0.11759259])
15.4174 	EXP 	polygon_2: pos = array([0.375     , 0.11759259])
15.4321 	EXP 	polygon_2: pos = array([0.375     , 0.11759259])
15.7010 	DATA 	Mouse:  Left button up, pos=(1105,120)
16.2507 	DATA 	Mouse: Left button down, pos=(1550,817)
16.4808 	EXP 	polygon_2: pos = array([0.46851852, 0.1712963 ])
16.4979 	EXP 	polygon_2: pos = array([0.44722222, 0.1462963 ])
16.5148 	EXP 	polygon_2: pos = array([0.43148148, 0.12962963])
16.5311 	EXP 	polygon_2: pos = array([0.41851852, 0.11481481])
16.5479 	EXP 	polygon_2: pos = array([0.41574074, 0.11203704])
16.5649 	EXP 	polygon_2: pos = array([0.41388889, 0.11018519])
16.5818 	EXP 	polygon_2: pos = array([0.41296296, 0.11018519])
16.5845 	DATA 	Mouse:  Left button up, pos=(1406,659)
16.9020 	DATA 	Mouse: Left button down, pos=(1406,659)
16.9325 	EXP 	polygon_2: pos = array([0.41296296, 0.11018519])
16.9491 	EXP 	polygon_2: pos = array([0.41296296, 0.11018519])
16.9657 	EXP 	polygon_2: pos = array([0.41296296, 0.11018519])
16.9824 	EXP 	polygon_2: pos = array([0.41296296, 0.11018519])
16.9993 	EXP 	polygon_2: pos = array([0.41296296, 0.11018519])
17.0154 	EXP 	polygon_2: pos = array([0.41296296, 0.11018519])
17.0327 	EXP 	polygon_2: pos = array([0.41296296, 0.11018519])
17.0488 	EXP 	polygon_2: pos = array([0.41296296, 0.11018519])
17.0653 	EXP 	polygon_2: pos = array([0.41296296, 0.11018519])
17.0827 	EXP 	polygon_2: pos = array([0.41296296, 0.11018519])
17.0987 	EXP 	polygon_2: pos = array([0.41296296, 0.11018519])
17.1154 	EXP 	polygon_2: pos = array([0.41296296, 0.11018519])
17.1184 	DATA 	Mouse:  Left button up, pos=(1406,659)
17.3232 	DATA 	Mouse: Left button down, pos=(1180,562)
17.3883 	DATA 	Mouse:  Left button up, pos=(1180,562)
17.7363 	DATA 	Mouse: Left button down, pos=(628,296)
17.8182 	DATA 	Mouse:  Left button up, pos=(628,296)
18.1034 	DATA 	Keypress: space
18.1203 	EXP 	New trial (rep=1, index=0): None
18.1286 	EXP 	polygon: autoDraw = False
18.1286 	EXP 	polygon_2: autoDraw = False
18.1286 	EXP 	polygon: autoDraw = True
18.1286 	EXP 	polygon_2: autoDraw = True
19.4899 	DATA 	Keypress: escape
19.8458 	EXP 	window1: mouseVisible = True
