12.1145 	EXP 	Created window1 = Window(allowGUI=True, allowStencil=False, args=UNKNOWN, autoLog=True, bitsMode=UNKNOWN, blendMode='avg', color=array([0., 0., 0.]), colorSpace='rgb', fullscr=<method-wrapper '__getattribute__' of attributeSetter object at 0x0000015886ABDBE0>, gamma=None, gammaErrorPolicy='raise', kwargs=UNKNOWN, lms=UNKNOWN, monitor=<psychopy.monitors.calibTools.Monitor object at 0x00000158867F37B8>, multiSample=False, name='window1', numSamples=2, pos=[0.0, 0.0], screen=0, size=array([1920, 1080]), stereo=False, units='height', useFBO=True, useRetina=False, viewOri=0.0, viewPos=None, viewScale=None, waitBlanking=True, winType='pyglet')
12.1147 	EXP 	window1: recordFrameIntervals = False
12.2790 	EXP 	window1: recordFrameIntervals = True
12.4480 	DATA 	Mouse: Left button down, pos=(822,670)
12.4608 	EXP 	window1: recordFrameIntervals = False
12.9814 	EXP 	Created instruction_text = TextStim(__class__=<class 'psychopy.visual.text.TextStim'>, alignHoriz='center', alignVert='center', antialias=True, autoLog=True, bold=False, color='white', colorSpace='named', contrast=1.0, depth=0.0, flipHoriz=False, flipVert=False, font='Arial', fontFiles=[], height=0.05, italic=False, languageStyle='LTR', name='instruction_text', opacity=1.0, ori=0, pos=array([0., 0.]), rgb=array([255., 255., 255.]), text=str(...), units='height', win=Window(...), wrapWidth=1)
12.9970 	EXP 	Created text_2 = TextStim(__class__=<class 'psychopy.visual.text.TextStim'>, alignHoriz='center', alignVert='center', antialias=True, autoLog=True, bold=False, color='white', colorSpace='named', contrast=1.0, depth=-2.0, flipHoriz=False, flipVert=False, font='Arial', fontFiles=[], height=0.05, italic=False, languageStyle='LTR', name='text_2', opacity=1.0, ori=0, pos=array([ 0.  , -0.45]), rgb=array([255., 255., 255.]), text='Click here to continue.', units='height', win=Window(...), wrapWidth=1)
13.0100 	EXP 	Created text = TextStim(__class__=<class 'psychopy.visual.text.TextStim'>, alignHoriz='center', alignVert='center', antialias=True, autoLog=True, bold=False, color='white', colorSpace='named', contrast=1.0, depth=0.0, flipHoriz=False, flipVert=False, font='Arial', fontFiles=[], height=0.05, italic=False, languageStyle='LTR', name='text', opacity=1.0, ori=0, pos=array([0., 0.]), rgb=array([255., 255., 255.]), text='Here is a video example.', units='height', win=Window(...), wrapWidth=1)
13.0901 	EXP 	Created one = ImageStim(__class__=<class 'psychopy.visual.image.ImageStim'>, autoLog=True, color=array([1., 1., 1.]), colorSpace='rgb', contrast=1.0, depth=0.0, flipHoriz=False, flipVert=False, image=str(...), interpolate=True, mask=None, maskParams=None, name='one', opacity=1.0, ori=0.0, pos=array([-0.7,  0.3]), size=array([0.22, 0.22]), texRes=128, units='height', win=Window(...))
13.1829 	EXP 	Created two = ImageStim(__class__=<class 'psychopy.visual.image.ImageStim'>, autoLog=True, color=array([1., 1., 1.]), colorSpace='rgb', contrast=1.0, depth=-2.0, flipHoriz=False, flipVert=False, image=str(...), interpolate=True, mask=None, maskParams=None, name='two', opacity=1.0, ori=0.0, pos=array([-0.45,  0.3 ]), size=array([0.22, 0.22]), texRes=128, units='height', win=Window(...))
13.2628 	EXP 	Created three = ImageStim(__class__=<class 'psychopy.visual.image.ImageStim'>, autoLog=True, color=array([1., 1., 1.]), colorSpace='rgb', contrast=1.0, depth=-3.0, flipHoriz=False, flipVert=False, image=str(...), interpolate=True, mask=None, maskParams=None, name='three', opacity=1.0, ori=0.0, pos=array([-0.2,  0.3]), size=array([0.22, 0.22]), texRes=128, units='height', win=Window(...))
13.3251 	EXP 	Created seven = ImageStim(__class__=<class 'psychopy.visual.image.ImageStim'>, autoLog=True, color=array([1., 1., 1.]), colorSpace='rgb', contrast=1.0, depth=-4.0, flipHoriz=False, flipVert=False, image=str(...), interpolate=True, mask=None, maskParams=None, name='seven', opacity=1.0, ori=0.0, pos=array([-0.7, -0.3]), size=array([0.22, 0.22]), texRes=128, units='height', win=Window(...))
13.3935 	EXP 	Created eight = ImageStim(__class__=<class 'psychopy.visual.image.ImageStim'>, autoLog=True, color=array([1., 1., 1.]), colorSpace='rgb', contrast=1.0, depth=-5.0, flipHoriz=False, flipVert=False, image=str(...), interpolate=True, mask=None, maskParams=None, name='eight', opacity=1.0, ori=0.0, pos=array([-0.45, -0.3 ]), size=array([0.22, 0.22]), texRes=128, units='height', win=Window(...))
13.4631 	EXP 	Created nine = ImageStim(__class__=<class 'psychopy.visual.image.ImageStim'>, autoLog=True, color=array([1., 1., 1.]), colorSpace='rgb', contrast=1.0, depth=-6.0, flipHoriz=False, flipVert=False, image=str(...), interpolate=True, mask=None, maskParams=None, name='nine', opacity=1.0, ori=0.0, pos=array([-0.2, -0.3]), size=array([0.22, 0.22]), texRes=128, units='height', win=Window(...))
13.5520 	EXP 	Created four = ImageStim(__class__=<class 'psychopy.visual.image.ImageStim'>, autoLog=True, color=array([1., 1., 1.]), colorSpace='rgb', contrast=1.0, depth=-7.0, flipHoriz=False, flipVert=False, image=str(...), interpolate=True, mask=None, maskParams=None, name='four', opacity=1.0, ori=0.0, pos=array([0.2, 0.3]), size=array([0.22, 0.22]), texRes=128, units='height', win=Window(...))
13.6061 	EXP 	Created five = ImageStim(__class__=<class 'psychopy.visual.image.ImageStim'>, autoLog=True, color=array([1., 1., 1.]), colorSpace='rgb', contrast=1.0, depth=-8.0, flipHoriz=False, flipVert=False, image=str(...), interpolate=True, mask=None, maskParams=None, name='five', opacity=1.0, ori=0.0, pos=array([0.45, 0.3 ]), size=array([0.22, 0.22]), texRes=128, units='height', win=Window(...))
13.7071 	EXP 	Created six = ImageStim(__class__=<class 'psychopy.visual.image.ImageStim'>, autoLog=True, color=array([1., 1., 1.]), colorSpace='rgb', contrast=1.0, depth=-9.0, flipHoriz=False, flipVert=False, image=str(...), interpolate=True, mask=None, maskParams=None, name='six', opacity=1.0, ori=0.0, pos=array([0.7, 0.3]), size=array([0.22, 0.22]), texRes=128, units='height', win=Window(...))
13.7764 	EXP 	Created ten = ImageStim(__class__=<class 'psychopy.visual.image.ImageStim'>, autoLog=True, color=array([1., 1., 1.]), colorSpace='rgb', contrast=1.0, depth=-10.0, flipHoriz=False, flipVert=False, image=str(...), interpolate=True, mask=None, maskParams=None, name='ten', opacity=1.0, ori=0.0, pos=array([ 0.2, -0.3]), size=array([0.22, 0.22]), texRes=128, units='height', win=Window(...))
13.8660 	EXP 	Created eleven = ImageStim(__class__=<class 'psychopy.visual.image.ImageStim'>, autoLog=True, color=array([1., 1., 1.]), colorSpace='rgb', contrast=1.0, depth=-11.0, flipHoriz=False, flipVert=False, image=str(...), interpolate=True, mask=None, maskParams=None, name='eleven', opacity=1.0, ori=0.0, pos=array([ 0.45, -0.3 ]), size=array([0.22, 0.22]), texRes=128, units='height', win=Window(...))
13.9566 	EXP 	Created twelve = ImageStim(__class__=<class 'psychopy.visual.image.ImageStim'>, autoLog=True, color=array([1., 1., 1.]), colorSpace='rgb', contrast=1.0, depth=-12.0, flipHoriz=False, flipVert=False, image=str(...), interpolate=True, mask=None, maskParams=None, name='twelve', opacity=1.0, ori=0.0, pos=array([ 0.7, -0.3]), size=array([0.22, 0.22]), texRes=128, units='height', win=Window(...))
13.9698 	EXP 	Created continue_text = TextStim(__class__=<class 'psychopy.visual.text.TextStim'>, alignHoriz='center', alignVert='center', antialias=True, autoLog=True, bold=False, color='white', colorSpace='named', contrast=1.0, depth=0.0, flipHoriz=False, flipVert=False, font='Arial', fontFiles=[], height=0.001, italic=False, languageStyle='LTR', name='continue_text', opacity=0.0, ori=0, pos=array([1.5, 1.5]), rgb=array([255., 255., 255.]), text='Continue', units='height', win=Window(...), wrapWidth=1)
14.0379 	EXP 	Created gram01 = ImageStim(__class__=<class 'psychopy.visual.image.ImageStim'>, autoLog=True, color=array([1., 1., 1.]), colorSpace='rgb', contrast=1.0, depth=-14.0, flipHoriz=False, flipVert=False, image=str(...), interpolate=True, mask=None, maskParams=None, name='gram01', opacity=1.0, ori=0.0, pos=array([0.5, 0.5]), size=array([0.22, 0.22]), texRes=128, units='height', win=Window(...))
14.0742 	EXP 	instruction_text: autoDraw = True
14.0742 	EXP 	text_2: autoDraw = True
14.7176 	DATA 	Mouse:  Left button up, pos=(897,64)
15.4127 	DATA 	Mouse: Left button down, pos=(883,51)
15.4400 	EXP 	instruction_text: autoDraw = False
15.4400 	EXP 	text_2: autoDraw = False
15.4400 	EXP 	text: autoDraw = True
15.4989 	DATA 	Mouse:  Left button up, pos=(883,51)
15.9662 	DATA 	Mouse: Left button down, pos=(1070,477)
16.6219 	DATA 	Mouse:  Left button up, pos=(1070,477)
16.6230 	DATA 	Mouse: Left button down, pos=(991,518)
16.6352 	EXP 	text: autoDraw = False
16.6352 	EXP 	one: autoDraw = True
16.6352 	EXP 	two: autoDraw = True
16.6352 	EXP 	three: autoDraw = True
16.6352 	EXP 	seven: autoDraw = True
16.6352 	EXP 	eight: autoDraw = True
16.6352 	EXP 	nine: autoDraw = True
16.6352 	EXP 	four: autoDraw = True
16.6352 	EXP 	five: autoDraw = True
16.6352 	EXP 	six: autoDraw = True
16.6352 	EXP 	ten: autoDraw = True
16.6352 	EXP 	eleven: autoDraw = True
16.6352 	EXP 	twelve: autoDraw = True
16.6352 	EXP 	gram01: autoDraw = True
16.6495 	DATA 	Mouse:  Left button up, pos=(991,518)
17.7061 	DATA 	Mouse: Left button down, pos=(1529,1028)
17.7497 	EXP 	gram01: pos = array([0.52685185, 0.45185185])
17.7656 	EXP 	gram01: pos = array([0.52685185, 0.45185185])
17.7835 	EXP 	gram01: pos = array([0.52685185, 0.45185185])
17.7989 	EXP 	gram01: pos = array([0.52685185, 0.45185185])
17.8154 	EXP 	gram01: pos = array([0.52685185, 0.45185185])
17.8324 	EXP 	gram01: pos = array([0.52685185, 0.45185185])
17.8489 	EXP 	gram01: pos = array([0.52685185, 0.45185185])
17.8655 	EXP 	gram01: pos = array([0.52685185, 0.45185185])
17.8823 	EXP 	gram01: pos = array([0.52592593, 0.44722222])
17.8989 	EXP 	gram01: pos = array([0.52222222, 0.42962963])
17.9157 	EXP 	gram01: pos = array([0.51666667, 0.41018519])
17.9325 	EXP 	gram01: pos = array([0.51296296, 0.39074074])
17.9503 	EXP 	gram01: pos = array([0.51018519, 0.37685185])
17.9663 	EXP 	gram01: pos = array([0.50648148, 0.35833333])
17.9828 	EXP 	gram01: pos = array([0.50555556, 0.34907407])
17.9996 	EXP 	gram01: pos = array([0.50462963, 0.34166667])
18.0165 	EXP 	gram01: pos = array([0.5037037 , 0.33333333])
18.0334 	EXP 	gram01: pos = array([0.50277778, 0.3287037 ])
18.0504 	EXP 	gram01: pos = array([0.5       , 0.32314815])
18.0661 	EXP 	gram01: pos = array([0.49814815, 0.31481481])
18.0834 	EXP 	gram01: pos = array([0.4962963 , 0.30833333])
18.1008 	EXP 	gram01: pos = array([0.49444444, 0.3037037 ])
18.1176 	EXP 	gram01: pos = array([0.49259259, 0.29907407])
18.1371 	EXP 	gram01: pos = array([0.49166667, 0.29814815])
18.1636 	EXP 	gram01: pos = array([0.49074074, 0.2962963 ])
18.1826 	EXP 	gram01: pos = array([0.48981481, 0.29537037])
18.1994 	EXP 	gram01: pos = array([0.48888889, 0.29537037])
18.2160 	EXP 	gram01: pos = array([0.48796296, 0.29537037])
18.2325 	EXP 	gram01: pos = array([0.48703704, 0.29537037])
18.2495 	EXP 	gram01: pos = array([0.48703704, 0.29537037])
18.2662 	EXP 	gram01: pos = array([0.48703704, 0.29537037])
18.2858 	EXP 	gram01: pos = array([0.48703704, 0.2962963 ])
18.3075 	EXP 	gram01: pos = array([0.48703704, 0.29722222])
18.3268 	EXP 	gram01: pos = array([0.48611111, 0.29722222])
18.3572 	EXP 	gram01: pos = array([0.48611111, 0.29907407])
18.3874 	EXP 	gram01: pos = array([0.48611111, 0.30092593])
18.4091 	EXP 	gram01: pos = array([0.48611111, 0.30185185])
18.4339 	EXP 	gram01: pos = array([0.48611111, 0.30277778])
18.4626 	EXP 	gram01: pos = array([0.48518519, 0.30462963])
18.4831 	EXP 	gram01: pos = array([0.48425926, 0.30462963])
18.4996 	EXP 	gram01: pos = array([0.48425926, 0.30555556])
18.5164 	EXP 	gram01: pos = array([0.48240741, 0.30648148])
18.5344 	EXP 	gram01: pos = array([0.48148148, 0.30740741])
18.5512 	EXP 	gram01: pos = array([0.48055556, 0.30740741])
18.5665 	EXP 	gram01: pos = array([0.47962963, 0.30740741])
18.5871 	EXP 	gram01: pos = array([0.47962963, 0.30833333])
18.6037 	EXP 	gram01: pos = array([0.4787037 , 0.30833333])
18.6216 	EXP 	gram01: pos = array([0.47777778, 0.30833333])
18.6397 	EXP 	gram01: pos = array([0.47685185, 0.30833333])
18.6581 	EXP 	gram01: pos = array([0.47592593, 0.30833333])
18.6842 	EXP 	gram01: pos = array([0.475     , 0.30833333])
18.7062 	EXP 	gram01: pos = array([0.47407407, 0.30833333])
18.7299 	EXP 	gram01: pos = array([0.47314815, 0.30833333])
18.7585 	EXP 	gram01: pos = array([0.47222222, 0.30740741])
18.7835 	EXP 	gram01: pos = array([0.47222222, 0.30740741])
18.8094 	EXP 	gram01: pos = array([0.47222222, 0.30648148])
18.8299 	EXP 	gram01: pos = array([0.47222222, 0.30648148])
18.8556 	EXP 	gram01: pos = array([0.47222222, 0.30555556])
18.8925 	EXP 	gram01: pos = array([0.47222222, 0.30555556])
18.9182 	EXP 	gram01: pos = array([0.47222222, 0.30462963])
18.9338 	EXP 	gram01: pos = array([0.47222222, 0.30462963])
18.9504 	EXP 	gram01: pos = array([0.47314815, 0.30462963])
18.9512 	DATA 	Mouse:  Left button up, pos=(1471,869)
19.5688 	DATA 	Mouse: Left button down, pos=(1450,854)
19.6008 	EXP 	gram01: pos = array([0.4537037 , 0.29074074])
19.6191 	EXP 	gram01: pos = array([0.4537037 , 0.29074074])
19.6359 	EXP 	gram01: pos = array([0.4537037 , 0.29074074])
19.6513 	EXP 	gram01: pos = array([0.4537037 , 0.29074074])
19.6694 	EXP 	gram01: pos = array([0.4537037 , 0.29074074])
19.6892 	EXP 	gram01: pos = array([0.4537037 , 0.29074074])
19.7102 	EXP 	gram01: pos = array([0.4537037 , 0.29074074])
19.7285 	EXP 	gram01: pos = array([0.4537037 , 0.29074074])
19.7498 	EXP 	gram01: pos = array([0.4537037 , 0.29074074])
19.7754 	EXP 	gram01: pos = array([0.39537037, 0.2462963 ])
19.8069 	EXP 	gram01: pos = array([0.3037037 , 0.18703704])
19.8291 	EXP 	gram01: pos = array([0.26574074, 0.15833333])
19.8536 	EXP 	gram01: pos = array([0.22037037, 0.12037037])
19.8766 	EXP 	gram01: pos = array([0.2       , 0.09907407])
19.8928 	EXP 	gram01: pos = array([0.18518519, 0.075     ])
19.9152 	EXP 	gram01: pos = array([0.18055556, 0.06851852])
19.9348 	EXP 	gram01: pos = array([0.16944444, 0.03703704])
19.9523 	EXP 	gram01: pos = array([ 0.16388889, -0.00925926])
19.9680 	EXP 	gram01: pos = array([ 0.16111111, -0.05555556])
19.9850 	EXP 	gram01: pos = array([ 0.16296296, -0.07962963])
20.0014 	EXP 	gram01: pos = array([ 0.16666667, -0.09907407])
20.0180 	EXP 	gram01: pos = array([ 0.17222222, -0.11574074])
20.0348 	EXP 	gram01: pos = array([ 0.18055556, -0.13148148])
20.0514 	EXP 	gram01: pos = array([ 0.19444444, -0.16481481])
20.0680 	EXP 	gram01: pos = array([ 0.2037037 , -0.18518519])
20.0853 	EXP 	gram01: pos = array([ 0.21203704, -0.20555556])
20.1011 	EXP 	gram01: pos = array([ 0.21574074, -0.21296296])
20.1192 	EXP 	gram01: pos = array([ 0.21851852, -0.21944444])
20.1393 	EXP 	gram01: pos = array([ 0.22314815, -0.23055556])
20.1546 	EXP 	gram01: pos = array([ 0.22407407, -0.23611111])
20.1704 	EXP 	gram01: pos = array([ 0.225     , -0.24351852])
20.1859 	EXP 	gram01: pos = array([ 0.22592593, -0.25462963])
20.2015 	EXP 	gram01: pos = array([ 0.22592593, -0.26203704])
20.2182 	EXP 	gram01: pos = array([ 0.22592593, -0.26944444])
20.2354 	EXP 	gram01: pos = array([ 0.22592593, -0.27685185])
20.2563 	EXP 	gram01: pos = array([ 0.22592593, -0.28148148])
20.2731 	EXP 	gram01: pos = array([ 0.22592593, -0.28981481])
20.2926 	EXP 	gram01: pos = array([ 0.22592593, -0.29444444])
20.3173 	EXP 	gram01: pos = array([ 0.22592593, -0.30185185])
20.3348 	EXP 	gram01: pos = array([ 0.22592593, -0.31018519])
20.3520 	EXP 	gram01: pos = array([ 0.22592593, -0.31388889])
20.3685 	EXP 	gram01: pos = array([ 0.225     , -0.31759259])
20.3886 	EXP 	gram01: pos = array([ 0.225     , -0.32314815])
20.4122 	EXP 	gram01: pos = array([ 0.225     , -0.32685185])
20.4456 	EXP 	gram01: pos = array([ 0.22314815, -0.33240741])
20.4786 	EXP 	gram01: pos = array([ 0.22222222, -0.33888889])
20.5065 	EXP 	gram01: pos = array([ 0.2212963, -0.3462963])
20.5285 	EXP 	gram01: pos = array([ 0.22037037, -0.35092593])
20.5659 	EXP 	gram01: pos = array([ 0.21944444, -0.35648148])
20.6010 	EXP 	gram01: pos = array([ 0.21666667, -0.36388889])
20.6188 	EXP 	gram01: pos = array([ 0.21574074, -0.36574074])
20.6357 	EXP 	gram01: pos = array([ 0.21574074, -0.36944444])
20.6519 	EXP 	gram01: pos = array([ 0.21481481, -0.37037037])
20.6687 	EXP 	gram01: pos = array([ 0.21388889, -0.37314815])
20.6854 	EXP 	gram01: pos = array([ 0.21388889, -0.37407407])
20.7026 	EXP 	gram01: pos = array([ 0.21203704, -0.37592593])
20.7214 	EXP 	gram01: pos = array([ 0.2037037 , -0.37592593])
20.7439 	EXP 	gram01: pos = array([ 0.18425926, -0.36388889])
20.7786 	EXP 	gram01: pos = array([ 0.13055556, -0.33055556])
20.8092 	EXP 	gram01: pos = array([ 0.05833333, -0.28888889])
20.8360 	EXP 	gram01: pos = array([ 0.02685185, -0.27592593])
20.8664 	EXP 	gram01: pos = array([-0.00833333, -0.26574074])
20.8863 	EXP 	gram01: pos = array([-0.0287037 , -0.26203704])
20.9068 	EXP 	gram01: pos = array([-0.03888889, -0.26111111])
20.9230 	EXP 	gram01: pos = array([-0.04814815, -0.25925926])
20.9389 	EXP 	gram01: pos = array([-0.0537037 , -0.25740741])
20.9574 	EXP 	gram01: pos = array([-0.05740741, -0.25648148])
20.9752 	EXP 	gram01: pos = array([-0.06388889, -0.25555556])
20.9898 	EXP 	gram01: pos = array([-0.06851852, -0.25462963])
21.0043 	EXP 	gram01: pos = array([-0.075    , -0.2537037])
21.0198 	EXP 	gram01: pos = array([-0.0787037 , -0.25277778])
21.0374 	EXP 	gram01: pos = array([-0.08240741, -0.25185185])
21.0546 	EXP 	gram01: pos = array([-0.08888889, -0.25185185])
21.0700 	EXP 	gram01: pos = array([-0.09259259, -0.25185185])
21.0896 	EXP 	gram01: pos = array([-0.09537037, -0.25185185])
21.1050 	EXP 	gram01: pos = array([-0.09814815, -0.25185185])
21.1215 	EXP 	gram01: pos = array([-0.10185185, -0.25277778])
21.1500 	EXP 	gram01: pos = array([-0.10740741, -0.2537037 ])
21.1693 	EXP 	gram01: pos = array([-0.11481481, -0.25555556])
21.1859 	EXP 	gram01: pos = array([-0.12037037, -0.25648148])
21.2026 	EXP 	gram01: pos = array([-0.12407407, -0.25833333])
21.2192 	EXP 	gram01: pos = array([-0.12685185, -0.25925926])
21.2364 	EXP 	gram01: pos = array([-0.12962963, -0.26111111])
21.2607 	EXP 	gram01: pos = array([-0.13333333, -0.26203704])
21.2825 	EXP 	gram01: pos = array([-0.13888889, -0.26388889])
21.3123 	EXP 	gram01: pos = array([-0.14259259, -0.26481481])
21.3389 	EXP 	gram01: pos = array([-0.15092593, -0.26574074])
21.3608 	EXP 	gram01: pos = array([-0.15555556, -0.26759259])
21.3999 	EXP 	gram01: pos = array([-0.15740741, -0.26851852])
21.4262 	EXP 	gram01: pos = array([-0.16018519, -0.26944444])
21.4450 	EXP 	gram01: pos = array([-0.16111111, -0.26944444])
21.4676 	EXP 	gram01: pos = array([-0.16296296, -0.27037037])
21.4879 	EXP 	gram01: pos = array([-0.16388889, -0.27037037])
21.5169 	EXP 	gram01: pos = array([-0.16388889, -0.27037037])
21.5405 	EXP 	gram01: pos = array([-0.16388889, -0.27037037])
21.5594 	EXP 	gram01: pos = array([-0.16388889, -0.27037037])
21.5786 	EXP 	gram01: pos = array([-0.16296296, -0.27037037])
21.5813 	DATA 	Mouse:  Left button up, pos=(784,248)
22.0045 	DATA 	Mouse: Left button down, pos=(784,248)
22.0368 	EXP 	gram01: pos = array([-0.16296296, -0.27037037])
22.0546 	EXP 	gram01: pos = array([-0.16296296, -0.27037037])
22.0712 	EXP 	gram01: pos = array([-0.16296296, -0.27037037])
22.0926 	EXP 	gram01: pos = array([-0.16296296, -0.27037037])
22.1084 	EXP 	gram01: pos = array([-0.16296296, -0.27037037])
22.1313 	EXP 	gram01: pos = array([-0.17407407, -0.26851852])
22.1514 	EXP 	gram01: pos = array([-0.21944444, -0.26296296])
22.1746 	EXP 	gram01: pos = array([-0.2462963 , -0.26018519])
22.1994 	EXP 	gram01: pos = array([-0.27592593, -0.26018519])
22.2234 	EXP 	gram01: pos = array([-0.29166667, -0.26018519])
22.2389 	EXP 	gram01: pos = array([-0.30185185, -0.26018519])
22.2553 	EXP 	gram01: pos = array([-0.31666667, -0.26018519])
22.2705 	EXP 	gram01: pos = array([-0.32685185, -0.26018519])
22.2884 	EXP 	gram01: pos = array([-0.33703704, -0.26018519])
22.3066 	EXP 	gram01: pos = array([-0.35092593, -0.26018519])
22.3210 	EXP 	gram01: pos = array([-0.36018519, -0.26018519])
22.3374 	EXP 	gram01: pos = array([-0.36759259, -0.26018519])
22.3543 	EXP 	gram01: pos = array([-0.37592593, -0.26018519])
22.3721 	EXP 	gram01: pos = array([-0.38425926, -0.26018519])
22.3975 	EXP 	gram01: pos = array([-0.39814815, -0.26018519])
22.4358 	EXP 	gram01: pos = array([-0.40740741, -0.26018519])
22.4611 	EXP 	gram01: pos = array([-0.41296296, -0.26111111])
22.4859 	EXP 	gram01: pos = array([-0.41759259, -0.26203704])
22.5096 	EXP 	gram01: pos = array([-0.42222222, -0.26296296])
22.5395 	EXP 	gram01: pos = array([-0.43425926, -0.26574074])
22.5638 	EXP 	gram01: pos = array([-0.46203704, -0.2712963 ])
22.5906 	EXP 	gram01: pos = array([-0.48888889, -0.275     ])
22.6177 	EXP 	gram01: pos = array([-0.5212963 , -0.27777778])
22.6459 	EXP 	gram01: pos = array([-0.57962963, -0.27592593])
22.6681 	EXP 	gram01: pos = array([-0.59814815, -0.275     ])
22.6878 	EXP 	gram01: pos = array([-0.6287037 , -0.26759259])
22.7042 	EXP 	gram01: pos = array([-0.65092593, -0.26203704])
22.7210 	EXP 	gram01: pos = array([-0.66018519, -0.25740741])
22.7376 	EXP 	gram01: pos = array([-0.66851852, -0.25462963])
22.7549 	EXP 	gram01: pos = array([-0.67777778, -0.24907407])
22.7712 	EXP 	gram01: pos = array([-0.68240741, -0.24722222])
22.7878 	EXP 	gram01: pos = array([-0.68333333, -0.2462963 ])
22.8047 	EXP 	gram01: pos = array([-0.68611111, -0.24444444])
22.8250 	EXP 	gram01: pos = array([-0.68796296, -0.24259259])
22.8580 	EXP 	gram01: pos = array([-0.68796296, -0.23796296])
22.8842 	EXP 	gram01: pos = array([-0.69074074, -0.23148148])
22.9108 	EXP 	gram01: pos = array([-0.69166667, -0.21388889])
22.9318 	EXP 	gram01: pos = array([-0.69166667, -0.16759259])
22.9610 	EXP 	gram01: pos = array([-0.67962963, -0.10277778])
22.9834 	EXP 	gram01: pos = array([-0.66296296, -0.05092593])
23.0124 	EXP 	gram01: pos = array([-0.65185185, -0.02314815])
23.0338 	EXP 	gram01: pos = array([-0.63425926,  0.01481481])
23.0598 	EXP 	gram01: pos = array([-0.61481481,  0.04814815])
23.0841 	EXP 	gram01: pos = array([-0.60092593,  0.075     ])
23.1105 	EXP 	gram01: pos = array([-0.58796296,  0.09444444])
23.1420 	EXP 	gram01: pos = array([-0.5787037 ,  0.10462963])
23.1608 	EXP 	gram01: pos = array([-0.5787037 ,  0.10462963])
23.1756 	EXP 	gram01: pos = array([-0.57777778,  0.10555556])
23.1790 	DATA 	Mouse:  Left button up, pos=(336,654)
23.7116 	DATA 	Mouse: Left button down, pos=(286,639)
23.7571 	EXP 	gram01: pos = array([-0.62407407,  0.09166667])
23.7736 	EXP 	gram01: pos = array([-0.62407407,  0.09166667])
23.7895 	EXP 	gram01: pos = array([-0.62407407,  0.09166667])
23.8053 	EXP 	gram01: pos = array([-0.62407407,  0.09166667])
23.8223 	EXP 	gram01: pos = array([-0.62407407,  0.09166667])
23.8391 	EXP 	gram01: pos = array([-0.62407407,  0.09166667])
23.8564 	EXP 	gram01: pos = array([-0.62407407,  0.09166667])
23.8763 	EXP 	gram01: pos = array([-0.62407407,  0.09166667])
23.8976 	EXP 	gram01: pos = array([-0.62407407,  0.09166667])
23.9238 	EXP 	gram01: pos = array([-0.62407407,  0.09166667])
23.9557 	EXP 	gram01: pos = array([-0.59166667,  0.11851852])
23.9803 	EXP 	gram01: pos = array([-0.54722222,  0.16388889])
24.0031 	EXP 	gram01: pos = array([-0.51759259,  0.20185185])
24.0227 	EXP 	gram01: pos = array([-0.49814815,  0.23425926])
24.0414 	EXP 	gram01: pos = array([-0.49166667,  0.25      ])
24.0589 	EXP 	gram01: pos = array([-0.48148148,  0.26944444])
24.0756 	EXP 	gram01: pos = array([-0.475     ,  0.28055556])
24.0934 	EXP 	gram01: pos = array([-0.47037037,  0.29351852])
24.1199 	EXP 	gram01: pos = array([-0.46851852,  0.3       ])
24.1393 	EXP 	gram01: pos = array([-0.46481481,  0.31018519])
24.1570 	EXP 	gram01: pos = array([-0.46481481,  0.31203704])
24.1733 	EXP 	gram01: pos = array([-0.46481481,  0.31296296])
24.1902 	EXP 	gram01: pos = array([-0.46481481,  0.31296296])
24.2077 	EXP 	gram01: pos = array([-0.46481481,  0.31296296])
24.2255 	EXP 	gram01: pos = array([-0.46481481,  0.31296296])
24.2424 	EXP 	gram01: pos = array([-0.46481481,  0.31296296])
24.2593 	EXP 	gram01: pos = array([-0.46481481,  0.31296296])
24.2762 	EXP 	gram01: pos = array([-0.46481481,  0.31296296])
24.2913 	EXP 	gram01: pos = array([-0.46481481,  0.31296296])
24.3058 	EXP 	gram01: pos = array([-0.46481481,  0.31296296])
24.3230 	EXP 	gram01: pos = array([-0.46481481,  0.31296296])
24.3395 	EXP 	gram01: pos = array([-0.46481481,  0.31296296])
24.3565 	EXP 	gram01: pos = array([-0.46481481,  0.31296296])
24.3740 	EXP 	gram01: pos = array([-0.46481481,  0.31296296])
24.3904 	EXP 	gram01: pos = array([-0.46388889,  0.31296296])
24.4063 	EXP 	gram01: pos = array([-0.46296296,  0.31296296])
24.4253 	EXP 	gram01: pos = array([-0.46296296,  0.31296296])
24.4449 	EXP 	gram01: pos = array([-0.46111111,  0.31296296])
24.4818 	EXP 	gram01: pos = array([-0.46018519,  0.31203704])
24.5042 	EXP 	gram01: pos = array([-0.45925926,  0.31018519])
24.5260 	EXP 	gram01: pos = array([-0.45648148,  0.30740741])
24.5452 	EXP 	gram01: pos = array([-0.45462963,  0.30555556])
24.5643 	EXP 	gram01: pos = array([-0.45185185,  0.30185185])
24.5872 	EXP 	gram01: pos = array([-0.45,  0.3 ])
24.6065 	EXP 	gram01: pos = array([-0.4462963 ,  0.29814815])
24.6239 	EXP 	gram01: pos = array([-0.44537037,  0.2962963 ])
24.6414 	EXP 	gram01: pos = array([-0.44444444,  0.29537037])
24.6576 	EXP 	gram01: pos = array([-0.44259259,  0.29351852])
24.6770 	EXP 	gram01: pos = array([-0.44166667,  0.29351852])
24.7046 	EXP 	gram01: pos = array([-0.44074074,  0.29351852])
24.7269 	EXP 	gram01: pos = array([-0.43981481,  0.29351852])
24.7446 	EXP 	gram01: pos = array([-0.43981481,  0.29351852])
24.7650 	EXP 	gram01: pos = array([-0.43981481,  0.29351852])
24.7878 	EXP 	gram01: pos = array([-0.43981481,  0.29351852])
24.8070 	EXP 	gram01: pos = array([-0.43981481,  0.29351852])
24.8260 	EXP 	gram01: pos = array([-0.43888889,  0.29351852])
24.8431 	EXP 	gram01: pos = array([-0.43796296,  0.29351852])
24.8715 	EXP 	gram01: pos = array([-0.43703704,  0.29351852])
24.8957 	EXP 	gram01: pos = array([-0.43240741,  0.29166667])
24.9159 	EXP 	gram01: pos = array([-0.41111111,  0.28518519])
24.9376 	EXP 	gram01: pos = array([-0.30833333,  0.23888889])
25.4236 	DATA 	Mouse:  Left button up, pos=(1629,355)
26.0762 	DATA 	Mouse: Left button down, pos=(583,787)
26.1229 	EXP 	gram01: pos = array([-0.34907407,  0.2287037 ])
26.1517 	EXP 	gram01: pos = array([-0.34907407,  0.2287037 ])
26.1877 	EXP 	gram01: pos = array([-0.34907407,  0.2287037 ])
26.2152 	EXP 	gram01: pos = array([-0.34907407,  0.2287037 ])
26.2424 	EXP 	gram01: pos = array([-0.34907407,  0.2287037 ])
26.2667 	EXP 	gram01: pos = array([-0.31481481,  0.20555556])
26.2891 	EXP 	gram01: pos = array([-0.28611111,  0.19074074])
26.3084 	EXP 	gram01: pos = array([-0.24259259,  0.16944444])
26.3252 	EXP 	gram01: pos = array([-0.21759259,  0.15925926])
26.3429 	EXP 	gram01: pos = array([-0.17962963,  0.14351852])
26.3585 	EXP 	gram01: pos = array([-0.14814815,  0.13148148])
26.3773 	EXP 	gram01: pos = array([-0.11296296,  0.1212963 ])
26.3957 	EXP 	gram01: pos = array([-0.03796296,  0.09722222])
26.4127 	EXP 	gram01: pos = array([-0.00555556,  0.08518519])
26.4298 	EXP 	gram01: pos = array([0.02777778, 0.07314815])
26.4483 	EXP 	gram01: pos = array([0.04814815, 0.06759259])
26.4726 	EXP 	gram01: pos = array([0.06481481, 0.06203704])
26.4925 	EXP 	gram01: pos = array([0.09444444, 0.05462963])
26.5138 	EXP 	gram01: pos = array([0.125    , 0.0462963])
26.5375 	EXP 	gram01: pos = array([0.15462963, 0.03796296])
26.5704 	EXP 	gram01: pos = array([0.18888889, 0.02685185])
26.6069 	EXP 	gram01: pos = array([0.23888889, 0.01018519])
26.6319 	EXP 	gram01: pos = array([ 0.29074074, -0.00462963])
26.6616 	EXP 	gram01: pos = array([ 0.32685185, -0.01574074])
26.6888 	EXP 	gram01: pos = array([ 0.34814815, -0.0212963 ])
26.7092 	EXP 	gram01: pos = array([ 0.35555556, -0.025     ])
26.7256 	EXP 	gram01: pos = array([ 0.36203704, -0.02592593])
26.7422 	EXP 	gram01: pos = array([ 0.36481481, -0.02685185])
26.7587 	EXP 	gram01: pos = array([ 0.36574074, -0.02685185])
26.7753 	EXP 	gram01: pos = array([ 0.36759259, -0.02685185])
26.7926 	EXP 	gram01: pos = array([ 0.36851852, -0.02685185])
26.8089 	EXP 	gram01: pos = array([ 0.36944444, -0.02685185])
26.8255 	EXP 	gram01: pos = array([ 0.37037037, -0.02685185])
26.8425 	EXP 	gram01: pos = array([ 0.37037037, -0.02685185])
26.8612 	EXP 	gram01: pos = array([ 0.37037037, -0.02685185])
26.8947 	EXP 	gram01: pos = array([ 0.37037037, -0.02685185])
26.9061 	DATA 	Mouse:  Left button up, pos=(1356,515)
27.6552 	DATA 	Mouse: Left button down, pos=(551,823)
27.7171 	EXP 	two: pos = array([-0.3787037 ,  0.26203704])
27.7390 	EXP 	two: pos = array([-0.3787037 ,  0.26203704])
27.7731 	EXP 	two: pos = array([-0.3787037 ,  0.26203704])
27.8005 	EXP 	two: pos = array([-0.3787037 ,  0.26203704])
27.8338 	EXP 	two: pos = array([-0.28981481,  0.23981481])
28.5066 	EXP 	two: pos = array([-0.37037037,  0.24907407])
28.5400 	EXP 	two: pos = array([-0.39907407,  0.25925926])
28.5695 	EXP 	two: pos = array([-0.40092593,  0.25925926])
28.5953 	EXP 	two: pos = array([-0.40092593,  0.25925926])
28.6130 	EXP 	two: pos = array([-0.40185185,  0.25925926])
28.6308 	EXP 	two: pos = array([-0.40277778,  0.25925926])
28.6510 	EXP 	two: pos = array([-0.40277778,  0.25925926])
28.6752 	EXP 	two: pos = array([-0.40277778,  0.25833333])
28.6944 	EXP 	two: pos = array([-0.40185185,  0.25740741])
28.7114 	EXP 	two: pos = array([-0.39907407,  0.25555556])
28.7328 	EXP 	two: pos = array([-0.39537037,  0.25277778])
28.7683 	EXP 	two: pos = array([-0.38611111,  0.2462963 ])
28.7980 	EXP 	two: pos = array([-0.34907407,  0.21481481])
28.8263 	EXP 	two: pos = array([-0.26666667,  0.14259259])
28.9678 	EXP 	gram01: pos = array([ 0.31574074, -0.09444444])
28.9923 	EXP 	gram01: pos = array([ 0.38055556, -0.11111111])
29.0118 	EXP 	gram01: pos = array([ 0.43981481, -0.12777778])
29.0279 	EXP 	gram01: pos = array([ 0.49074074, -0.14166667])
29.0455 	EXP 	gram01: pos = array([ 0.51574074, -0.14907407])
29.0623 	EXP 	gram01: pos = array([ 0.54722222, -0.16018519])
29.0793 	EXP 	gram01: pos = array([ 0.56111111, -0.16388889])
29.0957 	EXP 	gram01: pos = array([ 0.575     , -0.16944444])
29.1123 	EXP 	gram01: pos = array([ 0.58425926, -0.17222222])
29.1293 	EXP 	gram01: pos = array([ 0.59722222, -0.17592593])
29.1502 	EXP 	gram01: pos = array([ 0.60648148, -0.1787037 ])
29.1765 	EXP 	gram01: pos = array([ 0.61018519, -0.18055556])
29.1949 	EXP 	gram01: pos = array([ 0.61203704, -0.18055556])
29.2115 	EXP 	gram01: pos = array([ 0.61203704, -0.18055556])
29.2284 	EXP 	gram01: pos = array([ 0.61203704, -0.18055556])
29.2451 	EXP 	gram01: pos = array([ 0.61203704, -0.18055556])
29.2642 	EXP 	gram01: pos = array([ 0.61203704, -0.17962963])
29.2816 	EXP 	gram01: pos = array([ 0.61018519, -0.17777778])
29.2969 	EXP 	gram01: pos = array([ 0.60648148, -0.17314815])
29.3123 	EXP 	gram01: pos = array([ 0.60092593, -0.16666667])
29.3284 	EXP 	gram01: pos = array([ 0.59814815, -0.16481481])
29.3467 	EXP 	gram01: pos = array([ 0.59444444, -0.16018519])
29.3640 	EXP 	gram01: pos = array([ 0.54444444, -0.11111111])
29.3841 	EXP 	gram01: pos = array([ 0.49537037, -0.06574074])
29.4082 	EXP 	gram01: pos = array([ 0.45740741, -0.03055556])
29.4353 	EXP 	gram01: pos = array([ 0.43333333, -0.01944444])
29.4576 	EXP 	gram01: pos = array([ 0.40925926, -0.00462963])
29.4819 	EXP 	gram01: pos = array([0.39166667, 0.00555556])
29.5012 	EXP 	gram01: pos = array([0.36759259, 0.02222222])
29.5238 	EXP 	gram01: pos = array([0.33148148, 0.0462963 ])
29.5422 	EXP 	gram01: pos = array([0.3       , 0.06666667])
29.5672 	EXP 	gram01: pos = array([0.28425926, 0.07685185])
29.5845 	EXP 	gram01: pos = array([0.27962963, 0.0787037 ])
29.6030 	EXP 	gram01: pos = array([0.27777778, 0.07962963])
29.6190 	DATA 	Mouse:  Left button up, pos=(1259,626)
29.6265 	EXP 	gram01: pos = array([0.27685185, 0.07962963])
30.2332 	DATA 	Mouse: Left button down, pos=(730,684)
30.2801 	EXP 	two: pos = array([-0.21296296,  0.13333333])
30.2961 	EXP 	two: pos = array([-0.21296296,  0.13333333])
30.3127 	EXP 	two: pos = array([-0.21296296,  0.13333333])
30.3296 	EXP 	two: pos = array([-0.21296296,  0.13333333])
30.3467 	EXP 	two: pos = array([-0.21296296,  0.13333333])
30.3667 	EXP 	two: pos = array([-0.19722222,  0.11296296])
30.3903 	EXP 	two: pos = array([-0.17685185,  0.08888889])
30.4145 	EXP 	two: pos = array([-0.14074074,  0.04814815])
30.4348 	EXP 	two: pos = array([-0.125     ,  0.03611111])
30.4521 	EXP 	two: pos = array([-0.09351852,  0.01666667])
30.4730 	EXP 	two: pos = array([-0.07314815,  0.00555556])
30.4962 	EXP 	two: pos = array([-0.02037037, -0.01574074])
30.5228 	EXP 	two: pos = array([ 0.025     , -0.02777778])
30.5467 	EXP 	two: pos = array([ 0.10185185, -0.03333333])
30.5746 	EXP 	two: pos = array([ 0.19259259, -0.03333333])
30.5917 	EXP 	two: pos = array([ 0.25092593, -0.02962963])
30.6135 	EXP 	two: pos = array([ 0.28796296, -0.02962963])
30.6303 	EXP 	two: pos = array([ 0.35      , -0.03055556])
30.6475 	EXP 	two: pos = array([ 0.38981481, -0.03703704])
30.6641 	EXP 	two: pos = array([ 0.43796296, -0.04907407])
30.6835 	EXP 	two: pos = array([ 0.52037037, -0.07037037])
30.7003 	EXP 	two: pos = array([ 0.57407407, -0.08981481])
30.7224 	EXP 	two: pos = array([ 0.58796296, -0.10092593])
30.7443 	EXP 	two: pos = array([ 0.59814815, -0.10740741])
30.7650 	EXP 	two: pos = array([ 0.60555556, -0.11388889])
30.7911 	EXP 	two: pos = array([ 0.61574074, -0.12314815])
30.8235 	EXP 	two: pos = array([ 0.63888889, -0.14814815])
30.8541 	EXP 	two: pos = array([ 0.6537037 , -0.16759259])
30.8804 	EXP 	two: pos = array([ 0.66018519, -0.17962963])
30.9233 	EXP 	two: pos = array([ 0.66388889, -0.18888889])
30.9475 	EXP 	two: pos = array([ 0.66481481, -0.19444444])
30.9636 	EXP 	two: pos = array([ 0.66574074, -0.1962963 ])
30.9802 	EXP 	two: pos = array([ 0.66666667, -0.2       ])
30.9967 	EXP 	two: pos = array([ 0.66666667, -0.20277778])
31.0136 	EXP 	two: pos = array([ 0.66759259, -0.21296296])
31.0235 	EXP 	Created continue_text = TextStim(__class__=<class 'psychopy.visual.text.TextStim'>, alignHoriz='center', alignVert='center', antialias=True, autoLog=True, bold=False, color='white', colorSpace='named', contrast=1.0, depth=0.0, flipHoriz=False, flipVert=False, font='Arial', fontFiles=[], height=0.05, italic=False, languageStyle='LTR', name='continue_text', opacity=1.0, ori=0, pos=array([0., 0.]), rgb=array([255., 255., 255.]), text='Continue', units='height', win=Window(...), wrapWidth=1)
31.0363 	EXP 	two: pos = array([ 0.66759259, -0.22592593])
31.0363 	EXP 	continue_text: autoDraw = True
31.0498 	EXP 	Created continue_text = TextStim(__class__=<class 'psychopy.visual.text.TextStim'>, alignHoriz='center', alignVert='center', antialias=True, autoLog=True, bold=False, color='white', colorSpace='named', contrast=1.0, depth=0.0, flipHoriz=False, flipVert=False, font='Arial', fontFiles=[], height=0.05, italic=False, languageStyle='LTR', name='continue_text', opacity=1.0, ori=0, pos=array([0., 0.]), rgb=array([255., 255., 255.]), text='Continue', units='height', win=Window(...), wrapWidth=1)
31.0606 	EXP 	two: pos = array([ 0.66851852, -0.25      ])
31.0606 	EXP 	continue_text: autoDraw = True
31.0687 	EXP 	Created continue_text = TextStim(__class__=<class 'psychopy.visual.text.TextStim'>, alignHoriz='center', alignVert='center', antialias=True, autoLog=True, bold=False, color='white', colorSpace='named', contrast=1.0, depth=0.0, flipHoriz=False, flipVert=False, font='Arial', fontFiles=[], height=0.05, italic=False, languageStyle='LTR', name='continue_text', opacity=1.0, ori=0, pos=array([0., 0.]), rgb=array([255., 255., 255.]), text='Continue', units='height', win=Window(...), wrapWidth=1)
31.0824 	EXP 	two: pos = array([ 0.66851852, -0.25833333])
31.0824 	EXP 	continue_text: autoDraw = True
31.0914 	EXP 	Created continue_text = TextStim(__class__=<class 'psychopy.visual.text.TextStim'>, alignHoriz='center', alignVert='center', antialias=True, autoLog=True, bold=False, color='white', colorSpace='named', contrast=1.0, depth=0.0, flipHoriz=False, flipVert=False, font='Arial', fontFiles=[], height=0.05, italic=False, languageStyle='LTR', name='continue_text', opacity=1.0, ori=0, pos=array([0., 0.]), rgb=array([255., 255., 255.]), text='Continue', units='height', win=Window(...), wrapWidth=1)
31.1052 	EXP 	two: pos = array([ 0.66851852, -0.26851852])
31.1052 	EXP 	continue_text: autoDraw = True
31.1259 	EXP 	Created continue_text = TextStim(__class__=<class 'psychopy.visual.text.TextStim'>, alignHoriz='center', alignVert='center', antialias=True, autoLog=True, bold=False, color='white', colorSpace='named', contrast=1.0, depth=0.0, flipHoriz=False, flipVert=False, font='Arial', fontFiles=[], height=0.05, italic=False, languageStyle='LTR', name='continue_text', opacity=1.0, ori=0, pos=array([0., 0.]), rgb=array([255., 255., 255.]), text='Continue', units='height', win=Window(...), wrapWidth=1)
31.1492 	EXP 	two: pos = array([ 0.66851852, -0.27592593])
31.1492 	EXP 	continue_text: autoDraw = True
31.1683 	EXP 	Created continue_text = TextStim(__class__=<class 'psychopy.visual.text.TextStim'>, alignHoriz='center', alignVert='center', antialias=True, autoLog=True, bold=False, color='white', colorSpace='named', contrast=1.0, depth=0.0, flipHoriz=False, flipVert=False, font='Arial', fontFiles=[], height=0.05, italic=False, languageStyle='LTR', name='continue_text', opacity=1.0, ori=0, pos=array([0., 0.]), rgb=array([255., 255., 255.]), text='Continue', units='height', win=Window(...), wrapWidth=1)
31.1807 	EXP 	two: pos = array([ 0.66851852, -0.29074074])
31.1807 	EXP 	continue_text: autoDraw = True
31.1928 	EXP 	Created continue_text = TextStim(__class__=<class 'psychopy.visual.text.TextStim'>, alignHoriz='center', alignVert='center', antialias=True, autoLog=True, bold=False, color='white', colorSpace='named', contrast=1.0, depth=0.0, flipHoriz=False, flipVert=False, font='Arial', fontFiles=[], height=0.05, italic=False, languageStyle='LTR', name='continue_text', opacity=1.0, ori=0, pos=array([0., 0.]), rgb=array([255., 255., 255.]), text='Continue', units='height', win=Window(...), wrapWidth=1)
31.2053 	EXP 	two: pos = array([ 0.66851852, -0.29907407])
31.2053 	EXP 	continue_text: autoDraw = True
31.2222 	EXP 	Created continue_text = TextStim(__class__=<class 'psychopy.visual.text.TextStim'>, alignHoriz='center', alignVert='center', antialias=True, autoLog=True, bold=False, color='white', colorSpace='named', contrast=1.0, depth=0.0, flipHoriz=False, flipVert=False, font='Arial', fontFiles=[], height=0.05, italic=False, languageStyle='LTR', name='continue_text', opacity=1.0, ori=0, pos=array([0., 0.]), rgb=array([255., 255., 255.]), text='Continue', units='height', win=Window(...), wrapWidth=1)
31.2341 	EXP 	two: pos = array([ 0.66851852, -0.30462963])
31.2341 	EXP 	continue_text: autoDraw = True
31.2423 	EXP 	Created continue_text = TextStim(__class__=<class 'psychopy.visual.text.TextStim'>, alignHoriz='center', alignVert='center', antialias=True, autoLog=True, bold=False, color='white', colorSpace='named', contrast=1.0, depth=0.0, flipHoriz=False, flipVert=False, font='Arial', fontFiles=[], height=0.05, italic=False, languageStyle='LTR', name='continue_text', opacity=1.0, ori=0, pos=array([0., 0.]), rgb=array([255., 255., 255.]), text='Continue', units='height', win=Window(...), wrapWidth=1)
31.2553 	EXP 	two: pos = array([ 0.66851852, -0.31111111])
31.2553 	EXP 	continue_text: autoDraw = True
31.2661 	EXP 	Created continue_text = TextStim(__class__=<class 'psychopy.visual.text.TextStim'>, alignHoriz='center', alignVert='center', antialias=True, autoLog=True, bold=False, color='white', colorSpace='named', contrast=1.0, depth=0.0, flipHoriz=False, flipVert=False, font='Arial', fontFiles=[], height=0.05, italic=False, languageStyle='LTR', name='continue_text', opacity=1.0, ori=0, pos=array([0., 0.]), rgb=array([255., 255., 255.]), text='Continue', units='height', win=Window(...), wrapWidth=1)
31.2725 	DATA 	Mouse:  Left button up, pos=(1682,197)
31.2785 	EXP 	two: pos = array([ 0.66851852, -0.31574074])
31.2785 	EXP 	continue_text: autoDraw = True
31.2849 	EXP 	Created continue_text = TextStim(__class__=<class 'psychopy.visual.text.TextStim'>, alignHoriz='center', alignVert='center', antialias=True, autoLog=True, bold=False, color='white', colorSpace='named', contrast=1.0, depth=0.0, flipHoriz=False, flipVert=False, font='Arial', fontFiles=[], height=0.05, italic=False, languageStyle='LTR', name='continue_text', opacity=1.0, ori=0, pos=array([0., 0.]), rgb=array([255., 255., 255.]), text='Continue', units='height', win=Window(...), wrapWidth=1)
31.3007 	EXP 	continue_text: autoDraw = True
31.3087 	EXP 	Created continue_text = TextStim(__class__=<class 'psychopy.visual.text.TextStim'>, alignHoriz='center', alignVert='center', antialias=True, autoLog=True, bold=False, color='white', colorSpace='named', contrast=1.0, depth=0.0, flipHoriz=False, flipVert=False, font='Arial', fontFiles=[], height=0.05, italic=False, languageStyle='LTR', name='continue_text', opacity=1.0, ori=0, pos=array([0., 0.]), rgb=array([255., 255., 255.]), text='Continue', units='height', win=Window(...), wrapWidth=1)
31.3218 	EXP 	continue_text: autoDraw = True
31.3305 	EXP 	Created continue_text = TextStim(__class__=<class 'psychopy.visual.text.TextStim'>, alignHoriz='center', alignVert='center', antialias=True, autoLog=True, bold=False, color='white', colorSpace='named', contrast=1.0, depth=0.0, flipHoriz=False, flipVert=False, font='Arial', fontFiles=[], height=0.05, italic=False, languageStyle='LTR', name='continue_text', opacity=1.0, ori=0, pos=array([0., 0.]), rgb=array([255., 255., 255.]), text='Continue', units='height', win=Window(...), wrapWidth=1)
31.3449 	EXP 	continue_text: autoDraw = True
31.3527 	EXP 	Created continue_text = TextStim(__class__=<class 'psychopy.visual.text.TextStim'>, alignHoriz='center', alignVert='center', antialias=True, autoLog=True, bold=False, color='white', colorSpace='named', contrast=1.0, depth=0.0, flipHoriz=False, flipVert=False, font='Arial', fontFiles=[], height=0.05, italic=False, languageStyle='LTR', name='continue_text', opacity=1.0, ori=0, pos=array([0., 0.]), rgb=array([255., 255., 255.]), text='Continue', units='height', win=Window(...), wrapWidth=1)
31.3677 	EXP 	continue_text: autoDraw = True
31.3759 	EXP 	Created continue_text = TextStim(__class__=<class 'psychopy.visual.text.TextStim'>, alignHoriz='center', alignVert='center', antialias=True, autoLog=True, bold=False, color='white', colorSpace='named', contrast=1.0, depth=0.0, flipHoriz=False, flipVert=False, font='Arial', fontFiles=[], height=0.05, italic=False, languageStyle='LTR', name='continue_text', opacity=1.0, ori=0, pos=array([0., 0.]), rgb=array([255., 255., 255.]), text='Continue', units='height', win=Window(...), wrapWidth=1)
31.3907 	EXP 	continue_text: autoDraw = True
31.3988 	EXP 	Created continue_text = TextStim(__class__=<class 'psychopy.visual.text.TextStim'>, alignHoriz='center', alignVert='center', antialias=True, autoLog=True, bold=False, color='white', colorSpace='named', contrast=1.0, depth=0.0, flipHoriz=False, flipVert=False, font='Arial', fontFiles=[], height=0.05, italic=False, languageStyle='LTR', name='continue_text', opacity=1.0, ori=0, pos=array([0., 0.]), rgb=array([255., 255., 255.]), text='Continue', units='height', win=Window(...), wrapWidth=1)
31.4111 	EXP 	continue_text: autoDraw = True
31.4174 	EXP 	Created continue_text = TextStim(__class__=<class 'psychopy.visual.text.TextStim'>, alignHoriz='center', alignVert='center', antialias=True, autoLog=True, bold=False, color='white', colorSpace='named', contrast=1.0, depth=0.0, flipHoriz=False, flipVert=False, font='Arial', fontFiles=[], height=0.05, italic=False, languageStyle='LTR', name='continue_text', opacity=1.0, ori=0, pos=array([0., 0.]), rgb=array([255., 255., 255.]), text='Continue', units='height', win=Window(...), wrapWidth=1)
31.4338 	EXP 	continue_text: autoDraw = True
31.4413 	EXP 	Created continue_text = TextStim(__class__=<class 'psychopy.visual.text.TextStim'>, alignHoriz='center', alignVert='center', antialias=True, autoLog=True, bold=False, color='white', colorSpace='named', contrast=1.0, depth=0.0, flipHoriz=False, flipVert=False, font='Arial', fontFiles=[], height=0.05, italic=False, languageStyle='LTR', name='continue_text', opacity=1.0, ori=0, pos=array([0., 0.]), rgb=array([255., 255., 255.]), text='Continue', units='height', win=Window(...), wrapWidth=1)
31.4566 	EXP 	continue_text: autoDraw = True
31.4671 	EXP 	Created continue_text = TextStim(__class__=<class 'psychopy.visual.text.TextStim'>, alignHoriz='center', alignVert='center', antialias=True, autoLog=True, bold=False, color='white', colorSpace='named', contrast=1.0, depth=0.0, flipHoriz=False, flipVert=False, font='Arial', fontFiles=[], height=0.05, italic=False, languageStyle='LTR', name='continue_text', opacity=1.0, ori=0, pos=array([0., 0.]), rgb=array([255., 255., 255.]), text='Continue', units='height', win=Window(...), wrapWidth=1)
31.4803 	EXP 	continue_text: autoDraw = True
31.4865 	EXP 	Created continue_text = TextStim(__class__=<class 'psychopy.visual.text.TextStim'>, alignHoriz='center', alignVert='center', antialias=True, autoLog=True, bold=False, color='white', colorSpace='named', contrast=1.0, depth=0.0, flipHoriz=False, flipVert=False, font='Arial', fontFiles=[], height=0.05, italic=False, languageStyle='LTR', name='continue_text', opacity=1.0, ori=0, pos=array([0., 0.]), rgb=array([255., 255., 255.]), text='Continue', units='height', win=Window(...), wrapWidth=1)
31.5027 	EXP 	continue_text: autoDraw = True
31.5094 	EXP 	Created continue_text = TextStim(__class__=<class 'psychopy.visual.text.TextStim'>, alignHoriz='center', alignVert='center', antialias=True, autoLog=True, bold=False, color='white', colorSpace='named', contrast=1.0, depth=0.0, flipHoriz=False, flipVert=False, font='Arial', fontFiles=[], height=0.05, italic=False, languageStyle='LTR', name='continue_text', opacity=1.0, ori=0, pos=array([0., 0.]), rgb=array([255., 255., 255.]), text='Continue', units='height', win=Window(...), wrapWidth=1)
31.5248 	EXP 	continue_text: autoDraw = True
31.5330 	EXP 	Created continue_text = TextStim(__class__=<class 'psychopy.visual.text.TextStim'>, alignHoriz='center', alignVert='center', antialias=True, autoLog=True, bold=False, color='white', colorSpace='named', contrast=1.0, depth=0.0, flipHoriz=False, flipVert=False, font='Arial', fontFiles=[], height=0.05, italic=False, languageStyle='LTR', name='continue_text', opacity=1.0, ori=0, pos=array([0., 0.]), rgb=array([255., 255., 255.]), text='Continue', units='height', win=Window(...), wrapWidth=1)
31.5511 	EXP 	continue_text: autoDraw = True
31.5582 	EXP 	Created continue_text = TextStim(__class__=<class 'psychopy.visual.text.TextStim'>, alignHoriz='center', alignVert='center', antialias=True, autoLog=True, bold=False, color='white', colorSpace='named', contrast=1.0, depth=0.0, flipHoriz=False, flipVert=False, font='Arial', fontFiles=[], height=0.05, italic=False, languageStyle='LTR', name='continue_text', opacity=1.0, ori=0, pos=array([0., 0.]), rgb=array([255., 255., 255.]), text='Continue', units='height', win=Window(...), wrapWidth=1)
31.5733 	EXP 	continue_text: autoDraw = True
31.5822 	EXP 	Created continue_text = TextStim(__class__=<class 'psychopy.visual.text.TextStim'>, alignHoriz='center', alignVert='center', antialias=True, autoLog=True, bold=False, color='white', colorSpace='named', contrast=1.0, depth=0.0, flipHoriz=False, flipVert=False, font='Arial', fontFiles=[], height=0.05, italic=False, languageStyle='LTR', name='continue_text', opacity=1.0, ori=0, pos=array([0., 0.]), rgb=array([255., 255., 255.]), text='Continue', units='height', win=Window(...), wrapWidth=1)
31.5964 	EXP 	continue_text: autoDraw = True
31.6037 	EXP 	Created continue_text = TextStim(__class__=<class 'psychopy.visual.text.TextStim'>, alignHoriz='center', alignVert='center', antialias=True, autoLog=True, bold=False, color='white', colorSpace='named', contrast=1.0, depth=0.0, flipHoriz=False, flipVert=False, font='Arial', fontFiles=[], height=0.05, italic=False, languageStyle='LTR', name='continue_text', opacity=1.0, ori=0, pos=array([0., 0.]), rgb=array([255., 255., 255.]), text='Continue', units='height', win=Window(...), wrapWidth=1)
31.6205 	EXP 	continue_text: autoDraw = True
31.6277 	EXP 	Created continue_text = TextStim(__class__=<class 'psychopy.visual.text.TextStim'>, alignHoriz='center', alignVert='center', antialias=True, autoLog=True, bold=False, color='white', colorSpace='named', contrast=1.0, depth=0.0, flipHoriz=False, flipVert=False, font='Arial', fontFiles=[], height=0.05, italic=False, languageStyle='LTR', name='continue_text', opacity=1.0, ori=0, pos=array([0., 0.]), rgb=array([255., 255., 255.]), text='Continue', units='height', win=Window(...), wrapWidth=1)
31.6446 	EXP 	continue_text: autoDraw = True
31.6509 	EXP 	Created continue_text = TextStim(__class__=<class 'psychopy.visual.text.TextStim'>, alignHoriz='center', alignVert='center', antialias=True, autoLog=True, bold=False, color='white', colorSpace='named', contrast=1.0, depth=0.0, flipHoriz=False, flipVert=False, font='Arial', fontFiles=[], height=0.05, italic=False, languageStyle='LTR', name='continue_text', opacity=1.0, ori=0, pos=array([0., 0.]), rgb=array([255., 255., 255.]), text='Continue', units='height', win=Window(...), wrapWidth=1)
31.6696 	EXP 	continue_text: autoDraw = True
31.6785 	EXP 	Created continue_text = TextStim(__class__=<class 'psychopy.visual.text.TextStim'>, alignHoriz='center', alignVert='center', antialias=True, autoLog=True, bold=False, color='white', colorSpace='named', contrast=1.0, depth=0.0, flipHoriz=False, flipVert=False, font='Arial', fontFiles=[], height=0.05, italic=False, languageStyle='LTR', name='continue_text', opacity=1.0, ori=0, pos=array([0., 0.]), rgb=array([255., 255., 255.]), text='Continue', units='height', win=Window(...), wrapWidth=1)
31.6964 	EXP 	continue_text: autoDraw = True
31.7032 	EXP 	Created continue_text = TextStim(__class__=<class 'psychopy.visual.text.TextStim'>, alignHoriz='center', alignVert='center', antialias=True, autoLog=True, bold=False, color='white', colorSpace='named', contrast=1.0, depth=0.0, flipHoriz=False, flipVert=False, font='Arial', fontFiles=[], height=0.05, italic=False, languageStyle='LTR', name='continue_text', opacity=1.0, ori=0, pos=array([0., 0.]), rgb=array([255., 255., 255.]), text='Continue', units='height', win=Window(...), wrapWidth=1)
31.7251 	EXP 	continue_text: autoDraw = True
31.7332 	EXP 	Created continue_text = TextStim(__class__=<class 'psychopy.visual.text.TextStim'>, alignHoriz='center', alignVert='center', antialias=True, autoLog=True, bold=False, color='white', colorSpace='named', contrast=1.0, depth=0.0, flipHoriz=False, flipVert=False, font='Arial', fontFiles=[], height=0.05, italic=False, languageStyle='LTR', name='continue_text', opacity=1.0, ori=0, pos=array([0., 0.]), rgb=array([255., 255., 255.]), text='Continue', units='height', win=Window(...), wrapWidth=1)
31.7491 	EXP 	continue_text: autoDraw = True
31.7556 	EXP 	Created continue_text = TextStim(__class__=<class 'psychopy.visual.text.TextStim'>, alignHoriz='center', alignVert='center', antialias=True, autoLog=True, bold=False, color='white', colorSpace='named', contrast=1.0, depth=0.0, flipHoriz=False, flipVert=False, font='Arial', fontFiles=[], height=0.05, italic=False, languageStyle='LTR', name='continue_text', opacity=1.0, ori=0, pos=array([0., 0.]), rgb=array([255., 255., 255.]), text='Continue', units='height', win=Window(...), wrapWidth=1)
31.7750 	EXP 	continue_text: autoDraw = True
31.7828 	EXP 	Created continue_text = TextStim(__class__=<class 'psychopy.visual.text.TextStim'>, alignHoriz='center', alignVert='center', antialias=True, autoLog=True, bold=False, color='white', colorSpace='named', contrast=1.0, depth=0.0, flipHoriz=False, flipVert=False, font='Arial', fontFiles=[], height=0.05, italic=False, languageStyle='LTR', name='continue_text', opacity=1.0, ori=0, pos=array([0., 0.]), rgb=array([255., 255., 255.]), text='Continue', units='height', win=Window(...), wrapWidth=1)
31.8114 	EXP 	continue_text: autoDraw = True
31.8180 	EXP 	Created continue_text = TextStim(__class__=<class 'psychopy.visual.text.TextStim'>, alignHoriz='center', alignVert='center', antialias=True, autoLog=True, bold=False, color='white', colorSpace='named', contrast=1.0, depth=0.0, flipHoriz=False, flipVert=False, font='Arial', fontFiles=[], height=0.05, italic=False, languageStyle='LTR', name='continue_text', opacity=1.0, ori=0, pos=array([0., 0.]), rgb=array([255., 255., 255.]), text='Continue', units='height', win=Window(...), wrapWidth=1)
31.8358 	EXP 	continue_text: autoDraw = True
31.8423 	EXP 	Created continue_text = TextStim(__class__=<class 'psychopy.visual.text.TextStim'>, alignHoriz='center', alignVert='center', antialias=True, autoLog=True, bold=False, color='white', colorSpace='named', contrast=1.0, depth=0.0, flipHoriz=False, flipVert=False, font='Arial', fontFiles=[], height=0.05, italic=False, languageStyle='LTR', name='continue_text', opacity=1.0, ori=0, pos=array([0., 0.]), rgb=array([255., 255., 255.]), text='Continue', units='height', win=Window(...), wrapWidth=1)
31.8612 	EXP 	continue_text: autoDraw = True
31.8678 	EXP 	Created continue_text = TextStim(__class__=<class 'psychopy.visual.text.TextStim'>, alignHoriz='center', alignVert='center', antialias=True, autoLog=True, bold=False, color='white', colorSpace='named', contrast=1.0, depth=0.0, flipHoriz=False, flipVert=False, font='Arial', fontFiles=[], height=0.05, italic=False, languageStyle='LTR', name='continue_text', opacity=1.0, ori=0, pos=array([0., 0.]), rgb=array([255., 255., 255.]), text='Continue', units='height', win=Window(...), wrapWidth=1)
31.8881 	EXP 	continue_text: autoDraw = True
31.8958 	EXP 	Created continue_text = TextStim(__class__=<class 'psychopy.visual.text.TextStim'>, alignHoriz='center', alignVert='center', antialias=True, autoLog=True, bold=False, color='white', colorSpace='named', contrast=1.0, depth=0.0, flipHoriz=False, flipVert=False, font='Arial', fontFiles=[], height=0.05, italic=False, languageStyle='LTR', name='continue_text', opacity=1.0, ori=0, pos=array([0., 0.]), rgb=array([255., 255., 255.]), text='Continue', units='height', win=Window(...), wrapWidth=1)
31.9144 	EXP 	continue_text: autoDraw = True
31.9234 	EXP 	Created continue_text = TextStim(__class__=<class 'psychopy.visual.text.TextStim'>, alignHoriz='center', alignVert='center', antialias=True, autoLog=True, bold=False, color='white', colorSpace='named', contrast=1.0, depth=0.0, flipHoriz=False, flipVert=False, font='Arial', fontFiles=[], height=0.05, italic=False, languageStyle='LTR', name='continue_text', opacity=1.0, ori=0, pos=array([0., 0.]), rgb=array([255., 255., 255.]), text='Continue', units='height', win=Window(...), wrapWidth=1)
31.9440 	EXP 	continue_text: autoDraw = True
31.9512 	EXP 	Created continue_text = TextStim(__class__=<class 'psychopy.visual.text.TextStim'>, alignHoriz='center', alignVert='center', antialias=True, autoLog=True, bold=False, color='white', colorSpace='named', contrast=1.0, depth=0.0, flipHoriz=False, flipVert=False, font='Arial', fontFiles=[], height=0.05, italic=False, languageStyle='LTR', name='continue_text', opacity=1.0, ori=0, pos=array([0., 0.]), rgb=array([255., 255., 255.]), text='Continue', units='height', win=Window(...), wrapWidth=1)
31.9737 	EXP 	continue_text: autoDraw = True
31.9818 	EXP 	Created continue_text = TextStim(__class__=<class 'psychopy.visual.text.TextStim'>, alignHoriz='center', alignVert='center', antialias=True, autoLog=True, bold=False, color='white', colorSpace='named', contrast=1.0, depth=0.0, flipHoriz=False, flipVert=False, font='Arial', fontFiles=[], height=0.05, italic=False, languageStyle='LTR', name='continue_text', opacity=1.0, ori=0, pos=array([0., 0.]), rgb=array([255., 255., 255.]), text='Continue', units='height', win=Window(...), wrapWidth=1)
31.9990 	EXP 	continue_text: autoDraw = True
32.0053 	EXP 	Created continue_text = TextStim(__class__=<class 'psychopy.visual.text.TextStim'>, alignHoriz='center', alignVert='center', antialias=True, autoLog=True, bold=False, color='white', colorSpace='named', contrast=1.0, depth=0.0, flipHoriz=False, flipVert=False, font='Arial', fontFiles=[], height=0.05, italic=False, languageStyle='LTR', name='continue_text', opacity=1.0, ori=0, pos=array([0., 0.]), rgb=array([255., 255., 255.]), text='Continue', units='height', win=Window(...), wrapWidth=1)
32.0262 	EXP 	continue_text: autoDraw = True
32.0338 	EXP 	Created continue_text = TextStim(__class__=<class 'psychopy.visual.text.TextStim'>, alignHoriz='center', alignVert='center', antialias=True, autoLog=True, bold=False, color='white', colorSpace='named', contrast=1.0, depth=0.0, flipHoriz=False, flipVert=False, font='Arial', fontFiles=[], height=0.05, italic=False, languageStyle='LTR', name='continue_text', opacity=1.0, ori=0, pos=array([0., 0.]), rgb=array([255., 255., 255.]), text='Continue', units='height', win=Window(...), wrapWidth=1)
32.0546 	EXP 	continue_text: autoDraw = True
32.0618 	EXP 	Created continue_text = TextStim(__class__=<class 'psychopy.visual.text.TextStim'>, alignHoriz='center', alignVert='center', antialias=True, autoLog=True, bold=False, color='white', colorSpace='named', contrast=1.0, depth=0.0, flipHoriz=False, flipVert=False, font='Arial', fontFiles=[], height=0.05, italic=False, languageStyle='LTR', name='continue_text', opacity=1.0, ori=0, pos=array([0., 0.]), rgb=array([255., 255., 255.]), text='Continue', units='height', win=Window(...), wrapWidth=1)
32.0818 	EXP 	continue_text: autoDraw = True
32.0896 	EXP 	Created continue_text = TextStim(__class__=<class 'psychopy.visual.text.TextStim'>, alignHoriz='center', alignVert='center', antialias=True, autoLog=True, bold=False, color='white', colorSpace='named', contrast=1.0, depth=0.0, flipHoriz=False, flipVert=False, font='Arial', fontFiles=[], height=0.05, italic=False, languageStyle='LTR', name='continue_text', opacity=1.0, ori=0, pos=array([0., 0.]), rgb=array([255., 255., 255.]), text='Continue', units='height', win=Window(...), wrapWidth=1)
32.1044 	DATA 	Mouse: Left button down, pos=(974,553)
32.1114 	EXP 	continue_text: autoDraw = True
32.1212 	EXP 	Created continue_text = TextStim(__class__=<class 'psychopy.visual.text.TextStim'>, alignHoriz='center', alignVert='center', antialias=True, autoLog=True, bold=False, color='white', colorSpace='named', contrast=1.0, depth=0.0, flipHoriz=False, flipVert=False, font='Arial', fontFiles=[], height=0.05, italic=False, languageStyle='LTR', name='continue_text', opacity=1.0, ori=0, pos=array([0., 0.]), rgb=array([255., 255., 255.]), text='Continue', units='height', win=Window(...), wrapWidth=1)
32.1472 	EXP 	continue_text: autoDraw = True
32.1472 	EXP 	one: autoDraw = False
32.1472 	EXP 	two: autoDraw = False
32.1472 	EXP 	three: autoDraw = False
32.1472 	EXP 	seven: autoDraw = False
32.1472 	EXP 	eight: autoDraw = False
32.1472 	EXP 	nine: autoDraw = False
32.1472 	EXP 	four: autoDraw = False
32.1472 	EXP 	five: autoDraw = False
32.1472 	EXP 	six: autoDraw = False
32.1472 	EXP 	ten: autoDraw = False
32.1472 	EXP 	eleven: autoDraw = False
32.1472 	EXP 	twelve: autoDraw = False
32.1472 	EXP 	gram01: autoDraw = False
32.2059 	EXP 	window1: mouseVisible = True
