18.7364 	EXP 	Created window1 = Window(allowGUI=True, allowStencil=False, args=UNKNOWN, autoLog=True, bitsMode=UNKNOWN, blendMode='avg', color=array([0., 0., 0.]), colorSpace='rgb', fullscr=<method-wrapper '__getattribute__' of attributeSetter object at 0x0000020EB35C0F28>, gamma=None, gammaErrorPolicy='raise', kwargs=UNKNOWN, lms=UNKNOWN, monitor=<psychopy.monitors.calibTools.Monitor object at 0x0000020EB35145F8>, multiSample=False, name='window1', numSamples=2, pos=[0.0, 0.0], screen=0, size=array([1920, 1080]), stereo=False, units='height', useFBO=True, useRetina=False, viewOri=0.0, viewPos=None, viewScale=None, waitBlanking=True, winType='pyglet')
18.7364 	EXP 	window1: recordFrameIntervals = False
18.9039 	EXP 	window1: recordFrameIntervals = True
19.0880 	EXP 	window1: recordFrameIntervals = False
19.5101 	EXP 	Created instruction_text = TextStim(__class__=<class 'psychopy.visual.text.TextStim'>, alignHoriz='center', alignVert='center', antialias=True, autoLog=True, bold=False, color='white', colorSpace='named', contrast=1.0, depth=0.0, flipHoriz=False, flipVert=False, font='Arial', fontFiles=[], height=0.05, italic=False, languageStyle='LTR', name='instruction_text', opacity=1.0, ori=0, pos=array([0., 0.]), rgb=array([255., 255., 255.]), text=str(...), units='height', win=Window(...), wrapWidth=1)
19.5213 	EXP 	Created text_2 = TextStim(__class__=<class 'psychopy.visual.text.TextStim'>, alignHoriz='center', alignVert='center', antialias=True, autoLog=True, bold=False, color='white', colorSpace='named', contrast=1.0, depth=-2.0, flipHoriz=False, flipVert=False, font='Arial', fontFiles=[], height=0.05, italic=False, languageStyle='LTR', name='text_2', opacity=1.0, ori=0, pos=array([ 0.  , -0.45]), rgb=array([255., 255., 255.]), text='Click here to continue.', units='height', win=Window(...), wrapWidth=1)
19.5344 	EXP 	Created text = TextStim(__class__=<class 'psychopy.visual.text.TextStim'>, alignHoriz='center', alignVert='center', antialias=True, autoLog=True, bold=False, color='white', colorSpace='named', contrast=1.0, depth=0.0, flipHoriz=False, flipVert=False, font='Arial', fontFiles=[], height=0.05, italic=False, languageStyle='LTR', name='text', opacity=1.0, ori=0, pos=array([0., 0.]), rgb=array([255., 255., 255.]), text='Here is a video example.', units='height', win=Window(...), wrapWidth=1)
19.5907 	EXP 	Created one = ImageStim(__class__=<class 'psychopy.visual.image.ImageStim'>, autoLog=True, color=array([1., 1., 1.]), colorSpace='rgb', contrast=1.0, depth=0.0, flipHoriz=False, flipVert=False, image=str(...), interpolate=True, mask=None, maskParams=None, name='one', opacity=1.0, ori=0.0, pos=array([-0.7,  0.3]), size=array([0.22, 0.22]), texRes=128, units='height', win=Window(...))
19.6694 	EXP 	Created two = ImageStim(__class__=<class 'psychopy.visual.image.ImageStim'>, autoLog=True, color=array([1., 1., 1.]), colorSpace='rgb', contrast=1.0, depth=-2.0, flipHoriz=False, flipVert=False, image=str(...), interpolate=True, mask=None, maskParams=None, name='two', opacity=1.0, ori=0.0, pos=array([-0.45,  0.3 ]), size=array([0.22, 0.22]), texRes=128, units='height', win=Window(...))
19.7426 	EXP 	Created three = ImageStim(__class__=<class 'psychopy.visual.image.ImageStim'>, autoLog=True, color=array([1., 1., 1.]), colorSpace='rgb', contrast=1.0, depth=-3.0, flipHoriz=False, flipVert=False, image=str(...), interpolate=True, mask=None, maskParams=None, name='three', opacity=1.0, ori=0.0, pos=array([-0.2,  0.3]), size=array([0.22, 0.22]), texRes=128, units='height', win=Window(...))
19.8149 	EXP 	Created seven = ImageStim(__class__=<class 'psychopy.visual.image.ImageStim'>, autoLog=True, color=array([1., 1., 1.]), colorSpace='rgb', contrast=1.0, depth=-4.0, flipHoriz=False, flipVert=False, image=str(...), interpolate=True, mask=None, maskParams=None, name='seven', opacity=1.0, ori=0.0, pos=array([-0.7, -0.3]), size=array([0.22, 0.22]), texRes=128, units='height', win=Window(...))
19.8862 	EXP 	Created eight = ImageStim(__class__=<class 'psychopy.visual.image.ImageStim'>, autoLog=True, color=array([1., 1., 1.]), colorSpace='rgb', contrast=1.0, depth=-5.0, flipHoriz=False, flipVert=False, image=str(...), interpolate=True, mask=None, maskParams=None, name='eight', opacity=1.0, ori=0.0, pos=array([-0.45, -0.3 ]), size=array([0.22, 0.22]), texRes=128, units='height', win=Window(...))
19.9489 	EXP 	Created nine = ImageStim(__class__=<class 'psychopy.visual.image.ImageStim'>, autoLog=True, color=array([1., 1., 1.]), colorSpace='rgb', contrast=1.0, depth=-6.0, flipHoriz=False, flipVert=False, image=str(...), interpolate=True, mask=None, maskParams=None, name='nine', opacity=1.0, ori=0.0, pos=array([-0.2, -0.3]), size=array([0.22, 0.22]), texRes=128, units='height', win=Window(...))
20.0293 	EXP 	Created four = ImageStim(__class__=<class 'psychopy.visual.image.ImageStim'>, autoLog=True, color=array([1., 1., 1.]), colorSpace='rgb', contrast=1.0, depth=-7.0, flipHoriz=False, flipVert=False, image=str(...), interpolate=True, mask=None, maskParams=None, name='four', opacity=1.0, ori=0.0, pos=array([0.2, 0.3]), size=array([0.22, 0.22]), texRes=128, units='height', win=Window(...))
20.1047 	EXP 	Created five = ImageStim(__class__=<class 'psychopy.visual.image.ImageStim'>, autoLog=True, color=array([1., 1., 1.]), colorSpace='rgb', contrast=1.0, depth=-8.0, flipHoriz=False, flipVert=False, image=str(...), interpolate=True, mask=None, maskParams=None, name='five', opacity=1.0, ori=0.0, pos=array([0.45, 0.3 ]), size=array([0.22, 0.22]), texRes=128, units='height', win=Window(...))
20.1699 	EXP 	Created six = ImageStim(__class__=<class 'psychopy.visual.image.ImageStim'>, autoLog=True, color=array([1., 1., 1.]), colorSpace='rgb', contrast=1.0, depth=-9.0, flipHoriz=False, flipVert=False, image=str(...), interpolate=True, mask=None, maskParams=None, name='six', opacity=1.0, ori=0.0, pos=array([0.7, 0.3]), size=array([0.22, 0.22]), texRes=128, units='height', win=Window(...))
20.2035 	EXP 	Created ten = ImageStim(__class__=<class 'psychopy.visual.image.ImageStim'>, autoLog=True, color=array([1., 1., 1.]), colorSpace='rgb', contrast=1.0, depth=-10.0, flipHoriz=False, flipVert=False, image=str(...), interpolate=True, mask=None, maskParams=None, name='ten', opacity=1.0, ori=0.0, pos=array([ 0.2, -0.3]), size=array([0.22, 0.22]), texRes=128, units='height', win=Window(...))
20.2378 	EXP 	Created eleven = ImageStim(__class__=<class 'psychopy.visual.image.ImageStim'>, autoLog=True, color=array([1., 1., 1.]), colorSpace='rgb', contrast=1.0, depth=-11.0, flipHoriz=False, flipVert=False, image=str(...), interpolate=True, mask=None, maskParams=None, name='eleven', opacity=1.0, ori=0.0, pos=array([ 0.45, -0.3 ]), size=array([0.22, 0.22]), texRes=128, units='height', win=Window(...))
20.2964 	EXP 	Created twelve = ImageStim(__class__=<class 'psychopy.visual.image.ImageStim'>, autoLog=True, color=array([1., 1., 1.]), colorSpace='rgb', contrast=1.0, depth=-12.0, flipHoriz=False, flipVert=False, image=str(...), interpolate=True, mask=None, maskParams=None, name='twelve', opacity=1.0, ori=0.0, pos=array([ 0.7, -0.3]), size=array([0.22, 0.22]), texRes=128, units='height', win=Window(...))
20.3006 	EXP 	Created continue_text = TextStim(__class__=<class 'psychopy.visual.text.TextStim'>, alignHoriz='center', alignVert='center', antialias=True, autoLog=True, bold=False, color='white', colorSpace='named', contrast=1.0, depth=0.0, flipHoriz=False, flipVert=False, font='Arial', fontFiles=[], height=0.05, italic=False, languageStyle='LTR', name='continue_text', opacity=1.0, ori=0, pos=array([0., 0.]), rgb=array([255., 255., 255.]), text='Continue', units='height', win=Window(...), wrapWidth=1)
20.3222 	EXP 	Created tangram1 = ImageStim(__class__=<class 'psychopy.visual.image.ImageStim'>, autoLog=True, color=array([1., 1., 1.]), colorSpace='rgb', contrast=1.0, depth=-14.0, flipHoriz=False, flipVert=False, image=str(...), interpolate=True, mask=None, maskParams=None, name='tangram1', opacity=1.0, ori=0.0, pos=array([0.5, 0.5]), size=array([0.5, 0.5]), texRes=128, units='height', win=Window(...))
20.3629 	EXP 	instruction_text: autoDraw = True
20.3629 	EXP 	text_2: autoDraw = True
48.8392 	DATA 	Mouse: Left button down, pos=(984,52)
48.8536 	EXP 	instruction_text: autoDraw = False
48.8536 	EXP 	text_2: autoDraw = False
48.8536 	EXP 	text: autoDraw = True
48.9364 	DATA 	Mouse:  Left button up, pos=(984,52)
49.8895 	DATA 	Mouse: Left button down, pos=(1030,331)
50.4862 	DATA 	Mouse:  Left button up, pos=(1030,331)
50.4981 	EXP 	text: autoDraw = False
50.4981 	EXP 	one: autoDraw = True
50.4981 	EXP 	two: autoDraw = True
50.4981 	EXP 	three: autoDraw = True
50.4981 	EXP 	seven: autoDraw = True
50.4981 	EXP 	eight: autoDraw = True
50.4981 	EXP 	nine: autoDraw = True
50.4981 	EXP 	four: autoDraw = True
50.4981 	EXP 	five: autoDraw = True
50.4981 	EXP 	six: autoDraw = True
50.4981 	EXP 	ten: autoDraw = True
50.4981 	EXP 	eleven: autoDraw = True
50.4981 	EXP 	twelve: autoDraw = True
50.4981 	EXP 	tangram1: autoDraw = True
51.3248 	DATA 	Mouse: Left button down, pos=(1631,964)
51.3622 	EXP 	six: pos = array([0.6212963 , 0.39259259])
51.3921 	EXP 	six: pos = array([0.6212963 , 0.39259259])
51.4125 	EXP 	six: pos = array([0.6212963 , 0.39259259])
51.4296 	EXP 	six: pos = array([0.6212963 , 0.39259259])
51.4535 	EXP 	six: pos = array([0.6212963 , 0.39259259])
51.4756 	EXP 	six: pos = array([0.575     , 0.38518519])
51.4982 	EXP 	six: pos = array([0.53611111, 0.36851852])
51.5194 	EXP 	six: pos = array([0.51666667, 0.35833333])
51.5398 	EXP 	six: pos = array([0.48888889, 0.34722222])
51.5611 	EXP 	six: pos = array([0.46574074, 0.33333333])
51.5835 	EXP 	six: pos = array([0.45092593, 0.32314815])
51.6090 	EXP 	six: pos = array([0.43518519, 0.31203704])
51.6279 	EXP 	six: pos = array([0.42685185, 0.30555556])
51.6484 	EXP 	six: pos = array([0.42407407, 0.30277778])
51.6679 	EXP 	six: pos = array([0.42314815, 0.30092593])
51.6894 	EXP 	six: pos = array([0.42222222, 0.30092593])
51.7107 	EXP 	six: pos = array([0.42222222, 0.3       ])
51.7290 	EXP 	six: pos = array([0.42222222, 0.29907407])
51.7468 	EXP 	six: pos = array([0.42222222, 0.29814815])
51.7707 	EXP 	six: pos = array([0.42222222, 0.29814815])
51.7915 	EXP 	six: pos = array([0.42314815, 0.29722222])
51.8119 	EXP 	six: pos = array([0.42592593, 0.29722222])
51.8343 	EXP 	six: pos = array([0.4287037 , 0.29722222])
51.8548 	EXP 	six: pos = array([0.43518519, 0.29722222])
51.8761 	EXP 	six: pos = array([0.44259259, 0.29814815])
51.8943 	EXP 	six: pos = array([0.46851852, 0.30277778])
51.9132 	EXP 	six: pos = array([0.53518519, 0.31296296])
51.9321 	EXP 	six: pos = array([0.58888889, 0.32037037])
51.9545 	EXP 	six: pos = array([0.63518519, 0.32592593])
51.9765 	EXP 	six: pos = array([0.64259259, 0.32592593])
51.9961 	EXP 	six: pos = array([0.64351852, 0.32592593])
52.0134 	EXP 	six: pos = array([0.64351852, 0.32592593])
52.0170 	DATA 	Mouse:  Left button up, pos=(1655,891)
52.4146 	DATA 	Mouse: Left button down, pos=(1468,1052)
52.7601 	EXP 	four: pos = array([0.29537037, 0.32222222])
52.7808 	EXP 	four: pos = array([0.29166667, 0.31759259])
52.7997 	EXP 	four: pos = array([0.29074074, 0.31574074])
52.8206 	EXP 	four: pos = array([0.29074074, 0.31481481])
52.8412 	EXP 	four: pos = array([0.29074074, 0.31481481])
52.8470 	DATA 	Mouse:  Left button up, pos=(1274,880)
53.1920 	DATA 	Mouse: Left button down, pos=(1436,893)
53.2256 	EXP 	five: pos = array([0.44074074, 0.32685185])
53.2431 	EXP 	five: pos = array([0.44074074, 0.32685185])
53.2599 	EXP 	five: pos = array([0.44074074, 0.32685185])
53.2758 	EXP 	five: pos = array([0.44074074, 0.32685185])
53.2923 	EXP 	five: pos = array([0.44074074, 0.32685185])
53.3090 	EXP 	five: pos = array([0.44074074, 0.32685185])
53.3262 	EXP 	five: pos = array([0.43240741, 0.32592593])
53.3444 	EXP 	five: pos = array([0.40185185, 0.32037037])
53.3601 	EXP 	five: pos = array([0.3462963 , 0.31111111])
53.3748 	EXP 	five: pos = array([0.31851852, 0.30740741])
53.3905 	EXP 	five: pos = array([0.30092593, 0.30185185])
53.4072 	EXP 	five: pos = array([0.28888889, 0.3       ])
53.4237 	EXP 	five: pos = array([0.27777778, 0.29722222])
53.4405 	EXP 	five: pos = array([0.27222222, 0.29537037])
53.4570 	EXP 	five: pos = array([0.26388889, 0.29351852])
53.4740 	EXP 	five: pos = array([0.26111111, 0.29259259])
53.4907 	EXP 	five: pos = array([0.25925926, 0.29166667])
53.5075 	EXP 	five: pos = array([0.25740741, 0.29074074])
53.5250 	EXP 	five: pos = array([0.25462963, 0.28981481])
53.5449 	EXP 	five: pos = array([0.25462963, 0.28981481])
53.5624 	EXP 	five: pos = array([0.2537037 , 0.28981481])
53.5803 	EXP 	five: pos = array([0.2537037 , 0.28981481])
53.5934 	DATA 	Mouse:  Left button up, pos=(1234,854)
53.5993 	EXP 	five: pos = array([0.2537037 , 0.29074074])
54.0770 	DATA 	Mouse: Left button down, pos=(1493,1045)
54.3177 	EXP 	four: pos = array([0.4       , 0.38055556])
54.3407 	EXP 	four: pos = array([0.4       , 0.36759259])
54.3651 	EXP 	four: pos = array([0.41018519, 0.32592593])
54.3826 	EXP 	four: pos = array([0.42314815, 0.29722222])
54.4007 	EXP 	four: pos = array([0.4287037 , 0.28611111])
54.4207 	EXP 	four: pos = array([0.43425926, 0.27962963])
54.4386 	EXP 	four: pos = array([0.43703704, 0.27685185])
54.4639 	EXP 	four: pos = array([0.43796296, 0.27592593])
54.4821 	EXP 	four: pos = array([0.44074074, 0.275     ])
54.5027 	EXP 	four: pos = array([0.44259259, 0.275     ])
54.5222 	EXP 	four: pos = array([0.44351852, 0.275     ])
54.5420 	EXP 	four: pos = array([0.4462963, 0.275    ])
54.5586 	EXP 	four: pos = array([0.44814815, 0.275     ])
54.5758 	EXP 	four: pos = array([0.44907407, 0.275     ])
54.5952 	EXP 	four: pos = array([0.45 , 0.275])
54.6239 	EXP 	four: pos = array([0.45185185, 0.275     ])
54.6463 	EXP 	four: pos = array([0.45277778, 0.27407407])
54.6679 	EXP 	four: pos = array([0.4537037 , 0.27314815])
54.6893 	EXP 	four: pos = array([0.4537037, 0.2712963])
54.7122 	EXP 	four: pos = array([0.4537037 , 0.26851852])
54.7340 	EXP 	four: pos = array([0.4537037 , 0.26481481])
54.7540 	EXP 	four: pos = array([0.4537037 , 0.25462963])
54.7735 	EXP 	four: pos = array([0.44907407, 0.23425926])
54.7980 	EXP 	four: pos = array([0.42777778, 0.175     ])
54.8188 	EXP 	four: pos = array([0.40185185, 0.12314815])
54.8389 	EXP 	four: pos = array([0.38796296, 0.10185185])
54.8647 	EXP 	four: pos = array([0.38055556, 0.09537037])
54.8850 	EXP 	four: pos = array([0.37222222, 0.08888889])
54.9093 	EXP 	four: pos = array([0.36111111, 0.08425926])
54.9301 	EXP 	four: pos = array([0.35648148, 0.08333333])
54.9492 	EXP 	four: pos = array([0.34814815, 0.08333333])
54.9681 	EXP 	four: pos = array([0.31944444, 0.08425926])
54.9856 	EXP 	four: pos = array([0.275     , 0.08333333])
55.0076 	EXP 	four: pos = array([0.225     , 0.08055556])
55.0296 	EXP 	four: pos = array([0.19722222, 0.08240741])
55.0494 	EXP 	four: pos = array([0.16944444, 0.08888889])
55.0676 	EXP 	four: pos = array([0.15      , 0.09444444])
55.0863 	EXP 	four: pos = array([0.12777778, 0.10092593])
55.1075 	EXP 	four: pos = array([0.11574074, 0.10462963])
55.1318 	EXP 	four: pos = array([0.08703704, 0.11666667])
55.1502 	EXP 	four: pos = array([0.06574074, 0.12685185])
55.1742 	EXP 	four: pos = array([0.05648148, 0.13333333])
55.1956 	EXP 	four: pos = array([0.04351852, 0.13703704])
55.2185 	EXP 	four: pos = array([0.03611111, 0.13796296])
55.2396 	EXP 	four: pos = array([0.03148148, 0.13796296])
55.2612 	EXP 	four: pos = array([0.02592593, 0.13796296])
55.2626 	DATA 	Mouse:  Left button up, pos=(987,689)
56.0012 	DATA 	Mouse: Left button down, pos=(1495,1028)
56.7294 	DATA 	Mouse:  Left button up, pos=(1398,971)
56.9229 	DATA 	Mouse: Left button down, pos=(1366,1057)
57.4126 	DATA 	Mouse:  Left button up, pos=(1506,759)
57.8009 	DATA 	Mouse: Left button down, pos=(1607,1061)
58.3998 	EXP 	five: pos = array([0.34814815, 0.35925926])
58.4180 	EXP 	five: pos = array([0.36018519, 0.33425926])
58.4367 	EXP 	five: pos = array([0.36944444, 0.3212963 ])
58.4624 	EXP 	five: pos = array([0.37407407, 0.31759259])
58.4823 	EXP 	five: pos = array([0.38240741, 0.31203704])
58.5016 	EXP 	five: pos = array([0.38425926, 0.31018519])
58.5185 	EXP 	five: pos = array([0.39074074, 0.30555556])
58.5355 	EXP 	five: pos = array([0.39444444, 0.3037037 ])
58.5612 	EXP 	five: pos = array([0.39814815, 0.29814815])
58.5807 	EXP 	five: pos = array([0.40185185, 0.29444444])
58.6023 	EXP 	five: pos = array([0.4037037 , 0.29074074])
58.6196 	EXP 	five: pos = array([0.40462963, 0.28981481])
58.6374 	EXP 	five: pos = array([0.40555556, 0.28888889])
58.6614 	EXP 	five: pos = array([0.40648148, 0.28888889])
58.6805 	EXP 	five: pos = array([0.40740741, 0.28703704])
58.6987 	EXP 	five: pos = array([0.40833333, 0.28611111])
58.7186 	EXP 	five: pos = array([0.40833333, 0.28518519])
58.7355 	EXP 	five: pos = array([0.40925926, 0.28518519])
58.7614 	EXP 	five: pos = array([0.40925926, 0.28518519])
58.7642 	DATA 	Mouse:  Left button up, pos=(1402,848)
58.8486 	DATA 	Mouse: Left button down, pos=(1402,848)
58.8856 	EXP 	five: pos = array([0.38703704, 0.28240741])
58.9041 	EXP 	five: pos = array([0.28796296, 0.26203704])
58.9275 	EXP 	five: pos = array([0.26296296, 0.25925926])
58.9469 	EXP 	five: pos = array([0.25185185, 0.26018519])
58.9635 	EXP 	five: pos = array([0.24814815, 0.26018519])
58.9799 	EXP 	five: pos = array([0.24722222, 0.26018519])
58.9971 	EXP 	five: pos = array([0.24722222, 0.26018519])
59.0146 	EXP 	five: pos = array([0.24722222, 0.26018519])
59.0161 	DATA 	Mouse:  Left button up, pos=(1227,821)
60.4487 	DATA 	Mouse: Left button down, pos=(490,804)
60.4815 	EXP 	two: pos = array([-0.43518519,  0.24444444])
60.4985 	EXP 	two: pos = array([-0.43518519,  0.24444444])
60.5151 	EXP 	two: pos = array([-0.43518519,  0.24444444])
60.5321 	EXP 	two: pos = array([-0.43518519,  0.24444444])
60.5485 	EXP 	two: pos = array([-0.43518519,  0.24444444])
60.5655 	EXP 	two: pos = array([-0.43518519,  0.24444444])
61.0881 	EXP 	three: pos = array([-0.29537037,  0.32592593])
61.1035 	DATA 	Mouse:  Left button up, pos=(631,892)
61.1094 	EXP 	three: pos = array([-0.3037037 ,  0.32685185])
61.8539 	DATA 	Mouse: Left button down, pos=(500,843)
61.8933 	EXP 	two: pos = array([-0.42592593,  0.28055556])
61.9118 	EXP 	two: pos = array([-0.42592593,  0.28055556])
61.9313 	EXP 	two: pos = array([-0.42592593,  0.28055556])
61.9522 	EXP 	two: pos = array([-0.42592593,  0.28055556])
61.9677 	EXP 	two: pos = array([-0.42592593,  0.28055556])
61.9831 	EXP 	two: pos = array([-0.42592593,  0.28055556])
62.0003 	EXP 	two: pos = array([-0.42592593,  0.28055556])
62.0173 	EXP 	two: pos = array([-0.42592593,  0.28055556])
62.0389 	EXP 	two: pos = array([-0.42592593,  0.28055556])
62.0567 	EXP 	two: pos = array([-0.42222222,  0.26944444])
62.0759 	EXP 	two: pos = array([-0.39166667,  0.23148148])
62.0942 	EXP 	two: pos = array([-0.36481481,  0.20833333])
62.1190 	EXP 	two: pos = array([-0.31203704,  0.16851852])
62.1393 	EXP 	two: pos = array([-0.2712963 ,  0.14351852])
62.1588 	EXP 	two: pos = array([-0.16944444,  0.10185185])
62.1763 	EXP 	two: pos = array([-0.09166667,  0.07222222])
62.1947 	EXP 	two: pos = array([0.00555556, 0.04537037])
62.2134 	EXP 	two: pos = array([0.10555556, 0.02592593])
62.2378 	EXP 	two: pos = array([0.18148148, 0.01666667])
62.2583 	EXP 	two: pos = array([0.20833333, 0.0037037 ])
62.2822 	EXP 	two: pos = array([ 0.21296296, -0.00185185])
62.3020 	EXP 	two: pos = array([ 0.21296296, -0.00185185])
62.3223 	EXP 	two: pos = array([ 0.21296296, -0.00185185])
62.3420 	EXP 	two: pos = array([ 0.21296296, -0.00185185])
62.3601 	EXP 	two: pos = array([ 0.21296296, -0.00185185])
62.3771 	EXP 	two: pos = array([ 0.21296296, -0.00185185])
62.3962 	EXP 	two: pos = array([ 0.21296296, -0.00185185])
62.4183 	EXP 	two: pos = array([ 0.21296296, -0.00185185])
62.4390 	EXP 	two: pos = array([ 0.21296296, -0.00185185])
62.4564 	EXP 	two: pos = array([ 0.21296296, -0.00185185])
62.4751 	EXP 	two: pos = array([ 0.21296296, -0.00185185])
62.4968 	EXP 	two: pos = array([ 0.21296296, -0.00185185])
62.5188 	EXP 	two: pos = array([ 0.21296296, -0.00185185])
62.5404 	EXP 	two: pos = array([ 0.25185185, -0.01388889])
62.5623 	EXP 	two: pos = array([ 0.30462963, -0.03148148])
62.5825 	EXP 	two: pos = array([ 0.33425926, -0.0462963 ])
62.6039 	EXP 	two: pos = array([ 0.3462963 , -0.04907407])
62.6225 	EXP 	two: pos = array([ 0.36111111, -0.0537037 ])
62.6408 	EXP 	two: pos = array([ 0.36944444, -0.05925926])
62.6626 	EXP 	two: pos = array([ 0.37685185, -0.06481481])
62.6830 	EXP 	two: pos = array([ 0.38796296, -0.075     ])
62.7043 	EXP 	two: pos = array([ 0.40462963, -0.08888889])
62.7230 	EXP 	two: pos = array([ 0.41851852, -0.1       ])
62.7416 	EXP 	two: pos = array([ 0.43425926, -0.11388889])
62.7610 	EXP 	two: pos = array([ 0.4462963 , -0.12407407])
62.7887 	EXP 	two: pos = array([ 0.46759259, -0.1462963 ])
62.8075 	EXP 	two: pos = array([ 0.49444444, -0.16944444])
62.8317 	EXP 	two: pos = array([ 0.51296296, -0.18518519])
62.8513 	EXP 	two: pos = array([ 0.53518519, -0.2       ])
62.8676 	EXP 	two: pos = array([ 0.54444444, -0.20648148])
62.8842 	EXP 	two: pos = array([ 0.55555556, -0.21388889])
62.9013 	EXP 	two: pos = array([ 0.56666667, -0.21944444])
62.9184 	EXP 	two: pos = array([ 0.58148148, -0.22777778])
62.9392 	EXP 	two: pos = array([ 0.60277778, -0.24259259])
62.9573 	EXP 	two: pos = array([ 0.61388889, -0.25      ])
62.9791 	EXP 	two: pos = array([ 0.62685185, -0.25648148])
62.9791 	EXP 	continue_text: autoDraw = True
62.9981 	EXP 	two: pos = array([ 0.63981481, -0.26296296])
62.9981 	EXP 	continue_text: autoDraw = True
63.0216 	EXP 	two: pos = array([ 0.64537037, -0.26759259])
63.0216 	EXP 	continue_text: autoDraw = True
63.0396 	EXP 	two: pos = array([ 0.64722222, -0.26759259])
63.0396 	EXP 	continue_text: autoDraw = True
63.0582 	EXP 	two: pos = array([ 0.64722222, -0.26851852])
63.0582 	EXP 	continue_text: autoDraw = True
63.0781 	EXP 	two: pos = array([ 0.64814815, -0.26944444])
63.0781 	EXP 	continue_text: autoDraw = True
63.0995 	EXP 	two: pos = array([ 0.64814815, -0.27037037])
63.0995 	EXP 	continue_text: autoDraw = True
63.1189 	EXP 	two: pos = array([ 0.64907407, -0.2712963 ])
63.1189 	EXP 	continue_text: autoDraw = True
63.1388 	EXP 	two: pos = array([ 0.65      , -0.27222222])
63.1388 	EXP 	continue_text: autoDraw = True
63.1566 	EXP 	two: pos = array([ 0.65092593, -0.27314815])
63.1566 	EXP 	continue_text: autoDraw = True
63.1741 	EXP 	two: pos = array([ 0.65092593, -0.27314815])
63.1741 	EXP 	continue_text: autoDraw = True
63.1914 	EXP 	two: pos = array([ 0.65185185, -0.27407407])
63.1914 	EXP 	continue_text: autoDraw = True
63.2082 	EXP 	two: pos = array([ 0.65277778, -0.27592593])
63.2082 	EXP 	continue_text: autoDraw = True
63.2217 	EXP 	two: pos = array([ 0.65277778, -0.27685185])
63.2217 	EXP 	continue_text: autoDraw = True
63.2348 	EXP 	two: pos = array([ 0.6537037 , -0.27685185])
63.2348 	EXP 	continue_text: autoDraw = True
63.2514 	EXP 	two: pos = array([ 0.65462963, -0.27777778])
63.2514 	EXP 	continue_text: autoDraw = True
63.2681 	EXP 	two: pos = array([ 0.65462963, -0.2787037 ])
63.2681 	EXP 	continue_text: autoDraw = True
63.2848 	EXP 	two: pos = array([ 0.65462963, -0.2787037 ])
63.2848 	EXP 	continue_text: autoDraw = True
63.3015 	EXP 	two: pos = array([ 0.65462963, -0.2787037 ])
63.3015 	EXP 	continue_text: autoDraw = True
63.3185 	EXP 	two: pos = array([ 0.65462963, -0.2787037 ])
63.3185 	EXP 	continue_text: autoDraw = True
63.3197 	DATA 	Mouse:  Left button up, pos=(1667,239)
63.3353 	EXP 	continue_text: autoDraw = True
63.3519 	EXP 	continue_text: autoDraw = True
63.3685 	EXP 	continue_text: autoDraw = True
63.3854 	EXP 	continue_text: autoDraw = True
63.4018 	EXP 	continue_text: autoDraw = True
63.4186 	EXP 	continue_text: autoDraw = True
63.4357 	EXP 	continue_text: autoDraw = True
63.4528 	EXP 	continue_text: autoDraw = True
63.4691 	EXP 	continue_text: autoDraw = True
63.4862 	EXP 	continue_text: autoDraw = True
63.5038 	EXP 	continue_text: autoDraw = True
63.5231 	EXP 	continue_text: autoDraw = True
63.5401 	EXP 	continue_text: autoDraw = True
63.5567 	EXP 	continue_text: autoDraw = True
63.5751 	EXP 	continue_text: autoDraw = True
63.6005 	EXP 	continue_text: autoDraw = True
63.6204 	EXP 	continue_text: autoDraw = True
63.6415 	EXP 	continue_text: autoDraw = True
63.6605 	EXP 	continue_text: autoDraw = True
63.6838 	EXP 	continue_text: autoDraw = True
63.7037 	EXP 	continue_text: autoDraw = True
63.7218 	EXP 	continue_text: autoDraw = True
63.7408 	EXP 	continue_text: autoDraw = True
63.7624 	EXP 	continue_text: autoDraw = True
63.7841 	EXP 	continue_text: autoDraw = True
63.8032 	EXP 	continue_text: autoDraw = True
63.8204 	EXP 	continue_text: autoDraw = True
63.8387 	EXP 	continue_text: autoDraw = True
63.8655 	EXP 	continue_text: autoDraw = True
63.8869 	EXP 	continue_text: autoDraw = True
63.9034 	EXP 	continue_text: autoDraw = True
63.9221 	EXP 	continue_text: autoDraw = True
63.9242 	DATA 	Mouse: Left button down, pos=(999,528)
63.9447 	EXP 	continue_text: autoDraw = True
63.9447 	EXP 	one: autoDraw = False
63.9447 	EXP 	two: autoDraw = False
63.9447 	EXP 	three: autoDraw = False
63.9447 	EXP 	seven: autoDraw = False
63.9447 	EXP 	eight: autoDraw = False
63.9447 	EXP 	nine: autoDraw = False
63.9447 	EXP 	four: autoDraw = False
63.9447 	EXP 	five: autoDraw = False
63.9447 	EXP 	six: autoDraw = False
63.9447 	EXP 	ten: autoDraw = False
63.9447 	EXP 	eleven: autoDraw = False
63.9447 	EXP 	twelve: autoDraw = False
63.9447 	EXP 	tangram1: autoDraw = False
64.0665 	EXP 	window1: mouseVisible = True
