9.4088 	EXP 	Created window1 = Window(allowGUI=True, allowStencil=False, args=UNKNOWN, autoLog=True, bitsMode=UNKNOWN, blendMode='avg', color=array([0., 0., 0.]), colorSpace='rgb', fullscr=<method-wrapper '__getattribute__' of attributeSetter object at 0x000001ED0B5DCBE0>, gamma=None, gammaErrorPolicy='raise', kwargs=UNKNOWN, lms=UNKNOWN, monitor=<psychopy.monitors.calibTools.Monitor object at 0x000001ED0B3177B8>, multiSample=False, name='window1', numSamples=2, pos=[0.0, 0.0], screen=0, size=array([1920, 1080]), stereo=False, units='height', useFBO=True, useRetina=False, viewOri=0.0, viewPos=None, viewScale=None, waitBlanking=True, winType='pyglet')
9.4089 	EXP 	window1: recordFrameIntervals = False
9.5744 	EXP 	window1: recordFrameIntervals = True
9.7594 	EXP 	window1: recordFrameIntervals = False
10.1986 	EXP 	Created instruction_text = TextStim(__class__=<class 'psychopy.visual.text.TextStim'>, alignHoriz='center', alignVert='center', antialias=True, autoLog=True, bold=False, color='white', colorSpace='named', contrast=1.0, depth=0.0, flipHoriz=False, flipVert=False, font='Arial', fontFiles=[], height=0.05, italic=False, languageStyle='LTR', name='instruction_text', opacity=1.0, ori=0, pos=array([0., 0.]), rgb=array([255., 255., 255.]), text=str(...), units='height', win=Window(...), wrapWidth=1)
10.2094 	EXP 	Created text_2 = TextStim(__class__=<class 'psychopy.visual.text.TextStim'>, alignHoriz='center', alignVert='center', antialias=True, autoLog=True, bold=False, color='white', colorSpace='named', contrast=1.0, depth=-2.0, flipHoriz=False, flipVert=False, font='Arial', fontFiles=[], height=0.05, italic=False, languageStyle='LTR', name='text_2', opacity=1.0, ori=0, pos=array([ 0.  , -0.45]), rgb=array([255., 255., 255.]), text='Click here to continue.', units='height', win=Window(...), wrapWidth=1)
10.2222 	EXP 	Created text = TextStim(__class__=<class 'psychopy.visual.text.TextStim'>, alignHoriz='center', alignVert='center', antialias=True, autoLog=True, bold=False, color='white', colorSpace='named', contrast=1.0, depth=0.0, flipHoriz=False, flipVert=False, font='Arial', fontFiles=[], height=0.05, italic=False, languageStyle='LTR', name='text', opacity=1.0, ori=0, pos=array([0., 0.]), rgb=array([255., 255., 255.]), text='Here is a video example.', units='height', win=Window(...), wrapWidth=1)
10.3222 	EXP 	Created one = ImageStim(__class__=<class 'psychopy.visual.image.ImageStim'>, autoLog=True, color=array([1., 1., 1.]), colorSpace='rgb', contrast=1.0, depth=0.0, flipHoriz=False, flipVert=False, image=str(...), interpolate=True, mask=None, maskParams=None, name='one', opacity=1.0, ori=0.0, pos=array([-0.7,  0.3]), size=array([0.22, 0.22]), texRes=128, units='height', win=Window(...))
10.4162 	EXP 	Created two = ImageStim(__class__=<class 'psychopy.visual.image.ImageStim'>, autoLog=True, color=array([1., 1., 1.]), colorSpace='rgb', contrast=1.0, depth=-2.0, flipHoriz=False, flipVert=False, image=str(...), interpolate=True, mask=None, maskParams=None, name='two', opacity=1.0, ori=0.0, pos=array([-0.45,  0.3 ]), size=array([0.22, 0.22]), texRes=128, units='height', win=Window(...))
10.4936 	EXP 	Created three = ImageStim(__class__=<class 'psychopy.visual.image.ImageStim'>, autoLog=True, color=array([1., 1., 1.]), colorSpace='rgb', contrast=1.0, depth=-3.0, flipHoriz=False, flipVert=False, image=str(...), interpolate=True, mask=None, maskParams=None, name='three', opacity=1.0, ori=0.0, pos=array([-0.2,  0.3]), size=array([0.22, 0.22]), texRes=128, units='height', win=Window(...))
10.5761 	EXP 	Created seven = ImageStim(__class__=<class 'psychopy.visual.image.ImageStim'>, autoLog=True, color=array([1., 1., 1.]), colorSpace='rgb', contrast=1.0, depth=-4.0, flipHoriz=False, flipVert=False, image=str(...), interpolate=True, mask=None, maskParams=None, name='seven', opacity=1.0, ori=0.0, pos=array([-0.7, -0.3]), size=array([0.22, 0.22]), texRes=128, units='height', win=Window(...))
10.6569 	EXP 	Created eight = ImageStim(__class__=<class 'psychopy.visual.image.ImageStim'>, autoLog=True, color=array([1., 1., 1.]), colorSpace='rgb', contrast=1.0, depth=-5.0, flipHoriz=False, flipVert=False, image=str(...), interpolate=True, mask=None, maskParams=None, name='eight', opacity=1.0, ori=0.0, pos=array([-0.45, -0.3 ]), size=array([0.22, 0.22]), texRes=128, units='height', win=Window(...))
10.7580 	EXP 	Created nine = ImageStim(__class__=<class 'psychopy.visual.image.ImageStim'>, autoLog=True, color=array([1., 1., 1.]), colorSpace='rgb', contrast=1.0, depth=-6.0, flipHoriz=False, flipVert=False, image=str(...), interpolate=True, mask=None, maskParams=None, name='nine', opacity=1.0, ori=0.0, pos=array([-0.2, -0.3]), size=array([0.22, 0.22]), texRes=128, units='height', win=Window(...))
10.8303 	EXP 	Created four = ImageStim(__class__=<class 'psychopy.visual.image.ImageStim'>, autoLog=True, color=array([1., 1., 1.]), colorSpace='rgb', contrast=1.0, depth=-7.0, flipHoriz=False, flipVert=False, image=str(...), interpolate=True, mask=None, maskParams=None, name='four', opacity=1.0, ori=0.0, pos=array([0.2, 0.3]), size=array([0.22, 0.22]), texRes=128, units='height', win=Window(...))
10.9200 	EXP 	Created five = ImageStim(__class__=<class 'psychopy.visual.image.ImageStim'>, autoLog=True, color=array([1., 1., 1.]), colorSpace='rgb', contrast=1.0, depth=-8.0, flipHoriz=False, flipVert=False, image=str(...), interpolate=True, mask=None, maskParams=None, name='five', opacity=1.0, ori=0.0, pos=array([0.45, 0.3 ]), size=array([0.22, 0.22]), texRes=128, units='height', win=Window(...))
11.0011 	EXP 	Created six = ImageStim(__class__=<class 'psychopy.visual.image.ImageStim'>, autoLog=True, color=array([1., 1., 1.]), colorSpace='rgb', contrast=1.0, depth=-9.0, flipHoriz=False, flipVert=False, image=str(...), interpolate=True, mask=None, maskParams=None, name='six', opacity=1.0, ori=0.0, pos=array([0.7, 0.3]), size=array([0.22, 0.22]), texRes=128, units='height', win=Window(...))
11.0942 	EXP 	Created ten = ImageStim(__class__=<class 'psychopy.visual.image.ImageStim'>, autoLog=True, color=array([1., 1., 1.]), colorSpace='rgb', contrast=1.0, depth=-10.0, flipHoriz=False, flipVert=False, image=str(...), interpolate=True, mask=None, maskParams=None, name='ten', opacity=1.0, ori=0.0, pos=array([ 0.2, -0.3]), size=array([0.22, 0.22]), texRes=128, units='height', win=Window(...))
11.1825 	EXP 	Created eleven = ImageStim(__class__=<class 'psychopy.visual.image.ImageStim'>, autoLog=True, color=array([1., 1., 1.]), colorSpace='rgb', contrast=1.0, depth=-11.0, flipHoriz=False, flipVert=False, image=str(...), interpolate=True, mask=None, maskParams=None, name='eleven', opacity=1.0, ori=0.0, pos=array([ 0.45, -0.3 ]), size=array([0.22, 0.22]), texRes=128, units='height', win=Window(...))
11.2775 	EXP 	Created twelve = ImageStim(__class__=<class 'psychopy.visual.image.ImageStim'>, autoLog=True, color=array([1., 1., 1.]), colorSpace='rgb', contrast=1.0, depth=-12.0, flipHoriz=False, flipVert=False, image=str(...), interpolate=True, mask=None, maskParams=None, name='twelve', opacity=1.0, ori=0.0, pos=array([ 0.7, -0.3]), size=array([0.22, 0.22]), texRes=128, units='height', win=Window(...))
11.2902 	EXP 	Created continue_text = TextStim(__class__=<class 'psychopy.visual.text.TextStim'>, alignHoriz='center', alignVert='center', antialias=True, autoLog=True, bold=False, color='white', colorSpace='named', contrast=1.0, depth=0.0, flipHoriz=False, flipVert=False, font='Arial', fontFiles=[], height=0.001, italic=False, languageStyle='LTR', name='continue_text', opacity=0.0, ori=0, pos=array([1.5, 1.5]), rgb=array([255., 255., 255.]), text='Continue', units='height', win=Window(...), wrapWidth=1)
11.3630 	EXP 	Created gram01 = ImageStim(__class__=<class 'psychopy.visual.image.ImageStim'>, autoLog=True, color=array([1., 1., 1.]), colorSpace='rgb', contrast=1.0, depth=-14.0, flipHoriz=False, flipVert=False, image=str(...), interpolate=True, mask=None, maskParams=None, name='gram01', opacity=1.0, ori=0.0, pos=array([0.5, 0.5]), size=array([1., 1.]), texRes=128, units='height', win=Window(...))
11.3951 	EXP 	instruction_text: autoDraw = True
11.3951 	EXP 	text_2: autoDraw = True
12.0003 	DATA 	Mouse: Left button down, pos=(739,85)
12.0819 	DATA 	Mouse:  Left button up, pos=(739,85)
12.7475 	DATA 	Mouse: Left button down, pos=(747,49)
12.7628 	EXP 	instruction_text: autoDraw = False
12.7628 	EXP 	text_2: autoDraw = False
12.7628 	EXP 	text: autoDraw = True
12.8341 	DATA 	Mouse:  Left button up, pos=(747,49)
13.3836 	DATA 	Mouse: Left button down, pos=(977,414)
14.1191 	DATA 	Mouse:  Left button up, pos=(977,414)
14.1320 	EXP 	text: autoDraw = False
14.1320 	EXP 	one: autoDraw = True
14.1320 	EXP 	two: autoDraw = True
14.1320 	EXP 	three: autoDraw = True
14.1320 	EXP 	seven: autoDraw = True
14.1320 	EXP 	eight: autoDraw = True
14.1320 	EXP 	nine: autoDraw = True
14.1320 	EXP 	four: autoDraw = True
14.1320 	EXP 	five: autoDraw = True
14.1320 	EXP 	six: autoDraw = True
14.1320 	EXP 	ten: autoDraw = True
14.1320 	EXP 	eleven: autoDraw = True
14.1320 	EXP 	twelve: autoDraw = True
14.1320 	EXP 	gram01: autoDraw = True
15.2464 	DATA 	Mouse: Left button down, pos=(1209,713)
15.2865 	EXP 	gram01: pos = array([0.23055556, 0.16018519])
15.3132 	EXP 	gram01: pos = array([0.23055556, 0.16018519])
15.3375 	EXP 	gram01: pos = array([0.23055556, 0.16018519])
15.3681 	EXP 	gram01: pos = array([0.23055556, 0.16018519])
15.3977 	EXP 	gram01: pos = array([0.23055556, 0.16018519])
15.4258 	EXP 	gram01: pos = array([0.20555556, 0.15277778])
15.4564 	EXP 	gram01: pos = array([0.03796296, 0.1       ])
15.4865 	EXP 	gram01: pos = array([-0.07962963,  0.04907407])
15.5115 	EXP 	gram01: pos = array([-0.12685185,  0.025     ])
15.5363 	EXP 	gram01: pos = array([-0.18240741, -0.01018519])
15.5576 	EXP 	gram01: pos = array([-0.20740741, -0.02407407])
15.5764 	EXP 	gram01: pos = array([-0.2212963 , -0.03240741])
15.5973 	EXP 	gram01: pos = array([-0.2287037 , -0.03796296])
15.6235 	EXP 	gram01: pos = array([-0.24259259, -0.04907407])
15.6596 	EXP 	gram01: pos = array([-0.25092593, -0.05740741])
15.7058 	EXP 	gram01: pos = array([-0.2537037 , -0.06203704])
15.7534 	EXP 	gram01: pos = array([-0.25555556, -0.06759259])
15.7732 	EXP 	gram01: pos = array([-0.25555556, -0.06851852])
15.7900 	EXP 	gram01: pos = array([-0.25555556, -0.06851852])
15.8099 	EXP 	gram01: pos = array([-0.25462963, -0.06851852])
15.8293 	EXP 	gram01: pos = array([-0.2537037 , -0.06759259])
15.8463 	EXP 	gram01: pos = array([-0.25092593, -0.06574074])
15.8650 	EXP 	gram01: pos = array([-0.24259259, -0.05925926])
15.8827 	EXP 	gram01: pos = array([-0.22407407, -0.04814815])
15.9005 	EXP 	gram01: pos = array([-0.16666667, -0.00925926])
15.9172 	EXP 	gram01: pos = array([-0.125     ,  0.01759259])
15.9352 	EXP 	gram01: pos = array([-0.08703704,  0.04814815])
15.9520 	EXP 	gram01: pos = array([-0.06666667,  0.06388889])
15.9753 	EXP 	gram01: pos = array([-0.04074074,  0.08425926])
15.9969 	EXP 	gram01: pos = array([-0.01574074,  0.09907407])
16.0151 	EXP 	gram01: pos = array([0.01481481, 0.12222222])
16.0320 	EXP 	gram01: pos = array([0.03148148, 0.13518519])
16.0498 	EXP 	gram01: pos = array([0.05     , 0.1462963])
16.0679 	EXP 	gram01: pos = array([0.07777778, 0.16018519])
16.0857 	EXP 	gram01: pos = array([0.09074074, 0.16851852])
16.1016 	EXP 	gram01: pos = array([0.10740741, 0.17962963])
16.1182 	EXP 	gram01: pos = array([0.11481481, 0.18333333])
16.1348 	EXP 	gram01: pos = array([0.1212963 , 0.18796296])
16.1536 	EXP 	gram01: pos = array([0.12685185, 0.19074074])
16.1788 	EXP 	gram01: pos = array([0.12962963, 0.19259259])
16.2037 	EXP 	gram01: pos = array([0.12962963, 0.19259259])
16.2273 	DATA 	Mouse:  Left button up, pos=(1100,748)
16.8561 	DATA 	Mouse: Left button down, pos=(902,642)
16.9302 	EXP 	gram01: pos = array([-0.0537037 ,  0.09444444])
16.9529 	EXP 	gram01: pos = array([-0.0537037 ,  0.09444444])
16.9681 	EXP 	gram01: pos = array([-0.0537037 ,  0.09444444])
16.9853 	EXP 	gram01: pos = array([-0.0537037 ,  0.09444444])
17.0029 	EXP 	gram01: pos = array([-0.0537037 ,  0.09444444])
17.0194 	EXP 	gram01: pos = array([-0.0537037 ,  0.09444444])
17.0360 	EXP 	gram01: pos = array([-0.02592593,  0.07962963])
17.0533 	EXP 	gram01: pos = array([0.02222222, 0.05277778])
17.0785 	EXP 	gram01: pos = array([0.06944444, 0.02314815])
17.0978 	EXP 	gram01: pos = array([0.0962963 , 0.00555556])
17.1157 	EXP 	gram01: pos = array([ 0.12314815, -0.01296296])
17.1332 	EXP 	gram01: pos = array([ 0.13888889, -0.02407407])
17.1518 	EXP 	gram01: pos = array([ 0.16203704, -0.04074074])
17.1745 	EXP 	gram01: pos = array([ 0.17685185, -0.05      ])
17.2046 	EXP 	gram01: pos = array([ 0.19907407, -0.06574074])
17.2469 	EXP 	gram01: pos = array([ 0.21481481, -0.07407407])
17.2783 	EXP 	gram01: pos = array([ 0.23333333, -0.08611111])
17.3166 	EXP 	gram01: pos = array([ 0.28611111, -0.11111111])
17.3488 	EXP 	gram01: pos = array([ 0.38518519, -0.14814815])
17.3650 	EXP 	gram01: pos = array([ 0.44444444, -0.15925926])
17.3822 	EXP 	gram01: pos = array([ 0.5       , -0.16296296])
17.3988 	EXP 	gram01: pos = array([ 0.52777778, -0.16111111])
17.4152 	EXP 	gram01: pos = array([ 0.55462963, -0.15740741])
17.4335 	EXP 	gram01: pos = array([ 0.58611111, -0.15648148])
17.4497 	EXP 	gram01: pos = array([ 0.60462963, -0.15648148])
17.4664 	EXP 	gram01: pos = array([ 0.62037037, -0.15648148])
17.4827 	EXP 	gram01: pos = array([ 0.63981481, -0.15833333])
17.4988 	EXP 	gram01: pos = array([ 0.64444444, -0.15925926])
17.5165 	EXP 	gram01: pos = array([ 0.6462963 , -0.15925926])
17.5330 	EXP 	gram01: pos = array([ 0.64907407, -0.15925926])
17.5496 	EXP 	gram01: pos = array([ 0.65277778, -0.15925926])
17.5657 	EXP 	gram01: pos = array([ 0.65462963, -0.15925926])
17.5823 	EXP 	gram01: pos = array([ 0.65833333, -0.15925926])
17.5987 	EXP 	gram01: pos = array([ 0.66111111, -0.15925926])
17.6153 	EXP 	gram01: pos = array([ 0.66296296, -0.15925926])
17.6342 	EXP 	gram01: pos = array([ 0.66296296, -0.15925926])
17.6518 	EXP 	gram01: pos = array([ 0.66296296, -0.15925926])
17.6675 	EXP 	gram01: pos = array([ 0.66296296, -0.15925926])
17.6828 	EXP 	gram01: pos = array([ 0.66296296, -0.15740741])
17.6990 	EXP 	gram01: pos = array([ 0.64074074, -0.13055556])
17.7166 	EXP 	gram01: pos = array([ 0.53981481, -0.0212963 ])
17.7337 	EXP 	gram01: pos = array([0.46574074, 0.05648148])
17.7520 	EXP 	gram01: pos = array([0.4462963, 0.0712963])
17.7699 	EXP 	gram01: pos = array([0.42037037, 0.08518519])
17.7872 	EXP 	gram01: pos = array([0.38981481, 0.09444444])
17.8033 	EXP 	gram01: pos = array([0.33518519, 0.10555556])
17.8203 	EXP 	gram01: pos = array([0.24537037, 0.11111111])
17.8357 	EXP 	gram01: pos = array([0.16851852, 0.11018519])
17.8516 	EXP 	gram01: pos = array([0.08333333, 0.1037037 ])
17.8686 	EXP 	gram01: pos = array([0.02962963, 0.10092593])
17.8854 	EXP 	gram01: pos = array([-0.05740741,  0.09537037])
17.9025 	EXP 	gram01: pos = array([-0.13333333,  0.08425926])
17.9192 	EXP 	gram01: pos = array([-0.22962963,  0.06574074])
17.9365 	EXP 	gram01: pos = array([-0.32777778,  0.0462963 ])
17.9533 	EXP 	gram01: pos = array([-0.36481481,  0.04166667])
17.9791 	EXP 	gram01: pos = array([-0.40462963,  0.03888889])
17.9988 	EXP 	gram01: pos = array([-0.44351852,  0.03518519])
18.0155 	EXP 	gram01: pos = array([-0.48518519,  0.02962963])
18.0330 	EXP 	gram01: pos = array([-0.5037037 ,  0.02592593])
18.0502 	EXP 	gram01: pos = array([-0.52685185,  0.02407407])
18.0673 	EXP 	gram01: pos = array([-0.53518519,  0.02407407])
18.0840 	EXP 	gram01: pos = array([-0.53888889,  0.02407407])
18.1029 	EXP 	gram01: pos = array([-0.54166667,  0.02314815])
18.1189 	EXP 	gram01: pos = array([-0.54166667,  0.02314815])
18.1351 	EXP 	gram01: pos = array([-0.54166667,  0.02314815])
18.1519 	EXP 	gram01: pos = array([-0.54166667,  0.02314815])
18.1672 	EXP 	gram01: pos = array([-0.54166667,  0.02314815])
18.1838 	EXP 	gram01: pos = array([-0.54166667,  0.02314815])
18.2002 	EXP 	gram01: pos = array([-0.54166667,  0.02314815])
18.2160 	EXP 	gram01: pos = array([-0.54166667,  0.02314815])
18.2333 	EXP 	gram01: pos = array([-0.54166667,  0.02314815])
18.2494 	EXP 	gram01: pos = array([-0.54166667,  0.02314815])
18.2676 	EXP 	gram01: pos = array([-0.54074074,  0.02314815])
18.2874 	EXP 	gram01: pos = array([-0.53981481,  0.02314815])
18.3032 	EXP 	gram01: pos = array([-0.53888889,  0.02314815])
18.3211 	EXP 	gram01: pos = array([-0.53796296,  0.02314815])
18.3378 	EXP 	gram01: pos = array([-0.53703704,  0.02314815])
18.3584 	EXP 	gram01: pos = array([-0.53333333,  0.02314815])
18.3769 	EXP 	gram01: pos = array([-0.5212963,  0.0212963])
18.4000 	EXP 	gram01: pos = array([-0.42592593,  0.03055556])
18.4194 	EXP 	gram01: pos = array([-0.3712963 ,  0.03888889])
18.4386 	EXP 	gram01: pos = array([-0.33703704,  0.0462963 ])
18.4636 	EXP 	gram01: pos = array([-0.31296296,  0.05555556])
18.4856 	EXP 	gram01: pos = array([-0.28981481,  0.06759259])
18.5091 	EXP 	gram01: pos = array([-0.26388889,  0.08055556])
18.5269 	EXP 	gram01: pos = array([-0.24166667,  0.08796296])
18.5469 	EXP 	gram01: pos = array([-0.22777778,  0.09166667])
18.5684 	EXP 	gram01: pos = array([-0.21666667,  0.09259259])
18.5892 	EXP 	gram01: pos = array([-0.20740741,  0.09259259])
18.6129 	EXP 	gram01: pos = array([-0.18703704,  0.09537037])
18.6330 	EXP 	gram01: pos = array([-0.17685185,  0.09722222])
18.6522 	EXP 	gram01: pos = array([-0.16759259,  0.09814815])
18.6709 	EXP 	gram01: pos = array([-0.16481481,  0.09814815])
18.6898 	EXP 	gram01: pos = array([-0.16296296,  0.09814815])
18.7086 	EXP 	gram01: pos = array([-0.16203704,  0.09814815])
18.7324 	EXP 	gram01: pos = array([-0.16111111,  0.09814815])
18.7516 	EXP 	gram01: pos = array([-0.16111111,  0.09814815])
18.7713 	EXP 	gram01: pos = array([-0.16111111,  0.09814815])
18.7898 	EXP 	gram01: pos = array([-0.16111111,  0.09814815])
18.8078 	EXP 	gram01: pos = array([-0.16111111,  0.09814815])
18.8304 	EXP 	gram01: pos = array([-0.16111111,  0.09814815])
18.8498 	EXP 	gram01: pos = array([-0.16203704,  0.09814815])
18.8687 	EXP 	gram01: pos = array([-0.16388889,  0.09907407])
18.8837 	DATA 	Mouse:  Left button up, pos=(783,647)
18.8913 	EXP 	gram01: pos = array([-0.16388889,  0.09907407])
19.3759 	DATA 	Mouse: Left button down, pos=(722,490)
19.4509 	EXP 	gram01: pos = array([-0.25      , -0.05277778])
19.4923 	EXP 	gram01: pos = array([-0.36111111, -0.08518519])
19.5117 	EXP 	gram01: pos = array([-0.45      , -0.12777778])
19.5312 	EXP 	gram01: pos = array([-0.49166667, -0.15555556])
19.5509 	EXP 	gram01: pos = array([-0.53611111, -0.17685185])
19.5681 	EXP 	gram01: pos = array([-0.55555556, -0.18611111])
19.5842 	EXP 	gram01: pos = array([-0.575     , -0.19814815])
19.6018 	EXP 	gram01: pos = array([-0.58611111, -0.20555556])
19.6175 	EXP 	gram01: pos = array([-0.59259259, -0.21203704])
19.6337 	EXP 	gram01: pos = array([-0.59907407, -0.21759259])
19.6516 	EXP 	gram01: pos = array([-0.6037037 , -0.22037037])
19.6721 	EXP 	gram01: pos = array([-0.60462963, -0.2212963 ])
19.6762 	DATA 	Mouse:  Left button up, pos=(306,301)
20.3969 	DATA 	Mouse: Left button down, pos=(438,785)
20.4506 	EXP 	gram01: pos = array([-0.48333333,  0.22685185])
20.4707 	EXP 	gram01: pos = array([-0.48333333,  0.22685185])
20.4986 	EXP 	gram01: pos = array([-0.48333333,  0.22685185])
20.5181 	EXP 	gram01: pos = array([-0.48333333,  0.22685185])
20.5346 	EXP 	gram01: pos = array([-0.44814815,  0.21296296])
20.5511 	EXP 	gram01: pos = array([-0.32222222,  0.15277778])
20.5695 	EXP 	gram01: pos = array([-0.25462963,  0.125     ])
20.5950 	EXP 	gram01: pos = array([-0.175     ,  0.09166667])
20.6310 	EXP 	gram01: pos = array([-0.08055556,  0.0537037 ])
20.6596 	EXP 	gram01: pos = array([0.02037037, 0.01666667])
20.6989 	EXP 	gram01: pos = array([ 0.16388889, -0.03148148])
20.7226 	EXP 	gram01: pos = array([ 0.22037037, -0.05277778])
20.7409 	EXP 	gram01: pos = array([ 0.25277778, -0.06296296])
20.7617 	EXP 	gram01: pos = array([ 0.26111111, -0.06666667])
20.7894 	EXP 	gram01: pos = array([ 0.27592593, -0.07222222])
20.8097 	EXP 	gram01: pos = array([ 0.28981481, -0.07777778])
20.8294 	EXP 	gram01: pos = array([ 0.3037037 , -0.08333333])
20.8521 	EXP 	gram01: pos = array([ 0.31018519, -0.08611111])
20.8740 	EXP 	gram01: pos = array([ 0.31296296, -0.08796296])
20.9056 	EXP 	gram01: pos = array([ 0.31296296, -0.08888889])
20.9255 	EXP 	gram01: pos = array([ 0.31296296, -0.08888889])
20.9429 	EXP 	gram01: pos = array([ 0.30555556, -0.08796296])
20.9615 	EXP 	gram01: pos = array([ 0.26018519, -0.08796296])
20.9843 	EXP 	gram01: pos = array([-0.06759259, -0.15648148])
21.0086 	EXP 	gram01: pos = array([-0.25555556, -0.20925926])
21.0252 	EXP 	gram01: pos = array([-0.45462963, -0.26296296])
21.0492 	EXP 	gram01: pos = array([-0.55740741, -0.28240741])
21.0686 	EXP 	gram01: pos = array([-0.76018519, -0.27777778])
21.0858 	EXP 	gram01: pos = array([-0.87037037, -0.23888889])
21.1033 	EXP 	gram01: pos = array([-0.88888889, -0.175     ])
21.1233 	EXP 	gram01: pos = array([-0.88888889, -0.08703704])
21.1394 	EXP 	gram01: pos = array([-0.88888889, -0.03981481])
21.1565 	EXP 	gram01: pos = array([-0.88888889, -0.03055556])
21.1714 	EXP 	gram01: pos = array([-0.88888889, -0.03148148])
21.1872 	EXP 	gram01: pos = array([-0.88888889, -0.03703704])
21.1883 	DATA 	Mouse:  Left button up, pos=(0,493)
22.0446 	DATA 	Mouse: Left button down, pos=(490,819)
22.1197 	EXP 	gram01: pos = array([-0.43518519,  0.25833333])
22.1435 	EXP 	gram01: pos = array([-0.43518519,  0.25833333])
22.1652 	EXP 	gram01: pos = array([-0.43518519,  0.25833333])
22.1973 	EXP 	gram01: pos = array([-0.43518519,  0.25833333])
22.2256 	EXP 	gram01: pos = array([-0.43518519,  0.25833333])
22.2542 	EXP 	gram01: pos = array([-0.42037037,  0.24351852])
22.2950 	EXP 	gram01: pos = array([-0.37037037,  0.20740741])
22.3190 	EXP 	gram01: pos = array([-0.31944444,  0.1712963 ])
22.3432 	EXP 	gram01: pos = array([-0.2962963 ,  0.15925926])
22.3623 	EXP 	gram01: pos = array([-0.2787037 ,  0.14814815])
22.3840 	EXP 	gram01: pos = array([-0.26944444,  0.14166667])
22.4051 	EXP 	gram01: pos = array([-0.24351852,  0.1287037 ])
22.4358 	EXP 	gram01: pos = array([-0.21759259,  0.11666667])
22.4639 	EXP 	gram01: pos = array([-0.15462963,  0.09166667])
22.4884 	EXP 	gram01: pos = array([-0.06018519,  0.06574074])
22.5163 	EXP 	gram01: pos = array([0.08055556, 0.0462963 ])
22.5533 	EXP 	gram01: pos = array([0.19814815, 0.03425926])
22.5797 	EXP 	gram01: pos = array([0.23148148, 0.03240741])
22.6033 	EXP 	gram01: pos = array([0.23703704, 0.03333333])
22.6238 	EXP 	gram01: pos = array([0.23703704, 0.03703704])
22.6411 	EXP 	gram01: pos = array([0.23703704, 0.03796296])
22.6417 	DATA 	Mouse:  Left button up, pos=(1216,581)
23.1600 	DATA 	Mouse: Left button down, pos=(995,479)
23.2312 	EXP 	gram01: pos = array([ 0.03240741, -0.05648148])
23.2553 	EXP 	gram01: pos = array([ 0.03240741, -0.05648148])
23.2873 	EXP 	gram01: pos = array([ 0.08518519, -0.02777778])
23.3198 	EXP 	gram01: pos = array([0.24722222, 0.06296296])
23.3446 	EXP 	gram01: pos = array([0.40092593, 0.12962963])
23.3656 	EXP 	gram01: pos = array([0.52222222, 0.17777778])
23.3930 	EXP 	gram01: pos = array([0.68055556, 0.25      ])
23.4213 	EXP 	gram01: pos = array([0.84444444, 0.33611111])
23.4463 	EXP 	gram01: pos = array([0.94074074, 0.37777778])
23.4644 	EXP 	gram01: pos = array([0.9962963 , 0.40648148])
23.4832 	EXP 	gram01: pos = array([1.00740741, 0.41388889])
23.5027 	EXP 	gram01: pos = array([1.01574074, 0.41666667])
23.5296 	EXP 	gram01: pos = array([1.02407407, 0.41944444])
23.5524 	EXP 	gram01: pos = array([1.03333333, 0.42407407])
23.5716 	EXP 	gram01: pos = array([1.03796296, 0.42685185])
23.5889 	EXP 	gram01: pos = array([1.04166667, 0.4287037 ])
23.6054 	EXP 	gram01: pos = array([1.04444444, 0.43148148])
23.6233 	EXP 	gram01: pos = array([1.04722222, 0.43703704])
23.6396 	EXP 	gram01: pos = array([1.0537037 , 0.44537037])
23.6565 	EXP 	gram01: pos = array([1.06388889, 0.46481481])
23.6722 	EXP 	gram01: pos = array([1.06666667, 0.47314815])
23.6905 	EXP 	gram01: pos = array([1.06759259, 0.47777778])
23.7060 	EXP 	gram01: pos = array([1.06759259, 0.4787037 ])
23.7226 	EXP 	gram01: pos = array([1.06759259, 0.47962963])
23.7410 	EXP 	gram01: pos = array([1.06759259, 0.47962963])
23.7548 	EXP 	gram01: pos = array([1.06759259, 0.48055556])
23.7714 	EXP 	gram01: pos = array([1.06759259, 0.48148148])
23.7881 	EXP 	gram01: pos = array([1.06759259, 0.48148148])
23.8048 	EXP 	gram01: pos = array([1.06759259, 0.48148148])
23.8062 	DATA 	Mouse:  Left button up, pos=(2113,1061)
27.0606 	DATA 	Mouse: Left button down, pos=(502,846)
27.1050 	EXP 	two: pos = array([-0.42407407,  0.28333333])
27.1253 	EXP 	two: pos = array([-0.42407407,  0.28333333])
27.1427 	EXP 	two: pos = array([-0.42407407,  0.28333333])
27.1584 	EXP 	two: pos = array([-0.42407407,  0.28333333])
27.1763 	EXP 	two: pos = array([-0.42407407,  0.28333333])
27.1921 	EXP 	two: pos = array([-0.41574074,  0.27592593])
27.2093 	EXP 	two: pos = array([-0.33981481,  0.22222222])
27.6448 	EXP 	twelve: pos = array([ 0.63148148, -0.19537037])
27.6630 	EXP 	twelve: pos = array([ 0.63518519, -0.20092593])
27.6802 	EXP 	twelve: pos = array([ 0.63703704, -0.2037037 ])
27.6965 	EXP 	twelve: pos = array([ 0.63981481, -0.20833333])
27.7128 	EXP 	twelve: pos = array([ 0.64074074, -0.21018519])
27.7294 	EXP 	twelve: pos = array([ 0.64166667, -0.21111111])
27.7460 	EXP 	twelve: pos = array([ 0.63888889, -0.21203704])
27.7643 	EXP 	twelve: pos = array([ 0.6287037 , -0.21018519])
27.9122 	EXP 	two: pos = array([-0.30462963,  0.15185185])
27.9284 	EXP 	two: pos = array([-0.34074074,  0.17037037])
27.9441 	EXP 	two: pos = array([-0.36666667,  0.18148148])
27.9597 	EXP 	two: pos = array([-0.38148148,  0.18888889])
27.9766 	EXP 	two: pos = array([-0.39814815,  0.1962963 ])
27.9951 	EXP 	two: pos = array([-0.40740741,  0.20185185])
28.0118 	EXP 	two: pos = array([-0.42407407,  0.21018519])
28.0294 	EXP 	two: pos = array([-0.44444444,  0.21759259])
28.0435 	EXP 	two: pos = array([-0.45185185,  0.2212963 ])
28.0600 	EXP 	two: pos = array([-0.45462963,  0.22222222])
28.0762 	EXP 	two: pos = array([-0.45648148,  0.22222222])
28.0936 	EXP 	two: pos = array([-0.45740741,  0.22222222])
28.1148 	EXP 	two: pos = array([-0.45740741,  0.22222222])
28.1403 	EXP 	two: pos = array([-0.45740741,  0.22222222])
28.1597 	EXP 	two: pos = array([-0.45555556,  0.22037037])
28.1766 	EXP 	two: pos = array([-0.45      ,  0.21666667])
28.1928 	EXP 	two: pos = array([-0.44166667,  0.21111111])
28.2096 	EXP 	two: pos = array([-0.42685185,  0.20185185])
28.2271 	EXP 	two: pos = array([-0.35092593,  0.15740741])
28.2432 	EXP 	two: pos = array([-0.24351852,  0.09722222])
28.2603 	EXP 	two: pos = array([-0.17777778,  0.06203704])
28.2766 	EXP 	two: pos = array([-0.07314815,  0.01388889])
28.2932 	EXP 	two: pos = array([ 0.00925926, -0.0212963 ])
28.3098 	EXP 	two: pos = array([ 0.0962963 , -0.06203704])
28.3266 	EXP 	two: pos = array([ 0.18148148, -0.09537037])
28.3442 	EXP 	two: pos = array([ 0.27962963, -0.13611111])
28.3633 	EXP 	two: pos = array([ 0.33888889, -0.15740741])
28.3777 	EXP 	two: pos = array([ 0.35833333, -0.16666667])
28.3933 	EXP 	two: pos = array([ 0.37777778, -0.1712963 ])
28.4101 	EXP 	two: pos = array([ 0.39351852, -0.175     ])
28.4275 	EXP 	two: pos = array([ 0.40925926, -0.17777778])
28.4461 	EXP 	two: pos = array([ 0.42592593, -0.18240741])
28.4603 	EXP 	two: pos = array([ 0.43981481, -0.18518519])
28.4781 	EXP 	two: pos = array([ 0.45185185, -0.18703704])
28.4940 	EXP 	two: pos = array([ 0.47222222, -0.19259259])
28.5113 	EXP 	two: pos = array([ 0.48148148, -0.19351852])
28.5271 	EXP 	two: pos = array([ 0.48981481, -0.19444444])
28.5436 	EXP 	two: pos = array([ 0.50462963, -0.19722222])
28.5606 	EXP 	two: pos = array([ 0.51481481, -0.19814815])
28.5768 	EXP 	two: pos = array([ 0.52407407, -0.19907407])
28.5943 	EXP 	two: pos = array([ 0.53055556, -0.2       ])
28.6103 	EXP 	two: pos = array([ 0.53611111, -0.20092593])
28.6267 	EXP 	two: pos = array([ 0.54074074, -0.20185185])
28.6449 	EXP 	two: pos = array([ 0.54351852, -0.20185185])
28.6623 	EXP 	two: pos = array([ 0.54722222, -0.20277778])
28.6776 	EXP 	two: pos = array([ 0.55      , -0.20277778])
28.6936 	EXP 	two: pos = array([ 0.55462963, -0.20277778])
28.7102 	EXP 	two: pos = array([ 0.55648148, -0.2037037 ])
28.7270 	EXP 	two: pos = array([ 0.56018519, -0.2037037 ])
28.7436 	EXP 	two: pos = array([ 0.56481481, -0.20462963])
28.7614 	EXP 	two: pos = array([ 0.56574074, -0.20555556])
28.7794 	EXP 	two: pos = array([ 0.56944444, -0.20648148])
28.7938 	EXP 	two: pos = array([ 0.5712963 , -0.20648148])
28.8107 	EXP 	two: pos = array([ 0.57314815, -0.20740741])
28.8272 	EXP 	two: pos = array([ 0.575     , -0.20740741])
28.8451 	EXP 	two: pos = array([ 0.57777778, -0.20833333])
28.8637 	EXP 	two: pos = array([ 0.58055556, -0.20925926])
28.8782 	EXP 	two: pos = array([ 0.58518519, -0.21018519])
28.8939 	EXP 	two: pos = array([ 0.58888889, -0.21018519])
28.9106 	EXP 	two: pos = array([ 0.59351852, -0.21018519])
28.9279 	EXP 	two: pos = array([ 0.59907407, -0.21111111])
28.9445 	EXP 	two: pos = array([ 0.6037037 , -0.21111111])
28.9607 	EXP 	two: pos = array([ 0.60648148, -0.21111111])
28.9789 	EXP 	two: pos = array([ 0.60833333, -0.21111111])
28.9950 	EXP 	two: pos = array([ 0.61111111, -0.21111111])
29.0116 	EXP 	two: pos = array([ 0.61388889, -0.21111111])
29.0292 	EXP 	two: pos = array([ 0.61666667, -0.21203704])
29.0442 	EXP 	two: pos = array([ 0.61851852, -0.21296296])
29.0612 	EXP 	two: pos = array([ 0.6212963 , -0.21296296])
29.0773 	EXP 	two: pos = array([ 0.62314815, -0.21388889])
29.0948 	EXP 	two: pos = array([ 0.625     , -0.21481481])
29.1133 	EXP 	two: pos = array([ 0.6287037 , -0.21481481])
29.1272 	EXP 	two: pos = array([ 0.62962963, -0.21574074])
29.1444 	EXP 	two: pos = array([ 0.63148148, -0.21666667])
29.1543 	EXP 	Created continue_text = TextStim(__class__=<class 'psychopy.visual.text.TextStim'>, alignHoriz='center', alignVert='center', antialias=True, autoLog=True, bold=False, color='white', colorSpace='named', contrast=1.0, depth=0.0, flipHoriz=False, flipVert=False, font='Arial', fontFiles=[], height=0.05, italic=False, languageStyle='LTR', name='continue_text', opacity=1.0, ori=0, pos=array([0., 0.]), rgb=array([255., 255., 255.]), text='Continue', units='height', win=Window(...), wrapWidth=1)
29.1647 	EXP 	two: pos = array([ 0.63425926, -0.21944444])
29.1647 	EXP 	continue_text: autoDraw = True
29.1743 	EXP 	Created continue_text = TextStim(__class__=<class 'psychopy.visual.text.TextStim'>, alignHoriz='center', alignVert='center', antialias=True, autoLog=True, bold=False, color='white', colorSpace='named', contrast=1.0, depth=0.0, flipHoriz=False, flipVert=False, font='Arial', fontFiles=[], height=0.05, italic=False, languageStyle='LTR', name='continue_text', opacity=1.0, ori=0, pos=array([0., 0.]), rgb=array([255., 255., 255.]), text='Continue', units='height', win=Window(...), wrapWidth=1)
29.1852 	EXP 	two: pos = array([ 0.63518519, -0.22592593])
29.1852 	EXP 	continue_text: autoDraw = True
29.1959 	EXP 	Created continue_text = TextStim(__class__=<class 'psychopy.visual.text.TextStim'>, alignHoriz='center', alignVert='center', antialias=True, autoLog=True, bold=False, color='white', colorSpace='named', contrast=1.0, depth=0.0, flipHoriz=False, flipVert=False, font='Arial', fontFiles=[], height=0.05, italic=False, languageStyle='LTR', name='continue_text', opacity=1.0, ori=0, pos=array([0., 0.]), rgb=array([255., 255., 255.]), text='Continue', units='height', win=Window(...), wrapWidth=1)
29.2058 	EXP 	two: pos = array([ 0.64444444, -0.26388889])
29.2058 	EXP 	continue_text: autoDraw = True
29.2236 	EXP 	Created continue_text = TextStim(__class__=<class 'psychopy.visual.text.TextStim'>, alignHoriz='center', alignVert='center', antialias=True, autoLog=True, bold=False, color='white', colorSpace='named', contrast=1.0, depth=0.0, flipHoriz=False, flipVert=False, font='Arial', fontFiles=[], height=0.05, italic=False, languageStyle='LTR', name='continue_text', opacity=1.0, ori=0, pos=array([0., 0.]), rgb=array([255., 255., 255.]), text='Continue', units='height', win=Window(...), wrapWidth=1)
29.2353 	EXP 	two: pos = array([ 0.64722222, -0.2962963 ])
29.2353 	EXP 	continue_text: autoDraw = True
29.2449 	EXP 	Created continue_text = TextStim(__class__=<class 'psychopy.visual.text.TextStim'>, alignHoriz='center', alignVert='center', antialias=True, autoLog=True, bold=False, color='white', colorSpace='named', contrast=1.0, depth=0.0, flipHoriz=False, flipVert=False, font='Arial', fontFiles=[], height=0.05, italic=False, languageStyle='LTR', name='continue_text', opacity=1.0, ori=0, pos=array([0., 0.]), rgb=array([255., 255., 255.]), text='Continue', units='height', win=Window(...), wrapWidth=1)
29.2551 	EXP 	two: pos = array([ 0.65      , -0.31759259])
29.2551 	EXP 	continue_text: autoDraw = True
29.2688 	EXP 	Created continue_text = TextStim(__class__=<class 'psychopy.visual.text.TextStim'>, alignHoriz='center', alignVert='center', antialias=True, autoLog=True, bold=False, color='white', colorSpace='named', contrast=1.0, depth=0.0, flipHoriz=False, flipVert=False, font='Arial', fontFiles=[], height=0.05, italic=False, languageStyle='LTR', name='continue_text', opacity=1.0, ori=0, pos=array([0., 0.]), rgb=array([255., 255., 255.]), text='Continue', units='height', win=Window(...), wrapWidth=1)
29.2786 	EXP 	two: pos = array([ 0.65092593, -0.32777778])
29.2786 	EXP 	continue_text: autoDraw = True
29.2864 	EXP 	Created continue_text = TextStim(__class__=<class 'psychopy.visual.text.TextStim'>, alignHoriz='center', alignVert='center', antialias=True, autoLog=True, bold=False, color='white', colorSpace='named', contrast=1.0, depth=0.0, flipHoriz=False, flipVert=False, font='Arial', fontFiles=[], height=0.05, italic=False, languageStyle='LTR', name='continue_text', opacity=1.0, ori=0, pos=array([0., 0.]), rgb=array([255., 255., 255.]), text='Continue', units='height', win=Window(...), wrapWidth=1)
29.2982 	EXP 	two: pos = array([ 0.65185185, -0.33703704])
29.2982 	EXP 	continue_text: autoDraw = True
29.3168 	EXP 	Created continue_text = TextStim(__class__=<class 'psychopy.visual.text.TextStim'>, alignHoriz='center', alignVert='center', antialias=True, autoLog=True, bold=False, color='white', colorSpace='named', contrast=1.0, depth=0.0, flipHoriz=False, flipVert=False, font='Arial', fontFiles=[], height=0.05, italic=False, languageStyle='LTR', name='continue_text', opacity=1.0, ori=0, pos=array([0., 0.]), rgb=array([255., 255., 255.]), text='Continue', units='height', win=Window(...), wrapWidth=1)
29.3279 	EXP 	two: pos = array([ 0.65185185, -0.34907407])
29.3279 	EXP 	continue_text: autoDraw = True
29.3360 	EXP 	Created continue_text = TextStim(__class__=<class 'psychopy.visual.text.TextStim'>, alignHoriz='center', alignVert='center', antialias=True, autoLog=True, bold=False, color='white', colorSpace='named', contrast=1.0, depth=0.0, flipHoriz=False, flipVert=False, font='Arial', fontFiles=[], height=0.05, italic=False, languageStyle='LTR', name='continue_text', opacity=1.0, ori=0, pos=array([0., 0.]), rgb=array([255., 255., 255.]), text='Continue', units='height', win=Window(...), wrapWidth=1)
29.3510 	EXP 	two: pos = array([ 0.65185185, -0.35555556])
29.3510 	EXP 	continue_text: autoDraw = True
29.3613 	EXP 	Created continue_text = TextStim(__class__=<class 'psychopy.visual.text.TextStim'>, alignHoriz='center', alignVert='center', antialias=True, autoLog=True, bold=False, color='white', colorSpace='named', contrast=1.0, depth=0.0, flipHoriz=False, flipVert=False, font='Arial', fontFiles=[], height=0.05, italic=False, languageStyle='LTR', name='continue_text', opacity=1.0, ori=0, pos=array([0., 0.]), rgb=array([255., 255., 255.]), text='Continue', units='height', win=Window(...), wrapWidth=1)
29.3734 	EXP 	two: pos = array([ 0.65185185, -0.36018519])
29.3734 	EXP 	continue_text: autoDraw = True
29.3819 	EXP 	Created continue_text = TextStim(__class__=<class 'psychopy.visual.text.TextStim'>, alignHoriz='center', alignVert='center', antialias=True, autoLog=True, bold=False, color='white', colorSpace='named', contrast=1.0, depth=0.0, flipHoriz=False, flipVert=False, font='Arial', fontFiles=[], height=0.05, italic=False, languageStyle='LTR', name='continue_text', opacity=1.0, ori=0, pos=array([0., 0.]), rgb=array([255., 255., 255.]), text='Continue', units='height', win=Window(...), wrapWidth=1)
29.3975 	EXP 	two: pos = array([ 0.65185185, -0.36574074])
29.3975 	EXP 	continue_text: autoDraw = True
29.4070 	EXP 	Created continue_text = TextStim(__class__=<class 'psychopy.visual.text.TextStim'>, alignHoriz='center', alignVert='center', antialias=True, autoLog=True, bold=False, color='white', colorSpace='named', contrast=1.0, depth=0.0, flipHoriz=False, flipVert=False, font='Arial', fontFiles=[], height=0.05, italic=False, languageStyle='LTR', name='continue_text', opacity=1.0, ori=0, pos=array([0., 0.]), rgb=array([255., 255., 255.]), text='Continue', units='height', win=Window(...), wrapWidth=1)
29.4197 	EXP 	two: pos = array([ 0.65185185, -0.3712963 ])
29.4197 	EXP 	continue_text: autoDraw = True
29.4589 	EXP 	Created continue_text = TextStim(__class__=<class 'psychopy.visual.text.TextStim'>, alignHoriz='center', alignVert='center', antialias=True, autoLog=True, bold=False, color='white', colorSpace='named', contrast=1.0, depth=0.0, flipHoriz=False, flipVert=False, font='Arial', fontFiles=[], height=0.05, italic=False, languageStyle='LTR', name='continue_text', opacity=1.0, ori=0, pos=array([0., 0.]), rgb=array([255., 255., 255.]), text='Continue', units='height', win=Window(...), wrapWidth=1)
29.4908 	EXP 	two: pos = array([ 0.65185185, -0.37777778])
29.4908 	EXP 	continue_text: autoDraw = True
29.5142 	EXP 	two: pos = array([ 0.65185185, -0.39166667])
29.5355 	EXP 	two: pos = array([ 0.65092593, -0.39722222])
29.5563 	EXP 	two: pos = array([ 0.65      , -0.40185185])
29.5771 	EXP 	two: pos = array([ 0.64814815, -0.40648148])
29.5794 	DATA 	Mouse:  Left button up, pos=(1658,98)
30.4816 	DATA 	Mouse: Left button down, pos=(1026,514)
30.4975 	EXP 	one: autoDraw = False
30.4975 	EXP 	two: autoDraw = False
30.4975 	EXP 	three: autoDraw = False
30.4975 	EXP 	seven: autoDraw = False
30.4975 	EXP 	eight: autoDraw = False
30.4975 	EXP 	nine: autoDraw = False
30.4975 	EXP 	four: autoDraw = False
30.4975 	EXP 	five: autoDraw = False
30.4975 	EXP 	six: autoDraw = False
30.4975 	EXP 	ten: autoDraw = False
30.4975 	EXP 	eleven: autoDraw = False
30.4975 	EXP 	twelve: autoDraw = False
30.4975 	EXP 	gram01: autoDraw = False
30.5514 	EXP 	window1: mouseVisible = True
