8.0214 	EXP 	Created window1 = Window(allowGUI=True, allowStencil=False, args=UNKNOWN, autoLog=True, bitsMode=UNKNOWN, blendMode='avg', color=array([0., 0., 0.]), colorSpace='rgb', fullscr=<method-wrapper '__getattribute__' of attributeSetter object at 0x000001DB93A4CE80>, gamma=None, gammaErrorPolicy='raise', kwargs=UNKNOWN, lms=UNKNOWN, monitor=<psychopy.monitors.calibTools.Monitor object at 0x000001DB938E1550>, multiSample=False, name='window1', numSamples=2, pos=[0.0, 0.0], screen=0, size=array([1920, 1080]), stereo=False, units='height', useFBO=True, useRetina=False, viewOri=0.0, viewPos=None, viewScale=None, waitBlanking=True, winType='pyglet')
8.0216 	EXP 	window1: recordFrameIntervals = False
8.1856 	EXP 	window1: recordFrameIntervals = True
8.3704 	EXP 	window1: recordFrameIntervals = False
8.7850 	EXP 	Created instruction_text = TextStim(__class__=<class 'psychopy.visual.text.TextStim'>, alignHoriz='center', alignVert='center', antialias=True, autoLog=True, bold=False, color='white', colorSpace='named', contrast=1.0, depth=0.0, flipHoriz=False, flipVert=False, font='Arial', fontFiles=[], height=0.05, italic=False, languageStyle='LTR', name='instruction_text', opacity=1.0, ori=0, pos=array([0., 0.]), rgb=array([255., 255., 255.]), text=str(...), units='height', win=Window(...), wrapWidth=1)
8.7940 	EXP 	Created text_2 = TextStim(__class__=<class 'psychopy.visual.text.TextStim'>, alignHoriz='center', alignVert='center', antialias=True, autoLog=True, bold=False, color='white', colorSpace='named', contrast=1.0, depth=-2.0, flipHoriz=False, flipVert=False, font='Arial', fontFiles=[], height=0.05, italic=False, languageStyle='LTR', name='text_2', opacity=1.0, ori=0, pos=array([ 0.  , -0.45]), rgb=array([255., 255., 255.]), text='Click here to continue.', units='height', win=Window(...), wrapWidth=1)
8.8050 	EXP 	Created text = TextStim(__class__=<class 'psychopy.visual.text.TextStim'>, alignHoriz='center', alignVert='center', antialias=True, autoLog=True, bold=False, color='white', colorSpace='named', contrast=1.0, depth=0.0, flipHoriz=False, flipVert=False, font='Arial', fontFiles=[], height=0.05, italic=False, languageStyle='LTR', name='text', opacity=1.0, ori=0, pos=array([0., 0.]), rgb=array([255., 255., 255.]), text='Here is a video example.', units='height', win=Window(...), wrapWidth=1)
8.8893 	EXP 	Created one = ImageStim(__class__=<class 'psychopy.visual.image.ImageStim'>, autoLog=True, color=array([1., 1., 1.]), colorSpace='rgb', contrast=1.0, depth=0.0, flipHoriz=False, flipVert=False, image=str(...), interpolate=True, mask=None, maskParams=None, name='one', opacity=1.0, ori=0.0, pos=array([-0.7,  0.3]), size=array([0.22, 0.22]), texRes=128, units='height', win=Window(...))
8.9615 	EXP 	Created two = ImageStim(__class__=<class 'psychopy.visual.image.ImageStim'>, autoLog=True, color=array([1., 1., 1.]), colorSpace='rgb', contrast=1.0, depth=-2.0, flipHoriz=False, flipVert=False, image=str(...), interpolate=True, mask=None, maskParams=None, name='two', opacity=1.0, ori=0.0, pos=array([-0.45,  0.3 ]), size=array([0.22, 0.22]), texRes=128, units='height', win=Window(...))
9.0476 	EXP 	Created three = ImageStim(__class__=<class 'psychopy.visual.image.ImageStim'>, autoLog=True, color=array([1., 1., 1.]), colorSpace='rgb', contrast=1.0, depth=-3.0, flipHoriz=False, flipVert=False, image=str(...), interpolate=True, mask=None, maskParams=None, name='three', opacity=1.0, ori=0.0, pos=array([-0.2,  0.3]), size=array([0.22, 0.22]), texRes=128, units='height', win=Window(...))
9.1315 	EXP 	Created seven = ImageStim(__class__=<class 'psychopy.visual.image.ImageStim'>, autoLog=True, color=array([1., 1., 1.]), colorSpace='rgb', contrast=1.0, depth=-4.0, flipHoriz=False, flipVert=False, image=str(...), interpolate=True, mask=None, maskParams=None, name='seven', opacity=1.0, ori=0.0, pos=array([-0.7, -0.3]), size=array([0.22, 0.22]), texRes=128, units='height', win=Window(...))
9.2190 	EXP 	Created eight = ImageStim(__class__=<class 'psychopy.visual.image.ImageStim'>, autoLog=True, color=array([1., 1., 1.]), colorSpace='rgb', contrast=1.0, depth=-5.0, flipHoriz=False, flipVert=False, image=str(...), interpolate=True, mask=None, maskParams=None, name='eight', opacity=1.0, ori=0.0, pos=array([-0.45, -0.3 ]), size=array([0.22, 0.22]), texRes=128, units='height', win=Window(...))
9.3032 	EXP 	Created nine = ImageStim(__class__=<class 'psychopy.visual.image.ImageStim'>, autoLog=True, color=array([1., 1., 1.]), colorSpace='rgb', contrast=1.0, depth=-6.0, flipHoriz=False, flipVert=False, image=str(...), interpolate=True, mask=None, maskParams=None, name='nine', opacity=1.0, ori=0.0, pos=array([-0.2, -0.3]), size=array([0.22, 0.22]), texRes=128, units='height', win=Window(...))
9.3869 	EXP 	Created four = ImageStim(__class__=<class 'psychopy.visual.image.ImageStim'>, autoLog=True, color=array([1., 1., 1.]), colorSpace='rgb', contrast=1.0, depth=-7.0, flipHoriz=False, flipVert=False, image=str(...), interpolate=True, mask=None, maskParams=None, name='four', opacity=1.0, ori=0.0, pos=array([0.2, 0.3]), size=array([0.22, 0.22]), texRes=128, units='height', win=Window(...))
9.4701 	EXP 	Created five = ImageStim(__class__=<class 'psychopy.visual.image.ImageStim'>, autoLog=True, color=array([1., 1., 1.]), colorSpace='rgb', contrast=1.0, depth=-8.0, flipHoriz=False, flipVert=False, image=str(...), interpolate=True, mask=None, maskParams=None, name='five', opacity=1.0, ori=0.0, pos=array([0.45, 0.3 ]), size=array([0.22, 0.22]), texRes=128, units='height', win=Window(...))
9.5568 	EXP 	Created six = ImageStim(__class__=<class 'psychopy.visual.image.ImageStim'>, autoLog=True, color=array([1., 1., 1.]), colorSpace='rgb', contrast=1.0, depth=-9.0, flipHoriz=False, flipVert=False, image=str(...), interpolate=True, mask=None, maskParams=None, name='six', opacity=1.0, ori=0.0, pos=array([0.7, 0.3]), size=array([0.22, 0.22]), texRes=128, units='height', win=Window(...))
9.6487 	EXP 	Created ten = ImageStim(__class__=<class 'psychopy.visual.image.ImageStim'>, autoLog=True, color=array([1., 1., 1.]), colorSpace='rgb', contrast=1.0, depth=-10.0, flipHoriz=False, flipVert=False, image=str(...), interpolate=True, mask=None, maskParams=None, name='ten', opacity=1.0, ori=0.0, pos=array([ 0.2, -0.3]), size=array([0.22, 0.22]), texRes=128, units='height', win=Window(...))
9.7378 	EXP 	Created eleven = ImageStim(__class__=<class 'psychopy.visual.image.ImageStim'>, autoLog=True, color=array([1., 1., 1.]), colorSpace='rgb', contrast=1.0, depth=-11.0, flipHoriz=False, flipVert=False, image=str(...), interpolate=True, mask=None, maskParams=None, name='eleven', opacity=1.0, ori=0.0, pos=array([ 0.45, -0.3 ]), size=array([0.22, 0.22]), texRes=128, units='height', win=Window(...))
9.8210 	EXP 	Created twelve = ImageStim(__class__=<class 'psychopy.visual.image.ImageStim'>, autoLog=True, color=array([1., 1., 1.]), colorSpace='rgb', contrast=1.0, depth=-12.0, flipHoriz=False, flipVert=False, image=str(...), interpolate=True, mask=None, maskParams=None, name='twelve', opacity=1.0, ori=0.0, pos=array([ 0.7, -0.3]), size=array([0.22, 0.22]), texRes=128, units='height', win=Window(...))
9.8401 	EXP 	Created finish_trial1 = TextStim(__class__=<class 'psychopy.visual.text.TextStim'>, alignHoriz='center', alignVert='center', antialias=True, autoLog=True, bold=False, color='white', colorSpace='named', contrast=1.0, depth=-14.0, flipHoriz=False, flipVert=False, font='Arial', fontFiles=[], height=0.1, italic=False, languageStyle='LTR', name='finish_trial1', opacity=1.0, ori=0, pos=array([0., 0.]), rgb=array([255., 255., 255.]), text='Continue', units='height', win=Window(...), wrapWidth=1)
9.8714 	EXP 	instruction_text: autoDraw = True
9.8714 	EXP 	text_2: autoDraw = True
10.5083 	DATA 	Mouse: Left button down, pos=(896,55)
10.5239 	EXP 	instruction_text: autoDraw = False
10.5239 	EXP 	text_2: autoDraw = False
10.5239 	EXP 	text: autoDraw = True
10.5605 	DATA 	Mouse:  Left button up, pos=(896,55)
11.7422 	DATA 	Mouse: Left button down, pos=(827,640)
12.2587 	DATA 	Mouse:  Left button up, pos=(827,640)
12.2703 	EXP 	text: autoDraw = False
12.2703 	EXP 	one: autoDraw = True
12.2703 	EXP 	two: autoDraw = True
12.2703 	EXP 	three: autoDraw = True
12.2703 	EXP 	seven: autoDraw = True
12.2703 	EXP 	eight: autoDraw = True
12.2703 	EXP 	nine: autoDraw = True
12.2703 	EXP 	four: autoDraw = True
12.2703 	EXP 	five: autoDraw = True
12.2703 	EXP 	six: autoDraw = True
12.2703 	EXP 	ten: autoDraw = True
12.2703 	EXP 	eleven: autoDraw = True
12.2703 	EXP 	twelve: autoDraw = True
12.2703 	EXP 	finish_trial1: autoDraw = True
13.1099 	DATA 	Mouse: Left button down, pos=(534,866)
13.1467 	EXP 	two: pos = array([-0.39444444,  0.30185185])
13.1654 	EXP 	two: pos = array([-0.39444444,  0.30185185])
13.1878 	EXP 	two: pos = array([-0.39444444,  0.30185185])
13.2077 	EXP 	two: pos = array([-0.39444444,  0.30185185])
13.2240 	EXP 	two: pos = array([-0.39444444,  0.30185185])
13.2407 	EXP 	two: pos = array([-0.39444444,  0.30185185])
13.2575 	EXP 	two: pos = array([-0.39444444,  0.30185185])
13.2746 	EXP 	two: pos = array([-0.39444444,  0.30185185])
14.0522 	EXP 	two: pos = array([-0.38518519,  0.20277778])
14.0811 	EXP 	two: pos = array([-0.38611111,  0.20555556])
14.1078 	EXP 	two: pos = array([-0.39722222,  0.21481481])
14.1292 	EXP 	two: pos = array([-0.41018519,  0.22685185])
14.1506 	EXP 	two: pos = array([-0.43333333,  0.25185185])
14.1696 	EXP 	two: pos = array([-0.43703704,  0.25925926])
14.1920 	EXP 	two: pos = array([-0.44166667,  0.26759259])
14.2085 	EXP 	two: pos = array([-0.44259259,  0.26851852])
14.2253 	EXP 	two: pos = array([-0.44259259,  0.26944444])
14.2419 	EXP 	two: pos = array([-0.44259259,  0.27037037])
14.2428 	DATA 	Mouse:  Left button up, pos=(482,832)
14.6332 	DATA 	Mouse: Left button down, pos=(482,832)
14.6753 	EXP 	two: pos = array([-0.44259259,  0.27037037])
14.6991 	EXP 	two: pos = array([-0.44259259,  0.27037037])
14.7189 	EXP 	two: pos = array([-0.44259259,  0.27037037])
14.7368 	EXP 	two: pos = array([-0.44259259,  0.27037037])
14.7566 	EXP 	two: pos = array([-0.44259259,  0.27037037])
14.7763 	EXP 	two: pos = array([-0.44259259,  0.27037037])
14.7927 	EXP 	two: pos = array([-0.44259259,  0.27037037])
14.8099 	EXP 	two: pos = array([-0.44259259,  0.27037037])
14.8313 	EXP 	two: pos = array([-0.43333333,  0.2       ])
14.8572 	EXP 	two: pos = array([-0.41759259,  0.14722222])
14.8801 	EXP 	two: pos = array([-0.38981481,  0.10092593])
14.8989 	EXP 	two: pos = array([-0.36111111,  0.06851852])
14.9183 	EXP 	two: pos = array([-0.34259259,  0.05092593])
14.9367 	EXP 	two: pos = array([-0.31666667,  0.02592593])
14.9626 	EXP 	two: pos = array([-0.28611111,  0.00462963])
14.9829 	EXP 	two: pos = array([-0.25185185, -0.01481481])
15.0025 	EXP 	two: pos = array([-0.21296296, -0.03148148])
15.0223 	EXP 	two: pos = array([-0.19166667, -0.04166667])
15.0432 	EXP 	two: pos = array([-0.16203704, -0.05      ])
15.0652 	EXP 	two: pos = array([-0.12592593, -0.05833333])
15.0876 	EXP 	two: pos = array([-0.08240741, -0.06296296])
15.1071 	EXP 	two: pos = array([-0.05462963, -0.06388889])
15.1262 	EXP 	two: pos = array([-0.0212963 , -0.06574074])
15.1428 	EXP 	two: pos = array([ 0.01388889, -0.06666667])
15.1594 	EXP 	two: pos = array([ 0.04907407, -0.06666667])
15.1759 	EXP 	two: pos = array([ 0.06666667, -0.06666667])
15.1928 	EXP 	two: pos = array([ 0.08518519, -0.06388889])
15.2095 	EXP 	two: pos = array([ 0.11203704, -0.06111111])
15.2262 	EXP 	two: pos = array([ 0.14351852, -0.05925926])
15.2430 	EXP 	two: pos = array([ 0.16481481, -0.05648148])
15.2604 	EXP 	two: pos = array([ 0.19814815, -0.0537037 ])
15.2766 	EXP 	two: pos = array([ 0.21851852, -0.05277778])
15.2930 	EXP 	two: pos = array([ 0.23425926, -0.05092593])
15.3098 	EXP 	two: pos = array([ 0.25462963, -0.05      ])
15.3271 	EXP 	two: pos = array([ 0.28888889, -0.04814815])
15.3469 	EXP 	two: pos = array([ 0.31111111, -0.04814815])
15.3746 	EXP 	two: pos = array([ 0.34074074, -0.04814815])
15.3985 	EXP 	two: pos = array([ 0.38425926, -0.04537037])
15.4206 	EXP 	two: pos = array([ 0.41296296, -0.04166667])
15.4399 	EXP 	two: pos = array([ 0.425     , -0.03888889])
15.4620 	EXP 	two: pos = array([ 0.43055556, -0.03703704])
15.4823 	EXP 	two: pos = array([ 0.43796296, -0.03148148])
15.4847 	DATA 	Mouse:  Left button up, pos=(1434,507)
15.7794 	DATA 	Mouse: Left button down, pos=(1434,507)
15.8164 	EXP 	two: pos = array([ 0.43888889, -0.03055556])
15.8367 	EXP 	two: pos = array([ 0.43888889, -0.03055556])
15.8575 	EXP 	two: pos = array([ 0.43888889, -0.03055556])
15.8791 	EXP 	two: pos = array([ 0.43888889, -0.03055556])
15.8988 	EXP 	two: pos = array([ 0.43888889, -0.03055556])
15.9159 	EXP 	two: pos = array([ 0.43888889, -0.03055556])
15.9348 	EXP 	two: pos = array([ 0.43888889, -0.03055556])
15.9519 	EXP 	two: pos = array([ 0.43888889, -0.03055556])
15.9690 	EXP 	two: pos = array([ 0.43888889, -0.03055556])
15.9864 	EXP 	two: pos = array([ 0.46388889, -0.04351852])
16.0058 	EXP 	two: pos = array([ 0.49166667, -0.05833333])
16.0249 	EXP 	two: pos = array([ 0.53240741, -0.07962963])
16.0494 	EXP 	two: pos = array([ 0.55740741, -0.09166667])
16.0755 	EXP 	two: pos = array([ 0.59259259, -0.11018519])
16.0963 	EXP 	two: pos = array([ 0.61203704, -0.12037037])
16.1167 	EXP 	two: pos = array([ 0.62685185, -0.12777778])
16.1353 	EXP 	two: pos = array([ 0.64074074, -0.13611111])
16.1537 	EXP 	two: pos = array([ 0.64907407, -0.14074074])
16.1755 	EXP 	two: pos = array([ 0.65740741, -0.14814815])
16.1940 	EXP 	two: pos = array([ 0.65925926, -0.14907407])
16.2106 	EXP 	two: pos = array([ 0.66296296, -0.15185185])
16.2272 	EXP 	two: pos = array([ 0.66666667, -0.15555556])
16.2437 	EXP 	two: pos = array([ 0.66851852, -0.15740741])
16.2605 	EXP 	two: pos = array([ 0.67037037, -0.16111111])
16.2774 	EXP 	two: pos = array([ 0.67222222, -0.16296296])
16.2942 	EXP 	two: pos = array([ 0.67592593, -0.16851852])
16.3112 	EXP 	two: pos = array([ 0.6787037 , -0.17314815])
16.3293 	EXP 	two: pos = array([ 0.68333333, -0.1787037 ])
16.3484 	EXP 	two: pos = array([ 0.68425926, -0.18240741])
16.3655 	EXP 	two: pos = array([ 0.68611111, -0.18888889])
16.3864 	EXP 	two: pos = array([ 0.68703704, -0.19351852])
16.4085 	EXP 	two: pos = array([ 0.68796296, -0.20185185])
16.4278 	EXP 	two: pos = array([ 0.68888889, -0.20833333])
16.4447 	EXP 	two: pos = array([ 0.68981481, -0.21111111])
16.4642 	EXP 	two: pos = array([ 0.69074074, -0.21481481])
16.4829 	EXP 	two: pos = array([ 0.69259259, -0.22037037])
16.5085 	EXP 	two: pos = array([ 0.69259259, -0.22407407])
16.5279 	EXP 	two: pos = array([ 0.69444444, -0.2287037 ])
16.5452 	EXP 	two: pos = array([ 0.69444444, -0.23148148])
16.5628 	EXP 	two: pos = array([ 0.69444444, -0.23333333])
16.5786 	EXP 	two: pos = array([ 0.69444444, -0.23611111])
16.5960 	EXP 	two: pos = array([ 0.69444444, -0.23703704])
16.6110 	EXP 	two: pos = array([ 0.69444444, -0.23796296])
16.6288 	EXP 	two: pos = array([ 0.69444444, -0.23981481])
16.6461 	EXP 	two: pos = array([ 0.69444444, -0.24166667])
16.6632 	EXP 	two: pos = array([ 0.69444444, -0.24259259])
16.6836 	EXP 	two: pos = array([ 0.69537037, -0.24444444])
16.7050 	EXP 	two: pos = array([ 0.6962963 , -0.24814815])
16.7299 	EXP 	two: pos = array([ 0.6962963, -0.25     ])
16.7525 	EXP 	two: pos = array([ 0.6962963 , -0.25277778])
16.7726 	EXP 	two: pos = array([ 0.69722222, -0.25462963])
16.7977 	EXP 	two: pos = array([ 0.69722222, -0.25740741])
16.8255 	EXP 	two: pos = array([ 0.69722222, -0.25925926])
16.8509 	EXP 	two: pos = array([ 0.69722222, -0.26388889])
16.8776 	EXP 	two: pos = array([ 0.69722222, -0.26759259])
16.9009 	EXP 	two: pos = array([ 0.69722222, -0.26944444])
16.9179 	EXP 	two: pos = array([ 0.69722222, -0.27222222])
16.9436 	EXP 	two: pos = array([ 0.69722222, -0.27407407])
16.9631 	EXP 	two: pos = array([ 0.69722222, -0.27777778])
16.9795 	EXP 	two: pos = array([ 0.69722222, -0.28055556])
16.9963 	EXP 	two: pos = array([ 0.69722222, -0.28240741])
17.0122 	EXP 	two: pos = array([ 0.69722222, -0.28518519])
17.0301 	EXP 	two: pos = array([ 0.69722222, -0.28611111])
17.0461 	EXP 	two: pos = array([ 0.69722222, -0.28796296])
17.0632 	EXP 	two: pos = array([ 0.69722222, -0.28888889])
17.0799 	EXP 	two: pos = array([ 0.69722222, -0.29074074])
17.0964 	EXP 	two: pos = array([ 0.69722222, -0.29259259])
17.1131 	EXP 	two: pos = array([ 0.69722222, -0.29351852])
17.1296 	EXP 	two: pos = array([ 0.69722222, -0.29444444])
17.1461 	EXP 	two: pos = array([ 0.69722222, -0.29537037])
17.1629 	EXP 	two: pos = array([ 0.69722222, -0.2962963 ])
17.1809 	EXP 	two: pos = array([ 0.69722222, -0.2962963 ])
17.1976 	EXP 	two: pos = array([ 0.69722222, -0.29722222])
17.2138 	EXP 	two: pos = array([ 0.69722222, -0.29814815])
17.2312 	EXP 	two: pos = array([ 0.69722222, -0.29907407])
17.2496 	EXP 	two: pos = array([ 0.69722222, -0.3       ])
17.2664 	EXP 	two: pos = array([ 0.69722222, -0.30092593])
17.2839 	EXP 	two: pos = array([ 0.69722222, -0.30185185])
17.3104 	EXP 	two: pos = array([ 0.69722222, -0.30185185])
17.3294 	EXP 	two: pos = array([ 0.69722222, -0.3037037 ])
17.3469 	EXP 	two: pos = array([ 0.69722222, -0.30462963])
17.3623 	EXP 	two: pos = array([ 0.69722222, -0.30555556])
17.3786 	EXP 	two: pos = array([ 0.69722222, -0.30648148])
17.3954 	EXP 	two: pos = array([ 0.69722222, -0.30648148])
17.4122 	EXP 	two: pos = array([ 0.69722222, -0.30740741])
17.4286 	EXP 	two: pos = array([ 0.69722222, -0.30740741])
17.4456 	EXP 	two: pos = array([ 0.69722222, -0.30740741])
17.4624 	EXP 	two: pos = array([ 0.69722222, -0.30740741])
17.4787 	EXP 	two: pos = array([ 0.69722222, -0.30740741])
17.4955 	EXP 	two: pos = array([ 0.69722222, -0.30740741])
17.5124 	EXP 	two: pos = array([ 0.69722222, -0.30740741])
17.5291 	EXP 	two: pos = array([ 0.69722222, -0.30740741])
17.5458 	EXP 	two: pos = array([ 0.6962963 , -0.30740741])
17.5519 	DATA 	Mouse:  Left button up, pos=(1712,208)
17.5644 	EXP 	two: pos = array([ 0.6962963 , -0.30740741])
18.2641 	DATA 	Mouse: Left button down, pos=(1712,208)
18.2972 	EXP 	two: pos = array([ 0.6962963 , -0.30740741])
18.3135 	EXP 	two: pos = array([ 0.6962963 , -0.30740741])
18.3307 	EXP 	two: pos = array([ 0.6962963 , -0.30740741])
18.3466 	EXP 	two: pos = array([ 0.6962963 , -0.30740741])
18.3633 	EXP 	two: pos = array([ 0.6962963 , -0.30740741])
18.3800 	EXP 	two: pos = array([ 0.6962963 , -0.30740741])
18.3968 	EXP 	two: pos = array([ 0.6962963 , -0.30740741])
18.4134 	EXP 	two: pos = array([ 0.6962963 , -0.30740741])
18.4300 	EXP 	two: pos = array([ 0.6962963 , -0.30740741])
18.4468 	EXP 	two: pos = array([ 0.6962963 , -0.30740741])
18.4632 	EXP 	two: pos = array([ 0.6962963 , -0.30740741])
18.4799 	EXP 	two: pos = array([ 0.6962963 , -0.30740741])
18.4967 	EXP 	two: pos = array([ 0.69259259, -0.27407407])
18.5135 	EXP 	two: pos = array([ 0.68796296, -0.23611111])
18.5297 	EXP 	two: pos = array([ 0.68796296, -0.225     ])
18.5468 	EXP 	two: pos = array([ 0.68796296, -0.21666667])
18.5634 	EXP 	two: pos = array([ 0.68703704, -0.20740741])
18.5799 	EXP 	two: pos = array([ 0.68611111, -0.20462963])
18.5966 	EXP 	two: pos = array([ 0.68611111, -0.20185185])
18.6134 	EXP 	two: pos = array([ 0.68611111, -0.2       ])
18.6302 	EXP 	two: pos = array([ 0.68611111, -0.19722222])
18.6467 	EXP 	two: pos = array([ 0.68611111, -0.1962963 ])
18.6638 	EXP 	two: pos = array([ 0.68611111, -0.19444444])
18.6804 	EXP 	two: pos = array([ 0.68611111, -0.19259259])
18.6967 	EXP 	two: pos = array([ 0.68611111, -0.18981481])
18.7134 	EXP 	two: pos = array([ 0.68611111, -0.18888889])
18.7301 	EXP 	two: pos = array([ 0.68611111, -0.18703704])
18.7474 	EXP 	two: pos = array([ 0.68611111, -0.18611111])
18.7677 	EXP 	two: pos = array([ 0.68611111, -0.18518519])
18.7874 	EXP 	two: pos = array([ 0.68611111, -0.18518519])
18.8047 	EXP 	two: pos = array([ 0.68611111, -0.18518519])
18.8223 	EXP 	two: pos = array([ 0.68611111, -0.18703704])
18.8402 	EXP 	two: pos = array([ 0.68611111, -0.18796296])
18.8583 	EXP 	two: pos = array([ 0.68611111, -0.18981481])
18.8784 	EXP 	two: pos = array([ 0.68796296, -0.19351852])
18.9019 	EXP 	two: pos = array([ 0.68796296, -0.19444444])
18.9203 	EXP 	two: pos = array([ 0.68981481, -0.19814815])
18.9388 	EXP 	two: pos = array([ 0.69259259, -0.20555556])
18.9614 	EXP 	two: pos = array([ 0.69444444, -0.21018519])
18.9809 	EXP 	two: pos = array([ 0.6962963 , -0.21851852])
18.9985 	EXP 	two: pos = array([ 0.69814815, -0.22685185])
19.0159 	EXP 	two: pos = array([ 0.69907407, -0.23055556])
19.0306 	EXP 	two: pos = array([ 0.7       , -0.23703704])
19.0475 	EXP 	two: pos = array([ 0.7       , -0.23888889])
19.0642 	EXP 	two: pos = array([ 0.70092593, -0.24259259])
19.0807 	EXP 	two: pos = array([ 0.70092593, -0.24722222])
19.0974 	EXP 	two: pos = array([ 0.70092593, -0.25277778])
19.1141 	EXP 	two: pos = array([ 0.70092593, -0.25648148])
19.1307 	EXP 	two: pos = array([ 0.70092593, -0.25833333])
19.1474 	EXP 	two: pos = array([ 0.70092593, -0.26018519])
19.1641 	EXP 	two: pos = array([ 0.70092593, -0.26388889])
19.1806 	EXP 	two: pos = array([ 0.70092593, -0.26574074])
19.1977 	EXP 	two: pos = array([ 0.70092593, -0.26759259])
19.2144 	EXP 	two: pos = array([ 0.70092593, -0.27037037])
19.2308 	EXP 	two: pos = array([ 0.70092593, -0.2712963 ])
19.2476 	EXP 	two: pos = array([ 0.70092593, -0.27222222])
19.2641 	EXP 	two: pos = array([ 0.70092593, -0.27314815])
19.2809 	EXP 	two: pos = array([ 0.70092593, -0.27407407])
19.2999 	EXP 	two: pos = array([ 0.70092593, -0.275     ])
19.3142 	EXP 	two: pos = array([ 0.70092593, -0.27592593])
19.3317 	EXP 	two: pos = array([ 0.70092593, -0.27685185])
19.3478 	EXP 	two: pos = array([ 0.70092593, -0.27685185])
19.3643 	EXP 	two: pos = array([ 0.70092593, -0.27685185])
19.3813 	EXP 	two: pos = array([ 0.70092593, -0.27777778])
19.3981 	EXP 	two: pos = array([ 0.70092593, -0.27777778])
19.4166 	EXP 	two: pos = array([ 0.70092593, -0.2787037 ])
19.4313 	EXP 	two: pos = array([ 0.70092593, -0.28055556])
19.4478 	EXP 	two: pos = array([ 0.70092593, -0.28148148])
19.4645 	EXP 	two: pos = array([ 0.7       , -0.28148148])
19.4815 	EXP 	two: pos = array([ 0.7       , -0.28333333])
19.4981 	EXP 	two: pos = array([ 0.7       , -0.28333333])
19.5147 	EXP 	two: pos = array([ 0.7       , -0.28333333])
19.5311 	EXP 	two: pos = array([ 0.7       , -0.28518519])
19.5478 	EXP 	two: pos = array([ 0.7       , -0.28518519])
19.5643 	EXP 	two: pos = array([ 0.7       , -0.28611111])
19.5821 	EXP 	two: pos = array([ 0.7       , -0.28703704])
19.5986 	EXP 	two: pos = array([ 0.7       , -0.28796296])
19.6156 	EXP 	two: pos = array([ 0.7       , -0.28888889])
19.6318 	EXP 	two: pos = array([ 0.7       , -0.28888889])
19.6487 	EXP 	two: pos = array([ 0.7       , -0.28888889])
19.6652 	EXP 	two: pos = array([ 0.7       , -0.28888889])
19.6824 	EXP 	two: pos = array([ 0.7       , -0.28888889])
19.6987 	EXP 	two: pos = array([ 0.7       , -0.28888889])
19.7156 	EXP 	two: pos = array([ 0.7       , -0.28888889])
19.7323 	EXP 	two: pos = array([ 0.7       , -0.28888889])
19.7491 	EXP 	two: pos = array([ 0.69907407, -0.28888889])
19.7658 	EXP 	two: pos = array([ 0.69907407, -0.28888889])
19.7824 	EXP 	two: pos = array([ 0.69907407, -0.28888889])
19.7993 	EXP 	two: pos = array([ 0.69907407, -0.28888889])
19.8159 	EXP 	two: pos = array([ 0.69907407, -0.28981481])
19.8323 	EXP 	two: pos = array([ 0.69907407, -0.28981481])
19.8497 	EXP 	two: pos = array([ 0.69907407, -0.28981481])
19.8653 	EXP 	two: pos = array([ 0.69907407, -0.29074074])
19.8827 	EXP 	two: pos = array([ 0.69907407, -0.29166667])
19.8992 	EXP 	two: pos = array([ 0.69907407, -0.29259259])
19.9156 	EXP 	two: pos = array([ 0.69907407, -0.29351852])
19.9324 	EXP 	two: pos = array([ 0.69907407, -0.29351852])
19.9500 	EXP 	two: pos = array([ 0.69907407, -0.29444444])
19.9657 	EXP 	two: pos = array([ 0.69814815, -0.29537037])
19.9833 	EXP 	two: pos = array([ 0.69814815, -0.2962963 ])
19.9995 	EXP 	two: pos = array([ 0.69814815, -0.29722222])
20.0156 	EXP 	two: pos = array([ 0.69814815, -0.29814815])
20.0325 	EXP 	two: pos = array([ 0.69814815, -0.29907407])
20.0495 	EXP 	two: pos = array([ 0.69814815, -0.29907407])
20.0648 	EXP 	two: pos = array([ 0.69814815, -0.3       ])
20.0824 	EXP 	two: pos = array([ 0.69814815, -0.3       ])
20.0993 	EXP 	two: pos = array([ 0.69814815, -0.30092593])
20.1164 	EXP 	two: pos = array([ 0.69814815, -0.30092593])
20.1325 	EXP 	two: pos = array([ 0.69722222, -0.30092593])
20.1498 	EXP 	two: pos = array([ 0.69722222, -0.30092593])
20.1665 	EXP 	two: pos = array([ 0.69722222, -0.30092593])
20.1827 	EXP 	two: pos = array([ 0.69722222, -0.30092593])
20.2004 	EXP 	two: pos = array([ 0.69722222, -0.30092593])
20.2161 	EXP 	two: pos = array([ 0.69722222, -0.30092593])
20.2336 	EXP 	two: pos = array([ 0.69722222, -0.30092593])
20.2495 	EXP 	two: pos = array([ 0.69722222, -0.30092593])
20.2670 	EXP 	two: pos = array([ 0.69722222, -0.30092593])
20.2836 	EXP 	two: pos = array([ 0.69722222, -0.30092593])
20.2997 	EXP 	two: pos = array([ 0.69722222, -0.30092593])
20.3158 	EXP 	two: pos = array([ 0.69722222, -0.30092593])
20.3173 	DATA 	Mouse:  Left button up, pos=(1713,215)
21.0343 	DATA 	Mouse: Left button down, pos=(1079,510)
21.1525 	DATA 	Mouse:  Left button up, pos=(1079,510)
21.8916 	DATA 	Mouse: Left button down, pos=(236,854)
21.9237 	EXP 	one: autoDraw = False
21.9237 	EXP 	two: autoDraw = False
21.9237 	EXP 	three: autoDraw = False
21.9237 	EXP 	seven: autoDraw = False
21.9237 	EXP 	eight: autoDraw = False
21.9237 	EXP 	nine: autoDraw = False
21.9237 	EXP 	four: autoDraw = False
21.9237 	EXP 	five: autoDraw = False
21.9237 	EXP 	six: autoDraw = False
21.9237 	EXP 	ten: autoDraw = False
21.9237 	EXP 	eleven: autoDraw = False
21.9237 	EXP 	twelve: autoDraw = False
21.9237 	EXP 	finish_trial1: autoDraw = False
22.0609 	EXP 	window1: mouseVisible = True
