9.0435 	EXP 	Created window1 = Window(allowGUI=True, allowStencil=False, args=UNKNOWN, autoLog=True, bitsMode=UNKNOWN, blendMode='avg', color=array([0., 0., 0.]), colorSpace='rgb', fullscr=<method-wrapper '__getattribute__' of attributeSetter object at 0x000001FF19853DA0>, gamma=None, gammaErrorPolicy='raise', kwargs=UNKNOWN, lms=UNKNOWN, monitor=<psychopy.monitors.calibTools.Monitor object at 0x000001FF1995A470>, multiSample=False, name='window1', numSamples=2, pos=[0.0, 0.0], screen=0, size=array([1920, 1080]), stereo=False, units='height', useFBO=True, useRetina=False, viewOri=0.0, viewPos=None, viewScale=None, waitBlanking=True, winType='pyglet')
9.0436 	EXP 	window1: recordFrameIntervals = False
9.2113 	EXP 	window1: recordFrameIntervals = True
9.3940 	EXP 	window1: recordFrameIntervals = False
9.7629 	EXP 	Created instruction_text = TextStim(__class__=<class 'psychopy.visual.text.TextStim'>, alignHoriz='center', alignVert='center', antialias=True, autoLog=True, bold=False, color='white', colorSpace='named', contrast=1.0, depth=0.0, flipHoriz=False, flipVert=False, font='Arial', fontFiles=[], height=0.05, italic=False, languageStyle='LTR', name='instruction_text', opacity=1.0, ori=0, pos=array([0., 0.]), rgb=array([255., 255., 255.]), text=str(...), units='height', win=Window(...), wrapWidth=1)
9.7715 	EXP 	Created text_2 = TextStim(__class__=<class 'psychopy.visual.text.TextStim'>, alignHoriz='center', alignVert='center', antialias=True, autoLog=True, bold=False, color='white', colorSpace='named', contrast=1.0, depth=-2.0, flipHoriz=False, flipVert=False, font='Arial', fontFiles=[], height=0.05, italic=False, languageStyle='LTR', name='text_2', opacity=1.0, ori=0, pos=array([ 0.  , -0.45]), rgb=array([255., 255., 255.]), text='Click here to continue.', units='height', win=Window(...), wrapWidth=1)
9.7825 	EXP 	Created text = TextStim(__class__=<class 'psychopy.visual.text.TextStim'>, alignHoriz='center', alignVert='center', antialias=True, autoLog=True, bold=False, color='white', colorSpace='named', contrast=1.0, depth=0.0, flipHoriz=False, flipVert=False, font='Arial', fontFiles=[], height=0.05, italic=False, languageStyle='LTR', name='text', opacity=1.0, ori=0, pos=array([0., 0.]), rgb=array([255., 255., 255.]), text='Here is a video example.', units='height', win=Window(...), wrapWidth=1)
9.8138 	EXP 	Created one = ImageStim(__class__=<class 'psychopy.visual.image.ImageStim'>, autoLog=True, color=array([1., 1., 1.]), colorSpace='rgb', contrast=1.0, depth=0.0, flipHoriz=False, flipVert=False, image=str(...), interpolate=True, mask=None, maskParams=None, name='one', opacity=1.0, ori=0.0, pos=array([-0.7,  0.3]), size=array([0.22, 0.22]), texRes=128, units='height', win=Window(...))
9.8639 	EXP 	Created two = ImageStim(__class__=<class 'psychopy.visual.image.ImageStim'>, autoLog=True, color=array([1., 1., 1.]), colorSpace='rgb', contrast=1.0, depth=-2.0, flipHoriz=False, flipVert=False, image=str(...), interpolate=True, mask=None, maskParams=None, name='two', opacity=1.0, ori=0.0, pos=array([-0.45,  0.3 ]), size=array([0.22, 0.22]), texRes=128, units='height', win=Window(...))
9.9017 	EXP 	Created three = ImageStim(__class__=<class 'psychopy.visual.image.ImageStim'>, autoLog=True, color=array([1., 1., 1.]), colorSpace='rgb', contrast=1.0, depth=-3.0, flipHoriz=False, flipVert=False, image=str(...), interpolate=True, mask=None, maskParams=None, name='three', opacity=1.0, ori=0.0, pos=array([-0.2,  0.3]), size=array([0.22, 0.22]), texRes=128, units='height', win=Window(...))
9.9565 	EXP 	Created seven = ImageStim(__class__=<class 'psychopy.visual.image.ImageStim'>, autoLog=True, color=array([1., 1., 1.]), colorSpace='rgb', contrast=1.0, depth=-4.0, flipHoriz=False, flipVert=False, image=str(...), interpolate=True, mask=None, maskParams=None, name='seven', opacity=1.0, ori=0.0, pos=array([-0.7, -0.3]), size=array([0.22, 0.22]), texRes=128, units='height', win=Window(...))
10.0244 	EXP 	Created eight = ImageStim(__class__=<class 'psychopy.visual.image.ImageStim'>, autoLog=True, color=array([1., 1., 1.]), colorSpace='rgb', contrast=1.0, depth=-5.0, flipHoriz=False, flipVert=False, image=str(...), interpolate=True, mask=None, maskParams=None, name='eight', opacity=1.0, ori=0.0, pos=array([-0.45, -0.3 ]), size=array([0.22, 0.22]), texRes=128, units='height', win=Window(...))
10.1142 	EXP 	Created nine = ImageStim(__class__=<class 'psychopy.visual.image.ImageStim'>, autoLog=True, color=array([1., 1., 1.]), colorSpace='rgb', contrast=1.0, depth=-6.0, flipHoriz=False, flipVert=False, image=str(...), interpolate=True, mask=None, maskParams=None, name='nine', opacity=1.0, ori=0.0, pos=array([-0.2, -0.3]), size=array([0.22, 0.22]), texRes=128, units='height', win=Window(...))
10.1668 	EXP 	Created four = ImageStim(__class__=<class 'psychopy.visual.image.ImageStim'>, autoLog=True, color=array([1., 1., 1.]), colorSpace='rgb', contrast=1.0, depth=-7.0, flipHoriz=False, flipVert=False, image=str(...), interpolate=True, mask=None, maskParams=None, name='four', opacity=1.0, ori=0.0, pos=array([0.2, 0.3]), size=array([0.22, 0.22]), texRes=128, units='height', win=Window(...))
10.2517 	EXP 	Created five = ImageStim(__class__=<class 'psychopy.visual.image.ImageStim'>, autoLog=True, color=array([1., 1., 1.]), colorSpace='rgb', contrast=1.0, depth=-8.0, flipHoriz=False, flipVert=False, image=str(...), interpolate=True, mask=None, maskParams=None, name='five', opacity=1.0, ori=0.0, pos=array([0.45, 0.3 ]), size=array([0.22, 0.22]), texRes=128, units='height', win=Window(...))
10.3345 	EXP 	Created six = ImageStim(__class__=<class 'psychopy.visual.image.ImageStim'>, autoLog=True, color=array([1., 1., 1.]), colorSpace='rgb', contrast=1.0, depth=-9.0, flipHoriz=False, flipVert=False, image=str(...), interpolate=True, mask=None, maskParams=None, name='six', opacity=1.0, ori=0.0, pos=array([0.7, 0.3]), size=array([0.22, 0.22]), texRes=128, units='height', win=Window(...))
10.4054 	EXP 	Created ten = ImageStim(__class__=<class 'psychopy.visual.image.ImageStim'>, autoLog=True, color=array([1., 1., 1.]), colorSpace='rgb', contrast=1.0, depth=-10.0, flipHoriz=False, flipVert=False, image=str(...), interpolate=True, mask=None, maskParams=None, name='ten', opacity=1.0, ori=0.0, pos=array([ 0.2, -0.3]), size=array([0.22, 0.22]), texRes=128, units='height', win=Window(...))
10.4610 	EXP 	Created eleven = ImageStim(__class__=<class 'psychopy.visual.image.ImageStim'>, autoLog=True, color=array([1., 1., 1.]), colorSpace='rgb', contrast=1.0, depth=-11.0, flipHoriz=False, flipVert=False, image=str(...), interpolate=True, mask=None, maskParams=None, name='eleven', opacity=1.0, ori=0.0, pos=array([ 0.45, -0.3 ]), size=array([0.22, 0.22]), texRes=128, units='height', win=Window(...))
10.5128 	EXP 	Created twelve = ImageStim(__class__=<class 'psychopy.visual.image.ImageStim'>, autoLog=True, color=array([1., 1., 1.]), colorSpace='rgb', contrast=1.0, depth=-12.0, flipHoriz=False, flipVert=False, image=str(...), interpolate=True, mask=None, maskParams=None, name='twelve', opacity=1.0, ori=0.0, pos=array([ 0.7, -0.3]), size=array([0.22, 0.22]), texRes=128, units='height', win=Window(...))
10.5468 	EXP 	instruction_text: autoDraw = True
10.5468 	EXP 	text_2: autoDraw = True
12.1533 	DATA 	Mouse: Left button down, pos=(806,34)
12.1809 	EXP 	instruction_text: autoDraw = False
12.1809 	EXP 	text_2: autoDraw = False
12.1809 	EXP 	text: autoDraw = True
12.2326 	DATA 	Mouse:  Left button up, pos=(806,34)
12.6692 	DATA 	Mouse: Left button down, pos=(968,407)
13.0874 	DATA 	Mouse:  Left button up, pos=(968,407)
13.0990 	EXP 	text: autoDraw = False
13.0990 	EXP 	one: autoDraw = True
13.0990 	EXP 	two: autoDraw = True
13.0990 	EXP 	three: autoDraw = True
13.0990 	EXP 	seven: autoDraw = True
13.0990 	EXP 	eight: autoDraw = True
13.0990 	EXP 	nine: autoDraw = True
13.0990 	EXP 	four: autoDraw = True
13.0990 	EXP 	five: autoDraw = True
13.0990 	EXP 	six: autoDraw = True
13.0990 	EXP 	ten: autoDraw = True
13.0990 	EXP 	eleven: autoDraw = True
13.0990 	EXP 	twelve: autoDraw = True
13.6032 	DATA 	Mouse: Left button down, pos=(661,599)
13.7188 	DATA 	Mouse:  Left button up, pos=(661,599)
14.1156 	DATA 	Mouse: Left button down, pos=(812,921)
14.1490 	EXP 	three: pos = array([-0.13703704,  0.35277778])
14.1667 	EXP 	three: pos = array([-0.13703704,  0.35277778])
14.1834 	EXP 	three: pos = array([-0.13703704,  0.35277778])
14.1987 	EXP 	three: pos = array([-0.13703704,  0.35277778])
14.2152 	EXP 	three: pos = array([-0.13703704,  0.35277778])
14.2322 	EXP 	three: pos = array([-0.13703704,  0.35277778])
14.2491 	EXP 	three: pos = array([-0.13703704,  0.35277778])
14.2659 	EXP 	three: pos = array([-0.13703704,  0.35277778])
14.2826 	EXP 	three: pos = array([-0.13703704,  0.35277778])
14.2993 	EXP 	three: pos = array([-0.13703704,  0.35277778])
14.3152 	EXP 	three: pos = array([-0.13703704,  0.35277778])
14.3320 	EXP 	three: pos = array([-0.1287037 ,  0.33055556])
14.3488 	EXP 	three: pos = array([-0.11018519,  0.28796296])
14.3655 	EXP 	three: pos = array([-0.09537037,  0.26111111])
14.3821 	EXP 	three: pos = array([-0.07962963,  0.22685185])
14.3989 	EXP 	three: pos = array([-0.06851852,  0.1962963 ])
14.4160 	EXP 	three: pos = array([-0.04537037,  0.13981481])
14.4371 	EXP 	three: pos = array([-0.0287037 ,  0.10092593])
14.4523 	EXP 	three: pos = array([-0.01296296,  0.05      ])
14.4657 	EXP 	three: pos = array([-0.00555556,  0.01944444])
14.4825 	EXP 	three: pos = array([ 0.        , -0.01018519])
14.4992 	EXP 	three: pos = array([ 0.00462963, -0.02777778])
14.5168 	EXP 	three: pos = array([ 0.00555556, -0.04537037])
14.5368 	EXP 	three: pos = array([ 0.00462963, -0.05092593])
14.5575 	EXP 	three: pos = array([-0.00185185, -0.06018519])
14.5756 	EXP 	three: pos = array([-0.02314815, -0.07592593])
14.5965 	EXP 	three: pos = array([-0.04537037, -0.08425926])
14.6160 	EXP 	three: pos = array([-0.08425926, -0.1037037 ])
14.6323 	EXP 	three: pos = array([-0.12592593, -0.11574074])
14.6489 	EXP 	three: pos = array([-0.15      , -0.11574074])
14.6658 	EXP 	three: pos = array([-0.16851852, -0.11574074])
14.6826 	EXP 	three: pos = array([-0.19074074, -0.11203704])
14.6994 	EXP 	three: pos = array([-0.2037037 , -0.10555556])
14.7160 	EXP 	three: pos = array([-0.21203704, -0.09814815])
14.7335 	EXP 	three: pos = array([-0.225    , -0.0787037])
14.7546 	EXP 	three: pos = array([-0.23611111, -0.05555556])
14.7772 	EXP 	three: pos = array([-0.24444444, -0.025     ])
14.7961 	EXP 	three: pos = array([-0.24444444, -0.01481481])
14.8170 	EXP 	three: pos = array([-0.23981481, -0.00462963])
14.8378 	EXP 	three: pos = array([-0.22592593,  0.02037037])
14.8554 	EXP 	three: pos = array([-0.19907407,  0.05092593])
14.8786 	EXP 	three: pos = array([-0.18240741,  0.06666667])
14.8998 	EXP 	three: pos = array([-0.15      ,  0.08425926])
14.9159 	EXP 	three: pos = array([-0.11666667,  0.09722222])
14.9327 	EXP 	three: pos = array([-0.09722222,  0.10277778])
14.9494 	EXP 	three: pos = array([-0.08148148,  0.10555556])
14.9663 	EXP 	three: pos = array([-0.06481481,  0.10555556])
14.9835 	EXP 	three: pos = array([-0.05555556,  0.10462963])
14.9995 	EXP 	three: pos = array([-0.04259259,  0.1       ])
15.0164 	EXP 	three: pos = array([-0.03518519,  0.09537037])
15.0340 	EXP 	three: pos = array([-0.02592593,  0.09166667])
15.0532 	EXP 	three: pos = array([-0.01388889,  0.08518519])
15.0707 	EXP 	three: pos = array([-0.00925926,  0.08055556])
15.0910 	EXP 	three: pos = array([-0.00462963,  0.07777778])
15.1111 	EXP 	three: pos = array([-0.0037037 ,  0.07592593])
15.1308 	EXP 	three: pos = array([-0.00277778,  0.07407407])
15.1507 	EXP 	three: pos = array([-0.00092593,  0.07222222])
15.1667 	EXP 	three: pos = array([-0.00092593,  0.0712963 ])
15.1831 	EXP 	three: pos = array([-0.00092593,  0.06944444])
15.1996 	EXP 	three: pos = array([0.        , 0.06759259])
15.2165 	EXP 	three: pos = array([0.00092593, 0.06666667])
15.2329 	EXP 	three: pos = array([0.00185185, 0.06481481])
15.2499 	EXP 	three: pos = array([0.00277778, 0.06203704])
15.2670 	EXP 	three: pos = array([0.00462963, 0.05925926])
15.2842 	EXP 	three: pos = array([0.00555556, 0.05833333])
15.3051 	EXP 	three: pos = array([0.00740741, 0.05555556])
15.3272 	EXP 	three: pos = array([0.00833333, 0.05277778])
15.3425 	DATA 	Mouse:  Left button up, pos=(970,596)
15.3489 	EXP 	three: pos = array([0.00925926, 0.05277778])
16.1367 	DATA 	Mouse: Left button down, pos=(970,596)
16.1815 	EXP 	three: pos = array([0.00925926, 0.05185185])
16.2054 	EXP 	three: pos = array([0.00925926, 0.05185185])
16.2247 	EXP 	three: pos = array([0.00925926, 0.05185185])
16.2442 	EXP 	three: pos = array([0.00925926, 0.05185185])
16.2647 	EXP 	three: pos = array([0.00925926, 0.05185185])
16.2852 	EXP 	three: pos = array([0.00925926, 0.05185185])
16.3009 	EXP 	three: pos = array([0.00925926, 0.05185185])
16.3175 	EXP 	three: pos = array([-0.01018519,  0.04722222])
16.3341 	EXP 	three: pos = array([-0.07407407,  0.03148148])
16.3510 	EXP 	three: pos = array([-0.175     ,  0.00648148])
16.3677 	EXP 	three: pos = array([-0.24074074, -0.00555556])
16.3842 	EXP 	three: pos = array([-0.30462963, -0.01203704])
16.4009 	EXP 	three: pos = array([-0.36111111, -0.01944444])
16.4177 	EXP 	three: pos = array([-0.39814815, -0.0212963 ])
16.4344 	EXP 	three: pos = array([-0.42592593, -0.02222222])
16.4510 	EXP 	three: pos = array([-0.44074074, -0.02222222])
16.4677 	EXP 	three: pos = array([-0.4537037 , -0.01944444])
16.4844 	EXP 	three: pos = array([-0.46296296, -0.01851852])
16.5012 	EXP 	three: pos = array([-0.4712963 , -0.01851852])
16.5192 	EXP 	three: pos = array([-0.47777778, -0.01851852])
16.5353 	EXP 	three: pos = array([-0.48425926, -0.01759259])
16.5514 	EXP 	three: pos = array([-0.48518519, -0.01759259])
16.5685 	EXP 	three: pos = array([-0.48611111, -0.01759259])
16.5868 	EXP 	three: pos = array([-0.48611111, -0.01759259])
16.6048 	EXP 	three: pos = array([-0.48611111, -0.01759259])
16.6221 	EXP 	three: pos = array([-0.48611111, -0.01759259])
16.6268 	DATA 	Mouse:  Left button up, pos=(435,521)
17.0436 	DATA 	Mouse: Left button down, pos=(435,521)
17.0880 	EXP 	three: pos = array([-0.48611111, -0.01759259])
17.1068 	EXP 	three: pos = array([-0.48611111, -0.01759259])
17.1344 	EXP 	three: pos = array([-0.48611111, -0.01759259])
17.1576 	EXP 	three: pos = array([-0.48611111, -0.01759259])
17.1779 	EXP 	three: pos = array([-0.48611111, -0.01759259])
17.2009 	EXP 	three: pos = array([-0.48611111, -0.01759259])
17.2237 	EXP 	three: pos = array([-0.43240741, -0.02407407])
17.2426 	EXP 	three: pos = array([-0.34351852, -0.02592593])
17.2672 	EXP 	three: pos = array([-0.28518519, -0.02222222])
17.2918 	EXP 	three: pos = array([-0.17685185, -0.02222222])
17.3161 	EXP 	three: pos = array([-0.07407407, -0.02314815])
17.3356 	EXP 	three: pos = array([-0.00833333, -0.025     ])
17.3520 	EXP 	three: pos = array([ 0.09907407, -0.02592593])
17.3685 	EXP 	three: pos = array([ 0.15740741, -0.02222222])
17.3854 	EXP 	three: pos = array([ 0.19907407, -0.01574074])
17.4021 	EXP 	three: pos = array([ 0.21944444, -0.01481481])
17.4188 	EXP 	three: pos = array([ 0.22962963, -0.00740741])
17.4357 	EXP 	three: pos = array([ 0.23333333, -0.0037037 ])
17.4524 	EXP 	three: pos = array([ 0.23703704, -0.00185185])
17.4696 	EXP 	three: pos = array([ 0.23888889, -0.00185185])
17.4878 	EXP 	three: pos = array([ 0.23888889, -0.00185185])
17.5171 	EXP 	three: pos = array([ 0.23888889, -0.00185185])
17.5185 	DATA 	Mouse:  Left button up, pos=(1218,538)
17.9710 	DATA 	Mouse: Left button down, pos=(1218,538)
18.4699 	EXP 	three: pos = array([ 0.175    , -0.0537037])
18.4705 	DATA 	Mouse:  Left button up, pos=(1162,485)
18.7395 	DATA 	Mouse: Left button down, pos=(1191,499)
18.7855 	EXP 	three: pos = array([ 0.21388889, -0.03796296])
18.8061 	EXP 	three: pos = array([ 0.21388889, -0.03796296])
18.8283 	EXP 	three: pos = array([ 0.20740741, -0.03240741])
18.8505 	EXP 	three: pos = array([ 0.19074074, -0.01944444])
18.8801 	EXP 	three: pos = array([ 0.16574074, -0.00462963])
18.9036 	EXP 	three: pos = array([0.13148148, 0.01388889])
18.9248 	EXP 	three: pos = array([0.11296296, 0.02222222])
18.9462 	EXP 	three: pos = array([0.08703704, 0.03148148])
18.9637 	EXP 	three: pos = array([0.06481481, 0.03611111])
18.9828 	EXP 	three: pos = array([0.03240741, 0.04166667])
19.0059 	EXP 	three: pos = array([0.00925926, 0.04259259])
19.0312 	EXP 	three: pos = array([-0.02037037,  0.04259259])
19.0514 	EXP 	three: pos = array([-0.03611111,  0.04259259])
19.0710 	EXP 	three: pos = array([-0.04444444,  0.04074074])
19.0880 	EXP 	three: pos = array([-0.0537037 ,  0.03611111])
19.1085 	EXP 	three: pos = array([-0.06944444,  0.025     ])
19.1283 	EXP 	three: pos = array([-0.07777778,  0.01666667])
19.1519 	EXP 	three: pos = array([-0.08240741,  0.00462963])
19.1722 	EXP 	three: pos = array([-0.08333333, -0.00462963])
19.1927 	EXP 	three: pos = array([-0.08055556, -0.025     ])
19.2104 	EXP 	three: pos = array([-0.07222222, -0.03796296])
19.2322 	EXP 	three: pos = array([-0.05740741, -0.05277778])
19.2562 	EXP 	three: pos = array([-0.03518519, -0.06296296])
19.2787 	EXP 	three: pos = array([ 0.00740741, -0.06944444])
19.2980 	EXP 	three: pos = array([ 0.04351852, -0.06111111])
19.3182 	EXP 	three: pos = array([ 0.06574074, -0.04814815])
19.3377 	EXP 	three: pos = array([ 0.07592593, -0.03981481])
19.3541 	EXP 	three: pos = array([ 0.07962963, -0.03055556])
19.3710 	EXP 	three: pos = array([ 0.08055556, -0.02777778])
19.3877 	EXP 	three: pos = array([ 0.08055556, -0.02592593])
19.4045 	EXP 	three: pos = array([ 0.07592593, -0.01666667])
19.4217 	EXP 	three: pos = array([ 0.06203704, -0.00277778])
19.4419 	EXP 	three: pos = array([0.01944444, 0.025     ])
19.4617 	EXP 	three: pos = array([-0.06203704,  0.06296296])
19.4873 	EXP 	three: pos = array([-0.10277778,  0.0712963 ])
19.5085 	EXP 	three: pos = array([-0.12777778,  0.06851852])
19.5260 	EXP 	three: pos = array([-0.14537037,  0.06203704])
19.5436 	EXP 	three: pos = array([-0.15833333,  0.0537037 ])
19.5631 	EXP 	three: pos = array([-0.16296296,  0.04814815])
19.5915 	EXP 	three: pos = array([-0.16574074,  0.04166667])
19.6197 	EXP 	three: pos = array([-0.16666667,  0.02777778])
19.6408 	EXP 	three: pos = array([-0.16111111, -0.00462963])
19.6594 	EXP 	three: pos = array([-0.15277778, -0.025     ])
19.6791 	EXP 	three: pos = array([-0.13703704, -0.03981481])
19.7001 	EXP 	three: pos = array([-0.11944444, -0.04444444])
19.7178 	EXP 	three: pos = array([-0.07314815, -0.04074074])
19.7391 	EXP 	three: pos = array([-0.03703704, -0.02777778])
19.7599 	EXP 	three: pos = array([-0.01111111, -0.01481481])
19.7817 	EXP 	three: pos = array([ 0.        , -0.00092593])
19.8005 	EXP 	three: pos = array([0.00277778, 0.00740741])
19.8216 	EXP 	three: pos = array([0.00277778, 0.01296296])
19.8383 	EXP 	three: pos = array([-0.00092593,  0.01851852])
19.8553 	EXP 	three: pos = array([-0.00740741,  0.02777778])
19.8726 	EXP 	three: pos = array([-0.02962963,  0.04537037])
19.8933 	EXP 	three: pos = array([-0.07314815,  0.075     ])
19.9142 	EXP 	three: pos = array([-0.1       ,  0.08611111])
19.9348 	EXP 	three: pos = array([-0.12685185,  0.08888889])
19.9554 	EXP 	three: pos = array([-0.14537037,  0.08240741])
19.9759 	EXP 	three: pos = array([-0.16296296,  0.0712963 ])
19.9987 	EXP 	three: pos = array([-0.16944444,  0.06481481])
20.0220 	EXP 	three: pos = array([-0.17314815,  0.05277778])
20.0430 	EXP 	three: pos = array([-0.17685185,  0.03703704])
20.0598 	EXP 	three: pos = array([-0.17685185,  0.02685185])
20.0779 	EXP 	three: pos = array([-0.17592593,  0.01851852])
20.0955 	EXP 	three: pos = array([-0.17222222,  0.01111111])
20.1138 	EXP 	three: pos = array([-0.16759259,  0.00555556])
20.1405 	EXP 	three: pos = array([-0.15      , -0.00185185])
20.1604 	EXP 	three: pos = array([-0.1037037 , -0.00740741])
20.1778 	EXP 	three: pos = array([-0.06481481, -0.00555556])
20.2036 	EXP 	three: pos = array([-0.04166667,  0.00185185])
20.2271 	EXP 	three: pos = array([-0.0287037 ,  0.00833333])
20.2504 	EXP 	three: pos = array([-0.02222222,  0.01759259])
20.2696 	EXP 	three: pos = array([-0.0212963 ,  0.02685185])
20.2938 	EXP 	three: pos = array([-0.02222222,  0.03518519])
20.3131 	EXP 	three: pos = array([-0.04074074,  0.06574074])
20.3328 	EXP 	three: pos = array([-0.06203704,  0.08518519])
20.3588 	EXP 	three: pos = array([-0.09907407,  0.10277778])
20.3776 	EXP 	three: pos = array([-0.12777778,  0.1037037 ])
20.3927 	EXP 	three: pos = array([-0.13796296,  0.1       ])
20.4072 	EXP 	three: pos = array([-0.14166667,  0.09722222])
20.4220 	EXP 	three: pos = array([-0.14537037,  0.09166667])
20.4389 	EXP 	three: pos = array([-0.14907407,  0.08796296])
20.4554 	EXP 	three: pos = array([-0.15277778,  0.08148148])
20.4722 	EXP 	three: pos = array([-0.15462963,  0.07407407])
20.4889 	EXP 	three: pos = array([-0.15648148,  0.06759259])
20.5060 	EXP 	three: pos = array([-0.15648148,  0.05833333])
20.5242 	EXP 	three: pos = array([-0.15462963,  0.03981481])
20.5471 	EXP 	three: pos = array([-0.14444444,  0.00277778])
20.5687 	EXP 	three: pos = array([-0.13055556, -0.01759259])
20.5913 	EXP 	three: pos = array([-0.1037037 , -0.03425926])
20.6110 	EXP 	three: pos = array([-0.06203704, -0.03888889])
20.6298 	EXP 	three: pos = array([-0.0287037 , -0.03611111])
20.6539 	EXP 	three: pos = array([ 0.01296296, -0.02777778])
20.6765 	EXP 	three: pos = array([ 0.03796296, -0.01203704])
20.6996 	EXP 	three: pos = array([0.05      , 0.00092593])
20.7192 	EXP 	three: pos = array([0.05277778, 0.00648148])
20.7402 	EXP 	three: pos = array([0.0537037 , 0.01203704])
20.7635 	EXP 	three: pos = array([0.05277778, 0.01759259])
20.7824 	EXP 	three: pos = array([0.0462963 , 0.02777778])
20.8022 	EXP 	three: pos = array([0.01018519, 0.04722222])
20.8232 	EXP 	three: pos = array([-0.04074074,  0.05555556])
20.8444 	EXP 	three: pos = array([-0.06574074,  0.05648148])
20.8628 	EXP 	three: pos = array([-0.07592593,  0.05462963])
20.8850 	EXP 	three: pos = array([-0.07685185,  0.0537037 ])
20.9024 	EXP 	three: pos = array([-0.07685185,  0.05277778])
20.9236 	EXP 	three: pos = array([-0.07685185,  0.05185185])
20.9432 	EXP 	three: pos = array([-0.07685185,  0.05185185])
20.9608 	EXP 	three: pos = array([-0.07685185,  0.05185185])
20.9662 	DATA 	Mouse:  Left button up, pos=(877,596)
21.4586 	DATA 	Mouse: Left button down, pos=(221,826)
21.4731 	EXP 	one: autoDraw = False
21.4731 	EXP 	two: autoDraw = False
21.4731 	EXP 	three: autoDraw = False
21.4731 	EXP 	seven: autoDraw = False
21.4731 	EXP 	eight: autoDraw = False
21.4731 	EXP 	nine: autoDraw = False
21.4731 	EXP 	four: autoDraw = False
21.4731 	EXP 	five: autoDraw = False
21.4731 	EXP 	six: autoDraw = False
21.4731 	EXP 	ten: autoDraw = False
21.4731 	EXP 	eleven: autoDraw = False
21.4731 	EXP 	twelve: autoDraw = False
21.5259 	EXP 	window1: mouseVisible = True
