9.1086 	EXP 	Created window1 = Window(allowGUI=True, allowStencil=False, args=UNKNOWN, autoLog=True, bitsMode=UNKNOWN, blendMode='avg', color=array([0., 0., 0.]), colorSpace='rgb', fullscr=<method-wrapper '__getattribute__' of attributeSetter object at 0x00000123DF13DBE0>, gamma=None, gammaErrorPolicy='raise', kwargs=UNKNOWN, lms=UNKNOWN, monitor=<psychopy.monitors.calibTools.Monitor object at 0x00000123DEE737B8>, multiSample=False, name='window1', numSamples=2, pos=[0.0, 0.0], screen=0, size=array([1920, 1080]), stereo=False, units='height', useFBO=True, useRetina=False, viewOri=0.0, viewPos=None, viewScale=None, waitBlanking=True, winType='pyglet')
9.1088 	EXP 	window1: recordFrameIntervals = False
9.2702 	EXP 	window1: recordFrameIntervals = True
9.5371 	EXP 	window1: recordFrameIntervals = False
9.9386 	EXP 	Created instruction_text = TextStim(__class__=<class 'psychopy.visual.text.TextStim'>, alignHoriz='center', alignVert='center', antialias=True, autoLog=True, bold=False, color='white', colorSpace='named', contrast=1.0, depth=0.0, flipHoriz=False, flipVert=False, font='Arial', fontFiles=[], height=0.05, italic=False, languageStyle='LTR', name='instruction_text', opacity=1.0, ori=0, pos=array([0., 0.]), rgb=array([255., 255., 255.]), text=str(...), units='height', win=Window(...), wrapWidth=1)
9.9498 	EXP 	Created text_2 = TextStim(__class__=<class 'psychopy.visual.text.TextStim'>, alignHoriz='center', alignVert='center', antialias=True, autoLog=True, bold=False, color='white', colorSpace='named', contrast=1.0, depth=-2.0, flipHoriz=False, flipVert=False, font='Arial', fontFiles=[], height=0.05, italic=False, languageStyle='LTR', name='text_2', opacity=1.0, ori=0, pos=array([ 0.  , -0.45]), rgb=array([255., 255., 255.]), text='Click here to continue.', units='height', win=Window(...), wrapWidth=1)
9.9634 	EXP 	Created text = TextStim(__class__=<class 'psychopy.visual.text.TextStim'>, alignHoriz='center', alignVert='center', antialias=True, autoLog=True, bold=False, color='white', colorSpace='named', contrast=1.0, depth=0.0, flipHoriz=False, flipVert=False, font='Arial', fontFiles=[], height=0.05, italic=False, languageStyle='LTR', name='text', opacity=1.0, ori=0, pos=array([0., 0.]), rgb=array([255., 255., 255.]), text='Here is a video example.', units='height', win=Window(...), wrapWidth=1)
10.0427 	EXP 	Created one = ImageStim(__class__=<class 'psychopy.visual.image.ImageStim'>, autoLog=True, color=array([1., 1., 1.]), colorSpace='rgb', contrast=1.0, depth=0.0, flipHoriz=False, flipVert=False, image=str(...), interpolate=True, mask=None, maskParams=None, name='one', opacity=1.0, ori=0.0, pos=array([-0.7,  0.3]), size=array([0.22, 0.22]), texRes=128, units='height', win=Window(...))
10.1273 	EXP 	Created two = ImageStim(__class__=<class 'psychopy.visual.image.ImageStim'>, autoLog=True, color=array([1., 1., 1.]), colorSpace='rgb', contrast=1.0, depth=-2.0, flipHoriz=False, flipVert=False, image=str(...), interpolate=True, mask=None, maskParams=None, name='two', opacity=1.0, ori=0.0, pos=array([-0.45,  0.3 ]), size=array([0.22, 0.22]), texRes=128, units='height', win=Window(...))
10.2168 	EXP 	Created three = ImageStim(__class__=<class 'psychopy.visual.image.ImageStim'>, autoLog=True, color=array([1., 1., 1.]), colorSpace='rgb', contrast=1.0, depth=-3.0, flipHoriz=False, flipVert=False, image=str(...), interpolate=True, mask=None, maskParams=None, name='three', opacity=1.0, ori=0.0, pos=array([-0.2,  0.3]), size=array([0.22, 0.22]), texRes=128, units='height', win=Window(...))
10.3019 	EXP 	Created seven = ImageStim(__class__=<class 'psychopy.visual.image.ImageStim'>, autoLog=True, color=array([1., 1., 1.]), colorSpace='rgb', contrast=1.0, depth=-4.0, flipHoriz=False, flipVert=False, image=str(...), interpolate=True, mask=None, maskParams=None, name='seven', opacity=1.0, ori=0.0, pos=array([-0.7, -0.3]), size=array([0.22, 0.22]), texRes=128, units='height', win=Window(...))
10.3961 	EXP 	Created eight = ImageStim(__class__=<class 'psychopy.visual.image.ImageStim'>, autoLog=True, color=array([1., 1., 1.]), colorSpace='rgb', contrast=1.0, depth=-5.0, flipHoriz=False, flipVert=False, image=str(...), interpolate=True, mask=None, maskParams=None, name='eight', opacity=1.0, ori=0.0, pos=array([-0.45, -0.3 ]), size=array([0.22, 0.22]), texRes=128, units='height', win=Window(...))
10.4841 	EXP 	Created nine = ImageStim(__class__=<class 'psychopy.visual.image.ImageStim'>, autoLog=True, color=array([1., 1., 1.]), colorSpace='rgb', contrast=1.0, depth=-6.0, flipHoriz=False, flipVert=False, image=str(...), interpolate=True, mask=None, maskParams=None, name='nine', opacity=1.0, ori=0.0, pos=array([-0.2, -0.3]), size=array([0.22, 0.22]), texRes=128, units='height', win=Window(...))
10.5872 	EXP 	Created four = ImageStim(__class__=<class 'psychopy.visual.image.ImageStim'>, autoLog=True, color=array([1., 1., 1.]), colorSpace='rgb', contrast=1.0, depth=-7.0, flipHoriz=False, flipVert=False, image=str(...), interpolate=True, mask=None, maskParams=None, name='four', opacity=1.0, ori=0.0, pos=array([0.2, 0.3]), size=array([0.22, 0.22]), texRes=128, units='height', win=Window(...))
10.6899 	EXP 	Created five = ImageStim(__class__=<class 'psychopy.visual.image.ImageStim'>, autoLog=True, color=array([1., 1., 1.]), colorSpace='rgb', contrast=1.0, depth=-8.0, flipHoriz=False, flipVert=False, image=str(...), interpolate=True, mask=None, maskParams=None, name='five', opacity=1.0, ori=0.0, pos=array([0.45, 0.3 ]), size=array([0.22, 0.22]), texRes=128, units='height', win=Window(...))
10.7800 	EXP 	Created six = ImageStim(__class__=<class 'psychopy.visual.image.ImageStim'>, autoLog=True, color=array([1., 1., 1.]), colorSpace='rgb', contrast=1.0, depth=-9.0, flipHoriz=False, flipVert=False, image=str(...), interpolate=True, mask=None, maskParams=None, name='six', opacity=1.0, ori=0.0, pos=array([0.7, 0.3]), size=array([0.22, 0.22]), texRes=128, units='height', win=Window(...))
10.8760 	EXP 	Created ten = ImageStim(__class__=<class 'psychopy.visual.image.ImageStim'>, autoLog=True, color=array([1., 1., 1.]), colorSpace='rgb', contrast=1.0, depth=-10.0, flipHoriz=False, flipVert=False, image=str(...), interpolate=True, mask=None, maskParams=None, name='ten', opacity=1.0, ori=0.0, pos=array([ 0.2, -0.3]), size=array([0.22, 0.22]), texRes=128, units='height', win=Window(...))
10.9660 	EXP 	Created eleven = ImageStim(__class__=<class 'psychopy.visual.image.ImageStim'>, autoLog=True, color=array([1., 1., 1.]), colorSpace='rgb', contrast=1.0, depth=-11.0, flipHoriz=False, flipVert=False, image=str(...), interpolate=True, mask=None, maskParams=None, name='eleven', opacity=1.0, ori=0.0, pos=array([ 0.45, -0.3 ]), size=array([0.22, 0.22]), texRes=128, units='height', win=Window(...))
11.0516 	EXP 	Created twelve = ImageStim(__class__=<class 'psychopy.visual.image.ImageStim'>, autoLog=True, color=array([1., 1., 1.]), colorSpace='rgb', contrast=1.0, depth=-12.0, flipHoriz=False, flipVert=False, image=str(...), interpolate=True, mask=None, maskParams=None, name='twelve', opacity=1.0, ori=0.0, pos=array([ 0.7, -0.3]), size=array([0.22, 0.22]), texRes=128, units='height', win=Window(...))
11.0633 	EXP 	Created continue_text = TextStim(__class__=<class 'psychopy.visual.text.TextStim'>, alignHoriz='center', alignVert='center', antialias=True, autoLog=True, bold=False, color='white', colorSpace='named', contrast=1.0, depth=0.0, flipHoriz=False, flipVert=False, font='Arial', fontFiles=[], height=0.001, italic=False, languageStyle='LTR', name='continue_text', opacity=0.0, ori=0, pos=array([1.5, 1.5]), rgb=array([255., 255., 255.]), text='Continue', units='height', win=Window(...), wrapWidth=1)
11.1291 	EXP 	Created gram01 = ImageStim(__class__=<class 'psychopy.visual.image.ImageStim'>, autoLog=True, color=array([1., 1., 1.]), colorSpace='rgb', contrast=1.0, depth=-14.0, flipHoriz=False, flipVert=False, image=str(...), interpolate=True, mask=None, maskParams=None, name='gram01', opacity=1.0, ori=0.0, pos=array([0.5, 0.5]), size=array([0.22, 0.22]), texRes=128, units='height', win=Window(...))
11.1669 	EXP 	instruction_text: autoDraw = True
11.1669 	EXP 	text_2: autoDraw = True
11.9083 	DATA 	Mouse: Left button down, pos=(962,91)
12.0089 	DATA 	Mouse:  Left button up, pos=(962,91)
12.8276 	DATA 	Mouse: Left button down, pos=(887,59)
12.8559 	EXP 	instruction_text: autoDraw = False
12.8559 	EXP 	text_2: autoDraw = False
12.8559 	EXP 	text: autoDraw = True
12.9066 	DATA 	Mouse:  Left button up, pos=(887,59)
14.0081 	DATA 	Mouse: Left button down, pos=(959,537)
14.6021 	DATA 	Mouse:  Left button up, pos=(959,537)
14.6139 	EXP 	text: autoDraw = False
14.6139 	EXP 	one: autoDraw = True
14.6139 	EXP 	two: autoDraw = True
14.6139 	EXP 	three: autoDraw = True
14.6139 	EXP 	seven: autoDraw = True
14.6139 	EXP 	eight: autoDraw = True
14.6139 	EXP 	nine: autoDraw = True
14.6139 	EXP 	four: autoDraw = True
14.6139 	EXP 	five: autoDraw = True
14.6139 	EXP 	six: autoDraw = True
14.6139 	EXP 	ten: autoDraw = True
14.6139 	EXP 	eleven: autoDraw = True
14.6139 	EXP 	twelve: autoDraw = True
14.6139 	EXP 	continue_text: autoDraw = False
14.6139 	EXP 	gram01: autoDraw = True
14.6268 	EXP 	continue_text: autoDraw = False
14.6414 	EXP 	continue_text: autoDraw = False
14.6418 	DATA 	Mouse: Left button down, pos=(959,537)
14.6580 	EXP 	continue_text: autoDraw = False
14.6749 	EXP 	continue_text: autoDraw = False
14.6918 	EXP 	continue_text: autoDraw = False
14.7098 	EXP 	continue_text: autoDraw = False
14.7252 	EXP 	continue_text: autoDraw = False
14.7420 	EXP 	continue_text: autoDraw = False
14.7588 	EXP 	continue_text: autoDraw = False
14.7600 	DATA 	Mouse:  Left button up, pos=(959,537)
14.7755 	EXP 	continue_text: autoDraw = False
14.7928 	EXP 	continue_text: autoDraw = False
14.8081 	EXP 	continue_text: autoDraw = False
14.8248 	EXP 	continue_text: autoDraw = False
14.8419 	EXP 	continue_text: autoDraw = False
14.8595 	EXP 	continue_text: autoDraw = False
14.8768 	EXP 	continue_text: autoDraw = False
14.8934 	EXP 	continue_text: autoDraw = False
14.9097 	EXP 	continue_text: autoDraw = False
14.9304 	EXP 	continue_text: autoDraw = False
14.9571 	EXP 	continue_text: autoDraw = False
14.9768 	EXP 	continue_text: autoDraw = False
14.9936 	EXP 	continue_text: autoDraw = False
15.0126 	EXP 	continue_text: autoDraw = False
15.0311 	EXP 	continue_text: autoDraw = False
15.0490 	EXP 	continue_text: autoDraw = False
15.0699 	EXP 	continue_text: autoDraw = False
15.0896 	EXP 	continue_text: autoDraw = False
15.1083 	EXP 	continue_text: autoDraw = False
15.1250 	EXP 	continue_text: autoDraw = False
15.1418 	EXP 	continue_text: autoDraw = False
15.1583 	EXP 	continue_text: autoDraw = False
15.1754 	EXP 	continue_text: autoDraw = False
15.1925 	EXP 	continue_text: autoDraw = False
15.2113 	EXP 	continue_text: autoDraw = False
15.2305 	EXP 	continue_text: autoDraw = False
15.2545 	EXP 	continue_text: autoDraw = False
15.2710 	EXP 	continue_text: autoDraw = False
15.2926 	EXP 	continue_text: autoDraw = False
15.3084 	EXP 	continue_text: autoDraw = False
15.3251 	EXP 	continue_text: autoDraw = False
15.3420 	EXP 	continue_text: autoDraw = False
15.3586 	EXP 	continue_text: autoDraw = False
15.3755 	EXP 	continue_text: autoDraw = False
15.3918 	EXP 	continue_text: autoDraw = False
15.4086 	EXP 	continue_text: autoDraw = False
15.4255 	EXP 	continue_text: autoDraw = False
15.4420 	EXP 	continue_text: autoDraw = False
15.4603 	EXP 	continue_text: autoDraw = False
15.4754 	EXP 	continue_text: autoDraw = False
15.4920 	EXP 	continue_text: autoDraw = False
15.5092 	EXP 	continue_text: autoDraw = False
15.5262 	EXP 	continue_text: autoDraw = False
15.5435 	EXP 	continue_text: autoDraw = False
15.5596 	EXP 	continue_text: autoDraw = False
15.5761 	EXP 	continue_text: autoDraw = False
15.5933 	EXP 	continue_text: autoDraw = False
15.6092 	EXP 	continue_text: autoDraw = False
15.6266 	EXP 	continue_text: autoDraw = False
15.6438 	EXP 	continue_text: autoDraw = False
15.6592 	EXP 	continue_text: autoDraw = False
15.6760 	EXP 	continue_text: autoDraw = False
15.6926 	EXP 	continue_text: autoDraw = False
15.7095 	EXP 	continue_text: autoDraw = False
15.7262 	EXP 	continue_text: autoDraw = False
15.7431 	EXP 	continue_text: autoDraw = False
15.7618 	EXP 	continue_text: autoDraw = False
15.7772 	EXP 	continue_text: autoDraw = False
15.7949 	EXP 	continue_text: autoDraw = False
15.8134 	EXP 	continue_text: autoDraw = False
15.8286 	EXP 	continue_text: autoDraw = False
15.8440 	EXP 	continue_text: autoDraw = False
15.8607 	EXP 	continue_text: autoDraw = False
15.8783 	EXP 	continue_text: autoDraw = False
15.8956 	EXP 	continue_text: autoDraw = False
15.9106 	EXP 	continue_text: autoDraw = False
15.9150 	DATA 	Mouse: Left button down, pos=(1453,1037)
15.9343 	EXP 	continue_text: autoDraw = False
15.9514 	EXP 	gram01: pos = array([0.45648148, 0.46018519])
15.9514 	EXP 	continue_text: autoDraw = False
15.9854 	EXP 	gram01: pos = array([0.45648148, 0.46018519])
15.9854 	EXP 	continue_text: autoDraw = False
16.0082 	EXP 	gram01: pos = array([0.45648148, 0.46018519])
16.0082 	EXP 	continue_text: autoDraw = False
16.0260 	EXP 	gram01: pos = array([0.45648148, 0.46018519])
16.0260 	EXP 	continue_text: autoDraw = False
16.0426 	EXP 	gram01: pos = array([0.45648148, 0.46018519])
16.0426 	EXP 	continue_text: autoDraw = False
16.0592 	EXP 	gram01: pos = array([0.45648148, 0.46018519])
16.0592 	EXP 	continue_text: autoDraw = False
16.0764 	EXP 	gram01: pos = array([0.45648148, 0.46018519])
16.0764 	EXP 	continue_text: autoDraw = False
16.0950 	EXP 	gram01: pos = array([0.45648148, 0.46018519])
16.0950 	EXP 	continue_text: autoDraw = False
16.1149 	EXP 	gram01: pos = array([0.45648148, 0.46018519])
16.1149 	EXP 	continue_text: autoDraw = False
16.1385 	EXP 	gram01: pos = array([0.45648148, 0.46018519])
16.1385 	EXP 	continue_text: autoDraw = False
16.1633 	EXP 	gram01: pos = array([0.46574074, 0.44074074])
16.1633 	EXP 	continue_text: autoDraw = False
16.1827 	EXP 	gram01: pos = array([0.47962963, 0.41481481])
16.1827 	EXP 	continue_text: autoDraw = False
16.2039 	EXP 	gram01: pos = array([0.49074074, 0.39814815])
16.2039 	EXP 	continue_text: autoDraw = False
16.2262 	EXP 	gram01: pos = array([0.50648148, 0.36574074])
16.2262 	EXP 	continue_text: autoDraw = False
16.2433 	EXP 	gram01: pos = array([0.51666667, 0.34259259])
16.2433 	EXP 	continue_text: autoDraw = False
16.2601 	EXP 	gram01: pos = array([0.52685185, 0.32407407])
16.2601 	EXP 	continue_text: autoDraw = False
16.2768 	EXP 	gram01: pos = array([0.53611111, 0.30648148])
16.2768 	EXP 	continue_text: autoDraw = False
16.2939 	EXP 	gram01: pos = array([0.5462963 , 0.28425926])
16.2939 	EXP 	continue_text: autoDraw = False
16.3119 	EXP 	gram01: pos = array([0.5537037 , 0.26481481])
16.3119 	EXP 	continue_text: autoDraw = False
16.3265 	EXP 	gram01: pos = array([0.56111111, 0.24537037])
16.3265 	EXP 	continue_text: autoDraw = False
16.3432 	EXP 	gram01: pos = array([0.56574074, 0.23240741])
16.3432 	EXP 	continue_text: autoDraw = False
16.3596 	EXP 	gram01: pos = array([0.57037037, 0.2212963 ])
16.3596 	EXP 	continue_text: autoDraw = False
16.3765 	EXP 	gram01: pos = array([0.57314815, 0.20925926])
16.3765 	EXP 	continue_text: autoDraw = False
16.3930 	EXP 	gram01: pos = array([0.5787037 , 0.19351852])
16.3930 	EXP 	continue_text: autoDraw = False
16.4097 	EXP 	gram01: pos = array([0.58055556, 0.17962963])
16.4097 	EXP 	continue_text: autoDraw = False
16.4268 	EXP 	gram01: pos = array([0.58333333, 0.16944444])
16.4268 	EXP 	continue_text: autoDraw = False
16.4429 	EXP 	gram01: pos = array([0.58703704, 0.15833333])
16.4429 	EXP 	continue_text: autoDraw = False
16.4602 	EXP 	gram01: pos = array([0.59074074, 0.1462963 ])
16.4602 	EXP 	continue_text: autoDraw = False
16.4767 	EXP 	gram01: pos = array([0.5962963 , 0.13055556])
16.4767 	EXP 	continue_text: autoDraw = False
16.4935 	EXP 	gram01: pos = array([0.60462963, 0.10740741])
16.4935 	EXP 	continue_text: autoDraw = False
16.5104 	EXP 	gram01: pos = array([0.61481481, 0.08333333])
16.5104 	EXP 	continue_text: autoDraw = False
16.5279 	EXP 	gram01: pos = array([0.625     , 0.05833333])
16.5279 	EXP 	continue_text: autoDraw = False
16.5482 	EXP 	gram01: pos = array([0.63148148, 0.03055556])
16.5482 	EXP 	continue_text: autoDraw = False
16.5709 	EXP 	gram01: pos = array([0.63425926, 0.01111111])
16.5709 	EXP 	continue_text: autoDraw = False
16.5902 	EXP 	gram01: pos = array([ 0.63888889, -0.00740741])
16.5902 	EXP 	continue_text: autoDraw = False
16.6112 	EXP 	gram01: pos = array([ 0.63888889, -0.02222222])
16.6112 	EXP 	continue_text: autoDraw = False
16.6300 	EXP 	gram01: pos = array([ 0.63981481, -0.03796296])
16.6300 	EXP 	continue_text: autoDraw = False
16.6516 	EXP 	gram01: pos = array([ 0.63981481, -0.04814815])
16.6516 	EXP 	continue_text: autoDraw = False
16.6734 	EXP 	gram01: pos = array([ 0.63888889, -0.05648148])
16.6734 	EXP 	continue_text: autoDraw = False
16.6978 	EXP 	gram01: pos = array([ 0.62685185, -0.05277778])
16.6978 	EXP 	continue_text: autoDraw = False
16.7205 	EXP 	gram01: pos = array([0.59537037, 0.0037037 ])
16.7205 	EXP 	continue_text: autoDraw = False
16.7424 	EXP 	gram01: pos = array([0.59537037, 0.0037037 ])
16.7424 	EXP 	continue_text: autoDraw = False
16.7640 	EXP 	gram01: pos = array([0.59537037, 0.0037037 ])
16.7640 	EXP 	continue_text: autoDraw = False
16.7857 	EXP 	gram01: pos = array([0.59537037, 0.0037037 ])
16.7857 	EXP 	continue_text: autoDraw = False
16.8061 	EXP 	gram01: pos = array([0.59537037, 0.0037037 ])
16.8061 	EXP 	continue_text: autoDraw = False
16.8277 	EXP 	gram01: pos = array([0.59537037, 0.0037037 ])
16.8277 	EXP 	continue_text: autoDraw = False
16.8442 	EXP 	gram01: pos = array([0.59537037, 0.0037037 ])
16.8442 	EXP 	continue_text: autoDraw = False
16.8607 	EXP 	gram01: pos = array([0.59537037, 0.0037037 ])
16.8607 	EXP 	continue_text: autoDraw = False
16.8795 	EXP 	gram01: pos = array([0.59537037, 0.0037037 ])
16.8795 	EXP 	continue_text: autoDraw = False
16.8981 	EXP 	gram01: pos = array([0.59537037, 0.0037037 ])
16.8981 	EXP 	continue_text: autoDraw = False
16.9138 	EXP 	gram01: pos = array([ 0.60092593, -0.01574074])
16.9138 	EXP 	continue_text: autoDraw = False
16.9306 	EXP 	gram01: pos = array([ 0.61018519, -0.04444444])
16.9306 	EXP 	continue_text: autoDraw = False
16.9461 	EXP 	gram01: pos = array([ 0.61944444, -0.07685185])
16.9461 	EXP 	continue_text: autoDraw = False
16.9630 	EXP 	gram01: pos = array([ 0.62222222, -0.08888889])
16.9630 	EXP 	continue_text: autoDraw = False
16.9806 	EXP 	gram01: pos = array([ 0.6287037 , -0.11388889])
16.9806 	EXP 	continue_text: autoDraw = False
16.9982 	EXP 	gram01: pos = array([ 0.63611111, -0.13518519])
16.9982 	EXP 	continue_text: autoDraw = False
17.0151 	EXP 	gram01: pos = array([ 0.64444444, -0.1537037 ])
17.0151 	EXP 	continue_text: autoDraw = False
17.0312 	EXP 	gram01: pos = array([ 0.65092593, -0.16666667])
17.0312 	EXP 	continue_text: autoDraw = False
17.0477 	EXP 	gram01: pos = array([ 0.65555556, -0.17592593])
17.0477 	EXP 	continue_text: autoDraw = False
17.0666 	EXP 	gram01: pos = array([ 0.66111111, -0.18703704])
17.0666 	EXP 	continue_text: autoDraw = False
17.0845 	EXP 	gram01: pos = array([ 0.66851852, -0.20277778])
17.0845 	EXP 	continue_text: autoDraw = False
17.1039 	EXP 	gram01: pos = array([ 0.675     , -0.21759259])
17.1039 	EXP 	continue_text: autoDraw = False
17.1142 	EXP 	Created continue_text = TextStim(__class__=<class 'psychopy.visual.text.TextStim'>, alignHoriz='center', alignVert='center', antialias=True, autoLog=True, bold=False, color='white', colorSpace='named', contrast=1.0, depth=0.0, flipHoriz=False, flipVert=False, font='Arial', fontFiles=[], height=0.05, italic=False, languageStyle='LTR', name='continue_text', opacity=1.0, ori=0, pos=array([0., 0.]), rgb=array([255., 255., 255.]), text='Continue', units='height', win=Window(...), wrapWidth=1)
17.1239 	EXP 	gram01: pos = array([ 0.67962963, -0.22685185])
17.1239 	EXP 	continue_text: autoDraw = True
17.1317 	EXP 	Created continue_text = TextStim(__class__=<class 'psychopy.visual.text.TextStim'>, alignHoriz='center', alignVert='center', antialias=True, autoLog=True, bold=False, color='white', colorSpace='named', contrast=1.0, depth=0.0, flipHoriz=False, flipVert=False, font='Arial', fontFiles=[], height=0.05, italic=False, languageStyle='LTR', name='continue_text', opacity=1.0, ori=0, pos=array([0., 0.]), rgb=array([255., 255., 255.]), text='Continue', units='height', win=Window(...), wrapWidth=1)
17.1448 	EXP 	gram01: pos = array([ 0.68333333, -0.23611111])
17.1448 	EXP 	continue_text: autoDraw = True
17.1517 	EXP 	Created continue_text = TextStim(__class__=<class 'psychopy.visual.text.TextStim'>, alignHoriz='center', alignVert='center', antialias=True, autoLog=True, bold=False, color='white', colorSpace='named', contrast=1.0, depth=0.0, flipHoriz=False, flipVert=False, font='Arial', fontFiles=[], height=0.05, italic=False, languageStyle='LTR', name='continue_text', opacity=1.0, ori=0, pos=array([0., 0.]), rgb=array([255., 255., 255.]), text='Continue', units='height', win=Window(...), wrapWidth=1)
17.1650 	EXP 	gram01: pos = array([ 0.68425926, -0.23888889])
17.1650 	EXP 	continue_text: autoDraw = True
17.1728 	EXP 	Created continue_text = TextStim(__class__=<class 'psychopy.visual.text.TextStim'>, alignHoriz='center', alignVert='center', antialias=True, autoLog=True, bold=False, color='white', colorSpace='named', contrast=1.0, depth=0.0, flipHoriz=False, flipVert=False, font='Arial', fontFiles=[], height=0.05, italic=False, languageStyle='LTR', name='continue_text', opacity=1.0, ori=0, pos=array([0., 0.]), rgb=array([255., 255., 255.]), text='Continue', units='height', win=Window(...), wrapWidth=1)
17.1850 	EXP 	gram01: pos = array([ 0.68611111, -0.24074074])
17.1850 	EXP 	continue_text: autoDraw = True
17.1933 	EXP 	Created continue_text = TextStim(__class__=<class 'psychopy.visual.text.TextStim'>, alignHoriz='center', alignVert='center', antialias=True, autoLog=True, bold=False, color='white', colorSpace='named', contrast=1.0, depth=0.0, flipHoriz=False, flipVert=False, font='Arial', fontFiles=[], height=0.05, italic=False, languageStyle='LTR', name='continue_text', opacity=1.0, ori=0, pos=array([0., 0.]), rgb=array([255., 255., 255.]), text='Continue', units='height', win=Window(...), wrapWidth=1)
17.2037 	EXP 	gram01: pos = array([ 0.68703704, -0.24259259])
17.2037 	EXP 	continue_text: autoDraw = True
17.2164 	EXP 	Created continue_text = TextStim(__class__=<class 'psychopy.visual.text.TextStim'>, alignHoriz='center', alignVert='center', antialias=True, autoLog=True, bold=False, color='white', colorSpace='named', contrast=1.0, depth=0.0, flipHoriz=False, flipVert=False, font='Arial', fontFiles=[], height=0.05, italic=False, languageStyle='LTR', name='continue_text', opacity=1.0, ori=0, pos=array([0., 0.]), rgb=array([255., 255., 255.]), text='Continue', units='height', win=Window(...), wrapWidth=1)
17.2267 	EXP 	gram01: pos = array([ 0.68703704, -0.24537037])
17.2267 	EXP 	continue_text: autoDraw = True
17.2335 	EXP 	Created continue_text = TextStim(__class__=<class 'psychopy.visual.text.TextStim'>, alignHoriz='center', alignVert='center', antialias=True, autoLog=True, bold=False, color='white', colorSpace='named', contrast=1.0, depth=0.0, flipHoriz=False, flipVert=False, font='Arial', fontFiles=[], height=0.05, italic=False, languageStyle='LTR', name='continue_text', opacity=1.0, ori=0, pos=array([0., 0.]), rgb=array([255., 255., 255.]), text='Continue', units='height', win=Window(...), wrapWidth=1)
17.2482 	EXP 	gram01: pos = array([ 0.68888889, -0.24722222])
17.2482 	EXP 	continue_text: autoDraw = True
17.2608 	EXP 	Created continue_text = TextStim(__class__=<class 'psychopy.visual.text.TextStim'>, alignHoriz='center', alignVert='center', antialias=True, autoLog=True, bold=False, color='white', colorSpace='named', contrast=1.0, depth=0.0, flipHoriz=False, flipVert=False, font='Arial', fontFiles=[], height=0.05, italic=False, languageStyle='LTR', name='continue_text', opacity=1.0, ori=0, pos=array([0., 0.]), rgb=array([255., 255., 255.]), text='Continue', units='height', win=Window(...), wrapWidth=1)
17.2759 	EXP 	gram01: pos = array([ 0.68888889, -0.25092593])
17.2759 	EXP 	continue_text: autoDraw = True
17.3087 	EXP 	Created continue_text = TextStim(__class__=<class 'psychopy.visual.text.TextStim'>, alignHoriz='center', alignVert='center', antialias=True, autoLog=True, bold=False, color='white', colorSpace='named', contrast=1.0, depth=0.0, flipHoriz=False, flipVert=False, font='Arial', fontFiles=[], height=0.05, italic=False, languageStyle='LTR', name='continue_text', opacity=1.0, ori=0, pos=array([0., 0.]), rgb=array([255., 255., 255.]), text='Continue', units='height', win=Window(...), wrapWidth=1)
17.3316 	EXP 	gram01: pos = array([ 0.68981481, -0.25185185])
17.3316 	EXP 	continue_text: autoDraw = True
17.3750 	EXP 	Created continue_text = TextStim(__class__=<class 'psychopy.visual.text.TextStim'>, alignHoriz='center', alignVert='center', antialias=True, autoLog=True, bold=False, color='white', colorSpace='named', contrast=1.0, depth=0.0, flipHoriz=False, flipVert=False, font='Arial', fontFiles=[], height=0.05, italic=False, languageStyle='LTR', name='continue_text', opacity=1.0, ori=0, pos=array([0., 0.]), rgb=array([255., 255., 255.]), text='Continue', units='height', win=Window(...), wrapWidth=1)
17.3964 	EXP 	gram01: pos = array([ 0.69351852, -0.25740741])
17.3964 	EXP 	continue_text: autoDraw = True
17.4090 	EXP 	Created continue_text = TextStim(__class__=<class 'psychopy.visual.text.TextStim'>, alignHoriz='center', alignVert='center', antialias=True, autoLog=True, bold=False, color='white', colorSpace='named', contrast=1.0, depth=0.0, flipHoriz=False, flipVert=False, font='Arial', fontFiles=[], height=0.05, italic=False, languageStyle='LTR', name='continue_text', opacity=1.0, ori=0, pos=array([0., 0.]), rgb=array([255., 255., 255.]), text='Continue', units='height', win=Window(...), wrapWidth=1)
17.4229 	EXP 	gram01: pos = array([ 0.69537037, -0.26111111])
17.4229 	EXP 	continue_text: autoDraw = True
17.4306 	EXP 	Created continue_text = TextStim(__class__=<class 'psychopy.visual.text.TextStim'>, alignHoriz='center', alignVert='center', antialias=True, autoLog=True, bold=False, color='white', colorSpace='named', contrast=1.0, depth=0.0, flipHoriz=False, flipVert=False, font='Arial', fontFiles=[], height=0.05, italic=False, languageStyle='LTR', name='continue_text', opacity=1.0, ori=0, pos=array([0., 0.]), rgb=array([255., 255., 255.]), text='Continue', units='height', win=Window(...), wrapWidth=1)
17.4449 	EXP 	gram01: pos = array([ 0.69722222, -0.26203704])
17.4449 	EXP 	continue_text: autoDraw = True
17.4511 	EXP 	Created continue_text = TextStim(__class__=<class 'psychopy.visual.text.TextStim'>, alignHoriz='center', alignVert='center', antialias=True, autoLog=True, bold=False, color='white', colorSpace='named', contrast=1.0, depth=0.0, flipHoriz=False, flipVert=False, font='Arial', fontFiles=[], height=0.05, italic=False, languageStyle='LTR', name='continue_text', opacity=1.0, ori=0, pos=array([0., 0.]), rgb=array([255., 255., 255.]), text='Continue', units='height', win=Window(...), wrapWidth=1)
17.4655 	EXP 	gram01: pos = array([ 0.69814815, -0.26203704])
17.4655 	EXP 	continue_text: autoDraw = True
17.4725 	EXP 	Created continue_text = TextStim(__class__=<class 'psychopy.visual.text.TextStim'>, alignHoriz='center', alignVert='center', antialias=True, autoLog=True, bold=False, color='white', colorSpace='named', contrast=1.0, depth=0.0, flipHoriz=False, flipVert=False, font='Arial', fontFiles=[], height=0.05, italic=False, languageStyle='LTR', name='continue_text', opacity=1.0, ori=0, pos=array([0., 0.]), rgb=array([255., 255., 255.]), text='Continue', units='height', win=Window(...), wrapWidth=1)
17.4853 	EXP 	gram01: pos = array([ 0.69814815, -0.26203704])
17.4853 	EXP 	continue_text: autoDraw = True
17.4929 	EXP 	Created continue_text = TextStim(__class__=<class 'psychopy.visual.text.TextStim'>, alignHoriz='center', alignVert='center', antialias=True, autoLog=True, bold=False, color='white', colorSpace='named', contrast=1.0, depth=0.0, flipHoriz=False, flipVert=False, font='Arial', fontFiles=[], height=0.05, italic=False, languageStyle='LTR', name='continue_text', opacity=1.0, ori=0, pos=array([0., 0.]), rgb=array([255., 255., 255.]), text='Continue', units='height', win=Window(...), wrapWidth=1)
17.5093 	EXP 	gram01: pos = array([ 0.69814815, -0.26203704])
17.5093 	EXP 	continue_text: autoDraw = True
17.5161 	EXP 	Created continue_text = TextStim(__class__=<class 'psychopy.visual.text.TextStim'>, alignHoriz='center', alignVert='center', antialias=True, autoLog=True, bold=False, color='white', colorSpace='named', contrast=1.0, depth=0.0, flipHoriz=False, flipVert=False, font='Arial', fontFiles=[], height=0.05, italic=False, languageStyle='LTR', name='continue_text', opacity=1.0, ori=0, pos=array([0., 0.]), rgb=array([255., 255., 255.]), text='Continue', units='height', win=Window(...), wrapWidth=1)
17.5318 	EXP 	gram01: pos = array([ 0.69814815, -0.26111111])
17.5318 	EXP 	continue_text: autoDraw = True
17.5405 	EXP 	Created continue_text = TextStim(__class__=<class 'psychopy.visual.text.TextStim'>, alignHoriz='center', alignVert='center', antialias=True, autoLog=True, bold=False, color='white', colorSpace='named', contrast=1.0, depth=0.0, flipHoriz=False, flipVert=False, font='Arial', fontFiles=[], height=0.05, italic=False, languageStyle='LTR', name='continue_text', opacity=1.0, ori=0, pos=array([0., 0.]), rgb=array([255., 255., 255.]), text='Continue', units='height', win=Window(...), wrapWidth=1)
17.5573 	EXP 	gram01: pos = array([ 0.69814815, -0.25740741])
17.5573 	EXP 	continue_text: autoDraw = True
17.5779 	EXP 	gram01: pos = array([ 0.69814815, -0.21018519])
17.5779 	EXP 	continue_text: autoDraw = False
17.5958 	EXP 	gram01: pos = array([ 0.69259259, -0.13981481])
17.5958 	EXP 	continue_text: autoDraw = False
17.6171 	EXP 	gram01: pos = array([ 0.6962963 , -0.11481481])
17.6171 	EXP 	continue_text: autoDraw = False
17.6484 	EXP 	gram01: pos = array([ 0.6962963 , -0.09074074])
17.6484 	EXP 	continue_text: autoDraw = False
17.6664 	EXP 	gram01: pos = array([ 0.6962963 , -0.06759259])
17.6664 	EXP 	continue_text: autoDraw = False
17.6822 	EXP 	gram01: pos = array([ 0.6962963 , -0.05925926])
17.6822 	EXP 	continue_text: autoDraw = False
17.6986 	EXP 	gram01: pos = array([ 0.6962963 , -0.04814815])
17.6986 	EXP 	continue_text: autoDraw = False
17.7177 	EXP 	gram01: pos = array([ 0.6962963 , -0.03981481])
17.7177 	EXP 	continue_text: autoDraw = False
17.7381 	EXP 	gram01: pos = array([ 0.6962963 , -0.03240741])
17.7381 	EXP 	continue_text: autoDraw = False
17.7589 	EXP 	gram01: pos = array([ 0.69537037, -0.02407407])
17.7589 	EXP 	continue_text: autoDraw = False
17.7782 	EXP 	gram01: pos = array([ 0.69444444, -0.01018519])
17.7782 	EXP 	continue_text: autoDraw = False
17.7977 	EXP 	gram01: pos = array([0.69444444, 0.00092593])
17.7977 	EXP 	continue_text: autoDraw = False
17.8138 	EXP 	gram01: pos = array([0.69444444, 0.02222222])
17.8138 	EXP 	continue_text: autoDraw = False
17.8305 	EXP 	gram01: pos = array([0.69444444, 0.02962963])
17.8305 	EXP 	continue_text: autoDraw = False
17.8558 	EXP 	gram01: pos = array([0.69444444, 0.04259259])
17.8558 	EXP 	continue_text: autoDraw = False
17.8756 	EXP 	gram01: pos = array([0.69351852, 0.06574074])
17.8756 	EXP 	continue_text: autoDraw = False
17.8949 	EXP 	gram01: pos = array([0.69074074, 0.09074074])
17.8949 	EXP 	continue_text: autoDraw = False
17.9134 	EXP 	gram01: pos = array([0.69074074, 0.1037037 ])
17.9134 	EXP 	continue_text: autoDraw = False
17.9434 	EXP 	gram01: pos = array([0.68888889, 0.11944444])
17.9434 	EXP 	continue_text: autoDraw = False
17.9850 	EXP 	gram01: pos = array([0.68796296, 0.15462963])
17.9850 	EXP 	continue_text: autoDraw = False
18.0365 	EXP 	gram01: pos = array([0.68796296, 0.19814815])
18.0365 	EXP 	continue_text: autoDraw = False
18.0686 	EXP 	gram01: pos = array([0.68888889, 0.24351852])
18.0686 	EXP 	continue_text: autoDraw = False
18.1017 	EXP 	gram01: pos = array([0.68888889, 0.26759259])
18.1017 	EXP 	continue_text: autoDraw = False
18.1343 	EXP 	gram01: pos = array([0.68981481, 0.2787037 ])
18.1343 	EXP 	continue_text: autoDraw = False
18.1678 	EXP 	gram01: pos = array([0.68888889, 0.28333333])
18.1678 	EXP 	continue_text: autoDraw = False
18.2003 	EXP 	gram01: pos = array([0.68796296, 0.28703704])
18.2003 	EXP 	continue_text: autoDraw = False
18.2161 	EXP 	gram01: pos = array([0.68703704, 0.28888889])
18.2161 	EXP 	continue_text: autoDraw = False
18.2425 	EXP 	gram01: pos = array([0.68703704, 0.28981481])
18.2425 	EXP 	continue_text: autoDraw = False
18.2621 	EXP 	gram01: pos = array([0.68611111, 0.29074074])
18.2621 	EXP 	continue_text: autoDraw = False
18.2791 	EXP 	gram01: pos = array([0.68611111, 0.29166667])
18.2791 	EXP 	continue_text: autoDraw = False
18.3018 	EXP 	gram01: pos = array([0.68518519, 0.29259259])
18.3018 	EXP 	continue_text: autoDraw = False
18.3191 	EXP 	gram01: pos = array([0.68518519, 0.29259259])
18.3191 	EXP 	continue_text: autoDraw = False
18.3425 	EXP 	gram01: pos = array([0.68518519, 0.29259259])
18.3425 	EXP 	continue_text: autoDraw = False
18.3620 	EXP 	gram01: pos = array([0.68518519, 0.29259259])
18.3620 	EXP 	continue_text: autoDraw = False
18.3789 	EXP 	gram01: pos = array([0.68518519, 0.29259259])
18.3789 	EXP 	continue_text: autoDraw = False
18.3962 	EXP 	gram01: pos = array([0.68518519, 0.29259259])
18.3962 	EXP 	continue_text: autoDraw = False
18.4134 	EXP 	gram01: pos = array([0.68518519, 0.29259259])
18.4134 	EXP 	continue_text: autoDraw = False
18.4301 	EXP 	gram01: pos = array([0.68518519, 0.29259259])
18.4301 	EXP 	continue_text: autoDraw = False
18.4503 	EXP 	gram01: pos = array([0.68518519, 0.29259259])
18.4503 	EXP 	continue_text: autoDraw = False
18.4778 	EXP 	gram01: pos = array([0.68518519, 0.29259259])
18.4778 	EXP 	continue_text: autoDraw = False
18.4880 	DATA 	Mouse:  Left button up, pos=(1700,856)
18.4977 	EXP 	gram01: pos = array([0.68518519, 0.29259259])
18.4977 	EXP 	continue_text: autoDraw = False
18.5212 	EXP 	continue_text: autoDraw = False
18.5386 	EXP 	continue_text: autoDraw = False
18.5586 	EXP 	continue_text: autoDraw = False
18.5793 	EXP 	continue_text: autoDraw = False
18.5990 	EXP 	continue_text: autoDraw = False
18.6167 	EXP 	continue_text: autoDraw = False
18.6413 	EXP 	continue_text: autoDraw = False
18.6629 	EXP 	continue_text: autoDraw = False
18.6838 	EXP 	continue_text: autoDraw = False
18.7103 	EXP 	continue_text: autoDraw = False
18.7296 	EXP 	continue_text: autoDraw = False
18.7459 	EXP 	continue_text: autoDraw = False
18.7628 	EXP 	continue_text: autoDraw = False
18.7821 	EXP 	continue_text: autoDraw = False
18.8138 	EXP 	continue_text: autoDraw = False
18.8450 	EXP 	continue_text: autoDraw = False
18.8923 	EXP 	continue_text: autoDraw = False
18.9147 	EXP 	continue_text: autoDraw = False
18.9302 	EXP 	continue_text: autoDraw = False
18.9459 	EXP 	continue_text: autoDraw = False
18.9640 	EXP 	continue_text: autoDraw = False
18.9799 	EXP 	continue_text: autoDraw = False
18.9960 	EXP 	continue_text: autoDraw = False
19.0128 	EXP 	continue_text: autoDraw = False
19.0294 	EXP 	continue_text: autoDraw = False
19.0468 	EXP 	continue_text: autoDraw = False
19.0690 	EXP 	continue_text: autoDraw = False
19.0980 	EXP 	continue_text: autoDraw = False
19.1177 	EXP 	continue_text: autoDraw = False
19.1435 	EXP 	continue_text: autoDraw = False
19.1642 	EXP 	continue_text: autoDraw = False
19.1961 	DATA 	Mouse: Left button down, pos=(1700,856)
19.2027 	EXP 	continue_text: autoDraw = False
19.2255 	EXP 	continue_text: autoDraw = False
19.2532 	EXP 	gram01: pos = array([0.65833333, 0.29537037])
19.2532 	EXP 	continue_text: autoDraw = False
19.2762 	EXP 	gram01: pos = array([0.64074074, 0.29814815])
19.2762 	EXP 	continue_text: autoDraw = False
19.3200 	EXP 	gram01: pos = array([0.62222222, 0.30185185])
19.3200 	EXP 	continue_text: autoDraw = False
19.3479 	EXP 	gram01: pos = array([0.59166667, 0.30555556])
19.3479 	EXP 	continue_text: autoDraw = False
19.3718 	EXP 	gram01: pos = array([0.5537037 , 0.30833333])
19.3718 	EXP 	continue_text: autoDraw = False
19.3969 	EXP 	gram01: pos = array([0.54074074, 0.30833333])
19.3969 	EXP 	continue_text: autoDraw = False
19.4186 	EXP 	gram01: pos = array([0.52037037, 0.30648148])
19.4186 	EXP 	continue_text: autoDraw = False
19.4484 	EXP 	gram01: pos = array([0.4962963, 0.3037037])
19.4484 	EXP 	continue_text: autoDraw = False
19.4814 	EXP 	gram01: pos = array([0.47592593, 0.3       ])
19.4814 	EXP 	continue_text: autoDraw = False
19.5056 	EXP 	gram01: pos = array([0.46018519, 0.2962963 ])
19.5056 	EXP 	continue_text: autoDraw = False
19.5307 	EXP 	gram01: pos = array([0.45092593, 0.29259259])
19.5307 	EXP 	continue_text: autoDraw = False
19.5466 	EXP 	gram01: pos = array([0.43888889, 0.28796296])
19.5466 	EXP 	continue_text: autoDraw = False
19.5632 	EXP 	gram01: pos = array([0.43148148, 0.28333333])
19.5632 	EXP 	continue_text: autoDraw = False
19.5801 	EXP 	gram01: pos = array([0.42222222, 0.2787037 ])
19.5801 	EXP 	continue_text: autoDraw = False
19.5970 	EXP 	gram01: pos = array([0.41759259, 0.275     ])
19.5970 	EXP 	continue_text: autoDraw = False
19.6153 	EXP 	gram01: pos = array([0.41481481, 0.27222222])
19.6153 	EXP 	continue_text: autoDraw = False
19.6349 	EXP 	gram01: pos = array([0.41296296, 0.26851852])
19.6349 	EXP 	continue_text: autoDraw = False
19.6522 	EXP 	gram01: pos = array([0.41018519, 0.26388889])
19.6522 	EXP 	continue_text: autoDraw = False
19.6773 	EXP 	gram01: pos = array([0.41018519, 0.26111111])
19.6773 	EXP 	continue_text: autoDraw = False
19.6969 	EXP 	gram01: pos = array([0.41574074, 0.2462963 ])
19.6969 	EXP 	continue_text: autoDraw = False
19.7134 	EXP 	gram01: pos = array([0.43333333, 0.21388889])
19.7134 	EXP 	continue_text: autoDraw = False
19.7301 	EXP 	gram01: pos = array([0.46666667, 0.16759259])
19.7301 	EXP 	continue_text: autoDraw = False
19.7469 	EXP 	gram01: pos = array([0.50462963, 0.11666667])
19.7469 	EXP 	continue_text: autoDraw = False
19.7640 	EXP 	gram01: pos = array([0.55925926, 0.06203704])
19.7640 	EXP 	continue_text: autoDraw = False
19.7836 	EXP 	gram01: pos = array([0.58611111, 0.03703704])
19.7836 	EXP 	continue_text: autoDraw = False
19.8083 	EXP 	gram01: pos = array([0.6037037 , 0.01759259])
19.8083 	EXP 	continue_text: autoDraw = False
19.8285 	EXP 	gram01: pos = array([0.62314815, 0.0037037 ])
19.8285 	EXP 	continue_text: autoDraw = False
19.8486 	EXP 	gram01: pos = array([ 0.63333333, -0.0037037 ])
19.8486 	EXP 	continue_text: autoDraw = False
19.8662 	EXP 	gram01: pos = array([ 0.63796296, -0.00555556])
19.8662 	EXP 	continue_text: autoDraw = False
19.8831 	EXP 	gram01: pos = array([ 0.64537037, -0.00740741])
19.8831 	EXP 	continue_text: autoDraw = False
19.9009 	EXP 	gram01: pos = array([ 0.65925926, -0.01111111])
19.9009 	EXP 	continue_text: autoDraw = False
19.9171 	EXP 	gram01: pos = array([ 0.68611111, -0.01666667])
19.9171 	EXP 	continue_text: autoDraw = False
19.9331 	EXP 	gram01: pos = array([ 0.69444444, -0.01759259])
19.9331 	EXP 	continue_text: autoDraw = False
19.9504 	EXP 	gram01: pos = array([ 0.70648148, -0.01944444])
19.9504 	EXP 	continue_text: autoDraw = False
19.9697 	EXP 	gram01: pos = array([ 0.71111111, -0.01944444])
19.9697 	EXP 	continue_text: autoDraw = False
19.9846 	EXP 	gram01: pos = array([ 0.71666667, -0.01944444])
19.9846 	EXP 	continue_text: autoDraw = False
20.0009 	EXP 	gram01: pos = array([ 0.72592593, -0.01574074])
20.0009 	EXP 	continue_text: autoDraw = False
20.0187 	EXP 	gram01: pos = array([ 0.7462963 , -0.00277778])
20.0187 	EXP 	continue_text: autoDraw = False
20.0344 	EXP 	gram01: pos = array([0.80555556, 0.05833333])
20.0344 	EXP 	continue_text: autoDraw = False
20.0508 	EXP 	gram01: pos = array([0.84722222, 0.11666667])
20.0508 	EXP 	continue_text: autoDraw = False
20.0677 	EXP 	gram01: pos = array([0.85740741, 0.13611111])
20.0677 	EXP 	continue_text: autoDraw = False
20.0851 	EXP 	gram01: pos = array([0.86111111, 0.14722222])
20.0851 	EXP 	continue_text: autoDraw = False
20.1011 	EXP 	gram01: pos = array([0.86111111, 0.15555556])
20.1011 	EXP 	continue_text: autoDraw = False
20.1179 	EXP 	gram01: pos = array([0.86018519, 0.16203704])
20.1179 	EXP 	continue_text: autoDraw = False
20.1381 	EXP 	gram01: pos = array([0.85740741, 0.16944444])
20.1381 	EXP 	continue_text: autoDraw = False
20.1542 	EXP 	gram01: pos = array([0.85462963, 0.17777778])
20.1542 	EXP 	continue_text: autoDraw = False
20.1785 	EXP 	gram01: pos = array([0.85277778, 0.18518519])
20.1785 	EXP 	continue_text: autoDraw = False
20.1986 	EXP 	gram01: pos = array([0.84444444, 0.19907407])
20.1986 	EXP 	continue_text: autoDraw = False
20.2144 	EXP 	gram01: pos = array([0.83703704, 0.21018519])
20.2144 	EXP 	continue_text: autoDraw = False
20.2316 	EXP 	gram01: pos = array([0.82314815, 0.22222222])
20.2316 	EXP 	continue_text: autoDraw = False
20.2481 	EXP 	gram01: pos = array([0.81018519, 0.23148148])
20.2481 	EXP 	continue_text: autoDraw = False
20.2640 	EXP 	gram01: pos = array([0.79907407, 0.23796296])
20.2640 	EXP 	continue_text: autoDraw = False
20.2825 	EXP 	gram01: pos = array([0.79074074, 0.23888889])
20.2825 	EXP 	continue_text: autoDraw = False
20.3001 	EXP 	gram01: pos = array([0.78611111, 0.23888889])
20.3001 	EXP 	continue_text: autoDraw = False
20.3180 	EXP 	gram01: pos = array([0.78240741, 0.23796296])
20.3180 	EXP 	continue_text: autoDraw = False
20.3341 	EXP 	gram01: pos = array([0.7787037 , 0.23333333])
20.3341 	EXP 	continue_text: autoDraw = False
20.3516 	EXP 	gram01: pos = array([0.77407407, 0.22037037])
20.3516 	EXP 	continue_text: autoDraw = False
20.3681 	EXP 	gram01: pos = array([0.75555556, 0.16759259])
20.3681 	EXP 	continue_text: autoDraw = False
20.3848 	EXP 	continue_text: autoDraw = False
20.4004 	EXP 	continue_text: autoDraw = False
20.4162 	EXP 	continue_text: autoDraw = False
20.4320 	EXP 	continue_text: autoDraw = False
20.4493 	EXP 	continue_text: autoDraw = False
20.4661 	EXP 	continue_text: autoDraw = False
20.4820 	EXP 	continue_text: autoDraw = False
20.4981 	EXP 	continue_text: autoDraw = False
20.5179 	EXP 	continue_text: autoDraw = False
20.5348 	EXP 	continue_text: autoDraw = False
20.5508 	EXP 	continue_text: autoDraw = False
20.5683 	EXP 	continue_text: autoDraw = False
20.5849 	EXP 	continue_text: autoDraw = False
20.6010 	EXP 	continue_text: autoDraw = False
20.6162 	EXP 	continue_text: autoDraw = False
20.6340 	EXP 	continue_text: autoDraw = False
20.6517 	EXP 	continue_text: autoDraw = False
20.6686 	EXP 	continue_text: autoDraw = False
20.6852 	EXP 	continue_text: autoDraw = False
20.7020 	EXP 	continue_text: autoDraw = False
20.7187 	EXP 	continue_text: autoDraw = False
20.7351 	EXP 	continue_text: autoDraw = False
20.7507 	EXP 	continue_text: autoDraw = False
20.7662 	EXP 	continue_text: autoDraw = False
20.7823 	EXP 	continue_text: autoDraw = False
20.7994 	EXP 	continue_text: autoDraw = False
20.8159 	EXP 	continue_text: autoDraw = False
20.8324 	EXP 	continue_text: autoDraw = False
20.8532 	EXP 	continue_text: autoDraw = False
20.8715 	EXP 	continue_text: autoDraw = False
20.8897 	EXP 	continue_text: autoDraw = False
20.9070 	EXP 	continue_text: autoDraw = False
20.9271 	EXP 	continue_text: autoDraw = False
20.9484 	EXP 	continue_text: autoDraw = False
20.9726 	EXP 	continue_text: autoDraw = False
20.9946 	EXP 	continue_text: autoDraw = False
21.0284 	EXP 	continue_text: autoDraw = False
21.0538 	EXP 	continue_text: autoDraw = False
21.0755 	EXP 	continue_text: autoDraw = False
21.0978 	EXP 	continue_text: autoDraw = False
21.1208 	EXP 	continue_text: autoDraw = False
21.1552 	EXP 	continue_text: autoDraw = False
21.1828 	EXP 	continue_text: autoDraw = False
21.2024 	EXP 	continue_text: autoDraw = False
21.2235 	EXP 	continue_text: autoDraw = False
21.2362 	DATA 	Mouse:  Left button up, pos=(1741,632)
21.2425 	EXP 	gram01: pos = array([0.72222222, 0.08148148])
21.2425 	EXP 	continue_text: autoDraw = False
21.2615 	EXP 	continue_text: autoDraw = False
21.2820 	EXP 	continue_text: autoDraw = False
21.3013 	EXP 	continue_text: autoDraw = False
21.3233 	EXP 	continue_text: autoDraw = False
21.3461 	EXP 	continue_text: autoDraw = False
21.3695 	EXP 	continue_text: autoDraw = False
21.3864 	EXP 	continue_text: autoDraw = False
21.4033 	EXP 	continue_text: autoDraw = False
21.4296 	EXP 	continue_text: autoDraw = False
21.4392 	DATA 	Mouse: Left button down, pos=(1744,651)
21.4490 	EXP 	continue_text: autoDraw = False
21.4705 	EXP 	continue_text: autoDraw = False
21.4908 	EXP 	gram01: pos = array([0.72592593, 0.10277778])
21.4908 	EXP 	continue_text: autoDraw = False
21.5109 	EXP 	gram01: pos = array([0.72592593, 0.10277778])
21.5109 	EXP 	continue_text: autoDraw = False
21.5324 	EXP 	gram01: pos = array([0.72592593, 0.10277778])
21.5324 	EXP 	continue_text: autoDraw = False
21.5542 	EXP 	gram01: pos = array([0.72592593, 0.10277778])
21.5542 	EXP 	continue_text: autoDraw = False
21.5779 	EXP 	gram01: pos = array([0.72592593, 0.10277778])
21.5779 	EXP 	continue_text: autoDraw = False
21.6064 	EXP 	gram01: pos = array([0.72592593, 0.10277778])
21.6064 	EXP 	continue_text: autoDraw = False
21.6316 	EXP 	gram01: pos = array([0.72592593, 0.1       ])
21.6316 	EXP 	continue_text: autoDraw = False
21.6575 	EXP 	gram01: pos = array([0.72592593, 0.09074074])
21.6575 	EXP 	continue_text: autoDraw = False
21.6868 	EXP 	gram01: pos = array([0.72592593, 0.08148148])
21.6868 	EXP 	continue_text: autoDraw = False
21.7127 	EXP 	gram01: pos = array([0.72592593, 0.07222222])
21.7127 	EXP 	continue_text: autoDraw = False
21.7376 	EXP 	gram01: pos = array([0.72592593, 0.06481481])
21.7376 	EXP 	continue_text: autoDraw = False
21.7663 	EXP 	gram01: pos = array([0.72592593, 0.05462963])
21.7663 	EXP 	continue_text: autoDraw = False
21.7927 	EXP 	gram01: pos = array([0.72592593, 0.04259259])
21.7927 	EXP 	continue_text: autoDraw = False
21.8304 	EXP 	gram01: pos = array([0.72592593, 0.03148148])
21.8304 	EXP 	continue_text: autoDraw = False
21.8662 	EXP 	gram01: pos = array([0.72407407, 0.00092593])
21.8662 	EXP 	continue_text: autoDraw = False
21.8839 	EXP 	gram01: pos = array([ 0.7212963 , -0.03888889])
21.8839 	EXP 	continue_text: autoDraw = False
21.8997 	EXP 	gram01: pos = array([ 0.72037037, -0.05925926])
21.8997 	EXP 	continue_text: autoDraw = False
21.9159 	EXP 	gram01: pos = array([ 0.72037037, -0.08148148])
21.9159 	EXP 	continue_text: autoDraw = False
21.9325 	EXP 	gram01: pos = array([ 0.71851852, -0.09722222])
21.9325 	EXP 	continue_text: autoDraw = False
21.9500 	EXP 	gram01: pos = array([ 0.71851852, -0.11018519])
21.9500 	EXP 	continue_text: autoDraw = False
21.9698 	EXP 	gram01: pos = array([ 0.71944444, -0.12407407])
21.9698 	EXP 	continue_text: autoDraw = False
21.9868 	EXP 	gram01: pos = array([ 0.72037037, -0.14444444])
21.9868 	EXP 	continue_text: autoDraw = False
22.0042 	EXP 	gram01: pos = array([ 0.7212963, -0.1537037])
22.0042 	EXP 	continue_text: autoDraw = False
22.0207 	EXP 	gram01: pos = array([ 0.72222222, -0.16018519])
22.0207 	EXP 	continue_text: autoDraw = False
22.0366 	EXP 	gram01: pos = array([ 0.72314815, -0.16388889])
22.0366 	EXP 	continue_text: autoDraw = False
22.0528 	EXP 	gram01: pos = array([ 0.72314815, -0.16759259])
22.0528 	EXP 	continue_text: autoDraw = False
22.0701 	EXP 	gram01: pos = array([ 0.72407407, -0.1712963 ])
22.0701 	EXP 	continue_text: autoDraw = False
22.0908 	EXP 	gram01: pos = array([ 0.72407407, -0.17407407])
22.0908 	EXP 	continue_text: autoDraw = False
22.1128 	EXP 	gram01: pos = array([ 0.72407407, -0.1787037 ])
22.1128 	EXP 	continue_text: autoDraw = False
22.1375 	EXP 	gram01: pos = array([ 0.72407407, -0.18148148])
22.1375 	EXP 	continue_text: autoDraw = False
22.1631 	EXP 	gram01: pos = array([ 0.72407407, -0.18611111])
22.1631 	EXP 	continue_text: autoDraw = False
22.1921 	EXP 	gram01: pos = array([ 0.72407407, -0.18981481])
22.1921 	EXP 	continue_text: autoDraw = False
22.2127 	EXP 	gram01: pos = array([ 0.72407407, -0.19259259])
22.2127 	EXP 	continue_text: autoDraw = False
22.2355 	EXP 	gram01: pos = array([ 0.72407407, -0.19537037])
22.2355 	EXP 	continue_text: autoDraw = False
22.2555 	EXP 	gram01: pos = array([ 0.72407407, -0.1962963 ])
22.2555 	EXP 	continue_text: autoDraw = False
22.2756 	EXP 	gram01: pos = array([ 0.72407407, -0.19814815])
22.2756 	EXP 	continue_text: autoDraw = False
22.3062 	EXP 	gram01: pos = array([ 0.72407407, -0.20092593])
22.3062 	EXP 	continue_text: autoDraw = False
22.3298 	EXP 	gram01: pos = array([ 0.72407407, -0.20462963])
22.3298 	EXP 	continue_text: autoDraw = False
22.3601 	EXP 	gram01: pos = array([ 0.72407407, -0.20740741])
22.3601 	EXP 	continue_text: autoDraw = False
22.3814 	EXP 	gram01: pos = array([ 0.72314815, -0.21111111])
22.3814 	EXP 	continue_text: autoDraw = False
22.4054 	EXP 	gram01: pos = array([ 0.72222222, -0.21296296])
22.4054 	EXP 	continue_text: autoDraw = False
22.4306 	EXP 	gram01: pos = array([ 0.72037037, -0.21574074])
22.4306 	EXP 	continue_text: autoDraw = False
22.4532 	EXP 	gram01: pos = array([ 0.71944444, -0.21759259])
22.4532 	EXP 	continue_text: autoDraw = False
22.4782 	EXP 	Created continue_text = TextStim(__class__=<class 'psychopy.visual.text.TextStim'>, alignHoriz='center', alignVert='center', antialias=True, autoLog=True, bold=False, color='white', colorSpace='named', contrast=1.0, depth=0.0, flipHoriz=False, flipVert=False, font='Arial', fontFiles=[], height=0.05, italic=False, languageStyle='LTR', name='continue_text', opacity=1.0, ori=0, pos=array([0., 0.]), rgb=array([255., 255., 255.]), text='Continue', units='height', win=Window(...), wrapWidth=1)
22.4966 	EXP 	gram01: pos = array([ 0.71851852, -0.22037037])
22.4966 	EXP 	continue_text: autoDraw = True
22.5164 	EXP 	Created continue_text = TextStim(__class__=<class 'psychopy.visual.text.TextStim'>, alignHoriz='center', alignVert='center', antialias=True, autoLog=True, bold=False, color='white', colorSpace='named', contrast=1.0, depth=0.0, flipHoriz=False, flipVert=False, font='Arial', fontFiles=[], height=0.05, italic=False, languageStyle='LTR', name='continue_text', opacity=1.0, ori=0, pos=array([0., 0.]), rgb=array([255., 255., 255.]), text='Continue', units='height', win=Window(...), wrapWidth=1)
22.5384 	EXP 	gram01: pos = array([ 0.71759259, -0.22314815])
22.5384 	EXP 	continue_text: autoDraw = True
22.5608 	EXP 	Created continue_text = TextStim(__class__=<class 'psychopy.visual.text.TextStim'>, alignHoriz='center', alignVert='center', antialias=True, autoLog=True, bold=False, color='white', colorSpace='named', contrast=1.0, depth=0.0, flipHoriz=False, flipVert=False, font='Arial', fontFiles=[], height=0.05, italic=False, languageStyle='LTR', name='continue_text', opacity=1.0, ori=0, pos=array([0., 0.]), rgb=array([255., 255., 255.]), text='Continue', units='height', win=Window(...), wrapWidth=1)
22.5811 	EXP 	gram01: pos = array([ 0.71666667, -0.22592593])
22.5811 	EXP 	continue_text: autoDraw = True
22.6059 	EXP 	Created continue_text = TextStim(__class__=<class 'psychopy.visual.text.TextStim'>, alignHoriz='center', alignVert='center', antialias=True, autoLog=True, bold=False, color='white', colorSpace='named', contrast=1.0, depth=0.0, flipHoriz=False, flipVert=False, font='Arial', fontFiles=[], height=0.05, italic=False, languageStyle='LTR', name='continue_text', opacity=1.0, ori=0, pos=array([0., 0.]), rgb=array([255., 255., 255.]), text='Continue', units='height', win=Window(...), wrapWidth=1)
22.6289 	EXP 	gram01: pos = array([ 0.71666667, -0.22685185])
22.6289 	EXP 	continue_text: autoDraw = True
22.6422 	EXP 	Created continue_text = TextStim(__class__=<class 'psychopy.visual.text.TextStim'>, alignHoriz='center', alignVert='center', antialias=True, autoLog=True, bold=False, color='white', colorSpace='named', contrast=1.0, depth=0.0, flipHoriz=False, flipVert=False, font='Arial', fontFiles=[], height=0.05, italic=False, languageStyle='LTR', name='continue_text', opacity=1.0, ori=0, pos=array([0., 0.]), rgb=array([255., 255., 255.]), text='Continue', units='height', win=Window(...), wrapWidth=1)
22.6631 	EXP 	gram01: pos = array([ 0.71666667, -0.22962963])
22.6631 	EXP 	continue_text: autoDraw = True
22.6726 	EXP 	Created continue_text = TextStim(__class__=<class 'psychopy.visual.text.TextStim'>, alignHoriz='center', alignVert='center', antialias=True, autoLog=True, bold=False, color='white', colorSpace='named', contrast=1.0, depth=0.0, flipHoriz=False, flipVert=False, font='Arial', fontFiles=[], height=0.05, italic=False, languageStyle='LTR', name='continue_text', opacity=1.0, ori=0, pos=array([0., 0.]), rgb=array([255., 255., 255.]), text='Continue', units='height', win=Window(...), wrapWidth=1)
22.6908 	EXP 	gram01: pos = array([ 0.71666667, -0.23240741])
22.6908 	EXP 	continue_text: autoDraw = True
22.6988 	EXP 	Created continue_text = TextStim(__class__=<class 'psychopy.visual.text.TextStim'>, alignHoriz='center', alignVert='center', antialias=True, autoLog=True, bold=False, color='white', colorSpace='named', contrast=1.0, depth=0.0, flipHoriz=False, flipVert=False, font='Arial', fontFiles=[], height=0.05, italic=False, languageStyle='LTR', name='continue_text', opacity=1.0, ori=0, pos=array([0., 0.]), rgb=array([255., 255., 255.]), text='Continue', units='height', win=Window(...), wrapWidth=1)
22.7155 	EXP 	gram01: pos = array([ 0.71666667, -0.23425926])
22.7155 	EXP 	continue_text: autoDraw = True
22.7234 	EXP 	Created continue_text = TextStim(__class__=<class 'psychopy.visual.text.TextStim'>, alignHoriz='center', alignVert='center', antialias=True, autoLog=True, bold=False, color='white', colorSpace='named', contrast=1.0, depth=0.0, flipHoriz=False, flipVert=False, font='Arial', fontFiles=[], height=0.05, italic=False, languageStyle='LTR', name='continue_text', opacity=1.0, ori=0, pos=array([0., 0.]), rgb=array([255., 255., 255.]), text='Continue', units='height', win=Window(...), wrapWidth=1)
22.7381 	EXP 	gram01: pos = array([ 0.71666667, -0.23703704])
22.7381 	EXP 	continue_text: autoDraw = True
22.7447 	EXP 	Created continue_text = TextStim(__class__=<class 'psychopy.visual.text.TextStim'>, alignHoriz='center', alignVert='center', antialias=True, autoLog=True, bold=False, color='white', colorSpace='named', contrast=1.0, depth=0.0, flipHoriz=False, flipVert=False, font='Arial', fontFiles=[], height=0.05, italic=False, languageStyle='LTR', name='continue_text', opacity=1.0, ori=0, pos=array([0., 0.]), rgb=array([255., 255., 255.]), text='Continue', units='height', win=Window(...), wrapWidth=1)
22.7618 	EXP 	gram01: pos = array([ 0.71666667, -0.23796296])
22.7618 	EXP 	continue_text: autoDraw = True
22.7706 	EXP 	Created continue_text = TextStim(__class__=<class 'psychopy.visual.text.TextStim'>, alignHoriz='center', alignVert='center', antialias=True, autoLog=True, bold=False, color='white', colorSpace='named', contrast=1.0, depth=0.0, flipHoriz=False, flipVert=False, font='Arial', fontFiles=[], height=0.05, italic=False, languageStyle='LTR', name='continue_text', opacity=1.0, ori=0, pos=array([0., 0.]), rgb=array([255., 255., 255.]), text='Continue', units='height', win=Window(...), wrapWidth=1)
22.7865 	EXP 	gram01: pos = array([ 0.71666667, -0.23888889])
22.7865 	EXP 	continue_text: autoDraw = True
22.7927 	EXP 	Created continue_text = TextStim(__class__=<class 'psychopy.visual.text.TextStim'>, alignHoriz='center', alignVert='center', antialias=True, autoLog=True, bold=False, color='white', colorSpace='named', contrast=1.0, depth=0.0, flipHoriz=False, flipVert=False, font='Arial', fontFiles=[], height=0.05, italic=False, languageStyle='LTR', name='continue_text', opacity=1.0, ori=0, pos=array([0., 0.]), rgb=array([255., 255., 255.]), text='Continue', units='height', win=Window(...), wrapWidth=1)
22.8105 	EXP 	gram01: pos = array([ 0.71666667, -0.23981481])
22.8105 	EXP 	continue_text: autoDraw = True
22.8183 	EXP 	Created continue_text = TextStim(__class__=<class 'psychopy.visual.text.TextStim'>, alignHoriz='center', alignVert='center', antialias=True, autoLog=True, bold=False, color='white', colorSpace='named', contrast=1.0, depth=0.0, flipHoriz=False, flipVert=False, font='Arial', fontFiles=[], height=0.05, italic=False, languageStyle='LTR', name='continue_text', opacity=1.0, ori=0, pos=array([0., 0.]), rgb=array([255., 255., 255.]), text='Continue', units='height', win=Window(...), wrapWidth=1)
22.8335 	EXP 	gram01: pos = array([ 0.71666667, -0.23981481])
22.8335 	EXP 	continue_text: autoDraw = True
22.8415 	EXP 	Created continue_text = TextStim(__class__=<class 'psychopy.visual.text.TextStim'>, alignHoriz='center', alignVert='center', antialias=True, autoLog=True, bold=False, color='white', colorSpace='named', contrast=1.0, depth=0.0, flipHoriz=False, flipVert=False, font='Arial', fontFiles=[], height=0.05, italic=False, languageStyle='LTR', name='continue_text', opacity=1.0, ori=0, pos=array([0., 0.]), rgb=array([255., 255., 255.]), text='Continue', units='height', win=Window(...), wrapWidth=1)
22.8598 	EXP 	gram01: pos = array([ 0.71666667, -0.23796296])
22.8598 	EXP 	continue_text: autoDraw = True
22.8810 	EXP 	gram01: pos = array([ 0.71481481, -0.20277778])
22.8810 	EXP 	continue_text: autoDraw = False
22.9008 	EXP 	gram01: pos = array([ 0.71574074, -0.14351852])
22.9008 	EXP 	continue_text: autoDraw = False
22.9198 	EXP 	gram01: pos = array([ 0.71574074, -0.125     ])
22.9198 	EXP 	continue_text: autoDraw = False
22.9423 	EXP 	gram01: pos = array([ 0.71759259, -0.11759259])
22.9423 	EXP 	continue_text: autoDraw = False
22.9599 	EXP 	gram01: pos = array([ 0.71851852, -0.10833333])
22.9599 	EXP 	continue_text: autoDraw = False
22.9789 	EXP 	gram01: pos = array([ 0.71851852, -0.10277778])
22.9789 	EXP 	continue_text: autoDraw = False
23.0158 	EXP 	gram01: pos = array([ 0.72037037, -0.0962963 ])
23.0158 	EXP 	continue_text: autoDraw = False
23.0607 	EXP 	gram01: pos = array([ 0.72407407, -0.075     ])
23.0607 	EXP 	continue_text: autoDraw = False
23.1026 	EXP 	gram01: pos = array([ 0.72592593, -0.05277778])
23.1026 	EXP 	continue_text: autoDraw = False
23.1511 	EXP 	gram01: pos = array([ 0.72685185, -0.0287037 ])
23.1511 	EXP 	continue_text: autoDraw = False
23.1975 	EXP 	gram01: pos = array([ 0.72685185, -0.00277778])
23.1975 	EXP 	continue_text: autoDraw = False
23.2458 	EXP 	gram01: pos = array([0.72685185, 0.01759259])
23.2458 	EXP 	continue_text: autoDraw = False
23.2684 	EXP 	gram01: pos = array([0.72685185, 0.025     ])
23.2684 	EXP 	continue_text: autoDraw = False
23.2973 	EXP 	gram01: pos = array([0.72685185, 0.02592593])
23.2973 	EXP 	continue_text: autoDraw = False
23.3202 	EXP 	gram01: pos = array([0.72685185, 0.02777778])
23.3202 	EXP 	continue_text: autoDraw = False
23.3385 	EXP 	gram01: pos = array([0.72685185, 0.0287037 ])
23.3385 	EXP 	continue_text: autoDraw = False
23.3552 	EXP 	gram01: pos = array([0.72592593, 0.02962963])
23.3552 	EXP 	continue_text: autoDraw = False
23.3823 	EXP 	gram01: pos = array([0.72592593, 0.02962963])
23.3823 	EXP 	continue_text: autoDraw = False
23.3831 	DATA 	Mouse:  Left button up, pos=(1744,572)
23.4014 	EXP 	continue_text: autoDraw = False
23.4218 	EXP 	continue_text: autoDraw = False
23.4427 	EXP 	continue_text: autoDraw = False
23.4599 	EXP 	continue_text: autoDraw = False
23.4792 	EXP 	continue_text: autoDraw = False
23.4984 	EXP 	continue_text: autoDraw = False
23.5180 	EXP 	continue_text: autoDraw = False
23.5378 	EXP 	continue_text: autoDraw = False
23.5788 	EXP 	continue_text: autoDraw = False
23.6288 	EXP 	continue_text: autoDraw = False
23.6707 	EXP 	continue_text: autoDraw = False
23.7184 	EXP 	continue_text: autoDraw = False
23.7471 	EXP 	continue_text: autoDraw = False
23.7738 	EXP 	continue_text: autoDraw = False
23.8004 	EXP 	continue_text: autoDraw = False
23.8269 	EXP 	continue_text: autoDraw = False
23.8535 	EXP 	continue_text: autoDraw = False
23.8780 	EXP 	continue_text: autoDraw = False
23.9119 	EXP 	continue_text: autoDraw = False
23.9354 	EXP 	continue_text: autoDraw = False
23.9571 	EXP 	continue_text: autoDraw = False
23.9849 	EXP 	continue_text: autoDraw = False
24.0047 	EXP 	continue_text: autoDraw = False
24.0266 	EXP 	continue_text: autoDraw = False
24.0492 	EXP 	continue_text: autoDraw = False
24.0688 	EXP 	continue_text: autoDraw = False
24.0876 	EXP 	continue_text: autoDraw = False
24.1063 	EXP 	continue_text: autoDraw = False
24.1266 	EXP 	continue_text: autoDraw = False
24.1631 	EXP 	continue_text: autoDraw = False
24.2093 	EXP 	continue_text: autoDraw = False
24.2742 	EXP 	continue_text: autoDraw = False
24.3081 	EXP 	continue_text: autoDraw = False
24.3371 	EXP 	continue_text: autoDraw = False
24.3572 	EXP 	continue_text: autoDraw = False
24.3825 	EXP 	continue_text: autoDraw = False
24.4020 	EXP 	continue_text: autoDraw = False
24.4197 	EXP 	continue_text: autoDraw = False
24.4390 	EXP 	continue_text: autoDraw = False
24.4564 	EXP 	continue_text: autoDraw = False
24.4764 	EXP 	continue_text: autoDraw = False
24.4994 	EXP 	continue_text: autoDraw = False
24.5235 	EXP 	continue_text: autoDraw = False
24.5482 	EXP 	continue_text: autoDraw = False
24.5794 	EXP 	continue_text: autoDraw = False
24.6143 	EXP 	continue_text: autoDraw = False
24.6637 	EXP 	continue_text: autoDraw = False
24.6961 	EXP 	continue_text: autoDraw = False
24.7327 	EXP 	continue_text: autoDraw = False
24.7763 	EXP 	continue_text: autoDraw = False
24.8237 	EXP 	continue_text: autoDraw = False
24.8649 	EXP 	continue_text: autoDraw = False
24.8903 	EXP 	continue_text: autoDraw = False
24.9082 	EXP 	continue_text: autoDraw = False
24.9338 	EXP 	continue_text: autoDraw = False
24.9526 	EXP 	continue_text: autoDraw = False
24.9810 	EXP 	continue_text: autoDraw = False
24.9985 	EXP 	continue_text: autoDraw = False
25.0218 	EXP 	continue_text: autoDraw = False
25.0413 	EXP 	continue_text: autoDraw = False
25.0648 	EXP 	continue_text: autoDraw = False
25.0920 	EXP 	continue_text: autoDraw = False
25.1178 	DATA 	Mouse: Left button down, pos=(1053,546)
25.1246 	EXP 	continue_text: autoDraw = False
25.1548 	EXP 	continue_text: autoDraw = False
25.1548 	EXP 	one: autoDraw = False
25.1548 	EXP 	two: autoDraw = False
25.1548 	EXP 	three: autoDraw = False
25.1548 	EXP 	seven: autoDraw = False
25.1548 	EXP 	eight: autoDraw = False
25.1548 	EXP 	nine: autoDraw = False
25.1548 	EXP 	four: autoDraw = False
25.1548 	EXP 	five: autoDraw = False
25.1548 	EXP 	six: autoDraw = False
25.1548 	EXP 	ten: autoDraw = False
25.1548 	EXP 	eleven: autoDraw = False
25.1548 	EXP 	twelve: autoDraw = False
25.1548 	EXP 	gram01: autoDraw = False
25.3351 	EXP 	window1: mouseVisible = True
