10.6624 	EXP 	Created window1 = Window(allowGUI=True, allowStencil=False, args=UNKNOWN, autoLog=True, bitsMode=UNKNOWN, blendMode='avg', color=array([0., 0., 0.]), colorSpace='rgb', fullscr=<method-wrapper '__getattribute__' of attributeSetter object at 0x0000028EDB75CBE0>, gamma=None, gammaErrorPolicy='raise', kwargs=UNKNOWN, lms=UNKNOWN, monitor=<psychopy.monitors.calibTools.Monitor object at 0x0000028EDB6197B8>, multiSample=False, name='window1', numSamples=2, pos=[0.0, 0.0], screen=0, size=array([1920, 1080]), stereo=False, units='height', useFBO=True, useRetina=False, viewOri=0.0, viewPos=None, viewScale=None, waitBlanking=True, winType='pyglet')
10.6626 	EXP 	window1: recordFrameIntervals = False
10.8269 	EXP 	window1: recordFrameIntervals = True
11.2446 	EXP 	window1: recordFrameIntervals = False
12.1092 	EXP 	Created instruction_text = TextStim(__class__=<class 'psychopy.visual.text.TextStim'>, alignHoriz='center', alignVert='center', antialias=True, autoLog=True, bold=False, color='white', colorSpace='named', contrast=1.0, depth=0.0, flipHoriz=False, flipVert=False, font='Arial', fontFiles=[], height=0.05, italic=False, languageStyle='LTR', name='instruction_text', opacity=1.0, ori=0, pos=array([0., 0.]), rgb=array([255., 255., 255.]), text=str(...), units='height', win=Window(...), wrapWidth=1)
12.1208 	EXP 	Created text_2 = TextStim(__class__=<class 'psychopy.visual.text.TextStim'>, alignHoriz='center', alignVert='center', antialias=True, autoLog=True, bold=False, color='white', colorSpace='named', contrast=1.0, depth=-2.0, flipHoriz=False, flipVert=False, font='Arial', fontFiles=[], height=0.05, italic=False, languageStyle='LTR', name='text_2', opacity=1.0, ori=0, pos=array([ 0.  , -0.45]), rgb=array([255., 255., 255.]), text='Click here to continue.', units='height', win=Window(...), wrapWidth=1)
12.1344 	EXP 	Created text = TextStim(__class__=<class 'psychopy.visual.text.TextStim'>, alignHoriz='center', alignVert='center', antialias=True, autoLog=True, bold=False, color='white', colorSpace='named', contrast=1.0, depth=0.0, flipHoriz=False, flipVert=False, font='Arial', fontFiles=[], height=0.05, italic=False, languageStyle='LTR', name='text', opacity=1.0, ori=0, pos=array([0., 0.]), rgb=array([255., 255., 255.]), text='Here is a video example.', units='height', win=Window(...), wrapWidth=1)
12.2229 	EXP 	Created one = ImageStim(__class__=<class 'psychopy.visual.image.ImageStim'>, autoLog=True, color=array([1., 1., 1.]), colorSpace='rgb', contrast=1.0, depth=0.0, flipHoriz=False, flipVert=False, image=str(...), interpolate=True, mask=None, maskParams=None, name='one', opacity=1.0, ori=0.0, pos=array([-0.7,  0.3]), size=array([0.22, 0.22]), texRes=128, units='height', win=Window(...))
12.3140 	EXP 	Created two = ImageStim(__class__=<class 'psychopy.visual.image.ImageStim'>, autoLog=True, color=array([1., 1., 1.]), colorSpace='rgb', contrast=1.0, depth=-2.0, flipHoriz=False, flipVert=False, image=str(...), interpolate=True, mask=None, maskParams=None, name='two', opacity=1.0, ori=0.0, pos=array([-0.45,  0.3 ]), size=array([0.22, 0.22]), texRes=128, units='height', win=Window(...))
12.3886 	EXP 	Created three = ImageStim(__class__=<class 'psychopy.visual.image.ImageStim'>, autoLog=True, color=array([1., 1., 1.]), colorSpace='rgb', contrast=1.0, depth=-3.0, flipHoriz=False, flipVert=False, image=str(...), interpolate=True, mask=None, maskParams=None, name='three', opacity=1.0, ori=0.0, pos=array([-0.2,  0.3]), size=array([0.22, 0.22]), texRes=128, units='height', win=Window(...))
12.4591 	EXP 	Created seven = ImageStim(__class__=<class 'psychopy.visual.image.ImageStim'>, autoLog=True, color=array([1., 1., 1.]), colorSpace='rgb', contrast=1.0, depth=-4.0, flipHoriz=False, flipVert=False, image=str(...), interpolate=True, mask=None, maskParams=None, name='seven', opacity=1.0, ori=0.0, pos=array([-0.7, -0.3]), size=array([0.22, 0.22]), texRes=128, units='height', win=Window(...))
12.5204 	EXP 	Created eight = ImageStim(__class__=<class 'psychopy.visual.image.ImageStim'>, autoLog=True, color=array([1., 1., 1.]), colorSpace='rgb', contrast=1.0, depth=-5.0, flipHoriz=False, flipVert=False, image=str(...), interpolate=True, mask=None, maskParams=None, name='eight', opacity=1.0, ori=0.0, pos=array([-0.45, -0.3 ]), size=array([0.22, 0.22]), texRes=128, units='height', win=Window(...))
12.5723 	EXP 	Created nine = ImageStim(__class__=<class 'psychopy.visual.image.ImageStim'>, autoLog=True, color=array([1., 1., 1.]), colorSpace='rgb', contrast=1.0, depth=-6.0, flipHoriz=False, flipVert=False, image=str(...), interpolate=True, mask=None, maskParams=None, name='nine', opacity=1.0, ori=0.0, pos=array([-0.2, -0.3]), size=array([0.22, 0.22]), texRes=128, units='height', win=Window(...))
12.6241 	EXP 	Created four = ImageStim(__class__=<class 'psychopy.visual.image.ImageStim'>, autoLog=True, color=array([1., 1., 1.]), colorSpace='rgb', contrast=1.0, depth=-7.0, flipHoriz=False, flipVert=False, image=str(...), interpolate=True, mask=None, maskParams=None, name='four', opacity=1.0, ori=0.0, pos=array([0.2, 0.3]), size=array([0.22, 0.22]), texRes=128, units='height', win=Window(...))
12.6684 	EXP 	Created five = ImageStim(__class__=<class 'psychopy.visual.image.ImageStim'>, autoLog=True, color=array([1., 1., 1.]), colorSpace='rgb', contrast=1.0, depth=-8.0, flipHoriz=False, flipVert=False, image=str(...), interpolate=True, mask=None, maskParams=None, name='five', opacity=1.0, ori=0.0, pos=array([0.45, 0.3 ]), size=array([0.22, 0.22]), texRes=128, units='height', win=Window(...))
12.7159 	EXP 	Created six = ImageStim(__class__=<class 'psychopy.visual.image.ImageStim'>, autoLog=True, color=array([1., 1., 1.]), colorSpace='rgb', contrast=1.0, depth=-9.0, flipHoriz=False, flipVert=False, image=str(...), interpolate=True, mask=None, maskParams=None, name='six', opacity=1.0, ori=0.0, pos=array([0.7, 0.3]), size=array([0.22, 0.22]), texRes=128, units='height', win=Window(...))
12.7731 	EXP 	Created ten = ImageStim(__class__=<class 'psychopy.visual.image.ImageStim'>, autoLog=True, color=array([1., 1., 1.]), colorSpace='rgb', contrast=1.0, depth=-10.0, flipHoriz=False, flipVert=False, image=str(...), interpolate=True, mask=None, maskParams=None, name='ten', opacity=1.0, ori=0.0, pos=array([ 0.2, -0.3]), size=array([0.22, 0.22]), texRes=128, units='height', win=Window(...))
12.8525 	EXP 	Created eleven = ImageStim(__class__=<class 'psychopy.visual.image.ImageStim'>, autoLog=True, color=array([1., 1., 1.]), colorSpace='rgb', contrast=1.0, depth=-11.0, flipHoriz=False, flipVert=False, image=str(...), interpolate=True, mask=None, maskParams=None, name='eleven', opacity=1.0, ori=0.0, pos=array([ 0.45, -0.3 ]), size=array([0.22, 0.22]), texRes=128, units='height', win=Window(...))
12.9236 	EXP 	Created twelve = ImageStim(__class__=<class 'psychopy.visual.image.ImageStim'>, autoLog=True, color=array([1., 1., 1.]), colorSpace='rgb', contrast=1.0, depth=-12.0, flipHoriz=False, flipVert=False, image=str(...), interpolate=True, mask=None, maskParams=None, name='twelve', opacity=1.0, ori=0.0, pos=array([ 0.7, -0.3]), size=array([0.22, 0.22]), texRes=128, units='height', win=Window(...))
12.9360 	EXP 	Created continue_text = TextStim(__class__=<class 'psychopy.visual.text.TextStim'>, alignHoriz='center', alignVert='center', antialias=True, autoLog=True, bold=False, color='white', colorSpace='named', contrast=1.0, depth=0.0, flipHoriz=False, flipVert=False, font='Arial', fontFiles=[], height=0.001, italic=False, languageStyle='LTR', name='continue_text', opacity=0.0, ori=0, pos=array([1.5, 1.5]), rgb=array([255., 255., 255.]), text='Continue', units='height', win=Window(...), wrapWidth=1)
12.9777 	EXP 	Created gram01 = ImageStim(__class__=<class 'psychopy.visual.image.ImageStim'>, autoLog=True, color=array([1., 1., 1.]), colorSpace='rgb', contrast=1.0, depth=-14.0, flipHoriz=False, flipVert=False, image=str(...), interpolate=True, mask=None, maskParams=None, name='gram01', opacity=1.0, ori=0.0, pos=array([0.5, 0.5]), size=array([0.22, 0.22]), texRes=128, units='height', win=Window(...))
13.0119 	EXP 	instruction_text: autoDraw = True
13.0119 	EXP 	text_2: autoDraw = True
13.7649 	DATA 	Mouse: Left button down, pos=(828,50)
13.7802 	EXP 	instruction_text: autoDraw = False
13.7802 	EXP 	text_2: autoDraw = False
13.7802 	EXP 	text: autoDraw = True
13.8475 	DATA 	Mouse:  Left button up, pos=(828,50)
14.8517 	DATA 	Mouse: Left button down, pos=(940,508)
15.3354 	DATA 	Mouse:  Left button up, pos=(940,508)
15.3480 	EXP 	text: autoDraw = False
15.3480 	EXP 	one: autoDraw = True
15.3480 	EXP 	two: autoDraw = True
15.3480 	EXP 	three: autoDraw = True
15.3480 	EXP 	seven: autoDraw = True
15.3480 	EXP 	eight: autoDraw = True
15.3480 	EXP 	nine: autoDraw = True
15.3480 	EXP 	four: autoDraw = True
15.3480 	EXP 	five: autoDraw = True
15.3480 	EXP 	six: autoDraw = True
15.3480 	EXP 	ten: autoDraw = True
15.3480 	EXP 	eleven: autoDraw = True
15.3480 	EXP 	twelve: autoDraw = True
15.3480 	EXP 	continue_text: autoDraw = False
15.3480 	EXP 	gram01: autoDraw = True
15.3660 	EXP 	continue_text: autoDraw = False
15.3816 	EXP 	continue_text: autoDraw = False
15.3985 	EXP 	continue_text: autoDraw = False
15.4153 	EXP 	continue_text: autoDraw = False
15.4324 	EXP 	continue_text: autoDraw = False
15.4510 	EXP 	continue_text: autoDraw = False
15.4698 	EXP 	continue_text: autoDraw = False
15.4868 	EXP 	continue_text: autoDraw = False
15.5043 	EXP 	continue_text: autoDraw = False
15.5215 	EXP 	continue_text: autoDraw = False
15.5395 	EXP 	continue_text: autoDraw = False
15.5558 	EXP 	continue_text: autoDraw = False
15.5717 	EXP 	continue_text: autoDraw = False
15.5862 	EXP 	continue_text: autoDraw = False
15.6004 	EXP 	continue_text: autoDraw = False
15.6168 	EXP 	continue_text: autoDraw = False
15.6318 	EXP 	continue_text: autoDraw = False
15.6486 	EXP 	continue_text: autoDraw = False
15.6652 	EXP 	continue_text: autoDraw = False
15.6819 	EXP 	continue_text: autoDraw = False
15.6994 	EXP 	continue_text: autoDraw = False
15.7172 	EXP 	continue_text: autoDraw = False
15.7320 	EXP 	continue_text: autoDraw = False
15.7488 	EXP 	continue_text: autoDraw = False
15.7654 	EXP 	continue_text: autoDraw = False
15.7821 	EXP 	continue_text: autoDraw = False
15.7993 	EXP 	continue_text: autoDraw = False
15.8160 	EXP 	continue_text: autoDraw = False
15.8330 	EXP 	continue_text: autoDraw = False
15.8488 	EXP 	continue_text: autoDraw = False
15.8660 	EXP 	continue_text: autoDraw = False
15.8822 	EXP 	continue_text: autoDraw = False
15.8990 	EXP 	continue_text: autoDraw = False
15.9156 	EXP 	continue_text: autoDraw = False
15.9323 	EXP 	continue_text: autoDraw = False
15.9496 	EXP 	continue_text: autoDraw = False
15.9661 	EXP 	continue_text: autoDraw = False
15.9836 	EXP 	continue_text: autoDraw = False
16.0018 	EXP 	continue_text: autoDraw = False
16.0187 	EXP 	continue_text: autoDraw = False
16.0482 	EXP 	continue_text: autoDraw = False
16.0715 	EXP 	continue_text: autoDraw = False
16.0904 	EXP 	continue_text: autoDraw = False
16.1073 	EXP 	continue_text: autoDraw = False
16.1331 	EXP 	continue_text: autoDraw = False
16.1575 	EXP 	continue_text: autoDraw = False
16.1832 	EXP 	continue_text: autoDraw = False
16.2030 	EXP 	continue_text: autoDraw = False
16.2208 	EXP 	continue_text: autoDraw = False
16.2368 	EXP 	continue_text: autoDraw = False
16.2539 	EXP 	continue_text: autoDraw = False
16.2698 	EXP 	continue_text: autoDraw = False
16.2840 	EXP 	continue_text: autoDraw = False
16.2993 	EXP 	continue_text: autoDraw = False
16.3161 	EXP 	continue_text: autoDraw = False
16.3329 	EXP 	continue_text: autoDraw = False
16.3496 	EXP 	continue_text: autoDraw = False
16.3671 	EXP 	continue_text: autoDraw = False
16.3829 	EXP 	continue_text: autoDraw = False
16.3861 	DATA 	Mouse: Left button down, pos=(1448,992)
16.3994 	EXP 	continue_text: autoDraw = False
16.4163 	EXP 	continue_text: autoDraw = False
16.4328 	EXP 	gram01: pos = array([0.45185185, 0.41851852])
16.4328 	EXP 	continue_text: autoDraw = False
16.4509 	EXP 	gram01: pos = array([0.45185185, 0.41851852])
16.4509 	EXP 	continue_text: autoDraw = False
16.4695 	EXP 	gram01: pos = array([0.45185185, 0.41851852])
16.4695 	EXP 	continue_text: autoDraw = False
16.4834 	EXP 	gram01: pos = array([0.45185185, 0.41851852])
16.4834 	EXP 	continue_text: autoDraw = False
16.5001 	EXP 	gram01: pos = array([0.45185185, 0.41851852])
16.5001 	EXP 	continue_text: autoDraw = False
16.5169 	EXP 	gram01: pos = array([0.45185185, 0.41851852])
16.5169 	EXP 	continue_text: autoDraw = False
16.5335 	EXP 	gram01: pos = array([0.42685185, 0.41296296])
16.5335 	EXP 	continue_text: autoDraw = False
16.5504 	EXP 	continue_text: autoDraw = False
16.5689 	EXP 	continue_text: autoDraw = False
16.5917 	EXP 	continue_text: autoDraw = False
16.6162 	EXP 	continue_text: autoDraw = False
16.6405 	EXP 	continue_text: autoDraw = False
16.6603 	EXP 	continue_text: autoDraw = False
16.6812 	EXP 	continue_text: autoDraw = False
16.7008 	EXP 	continue_text: autoDraw = False
16.7167 	EXP 	continue_text: autoDraw = False
16.7329 	EXP 	continue_text: autoDraw = False
16.7511 	EXP 	continue_text: autoDraw = False
16.7670 	EXP 	continue_text: autoDraw = False
16.7833 	EXP 	continue_text: autoDraw = False
16.7997 	EXP 	continue_text: autoDraw = False
16.8165 	EXP 	continue_text: autoDraw = False
16.8333 	EXP 	continue_text: autoDraw = False
16.8503 	EXP 	continue_text: autoDraw = False
16.8681 	EXP 	continue_text: autoDraw = False
16.8855 	EXP 	continue_text: autoDraw = False
16.9006 	EXP 	continue_text: autoDraw = False
16.9171 	EXP 	continue_text: autoDraw = False
16.9336 	EXP 	continue_text: autoDraw = False
16.9514 	EXP 	continue_text: autoDraw = False
16.9674 	EXP 	continue_text: autoDraw = False
16.9841 	EXP 	continue_text: autoDraw = False
17.0043 	EXP 	continue_text: autoDraw = False
17.0239 	EXP 	continue_text: autoDraw = False
17.0497 	EXP 	continue_text: autoDraw = False
17.0685 	EXP 	continue_text: autoDraw = False
17.0853 	EXP 	continue_text: autoDraw = False
17.1033 	EXP 	continue_text: autoDraw = False
17.1235 	EXP 	continue_text: autoDraw = False
17.1444 	EXP 	continue_text: autoDraw = False
17.1656 	EXP 	continue_text: autoDraw = False
17.1843 	EXP 	continue_text: autoDraw = False
17.2011 	EXP 	continue_text: autoDraw = False
17.2172 	EXP 	continue_text: autoDraw = False
17.2340 	EXP 	continue_text: autoDraw = False
17.2507 	EXP 	continue_text: autoDraw = False
17.2671 	EXP 	continue_text: autoDraw = False
17.2852 	EXP 	continue_text: autoDraw = False
17.3006 	EXP 	gram01: pos = array([0.34814815, 0.32314815])
17.3006 	EXP 	continue_text: autoDraw = False
17.3172 	EXP 	gram01: pos = array([0.3462963 , 0.32962963])
17.3172 	EXP 	continue_text: autoDraw = False
17.3337 	EXP 	gram01: pos = array([0.34444444, 0.33611111])
17.3337 	EXP 	continue_text: autoDraw = False
17.3505 	EXP 	gram01: pos = array([0.34351852, 0.33796296])
17.3505 	EXP 	continue_text: autoDraw = False
17.3673 	EXP 	gram01: pos = array([0.34259259, 0.33888889])
17.3673 	EXP 	continue_text: autoDraw = False
17.3846 	EXP 	gram01: pos = array([0.34259259, 0.34074074])
17.3846 	EXP 	continue_text: autoDraw = False
17.4024 	EXP 	gram01: pos = array([0.34259259, 0.34259259])
17.4024 	EXP 	continue_text: autoDraw = False
17.4244 	EXP 	gram01: pos = array([0.34259259, 0.34351852])
17.4244 	EXP 	continue_text: autoDraw = False
17.4480 	EXP 	gram01: pos = array([0.34259259, 0.3462963 ])
17.4480 	EXP 	continue_text: autoDraw = False
17.4729 	EXP 	gram01: pos = array([0.34351852, 0.34814815])
17.4729 	EXP 	continue_text: autoDraw = False
17.4985 	EXP 	gram01: pos = array([0.34537037, 0.34907407])
17.4985 	EXP 	continue_text: autoDraw = False
17.5193 	EXP 	gram01: pos = array([0.3462963, 0.35     ])
17.5193 	EXP 	continue_text: autoDraw = False
17.5351 	EXP 	gram01: pos = array([0.34722222, 0.35092593])
17.5351 	EXP 	continue_text: autoDraw = False
17.5365 	DATA 	Mouse:  Left button up, pos=(1335,919)
17.5506 	EXP 	continue_text: autoDraw = False
17.5672 	EXP 	continue_text: autoDraw = False
17.5842 	EXP 	continue_text: autoDraw = False
17.6008 	EXP 	continue_text: autoDraw = False
17.6185 	EXP 	continue_text: autoDraw = False
17.6345 	EXP 	continue_text: autoDraw = False
17.6515 	EXP 	continue_text: autoDraw = False
17.6685 	EXP 	continue_text: autoDraw = False
17.6844 	EXP 	continue_text: autoDraw = False
17.7010 	EXP 	continue_text: autoDraw = False
17.7176 	EXP 	continue_text: autoDraw = False
17.7345 	EXP 	continue_text: autoDraw = False
17.7513 	EXP 	continue_text: autoDraw = False
17.7690 	EXP 	continue_text: autoDraw = False
17.7871 	EXP 	continue_text: autoDraw = False
17.8056 	EXP 	continue_text: autoDraw = False
17.8251 	EXP 	continue_text: autoDraw = False
17.8415 	EXP 	continue_text: autoDraw = False
17.8591 	EXP 	continue_text: autoDraw = False
17.8829 	EXP 	continue_text: autoDraw = False
17.9021 	EXP 	continue_text: autoDraw = False
17.9177 	EXP 	continue_text: autoDraw = False
17.9342 	EXP 	continue_text: autoDraw = False
17.9520 	EXP 	continue_text: autoDraw = False
17.9679 	EXP 	continue_text: autoDraw = False
17.9843 	EXP 	continue_text: autoDraw = False
18.0014 	EXP 	continue_text: autoDraw = False
18.0177 	EXP 	continue_text: autoDraw = False
18.0352 	EXP 	continue_text: autoDraw = False
18.0528 	EXP 	continue_text: autoDraw = False
18.0695 	EXP 	continue_text: autoDraw = False
18.0872 	EXP 	continue_text: autoDraw = False
18.1050 	EXP 	continue_text: autoDraw = False
18.1307 	EXP 	continue_text: autoDraw = False
18.1572 	EXP 	continue_text: autoDraw = False
18.1750 	EXP 	continue_text: autoDraw = False
18.1917 	EXP 	continue_text: autoDraw = False
18.2086 	EXP 	continue_text: autoDraw = False
18.2257 	EXP 	continue_text: autoDraw = False
18.2403 	EXP 	continue_text: autoDraw = False
18.2555 	EXP 	continue_text: autoDraw = False
18.2690 	EXP 	continue_text: autoDraw = False
18.2866 	EXP 	continue_text: autoDraw = False
18.3020 	EXP 	continue_text: autoDraw = False
18.3192 	EXP 	continue_text: autoDraw = False
18.3276 	DATA 	Mouse: Left button down, pos=(1316,915)
18.3382 	EXP 	continue_text: autoDraw = False
18.3544 	EXP 	continue_text: autoDraw = False
18.3725 	EXP 	gram01: pos = array([0.32962963, 0.34722222])
18.3725 	EXP 	continue_text: autoDraw = False
18.3892 	EXP 	gram01: pos = array([0.32962963, 0.34722222])
18.3892 	EXP 	continue_text: autoDraw = False
18.4034 	EXP 	gram01: pos = array([0.32962963, 0.34722222])
18.4034 	EXP 	continue_text: autoDraw = False
18.4203 	EXP 	gram01: pos = array([0.32962963, 0.34722222])
18.4203 	EXP 	continue_text: autoDraw = False
18.4363 	EXP 	gram01: pos = array([0.32962963, 0.34722222])
18.4363 	EXP 	continue_text: autoDraw = False
18.4534 	EXP 	gram01: pos = array([0.32962963, 0.34722222])
18.4534 	EXP 	continue_text: autoDraw = False
18.4720 	EXP 	gram01: pos = array([0.32962963, 0.34722222])
18.4720 	EXP 	continue_text: autoDraw = False
18.4897 	EXP 	gram01: pos = array([0.32962963, 0.34722222])
18.4897 	EXP 	continue_text: autoDraw = False
18.5058 	EXP 	gram01: pos = array([0.32962963, 0.34722222])
18.5058 	EXP 	continue_text: autoDraw = False
18.5205 	EXP 	gram01: pos = array([0.32962963, 0.34722222])
18.5205 	EXP 	continue_text: autoDraw = False
18.5364 	EXP 	gram01: pos = array([0.32962963, 0.34722222])
18.5364 	EXP 	continue_text: autoDraw = False
18.5537 	EXP 	gram01: pos = array([0.33611111, 0.34074074])
18.5537 	EXP 	continue_text: autoDraw = False
18.5704 	EXP 	gram01: pos = array([0.34722222, 0.33055556])
18.5704 	EXP 	continue_text: autoDraw = False
18.5896 	EXP 	gram01: pos = array([0.36388889, 0.31944444])
18.5896 	EXP 	continue_text: autoDraw = False
18.6073 	EXP 	gram01: pos = array([0.39259259, 0.30092593])
18.6073 	EXP 	continue_text: autoDraw = False
18.6251 	EXP 	gram01: pos = array([0.40740741, 0.29166667])
18.6251 	EXP 	continue_text: autoDraw = False
18.6513 	EXP 	gram01: pos = array([0.42222222, 0.28240741])
18.6513 	EXP 	continue_text: autoDraw = False
18.6698 	EXP 	gram01: pos = array([0.44907407, 0.26388889])
18.6698 	EXP 	continue_text: autoDraw = False
18.6887 	EXP 	gram01: pos = array([0.4712963 , 0.24722222])
18.6887 	EXP 	continue_text: autoDraw = False
18.7088 	EXP 	gram01: pos = array([0.49537037, 0.22777778])
18.7088 	EXP 	continue_text: autoDraw = False
18.7255 	EXP 	gram01: pos = array([0.50833333, 0.21851852])
18.7255 	EXP 	continue_text: autoDraw = False
18.7410 	EXP 	gram01: pos = array([0.52222222, 0.20648148])
18.7410 	EXP 	continue_text: autoDraw = False
18.7569 	EXP 	gram01: pos = array([0.53981481, 0.19074074])
18.7569 	EXP 	continue_text: autoDraw = False
18.7739 	EXP 	gram01: pos = array([0.5537037 , 0.17314815])
18.7739 	EXP 	continue_text: autoDraw = False
18.7896 	EXP 	gram01: pos = array([0.56388889, 0.16018519])
18.7896 	EXP 	continue_text: autoDraw = False
18.8020 	EXP 	gram01: pos = array([0.575     , 0.14537037])
18.8020 	EXP 	continue_text: autoDraw = False
18.8185 	EXP 	gram01: pos = array([0.5787037 , 0.14074074])
18.8185 	EXP 	continue_text: autoDraw = False
18.8357 	EXP 	gram01: pos = array([0.58611111, 0.1287037 ])
18.8357 	EXP 	continue_text: autoDraw = False
18.8523 	EXP 	gram01: pos = array([0.59722222, 0.11388889])
18.8523 	EXP 	continue_text: autoDraw = False
18.8697 	EXP 	gram01: pos = array([0.60925926, 0.09259259])
18.8697 	EXP 	continue_text: autoDraw = False
18.8907 	EXP 	gram01: pos = array([0.62037037, 0.07407407])
18.8907 	EXP 	continue_text: autoDraw = False
18.9113 	EXP 	gram01: pos = array([0.63518519, 0.04907407])
18.9113 	EXP 	continue_text: autoDraw = False
18.9350 	EXP 	gram01: pos = array([0.64537037, 0.03148148])
18.9350 	EXP 	continue_text: autoDraw = False
18.9560 	EXP 	gram01: pos = array([0.65277778, 0.01944444])
18.9560 	EXP 	continue_text: autoDraw = False
18.9762 	EXP 	gram01: pos = array([ 0.66759259, -0.00185185])
18.9762 	EXP 	continue_text: autoDraw = False
18.9983 	EXP 	gram01: pos = array([ 0.67777778, -0.01944444])
18.9983 	EXP 	continue_text: autoDraw = False
19.0215 	EXP 	gram01: pos = array([ 0.69814815, -0.06944444])
19.0215 	EXP 	continue_text: autoDraw = False
19.0406 	EXP 	gram01: pos = array([ 0.72222222, -0.1462963 ])
19.0406 	EXP 	continue_text: autoDraw = False
19.0551 	EXP 	gram01: pos = array([ 0.73333333, -0.20185185])
19.0551 	EXP 	continue_text: autoDraw = False
19.0623 	EXP 	Created continue_text = TextStim(__class__=<class 'psychopy.visual.text.TextStim'>, alignHoriz='center', alignVert='center', antialias=True, autoLog=True, bold=False, color='white', colorSpace='named', contrast=1.0, depth=0.0, flipHoriz=False, flipVert=False, font='Arial', fontFiles=[], height=0.05, italic=False, languageStyle='LTR', name='continue_text', opacity=1.0, ori=0, pos=array([0., 0.]), rgb=array([255., 255., 255.]), text='Continue', units='height', win=Window(...), wrapWidth=1)
19.0739 	EXP 	gram01: pos = array([ 0.73796296, -0.23148148])
19.0739 	EXP 	continue_text: autoDraw = True
19.0855 	EXP 	Created continue_text = TextStim(__class__=<class 'psychopy.visual.text.TextStim'>, alignHoriz='center', alignVert='center', antialias=True, autoLog=True, bold=False, color='white', colorSpace='named', contrast=1.0, depth=0.0, flipHoriz=False, flipVert=False, font='Arial', fontFiles=[], height=0.05, italic=False, languageStyle='LTR', name='continue_text', opacity=1.0, ori=0, pos=array([0., 0.]), rgb=array([255., 255., 255.]), text='Continue', units='height', win=Window(...), wrapWidth=1)
19.0957 	EXP 	gram01: pos = array([ 0.73796296, -0.24907407])
19.0957 	EXP 	continue_text: autoDraw = True
19.1035 	EXP 	Created continue_text = TextStim(__class__=<class 'psychopy.visual.text.TextStim'>, alignHoriz='center', alignVert='center', antialias=True, autoLog=True, bold=False, color='white', colorSpace='named', contrast=1.0, depth=0.0, flipHoriz=False, flipVert=False, font='Arial', fontFiles=[], height=0.05, italic=False, languageStyle='LTR', name='continue_text', opacity=1.0, ori=0, pos=array([0., 0.]), rgb=array([255., 255., 255.]), text='Continue', units='height', win=Window(...), wrapWidth=1)
19.1137 	EXP 	gram01: pos = array([ 0.73611111, -0.25740741])
19.1137 	EXP 	continue_text: autoDraw = True
19.1291 	EXP 	Created continue_text = TextStim(__class__=<class 'psychopy.visual.text.TextStim'>, alignHoriz='center', alignVert='center', antialias=True, autoLog=True, bold=False, color='white', colorSpace='named', contrast=1.0, depth=0.0, flipHoriz=False, flipVert=False, font='Arial', fontFiles=[], height=0.05, italic=False, languageStyle='LTR', name='continue_text', opacity=1.0, ori=0, pos=array([0., 0.]), rgb=array([255., 255., 255.]), text='Continue', units='height', win=Window(...), wrapWidth=1)
19.1392 	EXP 	gram01: pos = array([ 0.73148148, -0.26666667])
19.1392 	EXP 	continue_text: autoDraw = True
19.1455 	EXP 	Created continue_text = TextStim(__class__=<class 'psychopy.visual.text.TextStim'>, alignHoriz='center', alignVert='center', antialias=True, autoLog=True, bold=False, color='white', colorSpace='named', contrast=1.0, depth=0.0, flipHoriz=False, flipVert=False, font='Arial', fontFiles=[], height=0.05, italic=False, languageStyle='LTR', name='continue_text', opacity=1.0, ori=0, pos=array([0., 0.]), rgb=array([255., 255., 255.]), text='Continue', units='height', win=Window(...), wrapWidth=1)
19.1569 	EXP 	gram01: pos = array([ 0.73055556, -0.26851852])
19.1569 	EXP 	continue_text: autoDraw = True
19.1632 	EXP 	Created continue_text = TextStim(__class__=<class 'psychopy.visual.text.TextStim'>, alignHoriz='center', alignVert='center', antialias=True, autoLog=True, bold=False, color='white', colorSpace='named', contrast=1.0, depth=0.0, flipHoriz=False, flipVert=False, font='Arial', fontFiles=[], height=0.05, italic=False, languageStyle='LTR', name='continue_text', opacity=1.0, ori=0, pos=array([0., 0.]), rgb=array([255., 255., 255.]), text='Continue', units='height', win=Window(...), wrapWidth=1)
19.1756 	EXP 	gram01: pos = array([ 0.7287037 , -0.26851852])
19.1756 	EXP 	continue_text: autoDraw = True
19.1827 	EXP 	Created continue_text = TextStim(__class__=<class 'psychopy.visual.text.TextStim'>, alignHoriz='center', alignVert='center', antialias=True, autoLog=True, bold=False, color='white', colorSpace='named', contrast=1.0, depth=0.0, flipHoriz=False, flipVert=False, font='Arial', fontFiles=[], height=0.05, italic=False, languageStyle='LTR', name='continue_text', opacity=1.0, ori=0, pos=array([0., 0.]), rgb=array([255., 255., 255.]), text='Continue', units='height', win=Window(...), wrapWidth=1)
19.1944 	EXP 	gram01: pos = array([ 0.7287037 , -0.26851852])
19.1944 	EXP 	continue_text: autoDraw = True
19.2033 	EXP 	Created continue_text = TextStim(__class__=<class 'psychopy.visual.text.TextStim'>, alignHoriz='center', alignVert='center', antialias=True, autoLog=True, bold=False, color='white', colorSpace='named', contrast=1.0, depth=0.0, flipHoriz=False, flipVert=False, font='Arial', fontFiles=[], height=0.05, italic=False, languageStyle='LTR', name='continue_text', opacity=1.0, ori=0, pos=array([0., 0.]), rgb=array([255., 255., 255.]), text='Continue', units='height', win=Window(...), wrapWidth=1)
19.2143 	EXP 	gram01: pos = array([ 0.72777778, -0.26851852])
19.2143 	EXP 	continue_text: autoDraw = True
19.2220 	EXP 	Created continue_text = TextStim(__class__=<class 'psychopy.visual.text.TextStim'>, alignHoriz='center', alignVert='center', antialias=True, autoLog=True, bold=False, color='white', colorSpace='named', contrast=1.0, depth=0.0, flipHoriz=False, flipVert=False, font='Arial', fontFiles=[], height=0.05, italic=False, languageStyle='LTR', name='continue_text', opacity=1.0, ori=0, pos=array([0., 0.]), rgb=array([255., 255., 255.]), text='Continue', units='height', win=Window(...), wrapWidth=1)
19.2335 	EXP 	gram01: pos = array([ 0.72592593, -0.26851852])
19.2335 	EXP 	continue_text: autoDraw = True
19.2424 	EXP 	Created continue_text = TextStim(__class__=<class 'psychopy.visual.text.TextStim'>, alignHoriz='center', alignVert='center', antialias=True, autoLog=True, bold=False, color='white', colorSpace='named', contrast=1.0, depth=0.0, flipHoriz=False, flipVert=False, font='Arial', fontFiles=[], height=0.05, italic=False, languageStyle='LTR', name='continue_text', opacity=1.0, ori=0, pos=array([0., 0.]), rgb=array([255., 255., 255.]), text='Continue', units='height', win=Window(...), wrapWidth=1)
19.2570 	EXP 	gram01: pos = array([ 0.72592593, -0.26851852])
19.2570 	EXP 	continue_text: autoDraw = True
19.2648 	EXP 	Created continue_text = TextStim(__class__=<class 'psychopy.visual.text.TextStim'>, alignHoriz='center', alignVert='center', antialias=True, autoLog=True, bold=False, color='white', colorSpace='named', contrast=1.0, depth=0.0, flipHoriz=False, flipVert=False, font='Arial', fontFiles=[], height=0.05, italic=False, languageStyle='LTR', name='continue_text', opacity=1.0, ori=0, pos=array([0., 0.]), rgb=array([255., 255., 255.]), text='Continue', units='height', win=Window(...), wrapWidth=1)
19.2771 	EXP 	gram01: pos = array([ 0.72407407, -0.26851852])
19.2771 	EXP 	continue_text: autoDraw = True
19.2897 	EXP 	Created continue_text = TextStim(__class__=<class 'psychopy.visual.text.TextStim'>, alignHoriz='center', alignVert='center', antialias=True, autoLog=True, bold=False, color='white', colorSpace='named', contrast=1.0, depth=0.0, flipHoriz=False, flipVert=False, font='Arial', fontFiles=[], height=0.05, italic=False, languageStyle='LTR', name='continue_text', opacity=1.0, ori=0, pos=array([0., 0.]), rgb=array([255., 255., 255.]), text='Continue', units='height', win=Window(...), wrapWidth=1)
19.3025 	EXP 	gram01: pos = array([ 0.72314815, -0.26851852])
19.3025 	EXP 	continue_text: autoDraw = True
19.3092 	EXP 	Created continue_text = TextStim(__class__=<class 'psychopy.visual.text.TextStim'>, alignHoriz='center', alignVert='center', antialias=True, autoLog=True, bold=False, color='white', colorSpace='named', contrast=1.0, depth=0.0, flipHoriz=False, flipVert=False, font='Arial', fontFiles=[], height=0.05, italic=False, languageStyle='LTR', name='continue_text', opacity=1.0, ori=0, pos=array([0., 0.]), rgb=array([255., 255., 255.]), text='Continue', units='height', win=Window(...), wrapWidth=1)
19.3253 	EXP 	gram01: pos = array([ 0.72314815, -0.26851852])
19.3253 	EXP 	continue_text: autoDraw = True
19.3340 	EXP 	Created continue_text = TextStim(__class__=<class 'psychopy.visual.text.TextStim'>, alignHoriz='center', alignVert='center', antialias=True, autoLog=True, bold=False, color='white', colorSpace='named', contrast=1.0, depth=0.0, flipHoriz=False, flipVert=False, font='Arial', fontFiles=[], height=0.05, italic=False, languageStyle='LTR', name='continue_text', opacity=1.0, ori=0, pos=array([0., 0.]), rgb=array([255., 255., 255.]), text='Continue', units='height', win=Window(...), wrapWidth=1)
19.3477 	EXP 	gram01: pos = array([ 0.72314815, -0.26851852])
19.3477 	EXP 	continue_text: autoDraw = True
19.3557 	EXP 	Created continue_text = TextStim(__class__=<class 'psychopy.visual.text.TextStim'>, alignHoriz='center', alignVert='center', antialias=True, autoLog=True, bold=False, color='white', colorSpace='named', contrast=1.0, depth=0.0, flipHoriz=False, flipVert=False, font='Arial', fontFiles=[], height=0.05, italic=False, languageStyle='LTR', name='continue_text', opacity=1.0, ori=0, pos=array([0., 0.]), rgb=array([255., 255., 255.]), text='Continue', units='height', win=Window(...), wrapWidth=1)
19.3678 	EXP 	gram01: pos = array([ 0.72222222, -0.26851852])
19.3678 	EXP 	continue_text: autoDraw = True
19.3753 	EXP 	Created continue_text = TextStim(__class__=<class 'psychopy.visual.text.TextStim'>, alignHoriz='center', alignVert='center', antialias=True, autoLog=True, bold=False, color='white', colorSpace='named', contrast=1.0, depth=0.0, flipHoriz=False, flipVert=False, font='Arial', fontFiles=[], height=0.05, italic=False, languageStyle='LTR', name='continue_text', opacity=1.0, ori=0, pos=array([0., 0.]), rgb=array([255., 255., 255.]), text='Continue', units='height', win=Window(...), wrapWidth=1)
19.3902 	EXP 	gram01: pos = array([ 0.72222222, -0.26851852])
19.3902 	EXP 	continue_text: autoDraw = True
19.3964 	EXP 	Created continue_text = TextStim(__class__=<class 'psychopy.visual.text.TextStim'>, alignHoriz='center', alignVert='center', antialias=True, autoLog=True, bold=False, color='white', colorSpace='named', contrast=1.0, depth=0.0, flipHoriz=False, flipVert=False, font='Arial', fontFiles=[], height=0.05, italic=False, languageStyle='LTR', name='continue_text', opacity=1.0, ori=0, pos=array([0., 0.]), rgb=array([255., 255., 255.]), text='Continue', units='height', win=Window(...), wrapWidth=1)
19.4110 	EXP 	gram01: pos = array([ 0.72222222, -0.26851852])
19.4110 	EXP 	continue_text: autoDraw = True
19.4187 	EXP 	Created continue_text = TextStim(__class__=<class 'psychopy.visual.text.TextStim'>, alignHoriz='center', alignVert='center', antialias=True, autoLog=True, bold=False, color='white', colorSpace='named', contrast=1.0, depth=0.0, flipHoriz=False, flipVert=False, font='Arial', fontFiles=[], height=0.05, italic=False, languageStyle='LTR', name='continue_text', opacity=1.0, ori=0, pos=array([0., 0.]), rgb=array([255., 255., 255.]), text='Continue', units='height', win=Window(...), wrapWidth=1)
19.4315 	EXP 	gram01: pos = array([ 0.72222222, -0.26851852])
19.4315 	EXP 	continue_text: autoDraw = True
19.4409 	EXP 	Created continue_text = TextStim(__class__=<class 'psychopy.visual.text.TextStim'>, alignHoriz='center', alignVert='center', antialias=True, autoLog=True, bold=False, color='white', colorSpace='named', contrast=1.0, depth=0.0, flipHoriz=False, flipVert=False, font='Arial', fontFiles=[], height=0.05, italic=False, languageStyle='LTR', name='continue_text', opacity=1.0, ori=0, pos=array([0., 0.]), rgb=array([255., 255., 255.]), text='Continue', units='height', win=Window(...), wrapWidth=1)
19.4591 	EXP 	gram01: pos = array([ 0.72222222, -0.26851852])
19.4591 	EXP 	continue_text: autoDraw = True
19.4654 	EXP 	Created continue_text = TextStim(__class__=<class 'psychopy.visual.text.TextStim'>, alignHoriz='center', alignVert='center', antialias=True, autoLog=True, bold=False, color='white', colorSpace='named', contrast=1.0, depth=0.0, flipHoriz=False, flipVert=False, font='Arial', fontFiles=[], height=0.05, italic=False, languageStyle='LTR', name='continue_text', opacity=1.0, ori=0, pos=array([0., 0.]), rgb=array([255., 255., 255.]), text='Continue', units='height', win=Window(...), wrapWidth=1)
19.4796 	EXP 	gram01: pos = array([ 0.71666667, -0.22962963])
19.4796 	EXP 	continue_text: autoDraw = True
19.5004 	EXP 	gram01: pos = array([ 0.71481481, -0.14722222])
19.5004 	EXP 	continue_text: autoDraw = False
19.5211 	EXP 	gram01: pos = array([ 0.70925926, -0.06481481])
19.5211 	EXP 	continue_text: autoDraw = False
19.5427 	EXP 	gram01: pos = array([ 0.70925926, -0.03796296])
19.5427 	EXP 	continue_text: autoDraw = False
19.5604 	EXP 	gram01: pos = array([ 0.70462963, -0.0037037 ])
19.5604 	EXP 	continue_text: autoDraw = False
19.5833 	EXP 	gram01: pos = array([0.70462963, 0.01851852])
19.5833 	EXP 	continue_text: autoDraw = False
19.6036 	EXP 	gram01: pos = array([0.70185185, 0.05462963])
19.6036 	EXP 	continue_text: autoDraw = False
19.6384 	EXP 	gram01: pos = array([0.70092593, 0.0712963 ])
19.6384 	EXP 	continue_text: autoDraw = False
19.6580 	EXP 	gram01: pos = array([0.7       , 0.09166667])
19.6580 	EXP 	continue_text: autoDraw = False
19.6748 	EXP 	gram01: pos = array([0.69722222, 0.10648148])
19.6748 	EXP 	continue_text: autoDraw = False
19.6942 	EXP 	gram01: pos = array([0.69537037, 0.11851852])
19.6942 	EXP 	continue_text: autoDraw = False
19.7160 	EXP 	gram01: pos = array([0.69444444, 0.1287037 ])
19.7160 	EXP 	continue_text: autoDraw = False
19.7366 	EXP 	gram01: pos = array([0.69166667, 0.14351852])
19.7366 	EXP 	continue_text: autoDraw = False
19.7566 	EXP 	gram01: pos = array([0.69166667, 0.15185185])
19.7566 	EXP 	continue_text: autoDraw = False
19.7740 	EXP 	gram01: pos = array([0.68981481, 0.16759259])
19.7740 	EXP 	continue_text: autoDraw = False
19.7921 	EXP 	gram01: pos = array([0.68796296, 0.18611111])
19.7921 	EXP 	continue_text: autoDraw = False
19.8171 	EXP 	gram01: pos = array([0.68518519, 0.20740741])
19.8171 	EXP 	continue_text: autoDraw = False
19.8365 	EXP 	gram01: pos = array([0.67685185, 0.24351852])
19.8365 	EXP 	continue_text: autoDraw = False
19.8579 	EXP 	gram01: pos = array([0.6712963 , 0.26296296])
19.8579 	EXP 	continue_text: autoDraw = False
19.8847 	EXP 	gram01: pos = array([0.66203704, 0.28518519])
19.8847 	EXP 	continue_text: autoDraw = False
19.9063 	EXP 	gram01: pos = array([0.65555556, 0.2962963 ])
19.9063 	EXP 	continue_text: autoDraw = False
19.9339 	EXP 	gram01: pos = array([0.65      , 0.30277778])
19.9339 	EXP 	continue_text: autoDraw = False
19.9557 	EXP 	gram01: pos = array([0.64722222, 0.30648148])
19.9557 	EXP 	continue_text: autoDraw = False
19.9787 	EXP 	gram01: pos = array([0.64444444, 0.30925926])
19.9787 	EXP 	continue_text: autoDraw = False
19.9991 	EXP 	gram01: pos = array([0.64259259, 0.31018519])
19.9991 	EXP 	continue_text: autoDraw = False
20.0206 	EXP 	gram01: pos = array([0.64074074, 0.31111111])
20.0206 	EXP 	continue_text: autoDraw = False
20.0471 	EXP 	gram01: pos = array([0.64074074, 0.31111111])
20.0471 	EXP 	continue_text: autoDraw = False
20.0673 	EXP 	gram01: pos = array([0.64074074, 0.31111111])
20.0673 	EXP 	continue_text: autoDraw = False
20.0914 	EXP 	gram01: pos = array([0.64074074, 0.31111111])
20.0914 	EXP 	continue_text: autoDraw = False
20.1127 	EXP 	gram01: pos = array([0.64074074, 0.31111111])
20.1127 	EXP 	continue_text: autoDraw = False
20.1341 	EXP 	gram01: pos = array([0.64074074, 0.31111111])
20.1341 	EXP 	continue_text: autoDraw = False
20.1559 	EXP 	gram01: pos = array([0.64074074, 0.31111111])
20.1559 	EXP 	continue_text: autoDraw = False
20.1773 	EXP 	gram01: pos = array([0.64074074, 0.31111111])
20.1773 	EXP 	continue_text: autoDraw = False
20.1948 	EXP 	gram01: pos = array([0.64074074, 0.31111111])
20.1948 	EXP 	continue_text: autoDraw = False
20.1957 	DATA 	Mouse:  Left button up, pos=(1652,876)
20.2160 	EXP 	continue_text: autoDraw = False
20.2370 	EXP 	continue_text: autoDraw = False
20.2539 	EXP 	continue_text: autoDraw = False
20.2704 	EXP 	continue_text: autoDraw = False
20.2887 	EXP 	continue_text: autoDraw = False
20.3110 	EXP 	continue_text: autoDraw = False
20.3346 	EXP 	continue_text: autoDraw = False
20.3541 	EXP 	continue_text: autoDraw = False
20.3762 	EXP 	continue_text: autoDraw = False
20.4051 	EXP 	continue_text: autoDraw = False
20.4493 	EXP 	continue_text: autoDraw = False
20.4766 	EXP 	continue_text: autoDraw = False
20.5120 	EXP 	continue_text: autoDraw = False
20.5506 	EXP 	continue_text: autoDraw = False
20.5887 	EXP 	continue_text: autoDraw = False
20.6077 	EXP 	continue_text: autoDraw = False
20.6283 	EXP 	continue_text: autoDraw = False
20.6473 	EXP 	continue_text: autoDraw = False
20.6680 	EXP 	continue_text: autoDraw = False
20.6876 	EXP 	continue_text: autoDraw = False
20.7046 	EXP 	continue_text: autoDraw = False
20.7210 	EXP 	continue_text: autoDraw = False
20.7384 	EXP 	continue_text: autoDraw = False
20.7562 	EXP 	continue_text: autoDraw = False
20.7718 	EXP 	continue_text: autoDraw = False
20.7901 	EXP 	continue_text: autoDraw = False
20.8069 	EXP 	continue_text: autoDraw = False
20.8231 	EXP 	continue_text: autoDraw = False
20.8402 	EXP 	continue_text: autoDraw = False
20.8561 	EXP 	continue_text: autoDraw = False
20.8633 	DATA 	Mouse: Left button down, pos=(1620,869)
20.8735 	EXP 	continue_text: autoDraw = False
20.8911 	EXP 	continue_text: autoDraw = False
20.9094 	EXP 	gram01: pos = array([0.61111111, 0.30462963])
20.9094 	EXP 	continue_text: autoDraw = False
20.9253 	EXP 	gram01: pos = array([0.61111111, 0.30462963])
20.9253 	EXP 	continue_text: autoDraw = False
20.9422 	EXP 	gram01: pos = array([0.61111111, 0.30462963])
20.9422 	EXP 	continue_text: autoDraw = False
20.9644 	EXP 	gram01: pos = array([0.61111111, 0.30462963])
20.9644 	EXP 	continue_text: autoDraw = False
20.9854 	EXP 	gram01: pos = array([0.58703704, 0.30555556])
20.9854 	EXP 	continue_text: autoDraw = False
21.0047 	EXP 	gram01: pos = array([0.55555556, 0.30833333])
21.0047 	EXP 	continue_text: autoDraw = False
21.0237 	EXP 	gram01: pos = array([0.5       , 0.31018519])
21.0237 	EXP 	continue_text: autoDraw = False
21.0411 	EXP 	gram01: pos = array([0.46481481, 0.31111111])
21.0411 	EXP 	continue_text: autoDraw = False
21.0686 	EXP 	gram01: pos = array([0.43333333, 0.31111111])
21.0686 	EXP 	continue_text: autoDraw = False
21.0892 	EXP 	gram01: pos = array([0.39444444, 0.30925926])
21.0892 	EXP 	continue_text: autoDraw = False
21.1067 	EXP 	gram01: pos = array([0.36944444, 0.30555556])
21.1067 	EXP 	continue_text: autoDraw = False
21.1257 	EXP 	gram01: pos = array([0.36018519, 0.3037037 ])
21.1257 	EXP 	continue_text: autoDraw = False
21.1421 	EXP 	gram01: pos = array([0.35277778, 0.29351852])
21.1421 	EXP 	continue_text: autoDraw = False
21.1583 	EXP 	gram01: pos = array([0.35092593, 0.28796296])
21.1583 	EXP 	continue_text: autoDraw = False
21.1750 	EXP 	gram01: pos = array([0.35092593, 0.28796296])
21.1750 	EXP 	continue_text: autoDraw = False
21.1917 	EXP 	gram01: pos = array([0.35092593, 0.28796296])
21.1917 	EXP 	continue_text: autoDraw = False
21.2091 	EXP 	gram01: pos = array([0.35092593, 0.28796296])
21.2091 	EXP 	continue_text: autoDraw = False
21.2261 	EXP 	gram01: pos = array([0.35092593, 0.28796296])
21.2261 	EXP 	continue_text: autoDraw = False
21.2522 	EXP 	gram01: pos = array([0.35092593, 0.28796296])
21.2522 	EXP 	continue_text: autoDraw = False
21.2713 	EXP 	gram01: pos = array([0.35092593, 0.28796296])
21.2713 	EXP 	continue_text: autoDraw = False
21.2895 	EXP 	gram01: pos = array([0.35092593, 0.28796296])
21.2895 	EXP 	continue_text: autoDraw = False
21.3082 	EXP 	gram01: pos = array([0.35092593, 0.28796296])
21.3082 	EXP 	continue_text: autoDraw = False
21.3260 	EXP 	gram01: pos = array([0.35092593, 0.28796296])
21.3260 	EXP 	continue_text: autoDraw = False
21.3428 	EXP 	gram01: pos = array([0.35092593, 0.28796296])
21.3428 	EXP 	continue_text: autoDraw = False
21.3589 	EXP 	gram01: pos = array([0.35092593, 0.28796296])
21.3589 	EXP 	continue_text: autoDraw = False
21.3829 	EXP 	gram01: pos = array([0.35092593, 0.28796296])
21.3829 	EXP 	continue_text: autoDraw = False
21.4025 	EXP 	gram01: pos = array([0.31759259, 0.28981481])
21.4025 	EXP 	continue_text: autoDraw = False
21.4215 	EXP 	gram01: pos = array([0.2462963, 0.3037037])
21.4215 	EXP 	continue_text: autoDraw = False
21.4384 	EXP 	gram01: pos = array([0.19259259, 0.31851852])
21.4384 	EXP 	continue_text: autoDraw = False
21.4555 	EXP 	gram01: pos = array([0.13240741, 0.33703704])
21.4555 	EXP 	continue_text: autoDraw = False
21.4721 	EXP 	gram01: pos = array([0.07407407, 0.35740741])
21.4721 	EXP 	continue_text: autoDraw = False
21.4888 	EXP 	gram01: pos = array([0.02037037, 0.36481481])
21.4888 	EXP 	continue_text: autoDraw = False
21.5068 	EXP 	gram01: pos = array([-0.04907407,  0.36574074])
21.5068 	EXP 	continue_text: autoDraw = False
21.5240 	EXP 	gram01: pos = array([-0.09537037,  0.36111111])
21.5240 	EXP 	continue_text: autoDraw = False
21.5427 	EXP 	gram01: pos = array([-0.12777778,  0.35648148])
21.5427 	EXP 	continue_text: autoDraw = False
21.5593 	EXP 	gram01: pos = array([-0.15     ,  0.3537037])
21.5593 	EXP 	continue_text: autoDraw = False
21.5764 	EXP 	gram01: pos = array([-0.15185185,  0.35462963])
21.5764 	EXP 	continue_text: autoDraw = False
21.6034 	EXP 	gram01: pos = array([-0.15277778,  0.35462963])
21.6034 	EXP 	continue_text: autoDraw = False
21.6221 	EXP 	gram01: pos = array([-0.15277778,  0.35462963])
21.6221 	EXP 	continue_text: autoDraw = False
21.6305 	DATA 	Mouse:  Left button up, pos=(795,923)
21.6396 	EXP 	gram01: pos = array([-0.15277778,  0.35462963])
21.6396 	EXP 	continue_text: autoDraw = False
21.6553 	EXP 	continue_text: autoDraw = False
21.6722 	EXP 	continue_text: autoDraw = False
21.6891 	EXP 	continue_text: autoDraw = False
21.7071 	EXP 	continue_text: autoDraw = False
21.7235 	EXP 	continue_text: autoDraw = False
21.7398 	EXP 	continue_text: autoDraw = False
21.7606 	EXP 	continue_text: autoDraw = False
21.7862 	EXP 	continue_text: autoDraw = False
21.8056 	EXP 	continue_text: autoDraw = False
21.8243 	EXP 	continue_text: autoDraw = False
21.8459 	EXP 	continue_text: autoDraw = False
21.8623 	EXP 	continue_text: autoDraw = False
21.8861 	EXP 	continue_text: autoDraw = False
21.9058 	EXP 	continue_text: autoDraw = False
21.9223 	EXP 	continue_text: autoDraw = False
21.9410 	EXP 	continue_text: autoDraw = False
21.9599 	EXP 	continue_text: autoDraw = False
21.9763 	EXP 	continue_text: autoDraw = False
21.9928 	EXP 	continue_text: autoDraw = False
22.0092 	EXP 	continue_text: autoDraw = False
22.0249 	EXP 	continue_text: autoDraw = False
22.0418 	EXP 	continue_text: autoDraw = False
22.0576 	EXP 	continue_text: autoDraw = False
22.0755 	EXP 	continue_text: autoDraw = False
22.0926 	EXP 	continue_text: autoDraw = False
22.1095 	EXP 	continue_text: autoDraw = False
22.1365 	EXP 	continue_text: autoDraw = False
22.1562 	EXP 	continue_text: autoDraw = False
22.1757 	EXP 	continue_text: autoDraw = False
22.1924 	EXP 	continue_text: autoDraw = False
22.2089 	EXP 	continue_text: autoDraw = False
22.2253 	EXP 	continue_text: autoDraw = False
22.2413 	EXP 	continue_text: autoDraw = False
22.2579 	EXP 	continue_text: autoDraw = False
22.2761 	EXP 	continue_text: autoDraw = False
22.2956 	EXP 	continue_text: autoDraw = False
22.3100 	EXP 	continue_text: autoDraw = False
22.3275 	EXP 	continue_text: autoDraw = False
22.3440 	EXP 	continue_text: autoDraw = False
22.3601 	EXP 	continue_text: autoDraw = False
22.3769 	EXP 	continue_text: autoDraw = False
22.3934 	EXP 	continue_text: autoDraw = False
22.4095 	EXP 	continue_text: autoDraw = False
22.4267 	EXP 	continue_text: autoDraw = False
22.4433 	EXP 	continue_text: autoDraw = False
22.4627 	EXP 	continue_text: autoDraw = False
22.4800 	EXP 	continue_text: autoDraw = False
22.5037 	EXP 	continue_text: autoDraw = False
22.5229 	EXP 	continue_text: autoDraw = False
22.5417 	EXP 	continue_text: autoDraw = False
22.5595 	EXP 	continue_text: autoDraw = False
22.5763 	EXP 	continue_text: autoDraw = False
22.5935 	EXP 	continue_text: autoDraw = False
22.6203 	EXP 	continue_text: autoDraw = False
22.6423 	EXP 	continue_text: autoDraw = False
22.6584 	EXP 	continue_text: autoDraw = False
22.6744 	EXP 	continue_text: autoDraw = False
22.6914 	EXP 	continue_text: autoDraw = False
22.7106 	EXP 	continue_text: autoDraw = False
22.7370 	EXP 	continue_text: autoDraw = False
22.7564 	EXP 	continue_text: autoDraw = False
22.7731 	EXP 	continue_text: autoDraw = False
22.7914 	EXP 	continue_text: autoDraw = False
22.8085 	EXP 	continue_text: autoDraw = False
22.8251 	EXP 	continue_text: autoDraw = False
22.8334 	DATA 	Mouse: Left button down, pos=(770,974)
22.8429 	EXP 	continue_text: autoDraw = False
22.8609 	EXP 	continue_text: autoDraw = False
22.8778 	EXP 	gram01: pos = array([-0.17592593,  0.40185185])
22.8778 	EXP 	continue_text: autoDraw = False
22.8943 	EXP 	gram01: pos = array([-0.17592593,  0.40185185])
22.8943 	EXP 	continue_text: autoDraw = False
22.9214 	EXP 	gram01: pos = array([-0.17592593,  0.40185185])
22.9214 	EXP 	continue_text: autoDraw = False
22.9400 	EXP 	gram01: pos = array([-0.17592593,  0.40185185])
22.9400 	EXP 	continue_text: autoDraw = False
22.9589 	EXP 	gram01: pos = array([-0.18148148,  0.40092593])
22.9589 	EXP 	continue_text: autoDraw = False
22.9872 	EXP 	gram01: pos = array([-0.19444444,  0.39351852])
22.9872 	EXP 	continue_text: autoDraw = False
23.0067 	EXP 	gram01: pos = array([-0.21018519,  0.38055556])
23.0067 	EXP 	continue_text: autoDraw = False
23.0244 	EXP 	gram01: pos = array([-0.22314815,  0.36574074])
23.0244 	EXP 	continue_text: autoDraw = False
23.0407 	EXP 	gram01: pos = array([-0.23055556,  0.35462963])
23.0407 	EXP 	continue_text: autoDraw = False
23.0580 	EXP 	gram01: pos = array([-0.23611111,  0.34351852])
23.0580 	EXP 	continue_text: autoDraw = False
23.0754 	EXP 	gram01: pos = array([-0.23981481,  0.33148148])
23.0754 	EXP 	continue_text: autoDraw = False
23.0944 	EXP 	gram01: pos = array([-0.24351852,  0.31851852])
23.0944 	EXP 	continue_text: autoDraw = False
23.1111 	EXP 	gram01: pos = array([-0.24537037,  0.30185185])
23.1111 	EXP 	continue_text: autoDraw = False
23.1288 	EXP 	gram01: pos = array([-0.24166667,  0.28055556])
23.1288 	EXP 	continue_text: autoDraw = False
23.1544 	EXP 	gram01: pos = array([-0.23333333,  0.2537037 ])
23.1544 	EXP 	continue_text: autoDraw = False
23.1738 	EXP 	gram01: pos = array([-0.21388889,  0.2212963 ])
23.1738 	EXP 	continue_text: autoDraw = False
23.1912 	EXP 	gram01: pos = array([-0.18796296,  0.19444444])
23.1912 	EXP 	continue_text: autoDraw = False
23.2102 	EXP 	gram01: pos = array([-0.16018519,  0.17222222])
23.2102 	EXP 	continue_text: autoDraw = False
23.2274 	EXP 	gram01: pos = array([-0.11851852,  0.14722222])
23.2274 	EXP 	continue_text: autoDraw = False
23.2454 	EXP 	gram01: pos = array([-0.05555556,  0.11018519])
23.2454 	EXP 	continue_text: autoDraw = False
23.2613 	EXP 	gram01: pos = array([0.00648148, 0.07592593])
23.2613 	EXP 	continue_text: autoDraw = False
23.2779 	EXP 	gram01: pos = array([0.05277778, 0.04351852])
23.2779 	EXP 	continue_text: autoDraw = False
23.3049 	EXP 	gram01: pos = array([ 0.1       , -0.00925926])
23.3049 	EXP 	continue_text: autoDraw = False
23.3236 	EXP 	gram01: pos = array([ 0.13796296, -0.03148148])
23.3236 	EXP 	continue_text: autoDraw = False
23.3403 	EXP 	gram01: pos = array([ 0.14907407, -0.025     ])
23.3403 	EXP 	continue_text: autoDraw = False
23.3574 	EXP 	gram01: pos = array([ 0.14907407, -0.025     ])
23.3574 	EXP 	continue_text: autoDraw = False
23.3741 	EXP 	gram01: pos = array([ 0.14907407, -0.025     ])
23.3741 	EXP 	continue_text: autoDraw = False
23.3909 	EXP 	gram01: pos = array([ 0.14907407, -0.025     ])
23.3909 	EXP 	continue_text: autoDraw = False
23.4090 	EXP 	gram01: pos = array([ 0.14907407, -0.025     ])
23.4090 	EXP 	continue_text: autoDraw = False
23.4277 	EXP 	gram01: pos = array([ 0.14907407, -0.025     ])
23.4277 	EXP 	continue_text: autoDraw = False
23.4448 	EXP 	gram01: pos = array([ 0.14907407, -0.025     ])
23.4448 	EXP 	continue_text: autoDraw = False
23.4672 	EXP 	gram01: pos = array([ 0.14907407, -0.025     ])
23.4672 	EXP 	continue_text: autoDraw = False
23.4876 	EXP 	gram01: pos = array([ 0.14907407, -0.025     ])
23.4876 	EXP 	continue_text: autoDraw = False
23.5075 	EXP 	gram01: pos = array([ 0.14907407, -0.025     ])
23.5075 	EXP 	continue_text: autoDraw = False
23.5247 	EXP 	gram01: pos = array([ 0.14907407, -0.025     ])
23.5247 	EXP 	continue_text: autoDraw = False
23.5426 	EXP 	gram01: pos = array([ 0.14907407, -0.025     ])
23.5426 	EXP 	continue_text: autoDraw = False
23.5600 	EXP 	gram01: pos = array([ 0.14259259, -0.02685185])
23.5600 	EXP 	continue_text: autoDraw = False
23.5769 	EXP 	gram01: pos = array([ 0.13611111, -0.0287037 ])
23.5769 	EXP 	continue_text: autoDraw = False
23.5945 	EXP 	gram01: pos = array([ 0.12592593, -0.03240741])
23.5945 	EXP 	continue_text: autoDraw = False
23.6117 	EXP 	gram01: pos = array([ 0.11481481, -0.03333333])
23.6117 	EXP 	continue_text: autoDraw = False
23.6328 	EXP 	gram01: pos = array([ 0.10277778, -0.03518519])
23.6328 	EXP 	continue_text: autoDraw = False
23.6548 	EXP 	gram01: pos = array([ 0.09722222, -0.03518519])
23.6548 	EXP 	continue_text: autoDraw = False
23.6743 	EXP 	gram01: pos = array([ 0.09537037, -0.03518519])
23.6743 	EXP 	continue_text: autoDraw = False
23.6950 	EXP 	gram01: pos = array([ 0.0962963 , -0.03611111])
23.6950 	EXP 	continue_text: autoDraw = False
23.7138 	EXP 	gram01: pos = array([ 0.1       , -0.03796296])
23.7138 	EXP 	continue_text: autoDraw = False
23.7317 	EXP 	gram01: pos = array([ 0.13055556, -0.04537037])
23.7317 	EXP 	continue_text: autoDraw = False
23.7524 	EXP 	gram01: pos = array([ 0.20833333, -0.06296296])
23.7524 	EXP 	continue_text: autoDraw = False
23.7716 	EXP 	continue_text: autoDraw = False
23.7920 	EXP 	continue_text: autoDraw = False
23.8100 	EXP 	continue_text: autoDraw = False
23.8282 	EXP 	continue_text: autoDraw = False
23.8458 	EXP 	continue_text: autoDraw = False
23.8617 	EXP 	continue_text: autoDraw = False
23.8819 	EXP 	continue_text: autoDraw = False
23.8991 	EXP 	continue_text: autoDraw = False
23.9168 	EXP 	continue_text: autoDraw = False
23.9335 	EXP 	continue_text: autoDraw = False
23.9552 	EXP 	continue_text: autoDraw = False
23.9747 	EXP 	continue_text: autoDraw = False
23.9912 	EXP 	continue_text: autoDraw = False
24.0223 	EXP 	continue_text: autoDraw = False
24.0416 	EXP 	continue_text: autoDraw = False
24.0596 	EXP 	continue_text: autoDraw = False
24.0766 	EXP 	continue_text: autoDraw = False
24.0985 	EXP 	continue_text: autoDraw = False
24.1160 	EXP 	continue_text: autoDraw = False
24.1341 	EXP 	continue_text: autoDraw = False
24.1553 	EXP 	continue_text: autoDraw = False
24.1746 	EXP 	continue_text: autoDraw = False
24.1915 	EXP 	continue_text: autoDraw = False
24.2109 	EXP 	continue_text: autoDraw = False
24.2286 	EXP 	continue_text: autoDraw = False
24.2462 	EXP 	continue_text: autoDraw = False
24.2624 	EXP 	continue_text: autoDraw = False
24.2802 	EXP 	continue_text: autoDraw = False
24.3060 	EXP 	continue_text: autoDraw = False
24.3253 	EXP 	continue_text: autoDraw = False
24.3443 	EXP 	continue_text: autoDraw = False
24.3626 	EXP 	continue_text: autoDraw = False
24.3830 	EXP 	continue_text: autoDraw = False
24.4061 	EXP 	continue_text: autoDraw = False
24.4265 	EXP 	continue_text: autoDraw = False
24.4457 	EXP 	continue_text: autoDraw = False
24.4625 	EXP 	gram01: pos = array([ 0.26111111, -0.13703704])
24.4625 	EXP 	continue_text: autoDraw = False
24.4793 	EXP 	gram01: pos = array([ 0.23518519, -0.12037037])
24.4793 	EXP 	continue_text: autoDraw = False
24.4958 	EXP 	gram01: pos = array([ 0.21481481, -0.10462963])
24.4958 	EXP 	continue_text: autoDraw = False
24.5126 	EXP 	gram01: pos = array([ 0.19814815, -0.0962963 ])
24.5126 	EXP 	continue_text: autoDraw = False
24.5293 	EXP 	gram01: pos = array([ 0.18981481, -0.08981481])
24.5293 	EXP 	continue_text: autoDraw = False
24.5535 	EXP 	gram01: pos = array([ 0.18333333, -0.08333333])
24.5535 	EXP 	continue_text: autoDraw = False
24.5721 	EXP 	gram01: pos = array([ 0.17407407, -0.07314815])
24.5721 	EXP 	continue_text: autoDraw = False
24.5919 	EXP 	gram01: pos = array([ 0.16759259, -0.06481481])
24.5919 	EXP 	continue_text: autoDraw = False
24.6090 	EXP 	gram01: pos = array([ 0.16296296, -0.05925926])
24.6090 	EXP 	continue_text: autoDraw = False
24.6270 	EXP 	gram01: pos = array([ 0.16296296, -0.05925926])
24.6270 	EXP 	continue_text: autoDraw = False
24.6436 	EXP 	gram01: pos = array([ 0.16296296, -0.05925926])
24.6436 	EXP 	continue_text: autoDraw = False
24.6615 	EXP 	gram01: pos = array([ 0.16296296, -0.05925926])
24.6615 	EXP 	continue_text: autoDraw = False
24.6788 	EXP 	gram01: pos = array([ 0.16481481, -0.05925926])
24.6788 	EXP 	continue_text: autoDraw = False
24.6963 	EXP 	gram01: pos = array([ 0.17222222, -0.05925926])
24.6963 	EXP 	continue_text: autoDraw = False
24.7172 	EXP 	gram01: pos = array([ 0.19444444, -0.06111111])
24.7172 	EXP 	continue_text: autoDraw = False
24.7394 	EXP 	gram01: pos = array([ 0.25185185, -0.06666667])
24.7394 	EXP 	continue_text: autoDraw = False
24.7598 	EXP 	continue_text: autoDraw = False
24.7795 	EXP 	continue_text: autoDraw = False
24.7962 	EXP 	continue_text: autoDraw = False
24.8127 	EXP 	continue_text: autoDraw = False
24.8293 	EXP 	continue_text: autoDraw = False
24.8460 	EXP 	continue_text: autoDraw = False
24.8629 	EXP 	continue_text: autoDraw = False
24.8861 	EXP 	continue_text: autoDraw = False
24.9066 	EXP 	continue_text: autoDraw = False
24.9256 	EXP 	continue_text: autoDraw = False
24.9441 	EXP 	continue_text: autoDraw = False
24.9622 	EXP 	continue_text: autoDraw = False
24.9894 	EXP 	continue_text: autoDraw = False
25.0088 	EXP 	continue_text: autoDraw = False
25.0270 	EXP 	continue_text: autoDraw = False
25.0468 	EXP 	continue_text: autoDraw = False
25.0630 	EXP 	continue_text: autoDraw = False
25.0804 	EXP 	continue_text: autoDraw = False
25.0963 	EXP 	continue_text: autoDraw = False
25.1130 	EXP 	continue_text: autoDraw = False
25.1302 	EXP 	continue_text: autoDraw = False
25.1466 	EXP 	continue_text: autoDraw = False
25.1635 	EXP 	continue_text: autoDraw = False
25.1860 	EXP 	continue_text: autoDraw = False
25.2069 	EXP 	continue_text: autoDraw = False
25.2258 	EXP 	continue_text: autoDraw = False
25.2425 	EXP 	continue_text: autoDraw = False
25.2593 	EXP 	continue_text: autoDraw = False
25.2773 	EXP 	continue_text: autoDraw = False
25.2981 	EXP 	continue_text: autoDraw = False
25.3165 	EXP 	continue_text: autoDraw = False
25.3401 	EXP 	continue_text: autoDraw = False
25.3592 	EXP 	continue_text: autoDraw = False
25.3765 	EXP 	continue_text: autoDraw = False
25.3772 	DATA 	Mouse:  Left button up, pos=(1371,341)
25.3937 	EXP 	continue_text: autoDraw = False
25.4105 	EXP 	continue_text: autoDraw = False
25.4288 	EXP 	continue_text: autoDraw = False
25.4469 	EXP 	continue_text: autoDraw = False
25.4644 	EXP 	continue_text: autoDraw = False
25.4807 	EXP 	continue_text: autoDraw = False
25.4985 	EXP 	continue_text: autoDraw = False
25.5155 	EXP 	continue_text: autoDraw = False
25.5401 	EXP 	continue_text: autoDraw = False
25.5596 	EXP 	continue_text: autoDraw = False
25.5781 	EXP 	continue_text: autoDraw = False
25.5954 	EXP 	continue_text: autoDraw = False
25.6119 	EXP 	continue_text: autoDraw = False
25.6328 	EXP 	continue_text: autoDraw = False
25.6493 	EXP 	continue_text: autoDraw = False
25.6735 	EXP 	continue_text: autoDraw = False
25.6927 	EXP 	continue_text: autoDraw = False
25.7098 	EXP 	continue_text: autoDraw = False
25.7265 	EXP 	continue_text: autoDraw = False
25.7434 	EXP 	continue_text: autoDraw = False
25.7598 	EXP 	continue_text: autoDraw = False
25.7779 	EXP 	continue_text: autoDraw = False
25.7958 	EXP 	continue_text: autoDraw = False
25.8146 	EXP 	continue_text: autoDraw = False
25.8306 	EXP 	continue_text: autoDraw = False
25.8313 	DATA 	Mouse: Left button down, pos=(1217,416)
25.8474 	EXP 	continue_text: autoDraw = False
25.8653 	EXP 	gram01: pos = array([ 0.23796296, -0.11481481])
25.8653 	EXP 	continue_text: autoDraw = False
25.8909 	EXP 	gram01: pos = array([ 0.23796296, -0.11481481])
25.8909 	EXP 	continue_text: autoDraw = False
25.9103 	EXP 	gram01: pos = array([ 0.23796296, -0.11481481])
25.9103 	EXP 	continue_text: autoDraw = False
25.9289 	EXP 	gram01: pos = array([ 0.23796296, -0.11481481])
25.9289 	EXP 	continue_text: autoDraw = False
25.9460 	EXP 	gram01: pos = array([ 0.23796296, -0.11481481])
25.9460 	EXP 	continue_text: autoDraw = False
25.9622 	EXP 	gram01: pos = array([ 0.23796296, -0.11481481])
25.9622 	EXP 	continue_text: autoDraw = False
25.9800 	EXP 	gram01: pos = array([ 0.23796296, -0.11481481])
25.9800 	EXP 	continue_text: autoDraw = False
25.9964 	EXP 	gram01: pos = array([ 0.23796296, -0.11481481])
25.9964 	EXP 	continue_text: autoDraw = False
26.0142 	EXP 	gram01: pos = array([ 0.24814815, -0.11018519])
26.0142 	EXP 	continue_text: autoDraw = False
26.0408 	EXP 	gram01: pos = array([ 0.26759259, -0.1       ])
26.0408 	EXP 	continue_text: autoDraw = False
26.0600 	EXP 	gram01: pos = array([ 0.28888889, -0.09074074])
26.0600 	EXP 	continue_text: autoDraw = False
26.0770 	EXP 	gram01: pos = array([ 0.3037037 , -0.08425926])
26.0770 	EXP 	continue_text: autoDraw = False
26.0950 	EXP 	gram01: pos = array([ 0.31296296, -0.08148148])
26.0950 	EXP 	continue_text: autoDraw = False
26.1120 	EXP 	gram01: pos = array([ 0.3212963 , -0.07962963])
26.1120 	EXP 	continue_text: autoDraw = False
26.1307 	EXP 	gram01: pos = array([ 0.33240741, -0.07592593])
26.1307 	EXP 	continue_text: autoDraw = False
26.1574 	EXP 	gram01: pos = array([ 0.34259259, -0.07407407])
26.1574 	EXP 	continue_text: autoDraw = False
26.1769 	EXP 	gram01: pos = array([ 0.36203704, -0.07037037])
26.1769 	EXP 	continue_text: autoDraw = False
26.1966 	EXP 	gram01: pos = array([ 0.38055556, -0.06759259])
26.1966 	EXP 	continue_text: autoDraw = False
26.2181 	EXP 	gram01: pos = array([ 0.39166667, -0.06666667])
26.2181 	EXP 	continue_text: autoDraw = False
26.2343 	EXP 	gram01: pos = array([ 0.41296296, -0.06388889])
26.2343 	EXP 	continue_text: autoDraw = False
26.2547 	EXP 	gram01: pos = array([ 0.43148148, -0.06388889])
26.2547 	EXP 	continue_text: autoDraw = False
26.2745 	EXP 	gram01: pos = array([ 0.44722222, -0.06388889])
26.2745 	EXP 	continue_text: autoDraw = False
26.2936 	EXP 	gram01: pos = array([ 0.46203704, -0.06388889])
26.2936 	EXP 	continue_text: autoDraw = False
26.3110 	EXP 	gram01: pos = array([ 0.48703704, -0.06851852])
26.3110 	EXP 	continue_text: autoDraw = False
26.3286 	EXP 	gram01: pos = array([ 0.50277778, -0.07037037])
26.3286 	EXP 	continue_text: autoDraw = False
26.3470 	EXP 	gram01: pos = array([ 0.51574074, -0.07592593])
26.3470 	EXP 	continue_text: autoDraw = False
26.3646 	EXP 	gram01: pos = array([ 0.52962963, -0.08148148])
26.3646 	EXP 	continue_text: autoDraw = False
26.3815 	EXP 	gram01: pos = array([ 0.54444444, -0.08796296])
26.3815 	EXP 	continue_text: autoDraw = False
26.3980 	EXP 	gram01: pos = array([ 0.56111111, -0.0962963 ])
26.3980 	EXP 	continue_text: autoDraw = False
26.4159 	EXP 	gram01: pos = array([ 0.58055556, -0.10555556])
26.4159 	EXP 	continue_text: autoDraw = False
26.4341 	EXP 	gram01: pos = array([ 0.59907407, -0.11851852])
26.4341 	EXP 	continue_text: autoDraw = False
26.4580 	EXP 	gram01: pos = array([ 0.61944444, -0.13611111])
26.4580 	EXP 	continue_text: autoDraw = False
26.4774 	EXP 	gram01: pos = array([ 0.63240741, -0.14722222])
26.4774 	EXP 	continue_text: autoDraw = False
26.4949 	EXP 	gram01: pos = array([ 0.65277778, -0.16574074])
26.4949 	EXP 	continue_text: autoDraw = False
26.5120 	EXP 	gram01: pos = array([ 0.66944444, -0.18611111])
26.5120 	EXP 	continue_text: autoDraw = False
26.5298 	EXP 	gram01: pos = array([ 0.68518519, -0.20833333])
26.5298 	EXP 	continue_text: autoDraw = False
26.5388 	EXP 	Created continue_text = TextStim(__class__=<class 'psychopy.visual.text.TextStim'>, alignHoriz='center', alignVert='center', antialias=True, autoLog=True, bold=False, color='white', colorSpace='named', contrast=1.0, depth=0.0, flipHoriz=False, flipVert=False, font='Arial', fontFiles=[], height=0.05, italic=False, languageStyle='LTR', name='continue_text', opacity=1.0, ori=0, pos=array([0., 0.]), rgb=array([255., 255., 255.]), text='Continue', units='height', win=Window(...), wrapWidth=1)
26.5566 	EXP 	gram01: pos = array([ 0.6962963, -0.225    ])
26.5566 	EXP 	continue_text: autoDraw = True
26.5630 	EXP 	Created continue_text = TextStim(__class__=<class 'psychopy.visual.text.TextStim'>, alignHoriz='center', alignVert='center', antialias=True, autoLog=True, bold=False, color='white', colorSpace='named', contrast=1.0, depth=0.0, flipHoriz=False, flipVert=False, font='Arial', fontFiles=[], height=0.05, italic=False, languageStyle='LTR', name='continue_text', opacity=1.0, ori=0, pos=array([0., 0.]), rgb=array([255., 255., 255.]), text='Continue', units='height', win=Window(...), wrapWidth=1)
26.5802 	EXP 	gram01: pos = array([ 0.70833333, -0.24351852])
26.5802 	EXP 	continue_text: autoDraw = True
26.5868 	EXP 	Created continue_text = TextStim(__class__=<class 'psychopy.visual.text.TextStim'>, alignHoriz='center', alignVert='center', antialias=True, autoLog=True, bold=False, color='white', colorSpace='named', contrast=1.0, depth=0.0, flipHoriz=False, flipVert=False, font='Arial', fontFiles=[], height=0.05, italic=False, languageStyle='LTR', name='continue_text', opacity=1.0, ori=0, pos=array([0., 0.]), rgb=array([255., 255., 255.]), text='Continue', units='height', win=Window(...), wrapWidth=1)
26.6040 	EXP 	gram01: pos = array([ 0.71388889, -0.2537037 ])
26.6040 	EXP 	continue_text: autoDraw = True
26.6124 	EXP 	Created continue_text = TextStim(__class__=<class 'psychopy.visual.text.TextStim'>, alignHoriz='center', alignVert='center', antialias=True, autoLog=True, bold=False, color='white', colorSpace='named', contrast=1.0, depth=0.0, flipHoriz=False, flipVert=False, font='Arial', fontFiles=[], height=0.05, italic=False, languageStyle='LTR', name='continue_text', opacity=1.0, ori=0, pos=array([0., 0.]), rgb=array([255., 255., 255.]), text='Continue', units='height', win=Window(...), wrapWidth=1)
26.6285 	EXP 	gram01: pos = array([ 0.71666667, -0.26111111])
26.6285 	EXP 	continue_text: autoDraw = True
26.6367 	EXP 	Created continue_text = TextStim(__class__=<class 'psychopy.visual.text.TextStim'>, alignHoriz='center', alignVert='center', antialias=True, autoLog=True, bold=False, color='white', colorSpace='named', contrast=1.0, depth=0.0, flipHoriz=False, flipVert=False, font='Arial', fontFiles=[], height=0.05, italic=False, languageStyle='LTR', name='continue_text', opacity=1.0, ori=0, pos=array([0., 0.]), rgb=array([255., 255., 255.]), text='Continue', units='height', win=Window(...), wrapWidth=1)
26.6528 	EXP 	gram01: pos = array([ 0.71851852, -0.26666667])
26.6528 	EXP 	continue_text: autoDraw = True
26.6619 	EXP 	Created continue_text = TextStim(__class__=<class 'psychopy.visual.text.TextStim'>, alignHoriz='center', alignVert='center', antialias=True, autoLog=True, bold=False, color='white', colorSpace='named', contrast=1.0, depth=0.0, flipHoriz=False, flipVert=False, font='Arial', fontFiles=[], height=0.05, italic=False, languageStyle='LTR', name='continue_text', opacity=1.0, ori=0, pos=array([0., 0.]), rgb=array([255., 255., 255.]), text='Continue', units='height', win=Window(...), wrapWidth=1)
26.6784 	EXP 	gram01: pos = array([ 0.71851852, -0.26944444])
26.6784 	EXP 	continue_text: autoDraw = True
26.6866 	EXP 	Created continue_text = TextStim(__class__=<class 'psychopy.visual.text.TextStim'>, alignHoriz='center', alignVert='center', antialias=True, autoLog=True, bold=False, color='white', colorSpace='named', contrast=1.0, depth=0.0, flipHoriz=False, flipVert=False, font='Arial', fontFiles=[], height=0.05, italic=False, languageStyle='LTR', name='continue_text', opacity=1.0, ori=0, pos=array([0., 0.]), rgb=array([255., 255., 255.]), text='Continue', units='height', win=Window(...), wrapWidth=1)
26.7055 	EXP 	gram01: pos = array([ 0.71851852, -0.27222222])
26.7055 	EXP 	continue_text: autoDraw = True
26.7199 	EXP 	Created continue_text = TextStim(__class__=<class 'psychopy.visual.text.TextStim'>, alignHoriz='center', alignVert='center', antialias=True, autoLog=True, bold=False, color='white', colorSpace='named', contrast=1.0, depth=0.0, flipHoriz=False, flipVert=False, font='Arial', fontFiles=[], height=0.05, italic=False, languageStyle='LTR', name='continue_text', opacity=1.0, ori=0, pos=array([0., 0.]), rgb=array([255., 255., 255.]), text='Continue', units='height', win=Window(...), wrapWidth=1)
26.7373 	EXP 	gram01: pos = array([ 0.71851852, -0.27314815])
26.7373 	EXP 	continue_text: autoDraw = True
26.7455 	EXP 	Created continue_text = TextStim(__class__=<class 'psychopy.visual.text.TextStim'>, alignHoriz='center', alignVert='center', antialias=True, autoLog=True, bold=False, color='white', colorSpace='named', contrast=1.0, depth=0.0, flipHoriz=False, flipVert=False, font='Arial', fontFiles=[], height=0.05, italic=False, languageStyle='LTR', name='continue_text', opacity=1.0, ori=0, pos=array([0., 0.]), rgb=array([255., 255., 255.]), text='Continue', units='height', win=Window(...), wrapWidth=1)
26.7611 	EXP 	gram01: pos = array([ 0.71851852, -0.27592593])
26.7611 	EXP 	continue_text: autoDraw = True
26.7687 	EXP 	Created continue_text = TextStim(__class__=<class 'psychopy.visual.text.TextStim'>, alignHoriz='center', alignVert='center', antialias=True, autoLog=True, bold=False, color='white', colorSpace='named', contrast=1.0, depth=0.0, flipHoriz=False, flipVert=False, font='Arial', fontFiles=[], height=0.05, italic=False, languageStyle='LTR', name='continue_text', opacity=1.0, ori=0, pos=array([0., 0.]), rgb=array([255., 255., 255.]), text='Continue', units='height', win=Window(...), wrapWidth=1)
26.7856 	EXP 	gram01: pos = array([ 0.71851852, -0.27685185])
26.7856 	EXP 	continue_text: autoDraw = True
26.7934 	EXP 	Created continue_text = TextStim(__class__=<class 'psychopy.visual.text.TextStim'>, alignHoriz='center', alignVert='center', antialias=True, autoLog=True, bold=False, color='white', colorSpace='named', contrast=1.0, depth=0.0, flipHoriz=False, flipVert=False, font='Arial', fontFiles=[], height=0.05, italic=False, languageStyle='LTR', name='continue_text', opacity=1.0, ori=0, pos=array([0., 0.]), rgb=array([255., 255., 255.]), text='Continue', units='height', win=Window(...), wrapWidth=1)
26.8098 	EXP 	gram01: pos = array([ 0.71851852, -0.27777778])
26.8098 	EXP 	continue_text: autoDraw = True
26.8161 	EXP 	Created continue_text = TextStim(__class__=<class 'psychopy.visual.text.TextStim'>, alignHoriz='center', alignVert='center', antialias=True, autoLog=True, bold=False, color='white', colorSpace='named', contrast=1.0, depth=0.0, flipHoriz=False, flipVert=False, font='Arial', fontFiles=[], height=0.05, italic=False, languageStyle='LTR', name='continue_text', opacity=1.0, ori=0, pos=array([0., 0.]), rgb=array([255., 255., 255.]), text='Continue', units='height', win=Window(...), wrapWidth=1)
26.8361 	EXP 	gram01: pos = array([ 0.71851852, -0.27777778])
26.8361 	EXP 	continue_text: autoDraw = True
26.8440 	EXP 	Created continue_text = TextStim(__class__=<class 'psychopy.visual.text.TextStim'>, alignHoriz='center', alignVert='center', antialias=True, autoLog=True, bold=False, color='white', colorSpace='named', contrast=1.0, depth=0.0, flipHoriz=False, flipVert=False, font='Arial', fontFiles=[], height=0.05, italic=False, languageStyle='LTR', name='continue_text', opacity=1.0, ori=0, pos=array([0., 0.]), rgb=array([255., 255., 255.]), text='Continue', units='height', win=Window(...), wrapWidth=1)
26.8602 	EXP 	gram01: pos = array([ 0.71851852, -0.27777778])
26.8602 	EXP 	continue_text: autoDraw = True
26.8664 	EXP 	Created continue_text = TextStim(__class__=<class 'psychopy.visual.text.TextStim'>, alignHoriz='center', alignVert='center', antialias=True, autoLog=True, bold=False, color='white', colorSpace='named', contrast=1.0, depth=0.0, flipHoriz=False, flipVert=False, font='Arial', fontFiles=[], height=0.05, italic=False, languageStyle='LTR', name='continue_text', opacity=1.0, ori=0, pos=array([0., 0.]), rgb=array([255., 255., 255.]), text='Continue', units='height', win=Window(...), wrapWidth=1)
26.8887 	EXP 	gram01: pos = array([ 0.71851852, -0.27777778])
26.8887 	EXP 	continue_text: autoDraw = True
26.8964 	EXP 	Created continue_text = TextStim(__class__=<class 'psychopy.visual.text.TextStim'>, alignHoriz='center', alignVert='center', antialias=True, autoLog=True, bold=False, color='white', colorSpace='named', contrast=1.0, depth=0.0, flipHoriz=False, flipVert=False, font='Arial', fontFiles=[], height=0.05, italic=False, languageStyle='LTR', name='continue_text', opacity=1.0, ori=0, pos=array([0., 0.]), rgb=array([255., 255., 255.]), text='Continue', units='height', win=Window(...), wrapWidth=1)
26.9136 	EXP 	gram01: pos = array([ 0.71759259, -0.27777778])
26.9136 	EXP 	continue_text: autoDraw = True
26.9198 	EXP 	Created continue_text = TextStim(__class__=<class 'psychopy.visual.text.TextStim'>, alignHoriz='center', alignVert='center', antialias=True, autoLog=True, bold=False, color='white', colorSpace='named', contrast=1.0, depth=0.0, flipHoriz=False, flipVert=False, font='Arial', fontFiles=[], height=0.05, italic=False, languageStyle='LTR', name='continue_text', opacity=1.0, ori=0, pos=array([0., 0.]), rgb=array([255., 255., 255.]), text='Continue', units='height', win=Window(...), wrapWidth=1)
26.9395 	EXP 	gram01: pos = array([ 0.71574074, -0.27407407])
26.9395 	EXP 	continue_text: autoDraw = True
26.9588 	EXP 	gram01: pos = array([ 0.67037037, -0.17777778])
26.9588 	EXP 	continue_text: autoDraw = False
26.9813 	EXP 	continue_text: autoDraw = False
27.0022 	EXP 	continue_text: autoDraw = False
27.0222 	EXP 	continue_text: autoDraw = False
27.0411 	EXP 	continue_text: autoDraw = False
27.0651 	EXP 	continue_text: autoDraw = False
27.0863 	EXP 	continue_text: autoDraw = False
27.1066 	EXP 	continue_text: autoDraw = False
27.1248 	EXP 	continue_text: autoDraw = False
27.1456 	EXP 	continue_text: autoDraw = False
27.1666 	EXP 	continue_text: autoDraw = False
27.1882 	EXP 	continue_text: autoDraw = False
27.2086 	EXP 	continue_text: autoDraw = False
27.2309 	EXP 	continue_text: autoDraw = False
27.2491 	EXP 	continue_text: autoDraw = False
27.2684 	EXP 	continue_text: autoDraw = False
27.2893 	EXP 	continue_text: autoDraw = False
27.3100 	EXP 	continue_text: autoDraw = False
27.3315 	EXP 	continue_text: autoDraw = False
27.3518 	EXP 	continue_text: autoDraw = False
27.3700 	EXP 	continue_text: autoDraw = False
27.3921 	EXP 	continue_text: autoDraw = False
27.4128 	EXP 	continue_text: autoDraw = False
27.4329 	EXP 	continue_text: autoDraw = False
27.4526 	EXP 	continue_text: autoDraw = False
27.4781 	EXP 	continue_text: autoDraw = False
27.4989 	EXP 	continue_text: autoDraw = False
27.5191 	EXP 	continue_text: autoDraw = False
27.5321 	DATA 	Mouse:  Left button up, pos=(1517,620)
27.5390 	EXP 	continue_text: autoDraw = False
27.5583 	EXP 	continue_text: autoDraw = False
27.5787 	EXP 	continue_text: autoDraw = False
27.5993 	EXP 	continue_text: autoDraw = False
27.6179 	EXP 	continue_text: autoDraw = False
27.6387 	EXP 	continue_text: autoDraw = False
27.6590 	EXP 	continue_text: autoDraw = False
27.6832 	EXP 	continue_text: autoDraw = False
27.7007 	EXP 	continue_text: autoDraw = False
27.7194 	EXP 	continue_text: autoDraw = False
27.7381 	EXP 	continue_text: autoDraw = False
27.7564 	EXP 	continue_text: autoDraw = False
27.7755 	EXP 	continue_text: autoDraw = False
27.7968 	EXP 	continue_text: autoDraw = False
27.8180 	EXP 	continue_text: autoDraw = False
27.8407 	EXP 	continue_text: autoDraw = False
27.8621 	EXP 	continue_text: autoDraw = False
27.8848 	EXP 	continue_text: autoDraw = False
27.9049 	EXP 	continue_text: autoDraw = False
27.9273 	EXP 	continue_text: autoDraw = False
27.9481 	EXP 	continue_text: autoDraw = False
27.9486 	DATA 	Mouse: Left button down, pos=(1650,401)
27.9763 	EXP 	continue_text: autoDraw = False
27.9971 	EXP 	gram01: pos = array([ 0.63888889, -0.1287037 ])
27.9971 	EXP 	continue_text: autoDraw = False
28.0168 	EXP 	gram01: pos = array([ 0.63888889, -0.1287037 ])
28.0168 	EXP 	continue_text: autoDraw = False
28.0357 	EXP 	gram01: pos = array([ 0.63888889, -0.1287037 ])
28.0357 	EXP 	continue_text: autoDraw = False
28.0547 	EXP 	gram01: pos = array([ 0.63888889, -0.1287037 ])
28.0547 	EXP 	continue_text: autoDraw = False
28.0732 	EXP 	gram01: pos = array([ 0.63888889, -0.1287037 ])
28.0732 	EXP 	continue_text: autoDraw = False
28.0925 	EXP 	gram01: pos = array([ 0.63888889, -0.1287037 ])
28.0925 	EXP 	continue_text: autoDraw = False
28.1122 	EXP 	gram01: pos = array([ 0.63888889, -0.1287037 ])
28.1122 	EXP 	continue_text: autoDraw = False
28.1328 	EXP 	gram01: pos = array([ 0.63888889, -0.1287037 ])
28.1328 	EXP 	continue_text: autoDraw = False
28.1523 	EXP 	gram01: pos = array([ 0.62962963, -0.12037037])
28.1523 	EXP 	continue_text: autoDraw = False
28.1723 	EXP 	gram01: pos = array([ 0.61944444, -0.11018519])
28.1723 	EXP 	continue_text: autoDraw = False
28.1937 	EXP 	gram01: pos = array([ 0.61018519, -0.1       ])
28.1937 	EXP 	continue_text: autoDraw = False
28.2140 	EXP 	gram01: pos = array([ 0.60092593, -0.09074074])
28.2140 	EXP 	continue_text: autoDraw = False
28.2340 	EXP 	gram01: pos = array([ 0.59074074, -0.07777778])
28.2340 	EXP 	continue_text: autoDraw = False
28.2556 	EXP 	gram01: pos = array([ 0.58425926, -0.06759259])
28.2556 	EXP 	continue_text: autoDraw = False
28.2768 	EXP 	gram01: pos = array([ 0.57314815, -0.05      ])
28.2768 	EXP 	continue_text: autoDraw = False
28.2975 	EXP 	gram01: pos = array([ 0.56574074, -0.03888889])
28.2975 	EXP 	continue_text: autoDraw = False
28.3178 	EXP 	gram01: pos = array([ 0.55277778, -0.01574074])
28.3178 	EXP 	continue_text: autoDraw = False
28.3370 	EXP 	gram01: pos = array([ 0.54444444, -0.00185185])
28.3370 	EXP 	continue_text: autoDraw = False
28.3565 	EXP 	gram01: pos = array([0.53425926, 0.01759259])
28.3565 	EXP 	continue_text: autoDraw = False
28.3746 	EXP 	gram01: pos = array([0.52685185, 0.02962963])
28.3746 	EXP 	continue_text: autoDraw = False
28.3974 	EXP 	gram01: pos = array([0.52037037, 0.03888889])
28.3974 	EXP 	continue_text: autoDraw = False
28.4190 	EXP 	gram01: pos = array([0.51018519, 0.05648148])
28.4190 	EXP 	continue_text: autoDraw = False
28.4384 	EXP 	gram01: pos = array([0.50092593, 0.07407407])
28.4384 	EXP 	continue_text: autoDraw = False
28.4566 	EXP 	gram01: pos = array([0.49351852, 0.08148148])
28.4566 	EXP 	continue_text: autoDraw = False
28.4752 	EXP 	gram01: pos = array([0.48611111, 0.09166667])
28.4752 	EXP 	continue_text: autoDraw = False
28.4963 	EXP 	gram01: pos = array([0.47962963, 0.10092593])
28.4963 	EXP 	continue_text: autoDraw = False
28.5168 	EXP 	gram01: pos = array([0.46666667, 0.11944444])
28.5168 	EXP 	continue_text: autoDraw = False
28.5361 	EXP 	gram01: pos = array([0.45648148, 0.13055556])
28.5361 	EXP 	continue_text: autoDraw = False
28.5601 	EXP 	gram01: pos = array([0.43888889, 0.14722222])
28.5601 	EXP 	continue_text: autoDraw = False
28.5810 	EXP 	gram01: pos = array([0.41944444, 0.16481481])
28.5810 	EXP 	continue_text: autoDraw = False
28.6014 	EXP 	gram01: pos = array([0.40555556, 0.17592593])
28.6014 	EXP 	continue_text: autoDraw = False
28.6212 	EXP 	gram01: pos = array([0.39074074, 0.19259259])
28.6212 	EXP 	continue_text: autoDraw = False
28.6477 	EXP 	gram01: pos = array([0.38333333, 0.20185185])
28.6477 	EXP 	continue_text: autoDraw = False
28.6672 	EXP 	gram01: pos = array([0.36944444, 0.21574074])
28.6672 	EXP 	continue_text: autoDraw = False
28.6869 	EXP 	gram01: pos = array([0.35648148, 0.2287037 ])
28.6869 	EXP 	continue_text: autoDraw = False
28.7051 	EXP 	gram01: pos = array([0.34814815, 0.23703704])
28.7051 	EXP 	continue_text: autoDraw = False
28.7279 	EXP 	gram01: pos = array([0.34259259, 0.24259259])
28.7279 	EXP 	continue_text: autoDraw = False
28.7481 	EXP 	gram01: pos = array([0.33796296, 0.24814815])
28.7481 	EXP 	continue_text: autoDraw = False
28.7690 	EXP 	gram01: pos = array([0.33518519, 0.25092593])
28.7690 	EXP 	continue_text: autoDraw = False
28.7882 	EXP 	gram01: pos = array([0.33148148, 0.25648148])
28.7882 	EXP 	continue_text: autoDraw = False
28.8088 	EXP 	gram01: pos = array([0.32777778, 0.26203704])
28.8088 	EXP 	continue_text: autoDraw = False
28.8304 	EXP 	gram01: pos = array([0.32222222, 0.26851852])
28.8304 	EXP 	continue_text: autoDraw = False
28.8515 	EXP 	gram01: pos = array([0.32037037, 0.27222222])
28.8515 	EXP 	continue_text: autoDraw = False
28.8694 	EXP 	gram01: pos = array([0.31666667, 0.27685185])
28.8694 	EXP 	continue_text: autoDraw = False
28.8905 	EXP 	gram01: pos = array([0.31481481, 0.2787037 ])
28.8905 	EXP 	continue_text: autoDraw = False
28.9097 	EXP 	gram01: pos = array([0.31481481, 0.28055556])
28.9097 	EXP 	continue_text: autoDraw = False
28.9302 	EXP 	gram01: pos = array([0.31296296, 0.28240741])
28.9302 	EXP 	continue_text: autoDraw = False
28.9505 	EXP 	gram01: pos = array([0.31203704, 0.28240741])
28.9505 	EXP 	continue_text: autoDraw = False
28.9748 	EXP 	gram01: pos = array([0.31111111, 0.28425926])
28.9748 	EXP 	continue_text: autoDraw = False
28.9926 	EXP 	gram01: pos = array([0.31111111, 0.28425926])
28.9926 	EXP 	continue_text: autoDraw = False
29.0130 	EXP 	gram01: pos = array([0.31111111, 0.28425926])
29.0130 	EXP 	continue_text: autoDraw = False
29.0139 	DATA 	Mouse:  Left button up, pos=(1296,847)
29.0336 	EXP 	continue_text: autoDraw = False
29.0573 	EXP 	continue_text: autoDraw = False
29.0746 	EXP 	continue_text: autoDraw = False
29.0932 	EXP 	continue_text: autoDraw = False
29.1135 	EXP 	continue_text: autoDraw = False
29.1347 	EXP 	continue_text: autoDraw = False
29.1562 	EXP 	continue_text: autoDraw = False
29.1745 	EXP 	continue_text: autoDraw = False
29.1933 	EXP 	continue_text: autoDraw = False
29.2137 	EXP 	continue_text: autoDraw = False
29.2345 	EXP 	continue_text: autoDraw = False
29.2535 	EXP 	continue_text: autoDraw = False
29.2749 	EXP 	continue_text: autoDraw = False
29.2922 	EXP 	continue_text: autoDraw = False
29.3099 	EXP 	continue_text: autoDraw = False
29.3314 	EXP 	continue_text: autoDraw = False
29.3515 	EXP 	continue_text: autoDraw = False
29.3715 	EXP 	continue_text: autoDraw = False
29.3940 	EXP 	continue_text: autoDraw = False
29.4136 	EXP 	continue_text: autoDraw = False
29.4338 	EXP 	continue_text: autoDraw = False
29.4519 	EXP 	continue_text: autoDraw = False
29.4712 	EXP 	continue_text: autoDraw = False
29.4918 	EXP 	continue_text: autoDraw = False
29.5113 	EXP 	continue_text: autoDraw = False
29.5318 	EXP 	continue_text: autoDraw = False
29.5522 	EXP 	continue_text: autoDraw = False
29.5693 	EXP 	continue_text: autoDraw = False
29.5977 	EXP 	continue_text: autoDraw = False
29.6186 	EXP 	continue_text: autoDraw = False
29.6452 	EXP 	continue_text: autoDraw = False
29.6645 	EXP 	continue_text: autoDraw = False
29.6851 	EXP 	continue_text: autoDraw = False
29.7057 	EXP 	continue_text: autoDraw = False
29.7064 	DATA 	Mouse: Left button down, pos=(952,522)
29.7296 	EXP 	continue_text: autoDraw = False
29.7296 	EXP 	one: autoDraw = False
29.7296 	EXP 	two: autoDraw = False
29.7296 	EXP 	three: autoDraw = False
29.7296 	EXP 	seven: autoDraw = False
29.7296 	EXP 	eight: autoDraw = False
29.7296 	EXP 	nine: autoDraw = False
29.7296 	EXP 	four: autoDraw = False
29.7296 	EXP 	five: autoDraw = False
29.7296 	EXP 	six: autoDraw = False
29.7296 	EXP 	ten: autoDraw = False
29.7296 	EXP 	eleven: autoDraw = False
29.7296 	EXP 	twelve: autoDraw = False
29.7296 	EXP 	gram01: autoDraw = False
29.9409 	EXP 	window1: mouseVisible = True
