10.5278 	EXP 	Created window1 = Window(allowGUI=True, allowStencil=False, args=UNKNOWN, autoLog=True, bitsMode=UNKNOWN, blendMode='avg', color=array([0., 0., 0.]), colorSpace='rgb', fullscr=<method-wrapper '__getattribute__' of attributeSetter object at 0x0000027AC0D4CBE0>, gamma=None, gammaErrorPolicy='raise', kwargs=UNKNOWN, lms=UNKNOWN, monitor=<psychopy.monitors.calibTools.Monitor object at 0x0000027AC0A847B8>, multiSample=False, name='window1', numSamples=2, pos=[0.0, 0.0], screen=0, size=array([1920, 1080]), stereo=False, units='height', useFBO=True, useRetina=False, viewOri=0.0, viewPos=None, viewScale=None, waitBlanking=True, winType='pyglet')
10.5280 	EXP 	window1: recordFrameIntervals = False
10.6923 	EXP 	window1: recordFrameIntervals = True
10.9069 	EXP 	window1: recordFrameIntervals = False
11.4802 	EXP 	Created instruction_text = TextStim(__class__=<class 'psychopy.visual.text.TextStim'>, alignHoriz='center', alignVert='center', antialias=True, autoLog=True, bold=False, color='white', colorSpace='named', contrast=1.0, depth=0.0, flipHoriz=False, flipVert=False, font='Arial', fontFiles=[], height=0.05, italic=False, languageStyle='LTR', name='instruction_text', opacity=1.0, ori=0, pos=array([0., 0.]), rgb=array([255., 255., 255.]), text=str(...), units='height', win=Window(...), wrapWidth=1)
11.4915 	EXP 	Created text_2 = TextStim(__class__=<class 'psychopy.visual.text.TextStim'>, alignHoriz='center', alignVert='center', antialias=True, autoLog=True, bold=False, color='white', colorSpace='named', contrast=1.0, depth=-2.0, flipHoriz=False, flipVert=False, font='Arial', fontFiles=[], height=0.05, italic=False, languageStyle='LTR', name='text_2', opacity=1.0, ori=0, pos=array([ 0.  , -0.45]), rgb=array([255., 255., 255.]), text='Click here to continue.', units='height', win=Window(...), wrapWidth=1)
11.5043 	EXP 	Created text = TextStim(__class__=<class 'psychopy.visual.text.TextStim'>, alignHoriz='center', alignVert='center', antialias=True, autoLog=True, bold=False, color='white', colorSpace='named', contrast=1.0, depth=0.0, flipHoriz=False, flipVert=False, font='Arial', fontFiles=[], height=0.05, italic=False, languageStyle='LTR', name='text', opacity=1.0, ori=0, pos=array([0., 0.]), rgb=array([255., 255., 255.]), text='Here is a video example.', units='height', win=Window(...), wrapWidth=1)
11.5962 	EXP 	Created one = ImageStim(__class__=<class 'psychopy.visual.image.ImageStim'>, autoLog=True, color=array([1., 1., 1.]), colorSpace='rgb', contrast=1.0, depth=0.0, flipHoriz=False, flipVert=False, image=str(...), interpolate=True, mask=None, maskParams=None, name='one', opacity=1.0, ori=0.0, pos=array([-0.7,  0.3]), size=array([0.22, 0.22]), texRes=128, units='height', win=Window(...))
11.6857 	EXP 	Created two = ImageStim(__class__=<class 'psychopy.visual.image.ImageStim'>, autoLog=True, color=array([1., 1., 1.]), colorSpace='rgb', contrast=1.0, depth=-2.0, flipHoriz=False, flipVert=False, image=str(...), interpolate=True, mask=None, maskParams=None, name='two', opacity=1.0, ori=0.0, pos=array([-0.45,  0.3 ]), size=array([0.22, 0.22]), texRes=128, units='height', win=Window(...))
11.7621 	EXP 	Created three = ImageStim(__class__=<class 'psychopy.visual.image.ImageStim'>, autoLog=True, color=array([1., 1., 1.]), colorSpace='rgb', contrast=1.0, depth=-3.0, flipHoriz=False, flipVert=False, image=str(...), interpolate=True, mask=None, maskParams=None, name='three', opacity=1.0, ori=0.0, pos=array([-0.2,  0.3]), size=array([0.22, 0.22]), texRes=128, units='height', win=Window(...))
11.8650 	EXP 	Created seven = ImageStim(__class__=<class 'psychopy.visual.image.ImageStim'>, autoLog=True, color=array([1., 1., 1.]), colorSpace='rgb', contrast=1.0, depth=-4.0, flipHoriz=False, flipVert=False, image=str(...), interpolate=True, mask=None, maskParams=None, name='seven', opacity=1.0, ori=0.0, pos=array([-0.7, -0.3]), size=array([0.22, 0.22]), texRes=128, units='height', win=Window(...))
11.9700 	EXP 	Created eight = ImageStim(__class__=<class 'psychopy.visual.image.ImageStim'>, autoLog=True, color=array([1., 1., 1.]), colorSpace='rgb', contrast=1.0, depth=-5.0, flipHoriz=False, flipVert=False, image=str(...), interpolate=True, mask=None, maskParams=None, name='eight', opacity=1.0, ori=0.0, pos=array([-0.45, -0.3 ]), size=array([0.22, 0.22]), texRes=128, units='height', win=Window(...))
12.0713 	EXP 	Created nine = ImageStim(__class__=<class 'psychopy.visual.image.ImageStim'>, autoLog=True, color=array([1., 1., 1.]), colorSpace='rgb', contrast=1.0, depth=-6.0, flipHoriz=False, flipVert=False, image=str(...), interpolate=True, mask=None, maskParams=None, name='nine', opacity=1.0, ori=0.0, pos=array([-0.2, -0.3]), size=array([0.22, 0.22]), texRes=128, units='height', win=Window(...))
12.1573 	EXP 	Created four = ImageStim(__class__=<class 'psychopy.visual.image.ImageStim'>, autoLog=True, color=array([1., 1., 1.]), colorSpace='rgb', contrast=1.0, depth=-7.0, flipHoriz=False, flipVert=False, image=str(...), interpolate=True, mask=None, maskParams=None, name='four', opacity=1.0, ori=0.0, pos=array([0.2, 0.3]), size=array([0.22, 0.22]), texRes=128, units='height', win=Window(...))
12.2478 	EXP 	Created five = ImageStim(__class__=<class 'psychopy.visual.image.ImageStim'>, autoLog=True, color=array([1., 1., 1.]), colorSpace='rgb', contrast=1.0, depth=-8.0, flipHoriz=False, flipVert=False, image=str(...), interpolate=True, mask=None, maskParams=None, name='five', opacity=1.0, ori=0.0, pos=array([0.45, 0.3 ]), size=array([0.22, 0.22]), texRes=128, units='height', win=Window(...))
12.3374 	EXP 	Created six = ImageStim(__class__=<class 'psychopy.visual.image.ImageStim'>, autoLog=True, color=array([1., 1., 1.]), colorSpace='rgb', contrast=1.0, depth=-9.0, flipHoriz=False, flipVert=False, image=str(...), interpolate=True, mask=None, maskParams=None, name='six', opacity=1.0, ori=0.0, pos=array([0.7, 0.3]), size=array([0.22, 0.22]), texRes=128, units='height', win=Window(...))
12.4272 	EXP 	Created ten = ImageStim(__class__=<class 'psychopy.visual.image.ImageStim'>, autoLog=True, color=array([1., 1., 1.]), colorSpace='rgb', contrast=1.0, depth=-10.0, flipHoriz=False, flipVert=False, image=str(...), interpolate=True, mask=None, maskParams=None, name='ten', opacity=1.0, ori=0.0, pos=array([ 0.2, -0.3]), size=array([0.22, 0.22]), texRes=128, units='height', win=Window(...))
12.5076 	EXP 	Created eleven = ImageStim(__class__=<class 'psychopy.visual.image.ImageStim'>, autoLog=True, color=array([1., 1., 1.]), colorSpace='rgb', contrast=1.0, depth=-11.0, flipHoriz=False, flipVert=False, image=str(...), interpolate=True, mask=None, maskParams=None, name='eleven', opacity=1.0, ori=0.0, pos=array([ 0.45, -0.3 ]), size=array([0.22, 0.22]), texRes=128, units='height', win=Window(...))
12.5982 	EXP 	Created twelve = ImageStim(__class__=<class 'psychopy.visual.image.ImageStim'>, autoLog=True, color=array([1., 1., 1.]), colorSpace='rgb', contrast=1.0, depth=-12.0, flipHoriz=False, flipVert=False, image=str(...), interpolate=True, mask=None, maskParams=None, name='twelve', opacity=1.0, ori=0.0, pos=array([ 0.7, -0.3]), size=array([0.22, 0.22]), texRes=128, units='height', win=Window(...))
12.6120 	EXP 	Created continue_text = TextStim(__class__=<class 'psychopy.visual.text.TextStim'>, alignHoriz='center', alignVert='center', antialias=True, autoLog=True, bold=False, color='white', colorSpace='named', contrast=1.0, depth=0.0, flipHoriz=False, flipVert=False, font='Arial', fontFiles=[], height=0.001, italic=False, languageStyle='LTR', name='continue_text', opacity=0.0, ori=0, pos=array([1.5, 1.5]), rgb=array([255., 255., 255.]), text='Continue', units='height', win=Window(...), wrapWidth=1)
12.6468 	EXP 	Created gram01 = ImageStim(__class__=<class 'psychopy.visual.image.ImageStim'>, autoLog=True, color=array([1., 1., 1.]), colorSpace='rgb', contrast=1.0, depth=-14.0, flipHoriz=False, flipVert=False, image=str(...), interpolate=True, mask=None, maskParams=None, name='gram01', opacity=1.0, ori=0.0, pos=array([0.5, 0.5]), size=array([1., 1.]), texRes=128, units='height', win=Window(...))
12.6802 	EXP 	instruction_text: autoDraw = True
12.6802 	EXP 	text_2: autoDraw = True
13.1947 	DATA 	Mouse: Left button down, pos=(886,67)
13.2109 	EXP 	instruction_text: autoDraw = False
13.2109 	EXP 	text_2: autoDraw = False
13.2109 	EXP 	text: autoDraw = True
13.2950 	DATA 	Mouse:  Left button up, pos=(886,67)
13.7974 	DATA 	Mouse: Left button down, pos=(972,445)
14.3643 	DATA 	Mouse:  Left button up, pos=(972,445)
14.3772 	EXP 	text: autoDraw = False
14.3772 	EXP 	one: autoDraw = True
14.3772 	EXP 	two: autoDraw = True
14.3772 	EXP 	three: autoDraw = True
14.3772 	EXP 	seven: autoDraw = True
14.3772 	EXP 	eight: autoDraw = True
14.3772 	EXP 	nine: autoDraw = True
14.3772 	EXP 	four: autoDraw = True
14.3772 	EXP 	five: autoDraw = True
14.3772 	EXP 	six: autoDraw = True
14.3772 	EXP 	ten: autoDraw = True
14.3772 	EXP 	eleven: autoDraw = True
14.3772 	EXP 	twelve: autoDraw = True
14.3772 	EXP 	gram01: autoDraw = True
15.6751 	DATA 	Mouse: Left button down, pos=(1301,792)
15.7270 	EXP 	gram01: pos = array([0.31574074, 0.23333333])
15.7455 	EXP 	gram01: pos = array([0.31574074, 0.23333333])
15.7621 	EXP 	gram01: pos = array([0.31574074, 0.23333333])
15.7788 	EXP 	gram01: pos = array([0.31574074, 0.23333333])
15.7956 	EXP 	gram01: pos = array([0.31574074, 0.23333333])
15.8118 	EXP 	gram01: pos = array([0.27685185, 0.18981481])
15.8299 	EXP 	gram01: pos = array([0.20462963, 0.09722222])
15.8478 	EXP 	gram01: pos = array([0.14166667, 0.00277778])
15.8630 	EXP 	gram01: pos = array([ 0.11759259, -0.04074074])
15.8822 	EXP 	gram01: pos = array([ 0.09537037, -0.08333333])
15.8988 	EXP 	gram01: pos = array([ 0.07962963, -0.1212963 ])
15.9163 	EXP 	gram01: pos = array([ 0.0712963 , -0.13796296])
15.9340 	EXP 	gram01: pos = array([ 0.05833333, -0.16574074])
15.9502 	EXP 	gram01: pos = array([ 0.0537037, -0.1787037])
15.9679 	EXP 	gram01: pos = array([ 0.05185185, -0.18333333])
15.9840 	EXP 	gram01: pos = array([ 0.04907407, -0.18888889])
16.0032 	EXP 	gram01: pos = array([ 0.04814815, -0.19074074])
16.0221 	EXP 	gram01: pos = array([ 0.04722222, -0.19166667])
16.0429 	EXP 	gram01: pos = array([ 0.04722222, -0.19259259])
16.0621 	EXP 	gram01: pos = array([ 0.0462963 , -0.19351852])
16.0790 	EXP 	gram01: pos = array([ 0.0462963 , -0.19351852])
16.0960 	EXP 	gram01: pos = array([ 0.0462963 , -0.19444444])
16.1127 	EXP 	gram01: pos = array([ 0.04537037, -0.19444444])
16.1304 	EXP 	gram01: pos = array([ 0.04537037, -0.19444444])
16.1467 	EXP 	gram01: pos = array([ 0.04537037, -0.19537037])
16.1638 	EXP 	gram01: pos = array([ 0.04537037, -0.19537037])
16.1800 	EXP 	gram01: pos = array([ 0.04537037, -0.19537037])
16.1960 	EXP 	gram01: pos = array([ 0.04537037, -0.19537037])
16.2127 	EXP 	gram01: pos = array([ 0.04537037, -0.19537037])
16.2300 	EXP 	gram01: pos = array([ 0.04444444, -0.19537037])
16.2521 	EXP 	gram01: pos = array([ 0.04444444, -0.19537037])
16.2742 	EXP 	gram01: pos = array([ 0.04444444, -0.19537037])
16.3033 	EXP 	gram01: pos = array([ 0.04444444, -0.19537037])
16.3283 	EXP 	gram01: pos = array([ 0.04444444, -0.19537037])
16.3563 	EXP 	gram01: pos = array([ 0.04351852, -0.19537037])
16.3779 	EXP 	gram01: pos = array([ 0.04351852, -0.19537037])
16.4008 	EXP 	gram01: pos = array([ 0.04351852, -0.19537037])
16.4229 	EXP 	gram01: pos = array([ 0.04351852, -0.19537037])
16.4456 	EXP 	gram01: pos = array([ 0.04351852, -0.19444444])
16.4745 	EXP 	gram01: pos = array([ 0.04351852, -0.18425926])
16.5036 	EXP 	gram01: pos = array([ 0.04814815, -0.14444444])
16.5286 	EXP 	gram01: pos = array([ 0.06388889, -0.04907407])
16.5585 	EXP 	gram01: pos = array([ 0.07407407, -0.00185185])
16.5941 	EXP 	gram01: pos = array([0.08981481, 0.05462963])
16.6155 	EXP 	gram01: pos = array([0.09351852, 0.06666667])
16.6414 	EXP 	gram01: pos = array([0.09814815, 0.07777778])
16.6654 	EXP 	gram01: pos = array([0.10092593, 0.08611111])
16.6852 	EXP 	gram01: pos = array([0.1037037 , 0.08888889])
16.7013 	EXP 	gram01: pos = array([0.1037037 , 0.08981481])
16.7172 	EXP 	gram01: pos = array([0.10462963, 0.09074074])
16.7331 	EXP 	gram01: pos = array([0.10462963, 0.09074074])
16.7494 	EXP 	gram01: pos = array([0.10462963, 0.09074074])
16.7671 	EXP 	gram01: pos = array([0.10462963, 0.09074074])
16.7856 	EXP 	gram01: pos = array([0.10462963, 0.09074074])
16.8115 	EXP 	gram01: pos = array([0.10462963, 0.09074074])
16.8361 	EXP 	gram01: pos = array([0.10462963, 0.09074074])
16.8569 	EXP 	gram01: pos = array([0.10462963, 0.09074074])
16.8949 	EXP 	gram01: pos = array([0.10462963, 0.09074074])
16.9245 	EXP 	gram01: pos = array([0.10462963, 0.09074074])
16.9424 	EXP 	gram01: pos = array([0.10462963, 0.09074074])
16.9632 	EXP 	gram01: pos = array([0.10462963, 0.09074074])
16.9802 	EXP 	gram01: pos = array([0.10462963, 0.09074074])
16.9963 	EXP 	gram01: pos = array([0.10462963, 0.09074074])
17.0132 	EXP 	gram01: pos = array([0.10462963, 0.09074074])
17.0300 	EXP 	gram01: pos = array([0.10462963, 0.09074074])
17.0470 	EXP 	gram01: pos = array([0.10462963, 0.09074074])
17.0651 	EXP 	gram01: pos = array([0.10462963, 0.09074074])
17.0660 	DATA 	Mouse:  Left button up, pos=(1073,638)
18.9229 	DATA 	Mouse: Left button down, pos=(272,870)
18.9496 	EXP 	one: autoDraw = False
18.9496 	EXP 	two: autoDraw = False
18.9496 	EXP 	three: autoDraw = False
18.9496 	EXP 	seven: autoDraw = False
18.9496 	EXP 	eight: autoDraw = False
18.9496 	EXP 	nine: autoDraw = False
18.9496 	EXP 	four: autoDraw = False
18.9496 	EXP 	five: autoDraw = False
18.9496 	EXP 	six: autoDraw = False
18.9496 	EXP 	ten: autoDraw = False
18.9496 	EXP 	eleven: autoDraw = False
18.9496 	EXP 	twelve: autoDraw = False
18.9496 	EXP 	gram01: autoDraw = False
18.9957 	EXP 	window1: mouseVisible = True
