7.1216 	EXP 	Created window1 = Window(allowGUI=True, allowStencil=False, args=UNKNOWN, autoLog=True, bitsMode=UNKNOWN, blendMode='avg', color=array([0., 0., 0.]), colorSpace='rgb', fullscr=<method-wrapper '__getattribute__' of attributeSetter object at 0x000001B5E8823F98>, gamma=None, gammaErrorPolicy='raise', kwargs=UNKNOWN, lms=UNKNOWN, monitor=<psychopy.monitors.calibTools.Monitor object at 0x000001B5E891BBE0>, multiSample=False, name='window1', numSamples=2, pos=[0.0, 0.0], screen=0, size=array([1920, 1080]), stereo=False, units='height', useFBO=True, useRetina=False, viewOri=0.0, viewPos=None, viewScale=None, waitBlanking=True, winType='pyglet')
7.1217 	EXP 	window1: recordFrameIntervals = False
7.2865 	EXP 	window1: recordFrameIntervals = True
7.4707 	EXP 	window1: recordFrameIntervals = False
7.7945 	EXP 	Created instruction_text = TextStim(__class__=<class 'psychopy.visual.text.TextStim'>, alignHoriz='center', alignVert='center', antialias=True, autoLog=True, bold=False, color='white', colorSpace='named', contrast=1.0, depth=0.0, flipHoriz=False, flipVert=False, font='Arial', fontFiles=[], height=0.05, italic=False, languageStyle='LTR', name='instruction_text', opacity=1.0, ori=0, pos=array([0., 0.]), rgb=array([255., 255., 255.]), text=str(...), units='height', win=Window(...), wrapWidth=1)
7.8030 	EXP 	Created text_2 = TextStim(__class__=<class 'psychopy.visual.text.TextStim'>, alignHoriz='center', alignVert='center', antialias=True, autoLog=True, bold=False, color='white', colorSpace='named', contrast=1.0, depth=-2.0, flipHoriz=False, flipVert=False, font='Arial', fontFiles=[], height=0.05, italic=False, languageStyle='LTR', name='text_2', opacity=1.0, ori=0, pos=array([ 0.  , -0.45]), rgb=array([255., 255., 255.]), text='Click here to continue.', units='height', win=Window(...), wrapWidth=1)
7.8140 	EXP 	Created text = TextStim(__class__=<class 'psychopy.visual.text.TextStim'>, alignHoriz='center', alignVert='center', antialias=True, autoLog=True, bold=False, color='white', colorSpace='named', contrast=1.0, depth=0.0, flipHoriz=False, flipVert=False, font='Arial', fontFiles=[], height=0.05, italic=False, languageStyle='LTR', name='text', opacity=1.0, ori=0, pos=array([0., 0.]), rgb=array([255., 255., 255.]), text='Here is a video example.', units='height', win=Window(...), wrapWidth=1)
7.8930 	EXP 	Created one = ImageStim(__class__=<class 'psychopy.visual.image.ImageStim'>, autoLog=True, color=array([1., 1., 1.]), colorSpace='rgb', contrast=1.0, depth=0.0, flipHoriz=False, flipVert=False, image=str(...), interpolate=True, mask=None, maskParams=None, name='one', opacity=1.0, ori=0.0, pos=array([-0.7,  0.3]), size=array([0.22, 0.22]), texRes=128, units='height', win=Window(...))
7.9654 	EXP 	Created two = ImageStim(__class__=<class 'psychopy.visual.image.ImageStim'>, autoLog=True, color=array([1., 1., 1.]), colorSpace='rgb', contrast=1.0, depth=-2.0, flipHoriz=False, flipVert=False, image=str(...), interpolate=True, mask=None, maskParams=None, name='two', opacity=1.0, ori=0.0, pos=array([-0.45,  0.3 ]), size=array([0.22, 0.22]), texRes=128, units='height', win=Window(...))
8.0376 	EXP 	Created three = ImageStim(__class__=<class 'psychopy.visual.image.ImageStim'>, autoLog=True, color=array([1., 1., 1.]), colorSpace='rgb', contrast=1.0, depth=-3.0, flipHoriz=False, flipVert=False, image=str(...), interpolate=True, mask=None, maskParams=None, name='three', opacity=1.0, ori=0.0, pos=array([-0.2,  0.3]), size=array([0.22, 0.22]), texRes=128, units='height', win=Window(...))
8.1050 	EXP 	Created seven = ImageStim(__class__=<class 'psychopy.visual.image.ImageStim'>, autoLog=True, color=array([1., 1., 1.]), colorSpace='rgb', contrast=1.0, depth=-4.0, flipHoriz=False, flipVert=False, image=str(...), interpolate=True, mask=None, maskParams=None, name='seven', opacity=1.0, ori=0.0, pos=array([-0.7, -0.3]), size=array([0.22, 0.22]), texRes=128, units='height', win=Window(...))
8.1772 	EXP 	Created eight = ImageStim(__class__=<class 'psychopy.visual.image.ImageStim'>, autoLog=True, color=array([1., 1., 1.]), colorSpace='rgb', contrast=1.0, depth=-5.0, flipHoriz=False, flipVert=False, image=str(...), interpolate=True, mask=None, maskParams=None, name='eight', opacity=1.0, ori=0.0, pos=array([-0.45, -0.3 ]), size=array([0.22, 0.22]), texRes=128, units='height', win=Window(...))
8.2545 	EXP 	Created nine = ImageStim(__class__=<class 'psychopy.visual.image.ImageStim'>, autoLog=True, color=array([1., 1., 1.]), colorSpace='rgb', contrast=1.0, depth=-6.0, flipHoriz=False, flipVert=False, image=str(...), interpolate=True, mask=None, maskParams=None, name='nine', opacity=1.0, ori=0.0, pos=array([-0.2, -0.3]), size=array([0.22, 0.22]), texRes=128, units='height', win=Window(...))
8.3259 	EXP 	Created four = ImageStim(__class__=<class 'psychopy.visual.image.ImageStim'>, autoLog=True, color=array([1., 1., 1.]), colorSpace='rgb', contrast=1.0, depth=-7.0, flipHoriz=False, flipVert=False, image=str(...), interpolate=True, mask=None, maskParams=None, name='four', opacity=1.0, ori=0.0, pos=array([0.2, 0.3]), size=array([0.22, 0.22]), texRes=128, units='height', win=Window(...))
8.3976 	EXP 	Created five = ImageStim(__class__=<class 'psychopy.visual.image.ImageStim'>, autoLog=True, color=array([1., 1., 1.]), colorSpace='rgb', contrast=1.0, depth=-8.0, flipHoriz=False, flipVert=False, image=str(...), interpolate=True, mask=None, maskParams=None, name='five', opacity=1.0, ori=0.0, pos=array([0.45, 0.3 ]), size=array([0.22, 0.22]), texRes=128, units='height', win=Window(...))
8.4690 	EXP 	Created six = ImageStim(__class__=<class 'psychopy.visual.image.ImageStim'>, autoLog=True, color=array([1., 1., 1.]), colorSpace='rgb', contrast=1.0, depth=-9.0, flipHoriz=False, flipVert=False, image=str(...), interpolate=True, mask=None, maskParams=None, name='six', opacity=1.0, ori=0.0, pos=array([0.7, 0.3]), size=array([0.22, 0.22]), texRes=128, units='height', win=Window(...))
8.5331 	EXP 	Created ten = ImageStim(__class__=<class 'psychopy.visual.image.ImageStim'>, autoLog=True, color=array([1., 1., 1.]), colorSpace='rgb', contrast=1.0, depth=-10.0, flipHoriz=False, flipVert=False, image=str(...), interpolate=True, mask=None, maskParams=None, name='ten', opacity=1.0, ori=0.0, pos=array([ 0.2, -0.3]), size=array([0.22, 0.22]), texRes=128, units='height', win=Window(...))
8.6055 	EXP 	Created eleven = ImageStim(__class__=<class 'psychopy.visual.image.ImageStim'>, autoLog=True, color=array([1., 1., 1.]), colorSpace='rgb', contrast=1.0, depth=-11.0, flipHoriz=False, flipVert=False, image=str(...), interpolate=True, mask=None, maskParams=None, name='eleven', opacity=1.0, ori=0.0, pos=array([ 0.45, -0.3 ]), size=array([0.22, 0.22]), texRes=128, units='height', win=Window(...))
8.6743 	EXP 	Created twelve = ImageStim(__class__=<class 'psychopy.visual.image.ImageStim'>, autoLog=True, color=array([1., 1., 1.]), colorSpace='rgb', contrast=1.0, depth=-12.0, flipHoriz=False, flipVert=False, image=str(...), interpolate=True, mask=None, maskParams=None, name='twelve', opacity=1.0, ori=0.0, pos=array([ 0.7, -0.3]), size=array([0.22, 0.22]), texRes=128, units='height', win=Window(...))
8.6844 	EXP 	Created continue_text = TextStim(__class__=<class 'psychopy.visual.text.TextStim'>, alignHoriz='center', alignVert='center', antialias=True, autoLog=True, bold=False, color='white', colorSpace='named', contrast=1.0, depth=0.0, flipHoriz=False, flipVert=False, font='Arial', fontFiles=[], height=0.001, italic=False, languageStyle='LTR', name='continue_text', opacity=0.0, ori=0, pos=array([1.5, 1.5]), rgb=array([255., 255., 255.]), text='Continue', units='height', win=Window(...), wrapWidth=1)
8.7379 	EXP 	Created gram01 = ImageStim(__class__=<class 'psychopy.visual.image.ImageStim'>, autoLog=True, color=array([1., 1., 1.]), colorSpace='rgb', contrast=1.0, depth=-14.0, flipHoriz=False, flipVert=False, image=str(...), interpolate=True, mask=None, maskParams=None, name='gram01', opacity=1.0, ori=0.0, pos=array([-0.7,  0.3]), size=array([0.22, 0.22]), texRes=128, units='height', win=Window(...))
8.7650 	EXP 	Created gram02 = ImageStim(__class__=<class 'psychopy.visual.image.ImageStim'>, autoLog=True, color=array([1., 1., 1.]), colorSpace='rgb', contrast=1.0, depth=-15.0, flipHoriz=False, flipVert=False, image=str(...), interpolate=True, mask=None, maskParams=None, name='gram02', opacity=1.0, ori=0.0, pos=array([-0.45,  0.3 ]), size=array([0.22, 0.22]), texRes=128, units='height', win=Window(...))
8.7861 	EXP 	Created gram03 = ImageStim(__class__=<class 'psychopy.visual.image.ImageStim'>, autoLog=True, color=array([1., 1., 1.]), colorSpace='rgb', contrast=1.0, depth=-16.0, flipHoriz=False, flipVert=False, image=str(...), interpolate=True, mask=None, maskParams=None, name='gram03', opacity=1.0, ori=0.0, pos=array([-0.2,  0.3]), size=array([0.22, 0.22]), texRes=128, units='height', win=Window(...))
8.8068 	EXP 	Created gram04 = ImageStim(__class__=<class 'psychopy.visual.image.ImageStim'>, autoLog=True, color=array([1., 1., 1.]), colorSpace='rgb', contrast=1.0, depth=-17.0, flipHoriz=False, flipVert=False, image=str(...), interpolate=True, mask=None, maskParams=None, name='gram04', opacity=1.0, ori=0.0, pos=array([0.2, 0.3]), size=array([0.22, 0.22]), texRes=128, units='height', win=Window(...))
8.8244 	EXP 	Created gram05 = ImageStim(__class__=<class 'psychopy.visual.image.ImageStim'>, autoLog=True, color=array([1., 1., 1.]), colorSpace='rgb', contrast=1.0, depth=-18.0, flipHoriz=False, flipVert=False, image=str(...), interpolate=True, mask=None, maskParams=None, name='gram05', opacity=1.0, ori=0.0, pos=array([0.45, 0.3 ]), size=array([0.22, 0.22]), texRes=128, units='height', win=Window(...))
8.8524 	EXP 	Created gram06 = ImageStim(__class__=<class 'psychopy.visual.image.ImageStim'>, autoLog=True, color=array([1., 1., 1.]), colorSpace='rgb', contrast=1.0, depth=-19.0, flipHoriz=False, flipVert=False, image=str(...), interpolate=True, mask=None, maskParams=None, name='gram06', opacity=1.0, ori=0.0, pos=array([0.7, 0.3]), size=array([0.22, 0.22]), texRes=128, units='height', win=Window(...))
8.8658 	EXP 	Created gram07 = ImageStim(__class__=<class 'psychopy.visual.image.ImageStim'>, autoLog=True, color=array([1., 1., 1.]), colorSpace='rgb', contrast=1.0, depth=-20.0, flipHoriz=False, flipVert=False, image=str(...), interpolate=True, mask=None, maskParams=None, name='gram07', opacity=1.0, ori=0.0, pos=array([-0.7, -0.3]), size=array([0.22, 0.22]), texRes=128, units='height', win=Window(...))
8.9272 	EXP 	Created gram08 = ImageStim(__class__=<class 'psychopy.visual.image.ImageStim'>, autoLog=True, color=array([1., 1., 1.]), colorSpace='rgb', contrast=1.0, depth=-21.0, flipHoriz=False, flipVert=False, image=str(...), interpolate=True, mask=None, maskParams=None, name='gram08', opacity=1.0, ori=0.0, pos=array([-0.45, -0.3 ]), size=array([0.22, 0.22]), texRes=128, units='height', win=Window(...))
8.9459 	EXP 	Created gram09 = ImageStim(__class__=<class 'psychopy.visual.image.ImageStim'>, autoLog=True, color=array([1., 1., 1.]), colorSpace='rgb', contrast=1.0, depth=-22.0, flipHoriz=False, flipVert=False, image=str(...), interpolate=True, mask=None, maskParams=None, name='gram09', opacity=1.0, ori=0.0, pos=array([-0.2, -0.3]), size=array([0.22, 0.22]), texRes=128, units='height', win=Window(...))
9.0399 	EXP 	Created gram10 = ImageStim(__class__=<class 'psychopy.visual.image.ImageStim'>, autoLog=True, color=array([1., 1., 1.]), colorSpace='rgb', contrast=1.0, depth=-23.0, flipHoriz=False, flipVert=False, image=str(...), interpolate=True, mask=None, maskParams=None, name='gram10', opacity=1.0, ori=0.0, pos=array([ 0.2, -0.3]), size=array([0.22, 0.22]), texRes=128, units='height', win=Window(...))
9.1058 	EXP 	Created gram11 = ImageStim(__class__=<class 'psychopy.visual.image.ImageStim'>, autoLog=True, color=array([1., 1., 1.]), colorSpace='rgb', contrast=1.0, depth=-24.0, flipHoriz=False, flipVert=False, image=str(...), interpolate=True, mask=None, maskParams=None, name='gram11', opacity=1.0, ori=0.0, pos=array([ 0.45, -0.3 ]), size=array([0.22, 0.22]), texRes=128, units='height', win=Window(...))
9.1591 	EXP 	Created gram12 = ImageStim(__class__=<class 'psychopy.visual.image.ImageStim'>, autoLog=True, color=array([1., 1., 1.]), colorSpace='rgb', contrast=1.0, depth=-25.0, flipHoriz=False, flipVert=False, image=str(...), interpolate=True, mask=None, maskParams=None, name='gram12', opacity=1.0, ori=0.0, pos=array([ 0.7, -0.3]), size=array([0.22, 0.22]), texRes=128, units='height', win=Window(...))
9.1666 	EXP 	Created easy_succ = TextStim(__class__=<class 'psychopy.visual.text.TextStim'>, alignHoriz='center', alignVert='center', antialias=True, autoLog=True, bold=False, color='white', colorSpace='named', contrast=1.0, depth=-26.0, flipHoriz=False, flipVert=False, font='Arial', fontFiles=[], height=0.05, italic=False, languageStyle='LTR', name='easy_succ', opacity=1.0, ori=0, pos=array([-0.3,  0. ]), rgb=array([255., 255., 255.]), text='Move On', units='height', win=Window(...), wrapWidth=1)
9.2100 	EXP 	instruction_text: autoDraw = True
9.2100 	EXP 	text_2: autoDraw = True
9.8069 	DATA 	Mouse: Left button down, pos=(879,59)
9.8228 	EXP 	instruction_text: autoDraw = False
9.8228 	EXP 	text_2: autoDraw = False
9.8228 	EXP 	text: autoDraw = True
9.8903 	DATA 	Mouse:  Left button up, pos=(879,59)
10.5774 	DATA 	Mouse: Left button down, pos=(943,539)
10.6782 	EXP 	Imported flow\loop_conditions.xlsx as conditions, 6 conditions, 2 params
10.6784 	EXP 	Created sequence: sequential, trialTypes=6, nReps=1, seed=None
10.6787 	EXP 	New trial (rep=0, index=0): OrderedDict([('this_trial', 0), ('tangram_set', 1)])
10.6796 	DATA 	Mouse:  Left button up, pos=(943,539)
10.6849 	EXP 	Created continue_text = TextStim(__class__=<class 'psychopy.visual.text.TextStim'>, alignHoriz='center', alignVert='center', antialias=True, autoLog=True, bold=False, color='white', colorSpace='named', contrast=1.0, depth=0.0, flipHoriz=False, flipVert=False, font='Arial', fontFiles=[], height=0.05, italic=False, languageStyle='LTR', name='continue_text', opacity=1.0, ori=0, pos=array([0., 0.]), rgb=array([255., 255., 255.]), text='Continue', units='height', win=Window(...), wrapWidth=1)
11.4729 	DATA 	Mouse: Left button down, pos=(1031,471)
11.4730 	DATA 	Mouse:  Left button up, pos=(1031,471)
11.4808 	EXP 	text: autoDraw = False
11.4808 	EXP 	one: autoDraw = True
11.4808 	EXP 	two: autoDraw = True
11.4808 	EXP 	three: autoDraw = True
11.4808 	EXP 	seven: autoDraw = True
11.4808 	EXP 	eight: autoDraw = True
11.4808 	EXP 	nine: autoDraw = True
11.4808 	EXP 	four: autoDraw = True
11.4808 	EXP 	five: autoDraw = True
11.4808 	EXP 	six: autoDraw = True
11.4808 	EXP 	ten: autoDraw = True
11.4808 	EXP 	eleven: autoDraw = True
11.4808 	EXP 	twelve: autoDraw = True
11.4808 	EXP 	continue_text: autoDraw = True
11.4808 	EXP 	gram01: autoDraw = True
11.4808 	EXP 	gram02: autoDraw = True
11.4808 	EXP 	gram03: autoDraw = True
11.4808 	EXP 	gram04: autoDraw = True
11.4808 	EXP 	gram05: autoDraw = True
11.4808 	EXP 	gram06: autoDraw = True
11.4808 	EXP 	gram07: autoDraw = True
11.4808 	EXP 	gram08: autoDraw = True
11.4808 	EXP 	gram09: autoDraw = True
11.4808 	EXP 	gram10: autoDraw = True
11.4808 	EXP 	gram11: autoDraw = True
11.4808 	EXP 	gram12: autoDraw = True
11.4808 	EXP 	easy_succ: autoDraw = True
11.4858 	EXP 	Created continue_text = TextStim(__class__=<class 'psychopy.visual.text.TextStim'>, alignHoriz='center', alignVert='center', antialias=True, autoLog=True, bold=False, color='white', colorSpace='named', contrast=1.0, depth=0.0, flipHoriz=False, flipVert=False, font='Arial', fontFiles=[], height=0.05, italic=False, languageStyle='LTR', name='continue_text', opacity=1.0, ori=0, pos=array([0., 0.]), rgb=array([255., 255., 255.]), text='Continue', units='height', win=Window(...), wrapWidth=1)
11.4995 	EXP 	continue_text: autoDraw = True
11.5052 	EXP 	Created continue_text = TextStim(__class__=<class 'psychopy.visual.text.TextStim'>, alignHoriz='center', alignVert='center', antialias=True, autoLog=True, bold=False, color='white', colorSpace='named', contrast=1.0, depth=0.0, flipHoriz=False, flipVert=False, font='Arial', fontFiles=[], height=0.05, italic=False, languageStyle='LTR', name='continue_text', opacity=1.0, ori=0, pos=array([0., 0.]), rgb=array([255., 255., 255.]), text='Continue', units='height', win=Window(...), wrapWidth=1)
11.5161 	EXP 	continue_text: autoDraw = True
11.5222 	EXP 	Created continue_text = TextStim(__class__=<class 'psychopy.visual.text.TextStim'>, alignHoriz='center', alignVert='center', antialias=True, autoLog=True, bold=False, color='white', colorSpace='named', contrast=1.0, depth=0.0, flipHoriz=False, flipVert=False, font='Arial', fontFiles=[], height=0.05, italic=False, languageStyle='LTR', name='continue_text', opacity=1.0, ori=0, pos=array([0., 0.]), rgb=array([255., 255., 255.]), text='Continue', units='height', win=Window(...), wrapWidth=1)
11.5343 	EXP 	continue_text: autoDraw = True
11.5407 	EXP 	Created continue_text = TextStim(__class__=<class 'psychopy.visual.text.TextStim'>, alignHoriz='center', alignVert='center', antialias=True, autoLog=True, bold=False, color='white', colorSpace='named', contrast=1.0, depth=0.0, flipHoriz=False, flipVert=False, font='Arial', fontFiles=[], height=0.05, italic=False, languageStyle='LTR', name='continue_text', opacity=1.0, ori=0, pos=array([0., 0.]), rgb=array([255., 255., 255.]), text='Continue', units='height', win=Window(...), wrapWidth=1)
11.5524 	EXP 	continue_text: autoDraw = True
11.5598 	EXP 	Created continue_text = TextStim(__class__=<class 'psychopy.visual.text.TextStim'>, alignHoriz='center', alignVert='center', antialias=True, autoLog=True, bold=False, color='white', colorSpace='named', contrast=1.0, depth=0.0, flipHoriz=False, flipVert=False, font='Arial', fontFiles=[], height=0.05, italic=False, languageStyle='LTR', name='continue_text', opacity=1.0, ori=0, pos=array([0., 0.]), rgb=array([255., 255., 255.]), text='Continue', units='height', win=Window(...), wrapWidth=1)
11.5721 	EXP 	continue_text: autoDraw = True
11.5779 	EXP 	Created continue_text = TextStim(__class__=<class 'psychopy.visual.text.TextStim'>, alignHoriz='center', alignVert='center', antialias=True, autoLog=True, bold=False, color='white', colorSpace='named', contrast=1.0, depth=0.0, flipHoriz=False, flipVert=False, font='Arial', fontFiles=[], height=0.05, italic=False, languageStyle='LTR', name='continue_text', opacity=1.0, ori=0, pos=array([0., 0.]), rgb=array([255., 255., 255.]), text='Continue', units='height', win=Window(...), wrapWidth=1)
11.5930 	EXP 	continue_text: autoDraw = True
11.5989 	EXP 	Created continue_text = TextStim(__class__=<class 'psychopy.visual.text.TextStim'>, alignHoriz='center', alignVert='center', antialias=True, autoLog=True, bold=False, color='white', colorSpace='named', contrast=1.0, depth=0.0, flipHoriz=False, flipVert=False, font='Arial', fontFiles=[], height=0.05, italic=False, languageStyle='LTR', name='continue_text', opacity=1.0, ori=0, pos=array([0., 0.]), rgb=array([255., 255., 255.]), text='Continue', units='height', win=Window(...), wrapWidth=1)
11.6120 	EXP 	continue_text: autoDraw = True
11.6176 	EXP 	Created continue_text = TextStim(__class__=<class 'psychopy.visual.text.TextStim'>, alignHoriz='center', alignVert='center', antialias=True, autoLog=True, bold=False, color='white', colorSpace='named', contrast=1.0, depth=0.0, flipHoriz=False, flipVert=False, font='Arial', fontFiles=[], height=0.05, italic=False, languageStyle='LTR', name='continue_text', opacity=1.0, ori=0, pos=array([0., 0.]), rgb=array([255., 255., 255.]), text='Continue', units='height', win=Window(...), wrapWidth=1)
11.6307 	EXP 	continue_text: autoDraw = True
11.6364 	EXP 	Created continue_text = TextStim(__class__=<class 'psychopy.visual.text.TextStim'>, alignHoriz='center', alignVert='center', antialias=True, autoLog=True, bold=False, color='white', colorSpace='named', contrast=1.0, depth=0.0, flipHoriz=False, flipVert=False, font='Arial', fontFiles=[], height=0.05, italic=False, languageStyle='LTR', name='continue_text', opacity=1.0, ori=0, pos=array([0., 0.]), rgb=array([255., 255., 255.]), text='Continue', units='height', win=Window(...), wrapWidth=1)
11.6501 	EXP 	continue_text: autoDraw = True
11.6563 	EXP 	Created continue_text = TextStim(__class__=<class 'psychopy.visual.text.TextStim'>, alignHoriz='center', alignVert='center', antialias=True, autoLog=True, bold=False, color='white', colorSpace='named', contrast=1.0, depth=0.0, flipHoriz=False, flipVert=False, font='Arial', fontFiles=[], height=0.05, italic=False, languageStyle='LTR', name='continue_text', opacity=1.0, ori=0, pos=array([0., 0.]), rgb=array([255., 255., 255.]), text='Continue', units='height', win=Window(...), wrapWidth=1)
11.6702 	EXP 	continue_text: autoDraw = True
11.6761 	EXP 	Created continue_text = TextStim(__class__=<class 'psychopy.visual.text.TextStim'>, alignHoriz='center', alignVert='center', antialias=True, autoLog=True, bold=False, color='white', colorSpace='named', contrast=1.0, depth=0.0, flipHoriz=False, flipVert=False, font='Arial', fontFiles=[], height=0.05, italic=False, languageStyle='LTR', name='continue_text', opacity=1.0, ori=0, pos=array([0., 0.]), rgb=array([255., 255., 255.]), text='Continue', units='height', win=Window(...), wrapWidth=1)
11.6920 	EXP 	continue_text: autoDraw = True
11.7003 	EXP 	Created continue_text = TextStim(__class__=<class 'psychopy.visual.text.TextStim'>, alignHoriz='center', alignVert='center', antialias=True, autoLog=True, bold=False, color='white', colorSpace='named', contrast=1.0, depth=0.0, flipHoriz=False, flipVert=False, font='Arial', fontFiles=[], height=0.05, italic=False, languageStyle='LTR', name='continue_text', opacity=1.0, ori=0, pos=array([0., 0.]), rgb=array([255., 255., 255.]), text='Continue', units='height', win=Window(...), wrapWidth=1)
11.7150 	EXP 	continue_text: autoDraw = True
11.7208 	EXP 	Created continue_text = TextStim(__class__=<class 'psychopy.visual.text.TextStim'>, alignHoriz='center', alignVert='center', antialias=True, autoLog=True, bold=False, color='white', colorSpace='named', contrast=1.0, depth=0.0, flipHoriz=False, flipVert=False, font='Arial', fontFiles=[], height=0.05, italic=False, languageStyle='LTR', name='continue_text', opacity=1.0, ori=0, pos=array([0., 0.]), rgb=array([255., 255., 255.]), text='Continue', units='height', win=Window(...), wrapWidth=1)
11.7351 	EXP 	continue_text: autoDraw = True
11.7417 	EXP 	Created continue_text = TextStim(__class__=<class 'psychopy.visual.text.TextStim'>, alignHoriz='center', alignVert='center', antialias=True, autoLog=True, bold=False, color='white', colorSpace='named', contrast=1.0, depth=0.0, flipHoriz=False, flipVert=False, font='Arial', fontFiles=[], height=0.05, italic=False, languageStyle='LTR', name='continue_text', opacity=1.0, ori=0, pos=array([0., 0.]), rgb=array([255., 255., 255.]), text='Continue', units='height', win=Window(...), wrapWidth=1)
11.7563 	EXP 	continue_text: autoDraw = True
11.7622 	EXP 	Created continue_text = TextStim(__class__=<class 'psychopy.visual.text.TextStim'>, alignHoriz='center', alignVert='center', antialias=True, autoLog=True, bold=False, color='white', colorSpace='named', contrast=1.0, depth=0.0, flipHoriz=False, flipVert=False, font='Arial', fontFiles=[], height=0.05, italic=False, languageStyle='LTR', name='continue_text', opacity=1.0, ori=0, pos=array([0., 0.]), rgb=array([255., 255., 255.]), text='Continue', units='height', win=Window(...), wrapWidth=1)
11.7786 	EXP 	continue_text: autoDraw = True
11.7846 	EXP 	Created continue_text = TextStim(__class__=<class 'psychopy.visual.text.TextStim'>, alignHoriz='center', alignVert='center', antialias=True, autoLog=True, bold=False, color='white', colorSpace='named', contrast=1.0, depth=0.0, flipHoriz=False, flipVert=False, font='Arial', fontFiles=[], height=0.05, italic=False, languageStyle='LTR', name='continue_text', opacity=1.0, ori=0, pos=array([0., 0.]), rgb=array([255., 255., 255.]), text='Continue', units='height', win=Window(...), wrapWidth=1)
11.8001 	EXP 	continue_text: autoDraw = True
11.8063 	EXP 	Created continue_text = TextStim(__class__=<class 'psychopy.visual.text.TextStim'>, alignHoriz='center', alignVert='center', antialias=True, autoLog=True, bold=False, color='white', colorSpace='named', contrast=1.0, depth=0.0, flipHoriz=False, flipVert=False, font='Arial', fontFiles=[], height=0.05, italic=False, languageStyle='LTR', name='continue_text', opacity=1.0, ori=0, pos=array([0., 0.]), rgb=array([255., 255., 255.]), text='Continue', units='height', win=Window(...), wrapWidth=1)
11.8218 	EXP 	continue_text: autoDraw = True
11.8275 	EXP 	Created continue_text = TextStim(__class__=<class 'psychopy.visual.text.TextStim'>, alignHoriz='center', alignVert='center', antialias=True, autoLog=True, bold=False, color='white', colorSpace='named', contrast=1.0, depth=0.0, flipHoriz=False, flipVert=False, font='Arial', fontFiles=[], height=0.05, italic=False, languageStyle='LTR', name='continue_text', opacity=1.0, ori=0, pos=array([0., 0.]), rgb=array([255., 255., 255.]), text='Continue', units='height', win=Window(...), wrapWidth=1)
11.8453 	EXP 	continue_text: autoDraw = True
11.8514 	EXP 	Created continue_text = TextStim(__class__=<class 'psychopy.visual.text.TextStim'>, alignHoriz='center', alignVert='center', antialias=True, autoLog=True, bold=False, color='white', colorSpace='named', contrast=1.0, depth=0.0, flipHoriz=False, flipVert=False, font='Arial', fontFiles=[], height=0.05, italic=False, languageStyle='LTR', name='continue_text', opacity=1.0, ori=0, pos=array([0., 0.]), rgb=array([255., 255., 255.]), text='Continue', units='height', win=Window(...), wrapWidth=1)
11.8678 	EXP 	continue_text: autoDraw = True
11.8746 	EXP 	Created continue_text = TextStim(__class__=<class 'psychopy.visual.text.TextStim'>, alignHoriz='center', alignVert='center', antialias=True, autoLog=True, bold=False, color='white', colorSpace='named', contrast=1.0, depth=0.0, flipHoriz=False, flipVert=False, font='Arial', fontFiles=[], height=0.05, italic=False, languageStyle='LTR', name='continue_text', opacity=1.0, ori=0, pos=array([0., 0.]), rgb=array([255., 255., 255.]), text='Continue', units='height', win=Window(...), wrapWidth=1)
11.8903 	EXP 	continue_text: autoDraw = True
11.8962 	EXP 	Created continue_text = TextStim(__class__=<class 'psychopy.visual.text.TextStim'>, alignHoriz='center', alignVert='center', antialias=True, autoLog=True, bold=False, color='white', colorSpace='named', contrast=1.0, depth=0.0, flipHoriz=False, flipVert=False, font='Arial', fontFiles=[], height=0.05, italic=False, languageStyle='LTR', name='continue_text', opacity=1.0, ori=0, pos=array([0., 0.]), rgb=array([255., 255., 255.]), text='Continue', units='height', win=Window(...), wrapWidth=1)
11.9142 	EXP 	continue_text: autoDraw = True
11.9201 	EXP 	Created continue_text = TextStim(__class__=<class 'psychopy.visual.text.TextStim'>, alignHoriz='center', alignVert='center', antialias=True, autoLog=True, bold=False, color='white', colorSpace='named', contrast=1.0, depth=0.0, flipHoriz=False, flipVert=False, font='Arial', fontFiles=[], height=0.05, italic=False, languageStyle='LTR', name='continue_text', opacity=1.0, ori=0, pos=array([0., 0.]), rgb=array([255., 255., 255.]), text='Continue', units='height', win=Window(...), wrapWidth=1)
11.9361 	EXP 	continue_text: autoDraw = True
11.9429 	EXP 	Created continue_text = TextStim(__class__=<class 'psychopy.visual.text.TextStim'>, alignHoriz='center', alignVert='center', antialias=True, autoLog=True, bold=False, color='white', colorSpace='named', contrast=1.0, depth=0.0, flipHoriz=False, flipVert=False, font='Arial', fontFiles=[], height=0.05, italic=False, languageStyle='LTR', name='continue_text', opacity=1.0, ori=0, pos=array([0., 0.]), rgb=array([255., 255., 255.]), text='Continue', units='height', win=Window(...), wrapWidth=1)
11.9598 	EXP 	continue_text: autoDraw = True
11.9669 	EXP 	Created continue_text = TextStim(__class__=<class 'psychopy.visual.text.TextStim'>, alignHoriz='center', alignVert='center', antialias=True, autoLog=True, bold=False, color='white', colorSpace='named', contrast=1.0, depth=0.0, flipHoriz=False, flipVert=False, font='Arial', fontFiles=[], height=0.05, italic=False, languageStyle='LTR', name='continue_text', opacity=1.0, ori=0, pos=array([0., 0.]), rgb=array([255., 255., 255.]), text='Continue', units='height', win=Window(...), wrapWidth=1)
11.9850 	EXP 	continue_text: autoDraw = True
11.9916 	EXP 	Created continue_text = TextStim(__class__=<class 'psychopy.visual.text.TextStim'>, alignHoriz='center', alignVert='center', antialias=True, autoLog=True, bold=False, color='white', colorSpace='named', contrast=1.0, depth=0.0, flipHoriz=False, flipVert=False, font='Arial', fontFiles=[], height=0.05, italic=False, languageStyle='LTR', name='continue_text', opacity=1.0, ori=0, pos=array([0., 0.]), rgb=array([255., 255., 255.]), text='Continue', units='height', win=Window(...), wrapWidth=1)
12.0100 	EXP 	continue_text: autoDraw = True
12.0173 	EXP 	Created continue_text = TextStim(__class__=<class 'psychopy.visual.text.TextStim'>, alignHoriz='center', alignVert='center', antialias=True, autoLog=True, bold=False, color='white', colorSpace='named', contrast=1.0, depth=0.0, flipHoriz=False, flipVert=False, font='Arial', fontFiles=[], height=0.05, italic=False, languageStyle='LTR', name='continue_text', opacity=1.0, ori=0, pos=array([0., 0.]), rgb=array([255., 255., 255.]), text='Continue', units='height', win=Window(...), wrapWidth=1)
12.0399 	EXP 	continue_text: autoDraw = True
12.0501 	EXP 	Created continue_text = TextStim(__class__=<class 'psychopy.visual.text.TextStim'>, alignHoriz='center', alignVert='center', antialias=True, autoLog=True, bold=False, color='white', colorSpace='named', contrast=1.0, depth=0.0, flipHoriz=False, flipVert=False, font='Arial', fontFiles=[], height=0.05, italic=False, languageStyle='LTR', name='continue_text', opacity=1.0, ori=0, pos=array([0., 0.]), rgb=array([255., 255., 255.]), text='Continue', units='height', win=Window(...), wrapWidth=1)
12.0747 	EXP 	continue_text: autoDraw = True
12.0840 	EXP 	Created continue_text = TextStim(__class__=<class 'psychopy.visual.text.TextStim'>, alignHoriz='center', alignVert='center', antialias=True, autoLog=True, bold=False, color='white', colorSpace='named', contrast=1.0, depth=0.0, flipHoriz=False, flipVert=False, font='Arial', fontFiles=[], height=0.05, italic=False, languageStyle='LTR', name='continue_text', opacity=1.0, ori=0, pos=array([0., 0.]), rgb=array([255., 255., 255.]), text='Continue', units='height', win=Window(...), wrapWidth=1)
12.1082 	EXP 	continue_text: autoDraw = True
12.1173 	EXP 	Created continue_text = TextStim(__class__=<class 'psychopy.visual.text.TextStim'>, alignHoriz='center', alignVert='center', antialias=True, autoLog=True, bold=False, color='white', colorSpace='named', contrast=1.0, depth=0.0, flipHoriz=False, flipVert=False, font='Arial', fontFiles=[], height=0.05, italic=False, languageStyle='LTR', name='continue_text', opacity=1.0, ori=0, pos=array([0., 0.]), rgb=array([255., 255., 255.]), text='Continue', units='height', win=Window(...), wrapWidth=1)
12.1440 	EXP 	continue_text: autoDraw = True
12.1559 	EXP 	Created continue_text = TextStim(__class__=<class 'psychopy.visual.text.TextStim'>, alignHoriz='center', alignVert='center', antialias=True, autoLog=True, bold=False, color='white', colorSpace='named', contrast=1.0, depth=0.0, flipHoriz=False, flipVert=False, font='Arial', fontFiles=[], height=0.05, italic=False, languageStyle='LTR', name='continue_text', opacity=1.0, ori=0, pos=array([0., 0.]), rgb=array([255., 255., 255.]), text='Continue', units='height', win=Window(...), wrapWidth=1)
12.1830 	EXP 	continue_text: autoDraw = True
12.1958 	EXP 	Created continue_text = TextStim(__class__=<class 'psychopy.visual.text.TextStim'>, alignHoriz='center', alignVert='center', antialias=True, autoLog=True, bold=False, color='white', colorSpace='named', contrast=1.0, depth=0.0, flipHoriz=False, flipVert=False, font='Arial', fontFiles=[], height=0.05, italic=False, languageStyle='LTR', name='continue_text', opacity=1.0, ori=0, pos=array([0., 0.]), rgb=array([255., 255., 255.]), text='Continue', units='height', win=Window(...), wrapWidth=1)
12.2240 	EXP 	continue_text: autoDraw = True
12.2377 	EXP 	Created continue_text = TextStim(__class__=<class 'psychopy.visual.text.TextStim'>, alignHoriz='center', alignVert='center', antialias=True, autoLog=True, bold=False, color='white', colorSpace='named', contrast=1.0, depth=0.0, flipHoriz=False, flipVert=False, font='Arial', fontFiles=[], height=0.05, italic=False, languageStyle='LTR', name='continue_text', opacity=1.0, ori=0, pos=array([0., 0.]), rgb=array([255., 255., 255.]), text='Continue', units='height', win=Window(...), wrapWidth=1)
12.2663 	EXP 	continue_text: autoDraw = True
12.2789 	EXP 	Created continue_text = TextStim(__class__=<class 'psychopy.visual.text.TextStim'>, alignHoriz='center', alignVert='center', antialias=True, autoLog=True, bold=False, color='white', colorSpace='named', contrast=1.0, depth=0.0, flipHoriz=False, flipVert=False, font='Arial', fontFiles=[], height=0.05, italic=False, languageStyle='LTR', name='continue_text', opacity=1.0, ori=0, pos=array([0., 0.]), rgb=array([255., 255., 255.]), text='Continue', units='height', win=Window(...), wrapWidth=1)
12.3072 	EXP 	continue_text: autoDraw = True
12.3184 	EXP 	Created continue_text = TextStim(__class__=<class 'psychopy.visual.text.TextStim'>, alignHoriz='center', alignVert='center', antialias=True, autoLog=True, bold=False, color='white', colorSpace='named', contrast=1.0, depth=0.0, flipHoriz=False, flipVert=False, font='Arial', fontFiles=[], height=0.05, italic=False, languageStyle='LTR', name='continue_text', opacity=1.0, ori=0, pos=array([0., 0.]), rgb=array([255., 255., 255.]), text='Continue', units='height', win=Window(...), wrapWidth=1)
12.3489 	EXP 	continue_text: autoDraw = True
12.3620 	EXP 	Created continue_text = TextStim(__class__=<class 'psychopy.visual.text.TextStim'>, alignHoriz='center', alignVert='center', antialias=True, autoLog=True, bold=False, color='white', colorSpace='named', contrast=1.0, depth=0.0, flipHoriz=False, flipVert=False, font='Arial', fontFiles=[], height=0.05, italic=False, languageStyle='LTR', name='continue_text', opacity=1.0, ori=0, pos=array([0., 0.]), rgb=array([255., 255., 255.]), text='Continue', units='height', win=Window(...), wrapWidth=1)
12.3922 	EXP 	continue_text: autoDraw = True
12.4008 	EXP 	Created continue_text = TextStim(__class__=<class 'psychopy.visual.text.TextStim'>, alignHoriz='center', alignVert='center', antialias=True, autoLog=True, bold=False, color='white', colorSpace='named', contrast=1.0, depth=0.0, flipHoriz=False, flipVert=False, font='Arial', fontFiles=[], height=0.05, italic=False, languageStyle='LTR', name='continue_text', opacity=1.0, ori=0, pos=array([0., 0.]), rgb=array([255., 255., 255.]), text='Continue', units='height', win=Window(...), wrapWidth=1)
12.4257 	EXP 	continue_text: autoDraw = True
12.4345 	EXP 	Created continue_text = TextStim(__class__=<class 'psychopy.visual.text.TextStim'>, alignHoriz='center', alignVert='center', antialias=True, autoLog=True, bold=False, color='white', colorSpace='named', contrast=1.0, depth=0.0, flipHoriz=False, flipVert=False, font='Arial', fontFiles=[], height=0.05, italic=False, languageStyle='LTR', name='continue_text', opacity=1.0, ori=0, pos=array([0., 0.]), rgb=array([255., 255., 255.]), text='Continue', units='height', win=Window(...), wrapWidth=1)
12.4609 	EXP 	continue_text: autoDraw = True
12.4695 	EXP 	Created continue_text = TextStim(__class__=<class 'psychopy.visual.text.TextStim'>, alignHoriz='center', alignVert='center', antialias=True, autoLog=True, bold=False, color='white', colorSpace='named', contrast=1.0, depth=0.0, flipHoriz=False, flipVert=False, font='Arial', fontFiles=[], height=0.05, italic=False, languageStyle='LTR', name='continue_text', opacity=1.0, ori=0, pos=array([0., 0.]), rgb=array([255., 255., 255.]), text='Continue', units='height', win=Window(...), wrapWidth=1)
12.4885 	DATA 	Mouse: Left button down, pos=(974,520)
12.4973 	EXP 	continue_text: autoDraw = True
12.5108 	EXP 	Created continue_text = TextStim(__class__=<class 'psychopy.visual.text.TextStim'>, alignHoriz='center', alignVert='center', antialias=True, autoLog=True, bold=False, color='white', colorSpace='named', contrast=1.0, depth=0.0, flipHoriz=False, flipVert=False, font='Arial', fontFiles=[], height=0.05, italic=False, languageStyle='LTR', name='continue_text', opacity=1.0, ori=0, pos=array([0., 0.]), rgb=array([255., 255., 255.]), text='Continue', units='height', win=Window(...), wrapWidth=1)
12.5276 	EXP 	New trial (rep=0, index=1): OrderedDict([('this_trial', 1), ('tangram_set', 1)])
12.5416 	EXP 	Created continue_text = TextStim(__class__=<class 'psychopy.visual.text.TextStim'>, alignHoriz='center', alignVert='center', antialias=True, autoLog=True, bold=False, color='white', colorSpace='named', contrast=1.0, depth=0.0, flipHoriz=False, flipVert=False, font='Arial', fontFiles=[], height=0.05, italic=False, languageStyle='LTR', name='continue_text', opacity=1.0, ori=0, pos=array([0., 0.]), rgb=array([255., 255., 255.]), text='Continue', units='height', win=Window(...), wrapWidth=1)
12.5729 	EXP 	continue_text: autoDraw = True
12.5729 	EXP 	one: autoDraw = False
12.5729 	EXP 	two: autoDraw = False
12.5729 	EXP 	three: autoDraw = False
12.5729 	EXP 	seven: autoDraw = False
12.5729 	EXP 	eight: autoDraw = False
12.5729 	EXP 	nine: autoDraw = False
12.5729 	EXP 	four: autoDraw = False
12.5729 	EXP 	five: autoDraw = False
12.5729 	EXP 	six: autoDraw = False
12.5729 	EXP 	ten: autoDraw = False
12.5729 	EXP 	eleven: autoDraw = False
12.5729 	EXP 	twelve: autoDraw = False
12.5729 	EXP 	gram01: autoDraw = False
12.5729 	EXP 	gram02: autoDraw = False
12.5729 	EXP 	gram03: autoDraw = False
12.5729 	EXP 	gram04: autoDraw = False
12.5729 	EXP 	gram05: autoDraw = False
12.5729 	EXP 	gram06: autoDraw = False
12.5729 	EXP 	gram07: autoDraw = False
12.5729 	EXP 	gram08: autoDraw = False
12.5729 	EXP 	gram09: autoDraw = False
12.5729 	EXP 	gram10: autoDraw = False
12.5729 	EXP 	gram11: autoDraw = False
12.5729 	EXP 	gram12: autoDraw = False
12.5729 	EXP 	easy_succ: autoDraw = False
12.5729 	EXP 	one: autoDraw = True
12.5729 	EXP 	two: autoDraw = True
12.5729 	EXP 	three: autoDraw = True
12.5729 	EXP 	seven: autoDraw = True
12.5729 	EXP 	eight: autoDraw = True
12.5729 	EXP 	nine: autoDraw = True
12.5729 	EXP 	four: autoDraw = True
12.5729 	EXP 	five: autoDraw = True
12.5729 	EXP 	six: autoDraw = True
12.5729 	EXP 	ten: autoDraw = True
12.5729 	EXP 	eleven: autoDraw = True
12.5729 	EXP 	twelve: autoDraw = True
12.5729 	EXP 	continue_text: autoDraw = True
12.5729 	EXP 	gram01: autoDraw = True
12.5729 	EXP 	gram02: autoDraw = True
12.5729 	EXP 	gram03: autoDraw = True
12.5729 	EXP 	gram04: autoDraw = True
12.5729 	EXP 	gram05: autoDraw = True
12.5729 	EXP 	gram06: autoDraw = True
12.5729 	EXP 	gram07: autoDraw = True
12.5729 	EXP 	gram08: autoDraw = True
12.5729 	EXP 	gram09: autoDraw = True
12.5729 	EXP 	gram10: autoDraw = True
12.5729 	EXP 	gram11: autoDraw = True
12.5729 	EXP 	gram12: autoDraw = True
12.5729 	EXP 	easy_succ: autoDraw = True
12.5861 	EXP 	Created continue_text = TextStim(__class__=<class 'psychopy.visual.text.TextStim'>, alignHoriz='center', alignVert='center', antialias=True, autoLog=True, bold=False, color='white', colorSpace='named', contrast=1.0, depth=0.0, flipHoriz=False, flipVert=False, font='Arial', fontFiles=[], height=0.05, italic=False, languageStyle='LTR', name='continue_text', opacity=1.0, ori=0, pos=array([0., 0.]), rgb=array([255., 255., 255.]), text='Continue', units='height', win=Window(...), wrapWidth=1)
12.6092 	DATA 	Mouse:  Left button up, pos=(974,520)
12.6177 	EXP 	continue_text: autoDraw = True
12.6288 	EXP 	Created continue_text = TextStim(__class__=<class 'psychopy.visual.text.TextStim'>, alignHoriz='center', alignVert='center', antialias=True, autoLog=True, bold=False, color='white', colorSpace='named', contrast=1.0, depth=0.0, flipHoriz=False, flipVert=False, font='Arial', fontFiles=[], height=0.05, italic=False, languageStyle='LTR', name='continue_text', opacity=1.0, ori=0, pos=array([0., 0.]), rgb=array([255., 255., 255.]), text='Continue', units='height', win=Window(...), wrapWidth=1)
12.6600 	EXP 	continue_text: autoDraw = True
12.6704 	EXP 	Created continue_text = TextStim(__class__=<class 'psychopy.visual.text.TextStim'>, alignHoriz='center', alignVert='center', antialias=True, autoLog=True, bold=False, color='white', colorSpace='named', contrast=1.0, depth=0.0, flipHoriz=False, flipVert=False, font='Arial', fontFiles=[], height=0.05, italic=False, languageStyle='LTR', name='continue_text', opacity=1.0, ori=0, pos=array([0., 0.]), rgb=array([255., 255., 255.]), text='Continue', units='height', win=Window(...), wrapWidth=1)
12.7024 	EXP 	continue_text: autoDraw = True
12.7134 	EXP 	Created continue_text = TextStim(__class__=<class 'psychopy.visual.text.TextStim'>, alignHoriz='center', alignVert='center', antialias=True, autoLog=True, bold=False, color='white', colorSpace='named', contrast=1.0, depth=0.0, flipHoriz=False, flipVert=False, font='Arial', fontFiles=[], height=0.05, italic=False, languageStyle='LTR', name='continue_text', opacity=1.0, ori=0, pos=array([0., 0.]), rgb=array([255., 255., 255.]), text='Continue', units='height', win=Window(...), wrapWidth=1)
12.7504 	EXP 	continue_text: autoDraw = True
12.7654 	EXP 	Created continue_text = TextStim(__class__=<class 'psychopy.visual.text.TextStim'>, alignHoriz='center', alignVert='center', antialias=True, autoLog=True, bold=False, color='white', colorSpace='named', contrast=1.0, depth=0.0, flipHoriz=False, flipVert=False, font='Arial', fontFiles=[], height=0.05, italic=False, languageStyle='LTR', name='continue_text', opacity=1.0, ori=0, pos=array([0., 0.]), rgb=array([255., 255., 255.]), text='Continue', units='height', win=Window(...), wrapWidth=1)
12.8041 	EXP 	continue_text: autoDraw = True
12.8188 	EXP 	Created continue_text = TextStim(__class__=<class 'psychopy.visual.text.TextStim'>, alignHoriz='center', alignVert='center', antialias=True, autoLog=True, bold=False, color='white', colorSpace='named', contrast=1.0, depth=0.0, flipHoriz=False, flipVert=False, font='Arial', fontFiles=[], height=0.05, italic=False, languageStyle='LTR', name='continue_text', opacity=1.0, ori=0, pos=array([0., 0.]), rgb=array([255., 255., 255.]), text='Continue', units='height', win=Window(...), wrapWidth=1)
12.8604 	EXP 	continue_text: autoDraw = True
12.8754 	EXP 	Created continue_text = TextStim(__class__=<class 'psychopy.visual.text.TextStim'>, alignHoriz='center', alignVert='center', antialias=True, autoLog=True, bold=False, color='white', colorSpace='named', contrast=1.0, depth=0.0, flipHoriz=False, flipVert=False, font='Arial', fontFiles=[], height=0.05, italic=False, languageStyle='LTR', name='continue_text', opacity=1.0, ori=0, pos=array([0., 0.]), rgb=array([255., 255., 255.]), text='Continue', units='height', win=Window(...), wrapWidth=1)
12.9163 	EXP 	continue_text: autoDraw = True
12.9174 	DATA 	Mouse: Left button down, pos=(921,545)
12.9305 	EXP 	Created continue_text = TextStim(__class__=<class 'psychopy.visual.text.TextStim'>, alignHoriz='center', alignVert='center', antialias=True, autoLog=True, bold=False, color='white', colorSpace='named', contrast=1.0, depth=0.0, flipHoriz=False, flipVert=False, font='Arial', fontFiles=[], height=0.05, italic=False, languageStyle='LTR', name='continue_text', opacity=1.0, ori=0, pos=array([0., 0.]), rgb=array([255., 255., 255.]), text='Continue', units='height', win=Window(...), wrapWidth=1)
12.9389 	EXP 	New trial (rep=0, index=2): OrderedDict([('this_trial', 2), ('tangram_set', 1)])
12.9468 	EXP 	Created continue_text = TextStim(__class__=<class 'psychopy.visual.text.TextStim'>, alignHoriz='center', alignVert='center', antialias=True, autoLog=True, bold=False, color='white', colorSpace='named', contrast=1.0, depth=0.0, flipHoriz=False, flipVert=False, font='Arial', fontFiles=[], height=0.05, italic=False, languageStyle='LTR', name='continue_text', opacity=1.0, ori=0, pos=array([0., 0.]), rgb=array([255., 255., 255.]), text='Continue', units='height', win=Window(...), wrapWidth=1)
12.9692 	EXP 	continue_text: autoDraw = True
12.9692 	EXP 	one: autoDraw = False
12.9692 	EXP 	two: autoDraw = False
12.9692 	EXP 	three: autoDraw = False
12.9692 	EXP 	seven: autoDraw = False
12.9692 	EXP 	eight: autoDraw = False
12.9692 	EXP 	nine: autoDraw = False
12.9692 	EXP 	four: autoDraw = False
12.9692 	EXP 	five: autoDraw = False
12.9692 	EXP 	six: autoDraw = False
12.9692 	EXP 	ten: autoDraw = False
12.9692 	EXP 	eleven: autoDraw = False
12.9692 	EXP 	twelve: autoDraw = False
12.9692 	EXP 	gram01: autoDraw = False
12.9692 	EXP 	gram02: autoDraw = False
12.9692 	EXP 	gram03: autoDraw = False
12.9692 	EXP 	gram04: autoDraw = False
12.9692 	EXP 	gram05: autoDraw = False
12.9692 	EXP 	gram06: autoDraw = False
12.9692 	EXP 	gram07: autoDraw = False
12.9692 	EXP 	gram08: autoDraw = False
12.9692 	EXP 	gram09: autoDraw = False
12.9692 	EXP 	gram10: autoDraw = False
12.9692 	EXP 	gram11: autoDraw = False
12.9692 	EXP 	gram12: autoDraw = False
12.9692 	EXP 	easy_succ: autoDraw = False
12.9692 	EXP 	one: autoDraw = True
12.9692 	EXP 	two: autoDraw = True
12.9692 	EXP 	three: autoDraw = True
12.9692 	EXP 	seven: autoDraw = True
12.9692 	EXP 	eight: autoDraw = True
12.9692 	EXP 	nine: autoDraw = True
12.9692 	EXP 	four: autoDraw = True
12.9692 	EXP 	five: autoDraw = True
12.9692 	EXP 	six: autoDraw = True
12.9692 	EXP 	ten: autoDraw = True
12.9692 	EXP 	eleven: autoDraw = True
12.9692 	EXP 	twelve: autoDraw = True
12.9692 	EXP 	continue_text: autoDraw = True
12.9692 	EXP 	gram01: autoDraw = True
12.9692 	EXP 	gram02: autoDraw = True
12.9692 	EXP 	gram03: autoDraw = True
12.9692 	EXP 	gram04: autoDraw = True
12.9692 	EXP 	gram05: autoDraw = True
12.9692 	EXP 	gram06: autoDraw = True
12.9692 	EXP 	gram07: autoDraw = True
12.9692 	EXP 	gram08: autoDraw = True
12.9692 	EXP 	gram09: autoDraw = True
12.9692 	EXP 	gram10: autoDraw = True
12.9692 	EXP 	gram11: autoDraw = True
12.9692 	EXP 	gram12: autoDraw = True
12.9692 	EXP 	easy_succ: autoDraw = True
12.9772 	EXP 	Created continue_text = TextStim(__class__=<class 'psychopy.visual.text.TextStim'>, alignHoriz='center', alignVert='center', antialias=True, autoLog=True, bold=False, color='white', colorSpace='named', contrast=1.0, depth=0.0, flipHoriz=False, flipVert=False, font='Arial', fontFiles=[], height=0.05, italic=False, languageStyle='LTR', name='continue_text', opacity=1.0, ori=0, pos=array([0., 0.]), rgb=array([255., 255., 255.]), text='Continue', units='height', win=Window(...), wrapWidth=1)
12.9999 	EXP 	continue_text: autoDraw = True
13.0007 	DATA 	Mouse:  Left button up, pos=(921,545)
13.0068 	EXP 	Created continue_text = TextStim(__class__=<class 'psychopy.visual.text.TextStim'>, alignHoriz='center', alignVert='center', antialias=True, autoLog=True, bold=False, color='white', colorSpace='named', contrast=1.0, depth=0.0, flipHoriz=False, flipVert=False, font='Arial', fontFiles=[], height=0.05, italic=False, languageStyle='LTR', name='continue_text', opacity=1.0, ori=0, pos=array([0., 0.]), rgb=array([255., 255., 255.]), text='Continue', units='height', win=Window(...), wrapWidth=1)
13.0297 	EXP 	continue_text: autoDraw = True
13.0354 	EXP 	Created continue_text = TextStim(__class__=<class 'psychopy.visual.text.TextStim'>, alignHoriz='center', alignVert='center', antialias=True, autoLog=True, bold=False, color='white', colorSpace='named', contrast=1.0, depth=0.0, flipHoriz=False, flipVert=False, font='Arial', fontFiles=[], height=0.05, italic=False, languageStyle='LTR', name='continue_text', opacity=1.0, ori=0, pos=array([0., 0.]), rgb=array([255., 255., 255.]), text='Continue', units='height', win=Window(...), wrapWidth=1)
13.0590 	EXP 	continue_text: autoDraw = True
13.0656 	EXP 	Created continue_text = TextStim(__class__=<class 'psychopy.visual.text.TextStim'>, alignHoriz='center', alignVert='center', antialias=True, autoLog=True, bold=False, color='white', colorSpace='named', contrast=1.0, depth=0.0, flipHoriz=False, flipVert=False, font='Arial', fontFiles=[], height=0.05, italic=False, languageStyle='LTR', name='continue_text', opacity=1.0, ori=0, pos=array([0., 0.]), rgb=array([255., 255., 255.]), text='Continue', units='height', win=Window(...), wrapWidth=1)
13.0898 	EXP 	continue_text: autoDraw = True
13.0955 	EXP 	Created continue_text = TextStim(__class__=<class 'psychopy.visual.text.TextStim'>, alignHoriz='center', alignVert='center', antialias=True, autoLog=True, bold=False, color='white', colorSpace='named', contrast=1.0, depth=0.0, flipHoriz=False, flipVert=False, font='Arial', fontFiles=[], height=0.05, italic=False, languageStyle='LTR', name='continue_text', opacity=1.0, ori=0, pos=array([0., 0.]), rgb=array([255., 255., 255.]), text='Continue', units='height', win=Window(...), wrapWidth=1)
13.1188 	EXP 	continue_text: autoDraw = True
13.1253 	EXP 	Created continue_text = TextStim(__class__=<class 'psychopy.visual.text.TextStim'>, alignHoriz='center', alignVert='center', antialias=True, autoLog=True, bold=False, color='white', colorSpace='named', contrast=1.0, depth=0.0, flipHoriz=False, flipVert=False, font='Arial', fontFiles=[], height=0.05, italic=False, languageStyle='LTR', name='continue_text', opacity=1.0, ori=0, pos=array([0., 0.]), rgb=array([255., 255., 255.]), text='Continue', units='height', win=Window(...), wrapWidth=1)
13.1490 	EXP 	continue_text: autoDraw = True
13.1548 	EXP 	Created continue_text = TextStim(__class__=<class 'psychopy.visual.text.TextStim'>, alignHoriz='center', alignVert='center', antialias=True, autoLog=True, bold=False, color='white', colorSpace='named', contrast=1.0, depth=0.0, flipHoriz=False, flipVert=False, font='Arial', fontFiles=[], height=0.05, italic=False, languageStyle='LTR', name='continue_text', opacity=1.0, ori=0, pos=array([0., 0.]), rgb=array([255., 255., 255.]), text='Continue', units='height', win=Window(...), wrapWidth=1)
13.1813 	EXP 	continue_text: autoDraw = True
13.1870 	EXP 	Created continue_text = TextStim(__class__=<class 'psychopy.visual.text.TextStim'>, alignHoriz='center', alignVert='center', antialias=True, autoLog=True, bold=False, color='white', colorSpace='named', contrast=1.0, depth=0.0, flipHoriz=False, flipVert=False, font='Arial', fontFiles=[], height=0.05, italic=False, languageStyle='LTR', name='continue_text', opacity=1.0, ori=0, pos=array([0., 0.]), rgb=array([255., 255., 255.]), text='Continue', units='height', win=Window(...), wrapWidth=1)
13.2113 	EXP 	continue_text: autoDraw = True
13.2171 	EXP 	Created continue_text = TextStim(__class__=<class 'psychopy.visual.text.TextStim'>, alignHoriz='center', alignVert='center', antialias=True, autoLog=True, bold=False, color='white', colorSpace='named', contrast=1.0, depth=0.0, flipHoriz=False, flipVert=False, font='Arial', fontFiles=[], height=0.05, italic=False, languageStyle='LTR', name='continue_text', opacity=1.0, ori=0, pos=array([0., 0.]), rgb=array([255., 255., 255.]), text='Continue', units='height', win=Window(...), wrapWidth=1)
13.2420 	EXP 	continue_text: autoDraw = True
13.2478 	EXP 	Created continue_text = TextStim(__class__=<class 'psychopy.visual.text.TextStim'>, alignHoriz='center', alignVert='center', antialias=True, autoLog=True, bold=False, color='white', colorSpace='named', contrast=1.0, depth=0.0, flipHoriz=False, flipVert=False, font='Arial', fontFiles=[], height=0.05, italic=False, languageStyle='LTR', name='continue_text', opacity=1.0, ori=0, pos=array([0., 0.]), rgb=array([255., 255., 255.]), text='Continue', units='height', win=Window(...), wrapWidth=1)
13.2736 	EXP 	continue_text: autoDraw = True
13.2794 	EXP 	Created continue_text = TextStim(__class__=<class 'psychopy.visual.text.TextStim'>, alignHoriz='center', alignVert='center', antialias=True, autoLog=True, bold=False, color='white', colorSpace='named', contrast=1.0, depth=0.0, flipHoriz=False, flipVert=False, font='Arial', fontFiles=[], height=0.05, italic=False, languageStyle='LTR', name='continue_text', opacity=1.0, ori=0, pos=array([0., 0.]), rgb=array([255., 255., 255.]), text='Continue', units='height', win=Window(...), wrapWidth=1)
13.3051 	EXP 	continue_text: autoDraw = True
13.3108 	EXP 	Created continue_text = TextStim(__class__=<class 'psychopy.visual.text.TextStim'>, alignHoriz='center', alignVert='center', antialias=True, autoLog=True, bold=False, color='white', colorSpace='named', contrast=1.0, depth=0.0, flipHoriz=False, flipVert=False, font='Arial', fontFiles=[], height=0.05, italic=False, languageStyle='LTR', name='continue_text', opacity=1.0, ori=0, pos=array([0., 0.]), rgb=array([255., 255., 255.]), text='Continue', units='height', win=Window(...), wrapWidth=1)
13.3372 	EXP 	continue_text: autoDraw = True
13.3441 	EXP 	Created continue_text = TextStim(__class__=<class 'psychopy.visual.text.TextStim'>, alignHoriz='center', alignVert='center', antialias=True, autoLog=True, bold=False, color='white', colorSpace='named', contrast=1.0, depth=0.0, flipHoriz=False, flipVert=False, font='Arial', fontFiles=[], height=0.05, italic=False, languageStyle='LTR', name='continue_text', opacity=1.0, ori=0, pos=array([0., 0.]), rgb=array([255., 255., 255.]), text='Continue', units='height', win=Window(...), wrapWidth=1)
13.3689 	EXP 	continue_text: autoDraw = True
13.3755 	EXP 	Created continue_text = TextStim(__class__=<class 'psychopy.visual.text.TextStim'>, alignHoriz='center', alignVert='center', antialias=True, autoLog=True, bold=False, color='white', colorSpace='named', contrast=1.0, depth=0.0, flipHoriz=False, flipVert=False, font='Arial', fontFiles=[], height=0.05, italic=False, languageStyle='LTR', name='continue_text', opacity=1.0, ori=0, pos=array([0., 0.]), rgb=array([255., 255., 255.]), text='Continue', units='height', win=Window(...), wrapWidth=1)
13.4010 	EXP 	continue_text: autoDraw = True
13.4074 	EXP 	Created continue_text = TextStim(__class__=<class 'psychopy.visual.text.TextStim'>, alignHoriz='center', alignVert='center', antialias=True, autoLog=True, bold=False, color='white', colorSpace='named', contrast=1.0, depth=0.0, flipHoriz=False, flipVert=False, font='Arial', fontFiles=[], height=0.05, italic=False, languageStyle='LTR', name='continue_text', opacity=1.0, ori=0, pos=array([0., 0.]), rgb=array([255., 255., 255.]), text='Continue', units='height', win=Window(...), wrapWidth=1)
13.4336 	EXP 	continue_text: autoDraw = True
13.4398 	EXP 	Created continue_text = TextStim(__class__=<class 'psychopy.visual.text.TextStim'>, alignHoriz='center', alignVert='center', antialias=True, autoLog=True, bold=False, color='white', colorSpace='named', contrast=1.0, depth=0.0, flipHoriz=False, flipVert=False, font='Arial', fontFiles=[], height=0.05, italic=False, languageStyle='LTR', name='continue_text', opacity=1.0, ori=0, pos=array([0., 0.]), rgb=array([255., 255., 255.]), text='Continue', units='height', win=Window(...), wrapWidth=1)
13.4654 	EXP 	continue_text: autoDraw = True
13.4713 	EXP 	Created continue_text = TextStim(__class__=<class 'psychopy.visual.text.TextStim'>, alignHoriz='center', alignVert='center', antialias=True, autoLog=True, bold=False, color='white', colorSpace='named', contrast=1.0, depth=0.0, flipHoriz=False, flipVert=False, font='Arial', fontFiles=[], height=0.05, italic=False, languageStyle='LTR', name='continue_text', opacity=1.0, ori=0, pos=array([0., 0.]), rgb=array([255., 255., 255.]), text='Continue', units='height', win=Window(...), wrapWidth=1)
13.4973 	EXP 	continue_text: autoDraw = True
13.5036 	EXP 	Created continue_text = TextStim(__class__=<class 'psychopy.visual.text.TextStim'>, alignHoriz='center', alignVert='center', antialias=True, autoLog=True, bold=False, color='white', colorSpace='named', contrast=1.0, depth=0.0, flipHoriz=False, flipVert=False, font='Arial', fontFiles=[], height=0.05, italic=False, languageStyle='LTR', name='continue_text', opacity=1.0, ori=0, pos=array([0., 0.]), rgb=array([255., 255., 255.]), text='Continue', units='height', win=Window(...), wrapWidth=1)
13.5298 	EXP 	continue_text: autoDraw = True
13.5358 	EXP 	Created continue_text = TextStim(__class__=<class 'psychopy.visual.text.TextStim'>, alignHoriz='center', alignVert='center', antialias=True, autoLog=True, bold=False, color='white', colorSpace='named', contrast=1.0, depth=0.0, flipHoriz=False, flipVert=False, font='Arial', fontFiles=[], height=0.05, italic=False, languageStyle='LTR', name='continue_text', opacity=1.0, ori=0, pos=array([0., 0.]), rgb=array([255., 255., 255.]), text='Continue', units='height', win=Window(...), wrapWidth=1)
13.5626 	EXP 	continue_text: autoDraw = True
13.5686 	EXP 	Created continue_text = TextStim(__class__=<class 'psychopy.visual.text.TextStim'>, alignHoriz='center', alignVert='center', antialias=True, autoLog=True, bold=False, color='white', colorSpace='named', contrast=1.0, depth=0.0, flipHoriz=False, flipVert=False, font='Arial', fontFiles=[], height=0.05, italic=False, languageStyle='LTR', name='continue_text', opacity=1.0, ori=0, pos=array([0., 0.]), rgb=array([255., 255., 255.]), text='Continue', units='height', win=Window(...), wrapWidth=1)
13.5953 	EXP 	continue_text: autoDraw = True
13.6012 	EXP 	Created continue_text = TextStim(__class__=<class 'psychopy.visual.text.TextStim'>, alignHoriz='center', alignVert='center', antialias=True, autoLog=True, bold=False, color='white', colorSpace='named', contrast=1.0, depth=0.0, flipHoriz=False, flipVert=False, font='Arial', fontFiles=[], height=0.05, italic=False, languageStyle='LTR', name='continue_text', opacity=1.0, ori=0, pos=array([0., 0.]), rgb=array([255., 255., 255.]), text='Continue', units='height', win=Window(...), wrapWidth=1)
13.6303 	EXP 	continue_text: autoDraw = True
13.6402 	EXP 	Created continue_text = TextStim(__class__=<class 'psychopy.visual.text.TextStim'>, alignHoriz='center', alignVert='center', antialias=True, autoLog=True, bold=False, color='white', colorSpace='named', contrast=1.0, depth=0.0, flipHoriz=False, flipVert=False, font='Arial', fontFiles=[], height=0.05, italic=False, languageStyle='LTR', name='continue_text', opacity=1.0, ori=0, pos=array([0., 0.]), rgb=array([255., 255., 255.]), text='Continue', units='height', win=Window(...), wrapWidth=1)
13.6679 	EXP 	continue_text: autoDraw = True
13.6750 	EXP 	Created continue_text = TextStim(__class__=<class 'psychopy.visual.text.TextStim'>, alignHoriz='center', alignVert='center', antialias=True, autoLog=True, bold=False, color='white', colorSpace='named', contrast=1.0, depth=0.0, flipHoriz=False, flipVert=False, font='Arial', fontFiles=[], height=0.05, italic=False, languageStyle='LTR', name='continue_text', opacity=1.0, ori=0, pos=array([0., 0.]), rgb=array([255., 255., 255.]), text='Continue', units='height', win=Window(...), wrapWidth=1)
13.7040 	EXP 	continue_text: autoDraw = True
13.7110 	EXP 	Created continue_text = TextStim(__class__=<class 'psychopy.visual.text.TextStim'>, alignHoriz='center', alignVert='center', antialias=True, autoLog=True, bold=False, color='white', colorSpace='named', contrast=1.0, depth=0.0, flipHoriz=False, flipVert=False, font='Arial', fontFiles=[], height=0.05, italic=False, languageStyle='LTR', name='continue_text', opacity=1.0, ori=0, pos=array([0., 0.]), rgb=array([255., 255., 255.]), text='Continue', units='height', win=Window(...), wrapWidth=1)
13.7385 	EXP 	continue_text: autoDraw = True
13.7449 	EXP 	Created continue_text = TextStim(__class__=<class 'psychopy.visual.text.TextStim'>, alignHoriz='center', alignVert='center', antialias=True, autoLog=True, bold=False, color='white', colorSpace='named', contrast=1.0, depth=0.0, flipHoriz=False, flipVert=False, font='Arial', fontFiles=[], height=0.05, italic=False, languageStyle='LTR', name='continue_text', opacity=1.0, ori=0, pos=array([0., 0.]), rgb=array([255., 255., 255.]), text='Continue', units='height', win=Window(...), wrapWidth=1)
13.7724 	EXP 	continue_text: autoDraw = True
13.7786 	EXP 	Created continue_text = TextStim(__class__=<class 'psychopy.visual.text.TextStim'>, alignHoriz='center', alignVert='center', antialias=True, autoLog=True, bold=False, color='white', colorSpace='named', contrast=1.0, depth=0.0, flipHoriz=False, flipVert=False, font='Arial', fontFiles=[], height=0.05, italic=False, languageStyle='LTR', name='continue_text', opacity=1.0, ori=0, pos=array([0., 0.]), rgb=array([255., 255., 255.]), text='Continue', units='height', win=Window(...), wrapWidth=1)
13.8061 	EXP 	continue_text: autoDraw = True
13.8119 	EXP 	Created continue_text = TextStim(__class__=<class 'psychopy.visual.text.TextStim'>, alignHoriz='center', alignVert='center', antialias=True, autoLog=True, bold=False, color='white', colorSpace='named', contrast=1.0, depth=0.0, flipHoriz=False, flipVert=False, font='Arial', fontFiles=[], height=0.05, italic=False, languageStyle='LTR', name='continue_text', opacity=1.0, ori=0, pos=array([0., 0.]), rgb=array([255., 255., 255.]), text='Continue', units='height', win=Window(...), wrapWidth=1)
13.8392 	EXP 	continue_text: autoDraw = True
13.8455 	EXP 	Created continue_text = TextStim(__class__=<class 'psychopy.visual.text.TextStim'>, alignHoriz='center', alignVert='center', antialias=True, autoLog=True, bold=False, color='white', colorSpace='named', contrast=1.0, depth=0.0, flipHoriz=False, flipVert=False, font='Arial', fontFiles=[], height=0.05, italic=False, languageStyle='LTR', name='continue_text', opacity=1.0, ori=0, pos=array([0., 0.]), rgb=array([255., 255., 255.]), text='Continue', units='height', win=Window(...), wrapWidth=1)
13.8793 	EXP 	continue_text: autoDraw = True
13.8872 	EXP 	Created continue_text = TextStim(__class__=<class 'psychopy.visual.text.TextStim'>, alignHoriz='center', alignVert='center', antialias=True, autoLog=True, bold=False, color='white', colorSpace='named', contrast=1.0, depth=0.0, flipHoriz=False, flipVert=False, font='Arial', fontFiles=[], height=0.05, italic=False, languageStyle='LTR', name='continue_text', opacity=1.0, ori=0, pos=array([0., 0.]), rgb=array([255., 255., 255.]), text='Continue', units='height', win=Window(...), wrapWidth=1)
13.9234 	EXP 	continue_text: autoDraw = True
13.9291 	EXP 	Created continue_text = TextStim(__class__=<class 'psychopy.visual.text.TextStim'>, alignHoriz='center', alignVert='center', antialias=True, autoLog=True, bold=False, color='white', colorSpace='named', contrast=1.0, depth=0.0, flipHoriz=False, flipVert=False, font='Arial', fontFiles=[], height=0.05, italic=False, languageStyle='LTR', name='continue_text', opacity=1.0, ori=0, pos=array([0., 0.]), rgb=array([255., 255., 255.]), text='Continue', units='height', win=Window(...), wrapWidth=1)
13.9576 	EXP 	continue_text: autoDraw = True
13.9636 	EXP 	Created continue_text = TextStim(__class__=<class 'psychopy.visual.text.TextStim'>, alignHoriz='center', alignVert='center', antialias=True, autoLog=True, bold=False, color='white', colorSpace='named', contrast=1.0, depth=0.0, flipHoriz=False, flipVert=False, font='Arial', fontFiles=[], height=0.05, italic=False, languageStyle='LTR', name='continue_text', opacity=1.0, ori=0, pos=array([0., 0.]), rgb=array([255., 255., 255.]), text='Continue', units='height', win=Window(...), wrapWidth=1)
13.9912 	EXP 	continue_text: autoDraw = True
13.9971 	EXP 	Created continue_text = TextStim(__class__=<class 'psychopy.visual.text.TextStim'>, alignHoriz='center', alignVert='center', antialias=True, autoLog=True, bold=False, color='white', colorSpace='named', contrast=1.0, depth=0.0, flipHoriz=False, flipVert=False, font='Arial', fontFiles=[], height=0.05, italic=False, languageStyle='LTR', name='continue_text', opacity=1.0, ori=0, pos=array([0., 0.]), rgb=array([255., 255., 255.]), text='Continue', units='height', win=Window(...), wrapWidth=1)
14.0264 	EXP 	continue_text: autoDraw = True
14.0325 	EXP 	Created continue_text = TextStim(__class__=<class 'psychopy.visual.text.TextStim'>, alignHoriz='center', alignVert='center', antialias=True, autoLog=True, bold=False, color='white', colorSpace='named', contrast=1.0, depth=0.0, flipHoriz=False, flipVert=False, font='Arial', fontFiles=[], height=0.05, italic=False, languageStyle='LTR', name='continue_text', opacity=1.0, ori=0, pos=array([0., 0.]), rgb=array([255., 255., 255.]), text='Continue', units='height', win=Window(...), wrapWidth=1)
14.0688 	EXP 	continue_text: autoDraw = True
14.0757 	EXP 	Created continue_text = TextStim(__class__=<class 'psychopy.visual.text.TextStim'>, alignHoriz='center', alignVert='center', antialias=True, autoLog=True, bold=False, color='white', colorSpace='named', contrast=1.0, depth=0.0, flipHoriz=False, flipVert=False, font='Arial', fontFiles=[], height=0.05, italic=False, languageStyle='LTR', name='continue_text', opacity=1.0, ori=0, pos=array([0., 0.]), rgb=array([255., 255., 255.]), text='Continue', units='height', win=Window(...), wrapWidth=1)
14.1035 	EXP 	continue_text: autoDraw = True
14.1101 	EXP 	Created continue_text = TextStim(__class__=<class 'psychopy.visual.text.TextStim'>, alignHoriz='center', alignVert='center', antialias=True, autoLog=True, bold=False, color='white', colorSpace='named', contrast=1.0, depth=0.0, flipHoriz=False, flipVert=False, font='Arial', fontFiles=[], height=0.05, italic=False, languageStyle='LTR', name='continue_text', opacity=1.0, ori=0, pos=array([0., 0.]), rgb=array([255., 255., 255.]), text='Continue', units='height', win=Window(...), wrapWidth=1)
14.1383 	EXP 	continue_text: autoDraw = True
14.1450 	EXP 	Created continue_text = TextStim(__class__=<class 'psychopy.visual.text.TextStim'>, alignHoriz='center', alignVert='center', antialias=True, autoLog=True, bold=False, color='white', colorSpace='named', contrast=1.0, depth=0.0, flipHoriz=False, flipVert=False, font='Arial', fontFiles=[], height=0.05, italic=False, languageStyle='LTR', name='continue_text', opacity=1.0, ori=0, pos=array([0., 0.]), rgb=array([255., 255., 255.]), text='Continue', units='height', win=Window(...), wrapWidth=1)
14.1734 	EXP 	continue_text: autoDraw = True
14.1790 	EXP 	Created continue_text = TextStim(__class__=<class 'psychopy.visual.text.TextStim'>, alignHoriz='center', alignVert='center', antialias=True, autoLog=True, bold=False, color='white', colorSpace='named', contrast=1.0, depth=0.0, flipHoriz=False, flipVert=False, font='Arial', fontFiles=[], height=0.05, italic=False, languageStyle='LTR', name='continue_text', opacity=1.0, ori=0, pos=array([0., 0.]), rgb=array([255., 255., 255.]), text='Continue', units='height', win=Window(...), wrapWidth=1)
14.2078 	EXP 	continue_text: autoDraw = True
14.2137 	EXP 	Created continue_text = TextStim(__class__=<class 'psychopy.visual.text.TextStim'>, alignHoriz='center', alignVert='center', antialias=True, autoLog=True, bold=False, color='white', colorSpace='named', contrast=1.0, depth=0.0, flipHoriz=False, flipVert=False, font='Arial', fontFiles=[], height=0.05, italic=False, languageStyle='LTR', name='continue_text', opacity=1.0, ori=0, pos=array([0., 0.]), rgb=array([255., 255., 255.]), text='Continue', units='height', win=Window(...), wrapWidth=1)
14.2430 	EXP 	continue_text: autoDraw = True
14.2490 	EXP 	Created continue_text = TextStim(__class__=<class 'psychopy.visual.text.TextStim'>, alignHoriz='center', alignVert='center', antialias=True, autoLog=True, bold=False, color='white', colorSpace='named', contrast=1.0, depth=0.0, flipHoriz=False, flipVert=False, font='Arial', fontFiles=[], height=0.05, italic=False, languageStyle='LTR', name='continue_text', opacity=1.0, ori=0, pos=array([0., 0.]), rgb=array([255., 255., 255.]), text='Continue', units='height', win=Window(...), wrapWidth=1)
14.2787 	EXP 	continue_text: autoDraw = True
14.2847 	EXP 	Created continue_text = TextStim(__class__=<class 'psychopy.visual.text.TextStim'>, alignHoriz='center', alignVert='center', antialias=True, autoLog=True, bold=False, color='white', colorSpace='named', contrast=1.0, depth=0.0, flipHoriz=False, flipVert=False, font='Arial', fontFiles=[], height=0.05, italic=False, languageStyle='LTR', name='continue_text', opacity=1.0, ori=0, pos=array([0., 0.]), rgb=array([255., 255., 255.]), text='Continue', units='height', win=Window(...), wrapWidth=1)
14.3151 	EXP 	continue_text: autoDraw = True
14.3210 	EXP 	Created continue_text = TextStim(__class__=<class 'psychopy.visual.text.TextStim'>, alignHoriz='center', alignVert='center', antialias=True, autoLog=True, bold=False, color='white', colorSpace='named', contrast=1.0, depth=0.0, flipHoriz=False, flipVert=False, font='Arial', fontFiles=[], height=0.05, italic=False, languageStyle='LTR', name='continue_text', opacity=1.0, ori=0, pos=array([0., 0.]), rgb=array([255., 255., 255.]), text='Continue', units='height', win=Window(...), wrapWidth=1)
14.3502 	EXP 	continue_text: autoDraw = True
14.3573 	EXP 	Created continue_text = TextStim(__class__=<class 'psychopy.visual.text.TextStim'>, alignHoriz='center', alignVert='center', antialias=True, autoLog=True, bold=False, color='white', colorSpace='named', contrast=1.0, depth=0.0, flipHoriz=False, flipVert=False, font='Arial', fontFiles=[], height=0.05, italic=False, languageStyle='LTR', name='continue_text', opacity=1.0, ori=0, pos=array([0., 0.]), rgb=array([255., 255., 255.]), text='Continue', units='height', win=Window(...), wrapWidth=1)
14.3861 	EXP 	continue_text: autoDraw = True
14.3923 	EXP 	Created continue_text = TextStim(__class__=<class 'psychopy.visual.text.TextStim'>, alignHoriz='center', alignVert='center', antialias=True, autoLog=True, bold=False, color='white', colorSpace='named', contrast=1.0, depth=0.0, flipHoriz=False, flipVert=False, font='Arial', fontFiles=[], height=0.05, italic=False, languageStyle='LTR', name='continue_text', opacity=1.0, ori=0, pos=array([0., 0.]), rgb=array([255., 255., 255.]), text='Continue', units='height', win=Window(...), wrapWidth=1)
14.4220 	EXP 	continue_text: autoDraw = True
14.4285 	EXP 	Created continue_text = TextStim(__class__=<class 'psychopy.visual.text.TextStim'>, alignHoriz='center', alignVert='center', antialias=True, autoLog=True, bold=False, color='white', colorSpace='named', contrast=1.0, depth=0.0, flipHoriz=False, flipVert=False, font='Arial', fontFiles=[], height=0.05, italic=False, languageStyle='LTR', name='continue_text', opacity=1.0, ori=0, pos=array([0., 0.]), rgb=array([255., 255., 255.]), text='Continue', units='height', win=Window(...), wrapWidth=1)
14.4583 	EXP 	continue_text: autoDraw = True
14.4660 	EXP 	Created continue_text = TextStim(__class__=<class 'psychopy.visual.text.TextStim'>, alignHoriz='center', alignVert='center', antialias=True, autoLog=True, bold=False, color='white', colorSpace='named', contrast=1.0, depth=0.0, flipHoriz=False, flipVert=False, font='Arial', fontFiles=[], height=0.05, italic=False, languageStyle='LTR', name='continue_text', opacity=1.0, ori=0, pos=array([0., 0.]), rgb=array([255., 255., 255.]), text='Continue', units='height', win=Window(...), wrapWidth=1)
14.4980 	EXP 	continue_text: autoDraw = True
14.5039 	EXP 	Created continue_text = TextStim(__class__=<class 'psychopy.visual.text.TextStim'>, alignHoriz='center', alignVert='center', antialias=True, autoLog=True, bold=False, color='white', colorSpace='named', contrast=1.0, depth=0.0, flipHoriz=False, flipVert=False, font='Arial', fontFiles=[], height=0.05, italic=False, languageStyle='LTR', name='continue_text', opacity=1.0, ori=0, pos=array([0., 0.]), rgb=array([255., 255., 255.]), text='Continue', units='height', win=Window(...), wrapWidth=1)
14.5344 	EXP 	continue_text: autoDraw = True
14.5404 	EXP 	Created continue_text = TextStim(__class__=<class 'psychopy.visual.text.TextStim'>, alignHoriz='center', alignVert='center', antialias=True, autoLog=True, bold=False, color='white', colorSpace='named', contrast=1.0, depth=0.0, flipHoriz=False, flipVert=False, font='Arial', fontFiles=[], height=0.05, italic=False, languageStyle='LTR', name='continue_text', opacity=1.0, ori=0, pos=array([0., 0.]), rgb=array([255., 255., 255.]), text='Continue', units='height', win=Window(...), wrapWidth=1)
14.5727 	EXP 	continue_text: autoDraw = True
14.5795 	EXP 	Created continue_text = TextStim(__class__=<class 'psychopy.visual.text.TextStim'>, alignHoriz='center', alignVert='center', antialias=True, autoLog=True, bold=False, color='white', colorSpace='named', contrast=1.0, depth=0.0, flipHoriz=False, flipVert=False, font='Arial', fontFiles=[], height=0.05, italic=False, languageStyle='LTR', name='continue_text', opacity=1.0, ori=0, pos=array([0., 0.]), rgb=array([255., 255., 255.]), text='Continue', units='height', win=Window(...), wrapWidth=1)
14.6107 	EXP 	continue_text: autoDraw = True
14.6168 	EXP 	Created continue_text = TextStim(__class__=<class 'psychopy.visual.text.TextStim'>, alignHoriz='center', alignVert='center', antialias=True, autoLog=True, bold=False, color='white', colorSpace='named', contrast=1.0, depth=0.0, flipHoriz=False, flipVert=False, font='Arial', fontFiles=[], height=0.05, italic=False, languageStyle='LTR', name='continue_text', opacity=1.0, ori=0, pos=array([0., 0.]), rgb=array([255., 255., 255.]), text='Continue', units='height', win=Window(...), wrapWidth=1)
14.6488 	EXP 	continue_text: autoDraw = True
14.6549 	EXP 	Created continue_text = TextStim(__class__=<class 'psychopy.visual.text.TextStim'>, alignHoriz='center', alignVert='center', antialias=True, autoLog=True, bold=False, color='white', colorSpace='named', contrast=1.0, depth=0.0, flipHoriz=False, flipVert=False, font='Arial', fontFiles=[], height=0.05, italic=False, languageStyle='LTR', name='continue_text', opacity=1.0, ori=0, pos=array([0., 0.]), rgb=array([255., 255., 255.]), text='Continue', units='height', win=Window(...), wrapWidth=1)
14.6861 	EXP 	continue_text: autoDraw = True
14.6932 	EXP 	Created continue_text = TextStim(__class__=<class 'psychopy.visual.text.TextStim'>, alignHoriz='center', alignVert='center', antialias=True, autoLog=True, bold=False, color='white', colorSpace='named', contrast=1.0, depth=0.0, flipHoriz=False, flipVert=False, font='Arial', fontFiles=[], height=0.05, italic=False, languageStyle='LTR', name='continue_text', opacity=1.0, ori=0, pos=array([0., 0.]), rgb=array([255., 255., 255.]), text='Continue', units='height', win=Window(...), wrapWidth=1)
14.7241 	EXP 	continue_text: autoDraw = True
14.7305 	EXP 	Created continue_text = TextStim(__class__=<class 'psychopy.visual.text.TextStim'>, alignHoriz='center', alignVert='center', antialias=True, autoLog=True, bold=False, color='white', colorSpace='named', contrast=1.0, depth=0.0, flipHoriz=False, flipVert=False, font='Arial', fontFiles=[], height=0.05, italic=False, languageStyle='LTR', name='continue_text', opacity=1.0, ori=0, pos=array([0., 0.]), rgb=array([255., 255., 255.]), text='Continue', units='height', win=Window(...), wrapWidth=1)
14.7609 	EXP 	continue_text: autoDraw = True
14.7668 	EXP 	Created continue_text = TextStim(__class__=<class 'psychopy.visual.text.TextStim'>, alignHoriz='center', alignVert='center', antialias=True, autoLog=True, bold=False, color='white', colorSpace='named', contrast=1.0, depth=0.0, flipHoriz=False, flipVert=False, font='Arial', fontFiles=[], height=0.05, italic=False, languageStyle='LTR', name='continue_text', opacity=1.0, ori=0, pos=array([0., 0.]), rgb=array([255., 255., 255.]), text='Continue', units='height', win=Window(...), wrapWidth=1)
14.8004 	EXP 	continue_text: autoDraw = True
14.8062 	EXP 	Created continue_text = TextStim(__class__=<class 'psychopy.visual.text.TextStim'>, alignHoriz='center', alignVert='center', antialias=True, autoLog=True, bold=False, color='white', colorSpace='named', contrast=1.0, depth=0.0, flipHoriz=False, flipVert=False, font='Arial', fontFiles=[], height=0.05, italic=False, languageStyle='LTR', name='continue_text', opacity=1.0, ori=0, pos=array([0., 0.]), rgb=array([255., 255., 255.]), text='Continue', units='height', win=Window(...), wrapWidth=1)
14.8388 	EXP 	continue_text: autoDraw = True
14.8458 	EXP 	Created continue_text = TextStim(__class__=<class 'psychopy.visual.text.TextStim'>, alignHoriz='center', alignVert='center', antialias=True, autoLog=True, bold=False, color='white', colorSpace='named', contrast=1.0, depth=0.0, flipHoriz=False, flipVert=False, font='Arial', fontFiles=[], height=0.05, italic=False, languageStyle='LTR', name='continue_text', opacity=1.0, ori=0, pos=array([0., 0.]), rgb=array([255., 255., 255.]), text='Continue', units='height', win=Window(...), wrapWidth=1)
14.8778 	EXP 	continue_text: autoDraw = True
14.8835 	EXP 	Created continue_text = TextStim(__class__=<class 'psychopy.visual.text.TextStim'>, alignHoriz='center', alignVert='center', antialias=True, autoLog=True, bold=False, color='white', colorSpace='named', contrast=1.0, depth=0.0, flipHoriz=False, flipVert=False, font='Arial', fontFiles=[], height=0.05, italic=False, languageStyle='LTR', name='continue_text', opacity=1.0, ori=0, pos=array([0., 0.]), rgb=array([255., 255., 255.]), text='Continue', units='height', win=Window(...), wrapWidth=1)
14.9176 	EXP 	continue_text: autoDraw = True
14.9235 	EXP 	Created continue_text = TextStim(__class__=<class 'psychopy.visual.text.TextStim'>, alignHoriz='center', alignVert='center', antialias=True, autoLog=True, bold=False, color='white', colorSpace='named', contrast=1.0, depth=0.0, flipHoriz=False, flipVert=False, font='Arial', fontFiles=[], height=0.05, italic=False, languageStyle='LTR', name='continue_text', opacity=1.0, ori=0, pos=array([0., 0.]), rgb=array([255., 255., 255.]), text='Continue', units='height', win=Window(...), wrapWidth=1)
14.9560 	EXP 	continue_text: autoDraw = True
14.9631 	EXP 	Created continue_text = TextStim(__class__=<class 'psychopy.visual.text.TextStim'>, alignHoriz='center', alignVert='center', antialias=True, autoLog=True, bold=False, color='white', colorSpace='named', contrast=1.0, depth=0.0, flipHoriz=False, flipVert=False, font='Arial', fontFiles=[], height=0.05, italic=False, languageStyle='LTR', name='continue_text', opacity=1.0, ori=0, pos=array([0., 0.]), rgb=array([255., 255., 255.]), text='Continue', units='height', win=Window(...), wrapWidth=1)
14.9963 	EXP 	continue_text: autoDraw = True
15.0019 	EXP 	Created continue_text = TextStim(__class__=<class 'psychopy.visual.text.TextStim'>, alignHoriz='center', alignVert='center', antialias=True, autoLog=True, bold=False, color='white', colorSpace='named', contrast=1.0, depth=0.0, flipHoriz=False, flipVert=False, font='Arial', fontFiles=[], height=0.05, italic=False, languageStyle='LTR', name='continue_text', opacity=1.0, ori=0, pos=array([0., 0.]), rgb=array([255., 255., 255.]), text='Continue', units='height', win=Window(...), wrapWidth=1)
15.0343 	EXP 	continue_text: autoDraw = True
15.0401 	EXP 	Created continue_text = TextStim(__class__=<class 'psychopy.visual.text.TextStim'>, alignHoriz='center', alignVert='center', antialias=True, autoLog=True, bold=False, color='white', colorSpace='named', contrast=1.0, depth=0.0, flipHoriz=False, flipVert=False, font='Arial', fontFiles=[], height=0.05, italic=False, languageStyle='LTR', name='continue_text', opacity=1.0, ori=0, pos=array([0., 0.]), rgb=array([255., 255., 255.]), text='Continue', units='height', win=Window(...), wrapWidth=1)
15.0726 	EXP 	continue_text: autoDraw = True
15.0793 	EXP 	Created continue_text = TextStim(__class__=<class 'psychopy.visual.text.TextStim'>, alignHoriz='center', alignVert='center', antialias=True, autoLog=True, bold=False, color='white', colorSpace='named', contrast=1.0, depth=0.0, flipHoriz=False, flipVert=False, font='Arial', fontFiles=[], height=0.05, italic=False, languageStyle='LTR', name='continue_text', opacity=1.0, ori=0, pos=array([0., 0.]), rgb=array([255., 255., 255.]), text='Continue', units='height', win=Window(...), wrapWidth=1)
15.1138 	EXP 	continue_text: autoDraw = True
15.1196 	EXP 	Created continue_text = TextStim(__class__=<class 'psychopy.visual.text.TextStim'>, alignHoriz='center', alignVert='center', antialias=True, autoLog=True, bold=False, color='white', colorSpace='named', contrast=1.0, depth=0.0, flipHoriz=False, flipVert=False, font='Arial', fontFiles=[], height=0.05, italic=False, languageStyle='LTR', name='continue_text', opacity=1.0, ori=0, pos=array([0., 0.]), rgb=array([255., 255., 255.]), text='Continue', units='height', win=Window(...), wrapWidth=1)
15.1535 	EXP 	continue_text: autoDraw = True
15.1600 	EXP 	Created continue_text = TextStim(__class__=<class 'psychopy.visual.text.TextStim'>, alignHoriz='center', alignVert='center', antialias=True, autoLog=True, bold=False, color='white', colorSpace='named', contrast=1.0, depth=0.0, flipHoriz=False, flipVert=False, font='Arial', fontFiles=[], height=0.05, italic=False, languageStyle='LTR', name='continue_text', opacity=1.0, ori=0, pos=array([0., 0.]), rgb=array([255., 255., 255.]), text='Continue', units='height', win=Window(...), wrapWidth=1)
15.1940 	EXP 	continue_text: autoDraw = True
15.2000 	EXP 	Created continue_text = TextStim(__class__=<class 'psychopy.visual.text.TextStim'>, alignHoriz='center', alignVert='center', antialias=True, autoLog=True, bold=False, color='white', colorSpace='named', contrast=1.0, depth=0.0, flipHoriz=False, flipVert=False, font='Arial', fontFiles=[], height=0.05, italic=False, languageStyle='LTR', name='continue_text', opacity=1.0, ori=0, pos=array([0., 0.]), rgb=array([255., 255., 255.]), text='Continue', units='height', win=Window(...), wrapWidth=1)
15.2344 	EXP 	continue_text: autoDraw = True
15.2403 	EXP 	Created continue_text = TextStim(__class__=<class 'psychopy.visual.text.TextStim'>, alignHoriz='center', alignVert='center', antialias=True, autoLog=True, bold=False, color='white', colorSpace='named', contrast=1.0, depth=0.0, flipHoriz=False, flipVert=False, font='Arial', fontFiles=[], height=0.05, italic=False, languageStyle='LTR', name='continue_text', opacity=1.0, ori=0, pos=array([0., 0.]), rgb=array([255., 255., 255.]), text='Continue', units='height', win=Window(...), wrapWidth=1)
15.2758 	EXP 	continue_text: autoDraw = True
15.2813 	EXP 	Created continue_text = TextStim(__class__=<class 'psychopy.visual.text.TextStim'>, alignHoriz='center', alignVert='center', antialias=True, autoLog=True, bold=False, color='white', colorSpace='named', contrast=1.0, depth=0.0, flipHoriz=False, flipVert=False, font='Arial', fontFiles=[], height=0.05, italic=False, languageStyle='LTR', name='continue_text', opacity=1.0, ori=0, pos=array([0., 0.]), rgb=array([255., 255., 255.]), text='Continue', units='height', win=Window(...), wrapWidth=1)
15.3144 	EXP 	continue_text: autoDraw = True
15.3199 	EXP 	Created continue_text = TextStim(__class__=<class 'psychopy.visual.text.TextStim'>, alignHoriz='center', alignVert='center', antialias=True, autoLog=True, bold=False, color='white', colorSpace='named', contrast=1.0, depth=0.0, flipHoriz=False, flipVert=False, font='Arial', fontFiles=[], height=0.05, italic=False, languageStyle='LTR', name='continue_text', opacity=1.0, ori=0, pos=array([0., 0.]), rgb=array([255., 255., 255.]), text='Continue', units='height', win=Window(...), wrapWidth=1)
15.3534 	EXP 	continue_text: autoDraw = True
15.3595 	EXP 	Created continue_text = TextStim(__class__=<class 'psychopy.visual.text.TextStim'>, alignHoriz='center', alignVert='center', antialias=True, autoLog=True, bold=False, color='white', colorSpace='named', contrast=1.0, depth=0.0, flipHoriz=False, flipVert=False, font='Arial', fontFiles=[], height=0.05, italic=False, languageStyle='LTR', name='continue_text', opacity=1.0, ori=0, pos=array([0., 0.]), rgb=array([255., 255., 255.]), text='Continue', units='height', win=Window(...), wrapWidth=1)
15.3940 	EXP 	continue_text: autoDraw = True
15.3998 	EXP 	Created continue_text = TextStim(__class__=<class 'psychopy.visual.text.TextStim'>, alignHoriz='center', alignVert='center', antialias=True, autoLog=True, bold=False, color='white', colorSpace='named', contrast=1.0, depth=0.0, flipHoriz=False, flipVert=False, font='Arial', fontFiles=[], height=0.05, italic=False, languageStyle='LTR', name='continue_text', opacity=1.0, ori=0, pos=array([0., 0.]), rgb=array([255., 255., 255.]), text='Continue', units='height', win=Window(...), wrapWidth=1)
15.4350 	EXP 	continue_text: autoDraw = True
15.4417 	EXP 	Created continue_text = TextStim(__class__=<class 'psychopy.visual.text.TextStim'>, alignHoriz='center', alignVert='center', antialias=True, autoLog=True, bold=False, color='white', colorSpace='named', contrast=1.0, depth=0.0, flipHoriz=False, flipVert=False, font='Arial', fontFiles=[], height=0.05, italic=False, languageStyle='LTR', name='continue_text', opacity=1.0, ori=0, pos=array([0., 0.]), rgb=array([255., 255., 255.]), text='Continue', units='height', win=Window(...), wrapWidth=1)
15.4781 	EXP 	continue_text: autoDraw = True
15.4840 	EXP 	Created continue_text = TextStim(__class__=<class 'psychopy.visual.text.TextStim'>, alignHoriz='center', alignVert='center', antialias=True, autoLog=True, bold=False, color='white', colorSpace='named', contrast=1.0, depth=0.0, flipHoriz=False, flipVert=False, font='Arial', fontFiles=[], height=0.05, italic=False, languageStyle='LTR', name='continue_text', opacity=1.0, ori=0, pos=array([0., 0.]), rgb=array([255., 255., 255.]), text='Continue', units='height', win=Window(...), wrapWidth=1)
15.5198 	EXP 	continue_text: autoDraw = True
15.5265 	EXP 	Created continue_text = TextStim(__class__=<class 'psychopy.visual.text.TextStim'>, alignHoriz='center', alignVert='center', antialias=True, autoLog=True, bold=False, color='white', colorSpace='named', contrast=1.0, depth=0.0, flipHoriz=False, flipVert=False, font='Arial', fontFiles=[], height=0.05, italic=False, languageStyle='LTR', name='continue_text', opacity=1.0, ori=0, pos=array([0., 0.]), rgb=array([255., 255., 255.]), text='Continue', units='height', win=Window(...), wrapWidth=1)
15.5625 	EXP 	continue_text: autoDraw = True
15.5682 	EXP 	Created continue_text = TextStim(__class__=<class 'psychopy.visual.text.TextStim'>, alignHoriz='center', alignVert='center', antialias=True, autoLog=True, bold=False, color='white', colorSpace='named', contrast=1.0, depth=0.0, flipHoriz=False, flipVert=False, font='Arial', fontFiles=[], height=0.05, italic=False, languageStyle='LTR', name='continue_text', opacity=1.0, ori=0, pos=array([0., 0.]), rgb=array([255., 255., 255.]), text='Continue', units='height', win=Window(...), wrapWidth=1)
15.6053 	EXP 	continue_text: autoDraw = True
15.6118 	EXP 	Created continue_text = TextStim(__class__=<class 'psychopy.visual.text.TextStim'>, alignHoriz='center', alignVert='center', antialias=True, autoLog=True, bold=False, color='white', colorSpace='named', contrast=1.0, depth=0.0, flipHoriz=False, flipVert=False, font='Arial', fontFiles=[], height=0.05, italic=False, languageStyle='LTR', name='continue_text', opacity=1.0, ori=0, pos=array([0., 0.]), rgb=array([255., 255., 255.]), text='Continue', units='height', win=Window(...), wrapWidth=1)
15.6490 	EXP 	continue_text: autoDraw = True
15.6547 	EXP 	Created continue_text = TextStim(__class__=<class 'psychopy.visual.text.TextStim'>, alignHoriz='center', alignVert='center', antialias=True, autoLog=True, bold=False, color='white', colorSpace='named', contrast=1.0, depth=0.0, flipHoriz=False, flipVert=False, font='Arial', fontFiles=[], height=0.05, italic=False, languageStyle='LTR', name='continue_text', opacity=1.0, ori=0, pos=array([0., 0.]), rgb=array([255., 255., 255.]), text='Continue', units='height', win=Window(...), wrapWidth=1)
15.6896 	EXP 	continue_text: autoDraw = True
15.6900 	DATA 	Mouse: Left button down, pos=(680,534)
15.6979 	EXP 	Created continue_text = TextStim(__class__=<class 'psychopy.visual.text.TextStim'>, alignHoriz='center', alignVert='center', antialias=True, autoLog=True, bold=False, color='white', colorSpace='named', contrast=1.0, depth=0.0, flipHoriz=False, flipVert=False, font='Arial', fontFiles=[], height=0.05, italic=False, languageStyle='LTR', name='continue_text', opacity=1.0, ori=0, pos=array([0., 0.]), rgb=array([255., 255., 255.]), text='Continue', units='height', win=Window(...), wrapWidth=1)
15.7051 	EXP 	New trial (rep=0, index=3): OrderedDict([('this_trial', 3), ('tangram_set', 2)])
15.7699 	EXP 	window1: mouseVisible = True
