16.9333 	EXP 	Created window1 = Window(allowGUI=True, allowStencil=False, args=UNKNOWN, autoLog=True, bitsMode=UNKNOWN, blendMode='avg', color=array([0., 0., 0.]), colorSpace='rgb', fullscr=<method-wrapper '__getattribute__' of attributeSetter object at 0x000002581AED4F28>, gamma=None, gammaErrorPolicy='raise', kwargs=UNKNOWN, lms=UNKNOWN, monitor=<psychopy.monitors.calibTools.Monitor object at 0x000002581ADE15F8>, multiSample=False, name='window1', numSamples=2, pos=[0.0, 0.0], screen=0, size=array([1920, 1080]), stereo=False, units='height', useFBO=True, useRetina=False, viewOri=0.0, viewPos=None, viewScale=None, waitBlanking=True, winType='pyglet')
16.9334 	EXP 	window1: recordFrameIntervals = False
17.1002 	EXP 	window1: recordFrameIntervals = True
17.2840 	EXP 	window1: recordFrameIntervals = False
19.4055 	EXP 	Created instruction_text = TextStim(__class__=<class 'psychopy.visual.text.TextStim'>, alignHoriz='center', alignVert='center', antialias=True, autoLog=True, bold=False, color='white', colorSpace='named', contrast=1.0, depth=0.0, flipHoriz=False, flipVert=False, font='Arial', fontFiles=[], height=0.05, italic=False, languageStyle='LTR', name='instruction_text', opacity=1.0, ori=0, pos=array([0., 0.]), rgb=array([255., 255., 255.]), text=str(...), units='height', win=Window(...), wrapWidth=1)
19.4146 	EXP 	Created text_2 = TextStim(__class__=<class 'psychopy.visual.text.TextStim'>, alignHoriz='center', alignVert='center', antialias=True, autoLog=True, bold=False, color='white', colorSpace='named', contrast=1.0, depth=-2.0, flipHoriz=False, flipVert=False, font='Arial', fontFiles=[], height=0.05, italic=False, languageStyle='LTR', name='text_2', opacity=1.0, ori=0, pos=array([ 0.  , -0.45]), rgb=array([255., 255., 255.]), text='Click here to continue.', units='height', win=Window(...), wrapWidth=1)
19.4258 	EXP 	Created text = TextStim(__class__=<class 'psychopy.visual.text.TextStim'>, alignHoriz='center', alignVert='center', antialias=True, autoLog=True, bold=False, color='white', colorSpace='named', contrast=1.0, depth=0.0, flipHoriz=False, flipVert=False, font='Arial', fontFiles=[], height=0.05, italic=False, languageStyle='LTR', name='text', opacity=1.0, ori=0, pos=array([0., 0.]), rgb=array([255., 255., 255.]), text='Here is a video example.', units='height', win=Window(...), wrapWidth=1)
19.5798 	EXP 	Created one = ImageStim(__class__=<class 'psychopy.visual.image.ImageStim'>, autoLog=True, color=array([1., 1., 1.]), colorSpace='rgb', contrast=1.0, depth=0.0, flipHoriz=False, flipVert=False, image=str(...), interpolate=True, mask=None, maskParams=None, name='one', opacity=1.0, ori=0.0, pos=array([-0.7,  0.3]), size=array([0.22, 0.22]), texRes=128, units='height', win=Window(...))
19.6678 	EXP 	Created two = ImageStim(__class__=<class 'psychopy.visual.image.ImageStim'>, autoLog=True, color=array([1., 1., 1.]), colorSpace='rgb', contrast=1.0, depth=-2.0, flipHoriz=False, flipVert=False, image=str(...), interpolate=True, mask=None, maskParams=None, name='two', opacity=1.0, ori=0.0, pos=array([-0.45,  0.3 ]), size=array([0.22, 0.22]), texRes=128, units='height', win=Window(...))
19.7492 	EXP 	Created three = ImageStim(__class__=<class 'psychopy.visual.image.ImageStim'>, autoLog=True, color=array([1., 1., 1.]), colorSpace='rgb', contrast=1.0, depth=-3.0, flipHoriz=False, flipVert=False, image=str(...), interpolate=True, mask=None, maskParams=None, name='three', opacity=1.0, ori=0.0, pos=array([-0.2,  0.3]), size=array([0.22, 0.22]), texRes=128, units='height', win=Window(...))
19.8273 	EXP 	Created seven = ImageStim(__class__=<class 'psychopy.visual.image.ImageStim'>, autoLog=True, color=array([1., 1., 1.]), colorSpace='rgb', contrast=1.0, depth=-4.0, flipHoriz=False, flipVert=False, image=str(...), interpolate=True, mask=None, maskParams=None, name='seven', opacity=1.0, ori=0.0, pos=array([-0.7, -0.3]), size=array([0.22, 0.22]), texRes=128, units='height', win=Window(...))
19.8970 	EXP 	Created eight = ImageStim(__class__=<class 'psychopy.visual.image.ImageStim'>, autoLog=True, color=array([1., 1., 1.]), colorSpace='rgb', contrast=1.0, depth=-5.0, flipHoriz=False, flipVert=False, image=str(...), interpolate=True, mask=None, maskParams=None, name='eight', opacity=1.0, ori=0.0, pos=array([-0.45, -0.3 ]), size=array([0.22, 0.22]), texRes=128, units='height', win=Window(...))
19.9750 	EXP 	Created nine = ImageStim(__class__=<class 'psychopy.visual.image.ImageStim'>, autoLog=True, color=array([1., 1., 1.]), colorSpace='rgb', contrast=1.0, depth=-6.0, flipHoriz=False, flipVert=False, image=str(...), interpolate=True, mask=None, maskParams=None, name='nine', opacity=1.0, ori=0.0, pos=array([-0.2, -0.3]), size=array([0.22, 0.22]), texRes=128, units='height', win=Window(...))
20.0393 	EXP 	Created four = ImageStim(__class__=<class 'psychopy.visual.image.ImageStim'>, autoLog=True, color=array([1., 1., 1.]), colorSpace='rgb', contrast=1.0, depth=-7.0, flipHoriz=False, flipVert=False, image=str(...), interpolate=True, mask=None, maskParams=None, name='four', opacity=1.0, ori=0.0, pos=array([0.2, 0.3]), size=array([0.22, 0.22]), texRes=128, units='height', win=Window(...))
20.1296 	EXP 	Created five = ImageStim(__class__=<class 'psychopy.visual.image.ImageStim'>, autoLog=True, color=array([1., 1., 1.]), colorSpace='rgb', contrast=1.0, depth=-8.0, flipHoriz=False, flipVert=False, image=str(...), interpolate=True, mask=None, maskParams=None, name='five', opacity=1.0, ori=0.0, pos=array([0.45, 0.3 ]), size=array([0.22, 0.22]), texRes=128, units='height', win=Window(...))
20.2013 	EXP 	Created six = ImageStim(__class__=<class 'psychopy.visual.image.ImageStim'>, autoLog=True, color=array([1., 1., 1.]), colorSpace='rgb', contrast=1.0, depth=-9.0, flipHoriz=False, flipVert=False, image=str(...), interpolate=True, mask=None, maskParams=None, name='six', opacity=1.0, ori=0.0, pos=array([0.7, 0.3]), size=array([0.22, 0.22]), texRes=128, units='height', win=Window(...))
20.2841 	EXP 	Created ten = ImageStim(__class__=<class 'psychopy.visual.image.ImageStim'>, autoLog=True, color=array([1., 1., 1.]), colorSpace='rgb', contrast=1.0, depth=-10.0, flipHoriz=False, flipVert=False, image=str(...), interpolate=True, mask=None, maskParams=None, name='ten', opacity=1.0, ori=0.0, pos=array([ 0.2, -0.3]), size=array([0.22, 0.22]), texRes=128, units='height', win=Window(...))
20.3564 	EXP 	Created eleven = ImageStim(__class__=<class 'psychopy.visual.image.ImageStim'>, autoLog=True, color=array([1., 1., 1.]), colorSpace='rgb', contrast=1.0, depth=-11.0, flipHoriz=False, flipVert=False, image=str(...), interpolate=True, mask=None, maskParams=None, name='eleven', opacity=1.0, ori=0.0, pos=array([ 0.45, -0.3 ]), size=array([0.22, 0.22]), texRes=128, units='height', win=Window(...))
20.4304 	EXP 	Created twelve = ImageStim(__class__=<class 'psychopy.visual.image.ImageStim'>, autoLog=True, color=array([1., 1., 1.]), colorSpace='rgb', contrast=1.0, depth=-12.0, flipHoriz=False, flipVert=False, image=str(...), interpolate=True, mask=None, maskParams=None, name='twelve', opacity=1.0, ori=0.0, pos=array([ 0.7, -0.3]), size=array([0.22, 0.22]), texRes=128, units='height', win=Window(...))
20.4347 	EXP 	Created continue_text = TextStim(__class__=<class 'psychopy.visual.text.TextStim'>, alignHoriz='center', alignVert='center', antialias=True, autoLog=True, bold=False, color='white', colorSpace='named', contrast=1.0, depth=0.0, flipHoriz=False, flipVert=False, font='Arial', fontFiles=[], height=0.05, italic=False, languageStyle='LTR', name='continue_text', opacity=1.0, ori=0, pos=array([0., 0.]), rgb=array([255., 255., 255.]), text='Continue', units='height', win=Window(...), wrapWidth=1)
20.4645 	EXP 	Created tangram1 = ImageStim(__class__=<class 'psychopy.visual.image.ImageStim'>, autoLog=True, color=array([1., 1., 1.]), colorSpace='rgb', contrast=1.0, depth=-14.0, flipHoriz=False, flipVert=False, image=str(...), interpolate=True, mask=None, maskParams=None, name='tangram1', opacity=1.0, ori=0.0, pos=array([0.5, 0.5]), size=array([0.5, 0.5]), texRes=128, units='height', win=Window(...))
20.5087 	EXP 	instruction_text: autoDraw = True
20.5087 	EXP 	text_2: autoDraw = True
21.4109 	DATA 	Mouse: Left button down, pos=(1016,58)
21.4391 	EXP 	instruction_text: autoDraw = False
21.4391 	EXP 	text_2: autoDraw = False
21.4391 	EXP 	text: autoDraw = True
21.5058 	DATA 	Mouse:  Left button up, pos=(1016,58)
21.9924 	DATA 	Mouse: Left button down, pos=(1050,270)
22.5673 	DATA 	Mouse:  Left button up, pos=(1050,270)
22.5795 	EXP 	text: autoDraw = False
22.5795 	EXP 	one: autoDraw = True
22.5795 	EXP 	two: autoDraw = True
22.5795 	EXP 	three: autoDraw = True
22.5795 	EXP 	seven: autoDraw = True
22.5795 	EXP 	eight: autoDraw = True
22.5795 	EXP 	nine: autoDraw = True
22.5795 	EXP 	four: autoDraw = True
22.5795 	EXP 	five: autoDraw = True
22.5795 	EXP 	six: autoDraw = True
22.5795 	EXP 	ten: autoDraw = True
22.5795 	EXP 	eleven: autoDraw = True
22.5795 	EXP 	twelve: autoDraw = True
22.5795 	EXP 	tangram1: autoDraw = True
22.6409 	DATA 	Mouse: Left button down, pos=(1050,270)
23.2396 	DATA 	Mouse:  Left button up, pos=(1305,712)
23.7426 	DATA 	Mouse: Left button down, pos=(1485,1003)
23.7895 	EXP 	tangram1: pos = array([0.48611111, 0.4287037 ])
23.8062 	EXP 	tangram1: pos = array([0.48611111, 0.4287037 ])
23.8222 	EXP 	tangram1: pos = array([0.48611111, 0.4287037 ])
23.8391 	EXP 	tangram1: pos = array([0.48611111, 0.4287037 ])
23.8559 	EXP 	tangram1: pos = array([0.48611111, 0.4287037 ])
23.8725 	EXP 	tangram1: pos = array([0.48611111, 0.4287037 ])
23.8893 	EXP 	tangram1: pos = array([0.46388889, 0.40648148])
23.9059 	EXP 	tangram1: pos = array([0.38611111, 0.33518519])
23.9225 	EXP 	tangram1: pos = array([0.36574074, 0.31759259])
23.9393 	EXP 	tangram1: pos = array([0.35185185, 0.3037037 ])
23.9559 	EXP 	tangram1: pos = array([0.33333333, 0.28796296])
23.9725 	EXP 	tangram1: pos = array([0.31666667, 0.2712963 ])
23.9892 	EXP 	tangram1: pos = array([0.29537037, 0.25185185])
24.0058 	EXP 	tangram1: pos = array([0.27685185, 0.23240741])
24.0227 	EXP 	tangram1: pos = array([0.25185185, 0.20462963])
24.0396 	EXP 	tangram1: pos = array([0.23425926, 0.18888889])
24.0561 	EXP 	tangram1: pos = array([0.21666667, 0.16851852])
24.0732 	EXP 	tangram1: pos = array([0.18055556, 0.13518519])
24.0899 	EXP 	tangram1: pos = array([0.15462963, 0.11018519])
24.1061 	EXP 	tangram1: pos = array([0.12962963, 0.08611111])
24.1228 	EXP 	tangram1: pos = array([0.10740741, 0.06481481])
24.1397 	EXP 	tangram1: pos = array([0.07407407, 0.03148148])
24.1562 	EXP 	tangram1: pos = array([0.04907407, 0.00740741])
24.1729 	EXP 	tangram1: pos = array([ 0.0212963 , -0.01851852])
24.1896 	EXP 	tangram1: pos = array([-0.00648148, -0.03981481])
24.2064 	EXP 	tangram1: pos = array([-0.04074074, -0.06574074])
24.2232 	EXP 	tangram1: pos = array([-0.05462963, -0.07777778])
24.2397 	EXP 	tangram1: pos = array([-0.06944444, -0.08703704])
24.2564 	EXP 	tangram1: pos = array([-0.08055556, -0.09444444])
24.2731 	EXP 	tangram1: pos = array([-0.09537037, -0.10555556])
24.2901 	EXP 	tangram1: pos = array([-0.1       , -0.10925926])
24.3065 	EXP 	tangram1: pos = array([-0.10462963, -0.11203704])
24.3232 	EXP 	tangram1: pos = array([-0.10740741, -0.11481481])
24.3398 	EXP 	tangram1: pos = array([-0.10740741, -0.11481481])
24.3564 	EXP 	tangram1: pos = array([-0.10833333, -0.11574074])
24.3731 	EXP 	tangram1: pos = array([-0.10925926, -0.11574074])
24.3899 	EXP 	tangram1: pos = array([-0.10925926, -0.11574074])
24.4067 	EXP 	tangram1: pos = array([-0.10925926, -0.11574074])
24.4231 	EXP 	tangram1: pos = array([-0.10925926, -0.11574074])
24.4398 	EXP 	tangram1: pos = array([-0.10925926, -0.11574074])
24.4566 	EXP 	tangram1: pos = array([-0.10925926, -0.11574074])
24.4733 	EXP 	tangram1: pos = array([-0.10925926, -0.11574074])
24.4901 	EXP 	tangram1: pos = array([-0.10833333, -0.11574074])
24.5074 	EXP 	tangram1: pos = array([-0.10648148, -0.11574074])
24.5231 	EXP 	tangram1: pos = array([-0.10462963, -0.11574074])
24.5399 	EXP 	tangram1: pos = array([-0.10277778, -0.11574074])
24.5566 	EXP 	tangram1: pos = array([-0.10277778, -0.11666667])
24.5738 	EXP 	tangram1: pos = array([-0.10092593, -0.11759259])
24.5907 	EXP 	tangram1: pos = array([-0.09722222, -0.12314815])
24.6069 	EXP 	tangram1: pos = array([-0.09444444, -0.14166667])
24.6234 	EXP 	tangram1: pos = array([-0.10277778, -0.17314815])
24.6399 	EXP 	tangram1: pos = array([-0.11296296, -0.19351852])
24.6567 	EXP 	tangram1: pos = array([-0.125     , -0.21481481])
24.6733 	EXP 	tangram1: pos = array([-0.13148148, -0.2212963 ])
24.6899 	EXP 	tangram1: pos = array([-0.13518519, -0.22777778])
24.7066 	EXP 	tangram1: pos = array([-0.14074074, -0.23518519])
24.7233 	EXP 	tangram1: pos = array([-0.14351852, -0.23888889])
24.7400 	EXP 	tangram1: pos = array([-0.14537037, -0.24259259])
24.7568 	EXP 	tangram1: pos = array([-0.14907407, -0.24722222])
24.7734 	EXP 	tangram1: pos = array([-0.15092593, -0.25092593])
24.7903 	EXP 	tangram1: pos = array([-0.15277778, -0.25462963])
24.8070 	EXP 	tangram1: pos = array([-0.15555556, -0.25925926])
24.8237 	EXP 	tangram1: pos = array([-0.15555556, -0.26203704])
24.8404 	EXP 	tangram1: pos = array([-0.15740741, -0.26666667])
24.8570 	EXP 	tangram1: pos = array([-0.15833333, -0.27037037])
24.8738 	EXP 	tangram1: pos = array([-0.15833333, -0.27407407])
24.8906 	EXP 	tangram1: pos = array([-0.15833333, -0.2787037 ])
24.9097 	EXP 	tangram1: pos = array([-0.15833333, -0.28148148])
24.9288 	EXP 	tangram1: pos = array([-0.15833333, -0.28611111])
24.9513 	EXP 	tangram1: pos = array([-0.15833333, -0.29166667])
24.9710 	EXP 	tangram1: pos = array([-0.15833333, -0.29537037])
24.9919 	EXP 	tangram1: pos = array([-0.15833333, -0.30092593])
25.0090 	EXP 	tangram1: pos = array([-0.15833333, -0.3037037 ])
25.0274 	EXP 	tangram1: pos = array([-0.15833333, -0.30833333])
25.0450 	EXP 	tangram1: pos = array([-0.15833333, -0.31203704])
25.0623 	EXP 	tangram1: pos = array([-0.15833333, -0.31666667])
25.0799 	EXP 	tangram1: pos = array([-0.15740741, -0.32037037])
25.1050 	EXP 	tangram1: pos = array([-0.15648148, -0.325     ])
25.1059 	DATA 	Mouse:  Left button up, pos=(791,189)
25.3609 	DATA 	Mouse: Left button down, pos=(791,189)
25.4025 	EXP 	tangram1: pos = array([-0.15648148, -0.325     ])
25.4228 	EXP 	tangram1: pos = array([-0.15648148, -0.325     ])
25.4435 	EXP 	tangram1: pos = array([-0.15648148, -0.325     ])
25.4626 	EXP 	tangram1: pos = array([-0.15648148, -0.325     ])
25.4836 	EXP 	tangram1: pos = array([-0.15648148, -0.325     ])
25.5058 	EXP 	tangram1: pos = array([-0.13796296, -0.25185185])
25.5279 	EXP 	tangram1: pos = array([-0.11574074, -0.18703704])
25.5463 	EXP 	tangram1: pos = array([-0.10740741, -0.16944444])
25.5647 	EXP 	tangram1: pos = array([-0.1037037 , -0.15740741])
25.5888 	EXP 	tangram1: pos = array([-0.10277778, -0.15462963])
25.6077 	EXP 	tangram1: pos = array([-0.1       , -0.14537037])
25.6243 	EXP 	tangram1: pos = array([-0.09722222, -0.13796296])
25.6408 	EXP 	tangram1: pos = array([-0.09351852, -0.12592593])
25.6577 	EXP 	tangram1: pos = array([-0.08796296, -0.11388889])
25.6745 	EXP 	tangram1: pos = array([-0.08703704, -0.11203704])
25.6909 	EXP 	tangram1: pos = array([-0.08703704, -0.11111111])
25.7080 	EXP 	tangram1: pos = array([-0.08703704, -0.11018519])
25.7244 	EXP 	tangram1: pos = array([-0.08703704, -0.10925926])
25.7413 	EXP 	tangram1: pos = array([-0.08703704, -0.10925926])
25.7581 	EXP 	tangram1: pos = array([-0.08703704, -0.10925926])
25.7744 	EXP 	tangram1: pos = array([-0.08703704, -0.10925926])
25.7910 	EXP 	tangram1: pos = array([-0.08703704, -0.10925926])
25.8079 	EXP 	tangram1: pos = array([-0.08796296, -0.10925926])
25.8246 	EXP 	tangram1: pos = array([-0.08888889, -0.10925926])
25.8414 	EXP 	tangram1: pos = array([-0.08981481, -0.10925926])
25.8582 	EXP 	tangram1: pos = array([-0.08981481, -0.10925926])
25.8749 	EXP 	tangram1: pos = array([-0.09074074, -0.10925926])
25.8916 	EXP 	tangram1: pos = array([-0.09166667, -0.10925926])
25.9082 	EXP 	tangram1: pos = array([-0.09259259, -0.11018519])
25.9250 	EXP 	tangram1: pos = array([-0.09351852, -0.11018519])
25.9416 	EXP 	tangram1: pos = array([-0.09444444, -0.11018519])
25.9585 	EXP 	tangram1: pos = array([-0.09537037, -0.11111111])
25.9756 	EXP 	tangram1: pos = array([-0.09814815, -0.11203704])
25.9919 	EXP 	tangram1: pos = array([-0.10092593, -0.11296296])
26.0088 	EXP 	tangram1: pos = array([-0.10555556, -0.11481481])
26.0258 	EXP 	tangram1: pos = array([-0.11666667, -0.12037037])
26.0416 	EXP 	tangram1: pos = array([-0.12407407, -0.12592593])
26.0582 	EXP 	tangram1: pos = array([-0.12777778, -0.12962963])
26.0748 	EXP 	tangram1: pos = array([-0.13240741, -0.13611111])
26.0916 	EXP 	tangram1: pos = array([-0.13611111, -0.14166667])
26.1081 	EXP 	tangram1: pos = array([-0.13888889, -0.1462963 ])
26.1248 	EXP 	tangram1: pos = array([-0.14074074, -0.15185185])
26.1416 	EXP 	tangram1: pos = array([-0.1462963 , -0.16111111])
26.1582 	EXP 	tangram1: pos = array([-0.14814815, -0.16759259])
26.1747 	EXP 	tangram1: pos = array([-0.15185185, -0.175     ])
26.1917 	EXP 	tangram1: pos = array([-0.1537037 , -0.17962963])
26.2085 	EXP 	tangram1: pos = array([-0.15648148, -0.18703704])
26.2249 	EXP 	tangram1: pos = array([-0.15740741, -0.19074074])
26.2415 	EXP 	tangram1: pos = array([-0.15833333, -0.19259259])
26.2586 	EXP 	tangram1: pos = array([-0.15925926, -0.19444444])
26.2754 	EXP 	tangram1: pos = array([-0.16018519, -0.19537037])
26.2933 	EXP 	tangram1: pos = array([-0.16018519, -0.1962963 ])
26.3111 	EXP 	tangram1: pos = array([-0.16018519, -0.19722222])
26.3309 	EXP 	tangram1: pos = array([-0.16018519, -0.19722222])
26.3508 	EXP 	tangram1: pos = array([-0.16018519, -0.19814815])
26.3718 	EXP 	tangram1: pos = array([-0.16018519, -0.19907407])
26.3947 	EXP 	tangram1: pos = array([-0.16018519, -0.19907407])
26.4155 	EXP 	tangram1: pos = array([-0.16018519, -0.19907407])
26.4349 	EXP 	tangram1: pos = array([-0.16018519, -0.19907407])
26.4560 	EXP 	tangram1: pos = array([-0.16018519, -0.19907407])
26.4800 	EXP 	tangram1: pos = array([-0.16018519, -0.19907407])
26.4812 	DATA 	Mouse:  Left button up, pos=(787,325)
27.0967 	DATA 	Mouse: Left button down, pos=(842,357)
27.1424 	EXP 	tangram1: pos = array([-0.10925926, -0.16944444])
27.1649 	EXP 	tangram1: pos = array([-0.10925926, -0.16944444])
27.1841 	EXP 	tangram1: pos = array([-0.10925926, -0.16944444])
27.2050 	EXP 	tangram1: pos = array([-0.10925926, -0.16944444])
27.2258 	EXP 	tangram1: pos = array([-0.10925926, -0.16944444])
27.2477 	EXP 	tangram1: pos = array([-0.10925926, -0.16944444])
27.2667 	EXP 	tangram1: pos = array([-0.10925926, -0.16944444])
27.2859 	EXP 	tangram1: pos = array([-0.10925926, -0.16944444])
27.3065 	EXP 	tangram1: pos = array([-0.10925926, -0.16944444])
27.3288 	EXP 	tangram1: pos = array([-0.10925926, -0.16944444])
27.3521 	EXP 	tangram1: pos = array([-0.10925926, -0.16944444])
27.3722 	EXP 	tangram1: pos = array([-0.10925926, -0.16944444])
27.3954 	EXP 	tangram1: pos = array([-0.10925926, -0.16944444])
27.4149 	EXP 	tangram1: pos = array([-0.10925926, -0.17037037])
27.4350 	EXP 	tangram1: pos = array([-0.11018519, -0.1712963 ])
27.4574 	EXP 	tangram1: pos = array([-0.11018519, -0.17222222])
27.4822 	EXP 	tangram1: pos = array([-0.11111111, -0.17407407])
27.5016 	EXP 	tangram1: pos = array([-0.11111111, -0.175     ])
27.5222 	EXP 	tangram1: pos = array([-0.11203704, -0.17777778])
27.5431 	EXP 	tangram1: pos = array([-0.11296296, -0.17962963])
27.5657 	EXP 	tangram1: pos = array([-0.11296296, -0.18148148])
27.5883 	EXP 	tangram1: pos = array([-0.11481481, -0.18611111])
27.6097 	EXP 	tangram1: pos = array([-0.11759259, -0.18981481])
27.6333 	EXP 	tangram1: pos = array([-0.12037037, -0.19722222])
27.6534 	EXP 	tangram1: pos = array([-0.12407407, -0.20555556])
27.6785 	EXP 	tangram1: pos = array([-0.12962963, -0.21481481])
27.7014 	EXP 	tangram1: pos = array([-0.13703704, -0.22592593])
27.7236 	EXP 	tangram1: pos = array([-0.13981481, -0.23055556])
27.7494 	EXP 	tangram1: pos = array([-0.14166667, -0.23333333])
27.7699 	EXP 	tangram1: pos = array([-0.14166667, -0.23425926])
27.7972 	EXP 	tangram1: pos = array([-0.14351852, -0.23518519])
27.8183 	EXP 	tangram1: pos = array([-0.14444444, -0.23611111])
27.8397 	EXP 	tangram1: pos = array([-0.1462963 , -0.23611111])
27.8634 	EXP 	tangram1: pos = array([-0.14722222, -0.23611111])
27.8830 	EXP 	tangram1: pos = array([-0.14722222, -0.23611111])
27.9041 	EXP 	tangram1: pos = array([-0.14722222, -0.23611111])
27.9259 	EXP 	tangram1: pos = array([-0.14722222, -0.23611111])
27.9496 	EXP 	tangram1: pos = array([-0.14722222, -0.23611111])
27.9721 	EXP 	tangram1: pos = array([-0.14814815, -0.23611111])
28.0012 	EXP 	tangram1: pos = array([-0.15      , -0.23611111])
28.0236 	EXP 	tangram1: pos = array([-0.15092593, -0.23518519])
28.0504 	EXP 	tangram1: pos = array([-0.15462963, -0.23240741])
28.0755 	EXP 	tangram1: pos = array([-0.16388889, -0.22314815])
28.1012 	EXP 	tangram1: pos = array([-0.18611111, -0.18611111])
28.1299 	EXP 	tangram1: pos = array([-0.20185185, -0.07685185])
28.1530 	EXP 	tangram1: pos = array([-0.20185185, -0.02037037])
28.1765 	EXP 	tangram1: pos = array([-0.19722222,  0.02685185])
28.2063 	EXP 	tangram1: pos = array([-0.1962963 ,  0.05092593])
28.2376 	EXP 	tangram1: pos = array([-0.19351852,  0.08148148])
28.2629 	EXP 	tangram1: pos = array([-0.19166667,  0.11574074])
28.2841 	EXP 	tangram1: pos = array([-0.19351852,  0.13148148])
28.3084 	EXP 	tangram1: pos = array([-0.19351852,  0.16203704])
28.3113 	DATA 	Mouse:  Left button up, pos=(751,715)
29.0151 	DATA 	Mouse: Left button down, pos=(757,768)
29.0555 	EXP 	tangram1: pos = array([-0.18796296,  0.21111111])
29.0840 	EXP 	tangram1: pos = array([-0.18796296,  0.21111111])
29.1099 	EXP 	tangram1: pos = array([-0.18796296,  0.21111111])
29.1302 	EXP 	tangram1: pos = array([-0.18796296,  0.21111111])
29.1450 	EXP 	tangram1: pos = array([-0.18796296,  0.21111111])
29.1616 	EXP 	tangram1: pos = array([-0.18796296,  0.21111111])
29.1782 	EXP 	tangram1: pos = array([-0.18796296,  0.21111111])
29.1951 	EXP 	tangram1: pos = array([-0.18148148,  0.29074074])
29.2117 	EXP 	tangram1: pos = array([-0.17407407,  0.35092593])
29.2282 	EXP 	tangram1: pos = array([-0.17314815,  0.37685185])
29.2451 	EXP 	tangram1: pos = array([-0.16851852,  0.39814815])
29.2618 	EXP 	tangram1: pos = array([-0.16759259,  0.40277778])
29.2785 	EXP 	tangram1: pos = array([-0.16759259,  0.40555556])
29.2949 	EXP 	tangram1: pos = array([-0.16759259,  0.40648148])
29.3117 	EXP 	tangram1: pos = array([-0.16759259,  0.40648148])
29.3284 	EXP 	tangram1: pos = array([-0.16759259,  0.40648148])
29.3453 	EXP 	tangram1: pos = array([-0.16759259,  0.40648148])
29.3621 	EXP 	tangram1: pos = array([-0.16759259,  0.40648148])
29.3790 	EXP 	tangram1: pos = array([-0.16759259,  0.40648148])
29.3968 	EXP 	tangram1: pos = array([-0.16759259,  0.40648148])
29.4162 	EXP 	tangram1: pos = array([-0.16759259,  0.40648148])
29.4362 	EXP 	tangram1: pos = array([-0.16759259,  0.40648148])
29.4599 	EXP 	tangram1: pos = array([-0.16851852,  0.40648148])
29.4794 	EXP 	tangram1: pos = array([-0.16944444,  0.40555556])
29.4984 	EXP 	tangram1: pos = array([-0.16944444,  0.40462963])
29.5181 	EXP 	tangram1: pos = array([-0.17037037,  0.4037037 ])
29.5433 	EXP 	tangram1: pos = array([-0.17037037,  0.40185185])
29.5628 	EXP 	tangram1: pos = array([-0.17037037,  0.4       ])
29.5808 	EXP 	tangram1: pos = array([-0.17037037,  0.39814815])
29.5995 	EXP 	tangram1: pos = array([-0.17037037,  0.3962963 ])
29.6168 	EXP 	tangram1: pos = array([-0.17037037,  0.39444444])
29.6334 	EXP 	tangram1: pos = array([-0.17037037,  0.39259259])
29.6498 	EXP 	tangram1: pos = array([-0.17037037,  0.39166667])
29.6769 	EXP 	tangram1: pos = array([-0.17037037,  0.38981481])
29.6964 	EXP 	tangram1: pos = array([-0.16944444,  0.38888889])
29.7144 	EXP 	tangram1: pos = array([-0.16851852,  0.38796296])
29.7326 	EXP 	tangram1: pos = array([-0.16759259,  0.38796296])
29.7502 	EXP 	tangram1: pos = array([-0.16666667,  0.38796296])
29.7677 	EXP 	tangram1: pos = array([-0.16388889,  0.38796296])
29.7942 	EXP 	tangram1: pos = array([-0.14166667,  0.38796296])
29.8131 	EXP 	tangram1: pos = array([-0.06574074,  0.38055556])
29.8331 	EXP 	tangram1: pos = array([0.04907407, 0.36574074])
29.8504 	EXP 	tangram1: pos = array([0.11759259, 0.35555556])
29.8663 	EXP 	tangram1: pos = array([0.14259259, 0.34907407])
29.8804 	EXP 	tangram1: pos = array([0.16296296, 0.3462963 ])
29.8959 	EXP 	tangram1: pos = array([0.175    , 0.3462963])
29.9124 	EXP 	tangram1: pos = array([0.18055556, 0.3462963 ])
29.9291 	EXP 	tangram1: pos = array([0.18425926, 0.34537037])
29.9458 	EXP 	tangram1: pos = array([0.18703704, 0.34537037])
29.9624 	EXP 	tangram1: pos = array([0.18796296, 0.34537037])
29.9791 	EXP 	tangram1: pos = array([0.18888889, 0.34537037])
29.9959 	EXP 	tangram1: pos = array([0.18981481, 0.34537037])
30.0128 	EXP 	tangram1: pos = array([0.18981481, 0.34537037])
30.0297 	EXP 	tangram1: pos = array([0.18981481, 0.34537037])
30.0463 	EXP 	tangram1: pos = array([0.18981481, 0.34537037])
30.0630 	EXP 	tangram1: pos = array([0.18981481, 0.34537037])
30.0817 	EXP 	tangram1: pos = array([0.18981481, 0.34537037])
30.0996 	EXP 	tangram1: pos = array([0.19074074, 0.34537037])
30.1158 	EXP 	tangram1: pos = array([0.19074074, 0.34537037])
30.1320 	EXP 	tangram1: pos = array([0.19074074, 0.34537037])
30.1479 	EXP 	tangram1: pos = array([0.19074074, 0.34537037])
30.1640 	EXP 	tangram1: pos = array([0.19074074, 0.34537037])
30.1797 	EXP 	tangram1: pos = array([0.19074074, 0.34537037])
30.1962 	EXP 	tangram1: pos = array([0.19074074, 0.3462963 ])
30.2127 	EXP 	tangram1: pos = array([0.19074074, 0.34722222])
30.2294 	EXP 	tangram1: pos = array([0.19074074, 0.34722222])
30.2462 	EXP 	tangram1: pos = array([0.19074074, 0.34814815])
30.2626 	EXP 	tangram1: pos = array([0.19074074, 0.34814815])
30.2794 	EXP 	tangram1: pos = array([0.19074074, 0.34814815])
30.2962 	EXP 	tangram1: pos = array([0.19166667, 0.34814815])
30.3129 	EXP 	tangram1: pos = array([0.1962963, 0.35     ])
30.3296 	EXP 	tangram1: pos = array([0.21203704, 0.3537037 ])
30.3462 	EXP 	tangram1: pos = array([0.28055556, 0.36574074])
30.3630 	EXP 	tangram1: pos = array([0.31481481, 0.36851852])
30.3796 	EXP 	tangram1: pos = array([0.34074074, 0.36851852])
30.3965 	EXP 	tangram1: pos = array([0.37777778, 0.36944444])
30.4132 	EXP 	tangram1: pos = array([0.39259259, 0.36944444])
30.4297 	EXP 	tangram1: pos = array([0.40277778, 0.36944444])
30.4465 	EXP 	tangram1: pos = array([0.40925926, 0.36851852])
30.4632 	EXP 	tangram1: pos = array([0.41759259, 0.36851852])
30.4799 	EXP 	tangram1: pos = array([0.42314815, 0.36759259])
30.4967 	EXP 	tangram1: pos = array([0.42777778, 0.36666667])
30.5130 	EXP 	tangram1: pos = array([0.43055556, 0.36574074])
30.5298 	EXP 	tangram1: pos = array([0.43240741, 0.36481481])
30.5465 	EXP 	tangram1: pos = array([0.43240741, 0.36481481])
30.5632 	EXP 	tangram1: pos = array([0.43333333, 0.36388889])
30.5801 	EXP 	tangram1: pos = array([0.43425926, 0.36388889])
30.5969 	EXP 	tangram1: pos = array([0.43518519, 0.36388889])
30.6140 	EXP 	tangram1: pos = array([0.43611111, 0.36388889])
30.6301 	EXP 	tangram1: pos = array([0.43703704, 0.36388889])
30.6465 	EXP 	tangram1: pos = array([0.43703704, 0.36388889])
30.6633 	EXP 	tangram1: pos = array([0.43703704, 0.36296296])
30.6802 	EXP 	tangram1: pos = array([0.43703704, 0.36203704])
30.6968 	EXP 	tangram1: pos = array([0.43703704, 0.36111111])
30.7135 	EXP 	tangram1: pos = array([0.43703704, 0.36111111])
30.7299 	EXP 	tangram1: pos = array([0.43703704, 0.36018519])
30.7468 	EXP 	tangram1: pos = array([0.43240741, 0.35462963])
30.7634 	EXP 	tangram1: pos = array([0.39351852, 0.31666667])
30.7800 	EXP 	tangram1: pos = array([0.27314815, 0.20462963])
30.7967 	EXP 	tangram1: pos = array([0.22962963, 0.17037037])
30.8134 	EXP 	tangram1: pos = array([0.18981481, 0.13703704])
30.8302 	EXP 	tangram1: pos = array([0.14814815, 0.11018519])
30.8469 	EXP 	tangram1: pos = array([0.13333333, 0.10277778])
30.8634 	EXP 	tangram1: pos = array([0.12407407, 0.09814815])
30.8804 	EXP 	tangram1: pos = array([0.11666667, 0.0962963 ])
30.8970 	EXP 	tangram1: pos = array([0.11481481, 0.0962963 ])
30.9136 	EXP 	tangram1: pos = array([0.11388889, 0.0962963 ])
30.9302 	EXP 	tangram1: pos = array([0.11296296, 0.0962963 ])
30.9469 	EXP 	tangram1: pos = array([0.11296296, 0.0962963 ])
30.9638 	EXP 	tangram1: pos = array([0.11296296, 0.0962963 ])
30.9805 	EXP 	tangram1: pos = array([0.11296296, 0.09722222])
30.9975 	EXP 	tangram1: pos = array([0.11296296, 0.09814815])
31.0047 	DATA 	Mouse:  Left button up, pos=(1082,647)
31.0145 	EXP 	tangram1: pos = array([0.11296296, 0.09907407])
31.7350 	DATA 	Mouse: Left button down, pos=(1108,598)
31.7814 	EXP 	tangram1: pos = array([0.13703704, 0.0537037 ])
31.7982 	EXP 	tangram1: pos = array([0.13703704, 0.0537037 ])
31.8147 	EXP 	tangram1: pos = array([0.13703704, 0.0537037 ])
31.8315 	EXP 	tangram1: pos = array([0.13703704, 0.0537037 ])
31.8481 	EXP 	tangram1: pos = array([0.13703704, 0.0537037 ])
31.8649 	EXP 	tangram1: pos = array([0.13703704, 0.0537037 ])
31.8814 	EXP 	tangram1: pos = array([0.13703704, 0.0537037 ])
31.8981 	EXP 	tangram1: pos = array([0.12962963, 0.04537037])
31.9148 	EXP 	tangram1: pos = array([0.09814815, 0.01111111])
31.9315 	EXP 	tangram1: pos = array([ 0.08611111, -0.00092593])
31.9483 	EXP 	tangram1: pos = array([ 0.08055556, -0.00555556])
31.9649 	EXP 	tangram1: pos = array([ 0.0787037 , -0.00648148])
31.9815 	EXP 	tangram1: pos = array([ 0.07685185, -0.00648148])
31.9983 	EXP 	tangram1: pos = array([ 0.07685185, -0.00648148])
32.0150 	EXP 	tangram1: pos = array([ 0.075     , -0.00648148])
32.0317 	EXP 	tangram1: pos = array([ 0.075     , -0.00648148])
32.0484 	EXP 	tangram1: pos = array([ 0.075     , -0.00648148])
32.0651 	EXP 	tangram1: pos = array([ 0.075     , -0.00648148])
32.0817 	EXP 	tangram1: pos = array([ 0.075     , -0.00648148])
32.0985 	EXP 	tangram1: pos = array([ 0.075     , -0.00648148])
32.1153 	EXP 	tangram1: pos = array([ 0.075     , -0.00555556])
32.1317 	EXP 	tangram1: pos = array([ 0.075     , -0.00555556])
32.1484 	EXP 	tangram1: pos = array([ 0.075     , -0.00462963])
32.1652 	EXP 	tangram1: pos = array([ 0.075     , -0.00277778])
32.1817 	EXP 	tangram1: pos = array([ 0.075     , -0.00277778])
32.1986 	EXP 	tangram1: pos = array([ 0.075     , -0.00277778])
32.2152 	EXP 	tangram1: pos = array([ 0.075     , -0.00092593])
32.2321 	EXP 	tangram1: pos = array([0.075, 0.   ])
32.2484 	EXP 	tangram1: pos = array([0.075     , 0.00092593])
32.2651 	EXP 	tangram1: pos = array([0.075     , 0.00185185])
32.2657 	DATA 	Mouse:  Left button up, pos=(1041,542)
34.9896 	DATA 	Mouse: Left button down, pos=(946,563)
35.0091 	EXP 	one: autoDraw = False
35.0091 	EXP 	two: autoDraw = False
35.0091 	EXP 	three: autoDraw = False
35.0091 	EXP 	seven: autoDraw = False
35.0091 	EXP 	eight: autoDraw = False
35.0091 	EXP 	nine: autoDraw = False
35.0091 	EXP 	four: autoDraw = False
35.0091 	EXP 	five: autoDraw = False
35.0091 	EXP 	six: autoDraw = False
35.0091 	EXP 	ten: autoDraw = False
35.0091 	EXP 	eleven: autoDraw = False
35.0091 	EXP 	twelve: autoDraw = False
35.0091 	EXP 	tangram1: autoDraw = False
35.1665 	EXP 	window1: mouseVisible = True
