14.0513 	EXP 	Created window1 = Window(allowGUI=True, allowStencil=False, args=UNKNOWN, autoLog=True, bitsMode=UNKNOWN, blendMode='avg', color=array([0., 0., 0.]), colorSpace='rgb', fullscr=<method-wrapper '__getattribute__' of attributeSetter object at 0x00000159163AF6D8>, gamma=None, gammaErrorPolicy='raise', kwargs=UNKNOWN, lms=UNKNOWN, monitor=<psychopy.monitors.calibTools.Monitor object at 0x0000015916345D68>, multiSample=False, name='window1', numSamples=2, pos=[0.0, 0.0], screen=0, size=array([1920, 1080]), stereo=False, units='height', useFBO=True, useRetina=False, viewOri=0.0, viewPos=None, viewScale=None, waitBlanking=True, winType='pyglet')
14.0514 	EXP 	window1: recordFrameIntervals = False
14.2152 	EXP 	window1: recordFrameIntervals = True
14.4003 	EXP 	window1: recordFrameIntervals = False
14.8011 	EXP 	Created instruction_text = TextStim(__class__=<class 'psychopy.visual.text.TextStim'>, alignHoriz='center', alignVert='center', antialias=True, autoLog=True, bold=False, color='white', colorSpace='named', contrast=1.0, depth=0.0, flipHoriz=False, flipVert=False, font='Arial', fontFiles=[], height=0.05, italic=False, languageStyle='LTR', name='instruction_text', opacity=1.0, ori=0, pos=array([0., 0.]), rgb=array([255., 255., 255.]), text=str(...), units='height', win=Window(...), wrapWidth=1)
14.8100 	EXP 	Created text_2 = TextStim(__class__=<class 'psychopy.visual.text.TextStim'>, alignHoriz='center', alignVert='center', antialias=True, autoLog=True, bold=False, color='white', colorSpace='named', contrast=1.0, depth=-2.0, flipHoriz=False, flipVert=False, font='Arial', fontFiles=[], height=0.05, italic=False, languageStyle='LTR', name='text_2', opacity=1.0, ori=0, pos=array([ 0.  , -0.45]), rgb=array([255., 255., 255.]), text='Click here to continue.', units='height', win=Window(...), wrapWidth=1)
14.8216 	EXP 	Created text = TextStim(__class__=<class 'psychopy.visual.text.TextStim'>, alignHoriz='center', alignVert='center', antialias=True, autoLog=True, bold=False, color='white', colorSpace='named', contrast=1.0, depth=0.0, flipHoriz=False, flipVert=False, font='Arial', fontFiles=[], height=0.05, italic=False, languageStyle='LTR', name='text', opacity=1.0, ori=0, pos=array([0., 0.]), rgb=array([255., 255., 255.]), text='Here is a video example.', units='height', win=Window(...), wrapWidth=1)
14.8865 	EXP 	Created one = ImageStim(__class__=<class 'psychopy.visual.image.ImageStim'>, autoLog=True, color=array([1., 1., 1.]), colorSpace='rgb', contrast=1.0, depth=0.0, flipHoriz=False, flipVert=False, image=str(...), interpolate=True, mask=None, maskParams=None, name='one', opacity=1.0, ori=0.0, pos=array([-0.7,  0.3]), size=array([0.22, 0.22]), texRes=128, units='height', win=Window(...))
14.8877 	EXP 	Created two = ImageStim(__class__=<class 'psychopy.visual.image.ImageStim'>, autoLog=True, color=array([1., 1., 1.]), colorSpace='rgb', contrast=1.0, depth=-2.0, flipHoriz=False, flipVert=False, image=None, interpolate=True, mask=None, maskParams=None, name='two', opacity=1.0, ori=0.0, pos=array([-0.6,  0.3]), size=array([0.22, 0.22]), texRes=128, units='height', win=Window(...))
14.9213 	EXP 	instruction_text: autoDraw = True
14.9213 	EXP 	text_2: autoDraw = True
16.9544 	DATA 	Mouse: Left button down, pos=(1112,48)
16.9711 	EXP 	instruction_text: autoDraw = False
16.9711 	EXP 	text_2: autoDraw = False
16.9711 	EXP 	text: autoDraw = True
17.0378 	DATA 	Mouse:  Left button up, pos=(1112,48)
18.0256 	DATA 	Mouse: Left button down, pos=(1031,135)
18.1171 	EXP 	text: autoDraw = False
18.1171 	EXP 	one: autoDraw = True
18.1171 	EXP 	two: autoDraw = True
18.1176 	DATA 	Mouse:  Left button up, pos=(1031,135)
19.1222 	EXP 	two: autoDraw = False
19.1902 	DATA 	Mouse: Left button down, pos=(900,203)
19.2576 	DATA 	Mouse:  Left button up, pos=(900,203)
20.3582 	DATA 	Mouse: Left button down, pos=(184,908)
20.3730 	EXP 	one: autoDraw = False
20.3730 	EXP 	two: autoDraw = False
20.4858 	EXP 	window1: mouseVisible = True
