7.7536 	EXP 	Created window1 = Window(allowGUI=True, allowStencil=False, args=UNKNOWN, autoLog=True, bitsMode=UNKNOWN, blendMode='avg', color=array([0., 0., 0.]), colorSpace='rgb', fullscr=<method-wrapper '__getattribute__' of attributeSetter object at 0x000002061558DEF0>, gamma=None, gammaErrorPolicy='raise', kwargs=UNKNOWN, lms=UNKNOWN, monitor=<psychopy.monitors.calibTools.Monitor object at 0x00000206158175C0>, multiSample=False, name='window1', numSamples=2, pos=[0.0, 0.0], screen=0, size=array([1920, 1080]), stereo=False, units='height', useFBO=True, useRetina=False, viewOri=0.0, viewPos=None, viewScale=None, waitBlanking=True, winType='pyglet')
7.7538 	EXP 	window1: recordFrameIntervals = False
7.9198 	EXP 	window1: recordFrameIntervals = True
8.1027 	EXP 	window1: recordFrameIntervals = False
8.4891 	EXP 	Created instruction_text = TextStim(__class__=<class 'psychopy.visual.text.TextStim'>, alignHoriz='center', alignVert='center', antialias=True, autoLog=True, bold=False, color='white', colorSpace='named', contrast=1.0, depth=0.0, flipHoriz=False, flipVert=False, font='Arial', fontFiles=[], height=0.05, italic=False, languageStyle='LTR', name='instruction_text', opacity=1.0, ori=0, pos=array([0., 0.]), rgb=array([255., 255., 255.]), text=str(...), units='height', win=Window(...), wrapWidth=1)
8.4973 	EXP 	Created text_2 = TextStim(__class__=<class 'psychopy.visual.text.TextStim'>, alignHoriz='center', alignVert='center', antialias=True, autoLog=True, bold=False, color='white', colorSpace='named', contrast=1.0, depth=-2.0, flipHoriz=False, flipVert=False, font='Arial', fontFiles=[], height=0.05, italic=False, languageStyle='LTR', name='text_2', opacity=1.0, ori=0, pos=array([ 0.  , -0.45]), rgb=array([255., 255., 255.]), text='Click here to continue.', units='height', win=Window(...), wrapWidth=1)
8.5076 	EXP 	Created text = TextStim(__class__=<class 'psychopy.visual.text.TextStim'>, alignHoriz='center', alignVert='center', antialias=True, autoLog=True, bold=False, color='white', colorSpace='named', contrast=1.0, depth=0.0, flipHoriz=False, flipVert=False, font='Arial', fontFiles=[], height=0.05, italic=False, languageStyle='LTR', name='text', opacity=1.0, ori=0, pos=array([0., 0.]), rgb=array([255., 255., 255.]), text='Here is a video example.', units='height', win=Window(...), wrapWidth=1)
8.5689 	EXP 	Created one = ImageStim(__class__=<class 'psychopy.visual.image.ImageStim'>, autoLog=True, color=array([1., 1., 1.]), colorSpace='rgb', contrast=1.0, depth=0.0, flipHoriz=False, flipVert=False, image=str(...), interpolate=True, mask=None, maskParams=None, name='one', opacity=1.0, ori=0.0, pos=array([-0.7,  0.3]), size=array([0.22, 0.22]), texRes=128, units='height', win=Window(...))
8.6191 	EXP 	Created two = ImageStim(__class__=<class 'psychopy.visual.image.ImageStim'>, autoLog=True, color=array([1., 1., 1.]), colorSpace='rgb', contrast=1.0, depth=-2.0, flipHoriz=False, flipVert=False, image=str(...), interpolate=True, mask=None, maskParams=None, name='two', opacity=1.0, ori=0.0, pos=array([-0.45,  0.3 ]), size=array([0.22, 0.22]), texRes=128, units='height', win=Window(...))
8.6569 	EXP 	Created three = ImageStim(__class__=<class 'psychopy.visual.image.ImageStim'>, autoLog=True, color=array([1., 1., 1.]), colorSpace='rgb', contrast=1.0, depth=-3.0, flipHoriz=False, flipVert=False, image=str(...), interpolate=True, mask=None, maskParams=None, name='three', opacity=1.0, ori=0.0, pos=array([-0.2,  0.3]), size=array([0.22, 0.22]), texRes=128, units='height', win=Window(...))
8.6894 	EXP 	Created seven = ImageStim(__class__=<class 'psychopy.visual.image.ImageStim'>, autoLog=True, color=array([1., 1., 1.]), colorSpace='rgb', contrast=1.0, depth=-4.0, flipHoriz=False, flipVert=False, image=str(...), interpolate=True, mask=None, maskParams=None, name='seven', opacity=1.0, ori=0.0, pos=array([-0.7, -0.3]), size=array([0.22, 0.22]), texRes=128, units='height', win=Window(...))
8.7199 	EXP 	Created eight = ImageStim(__class__=<class 'psychopy.visual.image.ImageStim'>, autoLog=True, color=array([1., 1., 1.]), colorSpace='rgb', contrast=1.0, depth=-5.0, flipHoriz=False, flipVert=False, image=str(...), interpolate=True, mask=None, maskParams=None, name='eight', opacity=1.0, ori=0.0, pos=array([-0.45, -0.3 ]), size=array([0.22, 0.22]), texRes=128, units='height', win=Window(...))
8.7536 	EXP 	Created nine = ImageStim(__class__=<class 'psychopy.visual.image.ImageStim'>, autoLog=True, color=array([1., 1., 1.]), colorSpace='rgb', contrast=1.0, depth=-6.0, flipHoriz=False, flipVert=False, image=str(...), interpolate=True, mask=None, maskParams=None, name='nine', opacity=1.0, ori=0.0, pos=array([-0.2, -0.3]), size=array([0.22, 0.22]), texRes=128, units='height', win=Window(...))
8.7840 	EXP 	Created four = ImageStim(__class__=<class 'psychopy.visual.image.ImageStim'>, autoLog=True, color=array([1., 1., 1.]), colorSpace='rgb', contrast=1.0, depth=-7.0, flipHoriz=False, flipVert=False, image=str(...), interpolate=True, mask=None, maskParams=None, name='four', opacity=1.0, ori=0.0, pos=array([0.2, 0.3]), size=array([0.22, 0.22]), texRes=128, units='height', win=Window(...))
8.8142 	EXP 	Created five = ImageStim(__class__=<class 'psychopy.visual.image.ImageStim'>, autoLog=True, color=array([1., 1., 1.]), colorSpace='rgb', contrast=1.0, depth=-8.0, flipHoriz=False, flipVert=False, image=str(...), interpolate=True, mask=None, maskParams=None, name='five', opacity=1.0, ori=0.0, pos=array([0.45, 0.3 ]), size=array([0.22, 0.22]), texRes=128, units='height', win=Window(...))
8.8460 	EXP 	Created six = ImageStim(__class__=<class 'psychopy.visual.image.ImageStim'>, autoLog=True, color=array([1., 1., 1.]), colorSpace='rgb', contrast=1.0, depth=-9.0, flipHoriz=False, flipVert=False, image=str(...), interpolate=True, mask=None, maskParams=None, name='six', opacity=1.0, ori=0.0, pos=array([0.7, 0.3]), size=array([0.22, 0.22]), texRes=128, units='height', win=Window(...))
8.8768 	EXP 	Created ten = ImageStim(__class__=<class 'psychopy.visual.image.ImageStim'>, autoLog=True, color=array([1., 1., 1.]), colorSpace='rgb', contrast=1.0, depth=-10.0, flipHoriz=False, flipVert=False, image=str(...), interpolate=True, mask=None, maskParams=None, name='ten', opacity=1.0, ori=0.0, pos=array([ 0.2, -0.3]), size=array([0.22, 0.22]), texRes=128, units='height', win=Window(...))
8.9083 	EXP 	Created eleven = ImageStim(__class__=<class 'psychopy.visual.image.ImageStim'>, autoLog=True, color=array([1., 1., 1.]), colorSpace='rgb', contrast=1.0, depth=-11.0, flipHoriz=False, flipVert=False, image=str(...), interpolate=True, mask=None, maskParams=None, name='eleven', opacity=1.0, ori=0.0, pos=array([ 0.45, -0.3 ]), size=array([0.22, 0.22]), texRes=128, units='height', win=Window(...))
8.9392 	EXP 	Created twelve = ImageStim(__class__=<class 'psychopy.visual.image.ImageStim'>, autoLog=True, color=array([1., 1., 1.]), colorSpace='rgb', contrast=1.0, depth=-12.0, flipHoriz=False, flipVert=False, image=str(...), interpolate=True, mask=None, maskParams=None, name='twelve', opacity=1.0, ori=0.0, pos=array([ 0.7, -0.3]), size=array([0.22, 0.22]), texRes=128, units='height', win=Window(...))
8.9432 	EXP 	Created continue_text = TextStim(__class__=<class 'psychopy.visual.text.TextStim'>, alignHoriz='center', alignVert='center', antialias=True, autoLog=True, bold=False, color='white', colorSpace='named', contrast=1.0, depth=0.0, flipHoriz=False, flipVert=False, font='Arial', fontFiles=[], height=0.05, italic=False, languageStyle='LTR', name='continue_text', opacity=1.0, ori=0, pos=array([0., 0.]), rgb=array([255., 255., 255.]), text='Continue', units='height', win=Window(...), wrapWidth=1)
8.9792 	EXP 	instruction_text: autoDraw = True
8.9792 	EXP 	text_2: autoDraw = True
10.6068 	DATA 	Mouse: Left button down, pos=(773,19)
10.6944 	DATA 	Mouse:  Left button up, pos=(773,19)
11.0119 	DATA 	Mouse: Left button down, pos=(787,31)
11.0254 	EXP 	instruction_text: autoDraw = False
11.0254 	EXP 	text_2: autoDraw = False
11.0254 	EXP 	text: autoDraw = True
11.1083 	DATA 	Mouse:  Left button up, pos=(787,31)
11.4466 	DATA 	Mouse: Left button down, pos=(875,150)
11.6648 	DATA 	Mouse:  Left button up, pos=(875,150)
11.6770 	EXP 	text: autoDraw = False
11.6770 	EXP 	one: autoDraw = True
11.6770 	EXP 	two: autoDraw = True
11.6770 	EXP 	three: autoDraw = True
11.6770 	EXP 	seven: autoDraw = True
11.6770 	EXP 	eight: autoDraw = True
11.6770 	EXP 	nine: autoDraw = True
11.6770 	EXP 	four: autoDraw = True
11.6770 	EXP 	five: autoDraw = True
11.6770 	EXP 	six: autoDraw = True
11.6770 	EXP 	ten: autoDraw = True
11.6770 	EXP 	eleven: autoDraw = True
11.6770 	EXP 	twelve: autoDraw = True
12.3435 	DATA 	Mouse: Left button down, pos=(507,585)
12.4787 	DATA 	Mouse:  Left button up, pos=(507,585)
12.7922 	DATA 	Mouse: Left button down, pos=(649,558)
12.8987 	DATA 	Mouse:  Left button up, pos=(649,558)
13.2446 	DATA 	Mouse: Left button down, pos=(477,809)
13.2901 	EXP 	two: pos = array([-0.44722222,  0.24907407])
13.3072 	EXP 	two: pos = array([-0.44722222,  0.24907407])
13.3236 	EXP 	two: pos = array([-0.44722222,  0.24907407])
13.3401 	EXP 	two: pos = array([-0.44722222,  0.24907407])
13.3570 	EXP 	two: pos = array([-0.44722222,  0.24907407])
13.3735 	EXP 	two: pos = array([-0.44722222,  0.24907407])
13.3900 	EXP 	two: pos = array([-0.44722222,  0.24907407])
13.4068 	EXP 	two: pos = array([-0.44722222,  0.24907407])
13.4233 	EXP 	two: pos = array([-0.44722222,  0.24907407])
13.4402 	EXP 	two: pos = array([-0.45     ,  0.2287037])
13.4570 	EXP 	two: pos = array([-0.45092593,  0.21388889])
13.4739 	EXP 	two: pos = array([-0.45092593,  0.2       ])
13.4908 	EXP 	two: pos = array([-0.45092593,  0.18888889])
13.5217 	EXP 	two: pos = array([-0.45092593,  0.1787037 ])
13.5446 	EXP 	two: pos = array([-0.45      ,  0.17222222])
13.5618 	EXP 	two: pos = array([-0.44814815,  0.16574074])
13.5794 	EXP 	two: pos = array([-0.4462963 ,  0.15833333])
13.5972 	EXP 	two: pos = array([-0.44537037,  0.15462963])
13.6208 	EXP 	two: pos = array([-0.43888889,  0.14444444])
13.6430 	EXP 	two: pos = array([-0.42314815,  0.12407407])
13.6624 	EXP 	two: pos = array([-0.4       ,  0.09907407])
13.6843 	EXP 	two: pos = array([-0.38148148,  0.08148148])
13.7027 	EXP 	two: pos = array([-0.36203704,  0.06666667])
13.7250 	EXP 	two: pos = array([-0.34351852,  0.05740741])
13.7407 	EXP 	two: pos = array([-0.30833333,  0.04259259])
13.7572 	EXP 	two: pos = array([-0.28703704,  0.03518519])
13.7738 	EXP 	two: pos = array([-0.26574074,  0.03148148])
13.7906 	EXP 	two: pos = array([-0.22962963,  0.02407407])
13.8071 	EXP 	two: pos = array([-0.20462963,  0.01944444])
13.8237 	EXP 	two: pos = array([-0.17037037,  0.01296296])
13.8405 	EXP 	two: pos = array([-0.13703704,  0.00833333])
13.8574 	EXP 	two: pos = array([-0.08611111,  0.        ])
13.8741 	EXP 	two: pos = array([-0.05092593, -0.00648148])
13.8905 	EXP 	two: pos = array([-0.02685185, -0.01111111])
13.9073 	EXP 	two: pos = array([ 0.        , -0.01203704])
13.9241 	EXP 	two: pos = array([ 0.03888889, -0.01203704])
13.9407 	EXP 	two: pos = array([ 0.06111111, -0.01388889])
13.9576 	EXP 	two: pos = array([ 0.08518519, -0.01388889])
13.9744 	EXP 	two: pos = array([ 0.11481481, -0.01481481])
13.9916 	EXP 	two: pos = array([ 0.1287037 , -0.01481481])
14.0107 	EXP 	two: pos = array([ 0.16388889, -0.01481481])
14.0286 	EXP 	two: pos = array([ 0.18611111, -0.01481481])
14.0457 	EXP 	two: pos = array([ 0.21018519, -0.01481481])
14.0691 	EXP 	two: pos = array([ 0.23518519, -0.01481481])
14.0888 	EXP 	two: pos = array([ 0.26296296, -0.01481481])
14.1090 	EXP 	two: pos = array([ 0.27962963, -0.01481481])
14.1281 	EXP 	two: pos = array([ 0.31944444, -0.00925926])
14.1454 	EXP 	two: pos = array([ 0.34351852, -0.00648148])
14.1685 	EXP 	two: pos = array([ 0.37407407, -0.0037037 ])
14.1905 	EXP 	two: pos = array([0.41574074, 0.00185185])
14.2094 	EXP 	two: pos = array([0.42962963, 0.0037037 ])
14.2277 	EXP 	two: pos = array([0.43981481, 0.00462963])
14.2459 	EXP 	two: pos = array([0.44351852, 0.00555556])
14.2664 	EXP 	two: pos = array([0.44814815, 0.00648148])
14.2703 	DATA 	Mouse:  Left button up, pos=(1445,548)
14.6273 	DATA 	Mouse: Left button down, pos=(1440,553)
14.6647 	EXP 	two: pos = array([0.44444444, 0.01203704])
14.6826 	EXP 	two: pos = array([0.44444444, 0.01203704])
14.7018 	EXP 	two: pos = array([0.44444444, 0.01203704])
14.7201 	EXP 	two: pos = array([0.44444444, 0.01203704])
14.7385 	EXP 	two: pos = array([0.44444444, 0.01203704])
14.7598 	EXP 	two: pos = array([0.44444444, 0.01203704])
14.7805 	EXP 	two: pos = array([0.46481481, 0.01018519])
14.7980 	EXP 	two: pos = array([ 0.53518519, -0.00740741])
14.8199 	EXP 	two: pos = array([ 0.57037037, -0.025     ])
14.8391 	EXP 	two: pos = array([ 0.58148148, -0.02962963])
14.8585 	EXP 	two: pos = array([ 0.59722222, -0.03796296])
14.8749 	EXP 	two: pos = array([ 0.60740741, -0.04537037])
14.8916 	EXP 	two: pos = array([ 0.61203704, -0.05      ])
14.9083 	EXP 	two: pos = array([ 0.61944444, -0.05740741])
14.9251 	EXP 	two: pos = array([ 0.62592593, -0.06574074])
14.9420 	EXP 	two: pos = array([ 0.63518519, -0.0787037 ])
14.9585 	EXP 	two: pos = array([ 0.64166667, -0.09166667])
14.9754 	EXP 	two: pos = array([ 0.65092593, -0.10648148])
14.9933 	EXP 	two: pos = array([ 0.66759259, -0.13333333])
15.0098 	EXP 	two: pos = array([ 0.67592593, -0.14907407])
15.0263 	EXP 	two: pos = array([ 0.68333333, -0.16666667])
15.0469 	EXP 	two: pos = array([ 0.68703704, -0.17685185])
15.0731 	EXP 	two: pos = array([ 0.69074074, -0.18981481])
15.0927 	EXP 	two: pos = array([ 0.69259259, -0.20092593])
15.1103 	EXP 	two: pos = array([ 0.69259259, -0.21388889])
15.1288 	EXP 	two: pos = array([ 0.69259259, -0.21944444])
15.1288 	EXP 	continue_text: autoDraw = True
15.1453 	EXP 	two: pos = array([ 0.69259259, -0.2287037 ])
15.1453 	EXP 	continue_text: autoDraw = True
15.1588 	EXP 	two: pos = array([ 0.69259259, -0.23333333])
15.1588 	EXP 	continue_text: autoDraw = True
15.1752 	EXP 	two: pos = array([ 0.69259259, -0.23888889])
15.1752 	EXP 	continue_text: autoDraw = True
15.1919 	EXP 	two: pos = array([ 0.69259259, -0.2462963 ])
15.1919 	EXP 	continue_text: autoDraw = True
15.2086 	EXP 	two: pos = array([ 0.69259259, -0.25277778])
15.2086 	EXP 	continue_text: autoDraw = True
15.2253 	EXP 	two: pos = array([ 0.69166667, -0.26111111])
15.2253 	EXP 	continue_text: autoDraw = True
15.2420 	EXP 	two: pos = array([ 0.69166667, -0.26481481])
15.2420 	EXP 	continue_text: autoDraw = True
15.2587 	EXP 	two: pos = array([ 0.69166667, -0.26666667])
15.2587 	EXP 	continue_text: autoDraw = True
15.2754 	EXP 	two: pos = array([ 0.69166667, -0.26944444])
15.2754 	EXP 	continue_text: autoDraw = True
15.2921 	EXP 	two: pos = array([ 0.69166667, -0.27222222])
15.2921 	EXP 	continue_text: autoDraw = True
15.3093 	EXP 	two: pos = array([ 0.69166667, -0.27407407])
15.3093 	EXP 	continue_text: autoDraw = True
15.3286 	EXP 	two: pos = array([ 0.69166667, -0.27592593])
15.3286 	EXP 	continue_text: autoDraw = True
15.3478 	EXP 	two: pos = array([ 0.69166667, -0.27777778])
15.3478 	EXP 	continue_text: autoDraw = True
15.3705 	EXP 	two: pos = array([ 0.69166667, -0.2787037 ])
15.3705 	EXP 	continue_text: autoDraw = True
15.3900 	EXP 	two: pos = array([ 0.69166667, -0.28055556])
15.3900 	EXP 	continue_text: autoDraw = True
15.4093 	EXP 	two: pos = array([ 0.69166667, -0.28055556])
15.4093 	EXP 	continue_text: autoDraw = True
15.4258 	EXP 	two: pos = array([ 0.69166667, -0.28055556])
15.4258 	EXP 	continue_text: autoDraw = True
15.4425 	EXP 	two: pos = array([ 0.69166667, -0.28055556])
15.4425 	EXP 	continue_text: autoDraw = True
15.4593 	EXP 	two: pos = array([ 0.69074074, -0.28055556])
15.4593 	EXP 	continue_text: autoDraw = True
15.4610 	DATA 	Mouse:  Left button up, pos=(1705,238)
15.4757 	EXP 	continue_text: autoDraw = True
15.4924 	EXP 	continue_text: autoDraw = True
15.5091 	EXP 	continue_text: autoDraw = True
15.5268 	EXP 	continue_text: autoDraw = True
15.5432 	EXP 	continue_text: autoDraw = True
15.5595 	EXP 	continue_text: autoDraw = True
15.5763 	EXP 	continue_text: autoDraw = True
15.5932 	EXP 	continue_text: autoDraw = True
15.6099 	EXP 	continue_text: autoDraw = True
15.6265 	EXP 	continue_text: autoDraw = True
15.6430 	EXP 	continue_text: autoDraw = True
15.6599 	EXP 	continue_text: autoDraw = True
15.6766 	EXP 	continue_text: autoDraw = True
15.6926 	EXP 	continue_text: autoDraw = True
15.7097 	EXP 	continue_text: autoDraw = True
15.7273 	EXP 	continue_text: autoDraw = True
15.7438 	EXP 	continue_text: autoDraw = True
15.7639 	EXP 	continue_text: autoDraw = True
15.7800 	EXP 	continue_text: autoDraw = True
15.7976 	EXP 	continue_text: autoDraw = True
15.8201 	EXP 	continue_text: autoDraw = True
15.8412 	EXP 	continue_text: autoDraw = True
15.8609 	EXP 	continue_text: autoDraw = True
15.8773 	EXP 	continue_text: autoDraw = True
15.8941 	EXP 	continue_text: autoDraw = True
15.9231 	EXP 	continue_text: autoDraw = True
15.9491 	EXP 	continue_text: autoDraw = True
15.9651 	EXP 	continue_text: autoDraw = True
15.9820 	EXP 	continue_text: autoDraw = True
16.0005 	EXP 	continue_text: autoDraw = True
16.0236 	EXP 	continue_text: autoDraw = True
16.0432 	EXP 	continue_text: autoDraw = True
16.0599 	EXP 	continue_text: autoDraw = True
16.0765 	EXP 	continue_text: autoDraw = True
16.0935 	EXP 	continue_text: autoDraw = True
16.1108 	EXP 	continue_text: autoDraw = True
16.1310 	EXP 	continue_text: autoDraw = True
16.1463 	EXP 	continue_text: autoDraw = True
16.1600 	EXP 	continue_text: autoDraw = True
16.1767 	EXP 	continue_text: autoDraw = True
16.1939 	EXP 	continue_text: autoDraw = True
16.2111 	EXP 	continue_text: autoDraw = True
16.2278 	EXP 	continue_text: autoDraw = True
16.2487 	EXP 	continue_text: autoDraw = True
16.2609 	EXP 	continue_text: autoDraw = True
16.2766 	EXP 	continue_text: autoDraw = True
16.2935 	EXP 	continue_text: autoDraw = True
16.3109 	EXP 	continue_text: autoDraw = True
16.3280 	EXP 	continue_text: autoDraw = True
16.3457 	EXP 	continue_text: autoDraw = True
16.3651 	EXP 	continue_text: autoDraw = True
16.3813 	EXP 	continue_text: autoDraw = True
16.3978 	EXP 	continue_text: autoDraw = True
16.4132 	EXP 	continue_text: autoDraw = True
16.4292 	EXP 	continue_text: autoDraw = True
16.4452 	EXP 	continue_text: autoDraw = True
16.4622 	EXP 	continue_text: autoDraw = True
16.4814 	EXP 	continue_text: autoDraw = True
16.4963 	EXP 	continue_text: autoDraw = True
16.5125 	EXP 	continue_text: autoDraw = True
16.5304 	EXP 	continue_text: autoDraw = True
16.5466 	EXP 	continue_text: autoDraw = True
16.5653 	EXP 	continue_text: autoDraw = True
16.5692 	DATA 	Mouse: Left button down, pos=(1031,528)
16.5868 	EXP 	continue_text: autoDraw = True
16.6030 	EXP 	continue_text: autoDraw = True
16.6030 	EXP 	one: autoDraw = False
16.6030 	EXP 	two: autoDraw = False
16.6030 	EXP 	three: autoDraw = False
16.6030 	EXP 	seven: autoDraw = False
16.6030 	EXP 	eight: autoDraw = False
16.6030 	EXP 	nine: autoDraw = False
16.6030 	EXP 	four: autoDraw = False
16.6030 	EXP 	five: autoDraw = False
16.6030 	EXP 	six: autoDraw = False
16.6030 	EXP 	ten: autoDraw = False
16.6030 	EXP 	eleven: autoDraw = False
16.6030 	EXP 	twelve: autoDraw = False
16.7497 	EXP 	window1: mouseVisible = True
