12.3781 	EXP 	Created window1 = Window(allowGUI=True, allowStencil=False, args=UNKNOWN, autoLog=True, bitsMode=UNKNOWN, blendMode='avg', color=array([0., 0., 0.]), colorSpace='rgb', fullscr=<method-wrapper '__getattribute__' of attributeSetter object at 0x0000028830935F28>, gamma=None, gammaErrorPolicy='raise', kwargs=UNKNOWN, lms=UNKNOWN, monitor=<psychopy.monitors.calibTools.Monitor object at 0x00000288306C35F8>, multiSample=False, name='window1', numSamples=2, pos=[0.0, 0.0], screen=0, size=array([1920, 1080]), stereo=False, units='height', useFBO=True, useRetina=False, viewOri=0.0, viewPos=None, viewScale=None, waitBlanking=True, winType='pyglet')
12.3782 	EXP 	window1: recordFrameIntervals = False
12.5432 	EXP 	window1: recordFrameIntervals = True
12.7268 	EXP 	window1: recordFrameIntervals = False
13.1657 	EXP 	Created instruction_text = TextStim(__class__=<class 'psychopy.visual.text.TextStim'>, alignHoriz='center', alignVert='center', antialias=True, autoLog=True, bold=False, color='white', colorSpace='named', contrast=1.0, depth=0.0, flipHoriz=False, flipVert=False, font='Arial', fontFiles=[], height=0.05, italic=False, languageStyle='LTR', name='instruction_text', opacity=1.0, ori=0, pos=array([0., 0.]), rgb=array([255., 255., 255.]), text=str(...), units='height', win=Window(...), wrapWidth=1)
13.1745 	EXP 	Created text_2 = TextStim(__class__=<class 'psychopy.visual.text.TextStim'>, alignHoriz='center', alignVert='center', antialias=True, autoLog=True, bold=False, color='white', colorSpace='named', contrast=1.0, depth=-2.0, flipHoriz=False, flipVert=False, font='Arial', fontFiles=[], height=0.05, italic=False, languageStyle='LTR', name='text_2', opacity=1.0, ori=0, pos=array([ 0.  , -0.45]), rgb=array([255., 255., 255.]), text='Click here to continue.', units='height', win=Window(...), wrapWidth=1)
13.1858 	EXP 	Created text = TextStim(__class__=<class 'psychopy.visual.text.TextStim'>, alignHoriz='center', alignVert='center', antialias=True, autoLog=True, bold=False, color='white', colorSpace='named', contrast=1.0, depth=0.0, flipHoriz=False, flipVert=False, font='Arial', fontFiles=[], height=0.05, italic=False, languageStyle='LTR', name='text', opacity=1.0, ori=0, pos=array([0., 0.]), rgb=array([255., 255., 255.]), text='Here is a video example.', units='height', win=Window(...), wrapWidth=1)
13.2289 	EXP 	Created one = ImageStim(__class__=<class 'psychopy.visual.image.ImageStim'>, autoLog=True, color=array([1., 1., 1.]), colorSpace='rgb', contrast=1.0, depth=0.0, flipHoriz=False, flipVert=False, image=str(...), interpolate=True, mask=None, maskParams=None, name='one', opacity=1.0, ori=0.0, pos=array([-0.7,  0.3]), size=array([0.22, 0.22]), texRes=128, units='height', win=Window(...))
13.3122 	EXP 	Created two = ImageStim(__class__=<class 'psychopy.visual.image.ImageStim'>, autoLog=True, color=array([1., 1., 1.]), colorSpace='rgb', contrast=1.0, depth=-2.0, flipHoriz=False, flipVert=False, image=str(...), interpolate=True, mask=None, maskParams=None, name='two', opacity=1.0, ori=0.0, pos=array([-0.45,  0.3 ]), size=array([0.22, 0.22]), texRes=128, units='height', win=Window(...))
13.3932 	EXP 	Created three = ImageStim(__class__=<class 'psychopy.visual.image.ImageStim'>, autoLog=True, color=array([1., 1., 1.]), colorSpace='rgb', contrast=1.0, depth=-3.0, flipHoriz=False, flipVert=False, image=str(...), interpolate=True, mask=None, maskParams=None, name='three', opacity=1.0, ori=0.0, pos=array([-0.2,  0.3]), size=array([0.22, 0.22]), texRes=128, units='height', win=Window(...))
13.4629 	EXP 	Created seven = ImageStim(__class__=<class 'psychopy.visual.image.ImageStim'>, autoLog=True, color=array([1., 1., 1.]), colorSpace='rgb', contrast=1.0, depth=-4.0, flipHoriz=False, flipVert=False, image=str(...), interpolate=True, mask=None, maskParams=None, name='seven', opacity=1.0, ori=0.0, pos=array([-0.7, -0.3]), size=array([0.22, 0.22]), texRes=128, units='height', win=Window(...))
13.5547 	EXP 	Created eight = ImageStim(__class__=<class 'psychopy.visual.image.ImageStim'>, autoLog=True, color=array([1., 1., 1.]), colorSpace='rgb', contrast=1.0, depth=-5.0, flipHoriz=False, flipVert=False, image=str(...), interpolate=True, mask=None, maskParams=None, name='eight', opacity=1.0, ori=0.0, pos=array([-0.45, -0.3 ]), size=array([0.22, 0.22]), texRes=128, units='height', win=Window(...))
13.6412 	EXP 	Created nine = ImageStim(__class__=<class 'psychopy.visual.image.ImageStim'>, autoLog=True, color=array([1., 1., 1.]), colorSpace='rgb', contrast=1.0, depth=-6.0, flipHoriz=False, flipVert=False, image=str(...), interpolate=True, mask=None, maskParams=None, name='nine', opacity=1.0, ori=0.0, pos=array([-0.2, -0.3]), size=array([0.22, 0.22]), texRes=128, units='height', win=Window(...))
13.7211 	EXP 	Created four = ImageStim(__class__=<class 'psychopy.visual.image.ImageStim'>, autoLog=True, color=array([1., 1., 1.]), colorSpace='rgb', contrast=1.0, depth=-7.0, flipHoriz=False, flipVert=False, image=str(...), interpolate=True, mask=None, maskParams=None, name='four', opacity=1.0, ori=0.0, pos=array([0.2, 0.3]), size=array([0.22, 0.22]), texRes=128, units='height', win=Window(...))
13.8063 	EXP 	Created five = ImageStim(__class__=<class 'psychopy.visual.image.ImageStim'>, autoLog=True, color=array([1., 1., 1.]), colorSpace='rgb', contrast=1.0, depth=-8.0, flipHoriz=False, flipVert=False, image=str(...), interpolate=True, mask=None, maskParams=None, name='five', opacity=1.0, ori=0.0, pos=array([0.45, 0.3 ]), size=array([0.22, 0.22]), texRes=128, units='height', win=Window(...))
13.8781 	EXP 	Created six = ImageStim(__class__=<class 'psychopy.visual.image.ImageStim'>, autoLog=True, color=array([1., 1., 1.]), colorSpace='rgb', contrast=1.0, depth=-9.0, flipHoriz=False, flipVert=False, image=str(...), interpolate=True, mask=None, maskParams=None, name='six', opacity=1.0, ori=0.0, pos=array([0.7, 0.3]), size=array([0.22, 0.22]), texRes=128, units='height', win=Window(...))
13.9496 	EXP 	Created ten = ImageStim(__class__=<class 'psychopy.visual.image.ImageStim'>, autoLog=True, color=array([1., 1., 1.]), colorSpace='rgb', contrast=1.0, depth=-10.0, flipHoriz=False, flipVert=False, image=str(...), interpolate=True, mask=None, maskParams=None, name='ten', opacity=1.0, ori=0.0, pos=array([ 0.2, -0.3]), size=array([0.22, 0.22]), texRes=128, units='height', win=Window(...))
14.0188 	EXP 	Created eleven = ImageStim(__class__=<class 'psychopy.visual.image.ImageStim'>, autoLog=True, color=array([1., 1., 1.]), colorSpace='rgb', contrast=1.0, depth=-11.0, flipHoriz=False, flipVert=False, image=str(...), interpolate=True, mask=None, maskParams=None, name='eleven', opacity=1.0, ori=0.0, pos=array([ 0.45, -0.3 ]), size=array([0.22, 0.22]), texRes=128, units='height', win=Window(...))
14.0825 	EXP 	Created twelve = ImageStim(__class__=<class 'psychopy.visual.image.ImageStim'>, autoLog=True, color=array([1., 1., 1.]), colorSpace='rgb', contrast=1.0, depth=-12.0, flipHoriz=False, flipVert=False, image=str(...), interpolate=True, mask=None, maskParams=None, name='twelve', opacity=1.0, ori=0.0, pos=array([ 0.7, -0.3]), size=array([0.22, 0.22]), texRes=128, units='height', win=Window(...))
14.0867 	EXP 	Created continue_text = TextStim(__class__=<class 'psychopy.visual.text.TextStim'>, alignHoriz='center', alignVert='center', antialias=True, autoLog=True, bold=False, color='white', colorSpace='named', contrast=1.0, depth=0.0, flipHoriz=False, flipVert=False, font='Arial', fontFiles=[], height=0.05, italic=False, languageStyle='LTR', name='continue_text', opacity=1.0, ori=0, pos=array([0., 0.]), rgb=array([255., 255., 255.]), text='Continue', units='height', win=Window(...), wrapWidth=1)
14.1169 	EXP 	Created tangram1 = ImageStim(__class__=<class 'psychopy.visual.image.ImageStim'>, autoLog=True, color=array([1., 1., 1.]), colorSpace='rgb', contrast=1.0, depth=-14.0, flipHoriz=False, flipVert=False, image=str(...), interpolate=True, mask=None, maskParams=None, name='tangram1', opacity=1.0, ori=0.0, pos=array([0.5, 0.5]), size=array([0.5, 0.5]), texRes=128, units='height', win=Window(...))
14.1554 	EXP 	instruction_text: autoDraw = True
14.1554 	EXP 	text_2: autoDraw = True
16.6487 	DATA 	Mouse: Left button down, pos=(961,64)
16.6671 	EXP 	instruction_text: autoDraw = False
16.6671 	EXP 	text_2: autoDraw = False
16.6671 	EXP 	text: autoDraw = True
16.7001 	DATA 	Mouse:  Left button up, pos=(961,64)
17.4753 	DATA 	Mouse: Left button down, pos=(1081,466)
17.9821 	DATA 	Mouse:  Left button up, pos=(1081,466)
17.9940 	EXP 	text: autoDraw = False
17.9940 	EXP 	one: autoDraw = True
17.9940 	EXP 	two: autoDraw = True
17.9940 	EXP 	three: autoDraw = True
17.9940 	EXP 	seven: autoDraw = True
17.9940 	EXP 	eight: autoDraw = True
17.9940 	EXP 	nine: autoDraw = True
17.9940 	EXP 	four: autoDraw = True
17.9940 	EXP 	five: autoDraw = True
17.9940 	EXP 	six: autoDraw = True
17.9940 	EXP 	ten: autoDraw = True
17.9940 	EXP 	eleven: autoDraw = True
17.9940 	EXP 	twelve: autoDraw = True
17.9940 	EXP 	tangram1: autoDraw = True
19.0027 	EXP 	tangram1: autoDraw = False
21.5918 	DATA 	Mouse: Left button down, pos=(495,835)
21.6453 	EXP 	two: pos = array([-0.43055556,  0.27314815])
21.6658 	EXP 	two: pos = array([-0.43055556,  0.27314815])
21.6875 	EXP 	two: pos = array([-0.43055556,  0.27314815])
21.7081 	EXP 	two: pos = array([-0.43055556,  0.27314815])
21.7287 	EXP 	two: pos = array([-0.43055556,  0.27314815])
21.7473 	EXP 	two: pos = array([-0.43055556,  0.27314815])
21.7658 	EXP 	two: pos = array([-0.43055556,  0.27314815])
21.7862 	EXP 	two: pos = array([-0.43055556,  0.27314815])
21.8067 	EXP 	two: pos = array([-0.43055556,  0.27314815])
21.8287 	EXP 	two: pos = array([-0.42962963,  0.23981481])
21.8491 	EXP 	two: pos = array([-0.42592593,  0.19907407])
21.8710 	EXP 	two: pos = array([-0.42037037,  0.16666667])
21.8940 	EXP 	two: pos = array([-0.41481481,  0.14722222])
21.9134 	EXP 	two: pos = array([-0.4037037 ,  0.11944444])
21.9343 	EXP 	two: pos = array([-0.39722222,  0.1037037 ])
21.9571 	EXP 	two: pos = array([-0.39259259,  0.09537037])
21.9757 	EXP 	two: pos = array([-0.38611111,  0.08611111])
21.9945 	EXP 	two: pos = array([-0.38148148,  0.08148148])
22.0153 	EXP 	two: pos = array([-0.3787037 ,  0.07777778])
22.0389 	EXP 	two: pos = array([-0.375     ,  0.07407407])
22.0688 	EXP 	two: pos = array([-0.36944444,  0.07037037])
22.0920 	EXP 	two: pos = array([-0.35740741,  0.06574074])
22.1097 	EXP 	two: pos = array([-0.33611111,  0.05833333])
22.1337 	EXP 	two: pos = array([-0.26944444,  0.03888889])
22.1569 	EXP 	two: pos = array([-0.21203704,  0.02314815])
22.1771 	EXP 	two: pos = array([-0.15648148,  0.01018519])
22.1943 	EXP 	two: pos = array([-0.12222222,  0.00462963])
22.2175 	EXP 	two: pos = array([-0.10092593,  0.00185185])
22.2376 	EXP 	two: pos = array([-0.06666667, -0.00092593])
22.2578 	EXP 	two: pos = array([-0.03888889, -0.00185185])
22.2780 	EXP 	two: pos = array([ 0.00925926, -0.00648148])
22.2961 	EXP 	two: pos = array([ 0.03703704, -0.01203704])
22.3154 	EXP 	two: pos = array([ 0.04722222, -0.01296296])
22.3374 	EXP 	two: pos = array([ 0.05185185, -0.01296296])
22.3583 	EXP 	two: pos = array([ 0.06203704, -0.01296296])
22.3843 	EXP 	two: pos = array([ 0.10648148, -0.01296296])
22.4077 	EXP 	two: pos = array([ 0.16296296, -0.01666667])
22.4272 	EXP 	two: pos = array([ 0.20648148, -0.02222222])
22.4450 	EXP 	two: pos = array([ 0.2287037 , -0.02222222])
22.4667 	EXP 	two: pos = array([ 0.24166667, -0.02222222])
22.4910 	EXP 	two: pos = array([ 0.24722222, -0.02222222])
22.5083 	EXP 	two: pos = array([ 0.25      , -0.02222222])
22.5264 	EXP 	two: pos = array([ 0.25092593, -0.02222222])
22.5388 	DATA 	Mouse:  Left button up, pos=(1231,516)
22.5446 	EXP 	two: pos = array([ 0.25092593, -0.02222222])
23.0442 	DATA 	Mouse: Left button down, pos=(1231,516)
23.0869 	EXP 	two: pos = array([ 0.25092593, -0.02222222])
23.1095 	EXP 	two: pos = array([ 0.25092593, -0.02222222])
23.1294 	EXP 	two: pos = array([ 0.25092593, -0.02222222])
23.1535 	EXP 	two: pos = array([ 0.25092593, -0.02222222])
23.1730 	EXP 	two: pos = array([ 0.25092593, -0.02222222])
23.1870 	EXP 	two: pos = array([ 0.25092593, -0.02222222])
23.2034 	EXP 	two: pos = array([ 0.25092593, -0.02222222])
23.2201 	EXP 	two: pos = array([ 0.25092593, -0.02222222])
23.2368 	EXP 	two: pos = array([ 0.34537037, -0.03981481])
23.2535 	EXP 	two: pos = array([ 0.42685185, -0.05740741])
23.2702 	EXP 	two: pos = array([ 0.46944444, -0.06759259])
23.2868 	EXP 	two: pos = array([ 0.50462963, -0.08240741])
23.3034 	EXP 	two: pos = array([ 0.52407407, -0.08796296])
23.3201 	EXP 	two: pos = array([ 0.54444444, -0.09351852])
23.3370 	EXP 	two: pos = array([ 0.56296296, -0.10092593])
23.3537 	EXP 	two: pos = array([ 0.5787037 , -0.10925926])
23.3704 	EXP 	two: pos = array([ 0.59537037, -0.11759259])
23.3871 	EXP 	two: pos = array([ 0.60555556, -0.125     ])
23.4037 	EXP 	two: pos = array([ 0.61574074, -0.13240741])
23.4204 	EXP 	two: pos = array([ 0.62407407, -0.13703704])
23.4371 	EXP 	two: pos = array([ 0.6287037 , -0.14074074])
23.4539 	EXP 	two: pos = array([ 0.63518519, -0.14444444])
23.4704 	EXP 	two: pos = array([ 0.64444444, -0.1537037 ])
23.4875 	EXP 	two: pos = array([ 0.65277778, -0.16018519])
23.5048 	EXP 	two: pos = array([ 0.66203704, -0.16851852])
23.5247 	EXP 	two: pos = array([ 0.66481481, -0.17222222])
23.5432 	EXP 	two: pos = array([ 0.66851852, -0.1787037 ])
23.5698 	EXP 	two: pos = array([ 0.67222222, -0.18333333])
23.5931 	EXP 	two: pos = array([ 0.675     , -0.19351852])
23.6122 	EXP 	two: pos = array([ 0.67592593, -0.2       ])
23.6314 	EXP 	two: pos = array([ 0.67777778, -0.20555556])
23.6506 	EXP 	two: pos = array([ 0.6787037 , -0.21296296])
23.6721 	EXP 	two: pos = array([ 0.67962963, -0.21759259])
23.6943 	EXP 	two: pos = array([ 0.68055556, -0.22592593])
23.6943 	EXP 	continue_text: autoDraw = True
23.7128 	EXP 	two: pos = array([ 0.68148148, -0.23240741])
23.7128 	EXP 	continue_text: autoDraw = True
23.7357 	EXP 	two: pos = array([ 0.68240741, -0.23703704])
23.7357 	EXP 	continue_text: autoDraw = True
23.7568 	EXP 	two: pos = array([ 0.68611111, -0.24814815])
23.7568 	EXP 	continue_text: autoDraw = True
23.7753 	EXP 	two: pos = array([ 0.68703704, -0.25462963])
23.7753 	EXP 	continue_text: autoDraw = True
23.7947 	EXP 	two: pos = array([ 0.68796296, -0.25740741])
23.7947 	EXP 	continue_text: autoDraw = True
23.8145 	EXP 	two: pos = array([ 0.68888889, -0.26018519])
23.8145 	EXP 	continue_text: autoDraw = True
23.8341 	EXP 	two: pos = array([ 0.68981481, -0.26296296])
23.8341 	EXP 	continue_text: autoDraw = True
23.8552 	EXP 	two: pos = array([ 0.69074074, -0.26481481])
23.8552 	EXP 	continue_text: autoDraw = True
23.8748 	EXP 	two: pos = array([ 0.69074074, -0.26574074])
23.8748 	EXP 	continue_text: autoDraw = True
23.8921 	EXP 	two: pos = array([ 0.69166667, -0.26759259])
23.8921 	EXP 	continue_text: autoDraw = True
23.9107 	EXP 	two: pos = array([ 0.69166667, -0.26851852])
23.9107 	EXP 	continue_text: autoDraw = True
23.9281 	EXP 	two: pos = array([ 0.69166667, -0.26944444])
23.9281 	EXP 	continue_text: autoDraw = True
23.9526 	EXP 	two: pos = array([ 0.69166667, -0.27037037])
23.9526 	EXP 	continue_text: autoDraw = True
23.9732 	EXP 	two: pos = array([ 0.69166667, -0.2712963 ])
23.9732 	EXP 	continue_text: autoDraw = True
23.9919 	EXP 	two: pos = array([ 0.69166667, -0.2712963 ])
23.9919 	EXP 	continue_text: autoDraw = True
24.0096 	EXP 	two: pos = array([ 0.69166667, -0.2712963 ])
24.0096 	EXP 	continue_text: autoDraw = True
24.0367 	EXP 	two: pos = array([ 0.69166667, -0.2712963 ])
24.0367 	EXP 	continue_text: autoDraw = True
24.0573 	EXP 	two: pos = array([ 0.69166667, -0.2712963 ])
24.0573 	EXP 	continue_text: autoDraw = True
24.0762 	EXP 	two: pos = array([ 0.69166667, -0.2712963 ])
24.0762 	EXP 	continue_text: autoDraw = True
24.0928 	EXP 	two: pos = array([ 0.69166667, -0.2712963 ])
24.0928 	EXP 	continue_text: autoDraw = True
24.1098 	EXP 	two: pos = array([ 0.69166667, -0.2712963 ])
24.1098 	EXP 	continue_text: autoDraw = True
24.1270 	EXP 	two: pos = array([ 0.69166667, -0.2712963 ])
24.1270 	EXP 	continue_text: autoDraw = True
24.1527 	EXP 	two: pos = array([ 0.69166667, -0.2712963 ])
24.1527 	EXP 	continue_text: autoDraw = True
24.1725 	EXP 	two: pos = array([ 0.69166667, -0.2712963 ])
24.1725 	EXP 	continue_text: autoDraw = True
24.1921 	EXP 	two: pos = array([ 0.69166667, -0.2712963 ])
24.1921 	EXP 	continue_text: autoDraw = True
24.2091 	EXP 	two: pos = array([ 0.69166667, -0.2712963 ])
24.2091 	EXP 	continue_text: autoDraw = True
24.2261 	EXP 	two: pos = array([ 0.69166667, -0.2712963 ])
24.2261 	EXP 	continue_text: autoDraw = True
24.2459 	EXP 	two: pos = array([ 0.69166667, -0.26851852])
24.2459 	EXP 	continue_text: autoDraw = True
24.2631 	EXP 	two: pos = array([ 0.68888889, -0.26481481])
24.2631 	EXP 	continue_text: autoDraw = True
24.2804 	EXP 	two: pos = array([ 0.68703704, -0.26203704])
24.2804 	EXP 	continue_text: autoDraw = True
24.3031 	EXP 	two: pos = array([ 0.68703704, -0.26018519])
24.3031 	EXP 	continue_text: autoDraw = True
24.3229 	EXP 	two: pos = array([ 0.66851852, -0.23240741])
24.3229 	EXP 	continue_text: autoDraw = True
24.3433 	EXP 	two: pos = array([ 0.65      , -0.20740741])
24.3607 	EXP 	two: pos = array([ 0.63333333, -0.1787037 ])
24.3786 	EXP 	two: pos = array([ 0.62962963, -0.17222222])
24.3957 	EXP 	two: pos = array([ 0.6287037, -0.1712963])
24.4198 	EXP 	two: pos = array([ 0.62777778, -0.16944444])
24.4402 	EXP 	two: pos = array([ 0.625     , -0.16666667])
24.4601 	EXP 	two: pos = array([ 0.62407407, -0.16388889])
24.4880 	EXP 	two: pos = array([ 0.62407407, -0.16296296])
24.5075 	EXP 	two: pos = array([ 0.62222222, -0.16203704])
24.5260 	EXP 	two: pos = array([ 0.6212963 , -0.16111111])
24.5428 	EXP 	two: pos = array([ 0.6212963 , -0.16111111])
24.5610 	EXP 	two: pos = array([ 0.6212963 , -0.16111111])
24.5791 	EXP 	two: pos = array([ 0.6212963 , -0.16111111])
24.5922 	EXP 	two: pos = array([ 0.6212963 , -0.16111111])
24.6051 	EXP 	two: pos = array([ 0.6212963 , -0.16111111])
24.6218 	EXP 	two: pos = array([ 0.6212963 , -0.16111111])
24.6386 	EXP 	two: pos = array([ 0.6212963 , -0.16111111])
24.6557 	EXP 	two: pos = array([ 0.6212963 , -0.16111111])
24.6718 	EXP 	two: pos = array([ 0.6212963 , -0.16111111])
24.6884 	EXP 	two: pos = array([ 0.6212963 , -0.16111111])
24.7049 	EXP 	two: pos = array([ 0.6212963 , -0.16111111])
24.7219 	EXP 	two: pos = array([ 0.6212963 , -0.16111111])
24.7385 	EXP 	two: pos = array([ 0.6212963 , -0.16111111])
24.7552 	EXP 	two: pos = array([ 0.6212963 , -0.16111111])
24.7717 	EXP 	two: pos = array([ 0.6212963 , -0.16111111])
24.7886 	EXP 	two: pos = array([ 0.6212963 , -0.16111111])
24.8052 	EXP 	two: pos = array([ 0.6212963 , -0.16111111])
24.8219 	EXP 	two: pos = array([ 0.6212963 , -0.16111111])
24.8391 	EXP 	two: pos = array([ 0.6212963 , -0.16111111])
24.8569 	EXP 	two: pos = array([ 0.6212963 , -0.16111111])
24.8767 	EXP 	two: pos = array([ 0.62037037, -0.15925926])
24.8976 	EXP 	two: pos = array([ 0.61944444, -0.15648148])
24.9156 	EXP 	two: pos = array([ 0.61944444, -0.15555556])
24.9342 	EXP 	two: pos = array([ 0.61944444, -0.15462963])
24.9543 	EXP 	two: pos = array([ 0.61944444, -0.1537037 ])
24.9566 	DATA 	Mouse:  Left button up, pos=(1629,375)
25.2109 	DATA 	Mouse: Left button down, pos=(1629,375)
25.2541 	EXP 	two: pos = array([ 0.61944444, -0.15277778])
25.2755 	EXP 	two: pos = array([ 0.61944444, -0.15277778])
25.2960 	EXP 	two: pos = array([ 0.61944444, -0.15277778])
25.3139 	EXP 	two: pos = array([ 0.61944444, -0.15277778])
25.3330 	EXP 	two: pos = array([ 0.61944444, -0.15277778])
25.3544 	EXP 	two: pos = array([ 0.56574074, -0.10740741])
25.3762 	EXP 	two: pos = array([ 0.54074074, -0.08333333])
25.3963 	EXP 	two: pos = array([ 0.51296296, -0.05555556])
25.4181 	EXP 	two: pos = array([ 0.49074074, -0.03148148])
25.4417 	EXP 	two: pos = array([ 0.47685185, -0.01481481])
25.4626 	EXP 	two: pos = array([ 0.47037037, -0.00740741])
25.4813 	EXP 	two: pos = array([ 0.46666667, -0.00277778])
25.5005 	EXP 	two: pos = array([ 0.46388889, -0.00092593])
25.5206 	EXP 	two: pos = array([0.46018519, 0.00277778])
25.5430 	EXP 	two: pos = array([0.45833333, 0.0037037 ])
25.5652 	EXP 	two: pos = array([0.45648148, 0.00555556])
25.5850 	EXP 	two: pos = array([0.45555556, 0.00648148])
25.6074 	EXP 	two: pos = array([0.45462963, 0.00648148])
25.6279 	EXP 	two: pos = array([0.45277778, 0.00740741])
25.6461 	EXP 	two: pos = array([0.45277778, 0.00925926])
25.6641 	EXP 	two: pos = array([0.45277778, 0.00925926])
25.6819 	EXP 	two: pos = array([0.45277778, 0.00925926])
25.7003 	EXP 	two: pos = array([0.45277778, 0.00925926])
25.7206 	EXP 	two: pos = array([0.45277778, 0.00925926])
25.7335 	DATA 	Mouse:  Left button up, pos=(1449,550)
25.7441 	EXP 	two: pos = array([0.45277778, 0.00925926])
26.0097 	DATA 	Mouse: Left button down, pos=(1449,550)
26.0465 	EXP 	two: pos = array([0.45277778, 0.00925926])
26.0643 	EXP 	two: pos = array([0.45277778, 0.00925926])
26.0817 	EXP 	two: pos = array([0.45277778, 0.00925926])
26.0994 	EXP 	two: pos = array([0.45277778, 0.00925926])
26.1176 	EXP 	two: pos = array([0.45277778, 0.00925926])
26.1357 	EXP 	two: pos = array([0.45277778, 0.00925926])
26.1539 	EXP 	two: pos = array([0.45277778, 0.00925926])
26.1745 	EXP 	two: pos = array([0.45277778, 0.00925926])
26.1956 	EXP 	two: pos = array([0.45277778, 0.00925926])
26.2141 	EXP 	two: pos = array([0.45277778, 0.00925926])
26.2331 	EXP 	two: pos = array([ 0.46388889, -0.00092593])
26.2535 	EXP 	two: pos = array([ 0.48981481, -0.02314815])
26.2771 	EXP 	two: pos = array([ 0.51574074, -0.0462963 ])
26.2964 	EXP 	two: pos = array([ 0.53425926, -0.06481481])
26.3247 	EXP 	two: pos = array([ 0.55462963, -0.08888889])
26.3463 	EXP 	two: pos = array([ 0.56759259, -0.1037037 ])
26.3664 	EXP 	two: pos = array([ 0.58703704, -0.12777778])
26.3877 	EXP 	two: pos = array([ 0.60925926, -0.15092593])
26.4111 	EXP 	two: pos = array([ 0.62314815, -0.17222222])
26.4324 	EXP 	two: pos = array([ 0.62685185, -0.17962963])
26.4505 	EXP 	two: pos = array([ 0.63518519, -0.19166667])
26.4696 	EXP 	two: pos = array([ 0.64166667, -0.20277778])
26.4927 	EXP 	two: pos = array([ 0.64722222, -0.21203704])
26.5125 	EXP 	two: pos = array([ 0.65277778, -0.2212963 ])
26.5125 	EXP 	continue_text: autoDraw = True
26.5340 	EXP 	two: pos = array([ 0.65740741, -0.22777778])
26.5340 	EXP 	continue_text: autoDraw = True
26.5544 	EXP 	two: pos = array([ 0.66296296, -0.23703704])
26.5544 	EXP 	continue_text: autoDraw = True
26.5758 	EXP 	two: pos = array([ 0.67314815, -0.25648148])
26.5758 	EXP 	continue_text: autoDraw = True
26.5959 	EXP 	two: pos = array([ 0.68240741, -0.27407407])
26.5959 	EXP 	continue_text: autoDraw = True
26.6154 	EXP 	two: pos = array([ 0.68796296, -0.28611111])
26.6154 	EXP 	continue_text: autoDraw = True
26.6339 	EXP 	two: pos = array([ 0.68981481, -0.29259259])
26.6339 	EXP 	continue_text: autoDraw = True
26.6569 	EXP 	two: pos = array([ 0.69166667, -0.29814815])
26.6569 	EXP 	continue_text: autoDraw = True
26.6784 	EXP 	two: pos = array([ 0.69351852, -0.30555556])
26.6784 	EXP 	continue_text: autoDraw = True
26.6961 	EXP 	two: pos = array([ 0.69444444, -0.31481481])
26.6961 	EXP 	continue_text: autoDraw = True
26.7150 	EXP 	two: pos = array([ 0.69537037, -0.32037037])
26.7150 	EXP 	continue_text: autoDraw = True
26.7328 	EXP 	two: pos = array([ 0.69537037, -0.3212963 ])
26.7328 	EXP 	continue_text: autoDraw = True
26.7546 	EXP 	two: pos = array([ 0.69537037, -0.32407407])
26.7546 	EXP 	continue_text: autoDraw = True
26.7751 	EXP 	two: pos = array([ 0.69537037, -0.325     ])
26.7751 	EXP 	continue_text: autoDraw = True
26.7960 	EXP 	two: pos = array([ 0.69537037, -0.32685185])
26.7960 	EXP 	continue_text: autoDraw = True
26.8146 	EXP 	two: pos = array([ 0.69537037, -0.32685185])
26.8146 	EXP 	continue_text: autoDraw = True
26.8325 	EXP 	two: pos = array([ 0.69537037, -0.32685185])
26.8325 	EXP 	continue_text: autoDraw = True
26.8515 	EXP 	two: pos = array([ 0.69537037, -0.32685185])
26.8515 	EXP 	continue_text: autoDraw = True
26.8728 	EXP 	two: pos = array([ 0.69537037, -0.32685185])
26.8728 	EXP 	continue_text: autoDraw = True
26.8961 	EXP 	two: pos = array([ 0.69537037, -0.32592593])
26.8961 	EXP 	continue_text: autoDraw = True
26.9173 	EXP 	two: pos = array([ 0.69537037, -0.32222222])
26.9173 	EXP 	continue_text: autoDraw = True
26.9370 	EXP 	two: pos = array([ 0.69444444, -0.32037037])
26.9370 	EXP 	continue_text: autoDraw = True
26.9606 	EXP 	two: pos = array([ 0.69351852, -0.31759259])
26.9606 	EXP 	continue_text: autoDraw = True
26.9822 	EXP 	two: pos = array([ 0.68888889, -0.30555556])
26.9822 	EXP 	continue_text: autoDraw = True
27.0013 	EXP 	two: pos = array([ 0.68055556, -0.27962963])
27.0013 	EXP 	continue_text: autoDraw = True
27.0225 	EXP 	two: pos = array([ 0.66574074, -0.23796296])
27.0225 	EXP 	continue_text: autoDraw = True
27.0442 	EXP 	two: pos = array([ 0.65277778, -0.21203704])
27.0647 	EXP 	two: pos = array([ 0.63796296, -0.18425926])
27.0916 	EXP 	two: pos = array([ 0.62314815, -0.15833333])
27.1140 	EXP 	two: pos = array([ 0.61388889, -0.14537037])
27.1328 	EXP 	two: pos = array([ 0.59722222, -0.12407407])
27.1512 	EXP 	two: pos = array([ 0.57962963, -0.10648148])
27.1709 	EXP 	two: pos = array([ 0.55462963, -0.08240741])
27.1968 	EXP 	two: pos = array([ 0.52962963, -0.06574074])
27.2150 	EXP 	two: pos = array([ 0.49259259, -0.05092593])
27.2339 	EXP 	two: pos = array([ 0.44537037, -0.03518519])
27.2543 	EXP 	two: pos = array([ 0.42222222, -0.02962963])
27.2763 	EXP 	two: pos = array([ 0.37222222, -0.02314815])
27.2968 	EXP 	two: pos = array([ 0.33796296, -0.01759259])
27.3194 	EXP 	two: pos = array([ 0.31296296, -0.01481481])
27.3389 	EXP 	two: pos = array([ 0.30277778, -0.01203704])
27.3652 	EXP 	two: pos = array([ 0.29907407, -0.01018519])
27.3902 	EXP 	two: pos = array([ 0.29814815, -0.00833333])
27.3926 	DATA 	Mouse:  Left button up, pos=(1282,531)
27.5432 	DATA 	Mouse: Left button down, pos=(1282,531)
27.5779 	EXP 	two: pos = array([ 0.29814815, -0.00833333])
27.5922 	EXP 	two: pos = array([ 0.29814815, -0.00833333])
27.6083 	EXP 	two: pos = array([ 0.29814815, -0.00833333])
27.6250 	EXP 	two: pos = array([ 0.29814815, -0.00833333])
27.6417 	EXP 	two: pos = array([ 0.29814815, -0.00833333])
27.6584 	EXP 	two: pos = array([ 0.29814815, -0.00833333])
27.6753 	EXP 	two: pos = array([ 0.29814815, -0.00833333])
27.6920 	EXP 	two: pos = array([ 0.29814815, -0.00833333])
27.6975 	DATA 	Mouse:  Left button up, pos=(1282,531)
27.7084 	EXP 	two: pos = array([ 0.29814815, -0.00833333])
28.6687 	DATA 	Mouse: Left button down, pos=(1230,552)
28.7168 	EXP 	two: pos = array([0.25      , 0.01111111])
28.7343 	EXP 	two: pos = array([0.25      , 0.01111111])
28.7524 	EXP 	two: pos = array([0.25      , 0.01111111])
28.7711 	EXP 	two: pos = array([0.25      , 0.01111111])
28.7894 	EXP 	two: pos = array([0.25      , 0.01111111])
28.8103 	EXP 	two: pos = array([0.25      , 0.01111111])
28.8117 	DATA 	Mouse:  Left button up, pos=(1230,552)
28.8126 	DATA 	Mouse: Left button down, pos=(1230,552)
28.8337 	EXP 	two: pos = array([0.25      , 0.01111111])
28.8513 	EXP 	two: pos = array([0.25      , 0.01111111])
28.8689 	EXP 	two: pos = array([0.25      , 0.01111111])
28.8866 	EXP 	two: pos = array([0.25      , 0.01111111])
28.9055 	EXP 	two: pos = array([0.25      , 0.01111111])
28.9233 	EXP 	two: pos = array([0.25      , 0.01111111])
28.9492 	EXP 	two: pos = array([0.23333333, 0.01944444])
29.5107 	EXP 	three: pos = array([-0.23333333,  0.1962963 ])
29.5271 	EXP 	three: pos = array([-0.14537037,  0.15925926])
29.5439 	EXP 	three: pos = array([-0.06203704,  0.13425926])
29.5606 	EXP 	three: pos = array([0.01851852, 0.1037037 ])
29.6103 	EXP 	two: pos = array([0.20648148, 0.04444444])
29.6272 	EXP 	two: pos = array([0.21111111, 0.04166667])
29.6441 	EXP 	two: pos = array([0.21296296, 0.04166667])
29.6605 	EXP 	two: pos = array([0.21296296, 0.04166667])
29.6776 	EXP 	two: pos = array([0.21203704, 0.04259259])
29.6782 	DATA 	Mouse:  Left button up, pos=(1189,586)
29.9171 	DATA 	Mouse: Left button down, pos=(1189,586)
29.9542 	EXP 	two: pos = array([0.21203704, 0.04259259])
29.9740 	EXP 	two: pos = array([0.21203704, 0.04259259])
29.9950 	EXP 	two: pos = array([0.21203704, 0.04259259])
30.0155 	EXP 	two: pos = array([0.21203704, 0.04259259])
30.0335 	EXP 	two: pos = array([0.21203704, 0.04259259])
30.0519 	EXP 	two: pos = array([0.21203704, 0.04259259])
30.0694 	EXP 	two: pos = array([0.21203704, 0.04259259])
30.0864 	EXP 	two: pos = array([0.21203704, 0.04259259])
30.1036 	EXP 	two: pos = array([0.21203704, 0.04259259])
30.1237 	EXP 	two: pos = array([0.21203704, 0.04259259])
30.1482 	EXP 	two: pos = array([0.16203704, 0.06666667])
30.1700 	EXP 	two: pos = array([0.06666667, 0.11851852])
30.1890 	EXP 	two: pos = array([0.03148148, 0.13611111])
30.2087 	EXP 	two: pos = array([0.00925926, 0.14351852])
30.2308 	EXP 	two: pos = array([-0.0037037 ,  0.15185185])
30.2545 	EXP 	two: pos = array([-0.0287037 ,  0.16203704])
30.2751 	EXP 	two: pos = array([-0.06296296,  0.17685185])
30.2996 	EXP 	two: pos = array([-0.07407407,  0.18240741])
30.3183 	EXP 	two: pos = array([-0.08888889,  0.18888889])
30.3399 	EXP 	two: pos = array([-0.09722222,  0.19166667])
30.3625 	EXP 	two: pos = array([-0.11296296,  0.19722222])
30.3846 	EXP 	two: pos = array([-0.12592593,  0.20277778])
30.4047 	EXP 	two: pos = array([-0.14259259,  0.20925926])
30.4283 	EXP 	two: pos = array([-0.2212963 ,  0.23888889])
30.4491 	EXP 	two: pos = array([-0.25925926,  0.25185185])
30.4718 	EXP 	two: pos = array([-0.29814815,  0.26388889])
30.4936 	EXP 	two: pos = array([-0.31851852,  0.27037037])
30.5151 	EXP 	two: pos = array([-0.32777778,  0.2712963 ])
30.5355 	EXP 	two: pos = array([-0.33611111,  0.27314815])
30.5548 	EXP 	two: pos = array([-0.35092593,  0.27592593])
30.5752 	EXP 	two: pos = array([-0.35833333,  0.27685185])
30.6000 	EXP 	two: pos = array([-0.36388889,  0.27685185])
30.6209 	EXP 	two: pos = array([-0.36851852,  0.27685185])
30.6411 	EXP 	two: pos = array([-0.36944444,  0.27592593])
30.6631 	EXP 	two: pos = array([-0.36759259,  0.2712963 ])
30.6845 	EXP 	two: pos = array([-0.31851852,  0.24722222])
30.7799 	EXP 	three: pos = array([-0.05648148,  0.11111111])
30.8096 	EXP 	three: pos = array([-0.0287037 ,  0.09351852])
30.8344 	EXP 	three: pos = array([-0.01388889,  0.08240741])
30.8540 	EXP 	three: pos = array([-0.00555556,  0.0787037 ])
30.8733 	EXP 	three: pos = array([-0.00185185,  0.07592593])
30.8923 	EXP 	three: pos = array([0.00185185, 0.07407407])
30.9166 	EXP 	three: pos = array([0.00462963, 0.07314815])
30.9378 	EXP 	three: pos = array([0.01296296, 0.06759259])
30.9564 	EXP 	three: pos = array([0.01944444, 0.06481481])
30.9762 	EXP 	three: pos = array([0.03055556, 0.05833333])
30.9979 	EXP 	three: pos = array([0.03518519, 0.05462963])
31.0216 	EXP 	three: pos = array([0.03703704, 0.0537037 ])
31.0399 	EXP 	three: pos = array([0.03888889, 0.05277778])
31.0586 	EXP 	three: pos = array([0.03981481, 0.05185185])
31.0794 	EXP 	three: pos = array([0.03981481, 0.05185185])
31.1006 	EXP 	three: pos = array([0.03796296, 0.05185185])
31.1210 	EXP 	three: pos = array([0.025     , 0.06111111])
31.1419 	EXP 	three: pos = array([-0.05185185,  0.10185185])
31.1659 	EXP 	three: pos = array([-0.14722222,  0.1712963 ])
31.1878 	EXP 	three: pos = array([-0.2  ,  0.225])
31.2060 	EXP 	three: pos = array([-0.23703704,  0.26203704])
31.2296 	EXP 	three: pos = array([-0.26388889,  0.28518519])
31.2538 	EXP 	three: pos = array([-0.28611111,  0.30092593])
31.2724 	EXP 	three: pos = array([-0.29814815,  0.31018519])
31.2922 	EXP 	three: pos = array([-0.30277778,  0.31481481])
31.3155 	EXP 	three: pos = array([-0.3037037 ,  0.31574074])
31.3350 	EXP 	three: pos = array([-0.30462963,  0.31574074])
31.3537 	EXP 	three: pos = array([-0.30462963,  0.31574074])
31.3718 	EXP 	three: pos = array([-0.30462963,  0.31574074])
31.3896 	EXP 	three: pos = array([-0.30462963,  0.31574074])
31.4082 	EXP 	three: pos = array([-0.30462963,  0.31574074])
31.4261 	EXP 	three: pos = array([-0.30462963,  0.31574074])
31.4481 	EXP 	three: pos = array([-0.30462963,  0.31481481])
31.4716 	EXP 	three: pos = array([-0.30092593,  0.31296296])
31.4928 	EXP 	three: pos = array([-0.29444444,  0.30925926])
31.5152 	EXP 	three: pos = array([-0.24907407,  0.29537037])
31.5347 	EXP 	three: pos = array([-0.14907407,  0.275     ])
31.5561 	EXP 	three: pos = array([-0.0962963 ,  0.26944444])
31.5773 	EXP 	three: pos = array([-0.07222222,  0.26944444])
31.6016 	EXP 	three: pos = array([-0.05740741,  0.26944444])
31.6219 	EXP 	three: pos = array([-0.05      ,  0.26944444])
31.6404 	EXP 	three: pos = array([-0.04537037,  0.26944444])
31.6599 	EXP 	three: pos = array([-0.04444444,  0.26944444])
31.6823 	EXP 	three: pos = array([-0.04351852,  0.26944444])
31.7034 	EXP 	three: pos = array([-0.04259259,  0.26944444])
31.7225 	EXP 	three: pos = array([-0.04074074,  0.26944444])
31.7434 	EXP 	three: pos = array([-0.03981481,  0.26851852])
31.7641 	EXP 	three: pos = array([-0.03888889,  0.26851852])
31.7930 	EXP 	three: pos = array([-0.03611111,  0.26759259])
31.8152 	EXP 	three: pos = array([-0.03425926,  0.26759259])
31.8372 	EXP 	three: pos = array([-0.03425926,  0.26759259])
31.8556 	EXP 	three: pos = array([-0.05092593,  0.26759259])
32.1955 	EXP 	two: pos = array([-0.3712963 ,  0.22592593])
32.2193 	EXP 	two: pos = array([-0.35     ,  0.2287037])
32.2377 	EXP 	two: pos = array([-0.34166667,  0.22962963])
32.2561 	EXP 	two: pos = array([-0.34166667,  0.22962963])
32.2732 	EXP 	two: pos = array([-0.34166667,  0.22962963])
32.2913 	EXP 	two: pos = array([-0.34166667,  0.22962963])
32.3102 	EXP 	two: pos = array([-0.34166667,  0.22962963])
32.3332 	EXP 	two: pos = array([-0.34166667,  0.22962963])
32.3523 	EXP 	two: pos = array([-0.34166667,  0.22962963])
32.3697 	EXP 	two: pos = array([-0.34166667,  0.22962963])
32.3874 	EXP 	two: pos = array([-0.34166667,  0.22962963])
32.4055 	EXP 	two: pos = array([-0.34166667,  0.22962963])
32.4229 	EXP 	two: pos = array([-0.34166667,  0.22962963])
32.4414 	EXP 	two: pos = array([-0.34166667,  0.22962963])
32.4600 	EXP 	two: pos = array([-0.34166667,  0.22962963])
32.4809 	EXP 	two: pos = array([-0.34166667,  0.22962963])
32.5013 	EXP 	two: pos = array([-0.34166667,  0.22962963])
32.5201 	EXP 	two: pos = array([-0.34166667,  0.22962963])
32.5398 	EXP 	two: pos = array([-0.34444444,  0.22962963])
32.5562 	DATA 	Mouse:  Left button up, pos=(587,788)
32.5623 	EXP 	two: pos = array([-0.34537037,  0.22962963])
33.2091 	DATA 	Mouse: Left button down, pos=(889,543)
33.2391 	EXP 	one: autoDraw = False
33.2391 	EXP 	two: autoDraw = False
33.2391 	EXP 	three: autoDraw = False
33.2391 	EXP 	seven: autoDraw = False
33.2391 	EXP 	eight: autoDraw = False
33.2391 	EXP 	nine: autoDraw = False
33.2391 	EXP 	four: autoDraw = False
33.2391 	EXP 	five: autoDraw = False
33.2391 	EXP 	six: autoDraw = False
33.2391 	EXP 	ten: autoDraw = False
33.2391 	EXP 	eleven: autoDraw = False
33.2391 	EXP 	twelve: autoDraw = False
33.2391 	EXP 	tangram1: autoDraw = False
33.3918 	EXP 	window1: mouseVisible = True
