8.1615 	EXP 	Created window1 = Window(allowGUI=True, allowStencil=False, args=UNKNOWN, autoLog=True, bitsMode=UNKNOWN, blendMode='avg', color=array([0., 0., 0.]), colorSpace='rgb', fullscr=<method-wrapper '__getattribute__' of attributeSetter object at 0x000001760D23ABA8>, gamma=None, gammaErrorPolicy='raise', kwargs=UNKNOWN, lms=UNKNOWN, monitor=<psychopy.monitors.calibTools.Monitor object at 0x000001760CF82278>, multiSample=False, name='window1', numSamples=2, pos=[0.0, 0.0], screen=0, size=array([1920, 1080]), stereo=False, units='height', useFBO=True, useRetina=False, viewOri=0.0, viewPos=None, viewScale=None, waitBlanking=True, winType='pyglet')
8.1615 	EXP 	window1: recordFrameIntervals = False
8.3272 	EXP 	window1: recordFrameIntervals = True
8.5113 	EXP 	window1: recordFrameIntervals = False
8.8448 	EXP 	Created instruction_text = TextStim(__class__=<class 'psychopy.visual.text.TextStim'>, alignHoriz='center', alignVert='center', antialias=True, autoLog=True, bold=False, color='white', colorSpace='named', contrast=1.0, depth=0.0, flipHoriz=False, flipVert=False, font='Arial', fontFiles=[], height=0.05, italic=False, languageStyle='LTR', name='instruction_text', opacity=1.0, ori=0, pos=array([0., 0.]), rgb=array([255., 255., 255.]), text=str(...), units='height', win=Window(...), wrapWidth=1)
8.8539 	EXP 	Created text_2 = TextStim(__class__=<class 'psychopy.visual.text.TextStim'>, alignHoriz='center', alignVert='center', antialias=True, autoLog=True, bold=False, color='white', colorSpace='named', contrast=1.0, depth=-2.0, flipHoriz=False, flipVert=False, font='Arial', fontFiles=[], height=0.05, italic=False, languageStyle='LTR', name='text_2', opacity=1.0, ori=0, pos=array([ 0.  , -0.45]), rgb=array([255., 255., 255.]), text='Click here to continue.', units='height', win=Window(...), wrapWidth=1)
8.8654 	EXP 	Created text = TextStim(__class__=<class 'psychopy.visual.text.TextStim'>, alignHoriz='center', alignVert='center', antialias=True, autoLog=True, bold=False, color='white', colorSpace='named', contrast=1.0, depth=0.0, flipHoriz=False, flipVert=False, font='Arial', fontFiles=[], height=0.05, italic=False, languageStyle='LTR', name='text', opacity=1.0, ori=0, pos=array([0., 0.]), rgb=array([255., 255., 255.]), text='Here is a video example.', units='height', win=Window(...), wrapWidth=1)
8.9504 	EXP 	Created one = ImageStim(__class__=<class 'psychopy.visual.image.ImageStim'>, autoLog=True, color=array([1., 1., 1.]), colorSpace='rgb', contrast=1.0, depth=0.0, flipHoriz=False, flipVert=False, image=str(...), interpolate=True, mask=None, maskParams=None, name='one', opacity=1.0, ori=0.0, pos=array([-0.7,  0.3]), size=array([0.22, 0.22]), texRes=128, units='height', win=Window(...))
9.0240 	EXP 	Created two = ImageStim(__class__=<class 'psychopy.visual.image.ImageStim'>, autoLog=True, color=array([1., 1., 1.]), colorSpace='rgb', contrast=1.0, depth=-2.0, flipHoriz=False, flipVert=False, image=str(...), interpolate=True, mask=None, maskParams=None, name='two', opacity=1.0, ori=0.0, pos=array([-0.45,  0.3 ]), size=array([0.22, 0.22]), texRes=128, units='height', win=Window(...))
9.1060 	EXP 	Created three = ImageStim(__class__=<class 'psychopy.visual.image.ImageStim'>, autoLog=True, color=array([1., 1., 1.]), colorSpace='rgb', contrast=1.0, depth=-3.0, flipHoriz=False, flipVert=False, image=str(...), interpolate=True, mask=None, maskParams=None, name='three', opacity=1.0, ori=0.0, pos=array([-0.2,  0.3]), size=array([0.22, 0.22]), texRes=128, units='height', win=Window(...))
9.1786 	EXP 	Created seven = ImageStim(__class__=<class 'psychopy.visual.image.ImageStim'>, autoLog=True, color=array([1., 1., 1.]), colorSpace='rgb', contrast=1.0, depth=-4.0, flipHoriz=False, flipVert=False, image=str(...), interpolate=True, mask=None, maskParams=None, name='seven', opacity=1.0, ori=0.0, pos=array([-0.7, -0.3]), size=array([0.22, 0.22]), texRes=128, units='height', win=Window(...))
9.2547 	EXP 	Created eight = ImageStim(__class__=<class 'psychopy.visual.image.ImageStim'>, autoLog=True, color=array([1., 1., 1.]), colorSpace='rgb', contrast=1.0, depth=-5.0, flipHoriz=False, flipVert=False, image=str(...), interpolate=True, mask=None, maskParams=None, name='eight', opacity=1.0, ori=0.0, pos=array([-0.45, -0.3 ]), size=array([0.22, 0.22]), texRes=128, units='height', win=Window(...))
9.3279 	EXP 	Created nine = ImageStim(__class__=<class 'psychopy.visual.image.ImageStim'>, autoLog=True, color=array([1., 1., 1.]), colorSpace='rgb', contrast=1.0, depth=-6.0, flipHoriz=False, flipVert=False, image=str(...), interpolate=True, mask=None, maskParams=None, name='nine', opacity=1.0, ori=0.0, pos=array([-0.2, -0.3]), size=array([0.22, 0.22]), texRes=128, units='height', win=Window(...))
9.4022 	EXP 	Created four = ImageStim(__class__=<class 'psychopy.visual.image.ImageStim'>, autoLog=True, color=array([1., 1., 1.]), colorSpace='rgb', contrast=1.0, depth=-7.0, flipHoriz=False, flipVert=False, image=str(...), interpolate=True, mask=None, maskParams=None, name='four', opacity=1.0, ori=0.0, pos=array([0.2, 0.3]), size=array([0.22, 0.22]), texRes=128, units='height', win=Window(...))
9.4742 	EXP 	Created five = ImageStim(__class__=<class 'psychopy.visual.image.ImageStim'>, autoLog=True, color=array([1., 1., 1.]), colorSpace='rgb', contrast=1.0, depth=-8.0, flipHoriz=False, flipVert=False, image=str(...), interpolate=True, mask=None, maskParams=None, name='five', opacity=1.0, ori=0.0, pos=array([0.45, 0.3 ]), size=array([0.22, 0.22]), texRes=128, units='height', win=Window(...))
9.5504 	EXP 	Created six = ImageStim(__class__=<class 'psychopy.visual.image.ImageStim'>, autoLog=True, color=array([1., 1., 1.]), colorSpace='rgb', contrast=1.0, depth=-9.0, flipHoriz=False, flipVert=False, image=str(...), interpolate=True, mask=None, maskParams=None, name='six', opacity=1.0, ori=0.0, pos=array([0.7, 0.3]), size=array([0.22, 0.22]), texRes=128, units='height', win=Window(...))
9.6177 	EXP 	Created ten = ImageStim(__class__=<class 'psychopy.visual.image.ImageStim'>, autoLog=True, color=array([1., 1., 1.]), colorSpace='rgb', contrast=1.0, depth=-10.0, flipHoriz=False, flipVert=False, image=str(...), interpolate=True, mask=None, maskParams=None, name='ten', opacity=1.0, ori=0.0, pos=array([ 0.2, -0.3]), size=array([0.22, 0.22]), texRes=128, units='height', win=Window(...))
9.7077 	EXP 	Created eleven = ImageStim(__class__=<class 'psychopy.visual.image.ImageStim'>, autoLog=True, color=array([1., 1., 1.]), colorSpace='rgb', contrast=1.0, depth=-11.0, flipHoriz=False, flipVert=False, image=str(...), interpolate=True, mask=None, maskParams=None, name='eleven', opacity=1.0, ori=0.0, pos=array([ 0.45, -0.3 ]), size=array([0.22, 0.22]), texRes=128, units='height', win=Window(...))
9.7869 	EXP 	Created twelve = ImageStim(__class__=<class 'psychopy.visual.image.ImageStim'>, autoLog=True, color=array([1., 1., 1.]), colorSpace='rgb', contrast=1.0, depth=-12.0, flipHoriz=False, flipVert=False, image=str(...), interpolate=True, mask=None, maskParams=None, name='twelve', opacity=1.0, ori=0.0, pos=array([ 0.7, -0.3]), size=array([0.22, 0.22]), texRes=128, units='height', win=Window(...))
9.7984 	EXP 	Created continue_text = TextStim(__class__=<class 'psychopy.visual.text.TextStim'>, alignHoriz='center', alignVert='center', antialias=True, autoLog=True, bold=False, color='white', colorSpace='named', contrast=1.0, depth=0.0, flipHoriz=False, flipVert=False, font='Arial', fontFiles=[], height=0.001, italic=False, languageStyle='LTR', name='continue_text', opacity=0.0, ori=0, pos=array([1.5, 1.5]), rgb=array([255., 255., 255.]), text='Continue', units='height', win=Window(...), wrapWidth=1)
9.8549 	EXP 	Created gram01 = ImageStim(__class__=<class 'psychopy.visual.image.ImageStim'>, autoLog=True, color=array([1., 1., 1.]), colorSpace='rgb', contrast=1.0, depth=-14.0, flipHoriz=False, flipVert=False, image=str(...), interpolate=True, mask=None, maskParams=None, name='gram01', opacity=1.0, ori=0.0, pos=array([-0.7,  0.3]), size=array([0.22, 0.22]), texRes=128, units='height', win=Window(...))
9.8808 	EXP 	Created gram02 = ImageStim(__class__=<class 'psychopy.visual.image.ImageStim'>, autoLog=True, color=array([1., 1., 1.]), colorSpace='rgb', contrast=1.0, depth=-15.0, flipHoriz=False, flipVert=False, image=str(...), interpolate=True, mask=None, maskParams=None, name='gram02', opacity=1.0, ori=0.0, pos=array([-0.45,  0.3 ]), size=array([0.22, 0.22]), texRes=128, units='height', win=Window(...))
9.9036 	EXP 	Created gram03 = ImageStim(__class__=<class 'psychopy.visual.image.ImageStim'>, autoLog=True, color=array([1., 1., 1.]), colorSpace='rgb', contrast=1.0, depth=-16.0, flipHoriz=False, flipVert=False, image=str(...), interpolate=True, mask=None, maskParams=None, name='gram03', opacity=1.0, ori=0.0, pos=array([-0.2,  0.3]), size=array([0.22, 0.22]), texRes=128, units='height', win=Window(...))
9.9302 	EXP 	Created gram04 = ImageStim(__class__=<class 'psychopy.visual.image.ImageStim'>, autoLog=True, color=array([1., 1., 1.]), colorSpace='rgb', contrast=1.0, depth=-17.0, flipHoriz=False, flipVert=False, image=str(...), interpolate=True, mask=None, maskParams=None, name='gram04', opacity=1.0, ori=0.0, pos=array([0.2, 0.3]), size=array([0.22, 0.22]), texRes=128, units='height', win=Window(...))
9.9489 	EXP 	Created gram05 = ImageStim(__class__=<class 'psychopy.visual.image.ImageStim'>, autoLog=True, color=array([1., 1., 1.]), colorSpace='rgb', contrast=1.0, depth=-18.0, flipHoriz=False, flipVert=False, image=str(...), interpolate=True, mask=None, maskParams=None, name='gram05', opacity=1.0, ori=0.0, pos=array([0.45, 0.3 ]), size=array([0.22, 0.22]), texRes=128, units='height', win=Window(...))
9.9769 	EXP 	Created gram06 = ImageStim(__class__=<class 'psychopy.visual.image.ImageStim'>, autoLog=True, color=array([1., 1., 1.]), colorSpace='rgb', contrast=1.0, depth=-19.0, flipHoriz=False, flipVert=False, image=str(...), interpolate=True, mask=None, maskParams=None, name='gram06', opacity=1.0, ori=0.0, pos=array([0.7, 0.3]), size=array([0.22, 0.22]), texRes=128, units='height', win=Window(...))
9.9933 	EXP 	Created gram07 = ImageStim(__class__=<class 'psychopy.visual.image.ImageStim'>, autoLog=True, color=array([1., 1., 1.]), colorSpace='rgb', contrast=1.0, depth=-20.0, flipHoriz=False, flipVert=False, image=str(...), interpolate=True, mask=None, maskParams=None, name='gram07', opacity=1.0, ori=0.0, pos=array([-0.7, -0.3]), size=array([0.22, 0.22]), texRes=128, units='height', win=Window(...))
10.0477 	EXP 	Created gram08 = ImageStim(__class__=<class 'psychopy.visual.image.ImageStim'>, autoLog=True, color=array([1., 1., 1.]), colorSpace='rgb', contrast=1.0, depth=-21.0, flipHoriz=False, flipVert=False, image=str(...), interpolate=True, mask=None, maskParams=None, name='gram08', opacity=1.0, ori=0.0, pos=array([-0.45, -0.3 ]), size=array([0.22, 0.22]), texRes=128, units='height', win=Window(...))
10.0638 	EXP 	Created gram09 = ImageStim(__class__=<class 'psychopy.visual.image.ImageStim'>, autoLog=True, color=array([1., 1., 1.]), colorSpace='rgb', contrast=1.0, depth=-22.0, flipHoriz=False, flipVert=False, image=str(...), interpolate=True, mask=None, maskParams=None, name='gram09', opacity=1.0, ori=0.0, pos=array([-0.2, -0.3]), size=array([0.22, 0.22]), texRes=128, units='height', win=Window(...))
10.1427 	EXP 	Created gram10 = ImageStim(__class__=<class 'psychopy.visual.image.ImageStim'>, autoLog=True, color=array([1., 1., 1.]), colorSpace='rgb', contrast=1.0, depth=-23.0, flipHoriz=False, flipVert=False, image=str(...), interpolate=True, mask=None, maskParams=None, name='gram10', opacity=1.0, ori=0.0, pos=array([ 0.2, -0.3]), size=array([0.22, 0.22]), texRes=128, units='height', win=Window(...))
10.2000 	EXP 	Created gram11 = ImageStim(__class__=<class 'psychopy.visual.image.ImageStim'>, autoLog=True, color=array([1., 1., 1.]), colorSpace='rgb', contrast=1.0, depth=-24.0, flipHoriz=False, flipVert=False, image=str(...), interpolate=True, mask=None, maskParams=None, name='gram11', opacity=1.0, ori=0.0, pos=array([ 0.45, -0.3 ]), size=array([0.22, 0.22]), texRes=128, units='height', win=Window(...))
10.2486 	EXP 	Created gram12 = ImageStim(__class__=<class 'psychopy.visual.image.ImageStim'>, autoLog=True, color=array([1., 1., 1.]), colorSpace='rgb', contrast=1.0, depth=-25.0, flipHoriz=False, flipVert=False, image=str(...), interpolate=True, mask=None, maskParams=None, name='gram12', opacity=1.0, ori=0.0, pos=array([ 0.7, -0.3]), size=array([0.22, 0.22]), texRes=128, units='height', win=Window(...))
10.2567 	EXP 	Created easy_succ = TextStim(__class__=<class 'psychopy.visual.text.TextStim'>, alignHoriz='center', alignVert='center', antialias=True, autoLog=True, bold=False, color='white', colorSpace='named', contrast=1.0, depth=-26.0, flipHoriz=False, flipVert=False, font='Arial', fontFiles=[], height=0.05, italic=False, languageStyle='LTR', name='easy_succ', opacity=1.0, ori=0, pos=array([-0.3,  0. ]), rgb=array([255., 255., 255.]), text='Move On', units='height', win=Window(...), wrapWidth=1)
10.3009 	EXP 	Created one_2 = ImageStim(__class__=<class 'psychopy.visual.image.ImageStim'>, autoLog=True, color=array([1., 1., 1.]), colorSpace='rgb', contrast=1.0, depth=0.0, flipHoriz=False, flipVert=False, image=str(...), interpolate=True, mask=None, maskParams=None, name='one_2', opacity=1.0, ori=0.0, pos=array([-0.7,  0.3]), size=array([0.22, 0.22]), texRes=128, units='height', win=Window(...))
10.3504 	EXP 	Created two_2 = ImageStim(__class__=<class 'psychopy.visual.image.ImageStim'>, autoLog=True, color=array([1., 1., 1.]), colorSpace='rgb', contrast=1.0, depth=-2.0, flipHoriz=False, flipVert=False, image=str(...), interpolate=True, mask=None, maskParams=None, name='two_2', opacity=1.0, ori=0.0, pos=array([-0.45,  0.3 ]), size=array([0.22, 0.22]), texRes=128, units='height', win=Window(...))
10.3998 	EXP 	Created three_2 = ImageStim(__class__=<class 'psychopy.visual.image.ImageStim'>, autoLog=True, color=array([1., 1., 1.]), colorSpace='rgb', contrast=1.0, depth=-3.0, flipHoriz=False, flipVert=False, image=str(...), interpolate=True, mask=None, maskParams=None, name='three_2', opacity=1.0, ori=0.0, pos=array([-0.2,  0.3]), size=array([0.22, 0.22]), texRes=128, units='height', win=Window(...))
10.4501 	EXP 	Created seven_2 = ImageStim(__class__=<class 'psychopy.visual.image.ImageStim'>, autoLog=True, color=array([1., 1., 1.]), colorSpace='rgb', contrast=1.0, depth=-4.0, flipHoriz=False, flipVert=False, image=str(...), interpolate=True, mask=None, maskParams=None, name='seven_2', opacity=1.0, ori=0.0, pos=array([-0.7, -0.3]), size=array([0.22, 0.22]), texRes=128, units='height', win=Window(...))
10.5034 	EXP 	Created eight_2 = ImageStim(__class__=<class 'psychopy.visual.image.ImageStim'>, autoLog=True, color=array([1., 1., 1.]), colorSpace='rgb', contrast=1.0, depth=-5.0, flipHoriz=False, flipVert=False, image=str(...), interpolate=True, mask=None, maskParams=None, name='eight_2', opacity=1.0, ori=0.0, pos=array([-0.45, -0.3 ]), size=array([0.22, 0.22]), texRes=128, units='height', win=Window(...))
10.5561 	EXP 	Created nine_2 = ImageStim(__class__=<class 'psychopy.visual.image.ImageStim'>, autoLog=True, color=array([1., 1., 1.]), colorSpace='rgb', contrast=1.0, depth=-6.0, flipHoriz=False, flipVert=False, image=str(...), interpolate=True, mask=None, maskParams=None, name='nine_2', opacity=1.0, ori=0.0, pos=array([-0.2, -0.3]), size=array([0.22, 0.22]), texRes=128, units='height', win=Window(...))
10.6095 	EXP 	Created four_2 = ImageStim(__class__=<class 'psychopy.visual.image.ImageStim'>, autoLog=True, color=array([1., 1., 1.]), colorSpace='rgb', contrast=1.0, depth=-7.0, flipHoriz=False, flipVert=False, image=str(...), interpolate=True, mask=None, maskParams=None, name='four_2', opacity=1.0, ori=0.0, pos=array([0.2, 0.3]), size=array([0.22, 0.22]), texRes=128, units='height', win=Window(...))
10.6665 	EXP 	Created five_2 = ImageStim(__class__=<class 'psychopy.visual.image.ImageStim'>, autoLog=True, color=array([1., 1., 1.]), colorSpace='rgb', contrast=1.0, depth=-8.0, flipHoriz=False, flipVert=False, image=str(...), interpolate=True, mask=None, maskParams=None, name='five_2', opacity=1.0, ori=0.0, pos=array([0.45, 0.3 ]), size=array([0.22, 0.22]), texRes=128, units='height', win=Window(...))
10.7226 	EXP 	Created six_2 = ImageStim(__class__=<class 'psychopy.visual.image.ImageStim'>, autoLog=True, color=array([1., 1., 1.]), colorSpace='rgb', contrast=1.0, depth=-9.0, flipHoriz=False, flipVert=False, image=str(...), interpolate=True, mask=None, maskParams=None, name='six_2', opacity=1.0, ori=0.0, pos=array([0.7, 0.3]), size=array([0.22, 0.22]), texRes=128, units='height', win=Window(...))
10.7807 	EXP 	Created ten_2 = ImageStim(__class__=<class 'psychopy.visual.image.ImageStim'>, autoLog=True, color=array([1., 1., 1.]), colorSpace='rgb', contrast=1.0, depth=-10.0, flipHoriz=False, flipVert=False, image=str(...), interpolate=True, mask=None, maskParams=None, name='ten_2', opacity=1.0, ori=0.0, pos=array([ 0.2, -0.3]), size=array([0.22, 0.22]), texRes=128, units='height', win=Window(...))
10.8396 	EXP 	Created eleven_2 = ImageStim(__class__=<class 'psychopy.visual.image.ImageStim'>, autoLog=True, color=array([1., 1., 1.]), colorSpace='rgb', contrast=1.0, depth=-11.0, flipHoriz=False, flipVert=False, image=str(...), interpolate=True, mask=None, maskParams=None, name='eleven_2', opacity=1.0, ori=0.0, pos=array([ 0.45, -0.3 ]), size=array([0.22, 0.22]), texRes=128, units='height', win=Window(...))
10.8989 	EXP 	Created twelve_2 = ImageStim(__class__=<class 'psychopy.visual.image.ImageStim'>, autoLog=True, color=array([1., 1., 1.]), colorSpace='rgb', contrast=1.0, depth=-12.0, flipHoriz=False, flipVert=False, image=str(...), interpolate=True, mask=None, maskParams=None, name='twelve_2', opacity=1.0, ori=0.0, pos=array([ 0.7, -0.3]), size=array([0.22, 0.22]), texRes=128, units='height', win=Window(...))
10.9023 	EXP 	Created continue_text = TextStim(__class__=<class 'psychopy.visual.text.TextStim'>, alignHoriz='center', alignVert='center', antialias=True, autoLog=True, bold=False, color='white', colorSpace='named', contrast=1.0, depth=0.0, flipHoriz=False, flipVert=False, font='Arial', fontFiles=[], height=0.001, italic=False, languageStyle='LTR', name='continue_text', opacity=0.0, ori=0, pos=array([1.5, 1.5]), rgb=array([255., 255., 255.]), text='Continue', units='height', win=Window(...), wrapWidth=1)
10.9413 	EXP 	Created gram01_2 = ImageStim(__class__=<class 'psychopy.visual.image.ImageStim'>, autoLog=True, color=array([1., 1., 1.]), colorSpace='rgb', contrast=1.0, depth=-14.0, flipHoriz=False, flipVert=False, image=str(...), interpolate=True, mask=None, maskParams=None, name='gram01_2', opacity=1.0, ori=0.0, pos=array([-0.7,  0.3]), size=array([0.22, 0.22]), texRes=128, units='height', win=Window(...))
10.9594 	EXP 	Created gram02_2 = ImageStim(__class__=<class 'psychopy.visual.image.ImageStim'>, autoLog=True, color=array([1., 1., 1.]), colorSpace='rgb', contrast=1.0, depth=-15.0, flipHoriz=False, flipVert=False, image=str(...), interpolate=True, mask=None, maskParams=None, name='gram02_2', opacity=1.0, ori=0.0, pos=array([-0.45,  0.3 ]), size=array([0.22, 0.22]), texRes=128, units='height', win=Window(...))
10.9736 	EXP 	Created gram03_2 = ImageStim(__class__=<class 'psychopy.visual.image.ImageStim'>, autoLog=True, color=array([1., 1., 1.]), colorSpace='rgb', contrast=1.0, depth=-16.0, flipHoriz=False, flipVert=False, image=str(...), interpolate=True, mask=None, maskParams=None, name='gram03_2', opacity=1.0, ori=0.0, pos=array([-0.2,  0.3]), size=array([0.22, 0.22]), texRes=128, units='height', win=Window(...))
10.9936 	EXP 	Created gram04_2 = ImageStim(__class__=<class 'psychopy.visual.image.ImageStim'>, autoLog=True, color=array([1., 1., 1.]), colorSpace='rgb', contrast=1.0, depth=-17.0, flipHoriz=False, flipVert=False, image=str(...), interpolate=True, mask=None, maskParams=None, name='gram04_2', opacity=1.0, ori=0.0, pos=array([0.2, 0.3]), size=array([0.22, 0.22]), texRes=128, units='height', win=Window(...))
11.0054 	EXP 	Created gram05_2 = ImageStim(__class__=<class 'psychopy.visual.image.ImageStim'>, autoLog=True, color=array([1., 1., 1.]), colorSpace='rgb', contrast=1.0, depth=-18.0, flipHoriz=False, flipVert=False, image=str(...), interpolate=True, mask=None, maskParams=None, name='gram05_2', opacity=1.0, ori=0.0, pos=array([0.45, 0.3 ]), size=array([0.22, 0.22]), texRes=128, units='height', win=Window(...))
11.0266 	EXP 	Created gram06_2 = ImageStim(__class__=<class 'psychopy.visual.image.ImageStim'>, autoLog=True, color=array([1., 1., 1.]), colorSpace='rgb', contrast=1.0, depth=-19.0, flipHoriz=False, flipVert=False, image=str(...), interpolate=True, mask=None, maskParams=None, name='gram06_2', opacity=1.0, ori=0.0, pos=array([0.7, 0.3]), size=array([0.22, 0.22]), texRes=128, units='height', win=Window(...))
11.0391 	EXP 	Created gram07_2 = ImageStim(__class__=<class 'psychopy.visual.image.ImageStim'>, autoLog=True, color=array([1., 1., 1.]), colorSpace='rgb', contrast=1.0, depth=-20.0, flipHoriz=False, flipVert=False, image=str(...), interpolate=True, mask=None, maskParams=None, name='gram07_2', opacity=1.0, ori=0.0, pos=array([-0.7, -0.3]), size=array([0.22, 0.22]), texRes=128, units='height', win=Window(...))
11.0732 	EXP 	Created gram08_2 = ImageStim(__class__=<class 'psychopy.visual.image.ImageStim'>, autoLog=True, color=array([1., 1., 1.]), colorSpace='rgb', contrast=1.0, depth=-21.0, flipHoriz=False, flipVert=False, image=str(...), interpolate=True, mask=None, maskParams=None, name='gram08_2', opacity=1.0, ori=0.0, pos=array([-0.45, -0.3 ]), size=array([0.22, 0.22]), texRes=128, units='height', win=Window(...))
11.0831 	EXP 	Created gram09_2 = ImageStim(__class__=<class 'psychopy.visual.image.ImageStim'>, autoLog=True, color=array([1., 1., 1.]), colorSpace='rgb', contrast=1.0, depth=-22.0, flipHoriz=False, flipVert=False, image=str(...), interpolate=True, mask=None, maskParams=None, name='gram09_2', opacity=1.0, ori=0.0, pos=array([-0.2, -0.3]), size=array([0.22, 0.22]), texRes=128, units='height', win=Window(...))
11.1361 	EXP 	Created gram10_2 = ImageStim(__class__=<class 'psychopy.visual.image.ImageStim'>, autoLog=True, color=array([1., 1., 1.]), colorSpace='rgb', contrast=1.0, depth=-23.0, flipHoriz=False, flipVert=False, image=str(...), interpolate=True, mask=None, maskParams=None, name='gram10_2', opacity=1.0, ori=0.0, pos=array([ 0.2, -0.3]), size=array([0.22, 0.22]), texRes=128, units='height', win=Window(...))
11.1801 	EXP 	Created gram11_2 = ImageStim(__class__=<class 'psychopy.visual.image.ImageStim'>, autoLog=True, color=array([1., 1., 1.]), colorSpace='rgb', contrast=1.0, depth=-24.0, flipHoriz=False, flipVert=False, image=str(...), interpolate=True, mask=None, maskParams=None, name='gram11_2', opacity=1.0, ori=0.0, pos=array([ 0.45, -0.3 ]), size=array([0.22, 0.22]), texRes=128, units='height', win=Window(...))
11.2160 	EXP 	Created gram12_2 = ImageStim(__class__=<class 'psychopy.visual.image.ImageStim'>, autoLog=True, color=array([1., 1., 1.]), colorSpace='rgb', contrast=1.0, depth=-25.0, flipHoriz=False, flipVert=False, image=str(...), interpolate=True, mask=None, maskParams=None, name='gram12_2', opacity=1.0, ori=0.0, pos=array([ 0.7, -0.3]), size=array([0.22, 0.22]), texRes=128, units='height', win=Window(...))
11.2209 	EXP 	Created easy_succ_2 = TextStim(__class__=<class 'psychopy.visual.text.TextStim'>, alignHoriz='center', alignVert='center', antialias=True, autoLog=True, bold=False, color='white', colorSpace='named', contrast=1.0, depth=-26.0, flipHoriz=False, flipVert=False, font='Arial', fontFiles=[], height=0.05, italic=False, languageStyle='LTR', name='easy_succ_2', opacity=1.0, ori=0, pos=array([-0.3,  0. ]), rgb=array([255., 255., 255.]), text='Move On', units='height', win=Window(...), wrapWidth=1)
11.2577 	EXP 	instruction_text: autoDraw = True
11.2577 	EXP 	text_2: autoDraw = True
11.6983 	DATA 	Mouse: Left button down, pos=(934,207)
11.7645 	DATA 	Mouse:  Left button up, pos=(934,207)
12.1315 	DATA 	Mouse: Left button down, pos=(910,56)
12.1484 	EXP 	instruction_text: autoDraw = False
12.1484 	EXP 	text_2: autoDraw = False
12.1484 	EXP 	text: autoDraw = True
12.2316 	DATA 	Mouse:  Left button up, pos=(910,56)
12.5847 	DATA 	Mouse: Left button down, pos=(925,453)
13.2530 	DATA 	Mouse:  Left button up, pos=(925,453)
13.2533 	DATA 	Mouse: Left button down, pos=(882,526)
13.2535 	DATA 	Mouse:  Left button up, pos=(882,526)
13.2644 	EXP 	text: autoDraw = False
13.2644 	EXP 	one: autoDraw = True
13.2644 	EXP 	two: autoDraw = True
13.2644 	EXP 	three: autoDraw = True
13.2644 	EXP 	seven: autoDraw = True
13.2644 	EXP 	eight: autoDraw = True
13.2644 	EXP 	nine: autoDraw = True
13.2644 	EXP 	four: autoDraw = True
13.2644 	EXP 	five: autoDraw = True
13.2644 	EXP 	six: autoDraw = True
13.2644 	EXP 	ten: autoDraw = True
13.2644 	EXP 	eleven: autoDraw = True
13.2644 	EXP 	twelve: autoDraw = True
13.6077 	EXP 	gram01: autoDraw = True
13.6077 	EXP 	gram02: autoDraw = True
13.6077 	EXP 	gram03: autoDraw = True
13.6077 	EXP 	gram04: autoDraw = True
13.6077 	EXP 	gram05: autoDraw = True
13.6077 	EXP 	gram06: autoDraw = True
13.6077 	EXP 	gram07: autoDraw = True
13.6077 	EXP 	gram08: autoDraw = True
13.6077 	EXP 	gram09: autoDraw = True
13.6077 	EXP 	gram10: autoDraw = True
13.6077 	EXP 	gram11: autoDraw = True
13.6077 	EXP 	gram12: autoDraw = True
13.6077 	EXP 	easy_succ: autoDraw = True
14.3876 	DATA 	Mouse: Left button down, pos=(1200,853)
14.4622 	EXP 	gram04: pos = array([0.22222222, 0.28981481])
14.5061 	EXP 	gram04: pos = array([0.24907407, 0.26944444])
14.5340 	EXP 	gram04: pos = array([0.28148148, 0.24351852])
14.5672 	EXP 	gram04: pos = array([0.3212963 , 0.21296296])
14.6007 	EXP 	gram04: pos = array([0.35648148, 0.18148148])
14.6340 	EXP 	gram04: pos = array([0.39722222, 0.14907407])
14.6674 	EXP 	gram04: pos = array([0.43888889, 0.10925926])
14.7006 	EXP 	gram04: pos = array([0.4712963 , 0.08055556])
14.7340 	EXP 	gram04: pos = array([0.49259259, 0.06388889])
14.7674 	EXP 	gram04: pos = array([0.50185185, 0.05648148])
14.8007 	EXP 	gram04: pos = array([0.50555556, 0.04814815])
14.8341 	EXP 	gram04: pos = array([0.50555556, 0.04814815])
14.8675 	EXP 	gram04: pos = array([0.50555556, 0.04814815])
14.9009 	EXP 	gram04: pos = array([0.50555556, 0.04814815])
14.9349 	EXP 	gram04: pos = array([0.50555556, 0.04814815])
14.9680 	EXP 	gram04: pos = array([0.50555556, 0.04814815])
14.9724 	DATA 	Mouse:  Left button up, pos=(1506,592)
15.5904 	DATA 	Mouse: Left button down, pos=(681,535)
16.2610 	DATA 	Mouse:  Left button up, pos=(681,535)
16.2729 	EXP 	one: autoDraw = False
16.2729 	EXP 	two: autoDraw = False
16.2729 	EXP 	three: autoDraw = False
16.2729 	EXP 	seven: autoDraw = False
16.2729 	EXP 	eight: autoDraw = False
16.2729 	EXP 	nine: autoDraw = False
16.2729 	EXP 	four: autoDraw = False
16.2729 	EXP 	five: autoDraw = False
16.2729 	EXP 	six: autoDraw = False
16.2729 	EXP 	ten: autoDraw = False
16.2729 	EXP 	eleven: autoDraw = False
16.2729 	EXP 	twelve: autoDraw = False
16.2729 	EXP 	gram01: autoDraw = False
16.2729 	EXP 	gram02: autoDraw = False
16.2729 	EXP 	gram03: autoDraw = False
16.2729 	EXP 	gram04: autoDraw = False
16.2729 	EXP 	gram05: autoDraw = False
16.2729 	EXP 	gram06: autoDraw = False
16.2729 	EXP 	gram07: autoDraw = False
16.2729 	EXP 	gram08: autoDraw = False
16.2729 	EXP 	gram09: autoDraw = False
16.2729 	EXP 	gram10: autoDraw = False
16.2729 	EXP 	gram11: autoDraw = False
16.2729 	EXP 	gram12: autoDraw = False
16.2729 	EXP 	easy_succ: autoDraw = False
16.2729 	EXP 	one_2: autoDraw = True
16.2729 	EXP 	two_2: autoDraw = True
16.2729 	EXP 	three_2: autoDraw = True
16.2729 	EXP 	seven_2: autoDraw = True
16.2729 	EXP 	eight_2: autoDraw = True
16.2729 	EXP 	nine_2: autoDraw = True
16.2729 	EXP 	four_2: autoDraw = True
16.2729 	EXP 	five_2: autoDraw = True
16.2729 	EXP 	six_2: autoDraw = True
16.2729 	EXP 	ten_2: autoDraw = True
16.2729 	EXP 	eleven_2: autoDraw = True
16.2729 	EXP 	twelve_2: autoDraw = True
16.4640 	EXP 	gram01_2: autoDraw = True
16.4640 	EXP 	gram02_2: autoDraw = True
16.4640 	EXP 	gram03_2: autoDraw = True
16.4640 	EXP 	gram04_2: autoDraw = True
16.4640 	EXP 	gram05_2: autoDraw = True
16.4640 	EXP 	gram06_2: autoDraw = True
16.4640 	EXP 	gram07_2: autoDraw = True
16.4640 	EXP 	gram08_2: autoDraw = True
16.4640 	EXP 	gram09_2: autoDraw = True
16.4640 	EXP 	gram10_2: autoDraw = True
16.4640 	EXP 	gram11_2: autoDraw = True
16.4640 	EXP 	gram12_2: autoDraw = True
16.4640 	EXP 	easy_succ_2: autoDraw = True
22.0671 	DATA 	Mouse: Left button down, pos=(550,219)
22.1495 	EXP 	gram08: pos = array([-0.37962963, -0.29722222])
22.1897 	EXP 	gram08: pos = array([-0.37962963, -0.29722222])
22.6111 	DATA 	Mouse:  Left button up, pos=(318,441)
23.1043 	DATA 	Mouse: Left button down, pos=(452,264)
23.4393 	DATA 	Mouse:  Left button up, pos=(295,475)
23.8637 	DATA 	Mouse: Left button down, pos=(474,198)
23.9280 	EXP 	gram08: pos = array([-0.45      , -0.31666667])
23.9612 	EXP 	gram08: pos = array([-0.45      , -0.31666667])
23.9950 	EXP 	gram08: pos = array([-0.45      , -0.31666667])
24.0346 	EXP 	gram08: pos = array([-0.45      , -0.31666667])
24.0700 	EXP 	gram08: pos = array([-0.45      , -0.31666667])
24.1175 	EXP 	gram08: pos = array([-0.45      , -0.31666667])
24.1633 	EXP 	gram08: pos = array([-0.45648148, -0.31018519])
24.2013 	EXP 	gram08: pos = array([-0.46111111, -0.30555556])
24.2389 	EXP 	gram08: pos = array([-0.46759259, -0.29907407])
24.2839 	EXP 	gram08: pos = array([-0.48240741, -0.28333333])
24.3218 	EXP 	gram08: pos = array([-0.49537037, -0.27222222])
24.3685 	EXP 	gram08: pos = array([-0.50462963, -0.26296296])
24.4050 	EXP 	gram08: pos = array([-0.50925926, -0.25833333])
24.4517 	EXP 	gram08: pos = array([-0.51111111, -0.25648148])
24.4888 	EXP 	gram08: pos = array([-0.51111111, -0.25185185])
24.5336 	EXP 	gram08: pos = array([-0.44814815, -0.16851852])
24.5725 	EXP 	gram08: pos = array([-0.35648148, -0.08611111])
24.5810 	DATA 	Mouse:  Left button up, pos=(592,458)
25.3080 	DATA 	Mouse: Left button down, pos=(686,520)
25.3614 	EXP 	one_2: autoDraw = False
25.3614 	EXP 	two_2: autoDraw = False
25.3614 	EXP 	three_2: autoDraw = False
25.3614 	EXP 	seven_2: autoDraw = False
25.3614 	EXP 	eight_2: autoDraw = False
25.3614 	EXP 	nine_2: autoDraw = False
25.3614 	EXP 	four_2: autoDraw = False
25.3614 	EXP 	five_2: autoDraw = False
25.3614 	EXP 	six_2: autoDraw = False
25.3614 	EXP 	ten_2: autoDraw = False
25.3614 	EXP 	eleven_2: autoDraw = False
25.3614 	EXP 	twelve_2: autoDraw = False
25.3614 	EXP 	gram01_2: autoDraw = False
25.3614 	EXP 	gram02_2: autoDraw = False
25.3614 	EXP 	gram03_2: autoDraw = False
25.3614 	EXP 	gram04_2: autoDraw = False
25.3614 	EXP 	gram05_2: autoDraw = False
25.3614 	EXP 	gram06_2: autoDraw = False
25.3614 	EXP 	gram07_2: autoDraw = False
25.3614 	EXP 	gram08_2: autoDraw = False
25.3614 	EXP 	gram09_2: autoDraw = False
25.3614 	EXP 	gram10_2: autoDraw = False
25.3614 	EXP 	gram11_2: autoDraw = False
25.3614 	EXP 	gram12_2: autoDraw = False
25.3614 	EXP 	easy_succ_2: autoDraw = False
25.4015 	EXP 	window1: mouseVisible = True
