11.5749 	EXP 	Created window1 = Window(allowGUI=True, allowStencil=False, args=UNKNOWN, autoLog=True, bitsMode=UNKNOWN, blendMode='avg', color=array([0., 0., 0.]), colorSpace='rgb', fullscr=<method-wrapper '__getattribute__' of attributeSetter object at 0x0000024970EA1DD8>, gamma=None, gammaErrorPolicy='raise', kwargs=UNKNOWN, lms=UNKNOWN, monitor=<psychopy.monitors.calibTools.Monitor object at 0x0000024970E969B0>, multiSample=False, name='window1', numSamples=2, pos=[0.0, 0.0], screen=0, size=array([1920, 1080]), stereo=False, units='height', useFBO=True, useRetina=False, viewOri=0.0, viewPos=None, viewScale=None, waitBlanking=True, winType='pyglet')
11.5750 	EXP 	window1: recordFrameIntervals = False
11.7406 	EXP 	window1: recordFrameIntervals = True
11.9245 	EXP 	window1: recordFrameIntervals = False
12.3373 	EXP 	Created instruction_text = TextStim(__class__=<class 'psychopy.visual.text.TextStim'>, alignHoriz='center', alignVert='center', antialias=True, autoLog=True, bold=False, color='white', colorSpace='named', contrast=1.0, depth=0.0, flipHoriz=False, flipVert=False, font='Arial', fontFiles=[], height=0.05, italic=False, languageStyle='LTR', name='instruction_text', opacity=1.0, ori=0, pos=array([0., 0.]), rgb=array([255., 255., 255.]), text=str(...), units='height', win=Window(...), wrapWidth=1)
12.3458 	EXP 	Created text_2 = TextStim(__class__=<class 'psychopy.visual.text.TextStim'>, alignHoriz='center', alignVert='center', antialias=True, autoLog=True, bold=False, color='white', colorSpace='named', contrast=1.0, depth=-2.0, flipHoriz=False, flipVert=False, font='Arial', fontFiles=[], height=0.05, italic=False, languageStyle='LTR', name='text_2', opacity=1.0, ori=0, pos=array([ 0.  , -0.45]), rgb=array([255., 255., 255.]), text='Click here to continue.', units='height', win=Window(...), wrapWidth=1)
12.3561 	EXP 	Created text = TextStim(__class__=<class 'psychopy.visual.text.TextStim'>, alignHoriz='center', alignVert='center', antialias=True, autoLog=True, bold=False, color='white', colorSpace='named', contrast=1.0, depth=0.0, flipHoriz=False, flipVert=False, font='Arial', fontFiles=[], height=0.05, italic=False, languageStyle='LTR', name='text', opacity=1.0, ori=0, pos=array([0., 0.]), rgb=array([255., 255., 255.]), text='Here is a video example.', units='height', win=Window(...), wrapWidth=1)
12.4279 	EXP 	Created one = ImageStim(__class__=<class 'psychopy.visual.image.ImageStim'>, autoLog=True, color=array([1., 1., 1.]), colorSpace='rgb', contrast=1.0, depth=0.0, flipHoriz=False, flipVert=False, image=str(...), interpolate=True, mask=None, maskParams=None, name='one', opacity=1.0, ori=0.0, pos=array([-0.7,  0.3]), size=array([0.22, 0.22]), texRes=128, units='height', win=Window(...))
12.4928 	EXP 	Created two = ImageStim(__class__=<class 'psychopy.visual.image.ImageStim'>, autoLog=True, color=array([1., 1., 1.]), colorSpace='rgb', contrast=1.0, depth=-2.0, flipHoriz=False, flipVert=False, image=str(...), interpolate=True, mask=None, maskParams=None, name='two', opacity=1.0, ori=0.0, pos=array([-0.45,  0.3 ]), size=array([0.22, 0.22]), texRes=128, units='height', win=Window(...))
12.5546 	EXP 	Created three = ImageStim(__class__=<class 'psychopy.visual.image.ImageStim'>, autoLog=True, color=array([1., 1., 1.]), colorSpace='rgb', contrast=1.0, depth=-3.0, flipHoriz=False, flipVert=False, image=str(...), interpolate=True, mask=None, maskParams=None, name='three', opacity=1.0, ori=0.0, pos=array([-0.2,  0.3]), size=array([0.22, 0.22]), texRes=128, units='height', win=Window(...))
12.6187 	EXP 	Created seven = ImageStim(__class__=<class 'psychopy.visual.image.ImageStim'>, autoLog=True, color=array([1., 1., 1.]), colorSpace='rgb', contrast=1.0, depth=-4.0, flipHoriz=False, flipVert=False, image=str(...), interpolate=True, mask=None, maskParams=None, name='seven', opacity=1.0, ori=0.0, pos=array([-0.7, -0.3]), size=array([0.22, 0.22]), texRes=128, units='height', win=Window(...))
12.6852 	EXP 	Created eight = ImageStim(__class__=<class 'psychopy.visual.image.ImageStim'>, autoLog=True, color=array([1., 1., 1.]), colorSpace='rgb', contrast=1.0, depth=-5.0, flipHoriz=False, flipVert=False, image=str(...), interpolate=True, mask=None, maskParams=None, name='eight', opacity=1.0, ori=0.0, pos=array([-0.45, -0.3 ]), size=array([0.22, 0.22]), texRes=128, units='height', win=Window(...))
12.7492 	EXP 	Created nine = ImageStim(__class__=<class 'psychopy.visual.image.ImageStim'>, autoLog=True, color=array([1., 1., 1.]), colorSpace='rgb', contrast=1.0, depth=-6.0, flipHoriz=False, flipVert=False, image=str(...), interpolate=True, mask=None, maskParams=None, name='nine', opacity=1.0, ori=0.0, pos=array([-0.2, -0.3]), size=array([0.22, 0.22]), texRes=128, units='height', win=Window(...))
12.8118 	EXP 	Created four = ImageStim(__class__=<class 'psychopy.visual.image.ImageStim'>, autoLog=True, color=array([1., 1., 1.]), colorSpace='rgb', contrast=1.0, depth=-7.0, flipHoriz=False, flipVert=False, image=str(...), interpolate=True, mask=None, maskParams=None, name='four', opacity=1.0, ori=0.0, pos=array([0.2, 0.3]), size=array([0.22, 0.22]), texRes=128, units='height', win=Window(...))
12.8728 	EXP 	Created five = ImageStim(__class__=<class 'psychopy.visual.image.ImageStim'>, autoLog=True, color=array([1., 1., 1.]), colorSpace='rgb', contrast=1.0, depth=-8.0, flipHoriz=False, flipVert=False, image=str(...), interpolate=True, mask=None, maskParams=None, name='five', opacity=1.0, ori=0.0, pos=array([0.45, 0.3 ]), size=array([0.22, 0.22]), texRes=128, units='height', win=Window(...))
12.9393 	EXP 	Created six = ImageStim(__class__=<class 'psychopy.visual.image.ImageStim'>, autoLog=True, color=array([1., 1., 1.]), colorSpace='rgb', contrast=1.0, depth=-9.0, flipHoriz=False, flipVert=False, image=str(...), interpolate=True, mask=None, maskParams=None, name='six', opacity=1.0, ori=0.0, pos=array([0.7, 0.3]), size=array([0.22, 0.22]), texRes=128, units='height', win=Window(...))
13.0109 	EXP 	Created ten = ImageStim(__class__=<class 'psychopy.visual.image.ImageStim'>, autoLog=True, color=array([1., 1., 1.]), colorSpace='rgb', contrast=1.0, depth=-10.0, flipHoriz=False, flipVert=False, image=str(...), interpolate=True, mask=None, maskParams=None, name='ten', opacity=1.0, ori=0.0, pos=array([ 0.2, -0.3]), size=array([0.22, 0.22]), texRes=128, units='height', win=Window(...))
13.0780 	EXP 	Created eleven = ImageStim(__class__=<class 'psychopy.visual.image.ImageStim'>, autoLog=True, color=array([1., 1., 1.]), colorSpace='rgb', contrast=1.0, depth=-11.0, flipHoriz=False, flipVert=False, image=str(...), interpolate=True, mask=None, maskParams=None, name='eleven', opacity=1.0, ori=0.0, pos=array([ 0.45, -0.3 ]), size=array([0.22, 0.22]), texRes=128, units='height', win=Window(...))
13.1485 	EXP 	Created twelve = ImageStim(__class__=<class 'psychopy.visual.image.ImageStim'>, autoLog=True, color=array([1., 1., 1.]), colorSpace='rgb', contrast=1.0, depth=-12.0, flipHoriz=False, flipVert=False, image=str(...), interpolate=True, mask=None, maskParams=None, name='twelve', opacity=1.0, ori=0.0, pos=array([ 0.7, -0.3]), size=array([0.22, 0.22]), texRes=128, units='height', win=Window(...))
13.1598 	EXP 	Created continue_text = TextStim(__class__=<class 'psychopy.visual.text.TextStim'>, alignHoriz='center', alignVert='center', antialias=True, autoLog=True, bold=False, color='white', colorSpace='named', contrast=1.0, depth=0.0, flipHoriz=False, flipVert=False, font='Arial', fontFiles=[], height=0.001, italic=False, languageStyle='LTR', name='continue_text', opacity=0.0, ori=0, pos=array([1.5, 1.5]), rgb=array([255., 255., 255.]), text='Continue', units='height', win=Window(...), wrapWidth=1)
13.2136 	EXP 	Created gram01 = ImageStim(__class__=<class 'psychopy.visual.image.ImageStim'>, autoLog=True, color=array([1., 1., 1.]), colorSpace='rgb', contrast=1.0, depth=-14.0, flipHoriz=False, flipVert=False, image=str(...), interpolate=True, mask=None, maskParams=None, name='gram01', opacity=1.0, ori=0.0, pos=array([-0.7,  0.3]), size=array([0.22, 0.22]), texRes=128, units='height', win=Window(...))
13.2295 	EXP 	Created gram02 = ImageStim(__class__=<class 'psychopy.visual.image.ImageStim'>, autoLog=True, color=array([1., 1., 1.]), colorSpace='rgb', contrast=1.0, depth=-15.0, flipHoriz=False, flipVert=False, image=str(...), interpolate=True, mask=None, maskParams=None, name='gram02', opacity=1.0, ori=0.0, pos=array([-0.45,  0.3 ]), size=array([0.22, 0.22]), texRes=128, units='height', win=Window(...))
13.2489 	EXP 	Created gram03 = ImageStim(__class__=<class 'psychopy.visual.image.ImageStim'>, autoLog=True, color=array([1., 1., 1.]), colorSpace='rgb', contrast=1.0, depth=-16.0, flipHoriz=False, flipVert=False, image=str(...), interpolate=True, mask=None, maskParams=None, name='gram03', opacity=1.0, ori=0.0, pos=array([-0.2,  0.3]), size=array([0.22, 0.22]), texRes=128, units='height', win=Window(...))
13.2753 	EXP 	Created gram04 = ImageStim(__class__=<class 'psychopy.visual.image.ImageStim'>, autoLog=True, color=array([1., 1., 1.]), colorSpace='rgb', contrast=1.0, depth=-17.0, flipHoriz=False, flipVert=False, image=str(...), interpolate=True, mask=None, maskParams=None, name='gram04', opacity=1.0, ori=0.0, pos=array([0.2, 0.3]), size=array([0.22, 0.22]), texRes=128, units='height', win=Window(...))
13.2927 	EXP 	Created gram05 = ImageStim(__class__=<class 'psychopy.visual.image.ImageStim'>, autoLog=True, color=array([1., 1., 1.]), colorSpace='rgb', contrast=1.0, depth=-18.0, flipHoriz=False, flipVert=False, image=str(...), interpolate=True, mask=None, maskParams=None, name='gram05', opacity=1.0, ori=0.0, pos=array([0.45, 0.3 ]), size=array([0.22, 0.22]), texRes=128, units='height', win=Window(...))
13.3228 	EXP 	Created gram06 = ImageStim(__class__=<class 'psychopy.visual.image.ImageStim'>, autoLog=True, color=array([1., 1., 1.]), colorSpace='rgb', contrast=1.0, depth=-19.0, flipHoriz=False, flipVert=False, image=str(...), interpolate=True, mask=None, maskParams=None, name='gram06', opacity=1.0, ori=0.0, pos=array([0.7, 0.3]), size=array([0.22, 0.22]), texRes=128, units='height', win=Window(...))
13.3399 	EXP 	Created gram07 = ImageStim(__class__=<class 'psychopy.visual.image.ImageStim'>, autoLog=True, color=array([1., 1., 1.]), colorSpace='rgb', contrast=1.0, depth=-20.0, flipHoriz=False, flipVert=False, image=str(...), interpolate=True, mask=None, maskParams=None, name='gram07', opacity=1.0, ori=0.0, pos=array([-0.7, -0.3]), size=array([0.22, 0.22]), texRes=128, units='height', win=Window(...))
13.3998 	EXP 	Created gram08 = ImageStim(__class__=<class 'psychopy.visual.image.ImageStim'>, autoLog=True, color=array([1., 1., 1.]), colorSpace='rgb', contrast=1.0, depth=-21.0, flipHoriz=False, flipVert=False, image=str(...), interpolate=True, mask=None, maskParams=None, name='gram08', opacity=1.0, ori=0.0, pos=array([-0.45, -0.3 ]), size=array([0.22, 0.22]), texRes=128, units='height', win=Window(...))
13.4178 	EXP 	Created gram09 = ImageStim(__class__=<class 'psychopy.visual.image.ImageStim'>, autoLog=True, color=array([1., 1., 1.]), colorSpace='rgb', contrast=1.0, depth=-22.0, flipHoriz=False, flipVert=False, image=str(...), interpolate=True, mask=None, maskParams=None, name='gram09', opacity=1.0, ori=0.0, pos=array([-0.2, -0.3]), size=array([0.22, 0.22]), texRes=128, units='height', win=Window(...))
13.5099 	EXP 	Created gram10 = ImageStim(__class__=<class 'psychopy.visual.image.ImageStim'>, autoLog=True, color=array([1., 1., 1.]), colorSpace='rgb', contrast=1.0, depth=-23.0, flipHoriz=False, flipVert=False, image=str(...), interpolate=True, mask=None, maskParams=None, name='gram10', opacity=1.0, ori=0.0, pos=array([ 0.2, -0.3]), size=array([0.22, 0.22]), texRes=128, units='height', win=Window(...))
13.5682 	EXP 	Created gram11 = ImageStim(__class__=<class 'psychopy.visual.image.ImageStim'>, autoLog=True, color=array([1., 1., 1.]), colorSpace='rgb', contrast=1.0, depth=-24.0, flipHoriz=False, flipVert=False, image=str(...), interpolate=True, mask=None, maskParams=None, name='gram11', opacity=1.0, ori=0.0, pos=array([ 0.45, -0.3 ]), size=array([0.22, 0.22]), texRes=128, units='height', win=Window(...))
13.6151 	EXP 	Created gram12 = ImageStim(__class__=<class 'psychopy.visual.image.ImageStim'>, autoLog=True, color=array([1., 1., 1.]), colorSpace='rgb', contrast=1.0, depth=-25.0, flipHoriz=False, flipVert=False, image=str(...), interpolate=True, mask=None, maskParams=None, name='gram12', opacity=1.0, ori=0.0, pos=array([ 0.7, -0.3]), size=array([0.22, 0.22]), texRes=128, units='height', win=Window(...))
13.6244 	EXP 	Created easy_succ = TextStim(__class__=<class 'psychopy.visual.text.TextStim'>, alignHoriz='center', alignVert='center', antialias=True, autoLog=True, bold=False, color='white', colorSpace='named', contrast=1.0, depth=-26.0, flipHoriz=False, flipVert=False, font='Arial', fontFiles=[], height=0.05, italic=False, languageStyle='LTR', name='easy_succ', opacity=1.0, ori=0, pos=array([-0.3,  0. ]), rgb=array([255., 255., 255.]), text='Move On', units='height', win=Window(...), wrapWidth=1)
13.6728 	EXP 	Created one_2 = ImageStim(__class__=<class 'psychopy.visual.image.ImageStim'>, autoLog=True, color=array([1., 1., 1.]), colorSpace='rgb', contrast=1.0, depth=0.0, flipHoriz=False, flipVert=False, image=str(...), interpolate=True, mask=None, maskParams=None, name='one_2', opacity=1.0, ori=0.0, pos=array([-0.7,  0.3]), size=array([0.22, 0.22]), texRes=128, units='height', win=Window(...))
13.7253 	EXP 	Created two_2 = ImageStim(__class__=<class 'psychopy.visual.image.ImageStim'>, autoLog=True, color=array([1., 1., 1.]), colorSpace='rgb', contrast=1.0, depth=-2.0, flipHoriz=False, flipVert=False, image=str(...), interpolate=True, mask=None, maskParams=None, name='two_2', opacity=1.0, ori=0.0, pos=array([-0.45,  0.3 ]), size=array([0.22, 0.22]), texRes=128, units='height', win=Window(...))
13.7831 	EXP 	Created three_2 = ImageStim(__class__=<class 'psychopy.visual.image.ImageStim'>, autoLog=True, color=array([1., 1., 1.]), colorSpace='rgb', contrast=1.0, depth=-3.0, flipHoriz=False, flipVert=False, image=str(...), interpolate=True, mask=None, maskParams=None, name='three_2', opacity=1.0, ori=0.0, pos=array([-0.2,  0.3]), size=array([0.22, 0.22]), texRes=128, units='height', win=Window(...))
13.8398 	EXP 	Created seven_2 = ImageStim(__class__=<class 'psychopy.visual.image.ImageStim'>, autoLog=True, color=array([1., 1., 1.]), colorSpace='rgb', contrast=1.0, depth=-4.0, flipHoriz=False, flipVert=False, image=str(...), interpolate=True, mask=None, maskParams=None, name='seven_2', opacity=1.0, ori=0.0, pos=array([-0.7, -0.3]), size=array([0.22, 0.22]), texRes=128, units='height', win=Window(...))
13.8975 	EXP 	Created eight_2 = ImageStim(__class__=<class 'psychopy.visual.image.ImageStim'>, autoLog=True, color=array([1., 1., 1.]), colorSpace='rgb', contrast=1.0, depth=-5.0, flipHoriz=False, flipVert=False, image=str(...), interpolate=True, mask=None, maskParams=None, name='eight_2', opacity=1.0, ori=0.0, pos=array([-0.45, -0.3 ]), size=array([0.22, 0.22]), texRes=128, units='height', win=Window(...))
13.9467 	EXP 	Created nine_2 = ImageStim(__class__=<class 'psychopy.visual.image.ImageStim'>, autoLog=True, color=array([1., 1., 1.]), colorSpace='rgb', contrast=1.0, depth=-6.0, flipHoriz=False, flipVert=False, image=str(...), interpolate=True, mask=None, maskParams=None, name='nine_2', opacity=1.0, ori=0.0, pos=array([-0.2, -0.3]), size=array([0.22, 0.22]), texRes=128, units='height', win=Window(...))
13.9966 	EXP 	Created four_2 = ImageStim(__class__=<class 'psychopy.visual.image.ImageStim'>, autoLog=True, color=array([1., 1., 1.]), colorSpace='rgb', contrast=1.0, depth=-7.0, flipHoriz=False, flipVert=False, image=str(...), interpolate=True, mask=None, maskParams=None, name='four_2', opacity=1.0, ori=0.0, pos=array([0.2, 0.3]), size=array([0.22, 0.22]), texRes=128, units='height', win=Window(...))
14.0510 	EXP 	Created five_2 = ImageStim(__class__=<class 'psychopy.visual.image.ImageStim'>, autoLog=True, color=array([1., 1., 1.]), colorSpace='rgb', contrast=1.0, depth=-8.0, flipHoriz=False, flipVert=False, image=str(...), interpolate=True, mask=None, maskParams=None, name='five_2', opacity=1.0, ori=0.0, pos=array([0.45, 0.3 ]), size=array([0.22, 0.22]), texRes=128, units='height', win=Window(...))
14.1043 	EXP 	Created six_2 = ImageStim(__class__=<class 'psychopy.visual.image.ImageStim'>, autoLog=True, color=array([1., 1., 1.]), colorSpace='rgb', contrast=1.0, depth=-9.0, flipHoriz=False, flipVert=False, image=str(...), interpolate=True, mask=None, maskParams=None, name='six_2', opacity=1.0, ori=0.0, pos=array([0.7, 0.3]), size=array([0.22, 0.22]), texRes=128, units='height', win=Window(...))
14.1554 	EXP 	Created ten_2 = ImageStim(__class__=<class 'psychopy.visual.image.ImageStim'>, autoLog=True, color=array([1., 1., 1.]), colorSpace='rgb', contrast=1.0, depth=-10.0, flipHoriz=False, flipVert=False, image=str(...), interpolate=True, mask=None, maskParams=None, name='ten_2', opacity=1.0, ori=0.0, pos=array([ 0.2, -0.3]), size=array([0.22, 0.22]), texRes=128, units='height', win=Window(...))
14.2107 	EXP 	Created eleven_2 = ImageStim(__class__=<class 'psychopy.visual.image.ImageStim'>, autoLog=True, color=array([1., 1., 1.]), colorSpace='rgb', contrast=1.0, depth=-11.0, flipHoriz=False, flipVert=False, image=str(...), interpolate=True, mask=None, maskParams=None, name='eleven_2', opacity=1.0, ori=0.0, pos=array([ 0.45, -0.3 ]), size=array([0.22, 0.22]), texRes=128, units='height', win=Window(...))
14.2670 	EXP 	Created twelve_2 = ImageStim(__class__=<class 'psychopy.visual.image.ImageStim'>, autoLog=True, color=array([1., 1., 1.]), colorSpace='rgb', contrast=1.0, depth=-12.0, flipHoriz=False, flipVert=False, image=str(...), interpolate=True, mask=None, maskParams=None, name='twelve_2', opacity=1.0, ori=0.0, pos=array([ 0.7, -0.3]), size=array([0.22, 0.22]), texRes=128, units='height', win=Window(...))
14.2706 	EXP 	Created continue_text = TextStim(__class__=<class 'psychopy.visual.text.TextStim'>, alignHoriz='center', alignVert='center', antialias=True, autoLog=True, bold=False, color='white', colorSpace='named', contrast=1.0, depth=0.0, flipHoriz=False, flipVert=False, font='Arial', fontFiles=[], height=0.001, italic=False, languageStyle='LTR', name='continue_text', opacity=0.0, ori=0, pos=array([1.5, 1.5]), rgb=array([255., 255., 255.]), text='Continue', units='height', win=Window(...), wrapWidth=1)
14.3111 	EXP 	Created gram01_2 = ImageStim(__class__=<class 'psychopy.visual.image.ImageStim'>, autoLog=True, color=array([1., 1., 1.]), colorSpace='rgb', contrast=1.0, depth=-14.0, flipHoriz=False, flipVert=False, image=str(...), interpolate=True, mask=None, maskParams=None, name='gram01_2', opacity=1.0, ori=0.0, pos=array([-0.7,  0.3]), size=array([0.22, 0.22]), texRes=128, units='height', win=Window(...))
14.3300 	EXP 	Created gram02_2 = ImageStim(__class__=<class 'psychopy.visual.image.ImageStim'>, autoLog=True, color=array([1., 1., 1.]), colorSpace='rgb', contrast=1.0, depth=-15.0, flipHoriz=False, flipVert=False, image=str(...), interpolate=True, mask=None, maskParams=None, name='gram02_2', opacity=1.0, ori=0.0, pos=array([-0.45,  0.3 ]), size=array([0.22, 0.22]), texRes=128, units='height', win=Window(...))
14.3458 	EXP 	Created gram03_2 = ImageStim(__class__=<class 'psychopy.visual.image.ImageStim'>, autoLog=True, color=array([1., 1., 1.]), colorSpace='rgb', contrast=1.0, depth=-16.0, flipHoriz=False, flipVert=False, image=str(...), interpolate=True, mask=None, maskParams=None, name='gram03_2', opacity=1.0, ori=0.0, pos=array([-0.2,  0.3]), size=array([0.22, 0.22]), texRes=128, units='height', win=Window(...))
14.3680 	EXP 	Created gram04_2 = ImageStim(__class__=<class 'psychopy.visual.image.ImageStim'>, autoLog=True, color=array([1., 1., 1.]), colorSpace='rgb', contrast=1.0, depth=-17.0, flipHoriz=False, flipVert=False, image=str(...), interpolate=True, mask=None, maskParams=None, name='gram04_2', opacity=1.0, ori=0.0, pos=array([0.2, 0.3]), size=array([0.22, 0.22]), texRes=128, units='height', win=Window(...))
14.3815 	EXP 	Created gram05_2 = ImageStim(__class__=<class 'psychopy.visual.image.ImageStim'>, autoLog=True, color=array([1., 1., 1.]), colorSpace='rgb', contrast=1.0, depth=-18.0, flipHoriz=False, flipVert=False, image=str(...), interpolate=True, mask=None, maskParams=None, name='gram05_2', opacity=1.0, ori=0.0, pos=array([0.45, 0.3 ]), size=array([0.22, 0.22]), texRes=128, units='height', win=Window(...))
14.4039 	EXP 	Created gram06_2 = ImageStim(__class__=<class 'psychopy.visual.image.ImageStim'>, autoLog=True, color=array([1., 1., 1.]), colorSpace='rgb', contrast=1.0, depth=-19.0, flipHoriz=False, flipVert=False, image=str(...), interpolate=True, mask=None, maskParams=None, name='gram06_2', opacity=1.0, ori=0.0, pos=array([0.7, 0.3]), size=array([0.22, 0.22]), texRes=128, units='height', win=Window(...))
14.4133 	EXP 	Created gram07_2 = ImageStim(__class__=<class 'psychopy.visual.image.ImageStim'>, autoLog=True, color=array([1., 1., 1.]), colorSpace='rgb', contrast=1.0, depth=-20.0, flipHoriz=False, flipVert=False, image=str(...), interpolate=True, mask=None, maskParams=None, name='gram07_2', opacity=1.0, ori=0.0, pos=array([-0.7, -0.3]), size=array([0.22, 0.22]), texRes=128, units='height', win=Window(...))
14.4535 	EXP 	Created gram08_2 = ImageStim(__class__=<class 'psychopy.visual.image.ImageStim'>, autoLog=True, color=array([1., 1., 1.]), colorSpace='rgb', contrast=1.0, depth=-21.0, flipHoriz=False, flipVert=False, image=str(...), interpolate=True, mask=None, maskParams=None, name='gram08_2', opacity=1.0, ori=0.0, pos=array([-0.45, -0.3 ]), size=array([0.22, 0.22]), texRes=128, units='height', win=Window(...))
14.4663 	EXP 	Created gram09_2 = ImageStim(__class__=<class 'psychopy.visual.image.ImageStim'>, autoLog=True, color=array([1., 1., 1.]), colorSpace='rgb', contrast=1.0, depth=-22.0, flipHoriz=False, flipVert=False, image=str(...), interpolate=True, mask=None, maskParams=None, name='gram09_2', opacity=1.0, ori=0.0, pos=array([-0.2, -0.3]), size=array([0.22, 0.22]), texRes=128, units='height', win=Window(...))
14.5281 	EXP 	Created gram10_2 = ImageStim(__class__=<class 'psychopy.visual.image.ImageStim'>, autoLog=True, color=array([1., 1., 1.]), colorSpace='rgb', contrast=1.0, depth=-23.0, flipHoriz=False, flipVert=False, image=str(...), interpolate=True, mask=None, maskParams=None, name='gram10_2', opacity=1.0, ori=0.0, pos=array([ 0.2, -0.3]), size=array([0.22, 0.22]), texRes=128, units='height', win=Window(...))
14.5685 	EXP 	Created gram11_2 = ImageStim(__class__=<class 'psychopy.visual.image.ImageStim'>, autoLog=True, color=array([1., 1., 1.]), colorSpace='rgb', contrast=1.0, depth=-24.0, flipHoriz=False, flipVert=False, image=str(...), interpolate=True, mask=None, maskParams=None, name='gram11_2', opacity=1.0, ori=0.0, pos=array([ 0.45, -0.3 ]), size=array([0.22, 0.22]), texRes=128, units='height', win=Window(...))
14.6026 	EXP 	Created gram12_2 = ImageStim(__class__=<class 'psychopy.visual.image.ImageStim'>, autoLog=True, color=array([1., 1., 1.]), colorSpace='rgb', contrast=1.0, depth=-25.0, flipHoriz=False, flipVert=False, image=str(...), interpolate=True, mask=None, maskParams=None, name='gram12_2', opacity=1.0, ori=0.0, pos=array([ 0.7, -0.3]), size=array([0.22, 0.22]), texRes=128, units='height', win=Window(...))
14.6076 	EXP 	Created easy_succ_2 = TextStim(__class__=<class 'psychopy.visual.text.TextStim'>, alignHoriz='center', alignVert='center', antialias=True, autoLog=True, bold=False, color='white', colorSpace='named', contrast=1.0, depth=-26.0, flipHoriz=False, flipVert=False, font='Arial', fontFiles=[], height=0.05, italic=False, languageStyle='LTR', name='easy_succ_2', opacity=1.0, ori=0, pos=array([-0.3,  0. ]), rgb=array([255., 255., 255.]), text='Move On', units='height', win=Window(...), wrapWidth=1)
14.6975 	EXP 	Created one_3 = ImageStim(__class__=<class 'psychopy.visual.image.ImageStim'>, autoLog=True, color=array([1., 1., 1.]), colorSpace='rgb', contrast=1.0, depth=0.0, flipHoriz=False, flipVert=False, image=str(...), interpolate=True, mask=None, maskParams=None, name='one_3', opacity=1.0, ori=0.0, pos=array([-0.7,  0.3]), size=array([0.22, 0.22]), texRes=128, units='height', win=Window(...))
14.7843 	EXP 	Created two_3 = ImageStim(__class__=<class 'psychopy.visual.image.ImageStim'>, autoLog=True, color=array([1., 1., 1.]), colorSpace='rgb', contrast=1.0, depth=-2.0, flipHoriz=False, flipVert=False, image=str(...), interpolate=True, mask=None, maskParams=None, name='two_3', opacity=1.0, ori=0.0, pos=array([-0.45,  0.3 ]), size=array([0.22, 0.22]), texRes=128, units='height', win=Window(...))
14.8586 	EXP 	Created three_3 = ImageStim(__class__=<class 'psychopy.visual.image.ImageStim'>, autoLog=True, color=array([1., 1., 1.]), colorSpace='rgb', contrast=1.0, depth=-3.0, flipHoriz=False, flipVert=False, image=str(...), interpolate=True, mask=None, maskParams=None, name='three_3', opacity=1.0, ori=0.0, pos=array([-0.2,  0.3]), size=array([0.22, 0.22]), texRes=128, units='height', win=Window(...))
14.9444 	EXP 	Created seven_3 = ImageStim(__class__=<class 'psychopy.visual.image.ImageStim'>, autoLog=True, color=array([1., 1., 1.]), colorSpace='rgb', contrast=1.0, depth=-4.0, flipHoriz=False, flipVert=False, image=str(...), interpolate=True, mask=None, maskParams=None, name='seven_3', opacity=1.0, ori=0.0, pos=array([-0.7, -0.3]), size=array([0.22, 0.22]), texRes=128, units='height', win=Window(...))
15.0307 	EXP 	Created eight_3 = ImageStim(__class__=<class 'psychopy.visual.image.ImageStim'>, autoLog=True, color=array([1., 1., 1.]), colorSpace='rgb', contrast=1.0, depth=-5.0, flipHoriz=False, flipVert=False, image=str(...), interpolate=True, mask=None, maskParams=None, name='eight_3', opacity=1.0, ori=0.0, pos=array([-0.45, -0.3 ]), size=array([0.22, 0.22]), texRes=128, units='height', win=Window(...))
15.1218 	EXP 	Created nine_3 = ImageStim(__class__=<class 'psychopy.visual.image.ImageStim'>, autoLog=True, color=array([1., 1., 1.]), colorSpace='rgb', contrast=1.0, depth=-6.0, flipHoriz=False, flipVert=False, image=str(...), interpolate=True, mask=None, maskParams=None, name='nine_3', opacity=1.0, ori=0.0, pos=array([-0.2, -0.3]), size=array([0.22, 0.22]), texRes=128, units='height', win=Window(...))
15.2070 	EXP 	Created four_3 = ImageStim(__class__=<class 'psychopy.visual.image.ImageStim'>, autoLog=True, color=array([1., 1., 1.]), colorSpace='rgb', contrast=1.0, depth=-7.0, flipHoriz=False, flipVert=False, image=str(...), interpolate=True, mask=None, maskParams=None, name='four_3', opacity=1.0, ori=0.0, pos=array([0.2, 0.3]), size=array([0.22, 0.22]), texRes=128, units='height', win=Window(...))
15.2996 	EXP 	Created five_3 = ImageStim(__class__=<class 'psychopy.visual.image.ImageStim'>, autoLog=True, color=array([1., 1., 1.]), colorSpace='rgb', contrast=1.0, depth=-8.0, flipHoriz=False, flipVert=False, image=str(...), interpolate=True, mask=None, maskParams=None, name='five_3', opacity=1.0, ori=0.0, pos=array([0.45, 0.3 ]), size=array([0.22, 0.22]), texRes=128, units='height', win=Window(...))
15.3941 	EXP 	Created six_3 = ImageStim(__class__=<class 'psychopy.visual.image.ImageStim'>, autoLog=True, color=array([1., 1., 1.]), colorSpace='rgb', contrast=1.0, depth=-9.0, flipHoriz=False, flipVert=False, image=str(...), interpolate=True, mask=None, maskParams=None, name='six_3', opacity=1.0, ori=0.0, pos=array([0.7, 0.3]), size=array([0.22, 0.22]), texRes=128, units='height', win=Window(...))
15.4833 	EXP 	Created ten_3 = ImageStim(__class__=<class 'psychopy.visual.image.ImageStim'>, autoLog=True, color=array([1., 1., 1.]), colorSpace='rgb', contrast=1.0, depth=-10.0, flipHoriz=False, flipVert=False, image=str(...), interpolate=True, mask=None, maskParams=None, name='ten_3', opacity=1.0, ori=0.0, pos=array([ 0.2, -0.3]), size=array([0.22, 0.22]), texRes=128, units='height', win=Window(...))
15.5770 	EXP 	Created eleven_3 = ImageStim(__class__=<class 'psychopy.visual.image.ImageStim'>, autoLog=True, color=array([1., 1., 1.]), colorSpace='rgb', contrast=1.0, depth=-11.0, flipHoriz=False, flipVert=False, image=str(...), interpolate=True, mask=None, maskParams=None, name='eleven_3', opacity=1.0, ori=0.0, pos=array([ 0.45, -0.3 ]), size=array([0.22, 0.22]), texRes=128, units='height', win=Window(...))
15.6642 	EXP 	Created twelve_3 = ImageStim(__class__=<class 'psychopy.visual.image.ImageStim'>, autoLog=True, color=array([1., 1., 1.]), colorSpace='rgb', contrast=1.0, depth=-12.0, flipHoriz=False, flipVert=False, image=str(...), interpolate=True, mask=None, maskParams=None, name='twelve_3', opacity=1.0, ori=0.0, pos=array([ 0.7, -0.3]), size=array([0.22, 0.22]), texRes=128, units='height', win=Window(...))
15.6676 	EXP 	Created continue_text = TextStim(__class__=<class 'psychopy.visual.text.TextStim'>, alignHoriz='center', alignVert='center', antialias=True, autoLog=True, bold=False, color='white', colorSpace='named', contrast=1.0, depth=0.0, flipHoriz=False, flipVert=False, font='Arial', fontFiles=[], height=0.001, italic=False, languageStyle='LTR', name='continue_text', opacity=0.0, ori=0, pos=array([1.5, 1.5]), rgb=array([255., 255., 255.]), text='Continue', units='height', win=Window(...), wrapWidth=1)
15.7342 	EXP 	Created gram01_3 = ImageStim(__class__=<class 'psychopy.visual.image.ImageStim'>, autoLog=True, color=array([1., 1., 1.]), colorSpace='rgb', contrast=1.0, depth=-14.0, flipHoriz=False, flipVert=False, image=str(...), interpolate=True, mask=None, maskParams=None, name='gram01_3', opacity=1.0, ori=0.0, pos=array([-0.7,  0.3]), size=array([0.22, 0.22]), texRes=128, units='height', win=Window(...))
15.7650 	EXP 	Created gram02_3 = ImageStim(__class__=<class 'psychopy.visual.image.ImageStim'>, autoLog=True, color=array([1., 1., 1.]), colorSpace='rgb', contrast=1.0, depth=-15.0, flipHoriz=False, flipVert=False, image=str(...), interpolate=True, mask=None, maskParams=None, name='gram02_3', opacity=1.0, ori=0.0, pos=array([-0.45,  0.3 ]), size=array([0.22, 0.22]), texRes=128, units='height', win=Window(...))
15.7875 	EXP 	Created gram03_3 = ImageStim(__class__=<class 'psychopy.visual.image.ImageStim'>, autoLog=True, color=array([1., 1., 1.]), colorSpace='rgb', contrast=1.0, depth=-16.0, flipHoriz=False, flipVert=False, image=str(...), interpolate=True, mask=None, maskParams=None, name='gram03_3', opacity=1.0, ori=0.0, pos=array([-0.2,  0.3]), size=array([0.22, 0.22]), texRes=128, units='height', win=Window(...))
15.8201 	EXP 	Created gram04_3 = ImageStim(__class__=<class 'psychopy.visual.image.ImageStim'>, autoLog=True, color=array([1., 1., 1.]), colorSpace='rgb', contrast=1.0, depth=-17.0, flipHoriz=False, flipVert=False, image=str(...), interpolate=True, mask=None, maskParams=None, name='gram04_3', opacity=1.0, ori=0.0, pos=array([0.2, 0.3]), size=array([0.22, 0.22]), texRes=128, units='height', win=Window(...))
15.8406 	EXP 	Created gram05_3 = ImageStim(__class__=<class 'psychopy.visual.image.ImageStim'>, autoLog=True, color=array([1., 1., 1.]), colorSpace='rgb', contrast=1.0, depth=-18.0, flipHoriz=False, flipVert=False, image=str(...), interpolate=True, mask=None, maskParams=None, name='gram05_3', opacity=1.0, ori=0.0, pos=array([0.45, 0.3 ]), size=array([0.22, 0.22]), texRes=128, units='height', win=Window(...))
15.8770 	EXP 	Created gram06_3 = ImageStim(__class__=<class 'psychopy.visual.image.ImageStim'>, autoLog=True, color=array([1., 1., 1.]), colorSpace='rgb', contrast=1.0, depth=-19.0, flipHoriz=False, flipVert=False, image=str(...), interpolate=True, mask=None, maskParams=None, name='gram06_3', opacity=1.0, ori=0.0, pos=array([0.7, 0.3]), size=array([0.22, 0.22]), texRes=128, units='height', win=Window(...))
15.8983 	EXP 	Created gram07_3 = ImageStim(__class__=<class 'psychopy.visual.image.ImageStim'>, autoLog=True, color=array([1., 1., 1.]), colorSpace='rgb', contrast=1.0, depth=-20.0, flipHoriz=False, flipVert=False, image=str(...), interpolate=True, mask=None, maskParams=None, name='gram07_3', opacity=1.0, ori=0.0, pos=array([-0.7, -0.3]), size=array([0.22, 0.22]), texRes=128, units='height', win=Window(...))
15.9543 	EXP 	Created gram08_3 = ImageStim(__class__=<class 'psychopy.visual.image.ImageStim'>, autoLog=True, color=array([1., 1., 1.]), colorSpace='rgb', contrast=1.0, depth=-21.0, flipHoriz=False, flipVert=False, image=str(...), interpolate=True, mask=None, maskParams=None, name='gram08_3', opacity=1.0, ori=0.0, pos=array([-0.45, -0.3 ]), size=array([0.22, 0.22]), texRes=128, units='height', win=Window(...))
15.9722 	EXP 	Created gram09_3 = ImageStim(__class__=<class 'psychopy.visual.image.ImageStim'>, autoLog=True, color=array([1., 1., 1.]), colorSpace='rgb', contrast=1.0, depth=-22.0, flipHoriz=False, flipVert=False, image=str(...), interpolate=True, mask=None, maskParams=None, name='gram09_3', opacity=1.0, ori=0.0, pos=array([-0.2, -0.3]), size=array([0.22, 0.22]), texRes=128, units='height', win=Window(...))
16.0732 	EXP 	Created gram10_3 = ImageStim(__class__=<class 'psychopy.visual.image.ImageStim'>, autoLog=True, color=array([1., 1., 1.]), colorSpace='rgb', contrast=1.0, depth=-23.0, flipHoriz=False, flipVert=False, image=str(...), interpolate=True, mask=None, maskParams=None, name='gram10_3', opacity=1.0, ori=0.0, pos=array([ 0.2, -0.3]), size=array([0.22, 0.22]), texRes=128, units='height', win=Window(...))
16.1295 	EXP 	Created gram11_3 = ImageStim(__class__=<class 'psychopy.visual.image.ImageStim'>, autoLog=True, color=array([1., 1., 1.]), colorSpace='rgb', contrast=1.0, depth=-24.0, flipHoriz=False, flipVert=False, image=str(...), interpolate=True, mask=None, maskParams=None, name='gram11_3', opacity=1.0, ori=0.0, pos=array([ 0.45, -0.3 ]), size=array([0.22, 0.22]), texRes=128, units='height', win=Window(...))
16.1818 	EXP 	Created gram12_3 = ImageStim(__class__=<class 'psychopy.visual.image.ImageStim'>, autoLog=True, color=array([1., 1., 1.]), colorSpace='rgb', contrast=1.0, depth=-25.0, flipHoriz=False, flipVert=False, image=str(...), interpolate=True, mask=None, maskParams=None, name='gram12_3', opacity=1.0, ori=0.0, pos=array([ 0.7, -0.3]), size=array([0.22, 0.22]), texRes=128, units='height', win=Window(...))
16.1864 	EXP 	Created easy_succ_3 = TextStim(__class__=<class 'psychopy.visual.text.TextStim'>, alignHoriz='center', alignVert='center', antialias=True, autoLog=True, bold=False, color='white', colorSpace='named', contrast=1.0, depth=-26.0, flipHoriz=False, flipVert=False, font='Arial', fontFiles=[], height=0.05, italic=False, languageStyle='LTR', name='easy_succ_3', opacity=1.0, ori=0, pos=array([-0.3,  0. ]), rgb=array([255., 255., 255.]), text='Move On', units='height', win=Window(...), wrapWidth=1)
16.2334 	EXP 	instruction_text: autoDraw = True
16.2334 	EXP 	text_2: autoDraw = True
16.8297 	DATA 	Mouse: Left button down, pos=(977,59)
16.8454 	EXP 	instruction_text: autoDraw = False
16.8454 	EXP 	text_2: autoDraw = False
16.8454 	EXP 	text: autoDraw = True
16.9132 	DATA 	Mouse:  Left button up, pos=(977,59)
17.8709 	DATA 	Mouse: Left button down, pos=(908,549)
18.3973 	DATA 	Mouse:  Left button up, pos=(908,549)
18.4091 	EXP 	text: autoDraw = False
18.4091 	EXP 	one: autoDraw = True
18.4091 	EXP 	two: autoDraw = True
18.4091 	EXP 	three: autoDraw = True
18.4091 	EXP 	seven: autoDraw = True
18.4091 	EXP 	eight: autoDraw = True
18.4091 	EXP 	nine: autoDraw = True
18.4091 	EXP 	four: autoDraw = True
18.4091 	EXP 	five: autoDraw = True
18.4091 	EXP 	six: autoDraw = True
18.4091 	EXP 	ten: autoDraw = True
18.4091 	EXP 	eleven: autoDraw = True
18.4091 	EXP 	twelve: autoDraw = True
18.7221 	EXP 	gram01: autoDraw = True
18.7221 	EXP 	gram02: autoDraw = True
18.7221 	EXP 	gram03: autoDraw = True
18.7221 	EXP 	gram04: autoDraw = True
18.7221 	EXP 	gram05: autoDraw = True
18.7221 	EXP 	gram06: autoDraw = True
18.7221 	EXP 	gram07: autoDraw = True
18.7221 	EXP 	gram08: autoDraw = True
18.7221 	EXP 	gram09: autoDraw = True
18.7221 	EXP 	gram10: autoDraw = True
18.7221 	EXP 	gram11: autoDraw = True
18.7221 	EXP 	gram12: autoDraw = True
18.7221 	EXP 	easy_succ: autoDraw = True
30.0171 	DATA 	Mouse: Left button down, pos=(535,210)
30.1183 	EXP 	gram08: pos = array([-0.38518519, -0.30462963])
30.1666 	EXP 	gram08: pos = array([-0.39722222, -0.28611111])
30.2169 	EXP 	gram08: pos = array([-0.41944444, -0.25277778])
30.2702 	EXP 	gram08: pos = array([-0.45092593, -0.2       ])
30.3211 	EXP 	gram08: pos = array([-0.47777778, -0.16018519])
30.3676 	EXP 	gram08: pos = array([-0.49444444, -0.14074074])
30.4128 	EXP 	gram08: pos = array([-0.51574074, -0.11574074])
30.4563 	EXP 	gram08: pos = array([-0.53148148, -0.09814815])
30.4943 	EXP 	gram08: pos = array([-0.56666667, -0.06296296])
30.5266 	EXP 	gram08: pos = array([-0.6       , -0.03518519])
30.5600 	EXP 	gram08: pos = array([-0.62037037, -0.01666667])
30.5931 	EXP 	gram08: pos = array([-0.62962963, -0.00648148])
30.6327 	EXP 	gram08: pos = array([-0.63796296,  0.00462963])
30.6740 	EXP 	gram08: pos = array([-0.64722222,  0.01851852])
30.7205 	EXP 	gram08: pos = array([-0.6537037 ,  0.02685185])
30.7664 	EXP 	gram08: pos = array([-0.66018519,  0.03240741])
30.8031 	EXP 	gram08: pos = array([-0.66666667,  0.03611111])
30.8492 	EXP 	gram08: pos = array([-0.67407407,  0.03981481])
30.8880 	EXP 	gram08: pos = array([-0.67777778,  0.04166667])
30.9246 	EXP 	gram08: pos = array([-0.68148148,  0.04444444])
30.9669 	EXP 	gram08: pos = array([-0.68333333,  0.04537037])
31.0166 	EXP 	gram08: pos = array([-0.68611111,  0.0462963 ])
31.0539 	EXP 	gram08: pos = array([-0.68981481,  0.04814815])
31.0992 	EXP 	gram08: pos = array([-0.69722222,  0.05092593])
31.1373 	EXP 	gram08: pos = array([-0.70555556,  0.0537037 ])
31.1827 	EXP 	gram08: pos = array([-0.71203704,  0.05648148])
31.2191 	EXP 	gram08: pos = array([-0.71388889,  0.05740741])
31.2662 	EXP 	gram08: pos = array([-0.71574074,  0.05740741])
31.2738 	DATA 	Mouse:  Left button up, pos=(187,602)
31.9022 	DATA 	Mouse: Left button down, pos=(1229,791)
31.9819 	EXP 	gram04: pos = array([0.24907407, 0.23240741])
32.0115 	EXP 	gram04: pos = array([0.24537037, 0.22962963])
32.0459 	EXP 	gram04: pos = array([0.18703704, 0.1962963 ])
32.0860 	EXP 	gram04: pos = array([0.08611111, 0.16018519])
32.6301 	DATA 	Mouse:  Left button up, pos=(575,695)
33.1384 	DATA 	Mouse: Left button down, pos=(1046,677)
33.2084 	EXP 	gram04: pos = array([0.07962963, 0.12685185])
33.2513 	EXP 	gram04: pos = array([0.07962963, 0.12685185])
33.2880 	EXP 	gram04: pos = array([0.07962963, 0.12685185])
33.3350 	EXP 	gram04: pos = array([0.04537037, 0.125     ])
33.3736 	EXP 	gram04: pos = array([0.00092593, 0.13425926])
33.4192 	EXP 	gram04: pos = array([-0.03240741,  0.14074074])
33.4526 	EXP 	gram04: pos = array([-0.04537037,  0.14166667])
33.4853 	EXP 	gram04: pos = array([-0.05925926,  0.14351852])
33.5185 	EXP 	gram04: pos = array([-0.07314815,  0.14444444])
33.5515 	EXP 	gram04: pos = array([-0.08518519,  0.1462963 ])
33.5835 	EXP 	gram04: pos = array([-0.09814815,  0.1462963 ])
33.6164 	EXP 	gram04: pos = array([-0.11851852,  0.14444444])
33.6499 	EXP 	gram04: pos = array([-0.15092593,  0.13888889])
33.6884 	EXP 	gram04: pos = array([-0.20277778,  0.13148148])
33.7330 	EXP 	gram04: pos = array([-0.25277778,  0.12777778])
33.7695 	EXP 	gram04: pos = array([-0.29814815,  0.12592593])
33.8048 	EXP 	gram04: pos = array([-0.33240741,  0.12592593])
33.8513 	EXP 	gram04: pos = array([-0.36388889,  0.12592593])
33.8887 	EXP 	gram04: pos = array([-0.38333333,  0.12685185])
33.9367 	EXP 	gram04: pos = array([-0.39907407,  0.12685185])
33.9753 	EXP 	gram04: pos = array([-0.40648148,  0.12685185])
34.0140 	EXP 	gram04: pos = array([-0.41388889,  0.12685185])
34.0487 	EXP 	gram04: pos = array([-0.41944444,  0.12685185])
34.0818 	EXP 	gram04: pos = array([-0.42314815,  0.12685185])
34.1145 	EXP 	gram04: pos = array([-0.4287037 ,  0.12592593])
34.1519 	EXP 	gram04: pos = array([-0.43333333,  0.12592593])
34.1895 	EXP 	gram04: pos = array([-0.43518519,  0.125     ])
34.2151 	DATA 	Mouse:  Left button up, pos=(490,675)
34.7848 	DATA 	Mouse: Left button down, pos=(221,254)
34.8479 	EXP 	gram07: pos = array([-0.68425926, -0.26481481])
34.8812 	EXP 	gram07: pos = array([-0.68425926, -0.26481481])
34.9203 	EXP 	gram07: pos = array([-0.68425926, -0.26481481])
34.9580 	EXP 	gram07: pos = array([-0.65277778, -0.24722222])
35.0067 	EXP 	gram07: pos = array([-0.61018519, -0.22592593])
35.0479 	EXP 	gram07: pos = array([-0.57407407, -0.21574074])
35.0855 	EXP 	gram07: pos = array([-0.55092593, -0.21388889])
35.1184 	EXP 	gram07: pos = array([-0.52962963, -0.21203704])
35.1525 	EXP 	gram07: pos = array([-0.50462963, -0.20833333])
35.1853 	EXP 	gram07: pos = array([-0.47685185, -0.20277778])
35.2198 	EXP 	gram07: pos = array([-0.4462963 , -0.19907407])
35.2587 	EXP 	gram07: pos = array([-0.41018519, -0.19259259])
35.3041 	EXP 	gram07: pos = array([-0.37592593, -0.18703704])
35.3441 	EXP 	gram07: pos = array([-0.33796296, -0.18240741])
35.3882 	EXP 	gram07: pos = array([-0.29814815, -0.17222222])
35.4261 	EXP 	gram07: pos = array([-0.26481481, -0.16481481])
35.4747 	EXP 	gram07: pos = array([-0.22037037, -0.15648148])
35.5207 	EXP 	gram07: pos = array([-0.18240741, -0.14722222])
35.5594 	EXP 	gram07: pos = array([-0.14907407, -0.13611111])
35.6046 	EXP 	gram07: pos = array([-0.13148148, -0.1287037 ])
35.6417 	EXP 	gram07: pos = array([-0.11481481, -0.11851852])
35.6886 	EXP 	gram07: pos = array([-0.09907407, -0.08796296])
35.7383 	EXP 	gram07: pos = array([-0.09907407, -0.00740741])
35.7794 	EXP 	gram07: pos = array([-0.10092593,  0.00740741])
35.8230 	EXP 	gram07: pos = array([-0.10277778,  0.02685185])
35.8720 	EXP 	gram07: pos = array([-0.10740741,  0.04722222])
35.9094 	EXP 	gram07: pos = array([-0.11018519,  0.0537037 ])
35.9553 	EXP 	gram07: pos = array([-0.11481481,  0.06111111])
35.9939 	EXP 	gram07: pos = array([-0.12407407,  0.06851852])
36.0387 	EXP 	gram07: pos = array([-0.15     ,  0.0787037])
36.0782 	EXP 	gram07: pos = array([-0.16851852,  0.08425926])
36.1231 	EXP 	gram07: pos = array([-0.17222222,  0.08611111])
36.1592 	EXP 	gram07: pos = array([-0.175     ,  0.08611111])
36.2051 	EXP 	gram07: pos = array([-0.17592593,  0.08611111])
36.2421 	EXP 	gram07: pos = array([-0.17685185,  0.08611111])
36.2882 	EXP 	gram07: pos = array([-0.17777778,  0.08611111])
36.3272 	EXP 	gram07: pos = array([-0.1787037 ,  0.08611111])
36.3712 	EXP 	gram07: pos = array([-0.1787037 ,  0.08611111])
36.4089 	EXP 	gram07: pos = array([-0.17962963,  0.08703704])
36.4562 	EXP 	gram07: pos = array([-0.18055556,  0.08796296])
36.4926 	EXP 	gram07: pos = array([-0.18055556,  0.08888889])
36.5393 	EXP 	gram07: pos = array([-0.18148148,  0.08888889])
36.5569 	DATA 	Mouse:  Left button up, pos=(763,636)
38.5776 	DATA 	Mouse: Left button down, pos=(450,813)
38.6580 	EXP 	gram02: pos = array([-0.47222222,  0.25277778])
38.6952 	EXP 	gram02: pos = array([-0.47222222,  0.25277778])
38.7418 	EXP 	gram02: pos = array([-0.47222222,  0.25925926])
38.7790 	EXP 	gram02: pos = array([-0.4712963 ,  0.29166667])
38.8276 	EXP 	gram02: pos = array([-0.46018519,  0.33240741])
38.8747 	EXP 	gram02: pos = array([-0.44351852,  0.36481481])
38.9126 	EXP 	gram02: pos = array([-0.43333333,  0.37592593])
38.9587 	EXP 	gram02: pos = array([-0.41388889,  0.39259259])
38.9960 	EXP 	gram02: pos = array([-0.36388889,  0.4212963 ])
39.0422 	EXP 	gram02: pos = array([-0.30925926,  0.44444444])
39.0804 	EXP 	gram02: pos = array([-0.2462963 ,  0.46296296])
39.1256 	EXP 	gram02: pos = array([-0.20462963,  0.46759259])
39.1672 	EXP 	gram02: pos = array([-0.16111111,  0.47037037])
39.2088 	EXP 	gram02: pos = array([-0.1287037 ,  0.46944444])
39.2513 	EXP 	gram02: pos = array([-0.10277778,  0.46759259])
39.2935 	EXP 	gram02: pos = array([-0.05925926,  0.46018519])
39.3415 	EXP 	gram02: pos = array([-0.03148148,  0.44537037])
39.3841 	EXP 	gram02: pos = array([-0.00648148,  0.42222222])
39.4194 	EXP 	gram02: pos = array([0.02222222, 0.38240741])
39.4528 	EXP 	gram02: pos = array([0.03796296, 0.34814815])
39.4862 	EXP 	gram02: pos = array([0.0537037 , 0.31574074])
39.5209 	EXP 	gram02: pos = array([0.07407407, 0.27777778])
39.5532 	EXP 	gram02: pos = array([0.08425926, 0.26018519])
39.5872 	EXP 	gram02: pos = array([0.08981481, 0.24907407])
39.6261 	EXP 	gram02: pos = array([0.10555556, 0.225     ])
39.6640 	EXP 	gram02: pos = array([0.12314815, 0.19907407])
39.7090 	EXP 	gram02: pos = array([0.13425926, 0.18518519])
39.7490 	EXP 	gram02: pos = array([0.15185185, 0.16759259])
39.7929 	EXP 	gram02: pos = array([0.16388889, 0.15555556])
39.8421 	EXP 	gram02: pos = array([0.18703704, 0.13148148])
39.8790 	EXP 	gram02: pos = array([0.19907407, 0.11574074])
39.9253 	EXP 	gram02: pos = array([0.20092593, 0.11296296])
39.9629 	EXP 	gram02: pos = array([0.20185185, 0.11111111])
40.0103 	EXP 	gram02: pos = array([0.20185185, 0.11018519])
40.0474 	EXP 	gram02: pos = array([0.20185185, 0.11018519])
40.0921 	EXP 	gram02: pos = array([0.20185185, 0.11018519])
40.1104 	DATA 	Mouse:  Left button up, pos=(1178,659)
40.8166 	DATA 	Mouse: Left button down, pos=(189,799)
40.8947 	EXP 	gram01: pos = array([-0.71388889,  0.23981481])
40.9428 	EXP 	gram01: pos = array([-0.71388889,  0.23981481])
40.9810 	EXP 	gram01: pos = array([-0.70185185,  0.25833333])
41.0278 	EXP 	gram01: pos = array([-0.63981481,  0.31666667])
41.0671 	EXP 	gram01: pos = array([-0.61388889,  0.33518519])
41.1104 	EXP 	gram01: pos = array([-0.58518519,  0.35      ])
41.1487 	EXP 	gram01: pos = array([-0.55740741,  0.36203704])
41.1948 	EXP 	gram01: pos = array([-0.5212963 ,  0.37777778])
41.2346 	EXP 	gram01: pos = array([-0.46666667,  0.39814815])
41.2780 	EXP 	gram01: pos = array([-0.38796296,  0.42037037])
41.3174 	EXP 	gram01: pos = array([-0.29259259,  0.44537037])
41.3613 	EXP 	gram01: pos = array([-0.18333333,  0.46481481])
41.3991 	EXP 	gram01: pos = array([-0.09259259,  0.46759259])
41.4441 	EXP 	gram01: pos = array([-0.0037037 ,  0.46944444])
41.4830 	EXP 	gram01: pos = array([0.025     , 0.47685185])
41.5296 	EXP 	gram01: pos = array([0.025     , 0.47685185])
41.5772 	EXP 	gram01: pos = array([0.025     , 0.47685185])
41.6086 	EXP 	gram01: pos = array([0.025     , 0.47685185])
41.6387 	EXP 	gram01: pos = array([0.025     , 0.47685185])
41.6720 	EXP 	gram01: pos = array([0.025     , 0.47685185])
41.7053 	EXP 	gram01: pos = array([0.025     , 0.47685185])
41.7388 	EXP 	gram01: pos = array([0.06296296, 0.46759259])
41.7725 	EXP 	gram01: pos = array([0.14907407, 0.43148148])
41.8055 	EXP 	gram01: pos = array([0.20092593, 0.40185185])
41.8430 	EXP 	gram01: pos = array([0.23425926, 0.3787037 ])
41.8819 	EXP 	gram01: pos = array([0.27037037, 0.35092593])
41.9279 	EXP 	gram01: pos = array([0.30740741, 0.32037037])
41.9659 	EXP 	gram01: pos = array([0.33611111, 0.29537037])
42.0125 	EXP 	gram01: pos = array([0.36203704, 0.27037037])
42.0502 	EXP 	gram01: pos = array([0.39907407, 0.22777778])
42.0954 	EXP 	gram01: pos = array([0.42592593, 0.20277778])
42.1360 	EXP 	gram01: pos = array([0.44537037, 0.18518519])
42.1792 	EXP 	gram01: pos = array([0.45740741, 0.17777778])
42.2289 	EXP 	gram01: pos = array([0.46574074, 0.17222222])
42.2660 	EXP 	gram01: pos = array([0.46759259, 0.1712963 ])
42.3127 	EXP 	gram01: pos = array([0.48425926, 0.15740741])
42.3629 	EXP 	gram01: pos = array([0.52407407, 0.12222222])
42.3989 	EXP 	gram01: pos = array([0.525    , 0.1212963])
42.4452 	EXP 	gram01: pos = array([0.525     , 0.12037037])
42.4822 	EXP 	gram01: pos = array([0.525     , 0.12037037])
42.5283 	EXP 	gram01: pos = array([0.525     , 0.12037037])
42.5464 	DATA 	Mouse:  Left button up, pos=(1527,670)
43.8266 	DATA 	Mouse: Left button down, pos=(1503,876)
43.8920 	EXP 	gram05: pos = array([0.50277778, 0.31111111])
43.9246 	EXP 	gram05: pos = array([0.50277778, 0.31111111])
43.9580 	EXP 	gram05: pos = array([0.50277778, 0.31111111])
43.9923 	EXP 	gram05: pos = array([0.50277778, 0.31111111])
44.0284 	EXP 	gram05: pos = array([0.51574074, 0.29722222])
44.0620 	EXP 	gram05: pos = array([0.56944444, 0.24444444])
44.0959 	EXP 	gram05: pos = array([0.61203704, 0.21296296])
44.1297 	EXP 	gram05: pos = array([0.63703704, 0.19074074])
44.1631 	EXP 	gram05: pos = array([0.6537037 , 0.17222222])
44.1964 	EXP 	gram05: pos = array([0.66666667, 0.15833333])
44.2296 	EXP 	gram05: pos = array([0.68055556, 0.14166667])
44.2628 	EXP 	gram05: pos = array([0.69166667, 0.13055556])
44.2960 	EXP 	gram05: pos = array([0.70185185, 0.12037037])
44.3294 	EXP 	gram05: pos = array([0.71666667, 0.11018519])
44.3646 	EXP 	gram05: pos = array([0.7212963 , 0.10648148])
44.4014 	EXP 	gram05: pos = array([0.72222222, 0.10555556])
44.4467 	EXP 	gram05: pos = array([0.72222222, 0.10462963])
44.4843 	EXP 	gram05: pos = array([0.72314815, 0.10277778])
44.5304 	EXP 	gram05: pos = array([0.72314815, 0.10185185])
44.5680 	EXP 	gram05: pos = array([0.725     , 0.10092593])
44.6140 	EXP 	gram05: pos = array([0.725     , 0.09907407])
44.6544 	EXP 	gram05: pos = array([0.72592593, 0.09814815])
44.6975 	EXP 	gram05: pos = array([0.72592593, 0.09722222])
44.7337 	EXP 	gram05: pos = array([0.72592593, 0.09722222])
44.7592 	DATA 	Mouse:  Left button up, pos=(1744,645)
47.5373 	DATA 	Mouse: Left button down, pos=(1175,190)
47.6178 	EXP 	gram10: pos = array([ 0.19907407, -0.32407407])
47.6544 	EXP 	gram10: pos = array([ 0.19907407, -0.32407407])
47.7004 	EXP 	gram10: pos = array([ 0.19907407, -0.32407407])
47.7384 	EXP 	gram10: pos = array([ 0.17592593, -0.30925926])
47.7852 	EXP 	gram10: pos = array([ 0.09722222, -0.25925926])
47.8160 	EXP 	gram10: pos = array([ 0.07592593, -0.25092593])
47.8455 	EXP 	gram10: pos = array([ 0.07222222, -0.24814815])
47.8792 	EXP 	gram10: pos = array([ 0.06666667, -0.24351852])
47.9284 	EXP 	gram10: pos = array([ 0.05555556, -0.23611111])
47.9683 	EXP 	gram10: pos = array([ 0.04166667, -0.22592593])
48.0067 	EXP 	gram10: pos = array([ 0.0212963 , -0.21388889])
48.0512 	EXP 	gram10: pos = array([-0.025     , -0.19351852])
48.0896 	EXP 	gram10: pos = array([-0.07222222, -0.17962963])
48.1414 	EXP 	gram10: pos = array([-0.13333333, -0.17222222])
48.1794 	EXP 	gram10: pos = array([-0.19722222, -0.17407407])
48.2124 	EXP 	gram10: pos = array([-0.26018519, -0.17685185])
48.2459 	EXP 	gram10: pos = array([-0.29814815, -0.18055556])
48.2796 	EXP 	gram10: pos = array([-0.31666667, -0.18240741])
48.3129 	EXP 	gram10: pos = array([-0.32222222, -0.18240741])
48.3462 	EXP 	gram10: pos = array([-0.32222222, -0.18240741])
48.3797 	EXP 	gram10: pos = array([-0.32222222, -0.18240741])
48.4142 	EXP 	gram10: pos = array([-0.32222222, -0.18240741])
48.4487 	EXP 	gram10: pos = array([-0.32222222, -0.18240741])
48.4855 	EXP 	gram10: pos = array([-0.32222222, -0.18240741])
48.5217 	EXP 	gram10: pos = array([-0.32222222, -0.18240741])
48.5691 	EXP 	gram10: pos = array([-0.40185185, -0.2       ])
49.1189 	DATA 	Mouse:  Left button up, pos=(444,321)
49.5895 	DATA 	Mouse: Left button down, pos=(536,296)
49.6716 	EXP 	gram10: pos = array([-0.39259259, -0.22592593])
49.7072 	EXP 	gram10: pos = array([-0.39259259, -0.22592593])
49.7538 	EXP 	gram10: pos = array([-0.39259259, -0.22592593])
49.7934 	EXP 	gram10: pos = array([-0.43611111, -0.21388889])
49.8369 	EXP 	gram10: pos = array([-0.48981481, -0.19166667])
49.8757 	EXP 	gram10: pos = array([-0.51666667, -0.18425926])
49.9206 	EXP 	gram10: pos = array([-0.53703704, -0.17777778])
49.9574 	EXP 	gram10: pos = array([-0.55555556, -0.17314815])
50.0043 	EXP 	gram10: pos = array([-0.58981481, -0.16574074])
50.0408 	EXP 	gram10: pos = array([-0.61481481, -0.16296296])
50.0876 	EXP 	gram10: pos = array([-0.64444444, -0.16203704])
50.1368 	EXP 	gram10: pos = array([-0.66851852, -0.15833333])
50.1761 	EXP 	gram10: pos = array([-0.68796296, -0.15648148])
50.2205 	EXP 	gram10: pos = array([-0.70555556, -0.15648148])
50.2594 	EXP 	gram10: pos = array([-0.71388889, -0.15648148])
50.3047 	EXP 	gram10: pos = array([-0.71666667, -0.15648148])
50.3425 	EXP 	gram10: pos = array([-0.71759259, -0.15648148])
50.3681 	DATA 	Mouse:  Left button up, pos=(185,371)
50.9109 	DATA 	Mouse: Left button down, pos=(734,237)
51.0154 	EXP 	gram09: pos = array([-0.20925926, -0.28055556])
51.0553 	EXP 	gram09: pos = array([-0.20925926, -0.28055556])
51.0922 	EXP 	gram09: pos = array([-0.20925926, -0.28055556])
51.1388 	EXP 	gram09: pos = array([-0.23888889, -0.2712963 ])
51.1771 	EXP 	gram09: pos = array([-0.26759259, -0.26111111])
51.2211 	EXP 	gram09: pos = array([-0.28518519, -0.25462963])
51.2614 	EXP 	gram09: pos = array([-0.30462963, -0.2462963 ])
51.3053 	EXP 	gram09: pos = array([-0.33055556, -0.23703704])
51.3549 	EXP 	gram09: pos = array([-0.35648148, -0.23148148])
51.3936 	EXP 	gram09: pos = array([-0.36481481, -0.2287037 ])
51.4393 	EXP 	gram09: pos = array([-0.3787037 , -0.22314815])
51.4759 	EXP 	gram09: pos = array([-0.39259259, -0.21666667])
51.5218 	EXP 	gram09: pos = array([-0.41574074, -0.20555556])
51.5623 	EXP 	gram09: pos = array([-0.42962963, -0.2       ])
51.6060 	EXP 	gram09: pos = array([-0.43703704, -0.1962963 ])
51.6420 	EXP 	gram09: pos = array([-0.44074074, -0.19351852])
51.6890 	EXP 	gram09: pos = array([-0.44259259, -0.19259259])
51.7285 	EXP 	gram09: pos = array([-0.44444444, -0.19166667])
51.7719 	EXP 	gram09: pos = array([-0.44537037, -0.19074074])
51.8109 	EXP 	gram09: pos = array([-0.4462963 , -0.18981481])
51.8558 	EXP 	gram09: pos = array([-0.44722222, -0.18888889])
51.8929 	EXP 	gram09: pos = array([-0.44814815, -0.18796296])
51.9392 	EXP 	gram09: pos = array([-0.44814815, -0.18796296])
51.9758 	EXP 	gram09: pos = array([-0.44907407, -0.18796296])
52.0220 	EXP 	gram09: pos = array([-0.44907407, -0.18703704])
52.0604 	EXP 	gram09: pos = array([-0.44907407, -0.18703704])
52.1050 	EXP 	gram09: pos = array([-0.44907407, -0.18703704])
52.1414 	EXP 	gram09: pos = array([-0.44907407, -0.18703704])
52.1887 	EXP 	gram09: pos = array([-0.44907407, -0.18703704])
52.1971 	DATA 	Mouse:  Left button up, pos=(475,338)
53.8211 	DATA 	Mouse: Left button down, pos=(728,778)
53.8965 	EXP 	gram03: pos = array([-0.16296296,  0.23240741])
53.9417 	EXP 	gram03: pos = array([-0.13703704,  0.23333333])
53.9711 	EXP 	gram03: pos = array([-0.1212963 ,  0.23148148])
54.0022 	EXP 	gram03: pos = array([-0.11111111,  0.2287037 ])
54.0422 	EXP 	gram03: pos = array([-0.09537037,  0.225     ])
54.0853 	EXP 	gram03: pos = array([-0.07962963,  0.21851852])
54.1188 	EXP 	gram03: pos = array([-0.06666667,  0.21203704])
54.1527 	EXP 	gram03: pos = array([-0.06388889,  0.21018519])
54.1920 	EXP 	gram03: pos = array([-0.05925926,  0.20555556])
54.2314 	EXP 	gram03: pos = array([-0.04074074,  0.18055556])
54.2749 	EXP 	gram03: pos = array([-0.00555556,  0.11018519])
54.8539 	DATA 	Mouse:  Left button up, pos=(840,356)
55.3006 	DATA 	Mouse: Left button down, pos=(923,677)
55.3780 	EXP 	gram03: pos = array([-0.03425926,  0.12685185])
55.4263 	EXP 	gram03: pos = array([-0.03888889,  0.05833333])
55.4749 	EXP 	gram03: pos = array([-0.04537037,  0.02314815])
55.5130 	EXP 	gram03: pos = array([-0.05555556, -0.02962963])
55.5603 	EXP 	gram03: pos = array([-0.06111111, -0.05092593])
55.5971 	EXP 	gram03: pos = array([-0.07037037, -0.06759259])
55.6438 	EXP 	gram03: pos = array([-0.08055556, -0.08981481])
55.6806 	EXP 	gram03: pos = array([-0.09444444, -0.11759259])
55.7230 	EXP 	gram03: pos = array([-0.11018519, -0.14166667])
55.7630 	EXP 	gram03: pos = array([-0.12314815, -0.15648148])
55.8121 	EXP 	gram03: pos = array([-0.13055556, -0.16203704])
55.8608 	EXP 	gram03: pos = array([-0.13703704, -0.16296296])
55.8974 	EXP 	gram03: pos = array([-0.14444444, -0.16481481])
55.9436 	EXP 	gram03: pos = array([-0.15555556, -0.16574074])
55.9819 	EXP 	gram03: pos = array([-0.16111111, -0.16666667])
56.0267 	EXP 	gram03: pos = array([-0.16481481, -0.16851852])
56.0640 	EXP 	gram03: pos = array([-0.16666667, -0.16944444])
56.1113 	EXP 	gram03: pos = array([-0.16944444, -0.17222222])
56.1483 	EXP 	gram03: pos = array([-0.17314815, -0.175     ])
56.1942 	EXP 	gram03: pos = array([-0.17592593, -0.17777778])
56.2328 	EXP 	gram03: pos = array([-0.17685185, -0.1787037 ])
56.2765 	EXP 	gram03: pos = array([-0.17777778, -0.17962963])
56.3152 	EXP 	gram03: pos = array([-0.17777778, -0.18148148])
56.3616 	EXP 	gram03: pos = array([-0.17777778, -0.18240741])
56.3982 	EXP 	gram03: pos = array([-0.17777778, -0.18333333])
56.4446 	EXP 	gram03: pos = array([-0.17777778, -0.18425926])
56.4812 	EXP 	gram03: pos = array([-0.17777778, -0.18425926])
56.5260 	EXP 	gram03: pos = array([-0.17777778, -0.18518519])
56.5645 	EXP 	gram03: pos = array([-0.1787037 , -0.18611111])
56.6101 	EXP 	gram03: pos = array([-0.1787037 , -0.18703704])
56.6470 	EXP 	gram03: pos = array([-0.1787037 , -0.18703704])
56.6930 	EXP 	gram03: pos = array([-0.1787037 , -0.18703704])
56.7013 	DATA 	Mouse:  Left button up, pos=(767,338)
59.4618 	DATA 	Mouse: Left button down, pos=(1764,839)
59.5254 	EXP 	gram06: pos = array([0.74444444, 0.27685185])
59.5607 	EXP 	gram06: pos = array([0.74444444, 0.27685185])
59.5957 	EXP 	gram06: pos = array([0.74444444, 0.27685185])
59.6302 	EXP 	gram06: pos = array([0.74444444, 0.27685185])
59.6587 	EXP 	gram06: pos = array([0.73611111, 0.27685185])
59.6924 	EXP 	gram06: pos = array([0.63888889, 0.28425926])
59.7252 	EXP 	gram06: pos = array([0.58148148, 0.28981481])
59.7586 	EXP 	gram06: pos = array([0.55925926, 0.29074074])
59.7916 	EXP 	gram06: pos = array([0.53611111, 0.28796296])
59.8252 	EXP 	gram06: pos = array([0.51574074, 0.27592593])
59.8587 	EXP 	gram06: pos = array([0.50092593, 0.26296296])
59.8984 	EXP 	gram06: pos = array([0.48333333, 0.24166667])
59.9401 	EXP 	gram06: pos = array([0.46388889, 0.20925926])
59.9826 	EXP 	gram06: pos = array([0.44444444, 0.16851852])
60.0313 	EXP 	gram06: pos = array([0.425     , 0.12222222])
60.0677 	EXP 	gram06: pos = array([0.41203704, 0.09537037])
60.1154 	EXP 	gram06: pos = array([0.39351852, 0.06296296])
60.1570 	EXP 	gram06: pos = array([0.35648148, 0.01481481])
60.1994 	EXP 	gram06: pos = array([ 0.29814815, -0.05740741])
60.2490 	EXP 	gram06: pos = array([ 0.2212963 , -0.16574074])
60.2873 	EXP 	gram06: pos = array([ 0.20648148, -0.18148148])
60.3311 	EXP 	gram06: pos = array([ 0.20555556, -0.18240741])
60.3677 	EXP 	gram06: pos = array([ 0.20555556, -0.18240741])
60.4153 	EXP 	gram06: pos = array([ 0.20555556, -0.18240741])
60.4543 	EXP 	gram06: pos = array([ 0.20555556, -0.18240741])
60.4995 	EXP 	gram06: pos = array([ 0.20555556, -0.18240741])
60.5354 	EXP 	gram06: pos = array([ 0.20555556, -0.18240741])
60.5815 	EXP 	gram06: pos = array([ 0.20555556, -0.18240741])
60.6187 	EXP 	gram06: pos = array([ 0.20555556, -0.18240741])
60.6274 	DATA 	Mouse:  Left button up, pos=(1182,343)
62.6504 	DATA 	Mouse: Left button down, pos=(1233,329)
62.7220 	EXP 	gram06: pos = array([ 0.25277778, -0.19537037])
62.7665 	EXP 	gram06: pos = array([ 0.25277778, -0.19537037])
62.8047 	EXP 	gram06: pos = array([ 0.25277778, -0.19537037])
62.8502 	EXP 	gram06: pos = array([ 0.25277778, -0.19537037])
62.8863 	EXP 	gram06: pos = array([ 0.25277778, -0.19537037])
62.9338 	EXP 	gram06: pos = array([ 0.25277778, -0.19537037])
62.9722 	EXP 	gram06: pos = array([ 0.25277778, -0.19537037])
63.0123 	EXP 	gram06: pos = array([ 0.25277778, -0.19537037])
63.0457 	EXP 	gram06: pos = array([ 0.25277778, -0.19537037])
63.0789 	EXP 	gram06: pos = array([ 0.25185185, -0.19444444])
63.1129 	EXP 	gram06: pos = array([ 0.25185185, -0.19166667])
63.1473 	EXP 	gram06: pos = array([ 0.25185185, -0.18703704])
63.1844 	EXP 	gram06: pos = array([ 0.25185185, -0.17685185])
63.2178 	EXP 	gram06: pos = array([ 0.25925926, -0.15555556])
63.2508 	EXP 	gram06: pos = array([ 0.26666667, -0.13518519])
63.2829 	EXP 	gram06: pos = array([ 0.27407407, -0.125     ])
63.3173 	EXP 	gram06: pos = array([ 0.28611111, -0.11481481])
63.3571 	EXP 	gram06: pos = array([ 0.31388889, -0.09907407])
63.4011 	EXP 	gram06: pos = array([ 0.35092593, -0.08240741])
63.4390 	EXP 	gram06: pos = array([ 0.37962963, -0.075     ])
63.4861 	EXP 	gram06: pos = array([ 0.38888889, -0.07314815])
63.5237 	EXP 	gram06: pos = array([ 0.3962963 , -0.07222222])
63.5682 	EXP 	gram06: pos = array([ 0.4       , -0.07222222])
63.6084 	EXP 	gram06: pos = array([ 0.40462963, -0.07222222])
63.6466 	EXP 	gram06: pos = array([ 0.40833333, -0.07222222])
63.6864 	EXP 	gram06: pos = array([ 0.40925926, -0.07222222])
63.7361 	EXP 	gram06: pos = array([ 0.41111111, -0.07407407])
63.7722 	EXP 	gram06: pos = array([ 0.41203704, -0.07407407])
63.8181 	EXP 	gram06: pos = array([ 0.41296296, -0.075     ])
63.8603 	EXP 	gram06: pos = array([ 0.41388889, -0.07777778])
63.9030 	EXP 	gram06: pos = array([ 0.41574074, -0.07962963])
63.9522 	EXP 	gram06: pos = array([ 0.41666667, -0.08148148])
63.9698 	DATA 	Mouse:  Left button up, pos=(1411,451)
64.6999 	DATA 	Mouse: Left button down, pos=(1740,173)
64.7640 	EXP 	gram12: pos = array([ 0.72222222, -0.33981481])
64.7974 	EXP 	gram12: pos = array([ 0.72222222, -0.33981481])
64.8307 	EXP 	gram12: pos = array([ 0.72222222, -0.33981481])
64.8642 	EXP 	gram12: pos = array([ 0.70185185, -0.33518519])
64.9038 	EXP 	gram12: pos = array([ 0.60740741, -0.32592593])
64.9410 	EXP 	gram12: pos = array([ 0.5462963 , -0.31851852])
64.9875 	EXP 	gram12: pos = array([ 0.49814815, -0.31296296])
65.0263 	EXP 	gram12: pos = array([ 0.45925926, -0.31018519])
65.0643 	EXP 	gram12: pos = array([ 0.42314815, -0.30555556])
65.0977 	EXP 	gram12: pos = array([ 0.38888889, -0.29907407])
65.1314 	EXP 	gram12: pos = array([ 0.34814815, -0.29722222])
65.1670 	EXP 	gram12: pos = array([ 0.29907407, -0.2962963 ])
65.2005 	EXP 	gram12: pos = array([ 0.2712963, -0.2962963])
65.2318 	EXP 	gram12: pos = array([ 0.25      , -0.29444444])
65.2645 	EXP 	gram12: pos = array([ 0.24259259, -0.29259259])
65.2979 	EXP 	gram12: pos = array([ 0.23888889, -0.29166667])
65.3378 	EXP 	gram12: pos = array([ 0.23703704, -0.29074074])
65.3760 	EXP 	gram12: pos = array([ 0.23333333, -0.28981481])
65.4205 	EXP 	gram12: pos = array([ 0.2287037 , -0.28888889])
65.4633 	EXP 	gram12: pos = array([ 0.22685185, -0.28888889])
65.5035 	EXP 	gram12: pos = array([ 0.22592593, -0.28888889])
65.5329 	DATA 	Mouse:  Left button up, pos=(1204,228)
65.5399 	EXP 	gram12: pos = array([ 0.22592593, -0.28888889])
66.0360 	DATA 	Mouse: Left button down, pos=(1419,223)
66.1000 	EXP 	gram11: pos = array([ 0.425     , -0.29351852])
66.1326 	EXP 	gram11: pos = array([ 0.425     , -0.29351852])
66.1658 	EXP 	gram11: pos = array([ 0.44166667, -0.2962963 ])
66.2016 	EXP 	gram11: pos = array([ 0.48333333, -0.3       ])
66.2375 	EXP 	gram11: pos = array([ 0.52962963, -0.30092593])
66.2720 	EXP 	gram11: pos = array([ 0.55555556, -0.30185185])
66.3051 	EXP 	gram11: pos = array([ 0.59074074, -0.3037037 ])
66.3480 	EXP 	gram11: pos = array([ 0.62037037, -0.30462963])
66.3910 	EXP 	gram11: pos = array([ 0.64259259, -0.30555556])
66.4392 	EXP 	gram11: pos = array([ 0.65833333, -0.30740741])
66.4759 	EXP 	gram11: pos = array([ 0.66759259, -0.30740741])
66.5224 	EXP 	gram11: pos = array([ 0.675     , -0.30740741])
66.5612 	EXP 	gram11: pos = array([ 0.67962963, -0.30648148])
66.6057 	EXP 	gram11: pos = array([ 0.69444444, -0.30462963])
66.6424 	EXP 	gram11: pos = array([ 0.7      , -0.3037037])
66.6894 	EXP 	gram11: pos = array([ 0.70185185, -0.30277778])
66.7221 	DATA 	Mouse:  Left button up, pos=(1718,214)
66.7292 	EXP 	gram11: pos = array([ 0.70185185, -0.30185185])
67.1285 	DATA 	Mouse: Left button down, pos=(1403,411)
67.2256 	EXP 	gram06: pos = array([ 0.41018519, -0.11944444])
67.2718 	EXP 	gram06: pos = array([ 0.41018519, -0.11944444])
67.3137 	EXP 	gram06: pos = array([ 0.41018519, -0.11944444])
67.3611 	EXP 	gram06: pos = array([ 0.41481481, -0.15      ])
67.4067 	EXP 	gram06: pos = array([ 0.41944444, -0.17777778])
67.4456 	EXP 	gram06: pos = array([ 0.42037037, -0.1962963 ])
67.4903 	EXP 	gram06: pos = array([ 0.42314815, -0.21296296])
67.5290 	EXP 	gram06: pos = array([ 0.42592593, -0.23148148])
67.5736 	EXP 	gram06: pos = array([ 0.4287037, -0.2462963])
67.6129 	EXP 	gram06: pos = array([ 0.43240741, -0.26111111])
67.6571 	EXP 	gram06: pos = array([ 0.43425926, -0.26851852])
67.6958 	EXP 	gram06: pos = array([ 0.43425926, -0.2712963 ])
67.7403 	EXP 	gram06: pos = array([ 0.43425926, -0.27314815])
67.7602 	DATA 	Mouse:  Left button up, pos=(1429,245)
68.4119 	DATA 	Mouse: Left button down, pos=(753,345)
68.4882 	EXP 	gram03: pos = array([-0.19166667, -0.18055556])
68.5184 	EXP 	gram03: pos = array([-0.19166667, -0.18055556])
68.5518 	EXP 	gram03: pos = array([-0.19166667, -0.18055556])
68.5849 	EXP 	gram03: pos = array([-0.19166667, -0.19537037])
68.6185 	EXP 	gram03: pos = array([-0.19259259, -0.20925926])
68.6564 	EXP 	gram03: pos = array([-0.19444444, -0.2212963 ])
68.6927 	EXP 	gram03: pos = array([-0.19722222, -0.23703704])
68.7405 	EXP 	gram03: pos = array([-0.19907407, -0.25092593])
68.7776 	EXP 	gram03: pos = array([-0.20185185, -0.26296296])
68.8231 	EXP 	gram03: pos = array([-0.20277778, -0.26851852])
68.8593 	EXP 	gram03: pos = array([-0.20462963, -0.27407407])
68.9086 	EXP 	gram03: pos = array([-0.20462963, -0.28333333])
68.9445 	EXP 	gram03: pos = array([-0.20462963, -0.28425926])
68.9538 	DATA 	Mouse:  Left button up, pos=(739,233)
69.4385 	DATA 	Mouse: Left button down, pos=(473,344)
69.5062 	EXP 	gram09: pos = array([-0.45092593, -0.18148148])
69.5363 	EXP 	gram09: pos = array([-0.45092593, -0.18148148])
69.5695 	EXP 	gram09: pos = array([-0.45092593, -0.18148148])
69.6030 	EXP 	gram09: pos = array([-0.45092593, -0.19722222])
69.6365 	EXP 	gram09: pos = array([-0.45462963, -0.225     ])
69.6699 	EXP 	gram09: pos = array([-0.45833333, -0.24074074])
69.7029 	EXP 	gram09: pos = array([-0.45925926, -0.25092593])
69.7394 	EXP 	gram09: pos = array([-0.46111111, -0.25925926])
69.7712 	EXP 	gram09: pos = array([-0.46203704, -0.26481481])
69.8032 	EXP 	gram09: pos = array([-0.46296296, -0.27037037])
69.8371 	EXP 	gram09: pos = array([-0.46388889, -0.27685185])
69.8697 	EXP 	gram09: pos = array([-0.46388889, -0.28148148])
69.9029 	EXP 	gram09: pos = array([-0.46388889, -0.28425926])
69.9363 	EXP 	gram09: pos = array([-0.46388889, -0.28518519])
69.9699 	EXP 	gram09: pos = array([-0.46388889, -0.28611111])
69.9874 	DATA 	Mouse:  Left button up, pos=(459,230)
70.4111 	DATA 	Mouse: Left button down, pos=(224,323)
70.4866 	EXP 	gram10: pos = array([-0.68148148, -0.20092593])
70.5266 	EXP 	gram10: pos = array([-0.68148148, -0.20092593])
70.5684 	EXP 	gram10: pos = array([-0.68148148, -0.20092593])
70.6104 	EXP 	gram10: pos = array([-0.68148148, -0.2037037 ])
70.6487 	EXP 	gram10: pos = array([-0.68148148, -0.20740741])
70.6925 	EXP 	gram10: pos = array([-0.68055556, -0.21111111])
70.7311 	EXP 	gram10: pos = array([-0.68055556, -0.21296296])
70.7768 	EXP 	gram10: pos = array([-0.67962963, -0.21481481])
70.8139 	EXP 	gram10: pos = array([-0.67962963, -0.21666667])
70.8595 	EXP 	gram10: pos = array([-0.6787037 , -0.22037037])
70.8962 	EXP 	gram10: pos = array([-0.67777778, -0.2212963 ])
70.9434 	EXP 	gram10: pos = array([-0.67777778, -0.2212963 ])
70.9793 	EXP 	gram10: pos = array([-0.67777778, -0.2212963 ])
71.0273 	EXP 	gram10: pos = array([-0.67777778, -0.2212963 ])
71.0633 	EXP 	gram10: pos = array([-0.67777778, -0.2212963 ])
71.1115 	EXP 	gram10: pos = array([-0.67962963, -0.23055556])
71.1481 	EXP 	gram10: pos = array([-0.68703704, -0.26851852])
71.1938 	EXP 	gram10: pos = array([-0.69166667, -0.28240741])
71.2312 	EXP 	gram10: pos = array([-0.69259259, -0.28703704])
71.2771 	EXP 	gram10: pos = array([-0.6962963 , -0.29444444])
71.3180 	EXP 	gram10: pos = array([-0.69814815, -0.3       ])
71.3616 	EXP 	gram10: pos = array([-0.69907407, -0.30185185])
71.3898 	EXP 	gram10: pos = array([-0.7       , -0.30185185])
71.4214 	EXP 	gram10: pos = array([-0.7       , -0.30185185])
71.4385 	DATA 	Mouse:  Left button up, pos=(204,214)
72.0847 	DATA 	Mouse: Left button down, pos=(187,608)
72.1621 	EXP 	gram08: pos = array([-0.71574074,  0.06666667])
72.2023 	EXP 	gram08: pos = array([-0.71666667,  0.11851852])
72.2463 	EXP 	gram08: pos = array([-0.71111111,  0.1787037 ])
72.2958 	EXP 	gram08: pos = array([-0.70648148,  0.22222222])
72.3453 	EXP 	gram08: pos = array([-0.70555556,  0.25648148])
72.3827 	EXP 	gram08: pos = array([-0.70462963,  0.26851852])
72.4280 	EXP 	gram08: pos = array([-0.70462963,  0.27592593])
72.4679 	EXP 	gram08: pos = array([-0.70462963,  0.28333333])
72.5130 	EXP 	gram08: pos = array([-0.70462963,  0.28518519])
72.5482 	EXP 	gram08: pos = array([-0.70462963,  0.28611111])
72.5941 	EXP 	gram08: pos = array([-0.70462963,  0.28703704])
72.6307 	EXP 	gram08: pos = array([-0.70462963,  0.28796296])
72.6568 	DATA 	Mouse:  Left button up, pos=(199,851)
73.3204 	DATA 	Mouse: Left button down, pos=(534,704)
73.3912 	EXP 	gram04: pos = array([-0.39907407,  0.18148148])
73.4237 	EXP 	gram04: pos = array([-0.40555556,  0.20648148])
73.4632 	EXP 	gram04: pos = array([-0.41203704,  0.23333333])
73.5009 	EXP 	gram04: pos = array([-0.41944444,  0.25648148])
73.5418 	EXP 	gram04: pos = array([-0.42685185,  0.27037037])
73.5801 	EXP 	gram04: pos = array([-0.43055556,  0.27777778])
73.6171 	EXP 	gram04: pos = array([-0.43518519,  0.28333333])
73.6627 	EXP 	gram04: pos = array([-0.43796296,  0.28703704])
73.7001 	EXP 	gram04: pos = array([-0.43888889,  0.28888889])
73.7465 	EXP 	gram04: pos = array([-0.44166667,  0.29074074])
73.7834 	EXP 	gram04: pos = array([-0.44351852,  0.29259259])
73.8307 	EXP 	gram04: pos = array([-0.44537037,  0.29444444])
73.8689 	EXP 	gram04: pos = array([-0.44814815,  0.29537037])
73.9077 	EXP 	gram04: pos = array([-0.44907407,  0.2962963 ])
73.9408 	EXP 	gram04: pos = array([-0.45      ,  0.29722222])
73.9584 	DATA 	Mouse:  Left button up, pos=(473,861)
74.5104 	DATA 	Mouse: Left button down, pos=(774,713)
74.5815 	EXP 	gram07: pos = array([-0.17222222,  0.16018519])
74.6182 	EXP 	gram07: pos = array([-0.17222222,  0.16018519])
74.6638 	EXP 	gram07: pos = array([-0.17222222,  0.20092593])
74.7036 	EXP 	gram07: pos = array([-0.17407407,  0.23240741])
74.7482 	EXP 	gram07: pos = array([-0.17685185,  0.25      ])
74.7854 	EXP 	gram07: pos = array([-0.17962963,  0.26666667])
74.8320 	EXP 	gram07: pos = array([-0.18055556,  0.27407407])
74.8684 	EXP 	gram07: pos = array([-0.18148148,  0.27962963])
74.9140 	EXP 	gram07: pos = array([-0.18333333,  0.28425926])
74.9581 	EXP 	gram07: pos = array([-0.18425926,  0.28518519])
74.9986 	EXP 	gram07: pos = array([-0.18518519,  0.28518519])
75.0103 	DATA 	Mouse:  Left button up, pos=(760,848)
75.6796 	DATA 	Mouse: Left button down, pos=(1136,696)
75.7492 	EXP 	gram02: pos = array([0.16296296, 0.14444444])
75.7867 	EXP 	gram02: pos = array([0.16296296, 0.14444444])
75.8317 	EXP 	gram02: pos = array([0.16296296, 0.14444444])
75.8703 	EXP 	gram02: pos = array([0.16388889, 0.17592593])
75.9164 	EXP 	gram02: pos = array([0.16388889, 0.2037037 ])
75.9525 	EXP 	gram02: pos = array([0.16388889, 0.21666667])
76.0004 	EXP 	gram02: pos = array([0.16759259, 0.23796296])
76.0500 	EXP 	gram02: pos = array([0.175    , 0.2712963])
76.0864 	EXP 	gram02: pos = array([0.1787037 , 0.28240741])
76.1318 	EXP 	gram02: pos = array([0.18055556, 0.28796296])
76.1704 	EXP 	gram02: pos = array([0.18055556, 0.28888889])
76.2157 	EXP 	gram02: pos = array([0.18055556, 0.28981481])
76.2523 	EXP 	gram02: pos = array([0.18055556, 0.28981481])
76.2900 	DATA 	Mouse:  Left button up, pos=(1155,853)
76.2999 	EXP 	gram02: pos = array([0.18055556, 0.28981481])
76.8079 	DATA 	Mouse: Left button down, pos=(1451,640)
76.9006 	EXP 	gram01: pos = array([0.45462963, 0.09907407])
76.9313 	EXP 	gram01: pos = array([0.45185185, 0.12962963])
76.9611 	EXP 	gram01: pos = array([0.45      , 0.14722222])
76.9944 	EXP 	gram01: pos = array([0.44814815, 0.1712963 ])
77.0278 	EXP 	gram01: pos = array([0.44722222, 0.18333333])
77.0616 	EXP 	gram01: pos = array([0.44351852, 0.2       ])
77.1007 	EXP 	gram01: pos = array([0.44166667, 0.21666667])
77.1411 	EXP 	gram01: pos = array([0.43981481, 0.23611111])
77.1864 	EXP 	gram01: pos = array([0.43981481, 0.25      ])
77.2301 	EXP 	gram01: pos = array([0.44351852, 0.26203704])
77.2675 	EXP 	gram01: pos = array([0.45      , 0.28703704])
77.3060 	EXP 	gram01: pos = array([0.45185185, 0.3037037 ])
77.3508 	EXP 	gram01: pos = array([0.45185185, 0.30925926])
77.3876 	EXP 	gram01: pos = array([0.45185185, 0.31018519])
77.4282 	EXP 	gram01: pos = array([0.45185185, 0.31018519])
77.4323 	DATA 	Mouse:  Left button up, pos=(1448,875)
78.3297 	DATA 	Mouse: Left button down, pos=(1752,645)
78.4141 	EXP 	gram05: pos = array([0.73055556, 0.14074074])
78.4536 	EXP 	gram05: pos = array([0.72685185, 0.15925926])
78.5021 	EXP 	gram05: pos = array([0.72407407, 0.175     ])
78.5401 	EXP 	gram05: pos = array([0.71944444, 0.19166667])
78.5858 	EXP 	gram05: pos = array([0.71481481, 0.20740741])
78.6349 	EXP 	gram05: pos = array([0.71111111, 0.21759259])
78.6729 	EXP 	gram05: pos = array([0.71018519, 0.21944444])
78.7219 	EXP 	Created continue_text = TextStim(__class__=<class 'psychopy.visual.text.TextStim'>, alignHoriz='center', alignVert='center', antialias=True, autoLog=True, bold=False, color='white', colorSpace='named', contrast=1.0, depth=0.0, flipHoriz=False, flipVert=False, font='Arial', fontFiles=[], height=0.05, italic=False, languageStyle='LTR', name='continue_text', opacity=1.0, ori=0, pos=array([0., 0.]), rgb=array([255., 255., 255.]), text='Continue', units='height', win=Window(...), wrapWidth=1)
78.7902 	EXP 	Created trial_time = TextStim(__class__=<class 'psychopy.visual.text.TextStim'>, alignHoriz='center', alignVert='center', antialias=True, autoLog=True, bold=False, color='white', colorSpace='named', contrast=1.0, depth=0.0, flipHoriz=False, flipVert=False, font='Arial', fontFiles=[], height=0.05, italic=False, languageStyle='LTR', name='trial_time', opacity=1.0, ori=0, pos=array([0., 0.]), rgb=array([255., 255., 255.]), text='It took you 60.826366889989 seconds', units='height', win=Window(...), wrapWidth=1)
78.8085 	EXP 	gram05: pos = array([0.70833333, 0.22314815])
78.8085 	EXP 	continue_text: autoDraw = True
78.8085 	EXP 	continue_text: autoDraw = True
78.8333 	EXP 	Created continue_text = TextStim(__class__=<class 'psychopy.visual.text.TextStim'>, alignHoriz='center', alignVert='center', antialias=True, autoLog=True, bold=False, color='white', colorSpace='named', contrast=1.0, depth=0.0, flipHoriz=False, flipVert=False, font='Arial', fontFiles=[], height=0.05, italic=False, languageStyle='LTR', name='continue_text', opacity=1.0, ori=0, pos=array([0., 0.]), rgb=array([255., 255., 255.]), text='Continue', units='height', win=Window(...), wrapWidth=1)
78.9816 	EXP 	window1: mouseVisible = True
