8.9418 	EXP 	Created window1 = Window(allowGUI=True, allowStencil=False, args=UNKNOWN, autoLog=True, bitsMode=UNKNOWN, blendMode='avg', color=array([0., 0., 0.]), colorSpace='rgb', fullscr=<method-wrapper '__getattribute__' of attributeSetter object at 0x0000014D2A70DDD8>, gamma=None, gammaErrorPolicy='raise', kwargs=UNKNOWN, lms=UNKNOWN, monitor=<psychopy.monitors.calibTools.Monitor object at 0x0000014D2A8254A8>, multiSample=False, name='window1', numSamples=2, pos=[0.0, 0.0], screen=0, size=array([1920, 1080]), stereo=False, units='height', useFBO=True, useRetina=False, viewOri=0.0, viewPos=None, viewScale=None, waitBlanking=True, winType='pyglet')
8.9419 	EXP 	window1: recordFrameIntervals = False
9.1065 	EXP 	window1: recordFrameIntervals = True
9.2919 	EXP 	window1: recordFrameIntervals = False
9.7160 	EXP 	Created instruction_text = TextStim(__class__=<class 'psychopy.visual.text.TextStim'>, alignHoriz='center', alignVert='center', antialias=True, autoLog=True, bold=False, color='white', colorSpace='named', contrast=1.0, depth=0.0, flipHoriz=False, flipVert=False, font='Arial', fontFiles=[], height=0.05, italic=False, languageStyle='LTR', name='instruction_text', opacity=1.0, ori=0, pos=array([0., 0.]), rgb=array([255., 255., 255.]), text=str(...), units='height', win=Window(...), wrapWidth=1)
9.7247 	EXP 	Created text_2 = TextStim(__class__=<class 'psychopy.visual.text.TextStim'>, alignHoriz='center', alignVert='center', antialias=True, autoLog=True, bold=False, color='white', colorSpace='named', contrast=1.0, depth=-2.0, flipHoriz=False, flipVert=False, font='Arial', fontFiles=[], height=0.05, italic=False, languageStyle='LTR', name='text_2', opacity=1.0, ori=0, pos=array([ 0.  , -0.45]), rgb=array([255., 255., 255.]), text='Click here to continue.', units='height', win=Window(...), wrapWidth=1)
9.7358 	EXP 	Created text = TextStim(__class__=<class 'psychopy.visual.text.TextStim'>, alignHoriz='center', alignVert='center', antialias=True, autoLog=True, bold=False, color='white', colorSpace='named', contrast=1.0, depth=0.0, flipHoriz=False, flipVert=False, font='Arial', fontFiles=[], height=0.05, italic=False, languageStyle='LTR', name='text', opacity=1.0, ori=0, pos=array([0., 0.]), rgb=array([255., 255., 255.]), text='Here is a video example.', units='height', win=Window(...), wrapWidth=1)
9.8070 	EXP 	Created one = ImageStim(__class__=<class 'psychopy.visual.image.ImageStim'>, autoLog=True, color=array([1., 1., 1.]), colorSpace='rgb', contrast=1.0, depth=0.0, flipHoriz=False, flipVert=False, image=str(...), interpolate=True, mask=None, maskParams=None, name='one', opacity=1.0, ori=0.0, pos=array([-0.7,  0.3]), size=array([0.22, 0.22]), texRes=128, units='height', win=Window(...))
9.8664 	EXP 	Created two = ImageStim(__class__=<class 'psychopy.visual.image.ImageStim'>, autoLog=True, color=array([1., 1., 1.]), colorSpace='rgb', contrast=1.0, depth=-2.0, flipHoriz=False, flipVert=False, image=str(...), interpolate=True, mask=None, maskParams=None, name='two', opacity=1.0, ori=0.0, pos=array([-0.45,  0.3 ]), size=array([0.22, 0.22]), texRes=128, units='height', win=Window(...))
9.9465 	EXP 	Created three = ImageStim(__class__=<class 'psychopy.visual.image.ImageStim'>, autoLog=True, color=array([1., 1., 1.]), colorSpace='rgb', contrast=1.0, depth=-3.0, flipHoriz=False, flipVert=False, image=str(...), interpolate=True, mask=None, maskParams=None, name='three', opacity=1.0, ori=0.0, pos=array([-0.2,  0.3]), size=array([0.22, 0.22]), texRes=128, units='height', win=Window(...))
10.0280 	EXP 	Created seven = ImageStim(__class__=<class 'psychopy.visual.image.ImageStim'>, autoLog=True, color=array([1., 1., 1.]), colorSpace='rgb', contrast=1.0, depth=-4.0, flipHoriz=False, flipVert=False, image=str(...), interpolate=True, mask=None, maskParams=None, name='seven', opacity=1.0, ori=0.0, pos=array([-0.7, -0.3]), size=array([0.22, 0.22]), texRes=128, units='height', win=Window(...))
10.1140 	EXP 	Created eight = ImageStim(__class__=<class 'psychopy.visual.image.ImageStim'>, autoLog=True, color=array([1., 1., 1.]), colorSpace='rgb', contrast=1.0, depth=-5.0, flipHoriz=False, flipVert=False, image=str(...), interpolate=True, mask=None, maskParams=None, name='eight', opacity=1.0, ori=0.0, pos=array([-0.45, -0.3 ]), size=array([0.22, 0.22]), texRes=128, units='height', win=Window(...))
10.1957 	EXP 	Created nine = ImageStim(__class__=<class 'psychopy.visual.image.ImageStim'>, autoLog=True, color=array([1., 1., 1.]), colorSpace='rgb', contrast=1.0, depth=-6.0, flipHoriz=False, flipVert=False, image=str(...), interpolate=True, mask=None, maskParams=None, name='nine', opacity=1.0, ori=0.0, pos=array([-0.2, -0.3]), size=array([0.22, 0.22]), texRes=128, units='height', win=Window(...))
10.2686 	EXP 	Created four = ImageStim(__class__=<class 'psychopy.visual.image.ImageStim'>, autoLog=True, color=array([1., 1., 1.]), colorSpace='rgb', contrast=1.0, depth=-7.0, flipHoriz=False, flipVert=False, image=str(...), interpolate=True, mask=None, maskParams=None, name='four', opacity=1.0, ori=0.0, pos=array([0.2, 0.3]), size=array([0.22, 0.22]), texRes=128, units='height', win=Window(...))
10.3517 	EXP 	Created five = ImageStim(__class__=<class 'psychopy.visual.image.ImageStim'>, autoLog=True, color=array([1., 1., 1.]), colorSpace='rgb', contrast=1.0, depth=-8.0, flipHoriz=False, flipVert=False, image=str(...), interpolate=True, mask=None, maskParams=None, name='five', opacity=1.0, ori=0.0, pos=array([0.45, 0.3 ]), size=array([0.22, 0.22]), texRes=128, units='height', win=Window(...))
10.4214 	EXP 	Created six = ImageStim(__class__=<class 'psychopy.visual.image.ImageStim'>, autoLog=True, color=array([1., 1., 1.]), colorSpace='rgb', contrast=1.0, depth=-9.0, flipHoriz=False, flipVert=False, image=str(...), interpolate=True, mask=None, maskParams=None, name='six', opacity=1.0, ori=0.0, pos=array([0.7, 0.3]), size=array([0.22, 0.22]), texRes=128, units='height', win=Window(...))
10.4990 	EXP 	Created ten = ImageStim(__class__=<class 'psychopy.visual.image.ImageStim'>, autoLog=True, color=array([1., 1., 1.]), colorSpace='rgb', contrast=1.0, depth=-10.0, flipHoriz=False, flipVert=False, image=str(...), interpolate=True, mask=None, maskParams=None, name='ten', opacity=1.0, ori=0.0, pos=array([ 0.2, -0.3]), size=array([0.22, 0.22]), texRes=128, units='height', win=Window(...))
10.5778 	EXP 	Created eleven = ImageStim(__class__=<class 'psychopy.visual.image.ImageStim'>, autoLog=True, color=array([1., 1., 1.]), colorSpace='rgb', contrast=1.0, depth=-11.0, flipHoriz=False, flipVert=False, image=str(...), interpolate=True, mask=None, maskParams=None, name='eleven', opacity=1.0, ori=0.0, pos=array([ 0.45, -0.3 ]), size=array([0.22, 0.22]), texRes=128, units='height', win=Window(...))
10.6471 	EXP 	Created twelve = ImageStim(__class__=<class 'psychopy.visual.image.ImageStim'>, autoLog=True, color=array([1., 1., 1.]), colorSpace='rgb', contrast=1.0, depth=-12.0, flipHoriz=False, flipVert=False, image=str(...), interpolate=True, mask=None, maskParams=None, name='twelve', opacity=1.0, ori=0.0, pos=array([ 0.7, -0.3]), size=array([0.22, 0.22]), texRes=128, units='height', win=Window(...))
10.6844 	EXP 	instruction_text: autoDraw = True
10.6844 	EXP 	text_2: autoDraw = True
11.4671 	DATA 	Mouse: Left button down, pos=(970,56)
11.4807 	EXP 	instruction_text: autoDraw = False
11.4807 	EXP 	text_2: autoDraw = False
11.4807 	EXP 	text: autoDraw = True
11.5270 	DATA 	Mouse:  Left button up, pos=(970,56)
11.9659 	DATA 	Mouse: Left button down, pos=(969,140)
12.5999 	DATA 	Mouse:  Left button up, pos=(969,140)
12.6119 	EXP 	text: autoDraw = False
12.6119 	EXP 	one: autoDraw = True
12.6119 	EXP 	two: autoDraw = True
12.6119 	EXP 	three: autoDraw = True
12.6119 	EXP 	seven: autoDraw = True
12.6119 	EXP 	eight: autoDraw = True
12.6119 	EXP 	nine: autoDraw = True
12.6119 	EXP 	four: autoDraw = True
12.6119 	EXP 	five: autoDraw = True
12.6119 	EXP 	six: autoDraw = True
12.6119 	EXP 	ten: autoDraw = True
12.6119 	EXP 	eleven: autoDraw = True
12.6119 	EXP 	twelve: autoDraw = True
13.5782 	DATA 	Mouse: Left button down, pos=(1148,894)
13.6118 	EXP 	four: pos = array([0.17407407, 0.32777778])
13.6278 	EXP 	four: pos = array([0.17407407, 0.32777778])
13.6458 	EXP 	four: pos = array([0.17407407, 0.32777778])
13.6615 	EXP 	four: pos = array([0.17407407, 0.32777778])
13.6778 	EXP 	four: pos = array([0.17407407, 0.32777778])
13.6945 	EXP 	four: pos = array([0.17407407, 0.32777778])
13.7114 	EXP 	four: pos = array([0.17407407, 0.32777778])
13.7289 	EXP 	four: pos = array([0.17407407, 0.32777778])
13.7487 	EXP 	four: pos = array([0.17407407, 0.32777778])
13.7666 	EXP 	four: pos = array([0.17407407, 0.32777778])
13.7881 	EXP 	four: pos = array([0.17222222, 0.31481481])
13.8090 	EXP 	four: pos = array([0.16666667, 0.28518519])
13.8282 	EXP 	four: pos = array([0.16203704, 0.25277778])
13.8448 	EXP 	four: pos = array([0.15648148, 0.21666667])
13.8615 	EXP 	four: pos = array([0.15092593, 0.19351852])
13.8783 	EXP 	four: pos = array([0.14444444, 0.17407407])
13.8946 	EXP 	four: pos = array([0.13518519, 0.14166667])
13.9117 	EXP 	four: pos = array([0.12777778, 0.11944444])
13.9286 	EXP 	four: pos = array([0.11759259, 0.10185185])
13.9456 	EXP 	four: pos = array([0.1       , 0.06944444])
13.9623 	EXP 	four: pos = array([0.08611111, 0.05092593])
13.9798 	EXP 	four: pos = array([0.07314815, 0.03055556])
13.9969 	EXP 	four: pos = array([0.04814815, 0.00185185])
14.0154 	EXP 	four: pos = array([ 0.03240741, -0.01944444])
14.0318 	EXP 	four: pos = array([-0.00648148, -0.05092593])
14.0481 	EXP 	four: pos = array([-0.03703704, -0.06851852])
14.0647 	EXP 	four: pos = array([-0.05555556, -0.07777778])
14.0833 	EXP 	four: pos = array([-0.08888889, -0.08981481])
14.1004 	EXP 	four: pos = array([-0.11018519, -0.0962963 ])
14.1204 	EXP 	four: pos = array([-0.13888889, -0.09907407])
14.1435 	EXP 	four: pos = array([-0.15      , -0.09907407])
14.1629 	EXP 	four: pos = array([-0.17314815, -0.0962963 ])
14.1809 	EXP 	four: pos = array([-0.19907407, -0.08796296])
14.1951 	EXP 	four: pos = array([-0.21388889, -0.08148148])
14.2115 	EXP 	four: pos = array([-0.225     , -0.07314815])
14.2284 	EXP 	four: pos = array([-0.23148148, -0.06666667])
14.2450 	EXP 	four: pos = array([-0.23888889, -0.05555556])
14.2619 	EXP 	four: pos = array([-0.24259259, -0.04722222])
14.2789 	EXP 	four: pos = array([-0.24722222, -0.03611111])
14.2957 	EXP 	four: pos = array([-0.25277778, -0.01018519])
14.3126 	EXP 	four: pos = array([-0.25277778, -0.00092593])
14.3302 	EXP 	four: pos = array([-0.25277778,  0.00925926])
14.3453 	EXP 	four: pos = array([-0.25      ,  0.02685185])
14.3620 	EXP 	four: pos = array([-0.24259259,  0.05185185])
14.3788 	EXP 	four: pos = array([-0.23240741,  0.075     ])
14.3963 	EXP 	four: pos = array([-0.22222222,  0.09537037])
14.4163 	EXP 	four: pos = array([-0.20833333,  0.11203704])
14.4381 	EXP 	four: pos = array([-0.1962963,  0.125    ])
14.4621 	EXP 	four: pos = array([-0.17037037,  0.1537037 ])
14.4824 	EXP 	four: pos = array([-0.15092593,  0.1712963 ])
14.5008 	EXP 	four: pos = array([-0.12222222,  0.1962963 ])
14.5184 	EXP 	four: pos = array([-0.10555556,  0.20555556])
14.5430 	EXP 	four: pos = array([-0.08148148,  0.21944444])
14.5653 	EXP 	four: pos = array([-0.06111111,  0.22962963])
14.5844 	EXP 	four: pos = array([-0.03333333,  0.24351852])
14.6039 	EXP 	four: pos = array([-0.00740741,  0.25185185])
14.6244 	EXP 	four: pos = array([0.01851852, 0.26018519])
14.6473 	EXP 	four: pos = array([0.03703704, 0.26574074])
14.6703 	EXP 	four: pos = array([0.05      , 0.26851852])
14.6893 	EXP 	four: pos = array([0.06296296, 0.27037037])
14.7082 	EXP 	four: pos = array([0.06759259, 0.2712963 ])
14.7301 	EXP 	four: pos = array([0.07407407, 0.2712963 ])
14.7520 	EXP 	four: pos = array([0.08148148, 0.2712963 ])
14.7744 	EXP 	four: pos = array([0.08888889, 0.26944444])
14.7971 	EXP 	four: pos = array([0.09907407, 0.26574074])
14.8180 	EXP 	four: pos = array([0.1037037 , 0.26111111])
14.8375 	EXP 	four: pos = array([0.11111111, 0.25648148])
14.8571 	EXP 	four: pos = array([0.11944444, 0.24722222])
14.8767 	EXP 	four: pos = array([0.125     , 0.23796296])
14.8963 	EXP 	four: pos = array([0.13518519, 0.22222222])
14.9127 	EXP 	four: pos = array([0.14166667, 0.20740741])
14.9297 	EXP 	four: pos = array([0.15092593, 0.18333333])
14.9466 	EXP 	four: pos = array([0.15648148, 0.17037037])
14.9631 	EXP 	four: pos = array([0.16203704, 0.15277778])
14.9834 	EXP 	four: pos = array([0.16851852, 0.125     ])
14.9975 	EXP 	four: pos = array([0.1712963 , 0.11018519])
15.0126 	EXP 	four: pos = array([0.17222222, 0.09444444])
15.0293 	EXP 	four: pos = array([0.175     , 0.07685185])
15.0461 	EXP 	four: pos = array([0.175     , 0.04722222])
15.0634 	EXP 	four: pos = array([0.17314815, 0.02685185])
15.0827 	EXP 	four: pos = array([0.16944444, 0.00925926])
15.1046 	EXP 	four: pos = array([ 0.15925926, -0.01851852])
15.1226 	EXP 	four: pos = array([ 0.14074074, -0.05092593])
15.1411 	EXP 	four: pos = array([ 0.11481481, -0.07685185])
15.1587 	EXP 	four: pos = array([ 0.0962963 , -0.08981481])
15.1763 	EXP 	four: pos = array([ 0.06388889, -0.10740741])
15.1993 	EXP 	four: pos = array([ 0.01574074, -0.1287037 ])
15.2156 	EXP 	four: pos = array([-0.01388889, -0.13796296])
15.2296 	EXP 	four: pos = array([-0.04259259, -0.14537037])
15.2462 	EXP 	four: pos = array([-0.06944444, -0.15      ])
15.2630 	EXP 	four: pos = array([-0.08796296, -0.14907407])
15.2796 	EXP 	four: pos = array([-0.10833333, -0.14444444])
15.2963 	EXP 	four: pos = array([-0.12314815, -0.13796296])
15.3131 	EXP 	four: pos = array([-0.14444444, -0.12592593])
15.3298 	EXP 	four: pos = array([-0.16759259, -0.10925926])
15.3464 	EXP 	four: pos = array([-0.18148148, -0.09907407])
15.3631 	EXP 	four: pos = array([-0.19259259, -0.08425926])
15.3803 	EXP 	four: pos = array([-0.21388889, -0.03703704])
15.3991 	EXP 	four: pos = array([-0.23703704,  0.04259259])
15.4217 	EXP 	four: pos = array([-0.24722222,  0.12777778])
15.4439 	EXP 	four: pos = array([-0.2462963 ,  0.15555556])
15.4633 	EXP 	four: pos = array([-0.24351852,  0.16388889])
15.4802 	EXP 	four: pos = array([-0.24166667,  0.16944444])
15.4974 	EXP 	four: pos = array([-0.23148148,  0.19074074])
15.5167 	EXP 	four: pos = array([-0.21944444,  0.21388889])
15.5373 	EXP 	four: pos = array([-0.20092593,  0.23981481])
15.5607 	EXP 	four: pos = array([-0.19074074,  0.25277778])
15.5801 	EXP 	four: pos = array([-0.17407407,  0.26759259])
15.5977 	EXP 	four: pos = array([-0.15740741,  0.28333333])
15.6180 	EXP 	four: pos = array([-0.13148148,  0.3037037 ])
15.6391 	EXP 	four: pos = array([-0.10555556,  0.31759259])
15.6615 	EXP 	four: pos = array([-0.09722222,  0.3212963 ])
15.6826 	EXP 	four: pos = array([-0.0712963 ,  0.33055556])
15.7025 	EXP 	four: pos = array([-0.04537037,  0.33888889])
15.7202 	EXP 	four: pos = array([-0.02407407,  0.34259259])
15.7387 	EXP 	four: pos = array([-0.01388889,  0.34351852])
15.7615 	EXP 	four: pos = array([0.0037037, 0.3462963])
15.7812 	EXP 	four: pos = array([0.0287037 , 0.34537037])
15.8021 	EXP 	four: pos = array([0.04166667, 0.34444444])
15.8205 	EXP 	four: pos = array([0.05648148, 0.34166667])
15.8388 	EXP 	four: pos = array([0.06666667, 0.33796296])
15.8670 	EXP 	four: pos = array([0.07777778, 0.33518519])
15.8974 	EXP 	four: pos = array([0.08888889, 0.3287037 ])
15.9181 	EXP 	four: pos = array([0.09722222, 0.32314815])
15.9373 	EXP 	four: pos = array([0.1037037 , 0.31851852])
15.9575 	EXP 	four: pos = array([0.11111111, 0.31296296])
15.9806 	EXP 	four: pos = array([0.11759259, 0.30648148])
16.0021 	EXP 	four: pos = array([0.12407407, 0.30277778])
16.0195 	EXP 	four: pos = array([0.125, 0.3  ])
16.0371 	EXP 	four: pos = array([0.12592593, 0.3       ])
16.0541 	EXP 	four: pos = array([0.12685185, 0.29814815])
16.0744 	EXP 	four: pos = array([0.12777778, 0.29814815])
16.0925 	EXP 	four: pos = array([0.1287037 , 0.29814815])
16.1114 	EXP 	four: pos = array([0.1287037 , 0.29814815])
16.1308 	EXP 	four: pos = array([0.12962963, 0.29814815])
16.1475 	EXP 	four: pos = array([0.12962963, 0.29722222])
16.1642 	EXP 	four: pos = array([0.13055556, 0.29722222])
16.1807 	EXP 	four: pos = array([0.13055556, 0.29722222])
16.1974 	EXP 	four: pos = array([0.13055556, 0.29722222])
16.2144 	EXP 	four: pos = array([0.13055556, 0.29722222])
16.2318 	EXP 	four: pos = array([0.13055556, 0.29722222])
16.2496 	EXP 	four: pos = array([0.13055556, 0.29722222])
16.2679 	EXP 	four: pos = array([0.13055556, 0.29722222])
16.2860 	EXP 	four: pos = array([0.13055556, 0.29722222])
16.3034 	EXP 	four: pos = array([0.13055556, 0.29722222])
16.3292 	EXP 	four: pos = array([0.13055556, 0.29722222])
16.3480 	EXP 	four: pos = array([0.13055556, 0.29722222])
16.3487 	DATA 	Mouse:  Left button up, pos=(1101,861)
17.4327 	DATA 	Mouse: Left button down, pos=(187,911)
17.4485 	EXP 	one: autoDraw = False
17.4485 	EXP 	two: autoDraw = False
17.4485 	EXP 	three: autoDraw = False
17.4485 	EXP 	seven: autoDraw = False
17.4485 	EXP 	eight: autoDraw = False
17.4485 	EXP 	nine: autoDraw = False
17.4485 	EXP 	four: autoDraw = False
17.4485 	EXP 	five: autoDraw = False
17.4485 	EXP 	six: autoDraw = False
17.4485 	EXP 	ten: autoDraw = False
17.4485 	EXP 	eleven: autoDraw = False
17.4485 	EXP 	twelve: autoDraw = False
17.4906 	EXP 	window1: mouseVisible = True
