8.0151 	EXP 	Created window1 = Window(allowGUI=True, allowStencil=False, args=UNKNOWN, autoLog=True, bitsMode=UNKNOWN, blendMode='avg', color=array([0., 0., 0.]), colorSpace='rgb', fullscr=<method-wrapper '__getattribute__' of attributeSetter object at 0x000001DDB61815F8>, gamma=None, gammaErrorPolicy='raise', kwargs=UNKNOWN, lms=UNKNOWN, monitor=<psychopy.monitors.calibTools.Monitor object at 0x000001DDB6107C88>, multiSample=False, name='window1', numSamples=2, pos=[0.0, 0.0], screen=0, size=array([1920, 1080]), stereo=False, units='height', useFBO=True, useRetina=False, viewOri=0.0, viewPos=None, viewScale=None, waitBlanking=True, winType='pyglet')
8.0153 	EXP 	window1: recordFrameIntervals = False
8.1790 	EXP 	window1: recordFrameIntervals = True
8.3646 	EXP 	window1: recordFrameIntervals = False
8.7621 	EXP 	Created instruction_text = TextStim(__class__=<class 'psychopy.visual.text.TextStim'>, alignHoriz='center', alignVert='center', antialias=True, autoLog=True, bold=False, color='white', colorSpace='named', contrast=1.0, depth=0.0, flipHoriz=False, flipVert=False, font='Arial', fontFiles=[], height=0.05, italic=False, languageStyle='LTR', name='instruction_text', opacity=1.0, ori=0, pos=array([0., 0.]), rgb=array([255., 255., 255.]), text=str(...), units='height', win=Window(...), wrapWidth=1)
8.7711 	EXP 	Created text_2 = TextStim(__class__=<class 'psychopy.visual.text.TextStim'>, alignHoriz='center', alignVert='center', antialias=True, autoLog=True, bold=False, color='white', colorSpace='named', contrast=1.0, depth=-2.0, flipHoriz=False, flipVert=False, font='Arial', fontFiles=[], height=0.05, italic=False, languageStyle='LTR', name='text_2', opacity=1.0, ori=0, pos=array([ 0.  , -0.45]), rgb=array([255., 255., 255.]), text='Click here to continue.', units='height', win=Window(...), wrapWidth=1)
8.7821 	EXP 	Created text = TextStim(__class__=<class 'psychopy.visual.text.TextStim'>, alignHoriz='center', alignVert='center', antialias=True, autoLog=True, bold=False, color='white', colorSpace='named', contrast=1.0, depth=0.0, flipHoriz=False, flipVert=False, font='Arial', fontFiles=[], height=0.05, italic=False, languageStyle='LTR', name='text', opacity=1.0, ori=0, pos=array([0., 0.]), rgb=array([255., 255., 255.]), text='Here is a video example.', units='height', win=Window(...), wrapWidth=1)
8.8672 	EXP 	Created one = ImageStim(__class__=<class 'psychopy.visual.image.ImageStim'>, autoLog=True, color=array([1., 1., 1.]), colorSpace='rgb', contrast=1.0, depth=0.0, flipHoriz=False, flipVert=False, image=str(...), interpolate=True, mask=None, maskParams=None, name='one', opacity=1.0, ori=0.0, pos=array([-0.6,  0.3]), size=array([0.25, 0.25]), texRes=128, units='height', win=Window(...))
8.9099 	EXP 	instruction_text: autoDraw = True
8.9099 	EXP 	text_2: autoDraw = True
9.8170 	DATA 	Mouse: Left button down, pos=(923,545)
9.8843 	DATA 	Mouse:  Left button up, pos=(923,545)
11.1182 	DATA 	Mouse: Left button down, pos=(921,95)
11.2015 	DATA 	Mouse:  Left button up, pos=(921,95)
11.7020 	DATA 	Mouse: Left button down, pos=(885,54)
11.7176 	EXP 	instruction_text: autoDraw = False
11.7176 	EXP 	text_2: autoDraw = False
11.7176 	EXP 	text: autoDraw = True
11.7879 	DATA 	Mouse:  Left button up, pos=(885,54)
12.2512 	DATA 	Mouse: Left button down, pos=(982,354)
12.3018 	EXP 	text: autoDraw = False
12.3018 	EXP 	one: autoDraw = True
12.3184 	DATA 	Mouse:  Left button up, pos=(982,354)
21.2458 	DATA 	Mouse: Left button down, pos=(843,700)
21.3151 	DATA 	Mouse:  Left button up, pos=(843,700)
21.7465 	DATA 	Mouse: Left button down, pos=(421,852)
21.7617 	EXP 	one: autoDraw = False
21.8656 	EXP 	window1: mouseVisible = True
