7.5291 	EXP 	Created window1 = Window(allowGUI=True, allowStencil=False, args=UNKNOWN, autoLog=True, bitsMode=UNKNOWN, blendMode='avg', color=array([0., 0., 0.]), colorSpace='rgb', fullscr=<method-wrapper '__getattribute__' of attributeSetter object at 0x0000023163511DD8>, gamma=None, gammaErrorPolicy='raise', kwargs=UNKNOWN, lms=UNKNOWN, monitor=<psychopy.monitors.calibTools.Monitor object at 0x000002316371A4A8>, multiSample=False, name='window1', numSamples=2, pos=[0.0, 0.0], screen=0, size=array([1920, 1080]), stereo=False, units='height', useFBO=True, useRetina=False, viewOri=0.0, viewPos=None, viewScale=None, waitBlanking=True, winType='pyglet')
7.5291 	EXP 	window1: recordFrameIntervals = False
7.6957 	EXP 	window1: recordFrameIntervals = True
7.8808 	EXP 	window1: recordFrameIntervals = False
8.2927 	EXP 	Created instruction_text = TextStim(__class__=<class 'psychopy.visual.text.TextStim'>, alignHoriz='center', alignVert='center', antialias=True, autoLog=True, bold=False, color='white', colorSpace='named', contrast=1.0, depth=0.0, flipHoriz=False, flipVert=False, font='Arial', fontFiles=[], height=0.05, italic=False, languageStyle='LTR', name='instruction_text', opacity=1.0, ori=0, pos=array([0., 0.]), rgb=array([255., 255., 255.]), text=str(...), units='height', win=Window(...), wrapWidth=1)
8.3012 	EXP 	Created text_2 = TextStim(__class__=<class 'psychopy.visual.text.TextStim'>, alignHoriz='center', alignVert='center', antialias=True, autoLog=True, bold=False, color='white', colorSpace='named', contrast=1.0, depth=-2.0, flipHoriz=False, flipVert=False, font='Arial', fontFiles=[], height=0.05, italic=False, languageStyle='LTR', name='text_2', opacity=1.0, ori=0, pos=array([ 0.  , -0.45]), rgb=array([255., 255., 255.]), text='Click here to continue.', units='height', win=Window(...), wrapWidth=1)
8.3122 	EXP 	Created text = TextStim(__class__=<class 'psychopy.visual.text.TextStim'>, alignHoriz='center', alignVert='center', antialias=True, autoLog=True, bold=False, color='white', colorSpace='named', contrast=1.0, depth=0.0, flipHoriz=False, flipVert=False, font='Arial', fontFiles=[], height=0.05, italic=False, languageStyle='LTR', name='text', opacity=1.0, ori=0, pos=array([0., 0.]), rgb=array([255., 255., 255.]), text='Here is a video example.', units='height', win=Window(...), wrapWidth=1)
8.3898 	EXP 	Created one = ImageStim(__class__=<class 'psychopy.visual.image.ImageStim'>, autoLog=True, color=array([1., 1., 1.]), colorSpace='rgb', contrast=1.0, depth=0.0, flipHoriz=False, flipVert=False, image=str(...), interpolate=True, mask=None, maskParams=None, name='one', opacity=1.0, ori=0.0, pos=array([-0.7,  0.3]), size=array([0.22, 0.22]), texRes=128, units='height', win=Window(...))
8.4709 	EXP 	Created two = ImageStim(__class__=<class 'psychopy.visual.image.ImageStim'>, autoLog=True, color=array([1., 1., 1.]), colorSpace='rgb', contrast=1.0, depth=-2.0, flipHoriz=False, flipVert=False, image=str(...), interpolate=True, mask=None, maskParams=None, name='two', opacity=1.0, ori=0.0, pos=array([-0.45,  0.3 ]), size=array([0.22, 0.22]), texRes=128, units='height', win=Window(...))
8.5419 	EXP 	Created three = ImageStim(__class__=<class 'psychopy.visual.image.ImageStim'>, autoLog=True, color=array([1., 1., 1.]), colorSpace='rgb', contrast=1.0, depth=-3.0, flipHoriz=False, flipVert=False, image=str(...), interpolate=True, mask=None, maskParams=None, name='three', opacity=1.0, ori=0.0, pos=array([-0.2,  0.3]), size=array([0.22, 0.22]), texRes=128, units='height', win=Window(...))
8.6192 	EXP 	Created seven = ImageStim(__class__=<class 'psychopy.visual.image.ImageStim'>, autoLog=True, color=array([1., 1., 1.]), colorSpace='rgb', contrast=1.0, depth=-4.0, flipHoriz=False, flipVert=False, image=str(...), interpolate=True, mask=None, maskParams=None, name='seven', opacity=1.0, ori=0.0, pos=array([-0.7, -0.3]), size=array([0.22, 0.22]), texRes=128, units='height', win=Window(...))
8.7044 	EXP 	Created eight = ImageStim(__class__=<class 'psychopy.visual.image.ImageStim'>, autoLog=True, color=array([1., 1., 1.]), colorSpace='rgb', contrast=1.0, depth=-5.0, flipHoriz=False, flipVert=False, image=str(...), interpolate=True, mask=None, maskParams=None, name='eight', opacity=1.0, ori=0.0, pos=array([-0.45, -0.3 ]), size=array([0.22, 0.22]), texRes=128, units='height', win=Window(...))
8.7913 	EXP 	Created nine = ImageStim(__class__=<class 'psychopy.visual.image.ImageStim'>, autoLog=True, color=array([1., 1., 1.]), colorSpace='rgb', contrast=1.0, depth=-6.0, flipHoriz=False, flipVert=False, image=str(...), interpolate=True, mask=None, maskParams=None, name='nine', opacity=1.0, ori=0.0, pos=array([-0.2, -0.3]), size=array([0.22, 0.22]), texRes=128, units='height', win=Window(...))
8.8532 	EXP 	Created four = ImageStim(__class__=<class 'psychopy.visual.image.ImageStim'>, autoLog=True, color=array([1., 1., 1.]), colorSpace='rgb', contrast=1.0, depth=-7.0, flipHoriz=False, flipVert=False, image=str(...), interpolate=True, mask=None, maskParams=None, name='four', opacity=1.0, ori=0.0, pos=array([0.2, 0.3]), size=array([0.22, 0.22]), texRes=128, units='height', win=Window(...))
8.9332 	EXP 	Created five = ImageStim(__class__=<class 'psychopy.visual.image.ImageStim'>, autoLog=True, color=array([1., 1., 1.]), colorSpace='rgb', contrast=1.0, depth=-8.0, flipHoriz=False, flipVert=False, image=str(...), interpolate=True, mask=None, maskParams=None, name='five', opacity=1.0, ori=0.0, pos=array([0.45, 0.3 ]), size=array([0.22, 0.22]), texRes=128, units='height', win=Window(...))
9.0195 	EXP 	Created six = ImageStim(__class__=<class 'psychopy.visual.image.ImageStim'>, autoLog=True, color=array([1., 1., 1.]), colorSpace='rgb', contrast=1.0, depth=-9.0, flipHoriz=False, flipVert=False, image=str(...), interpolate=True, mask=None, maskParams=None, name='six', opacity=1.0, ori=0.0, pos=array([0.7, 0.3]), size=array([0.22, 0.22]), texRes=128, units='height', win=Window(...))
9.0882 	EXP 	Created ten = ImageStim(__class__=<class 'psychopy.visual.image.ImageStim'>, autoLog=True, color=array([1., 1., 1.]), colorSpace='rgb', contrast=1.0, depth=-10.0, flipHoriz=False, flipVert=False, image=str(...), interpolate=True, mask=None, maskParams=None, name='ten', opacity=1.0, ori=0.0, pos=array([ 0.2, -0.3]), size=array([0.22, 0.22]), texRes=128, units='height', win=Window(...))
9.1724 	EXP 	Created eleven = ImageStim(__class__=<class 'psychopy.visual.image.ImageStim'>, autoLog=True, color=array([1., 1., 1.]), colorSpace='rgb', contrast=1.0, depth=-11.0, flipHoriz=False, flipVert=False, image=str(...), interpolate=True, mask=None, maskParams=None, name='eleven', opacity=1.0, ori=0.0, pos=array([ 0.45, -0.3 ]), size=array([0.22, 0.22]), texRes=128, units='height', win=Window(...))
9.2607 	EXP 	Created twelve = ImageStim(__class__=<class 'psychopy.visual.image.ImageStim'>, autoLog=True, color=array([1., 1., 1.]), colorSpace='rgb', contrast=1.0, depth=-12.0, flipHoriz=False, flipVert=False, image=str(...), interpolate=True, mask=None, maskParams=None, name='twelve', opacity=1.0, ori=0.0, pos=array([ 0.7, -0.3]), size=array([0.22, 0.22]), texRes=128, units='height', win=Window(...))
9.2947 	EXP 	instruction_text: autoDraw = True
9.2947 	EXP 	text_2: autoDraw = True
10.0002 	DATA 	Mouse: Left button down, pos=(834,86)
10.2174 	DATA 	Mouse:  Left button up, pos=(834,86)
10.6541 	DATA 	Mouse: Left button down, pos=(853,71)
10.6831 	EXP 	instruction_text: autoDraw = False
10.6831 	EXP 	text_2: autoDraw = False
10.6831 	EXP 	text: autoDraw = True
10.8688 	DATA 	Mouse:  Left button up, pos=(853,71)
11.3694 	DATA 	Mouse: Left button down, pos=(1011,200)
11.9517 	DATA 	Mouse:  Left button up, pos=(1011,200)
11.9633 	EXP 	text: autoDraw = False
11.9633 	EXP 	one: autoDraw = True
11.9633 	EXP 	two: autoDraw = True
11.9633 	EXP 	three: autoDraw = True
11.9633 	EXP 	seven: autoDraw = True
11.9633 	EXP 	eight: autoDraw = True
11.9633 	EXP 	nine: autoDraw = True
11.9633 	EXP 	four: autoDraw = True
11.9633 	EXP 	five: autoDraw = True
11.9633 	EXP 	six: autoDraw = True
11.9633 	EXP 	ten: autoDraw = True
11.9633 	EXP 	eleven: autoDraw = True
11.9633 	EXP 	twelve: autoDraw = True
12.8848 	DATA 	Mouse: Left button down, pos=(767,812)
12.9178 	EXP 	three: pos = array([-0.1787037 ,  0.25185185])
12.9346 	EXP 	three: pos = array([-0.1787037 ,  0.25185185])
12.9514 	EXP 	three: pos = array([-0.1787037 ,  0.25185185])
12.9684 	EXP 	three: pos = array([-0.1787037 ,  0.25185185])
12.9850 	EXP 	three: pos = array([-0.1787037 ,  0.25185185])
13.0025 	EXP 	three: pos = array([-0.1787037 ,  0.25185185])
13.0182 	EXP 	three: pos = array([-0.1787037 ,  0.25185185])
13.0344 	EXP 	three: pos = array([-0.16574074,  0.22314815])
13.0511 	EXP 	three: pos = array([-0.15092593,  0.19814815])
13.0685 	EXP 	three: pos = array([-0.12962963,  0.15833333])
13.0885 	EXP 	three: pos = array([-0.11851852,  0.13703704])
13.1149 	EXP 	three: pos = array([-0.10092593,  0.10462963])
13.1344 	EXP 	three: pos = array([-0.08888889,  0.05740741])
13.1508 	EXP 	three: pos = array([-0.08703704,  0.04537037])
13.1675 	EXP 	three: pos = array([-0.08703704, -0.00092593])
13.1841 	EXP 	three: pos = array([-0.09074074, -0.02962963])
13.2008 	EXP 	three: pos = array([-0.0962963, -0.0537037])
13.2175 	EXP 	three: pos = array([-0.11574074, -0.09351852])
13.2343 	EXP 	three: pos = array([-0.13518519, -0.11944444])
13.2509 	EXP 	three: pos = array([-0.15462963, -0.13611111])
13.2677 	EXP 	three: pos = array([-0.18518519, -0.15833333])
13.2843 	EXP 	three: pos = array([-0.20277778, -0.16388889])
13.3009 	EXP 	three: pos = array([-0.21944444, -0.16574074])
13.3177 	EXP 	three: pos = array([-0.25555556, -0.16388889])
13.3345 	EXP 	three: pos = array([-0.28611111, -0.15555556])
13.3510 	EXP 	three: pos = array([-0.30555556, -0.15      ])
13.3678 	EXP 	three: pos = array([-0.31851852, -0.14444444])
13.3843 	EXP 	three: pos = array([-0.32314815, -0.14166667])
13.4010 	EXP 	three: pos = array([-0.32314815, -0.14074074])
13.4182 	EXP 	three: pos = array([-0.32407407, -0.14074074])
13.4345 	EXP 	three: pos = array([-0.32407407, -0.14074074])
13.4511 	EXP 	three: pos = array([-0.32407407, -0.14074074])
13.4678 	EXP 	three: pos = array([-0.32407407, -0.13981481])
13.4848 	EXP 	three: pos = array([-0.32314815, -0.13796296])
13.5014 	EXP 	three: pos = array([-0.32222222, -0.13611111])
13.5185 	EXP 	three: pos = array([-0.3212963 , -0.13425926])
13.5382 	EXP 	three: pos = array([-0.32037037, -0.13425926])
13.5598 	EXP 	three: pos = array([-0.31851852, -0.13333333])
13.5774 	EXP 	three: pos = array([-0.31851852, -0.13240741])
13.6012 	EXP 	three: pos = array([-0.31759259, -0.13148148])
13.6203 	EXP 	three: pos = array([-0.31481481, -0.12777778])
13.6324 	DATA 	Mouse:  Left button up, pos=(622,405)
13.6393 	EXP 	three: pos = array([-0.31296296, -0.125     ])
14.2008 	DATA 	Mouse: Left button down, pos=(661,407)
14.2542 	EXP 	three: pos = array([-0.27685185, -0.12314815])
14.2727 	EXP 	three: pos = array([-0.27685185, -0.12314815])
14.3006 	EXP 	three: pos = array([-0.27685185, -0.12314815])
14.3203 	EXP 	three: pos = array([-0.27685185, -0.12314815])
14.3353 	EXP 	three: pos = array([-0.27685185, -0.12314815])
14.3524 	EXP 	three: pos = array([-0.2712963, -0.15     ])
14.3689 	EXP 	three: pos = array([-0.24722222, -0.25740741])
14.3859 	EXP 	three: pos = array([-0.23703704, -0.30185185])
14.4035 	EXP 	three: pos = array([-0.21018519, -0.36296296])
14.4239 	EXP 	three: pos = array([-0.19907407, -0.39351852])
14.4501 	EXP 	three: pos = array([-0.18796296, -0.40833333])
14.4698 	EXP 	three: pos = array([-0.18425926, -0.41203704])
14.4873 	EXP 	three: pos = array([-0.18425926, -0.41203704])
14.5077 	EXP 	three: pos = array([-0.18425926, -0.41203704])
14.5252 	EXP 	three: pos = array([-0.18425926, -0.41203704])
14.5457 	EXP 	three: pos = array([-0.18425926, -0.41203704])
14.5649 	EXP 	three: pos = array([-0.18425926, -0.41203704])
14.5863 	EXP 	three: pos = array([-0.18333333, -0.41203704])
14.6077 	EXP 	three: pos = array([-0.17685185, -0.40555556])
14.6252 	EXP 	three: pos = array([-0.12314815, -0.32592593])
14.7259 	EXP 	four: pos = array([0.20648148, 0.29074074])
14.7438 	EXP 	four: pos = array([0.22962963, 0.32222222])
14.7699 	EXP 	four: pos = array([0.26759259, 0.36759259])
14.7918 	EXP 	four: pos = array([0.28055556, 0.38055556])
14.8104 	EXP 	four: pos = array([0.29444444, 0.38888889])
14.8276 	EXP 	four: pos = array([0.30740741, 0.39814815])
14.8470 	EXP 	four: pos = array([0.33981481, 0.41574074])
14.8657 	EXP 	four: pos = array([0.35833333, 0.42777778])
14.8875 	EXP 	four: pos = array([0.375     , 0.44074074])
14.9072 	EXP 	four: pos = array([0.37685185, 0.44351852])
14.9245 	EXP 	four: pos = array([0.37685185, 0.44351852])
14.9448 	EXP 	four: pos = array([0.37685185, 0.44351852])
14.9655 	EXP 	four: pos = array([0.37685185, 0.44351852])
14.9834 	EXP 	four: pos = array([0.37685185, 0.44351852])
15.0066 	EXP 	four: pos = array([0.37685185, 0.44351852])
15.0249 	EXP 	four: pos = array([0.37592593, 0.44259259])
15.0445 	EXP 	four: pos = array([0.37407407, 0.44166667])
15.0642 	EXP 	four: pos = array([0.34814815, 0.425     ])
15.0862 	EXP 	four: pos = array([0.30833333, 0.40092593])
15.1077 	EXP 	four: pos = array([0.24351852, 0.36574074])
15.1254 	EXP 	four: pos = array([0.18333333, 0.32962963])
15.1436 	EXP 	four: pos = array([0.14351852, 0.30277778])
15.1618 	EXP 	four: pos = array([0.11574074, 0.28518519])
15.1808 	EXP 	four: pos = array([0.06203704, 0.24907407])
15.2000 	EXP 	four: pos = array([0.01203704, 0.2       ])
15.2203 	EXP 	four: pos = array([0.        , 0.18333333])
15.2366 	EXP 	four: pos = array([-0.01018519,  0.17314815])
15.2537 	EXP 	four: pos = array([-0.01851852,  0.16203704])
15.2702 	EXP 	four: pos = array([-0.02037037,  0.15462963])
15.2867 	EXP 	four: pos = array([-0.02314815,  0.14166667])
15.3033 	EXP 	four: pos = array([-0.02314815,  0.13425926])
15.3207 	EXP 	four: pos = array([-0.02314815,  0.12592593])
15.3377 	EXP 	four: pos = array([-0.0212963 ,  0.12037037])
15.3585 	EXP 	four: pos = array([-0.01944444,  0.11574074])
15.3765 	EXP 	four: pos = array([-0.01851852,  0.11388889])
15.4014 	EXP 	four: pos = array([-0.01759259,  0.11296296])
15.4203 	EXP 	four: pos = array([-0.01574074,  0.11203704])
15.4366 	EXP 	four: pos = array([-0.01481481,  0.11203704])
15.4535 	EXP 	four: pos = array([-0.01203704,  0.11203704])
15.4708 	EXP 	four: pos = array([-0.00925926,  0.11203704])
15.4915 	EXP 	four: pos = array([0.0037037 , 0.11388889])
15.5099 	EXP 	four: pos = array([0.03703704, 0.12407407])
15.5236 	EXP 	four: pos = array([0.09074074, 0.1537037 ])
15.5370 	EXP 	four: pos = array([0.16481481, 0.21574074])
15.5537 	EXP 	four: pos = array([0.2037037 , 0.24722222])
15.5710 	EXP 	four: pos = array([0.2212963 , 0.26296296])
15.5877 	EXP 	four: pos = array([0.23240741, 0.27962963])
15.6045 	EXP 	four: pos = array([0.24444444, 0.3       ])
15.6215 	EXP 	four: pos = array([0.24537037, 0.30185185])
15.6390 	EXP 	four: pos = array([0.24537037, 0.30277778])
15.6555 	EXP 	four: pos = array([0.24537037, 0.30277778])
15.6716 	EXP 	four: pos = array([0.24537037, 0.30277778])
15.6877 	EXP 	four: pos = array([0.24537037, 0.30277778])
15.7039 	EXP 	four: pos = array([0.24537037, 0.30277778])
15.7205 	EXP 	four: pos = array([0.24444444, 0.30277778])
15.7373 	EXP 	four: pos = array([0.24444444, 0.30277778])
15.7540 	EXP 	four: pos = array([0.24444444, 0.30277778])
15.7707 	EXP 	four: pos = array([0.24351852, 0.30185185])
15.7877 	EXP 	four: pos = array([0.24351852, 0.30185185])
15.8067 	EXP 	four: pos = array([0.23796296, 0.2962963 ])
15.8251 	EXP 	four: pos = array([0.21481481, 0.26388889])
15.9395 	EXP 	three: pos = array([-0.10833333, -0.26574074])
15.9691 	EXP 	three: pos = array([-0.12592593, -0.30092593])
15.9916 	EXP 	three: pos = array([-0.1462963 , -0.33611111])
16.0091 	EXP 	three: pos = array([-0.15462963, -0.35      ])
16.0350 	EXP 	three: pos = array([-0.15925926, -0.35740741])
16.0541 	EXP 	three: pos = array([-0.17314815, -0.38333333])
16.0710 	EXP 	three: pos = array([-0.18148148, -0.3962963 ])
16.0879 	EXP 	three: pos = array([-0.18611111, -0.40833333])
16.1048 	EXP 	three: pos = array([-0.18888889, -0.41296296])
16.1237 	EXP 	three: pos = array([-0.18981481, -0.41851852])
16.1421 	EXP 	three: pos = array([-0.19074074, -0.42407407])
16.1588 	EXP 	three: pos = array([-0.19074074, -0.42685185])
16.1776 	EXP 	three: pos = array([-0.19074074, -0.42962963])
16.1912 	EXP 	three: pos = array([-0.19074074, -0.43425926])
16.2050 	EXP 	three: pos = array([-0.19074074, -0.43796296])
16.2209 	EXP 	three: pos = array([-0.19074074, -0.43981481])
16.2375 	EXP 	three: pos = array([-0.19074074, -0.44166667])
16.2542 	EXP 	three: pos = array([-0.18796296, -0.43796296])
16.2711 	EXP 	three: pos = array([-0.16111111, -0.38611111])
16.2877 	EXP 	three: pos = array([-0.13055556, -0.31759259])
16.3047 	EXP 	three: pos = array([-0.11111111, -0.27777778])
16.3222 	EXP 	three: pos = array([-0.09444444, -0.23240741])
16.3428 	EXP 	three: pos = array([-0.08333333, -0.19166667])
16.3599 	EXP 	three: pos = array([-0.06944444, -0.14537037])
16.3774 	EXP 	three: pos = array([-0.05740741, -0.11111111])
16.4001 	EXP 	three: pos = array([-0.0537037, -0.1      ])
16.4206 	EXP 	three: pos = array([-0.04814815, -0.08703704])
16.4424 	EXP 	three: pos = array([-0.04351852, -0.0787037 ])
16.4617 	EXP 	three: pos = array([-0.03518519, -0.06481481])
16.4795 	EXP 	three: pos = array([-0.02222222, -0.04351852])
16.4980 	EXP 	three: pos = array([-0.01296296, -0.03240741])
16.5191 	EXP 	three: pos = array([-0.00648148, -0.02407407])
16.5381 	EXP 	three: pos = array([ 0.        , -0.01851852])
16.5546 	EXP 	three: pos = array([ 0.00277778, -0.01388889])
16.5718 	EXP 	three: pos = array([ 0.0037037 , -0.01203704])
16.5891 	EXP 	three: pos = array([ 0.00462963, -0.01018519])
16.6081 	EXP 	three: pos = array([ 0.00462963, -0.00925926])
16.6261 	EXP 	three: pos = array([ 0.00462963, -0.00833333])
16.6458 	EXP 	three: pos = array([ 0.00462963, -0.00648148])
16.6698 	EXP 	three: pos = array([ 0.00462963, -0.00462963])
16.6904 	EXP 	three: pos = array([0.00462963, 0.0037037 ])
16.7092 	EXP 	three: pos = array([0.00277778, 0.01111111])
16.7299 	EXP 	three: pos = array([-0.00185185,  0.01851852])
16.7483 	EXP 	three: pos = array([-0.00555556,  0.02592593])
16.7662 	EXP 	three: pos = array([-0.01111111,  0.03981481])
16.7834 	EXP 	three: pos = array([-0.01759259,  0.05648148])
16.8036 	EXP 	three: pos = array([-0.02777778,  0.08240741])
16.8231 	EXP 	three: pos = array([-0.03240741,  0.0962963 ])
16.8435 	EXP 	three: pos = array([-0.03611111,  0.10925926])
16.8619 	EXP 	three: pos = array([-0.03611111,  0.11944444])
16.8794 	EXP 	three: pos = array([-0.03611111,  0.12407407])
16.8983 	EXP 	three: pos = array([-0.03611111,  0.13055556])
16.9164 	EXP 	three: pos = array([-0.03425926,  0.13888889])
16.9376 	EXP 	three: pos = array([-0.03240741,  0.14351852])
16.9560 	EXP 	three: pos = array([-0.03055556,  0.15      ])
16.9720 	EXP 	three: pos = array([-0.0287037 ,  0.15648148])
16.9885 	EXP 	three: pos = array([-0.02592593,  0.16111111])
17.0051 	EXP 	three: pos = array([-0.0212963 ,  0.16666667])
17.0219 	EXP 	three: pos = array([-0.01574074,  0.17314815])
17.0387 	EXP 	three: pos = array([-0.01296296,  0.17592593])
17.0552 	EXP 	three: pos = array([-0.00925926,  0.1787037 ])
17.0718 	EXP 	three: pos = array([-0.00833333,  0.18055556])
17.0888 	EXP 	three: pos = array([-0.00555556,  0.18333333])
17.1064 	EXP 	three: pos = array([-0.00185185,  0.18518519])
17.1262 	EXP 	three: pos = array([0.00555556, 0.18796296])
17.1438 	EXP 	three: pos = array([0.01203704, 0.19166667])
17.1657 	EXP 	three: pos = array([0.01759259, 0.19537037])
17.1861 	EXP 	three: pos = array([0.0287037, 0.2      ])
17.2071 	EXP 	three: pos = array([0.03425926, 0.20185185])
17.2274 	EXP 	three: pos = array([0.04259259, 0.20555556])
17.2448 	EXP 	three: pos = array([0.05      , 0.20740741])
17.2602 	EXP 	three: pos = array([0.05555556, 0.20925926])
17.2735 	EXP 	three: pos = array([0.06018519, 0.21111111])
17.2888 	EXP 	three: pos = array([0.06666667, 0.21296296])
17.3055 	EXP 	three: pos = array([0.07407407, 0.21574074])
17.3221 	EXP 	three: pos = array([0.08240741, 0.21759259])
17.3388 	EXP 	three: pos = array([0.10277778, 0.22222222])
17.3554 	EXP 	three: pos = array([0.11666667, 0.22592593])
17.3721 	EXP 	three: pos = array([0.12685185, 0.2287037 ])
17.3889 	EXP 	three: pos = array([0.13518519, 0.23148148])
17.4064 	EXP 	three: pos = array([0.13981481, 0.23240741])
17.4229 	EXP 	three: pos = array([0.14259259, 0.23333333])
17.4397 	EXP 	three: pos = array([0.1462963 , 0.23333333])
17.4564 	EXP 	three: pos = array([0.14907407, 0.23425926])
17.4736 	EXP 	three: pos = array([0.15185185, 0.23425926])
17.4910 	EXP 	three: pos = array([0.15462963, 0.23425926])
17.5058 	EXP 	three: pos = array([0.15740741, 0.23518519])
17.5224 	EXP 	three: pos = array([0.15925926, 0.23518519])
17.5393 	EXP 	three: pos = array([0.16111111, 0.23611111])
17.5565 	EXP 	three: pos = array([0.16574074, 0.23703704])
17.5754 	EXP 	three: pos = array([0.16851852, 0.23703704])
17.6042 	EXP 	three: pos = array([0.17222222, 0.23888889])
17.6226 	EXP 	three: pos = array([0.1787037 , 0.23981481])
17.6394 	EXP 	three: pos = array([0.18333333, 0.24074074])
17.6561 	EXP 	three: pos = array([0.18611111, 0.24166667])
17.6735 	EXP 	three: pos = array([0.19166667, 0.24166667])
17.6936 	EXP 	three: pos = array([0.19537037, 0.24259259])
17.7220 	EXP 	three: pos = array([0.2037037 , 0.24444444])
17.7413 	EXP 	three: pos = array([0.20740741, 0.24537037])
17.7561 	EXP 	three: pos = array([0.21388889, 0.2462963 ])
17.7726 	EXP 	three: pos = array([0.21944444, 0.2462963 ])
17.7893 	EXP 	three: pos = array([0.22407407, 0.24722222])
17.8059 	EXP 	three: pos = array([0.2287037 , 0.24722222])
17.8226 	EXP 	three: pos = array([0.23240741, 0.24722222])
17.8397 	EXP 	three: pos = array([0.23796296, 0.24722222])
17.8568 	EXP 	three: pos = array([0.24074074, 0.24722222])
17.8766 	EXP 	three: pos = array([0.2462963 , 0.24722222])
17.8940 	EXP 	three: pos = array([0.24907407, 0.24722222])
17.9108 	EXP 	three: pos = array([0.25555556, 0.24537037])
17.9372 	EXP 	three: pos = array([0.25925926, 0.24351852])
17.9567 	EXP 	three: pos = array([0.26574074, 0.23888889])
17.9738 	EXP 	three: pos = array([0.26851852, 0.23611111])
17.9956 	EXP 	three: pos = array([0.27314815, 0.23240741])
18.0159 	EXP 	three: pos = array([0.27685185, 0.2287037 ])
18.0425 	EXP 	three: pos = array([0.28055556, 0.22407407])
18.0615 	EXP 	three: pos = array([0.28425926, 0.21759259])
18.0802 	EXP 	three: pos = array([0.28611111, 0.21296296])
18.0993 	EXP 	three: pos = array([0.28796296, 0.20277778])
18.1194 	EXP 	three: pos = array([0.28888889, 0.19166667])
18.1448 	EXP 	three: pos = array([0.28888889, 0.18148148])
18.1642 	EXP 	three: pos = array([0.28425926, 0.15555556])
18.1840 	EXP 	three: pos = array([0.27407407, 0.12777778])
18.2027 	EXP 	three: pos = array([0.26481481, 0.10185185])
18.2247 	EXP 	three: pos = array([0.25925926, 0.08796296])
18.2449 	EXP 	three: pos = array([0.24537037, 0.06296296])
18.2678 	EXP 	three: pos = array([0.225     , 0.03055556])
18.2878 	EXP 	three: pos = array([0.19722222, 0.00462963])
18.3087 	EXP 	three: pos = array([ 0.15555556, -0.03240741])
18.3286 	EXP 	three: pos = array([ 0.06944444, -0.0962963 ])
18.3480 	EXP 	three: pos = array([ 0.01666667, -0.12407407])
18.3698 	EXP 	three: pos = array([-0.01574074, -0.13611111])
18.3923 	EXP 	three: pos = array([-0.05740741, -0.15      ])
18.4116 	EXP 	three: pos = array([-0.10740741, -0.15462963])
18.4289 	EXP 	three: pos = array([-0.15833333, -0.14722222])
18.4462 	EXP 	three: pos = array([-0.18703704, -0.13703704])
18.4668 	EXP 	three: pos = array([-0.22407407, -0.11944444])
18.4885 	EXP 	three: pos = array([-0.25648148, -0.09537037])
18.5113 	EXP 	three: pos = array([-0.27592593, -0.075     ])
18.5287 	EXP 	three: pos = array([-0.29259259, -0.05      ])
18.5458 	EXP 	three: pos = array([-0.30740741, -0.02777778])
18.5637 	EXP 	three: pos = array([-0.3287037 ,  0.01666667])
18.5851 	EXP 	three: pos = array([-0.34074074,  0.03981481])
18.6072 	EXP 	three: pos = array([-0.35555556,  0.07407407])
18.6283 	EXP 	three: pos = array([-0.36111111,  0.09074074])
18.6488 	EXP 	three: pos = array([-0.36944444,  0.11944444])
18.6686 	EXP 	three: pos = array([-0.37685185,  0.14722222])
18.6919 	EXP 	three: pos = array([-0.38703704,  0.17314815])
18.7124 	EXP 	three: pos = array([-0.4       ,  0.20277778])
18.7309 	EXP 	three: pos = array([-0.40555556,  0.22314815])
18.7573 	EXP 	three: pos = array([-0.40925926,  0.23333333])
18.7787 	EXP 	three: pos = array([-0.41666667,  0.25185185])
18.8024 	EXP 	three: pos = array([-0.4212963 ,  0.26851852])
18.8223 	EXP 	three: pos = array([-0.42314815,  0.28148148])
18.8440 	EXP 	three: pos = array([-0.42592593,  0.28796296])
18.8645 	EXP 	three: pos = array([-0.4287037 ,  0.29351852])
18.8820 	EXP 	three: pos = array([-0.42962963,  0.29907407])
18.9010 	EXP 	three: pos = array([-0.43240741,  0.30277778])
18.9246 	EXP 	three: pos = array([-0.43333333,  0.30648148])
18.9453 	EXP 	three: pos = array([-0.43611111,  0.30740741])
18.9626 	EXP 	three: pos = array([-0.43888889,  0.30925926])
18.9815 	EXP 	three: pos = array([-0.44259259,  0.31203704])
18.9989 	EXP 	three: pos = array([-0.44722222,  0.31296296])
19.0247 	EXP 	three: pos = array([-0.45277778,  0.31296296])
19.0462 	EXP 	three: pos = array([-0.45833333,  0.31296296])
19.0647 	EXP 	three: pos = array([-0.46481481,  0.31296296])
19.0821 	EXP 	three: pos = array([-0.47314815,  0.31018519])
19.1002 	EXP 	three: pos = array([-0.48240741,  0.30462963])
19.1179 	EXP 	three: pos = array([-0.48981481,  0.30185185])
19.1413 	EXP 	three: pos = array([-0.50092593,  0.29166667])
19.1626 	EXP 	three: pos = array([-0.50925926,  0.28333333])
19.1797 	EXP 	three: pos = array([-0.51388889,  0.27685185])
19.1972 	EXP 	three: pos = array([-0.51944444,  0.26296296])
19.2150 	EXP 	three: pos = array([-0.52222222,  0.25      ])
19.2347 	EXP 	three: pos = array([-0.52222222,  0.22685185])
19.2570 	EXP 	three: pos = array([-0.51574074,  0.2       ])
19.2783 	EXP 	three: pos = array([-0.50648148,  0.18518519])
19.2970 	EXP 	three: pos = array([-0.47962963,  0.15555556])
19.3156 	EXP 	three: pos = array([-0.45277778,  0.13703704])
19.3340 	EXP 	three: pos = array([-0.42592593,  0.125     ])
19.3549 	EXP 	three: pos = array([-0.38055556,  0.11296296])
19.3770 	EXP 	three: pos = array([-0.34537037,  0.10277778])
19.3958 	EXP 	three: pos = array([-0.31388889,  0.10185185])
19.4131 	EXP 	three: pos = array([-0.29722222,  0.10185185])
19.4324 	EXP 	three: pos = array([-0.27222222,  0.10462963])
19.4536 	EXP 	three: pos = array([-0.25277778,  0.10555556])
19.4726 	EXP 	three: pos = array([-0.22037037,  0.10925926])
19.4940 	EXP 	three: pos = array([-0.21203704,  0.11203704])
19.5129 	EXP 	three: pos = array([-0.20092593,  0.11574074])
19.5326 	EXP 	three: pos = array([-0.18611111,  0.125     ])
19.5503 	EXP 	three: pos = array([-0.175     ,  0.12962963])
19.5761 	EXP 	three: pos = array([-0.16388889,  0.13796296])
19.5972 	EXP 	three: pos = array([-0.15648148,  0.14444444])
19.6154 	EXP 	three: pos = array([-0.1537037,  0.15     ])
19.6339 	EXP 	three: pos = array([-0.15      ,  0.15740741])
19.6517 	EXP 	three: pos = array([-0.14814815,  0.16296296])
19.6736 	EXP 	three: pos = array([-0.14444444,  0.175     ])
19.6974 	EXP 	three: pos = array([-0.14074074,  0.19166667])
19.7152 	EXP 	three: pos = array([-0.13703704,  0.21481481])
19.7280 	EXP 	three: pos = array([-0.13703704,  0.225     ])
19.7416 	EXP 	three: pos = array([-0.13703704,  0.22962963])
19.7583 	EXP 	three: pos = array([-0.13703704,  0.23240741])
19.7757 	EXP 	three: pos = array([-0.13703704,  0.23425926])
19.7958 	EXP 	three: pos = array([-0.13703704,  0.23425926])
19.8154 	EXP 	three: pos = array([-0.13703704,  0.23518519])
19.8400 	EXP 	three: pos = array([-0.13703704,  0.23611111])
19.8611 	EXP 	three: pos = array([-0.13703704,  0.23796296])
19.8818 	EXP 	three: pos = array([-0.13703704,  0.23981481])
19.9043 	EXP 	three: pos = array([-0.13611111,  0.25092593])
19.9282 	EXP 	three: pos = array([-0.13611111,  0.26481481])
19.9513 	EXP 	three: pos = array([-0.13703704,  0.27407407])
19.9703 	EXP 	three: pos = array([-0.13796296,  0.27592593])
19.9892 	EXP 	three: pos = array([-0.13888889,  0.27592593])
19.9935 	DATA 	Mouse:  Left button up, pos=(810,838)
20.5595 	DATA 	Mouse: Left button down, pos=(1168,796)
20.5927 	EXP 	four: pos = array([0.19259259, 0.23703704])
20.6099 	EXP 	four: pos = array([0.19259259, 0.23703704])
20.6302 	EXP 	four: pos = array([0.19259259, 0.23703704])
20.6472 	EXP 	four: pos = array([0.19259259, 0.23703704])
20.6649 	EXP 	four: pos = array([0.19259259, 0.23703704])
20.6914 	EXP 	four: pos = array([0.19259259, 0.23703704])
20.7117 	EXP 	four: pos = array([0.19259259, 0.23703704])
20.7312 	EXP 	four: pos = array([0.19259259, 0.23703704])
20.7495 	EXP 	four: pos = array([0.19074074, 0.23055556])
20.7668 	EXP 	four: pos = array([0.17962963, 0.20555556])
20.7900 	EXP 	four: pos = array([0.17592593, 0.18796296])
20.8093 	EXP 	four: pos = array([0.17407407, 0.16203704])
20.8261 	EXP 	four: pos = array([0.1787037 , 0.12592593])
20.8427 	EXP 	four: pos = array([0.18611111, 0.10277778])
20.8594 	EXP 	four: pos = array([0.19722222, 0.07222222])
20.8764 	EXP 	four: pos = array([0.20555556, 0.04537037])
20.8927 	EXP 	four: pos = array([0.21111111, 0.01851852])
20.9095 	EXP 	four: pos = array([ 0.21759259, -0.01018519])
20.9264 	EXP 	four: pos = array([ 0.22314815, -0.0537037 ])
20.9447 	EXP 	four: pos = array([ 0.22592593, -0.07592593])
20.9745 	EXP 	four: pos = array([ 0.22777778, -0.10555556])
20.9990 	EXP 	four: pos = array([ 0.225     , -0.13518519])
21.0161 	EXP 	four: pos = array([ 0.21481481, -0.16666667])
21.0334 	EXP 	four: pos = array([ 0.2037037 , -0.19722222])
21.0509 	EXP 	four: pos = array([ 0.19351852, -0.21388889])
21.0745 	EXP 	four: pos = array([ 0.17407407, -0.23611111])
21.0971 	EXP 	four: pos = array([ 0.15833333, -0.25462963])
21.1120 	EXP 	four: pos = array([ 0.14351852, -0.26944444])
21.1416 	EXP 	four: pos = array([ 0.13240741, -0.28148148])
21.1616 	EXP 	four: pos = array([ 0.11481481, -0.29537037])
21.1818 	EXP 	four: pos = array([ 0.10740741, -0.30185185])
21.2037 	EXP 	four: pos = array([ 0.10555556, -0.30462963])
21.2263 	EXP 	four: pos = array([ 0.10277778, -0.30462963])
21.2469 	EXP 	four: pos = array([ 0.10277778, -0.30462963])
21.2646 	EXP 	four: pos = array([ 0.10092593, -0.30462963])
21.2919 	EXP 	four: pos = array([ 0.10092593, -0.30462963])
21.3157 	EXP 	four: pos = array([ 0.10092593, -0.30462963])
21.3347 	EXP 	four: pos = array([ 0.10092593, -0.30462963])
21.3590 	EXP 	four: pos = array([ 0.1       , -0.29722222])
21.3824 	EXP 	four: pos = array([ 0.1037037, -0.25     ])
21.4008 	EXP 	four: pos = array([ 0.1287037 , -0.18888889])
21.4180 	EXP 	four: pos = array([ 0.16851852, -0.11944444])
21.4387 	EXP 	four: pos = array([ 0.18518519, -0.08981481])
21.4581 	EXP 	four: pos = array([ 0.2       , -0.04444444])
21.4781 	EXP 	four: pos = array([ 0.20277778, -0.00277778])
21.4994 	EXP 	four: pos = array([0.20092593, 0.04166667])
21.5174 	EXP 	four: pos = array([0.2       , 0.08240741])
21.5382 	EXP 	four: pos = array([0.1962963, 0.1287037])
21.5579 	EXP 	four: pos = array([0.19351852, 0.15648148])
21.5770 	EXP 	four: pos = array([0.18981481, 0.17962963])
21.5935 	EXP 	four: pos = array([0.18518519, 0.2       ])
21.6103 	EXP 	four: pos = array([0.18240741, 0.21018519])
21.6276 	EXP 	four: pos = array([0.17962963, 0.22314815])
21.6489 	EXP 	four: pos = array([0.17777778, 0.2287037 ])
21.6654 	EXP 	four: pos = array([0.17592593, 0.23611111])
21.6921 	EXP 	four: pos = array([0.175     , 0.23981481])
21.7113 	EXP 	four: pos = array([0.17314815, 0.24722222])
21.7276 	EXP 	four: pos = array([0.17222222, 0.25462963])
21.7438 	EXP 	four: pos = array([0.17222222, 0.25925926])
21.7607 	EXP 	four: pos = array([0.17222222, 0.26203704])
21.7773 	EXP 	four: pos = array([0.17222222, 0.26296296])
21.7950 	EXP 	four: pos = array([0.17222222, 0.26296296])
21.8066 	DATA 	Mouse:  Left button up, pos=(1145,824)
21.8159 	EXP 	four: pos = array([0.1712963 , 0.26296296])
22.7981 	DATA 	Mouse: Left button down, pos=(1437,836)
22.8334 	EXP 	five: pos = array([0.44166667, 0.27407407])
22.8513 	EXP 	five: pos = array([0.44166667, 0.27407407])
22.8768 	EXP 	five: pos = array([0.44166667, 0.27407407])
22.8960 	EXP 	five: pos = array([0.44166667, 0.27407407])
22.9157 	EXP 	five: pos = array([0.44166667, 0.27407407])
22.9338 	EXP 	five: pos = array([0.44166667, 0.27407407])
22.9536 	EXP 	five: pos = array([0.44166667, 0.27407407])
22.9761 	EXP 	five: pos = array([0.44166667, 0.27407407])
22.9952 	EXP 	five: pos = array([0.41296296, 0.29259259])
23.0119 	EXP 	five: pos = array([0.38240741, 0.31481481])
23.0285 	EXP 	five: pos = array([0.36388889, 0.325     ])
23.0453 	EXP 	five: pos = array([0.34351852, 0.33240741])
23.0621 	EXP 	five: pos = array([0.32777778, 0.33611111])
23.0789 	EXP 	five: pos = array([0.31203704, 0.33888889])
23.0954 	EXP 	five: pos = array([0.28055556, 0.34074074])
23.1121 	EXP 	five: pos = array([0.26018519, 0.33981481])
23.1297 	EXP 	five: pos = array([0.24259259, 0.33981481])
23.1508 	EXP 	five: pos = array([0.2212963 , 0.33611111])
23.1728 	EXP 	five: pos = array([0.19814815, 0.33055556])
23.1953 	EXP 	five: pos = array([0.18333333, 0.32592593])
23.2181 	EXP 	five: pos = array([0.17777778, 0.32314815])
23.2364 	EXP 	five: pos = array([0.17314815, 0.31944444])
23.2539 	EXP 	five: pos = array([0.16944444, 0.31666667])
23.2760 	EXP 	five: pos = array([0.16203704, 0.31018519])
23.2997 	EXP 	five: pos = array([0.15740741, 0.30462963])
23.3212 	EXP 	five: pos = array([0.15092593, 0.29907407])
23.3421 	EXP 	five: pos = array([0.14351852, 0.29166667])
23.3589 	EXP 	five: pos = array([0.14074074, 0.28703704])
23.3800 	EXP 	five: pos = array([0.13796296, 0.28148148])
23.3994 	EXP 	five: pos = array([0.13518519, 0.27314815])
23.4123 	EXP 	five: pos = array([0.13425926, 0.26851852])
23.4289 	EXP 	five: pos = array([0.13333333, 0.26574074])
23.4457 	EXP 	five: pos = array([0.13148148, 0.25925926])
23.4624 	EXP 	five: pos = array([0.13148148, 0.24907407])
23.4789 	EXP 	five: pos = array([0.13240741, 0.24074074])
23.4959 	EXP 	five: pos = array([0.13333333, 0.23333333])
23.5125 	EXP 	five: pos = array([0.13703704, 0.22314815])
23.5296 	EXP 	five: pos = array([0.14074074, 0.21388889])
23.5487 	EXP 	five: pos = array([0.1462963, 0.2037037])
23.5668 	EXP 	five: pos = array([0.15462963, 0.18888889])
23.5841 	EXP 	five: pos = array([0.16574074, 0.17592593])
23.6102 	EXP 	five: pos = array([0.17037037, 0.1712963 ])
23.6295 	EXP 	five: pos = array([0.1787037 , 0.16481481])
23.6460 	EXP 	five: pos = array([0.18611111, 0.16018519])
23.6639 	EXP 	five: pos = array([0.19537037, 0.15555556])
23.6800 	EXP 	five: pos = array([0.20092593, 0.15277778])
23.6966 	EXP 	five: pos = array([0.20648148, 0.15      ])
23.7135 	EXP 	five: pos = array([0.21481481, 0.14814815])
23.7299 	EXP 	five: pos = array([0.22592593, 0.14351852])
23.7462 	EXP 	five: pos = array([0.23333333, 0.14259259])
23.7630 	EXP 	five: pos = array([0.24074074, 0.14166667])
23.7795 	EXP 	five: pos = array([0.24722222, 0.14074074])
23.7964 	EXP 	five: pos = array([0.25833333, 0.13796296])
23.8134 	EXP 	five: pos = array([0.26388889, 0.13796296])
23.8304 	EXP 	five: pos = array([0.2712963 , 0.13703704])
23.8525 	EXP 	five: pos = array([0.28055556, 0.13703704])
23.8730 	EXP 	five: pos = array([0.29259259, 0.13703704])
23.8927 	EXP 	five: pos = array([0.29814815, 0.13703704])
23.9140 	EXP 	five: pos = array([0.30740741, 0.13796296])
23.9334 	EXP 	five: pos = array([0.31296296, 0.13981481])
23.9574 	EXP 	five: pos = array([0.3287037 , 0.14351852])
23.9781 	EXP 	five: pos = array([0.33796296, 0.14814815])
23.9998 	EXP 	five: pos = array([0.34444444, 0.15185185])
24.0180 	EXP 	five: pos = array([0.35648148, 0.15833333])
24.0364 	EXP 	five: pos = array([0.37222222, 0.16944444])
24.0606 	EXP 	five: pos = array([0.38888889, 0.18333333])
24.0817 	EXP 	five: pos = array([0.41111111, 0.20277778])
24.1030 	EXP 	five: pos = array([0.43148148, 0.21851852])
24.1230 	EXP 	five: pos = array([0.45      , 0.23888889])
24.1429 	EXP 	five: pos = array([0.46759259, 0.25740741])
24.1677 	EXP 	five: pos = array([0.475     , 0.26759259])
24.1871 	EXP 	five: pos = array([0.48240741, 0.27685185])
24.2047 	EXP 	five: pos = array([0.48333333, 0.27777778])
24.2231 	EXP 	five: pos = array([0.48333333, 0.2787037 ])
24.2406 	EXP 	five: pos = array([0.48333333, 0.2787037 ])
24.2605 	EXP 	five: pos = array([0.48333333, 0.2787037 ])
24.2689 	DATA 	Mouse:  Left button up, pos=(1482,841)
24.7515 	DATA 	Mouse: Left button down, pos=(1680,844)
24.8033 	EXP 	six: pos = array([0.66666667, 0.28148148])
24.8208 	EXP 	six: pos = array([0.66666667, 0.28148148])
24.8456 	EXP 	six: pos = array([0.66666667, 0.28148148])
24.8650 	EXP 	six: pos = array([0.66666667, 0.28148148])
24.8844 	EXP 	six: pos = array([0.66666667, 0.28148148])
24.9048 	EXP 	six: pos = array([0.67685185, 0.23518519])
24.9263 	EXP 	six: pos = array([0.69074074, 0.17037037])
24.9473 	EXP 	six: pos = array([0.7037037 , 0.10277778])
24.9641 	EXP 	six: pos = array([0.70648148, 0.075     ])
24.9808 	EXP 	six: pos = array([0.71759259, 0.03518519])
24.9975 	EXP 	six: pos = array([0.71944444, 0.01944444])
25.0145 	EXP 	six: pos = array([0.71944444, 0.00740741])
25.0333 	EXP 	six: pos = array([ 0.71759259, -0.01018519])
25.0565 	EXP 	six: pos = array([ 0.71481481, -0.02407407])
25.0755 	EXP 	six: pos = array([ 0.70833333, -0.03611111])
25.0955 	EXP 	six: pos = array([ 0.69444444, -0.05185185])
25.1157 	EXP 	six: pos = array([ 0.66666667, -0.07592593])
25.1355 	EXP 	six: pos = array([ 0.63518519, -0.1       ])
25.1532 	EXP 	six: pos = array([ 0.55277778, -0.13796296])
25.1666 	EXP 	six: pos = array([ 0.53518519, -0.14444444])
25.1809 	EXP 	six: pos = array([ 0.50185185, -0.15      ])
25.1976 	EXP 	six: pos = array([ 0.4537037 , -0.15740741])
25.2143 	EXP 	six: pos = array([ 0.41203704, -0.16018519])
25.2309 	EXP 	six: pos = array([ 0.33425926, -0.1537037 ])
25.2475 	EXP 	six: pos = array([ 0.28518519, -0.13888889])
25.2642 	EXP 	six: pos = array([ 0.2462963 , -0.12037037])
25.2809 	EXP 	six: pos = array([ 0.18981481, -0.09259259])
25.2976 	EXP 	six: pos = array([ 0.16111111, -0.07685185])
25.3142 	EXP 	six: pos = array([ 0.14074074, -0.06388889])
25.3314 	EXP 	six: pos = array([ 0.11851852, -0.0462963 ])
25.3484 	EXP 	six: pos = array([ 0.1037037 , -0.03240741])
25.3646 	EXP 	six: pos = array([ 0.08703704, -0.01203704])
25.3810 	EXP 	six: pos = array([ 0.07777778, -0.00092593])
25.3977 	EXP 	six: pos = array([0.07222222, 0.00925926])
25.4146 	EXP 	six: pos = array([0.06666667, 0.02685185])
25.4313 	EXP 	six: pos = array([0.06296296, 0.05740741])
25.4481 	EXP 	six: pos = array([0.06481481, 0.08148148])
25.4650 	EXP 	six: pos = array([0.07222222, 0.11018519])
25.4813 	EXP 	six: pos = array([0.09814815, 0.16574074])
25.4981 	EXP 	six: pos = array([0.11944444, 0.19166667])
25.5151 	EXP 	six: pos = array([0.15092593, 0.21018519])
25.5326 	EXP 	six: pos = array([0.20277778, 0.23055556])
25.5531 	EXP 	six: pos = array([0.24907407, 0.24537037])
25.5716 	EXP 	six: pos = array([0.32407407, 0.26574074])
25.5951 	EXP 	six: pos = array([0.4       , 0.27685185])
25.6164 	EXP 	six: pos = array([0.4537037 , 0.27777778])
25.6362 	EXP 	six: pos = array([0.50648148, 0.26944444])
25.6544 	EXP 	six: pos = array([0.54814815, 0.2537037 ])
25.6685 	EXP 	six: pos = array([0.56574074, 0.23611111])
25.6815 	EXP 	six: pos = array([0.58148148, 0.21851852])
25.6982 	EXP 	six: pos = array([0.59537037, 0.2       ])
25.7154 	EXP 	six: pos = array([0.60648148, 0.17314815])
25.7347 	EXP 	six: pos = array([0.61759259, 0.1037037 ])
25.7531 	EXP 	six: pos = array([0.62222222, 0.03425926])
25.7709 	EXP 	six: pos = array([ 0.625     , -0.03425926])
25.7982 	EXP 	six: pos = array([ 0.625     , -0.07685185])
25.8166 	EXP 	six: pos = array([ 0.6212963, -0.1287037])
25.8316 	EXP 	six: pos = array([ 0.61296296, -0.16851852])
25.8483 	EXP 	six: pos = array([ 0.60555556, -0.19166667])
25.8651 	EXP 	six: pos = array([ 0.59537037, -0.21759259])
25.8827 	EXP 	six: pos = array([ 0.58055556, -0.24074074])
25.9036 	EXP 	six: pos = array([ 0.55740741, -0.27037037])
25.9274 	EXP 	six: pos = array([ 0.525     , -0.29537037])
25.9520 	EXP 	six: pos = array([ 0.48055556, -0.31388889])
25.9705 	EXP 	six: pos = array([ 0.43611111, -0.33148148])
25.9875 	EXP 	six: pos = array([ 0.40833333, -0.34074074])
26.0060 	EXP 	six: pos = array([ 0.37314815, -0.35555556])
26.0286 	EXP 	six: pos = array([ 0.32962963, -0.36574074])
26.0495 	EXP 	six: pos = array([ 0.3       , -0.36574074])
26.0704 	EXP 	six: pos = array([ 0.26018519, -0.36759259])
26.0881 	EXP 	six: pos = array([ 0.2212963 , -0.37037037])
26.1057 	EXP 	six: pos = array([ 0.18518519, -0.36388889])
26.1230 	EXP 	six: pos = array([ 0.15648148, -0.35833333])
26.1455 	EXP 	six: pos = array([ 0.10185185, -0.34722222])
26.1695 	EXP 	six: pos = array([ 0.04259259, -0.33425926])
26.1874 	EXP 	six: pos = array([-0.00555556, -0.32777778])
26.2055 	EXP 	six: pos = array([-0.05092593, -0.32037037])
26.2226 	EXP 	six: pos = array([-0.07407407, -0.31574074])
26.2447 	EXP 	six: pos = array([-0.11203704, -0.30462963])
26.2672 	EXP 	six: pos = array([-0.14907407, -0.29074074])
26.2873 	EXP 	six: pos = array([-0.20092593, -0.27592593])
26.3055 	EXP 	six: pos = array([-0.24444444, -0.26203704])
26.3239 	EXP 	six: pos = array([-0.2962963 , -0.24166667])
26.3462 	EXP 	six: pos = array([-0.32777778, -0.23425926])
26.3656 	EXP 	six: pos = array([-0.37777778, -0.23148148])
26.3820 	EXP 	six: pos = array([-0.41388889, -0.22592593])
26.3988 	EXP 	six: pos = array([-0.43148148, -0.22314815])
26.4156 	EXP 	six: pos = array([-0.44351852, -0.2212963 ])
26.4322 	EXP 	six: pos = array([-0.45277778, -0.2212963 ])
26.4489 	EXP 	six: pos = array([-0.46296296, -0.2212963 ])
26.4656 	EXP 	six: pos = array([-0.46574074, -0.2212963 ])
26.4823 	EXP 	six: pos = array([-0.46759259, -0.2212963 ])
26.4991 	EXP 	six: pos = array([-0.46851852, -0.2212963 ])
26.5158 	EXP 	six: pos = array([-0.46851852, -0.2212963 ])
26.5329 	EXP 	six: pos = array([-0.46851852, -0.2212963 ])
26.5522 	EXP 	six: pos = array([-0.46759259, -0.2212963 ])
26.5746 	EXP 	six: pos = array([-0.43981481, -0.2212963 ])
27.1828 	DATA 	Mouse:  Left button up, pos=(1156,160)
28.0199 	DATA 	Mouse: Left button down, pos=(482,316)
28.0555 	EXP 	six: pos = array([-0.44259259, -0.20740741])
28.0732 	EXP 	six: pos = array([-0.44259259, -0.20740741])
28.0915 	EXP 	six: pos = array([-0.44259259, -0.20740741])
28.1173 	EXP 	six: pos = array([-0.44259259, -0.20740741])
28.1375 	EXP 	six: pos = array([-0.44259259, -0.20740741])
28.1566 	EXP 	six: pos = array([-0.44259259, -0.20740741])
28.1733 	EXP 	six: pos = array([-0.44259259, -0.20740741])
28.1906 	EXP 	six: pos = array([-0.44259259, -0.20740741])
28.2085 	EXP 	six: pos = array([-0.44259259, -0.20740741])
28.2272 	EXP 	six: pos = array([-0.43981481, -0.20833333])
28.2477 	EXP 	six: pos = array([-0.425     , -0.21388889])
28.2703 	EXP 	six: pos = array([-0.41296296, -0.21759259])
28.2895 	EXP 	six: pos = array([-0.39907407, -0.22314815])
28.3115 	EXP 	six: pos = array([-0.38055556, -0.22962963])
28.3351 	EXP 	six: pos = array([-0.3537037 , -0.23703704])
28.3561 	EXP 	six: pos = array([-0.34537037, -0.23888889])
28.3759 	EXP 	six: pos = array([-0.33333333, -0.24259259])
28.3950 	EXP 	six: pos = array([-0.32685185, -0.24444444])
28.4146 	EXP 	six: pos = array([-0.31944444, -0.2462963 ])
28.4359 	EXP 	six: pos = array([-0.31388889, -0.24722222])
28.4523 	EXP 	six: pos = array([-0.30462963, -0.25      ])
28.4720 	EXP 	six: pos = array([-0.29907407, -0.25      ])
28.4895 	EXP 	six: pos = array([-0.28981481, -0.25277778])
28.5086 	EXP 	six: pos = array([-0.28333333, -0.2537037 ])
28.5258 	EXP 	six: pos = array([-0.27777778, -0.25462963])
28.5467 	EXP 	six: pos = array([-0.27037037, -0.25648148])
28.5653 	EXP 	six: pos = array([-0.26388889, -0.25740741])
28.5847 	EXP 	six: pos = array([-0.25555556, -0.25925926])
28.6012 	EXP 	six: pos = array([-0.2462963 , -0.26018519])
28.6178 	EXP 	six: pos = array([-0.23888889, -0.26203704])
28.6346 	EXP 	six: pos = array([-0.23148148, -0.26296296])
28.6514 	EXP 	six: pos = array([-0.22037037, -0.26388889])
28.6679 	EXP 	six: pos = array([-0.21296296, -0.26481481])
28.6846 	EXP 	six: pos = array([-0.20462963, -0.26574074])
28.7016 	EXP 	six: pos = array([-0.19722222, -0.26666667])
28.7186 	EXP 	six: pos = array([-0.18611111, -0.26666667])
28.7374 	EXP 	six: pos = array([-0.175     , -0.26666667])
28.7559 	EXP 	six: pos = array([-0.16666667, -0.26666667])
28.7823 	EXP 	six: pos = array([-0.15092593, -0.26666667])
28.8019 	EXP 	six: pos = array([-0.13240741, -0.26851852])
28.8188 	EXP 	six: pos = array([-0.11111111, -0.26851852])
28.8355 	EXP 	six: pos = array([-0.09814815, -0.26851852])
28.8522 	EXP 	six: pos = array([-0.08518519, -0.26851852])
28.8683 	EXP 	six: pos = array([-0.07592593, -0.26944444])
28.8847 	EXP 	six: pos = array([-0.06574074, -0.27037037])
28.9015 	EXP 	six: pos = array([-0.05555556, -0.27037037])
28.9185 	EXP 	six: pos = array([-0.04444444, -0.27037037])
28.9352 	EXP 	six: pos = array([-0.03703704, -0.27037037])
28.9527 	EXP 	six: pos = array([-0.02314815, -0.26944444])
28.9734 	EXP 	six: pos = array([-0.01388889, -0.26944444])
28.9906 	EXP 	six: pos = array([ 0.00185185, -0.26759259])
29.0088 	EXP 	six: pos = array([ 0.01759259, -0.26666667])
29.0334 	EXP 	six: pos = array([ 0.03148148, -0.26574074])
29.0535 	EXP 	six: pos = array([ 0.06018519, -0.25648148])
29.0726 	EXP 	six: pos = array([ 0.07592593, -0.25      ])
29.0996 	EXP 	six: pos = array([ 0.11203704, -0.23055556])
29.1189 	EXP 	six: pos = array([ 0.15833333, -0.19814815])
29.1354 	EXP 	six: pos = array([ 0.18055556, -0.18148148])
29.1530 	EXP 	six: pos = array([ 0.21111111, -0.15925926])
29.1736 	EXP 	six: pos = array([ 0.23981481, -0.13796296])
29.1994 	EXP 	six: pos = array([ 0.25462963, -0.125     ])
29.2188 	EXP 	six: pos = array([ 0.28240741, -0.10555556])
29.2354 	EXP 	six: pos = array([ 0.3037037 , -0.08518519])
29.2527 	EXP 	six: pos = array([ 0.32222222, -0.06111111])
29.2716 	EXP 	six: pos = array([ 0.33333333, -0.04074074])
29.2995 	EXP 	six: pos = array([ 0.36111111, -0.00462963])
29.3193 	EXP 	six: pos = array([0.39537037, 0.02407407])
29.3357 	EXP 	six: pos = array([0.41759259, 0.0462963 ])
29.3523 	EXP 	six: pos = array([0.43055556, 0.05648148])
29.3690 	EXP 	six: pos = array([0.43888889, 0.06296296])
29.3858 	EXP 	six: pos = array([0.45092593, 0.075     ])
29.4023 	EXP 	six: pos = array([0.46944444, 0.09537037])
29.4187 	EXP 	six: pos = array([0.48148148, 0.11388889])
29.4358 	EXP 	six: pos = array([0.48888889, 0.125     ])
29.4528 	EXP 	six: pos = array([0.4962963 , 0.13240741])
29.4710 	EXP 	six: pos = array([0.5       , 0.13425926])
29.4907 	EXP 	six: pos = array([0.50462963, 0.13518519])
29.5084 	EXP 	six: pos = array([0.50925926, 0.13703704])
29.5289 	EXP 	six: pos = array([0.51296296, 0.13796296])
29.5486 	EXP 	six: pos = array([0.51759259, 0.13796296])
29.5703 	EXP 	six: pos = array([0.52222222, 0.13796296])
29.5917 	EXP 	six: pos = array([0.52685185, 0.13888889])
29.6118 	EXP 	six: pos = array([0.53148148, 0.13888889])
29.6340 	EXP 	six: pos = array([0.53703704, 0.13888889])
29.6559 	EXP 	six: pos = array([0.53981481, 0.13888889])
29.6738 	EXP 	six: pos = array([0.54537037, 0.13888889])
29.6892 	EXP 	six: pos = array([0.54814815, 0.13888889])
29.7026 	EXP 	six: pos = array([0.55092593, 0.13888889])
29.7192 	EXP 	six: pos = array([0.55462963, 0.13888889])
29.7236 	DATA 	Mouse:  Left button up, pos=(1562,690)
29.7360 	EXP 	six: pos = array([0.55740741, 0.13888889])
30.9435 	DATA 	Mouse: Left button down, pos=(1579,713)
30.9858 	EXP 	six: pos = array([0.57314815, 0.16018519])
31.0052 	EXP 	six: pos = array([0.57314815, 0.16018519])
31.0250 	EXP 	six: pos = array([0.57314815, 0.16018519])
31.0420 	EXP 	six: pos = array([0.57314815, 0.16018519])
31.0599 	EXP 	six: pos = array([0.57314815, 0.16018519])
31.0859 	EXP 	six: pos = array([0.57314815, 0.16018519])
31.1060 	EXP 	six: pos = array([0.57314815, 0.16018519])
31.1360 	EXP 	six: pos = array([0.575     , 0.16296296])
31.1596 	EXP 	six: pos = array([0.59814815, 0.18981481])
31.1781 	EXP 	six: pos = array([0.61018519, 0.20462963])
31.1981 	EXP 	six: pos = array([0.61481481, 0.20925926])
31.2180 	EXP 	six: pos = array([0.61666667, 0.21111111])
31.2392 	EXP 	six: pos = array([0.61666667, 0.21111111])
31.2603 	EXP 	six: pos = array([0.61666667, 0.21111111])
31.2832 	EXP 	six: pos = array([0.61666667, 0.21296296])
31.3047 	EXP 	six: pos = array([0.61944444, 0.21481481])
31.3262 	EXP 	six: pos = array([0.62592593, 0.22222222])
31.3429 	EXP 	six: pos = array([0.63425926, 0.23055556])
31.3611 	EXP 	six: pos = array([0.64166667, 0.23888889])
31.3834 	EXP 	six: pos = array([0.64537037, 0.24351852])
31.4013 	EXP 	six: pos = array([0.65      , 0.24814815])
31.4251 	EXP 	six: pos = array([0.65555556, 0.2537037 ])
31.4424 	EXP 	six: pos = array([0.66111111, 0.25833333])
31.4598 	EXP 	six: pos = array([0.66481481, 0.26111111])
31.4785 	EXP 	six: pos = array([0.67222222, 0.26574074])
31.5007 	EXP 	six: pos = array([0.68148148, 0.27222222])
31.5224 	EXP 	six: pos = array([0.68611111, 0.27685185])
31.5431 	EXP 	six: pos = array([0.6962963 , 0.28240741])
31.5600 	EXP 	six: pos = array([0.7037037 , 0.28703704])
31.5782 	EXP 	six: pos = array([0.70740741, 0.28888889])
31.5972 	EXP 	six: pos = array([0.70833333, 0.28888889])
31.6226 	EXP 	six: pos = array([0.71111111, 0.28981481])
31.6424 	EXP 	six: pos = array([0.71481481, 0.29074074])
31.6603 	EXP 	six: pos = array([0.71759259, 0.29166667])
31.6777 	EXP 	six: pos = array([0.71944444, 0.29166667])
31.6958 	EXP 	six: pos = array([0.72314815, 0.29166667])
31.7156 	EXP 	six: pos = array([0.72407407, 0.29166667])
31.7356 	EXP 	six: pos = array([0.72685185, 0.29166667])
31.7563 	EXP 	six: pos = array([0.7287037 , 0.29166667])
31.7767 	EXP 	six: pos = array([0.72962963, 0.29166667])
31.7955 	EXP 	six: pos = array([0.72962963, 0.29166667])
31.8155 	EXP 	six: pos = array([0.73055556, 0.29166667])
31.8334 	EXP 	six: pos = array([0.73055556, 0.29074074])
31.8525 	EXP 	six: pos = array([0.73055556, 0.29074074])
31.8730 	EXP 	six: pos = array([0.73055556, 0.28981481])
31.8883 	EXP 	six: pos = array([0.73055556, 0.28888889])
31.9048 	EXP 	six: pos = array([0.73055556, 0.28796296])
31.9213 	EXP 	six: pos = array([0.73055556, 0.28703704])
31.9383 	EXP 	six: pos = array([0.73055556, 0.28611111])
31.9551 	EXP 	six: pos = array([0.73055556, 0.28518519])
31.9716 	EXP 	six: pos = array([0.73055556, 0.28518519])
31.9888 	EXP 	six: pos = array([0.73055556, 0.28425926])
32.0059 	EXP 	six: pos = array([0.73055556, 0.28425926])
32.0226 	EXP 	six: pos = array([0.73055556, 0.28333333])
32.0396 	EXP 	six: pos = array([0.73055556, 0.28240741])
32.0558 	EXP 	six: pos = array([0.73055556, 0.28240741])
32.0728 	EXP 	six: pos = array([0.73055556, 0.28240741])
32.0893 	EXP 	six: pos = array([0.73055556, 0.28148148])
32.1061 	EXP 	six: pos = array([0.73055556, 0.28055556])
32.1254 	EXP 	six: pos = array([0.73055556, 0.27962963])
32.1443 	EXP 	six: pos = array([0.73055556, 0.27962963])
32.1575 	EXP 	six: pos = array([0.73055556, 0.27962963])
32.1720 	EXP 	six: pos = array([0.73055556, 0.2787037 ])
32.1886 	EXP 	six: pos = array([0.73055556, 0.27777778])
32.2054 	EXP 	six: pos = array([0.73055556, 0.27777778])
32.2221 	EXP 	six: pos = array([0.73055556, 0.27592593])
32.2402 	EXP 	six: pos = array([0.73055556, 0.27407407])
32.2627 	EXP 	six: pos = array([0.73055556, 0.25648148])
32.2821 	EXP 	six: pos = array([0.71851852, 0.19537037])
32.3024 	EXP 	six: pos = array([0.70462963, 0.14907407])
32.3236 	EXP 	six: pos = array([0.68796296, 0.08425926])
32.3440 	EXP 	six: pos = array([0.67407407, 0.03055556])
32.3638 	EXP 	six: pos = array([ 0.66296296, -0.02037037])
32.3840 	EXP 	six: pos = array([ 0.66018519, -0.05555556])
32.4020 	EXP 	six: pos = array([ 0.66018519, -0.0787037 ])
32.4191 	EXP 	six: pos = array([ 0.65648148, -0.11018519])
32.4414 	EXP 	six: pos = array([ 0.65648148, -0.12962963])
32.4608 	EXP 	six: pos = array([ 0.65648148, -0.15185185])
32.4841 	EXP 	six: pos = array([ 0.65648148, -0.17407407])
32.5033 	EXP 	six: pos = array([ 0.65648148, -0.18518519])
32.5235 	EXP 	six: pos = array([ 0.65648148, -0.18796296])
32.5444 	EXP 	six: pos = array([ 0.65648148, -0.18888889])
32.5626 	EXP 	six: pos = array([ 0.65648148, -0.19166667])
32.5844 	EXP 	six: pos = array([ 0.65648148, -0.19351852])
32.6045 	EXP 	six: pos = array([ 0.65648148, -0.20277778])
32.6227 	EXP 	six: pos = array([ 0.65648148, -0.21481481])
32.6391 	EXP 	six: pos = array([ 0.65648148, -0.21851852])
32.6558 	EXP 	six: pos = array([ 0.65648148, -0.22222222])
32.6730 	EXP 	six: pos = array([ 0.65648148, -0.22407407])
32.6893 	EXP 	six: pos = array([ 0.65648148, -0.225     ])
32.7058 	EXP 	six: pos = array([ 0.65648148, -0.22685185])
32.7229 	EXP 	six: pos = array([ 0.65462963, -0.22962963])
32.7402 	EXP 	six: pos = array([ 0.6537037 , -0.23148148])
32.7572 	EXP 	six: pos = array([ 0.65277778, -0.23425926])
32.7729 	EXP 	six: pos = array([ 0.65185185, -0.23518519])
32.7904 	EXP 	six: pos = array([ 0.65092593, -0.23611111])
32.8082 	EXP 	six: pos = array([ 0.65092593, -0.23611111])
32.8227 	EXP 	six: pos = array([ 0.65      , -0.23518519])
32.8392 	EXP 	six: pos = array([ 0.64722222, -0.22222222])
32.8562 	EXP 	six: pos = array([ 0.65      , -0.11296296])
32.8728 	EXP 	six: pos = array([ 0.65833333, -0.03055556])
32.8899 	EXP 	six: pos = array([0.66666667, 0.00833333])
32.9068 	EXP 	six: pos = array([0.67777778, 0.04814815])
32.9230 	EXP 	six: pos = array([0.67592593, 0.06388889])
32.9392 	EXP 	six: pos = array([0.65648148, 0.07962963])
33.4085 	DATA 	Mouse:  Left button up, pos=(1493,602)
33.8434 	DATA 	Mouse: Left button down, pos=(1644,605)
33.8834 	EXP 	six: pos = array([0.63333333, 0.06018519])
33.9073 	EXP 	six: pos = array([0.63333333, 0.06018519])
33.9291 	EXP 	six: pos = array([0.63333333, 0.06018519])
33.9453 	EXP 	six: pos = array([0.63333333, 0.06018519])
33.9725 	EXP 	six: pos = array([0.63333333, 0.06018519])
33.9917 	EXP 	six: pos = array([0.63333333, 0.06018519])
34.0124 	EXP 	six: pos = array([0.63333333, 0.06018519])
34.0320 	EXP 	six: pos = array([0.64814815, 0.09444444])
34.0497 	EXP 	six: pos = array([0.65462963, 0.11388889])
34.0696 	EXP 	six: pos = array([0.66296296, 0.14259259])
34.0885 	EXP 	six: pos = array([0.66666667, 0.16481481])
34.1094 	EXP 	six: pos = array([0.67037037, 0.175     ])
34.1325 	EXP 	six: pos = array([0.67314815, 0.19537037])
34.1521 	EXP 	six: pos = array([0.67222222, 0.21296296])
34.1711 	EXP 	six: pos = array([0.66851852, 0.22037037])
34.1924 	EXP 	six: pos = array([0.65648148, 0.23055556])
34.2128 	EXP 	six: pos = array([0.6287037 , 0.23888889])
34.2351 	EXP 	six: pos = array([0.57222222, 0.24166667])
34.2540 	EXP 	six: pos = array([0.49722222, 0.2212963 ])
34.2752 	EXP 	six: pos = array([0.47314815, 0.20648148])
34.2962 	EXP 	six: pos = array([0.43518519, 0.18240741])
34.3140 	EXP 	six: pos = array([0.41666667, 0.16388889])
34.3359 	EXP 	six: pos = array([0.41018519, 0.15092593])
34.3560 	EXP 	six: pos = array([0.39907407, 0.11203704])
34.3763 	EXP 	six: pos = array([0.39814815, 0.08888889])
34.3962 	EXP 	six: pos = array([0.39814815, 0.04351852])
34.4135 	EXP 	six: pos = array([0.4, 0. ])
34.4407 	EXP 	six: pos = array([ 0.4       , -0.02777778])
34.4624 	EXP 	six: pos = array([ 0.39907407, -0.07592593])
34.4810 	EXP 	six: pos = array([ 0.39259259, -0.09444444])
34.4999 	EXP 	six: pos = array([ 0.38425926, -0.11111111])
34.5238 	EXP 	six: pos = array([ 0.37314815, -0.12962963])
34.5444 	EXP 	six: pos = array([ 0.33611111, -0.16666667])
34.5723 	EXP 	six: pos = array([ 0.30648148, -0.18518519])
34.5914 	EXP 	six: pos = array([ 0.26388889, -0.20185185])
34.6080 	EXP 	six: pos = array([ 0.22777778, -0.20648148])
34.6249 	EXP 	six: pos = array([ 0.20555556, -0.20277778])
34.6415 	EXP 	six: pos = array([ 0.17685185, -0.19537037])
34.6578 	EXP 	six: pos = array([ 0.14444444, -0.17777778])
34.6749 	EXP 	six: pos = array([ 0.12777778, -0.16203704])
34.6917 	EXP 	six: pos = array([ 0.11296296, -0.14351852])
34.7095 	EXP 	six: pos = array([ 0.10277778, -0.12314815])
34.7289 	EXP 	six: pos = array([ 0.09722222, -0.09074074])
34.7458 	EXP 	six: pos = array([ 0.09907407, -0.06944444])
34.7724 	EXP 	six: pos = array([ 0.10462963, -0.05555556])
34.7914 	EXP 	six: pos = array([ 0.11759259, -0.04074074])
34.8082 	EXP 	six: pos = array([ 0.14444444, -0.02685185])
34.8258 	EXP 	six: pos = array([ 0.20833333, -0.00648148])
34.8454 	EXP 	six: pos = array([0.30092593, 0.01388889])
34.8627 	EXP 	six: pos = array([0.33611111, 0.01574074])
34.8787 	EXP 	six: pos = array([0.38240741, 0.01851852])
34.8921 	EXP 	six: pos = array([0.41018519, 0.02314815])
34.9081 	EXP 	six: pos = array([0.43148148, 0.02685185])
34.9251 	EXP 	six: pos = array([0.44722222, 0.03240741])
34.9416 	EXP 	six: pos = array([0.46666667, 0.03981481])
34.9585 	EXP 	six: pos = array([0.48796296, 0.04537037])
34.9751 	EXP 	six: pos = array([0.51388889, 0.05462963])
34.9917 	EXP 	six: pos = array([0.52685185, 0.06111111])
35.0086 	EXP 	six: pos = array([0.53796296, 0.06481481])
35.0251 	EXP 	six: pos = array([0.55648148, 0.07314815])
35.0422 	EXP 	six: pos = array([0.57314815, 0.08333333])
35.0613 	EXP 	six: pos = array([0.59166667, 0.0962963 ])
35.0803 	EXP 	six: pos = array([0.6037037 , 0.10833333])
35.0955 	EXP 	six: pos = array([0.61759259, 0.12407407])
35.1147 	EXP 	six: pos = array([0.625     , 0.13703704])
35.1355 	EXP 	six: pos = array([0.63518519, 0.15833333])
35.1535 	EXP 	six: pos = array([0.64444444, 0.18055556])
35.1715 	EXP 	six: pos = array([0.6537037 , 0.20277778])
35.1932 	EXP 	six: pos = array([0.66944444, 0.23981481])
35.2152 	EXP 	six: pos = array([0.68240741, 0.26944444])
35.2327 	EXP 	six: pos = array([0.68888889, 0.28796296])
35.2461 	EXP 	six: pos = array([0.68981481, 0.29166667])
35.2602 	EXP 	six: pos = array([0.69074074, 0.29351852])
35.2752 	EXP 	six: pos = array([0.69074074, 0.29537037])
35.2919 	EXP 	six: pos = array([0.69074074, 0.29537037])
35.3087 	EXP 	six: pos = array([0.69074074, 0.2962963 ])
35.3254 	EXP 	six: pos = array([0.69074074, 0.2962963 ])
35.3422 	EXP 	six: pos = array([0.69074074, 0.2962963 ])
35.3592 	EXP 	six: pos = array([0.69074074, 0.2962963 ])
35.3765 	EXP 	six: pos = array([0.69074074, 0.2962963 ])
35.3964 	EXP 	six: pos = array([0.68981481, 0.2962963 ])
35.3999 	DATA 	Mouse:  Left button up, pos=(1705,860)
36.4670 	DATA 	Mouse: Left button down, pos=(176,828)
36.4860 	EXP 	one: autoDraw = False
36.4860 	EXP 	two: autoDraw = False
36.4860 	EXP 	three: autoDraw = False
36.4860 	EXP 	seven: autoDraw = False
36.4860 	EXP 	eight: autoDraw = False
36.4860 	EXP 	nine: autoDraw = False
36.4860 	EXP 	four: autoDraw = False
36.4860 	EXP 	five: autoDraw = False
36.4860 	EXP 	six: autoDraw = False
36.4860 	EXP 	ten: autoDraw = False
36.4860 	EXP 	eleven: autoDraw = False
36.4860 	EXP 	twelve: autoDraw = False
36.6482 	EXP 	window1: mouseVisible = True
