15.7547 	EXP 	Created window1 = Window(allowGUI=True, allowStencil=False, args=UNKNOWN, autoLog=True, bitsMode=UNKNOWN, blendMode='avg', color=array([0., 0., 0.]), colorSpace='rgb', fullscr=<method-wrapper '__getattribute__' of attributeSetter object at 0x0000029203302F98>, gamma=None, gammaErrorPolicy='raise', kwargs=UNKNOWN, lms=UNKNOWN, monitor=<psychopy.monitors.calibTools.Monitor object at 0x000002920303CBE0>, multiSample=False, name='window1', numSamples=2, pos=[0.0, 0.0], screen=0, size=array([1920, 1080]), stereo=False, units='height', useFBO=True, useRetina=False, viewOri=0.0, viewPos=None, viewScale=None, waitBlanking=True, winType='pyglet')
15.7548 	EXP 	window1: recordFrameIntervals = False
15.9197 	EXP 	window1: recordFrameIntervals = True
16.1041 	EXP 	window1: recordFrameIntervals = False
17.0238 	EXP 	Created instruction_text = TextStim(__class__=<class 'psychopy.visual.text.TextStim'>, alignHoriz='center', alignVert='center', antialias=True, autoLog=True, bold=False, color='white', colorSpace='named', contrast=1.0, depth=0.0, flipHoriz=False, flipVert=False, font='Arial', fontFiles=[], height=0.05, italic=False, languageStyle='LTR', name='instruction_text', opacity=1.0, ori=0, pos=array([0., 0.]), rgb=array([255., 255., 255.]), text=str(...), units='height', win=Window(...), wrapWidth=1)
17.0323 	EXP 	Created text_2 = TextStim(__class__=<class 'psychopy.visual.text.TextStim'>, alignHoriz='center', alignVert='center', antialias=True, autoLog=True, bold=False, color='white', colorSpace='named', contrast=1.0, depth=-2.0, flipHoriz=False, flipVert=False, font='Arial', fontFiles=[], height=0.05, italic=False, languageStyle='LTR', name='text_2', opacity=1.0, ori=0, pos=array([ 0.  , -0.45]), rgb=array([255., 255., 255.]), text='Click here to continue.', units='height', win=Window(...), wrapWidth=1)
17.0430 	EXP 	Created text = TextStim(__class__=<class 'psychopy.visual.text.TextStim'>, alignHoriz='center', alignVert='center', antialias=True, autoLog=True, bold=False, color='white', colorSpace='named', contrast=1.0, depth=0.0, flipHoriz=False, flipVert=False, font='Arial', fontFiles=[], height=0.05, italic=False, languageStyle='LTR', name='text', opacity=1.0, ori=0, pos=array([0., 0.]), rgb=array([255., 255., 255.]), text='Here is a video example.', units='height', win=Window(...), wrapWidth=1)
17.1289 	EXP 	Created one = ImageStim(__class__=<class 'psychopy.visual.image.ImageStim'>, autoLog=True, color=array([1., 1., 1.]), colorSpace='rgb', contrast=1.0, depth=0.0, flipHoriz=False, flipVert=False, image=str(...), interpolate=True, mask=None, maskParams=None, name='one', opacity=1.0, ori=0.0, pos=array([-0.7,  0.3]), size=array([0.22, 0.22]), texRes=128, units='height', win=Window(...))
17.2156 	EXP 	Created two = ImageStim(__class__=<class 'psychopy.visual.image.ImageStim'>, autoLog=True, color=array([1., 1., 1.]), colorSpace='rgb', contrast=1.0, depth=-2.0, flipHoriz=False, flipVert=False, image=str(...), interpolate=True, mask=None, maskParams=None, name='two', opacity=1.0, ori=0.0, pos=array([-0.45,  0.3 ]), size=array([0.22, 0.22]), texRes=128, units='height', win=Window(...))
17.3024 	EXP 	Created three = ImageStim(__class__=<class 'psychopy.visual.image.ImageStim'>, autoLog=True, color=array([1., 1., 1.]), colorSpace='rgb', contrast=1.0, depth=-3.0, flipHoriz=False, flipVert=False, image=str(...), interpolate=True, mask=None, maskParams=None, name='three', opacity=1.0, ori=0.0, pos=array([-0.2,  0.3]), size=array([0.22, 0.22]), texRes=128, units='height', win=Window(...))
17.3833 	EXP 	Created seven = ImageStim(__class__=<class 'psychopy.visual.image.ImageStim'>, autoLog=True, color=array([1., 1., 1.]), colorSpace='rgb', contrast=1.0, depth=-4.0, flipHoriz=False, flipVert=False, image=str(...), interpolate=True, mask=None, maskParams=None, name='seven', opacity=1.0, ori=0.0, pos=array([-0.7, -0.3]), size=array([0.22, 0.22]), texRes=128, units='height', win=Window(...))
17.4752 	EXP 	Created eight = ImageStim(__class__=<class 'psychopy.visual.image.ImageStim'>, autoLog=True, color=array([1., 1., 1.]), colorSpace='rgb', contrast=1.0, depth=-5.0, flipHoriz=False, flipVert=False, image=str(...), interpolate=True, mask=None, maskParams=None, name='eight', opacity=1.0, ori=0.0, pos=array([-0.45, -0.3 ]), size=array([0.22, 0.22]), texRes=128, units='height', win=Window(...))
17.5583 	EXP 	Created nine = ImageStim(__class__=<class 'psychopy.visual.image.ImageStim'>, autoLog=True, color=array([1., 1., 1.]), colorSpace='rgb', contrast=1.0, depth=-6.0, flipHoriz=False, flipVert=False, image=str(...), interpolate=True, mask=None, maskParams=None, name='nine', opacity=1.0, ori=0.0, pos=array([-0.2, -0.3]), size=array([0.22, 0.22]), texRes=128, units='height', win=Window(...))
17.6513 	EXP 	Created four = ImageStim(__class__=<class 'psychopy.visual.image.ImageStim'>, autoLog=True, color=array([1., 1., 1.]), colorSpace='rgb', contrast=1.0, depth=-7.0, flipHoriz=False, flipVert=False, image=str(...), interpolate=True, mask=None, maskParams=None, name='four', opacity=1.0, ori=0.0, pos=array([0.2, 0.3]), size=array([0.22, 0.22]), texRes=128, units='height', win=Window(...))
17.7433 	EXP 	Created five = ImageStim(__class__=<class 'psychopy.visual.image.ImageStim'>, autoLog=True, color=array([1., 1., 1.]), colorSpace='rgb', contrast=1.0, depth=-8.0, flipHoriz=False, flipVert=False, image=str(...), interpolate=True, mask=None, maskParams=None, name='five', opacity=1.0, ori=0.0, pos=array([0.45, 0.3 ]), size=array([0.22, 0.22]), texRes=128, units='height', win=Window(...))
17.8317 	EXP 	Created six = ImageStim(__class__=<class 'psychopy.visual.image.ImageStim'>, autoLog=True, color=array([1., 1., 1.]), colorSpace='rgb', contrast=1.0, depth=-9.0, flipHoriz=False, flipVert=False, image=str(...), interpolate=True, mask=None, maskParams=None, name='six', opacity=1.0, ori=0.0, pos=array([0.7, 0.3]), size=array([0.22, 0.22]), texRes=128, units='height', win=Window(...))
17.9229 	EXP 	Created ten = ImageStim(__class__=<class 'psychopy.visual.image.ImageStim'>, autoLog=True, color=array([1., 1., 1.]), colorSpace='rgb', contrast=1.0, depth=-10.0, flipHoriz=False, flipVert=False, image=str(...), interpolate=True, mask=None, maskParams=None, name='ten', opacity=1.0, ori=0.0, pos=array([ 0.2, -0.3]), size=array([0.22, 0.22]), texRes=128, units='height', win=Window(...))
18.0160 	EXP 	Created eleven = ImageStim(__class__=<class 'psychopy.visual.image.ImageStim'>, autoLog=True, color=array([1., 1., 1.]), colorSpace='rgb', contrast=1.0, depth=-11.0, flipHoriz=False, flipVert=False, image=str(...), interpolate=True, mask=None, maskParams=None, name='eleven', opacity=1.0, ori=0.0, pos=array([ 0.45, -0.3 ]), size=array([0.22, 0.22]), texRes=128, units='height', win=Window(...))
18.1024 	EXP 	Created twelve = ImageStim(__class__=<class 'psychopy.visual.image.ImageStim'>, autoLog=True, color=array([1., 1., 1.]), colorSpace='rgb', contrast=1.0, depth=-12.0, flipHoriz=False, flipVert=False, image=str(...), interpolate=True, mask=None, maskParams=None, name='twelve', opacity=1.0, ori=0.0, pos=array([ 0.7, -0.3]), size=array([0.22, 0.22]), texRes=128, units='height', win=Window(...))
18.1127 	EXP 	Created continue_text = TextStim(__class__=<class 'psychopy.visual.text.TextStim'>, alignHoriz='center', alignVert='center', antialias=True, autoLog=True, bold=False, color='white', colorSpace='named', contrast=1.0, depth=0.0, flipHoriz=False, flipVert=False, font='Arial', fontFiles=[], height=0.001, italic=False, languageStyle='LTR', name='continue_text', opacity=0.0, ori=0, pos=array([1.5, 1.5]), rgb=array([255., 255., 255.]), text='Continue', units='height', win=Window(...), wrapWidth=1)
18.1714 	EXP 	Created gram01 = ImageStim(__class__=<class 'psychopy.visual.image.ImageStim'>, autoLog=True, color=array([1., 1., 1.]), colorSpace='rgb', contrast=1.0, depth=-14.0, flipHoriz=False, flipVert=False, image=str(...), interpolate=True, mask=None, maskParams=None, name='gram01', opacity=1.0, ori=0.0, pos=array([-0.7,  0.3]), size=array([0.22, 0.22]), texRes=128, units='height', win=Window(...))
18.1980 	EXP 	Created gram02 = ImageStim(__class__=<class 'psychopy.visual.image.ImageStim'>, autoLog=True, color=array([1., 1., 1.]), colorSpace='rgb', contrast=1.0, depth=-15.0, flipHoriz=False, flipVert=False, image=str(...), interpolate=True, mask=None, maskParams=None, name='gram02', opacity=1.0, ori=0.0, pos=array([-0.45,  0.3 ]), size=array([0.22, 0.22]), texRes=128, units='height', win=Window(...))
18.2206 	EXP 	Created gram03 = ImageStim(__class__=<class 'psychopy.visual.image.ImageStim'>, autoLog=True, color=array([1., 1., 1.]), colorSpace='rgb', contrast=1.0, depth=-16.0, flipHoriz=False, flipVert=False, image=str(...), interpolate=True, mask=None, maskParams=None, name='gram03', opacity=1.0, ori=0.0, pos=array([-0.2,  0.3]), size=array([0.22, 0.22]), texRes=128, units='height', win=Window(...))
18.2431 	EXP 	Created gram04 = ImageStim(__class__=<class 'psychopy.visual.image.ImageStim'>, autoLog=True, color=array([1., 1., 1.]), colorSpace='rgb', contrast=1.0, depth=-17.0, flipHoriz=False, flipVert=False, image=str(...), interpolate=True, mask=None, maskParams=None, name='gram04', opacity=1.0, ori=0.0, pos=array([0.2, 0.3]), size=array([0.22, 0.22]), texRes=128, units='height', win=Window(...))
18.2570 	EXP 	Created gram05 = ImageStim(__class__=<class 'psychopy.visual.image.ImageStim'>, autoLog=True, color=array([1., 1., 1.]), colorSpace='rgb', contrast=1.0, depth=-18.0, flipHoriz=False, flipVert=False, image=str(...), interpolate=True, mask=None, maskParams=None, name='gram05', opacity=1.0, ori=0.0, pos=array([0.45, 0.3 ]), size=array([0.22, 0.22]), texRes=128, units='height', win=Window(...))
18.2855 	EXP 	Created gram06 = ImageStim(__class__=<class 'psychopy.visual.image.ImageStim'>, autoLog=True, color=array([1., 1., 1.]), colorSpace='rgb', contrast=1.0, depth=-19.0, flipHoriz=False, flipVert=False, image=str(...), interpolate=True, mask=None, maskParams=None, name='gram06', opacity=1.0, ori=0.0, pos=array([0.7, 0.3]), size=array([0.22, 0.22]), texRes=128, units='height', win=Window(...))
18.3030 	EXP 	Created gram07 = ImageStim(__class__=<class 'psychopy.visual.image.ImageStim'>, autoLog=True, color=array([1., 1., 1.]), colorSpace='rgb', contrast=1.0, depth=-20.0, flipHoriz=False, flipVert=False, image=str(...), interpolate=True, mask=None, maskParams=None, name='gram07', opacity=1.0, ori=0.0, pos=array([-0.7, -0.3]), size=array([0.22, 0.22]), texRes=128, units='height', win=Window(...))
18.3500 	EXP 	Created gram08 = ImageStim(__class__=<class 'psychopy.visual.image.ImageStim'>, autoLog=True, color=array([1., 1., 1.]), colorSpace='rgb', contrast=1.0, depth=-21.0, flipHoriz=False, flipVert=False, image=str(...), interpolate=True, mask=None, maskParams=None, name='gram08', opacity=1.0, ori=0.0, pos=array([-0.45, -0.3 ]), size=array([0.22, 0.22]), texRes=128, units='height', win=Window(...))
18.3643 	EXP 	Created gram09 = ImageStim(__class__=<class 'psychopy.visual.image.ImageStim'>, autoLog=True, color=array([1., 1., 1.]), colorSpace='rgb', contrast=1.0, depth=-22.0, flipHoriz=False, flipVert=False, image=str(...), interpolate=True, mask=None, maskParams=None, name='gram09', opacity=1.0, ori=0.0, pos=array([-0.2, -0.3]), size=array([0.22, 0.22]), texRes=128, units='height', win=Window(...))
18.4354 	EXP 	Created gram10 = ImageStim(__class__=<class 'psychopy.visual.image.ImageStim'>, autoLog=True, color=array([1., 1., 1.]), colorSpace='rgb', contrast=1.0, depth=-23.0, flipHoriz=False, flipVert=False, image=str(...), interpolate=True, mask=None, maskParams=None, name='gram10', opacity=1.0, ori=0.0, pos=array([ 0.2, -0.3]), size=array([0.22, 0.22]), texRes=128, units='height', win=Window(...))
18.4879 	EXP 	Created gram11 = ImageStim(__class__=<class 'psychopy.visual.image.ImageStim'>, autoLog=True, color=array([1., 1., 1.]), colorSpace='rgb', contrast=1.0, depth=-24.0, flipHoriz=False, flipVert=False, image=str(...), interpolate=True, mask=None, maskParams=None, name='gram11', opacity=1.0, ori=0.0, pos=array([ 0.45, -0.3 ]), size=array([0.22, 0.22]), texRes=128, units='height', win=Window(...))
18.5366 	EXP 	Created gram12 = ImageStim(__class__=<class 'psychopy.visual.image.ImageStim'>, autoLog=True, color=array([1., 1., 1.]), colorSpace='rgb', contrast=1.0, depth=-25.0, flipHoriz=False, flipVert=False, image=str(...), interpolate=True, mask=None, maskParams=None, name='gram12', opacity=1.0, ori=0.0, pos=array([ 0.7, -0.3]), size=array([0.22, 0.22]), texRes=128, units='height', win=Window(...))
18.5826 	EXP 	instruction_text: autoDraw = True
18.5826 	EXP 	text_2: autoDraw = True
19.6587 	DATA 	Mouse: Left button down, pos=(1102,41)
19.6743 	EXP 	instruction_text: autoDraw = False
19.6743 	EXP 	text_2: autoDraw = False
19.6743 	EXP 	text: autoDraw = True
19.7256 	DATA 	Mouse:  Left button up, pos=(1102,41)
20.7265 	DATA 	Mouse: Left button down, pos=(963,516)
21.2873 	DATA 	Mouse:  Left button up, pos=(963,516)
21.2991 	EXP 	text: autoDraw = False
21.2991 	EXP 	one: autoDraw = True
21.2991 	EXP 	two: autoDraw = True
21.2991 	EXP 	three: autoDraw = True
21.2991 	EXP 	seven: autoDraw = True
21.2991 	EXP 	eight: autoDraw = True
21.2991 	EXP 	nine: autoDraw = True
21.2991 	EXP 	four: autoDraw = True
21.2991 	EXP 	five: autoDraw = True
21.2991 	EXP 	six: autoDraw = True
21.2991 	EXP 	ten: autoDraw = True
21.2991 	EXP 	eleven: autoDraw = True
21.2991 	EXP 	twelve: autoDraw = True
21.5736 	DATA 	Mouse: Left button down, pos=(877,526)
21.5738 	DATA 	Mouse:  Left button up, pos=(877,526)
21.5841 	EXP 	gram01: autoDraw = True
21.5841 	EXP 	gram02: autoDraw = True
21.5841 	EXP 	gram03: autoDraw = True
21.5841 	EXP 	gram04: autoDraw = True
21.5841 	EXP 	gram05: autoDraw = True
21.5841 	EXP 	gram06: autoDraw = True
21.5841 	EXP 	gram07: autoDraw = True
21.5841 	EXP 	gram08: autoDraw = True
21.5841 	EXP 	gram09: autoDraw = True
21.5841 	EXP 	gram10: autoDraw = True
21.5841 	EXP 	gram11: autoDraw = True
21.5841 	EXP 	gram12: autoDraw = True
25.8042 	DATA 	Mouse: Left button down, pos=(473,197)
25.8861 	EXP 	gram08: pos = array([-0.45092593, -0.31759259])
25.9237 	EXP 	gram08: pos = array([-0.45092593, -0.31759259])
25.9631 	EXP 	gram08: pos = array([-0.45092593, -0.31759259])
25.9966 	EXP 	gram08: pos = array([-0.45092593, -0.31759259])
26.0304 	EXP 	gram08: pos = array([-0.45092593, -0.31759259])
26.0696 	EXP 	gram08: pos = array([-0.45092593, -0.31759259])
26.1063 	EXP 	gram08: pos = array([-0.4537037 , -0.30925926])
26.1531 	EXP 	gram08: pos = array([-0.47314815, -0.23796296])
26.1900 	EXP 	gram08: pos = array([-0.48333333, -0.1962963 ])
26.2351 	EXP 	gram08: pos = array([-0.49074074, -0.14444444])
26.2730 	EXP 	gram08: pos = array([-0.50277778, -0.09537037])
26.3200 	EXP 	gram08: pos = array([-0.51759259, -0.0462963 ])
26.3559 	EXP 	gram08: pos = array([-0.53518519,  0.03055556])
26.4035 	EXP 	gram08: pos = array([-0.54722222,  0.09259259])
26.4397 	EXP 	gram08: pos = array([-0.55833333,  0.13240741])
26.4851 	EXP 	gram08: pos = array([-0.56018519,  0.14259259])
26.5207 	EXP 	gram08: pos = array([-0.56111111,  0.14259259])
26.5562 	EXP 	gram08: pos = array([-0.56111111,  0.14259259])
26.6027 	EXP 	gram08: pos = array([-0.56111111,  0.14259259])
26.6374 	EXP 	gram08: pos = array([-0.56111111,  0.14259259])
26.6721 	EXP 	gram08: pos = array([-0.56111111,  0.14259259])
26.7205 	EXP 	gram08: pos = array([-0.56574074,  0.15648148])
26.7569 	EXP 	gram08: pos = array([-0.59351852,  0.21666667])
26.8051 	EXP 	gram08: pos = array([-0.61018519,  0.25      ])
26.8547 	EXP 	gram08: pos = array([-0.61851852,  0.27037037])
26.9036 	EXP 	gram08: pos = array([-0.62685185,  0.28981481])
26.9420 	EXP 	gram08: pos = array([-0.62962963,  0.29537037])
26.9873 	EXP 	gram08: pos = array([-0.63240741,  0.30185185])
27.0252 	EXP 	gram08: pos = array([-0.63333333,  0.30648148])
27.0700 	EXP 	gram08: pos = array([-0.63518519,  0.30925926])
27.1058 	EXP 	gram08: pos = array([-0.63611111,  0.31111111])
27.1547 	EXP 	gram08: pos = array([-0.63703704,  0.31481481])
27.1908 	EXP 	gram08: pos = array([-0.63796296,  0.31759259])
27.2377 	EXP 	gram08: pos = array([-0.63981481,  0.3212963 ])
27.2735 	EXP 	gram08: pos = array([-0.63981481,  0.32407407])
27.3210 	EXP 	gram08: pos = array([-0.64166667,  0.32777778])
27.3577 	EXP 	gram08: pos = array([-0.64351852,  0.33240741])
27.4042 	EXP 	gram08: pos = array([-0.64444444,  0.33703704])
27.4418 	EXP 	gram08: pos = array([-0.6462963 ,  0.34537037])
27.4863 	EXP 	gram08: pos = array([-0.64722222,  0.35462963])
27.5240 	EXP 	gram08: pos = array([-0.64907407,  0.36296296])
27.5726 	EXP 	gram08: pos = array([-0.65092593,  0.37592593])
27.6199 	EXP 	gram08: pos = array([-0.65277778,  0.38796296])
27.6562 	EXP 	gram08: pos = array([-0.6537037 ,  0.39537037])
27.6948 	EXP 	gram08: pos = array([-0.65555556,  0.4037037 ])
27.7362 	EXP 	gram08: pos = array([-0.65555556,  0.40462963])
27.7736 	EXP 	gram08: pos = array([-0.65648148,  0.39351852])
28.4516 	EXP 	gram01: pos = array([-0.68425926,  0.25925926])
28.4835 	EXP 	gram01: pos = array([-0.67777778,  0.27685185])
28.5168 	EXP 	gram01: pos = array([-0.67222222,  0.29722222])
28.5509 	EXP 	gram01: pos = array([-0.66759259,  0.31388889])
28.5746 	DATA 	Mouse:  Left button up, pos=(242,896)
28.5837 	EXP 	gram01: pos = array([-0.66481481,  0.32962963])
29.2908 	DATA 	Mouse: Left button down, pos=(252,945)
29.3751 	EXP 	gram08: pos = array([-0.65555556,  0.375     ])
29.4037 	EXP 	gram08: pos = array([-0.65555556,  0.375     ])
29.4337 	EXP 	gram08: pos = array([-0.66481481,  0.34537037])
29.4677 	EXP 	gram08: pos = array([-0.67777778,  0.30740741])
29.5067 	EXP 	gram08: pos = array([-0.68981481,  0.26944444])
29.5447 	EXP 	gram08: pos = array([-0.69537037,  0.24907407])
29.5903 	EXP 	gram08: pos = array([-0.70185185,  0.21481481])
29.6270 	EXP 	gram08: pos = array([-0.70740741,  0.18425926])
29.6738 	EXP 	gram08: pos = array([-0.71666667,  0.14537037])
29.7105 	EXP 	gram08: pos = array([-0.7212963 ,  0.13240741])
29.7569 	EXP 	gram08: pos = array([-0.72407407,  0.1287037 ])
29.7926 	EXP 	gram08: pos = array([-0.725     ,  0.12777778])
29.8381 	EXP 	gram08: pos = array([-0.725     ,  0.12777778])
29.8745 	EXP 	gram08: pos = array([-0.725     ,  0.12777778])
29.9097 	EXP 	gram08: pos = array([-0.72592593,  0.12777778])
29.9550 	EXP 	gram08: pos = array([-0.72592593,  0.12777778])
29.9933 	EXP 	gram08: pos = array([-0.72592593,  0.12962963])
30.0403 	EXP 	gram08: pos = array([-0.72592593,  0.13055556])
30.0771 	EXP 	gram08: pos = array([-0.725     ,  0.13055556])
30.1236 	EXP 	gram08: pos = array([-0.72407407,  0.13055556])
30.1595 	EXP 	gram08: pos = array([-0.72222222,  0.12777778])
30.1885 	EXP 	gram08: pos = array([-0.7212963 ,  0.12685185])
30.2177 	EXP 	gram08: pos = array([-0.7212963 ,  0.12592593])
30.2512 	EXP 	gram08: pos = array([-0.72037037,  0.125     ])
30.2908 	EXP 	gram08: pos = array([-0.72037037,  0.12407407])
30.3269 	EXP 	gram08: pos = array([-0.72037037,  0.12407407])
30.3731 	EXP 	gram08: pos = array([-0.72037037,  0.12407407])
30.3802 	DATA 	Mouse:  Left button up, pos=(182,674)
33.6087 	DATA 	Mouse: Left button down, pos=(1199,889)
33.6715 	EXP 	gram04: pos = array([0.2212963 , 0.32314815])
33.7048 	EXP 	gram04: pos = array([0.2212963 , 0.32314815])
33.7382 	EXP 	gram04: pos = array([0.2212963 , 0.32314815])
33.7715 	EXP 	gram04: pos = array([0.2212963 , 0.32314815])
33.8052 	EXP 	gram04: pos = array([0.2212963, 0.3212963])
33.8385 	EXP 	gram04: pos = array([0.21388889, 0.29907407])
34.4723 	DATA 	Mouse:  Left button up, pos=(1046,776)
34.9809 	DATA 	Mouse: Left button down, pos=(1187,829)
35.0630 	EXP 	gram04: pos = array([0.11388889, 0.19907407])
35.1008 	EXP 	gram04: pos = array([0.03240741, 0.15833333])
35.1459 	EXP 	gram04: pos = array([-0.0462963 ,  0.13333333])
35.1830 	EXP 	gram04: pos = array([-0.08055556,  0.12592593])
35.2301 	EXP 	gram04: pos = array([-0.10185185,  0.12592593])
35.2657 	EXP 	gram04: pos = array([-0.10185185,  0.12592593])
35.3113 	EXP 	gram04: pos = array([-0.10185185,  0.12592593])
35.3467 	EXP 	gram04: pos = array([-0.10185185,  0.12592593])
35.3810 	EXP 	gram04: pos = array([-0.10185185,  0.12592593])
35.4152 	EXP 	gram04: pos = array([-0.10185185,  0.12592593])
35.4635 	EXP 	gram04: pos = array([-0.10185185,  0.12592593])
36.0059 	DATA 	Mouse:  Left button up, pos=(477,669)
36.5001 	DATA 	Mouse: Left button down, pos=(874,656)
36.5794 	EXP 	gram04: pos = array([-0.07962963,  0.10740741])
36.6147 	EXP 	gram04: pos = array([-0.07962963,  0.10740741])
36.6494 	EXP 	gram04: pos = array([-0.07962963,  0.10740741])
36.6859 	EXP 	gram04: pos = array([-0.07962963,  0.10740741])
36.7255 	EXP 	gram04: pos = array([-0.07962963,  0.10740741])
36.7587 	EXP 	gram04: pos = array([-0.08703704,  0.09814815])
36.7921 	EXP 	gram04: pos = array([-0.11111111,  0.07592593])
36.8313 	EXP 	gram04: pos = array([-0.14537037,  0.05740741])
36.8686 	EXP 	gram04: pos = array([-0.1787037,  0.05     ])
36.9155 	EXP 	gram04: pos = array([-0.24814815,  0.04814815])
36.9519 	EXP 	gram04: pos = array([-0.28518519,  0.05      ])
36.9976 	EXP 	gram04: pos = array([-0.31203704,  0.05833333])
37.0338 	EXP 	gram04: pos = array([-0.33703704,  0.06944444])
37.0806 	EXP 	gram04: pos = array([-0.35      ,  0.07314815])
37.1172 	EXP 	gram04: pos = array([-0.36944444,  0.08425926])
37.1654 	EXP 	gram04: pos = array([-0.39166667,  0.09537037])
37.2020 	EXP 	gram04: pos = array([-0.40555556,  0.10185185])
37.2476 	EXP 	gram04: pos = array([-0.41296296,  0.10555556])
37.2838 	EXP 	gram04: pos = array([-0.4212963 ,  0.10925926])
37.3305 	EXP 	gram04: pos = array([-0.42407407,  0.11111111])
37.3668 	EXP 	gram04: pos = array([-0.42777778,  0.11203704])
37.4174 	EXP 	gram04: pos = array([-0.43148148,  0.11388889])
37.4659 	EXP 	gram04: pos = array([-0.43425926,  0.11574074])
37.5022 	EXP 	gram04: pos = array([-0.43518519,  0.11666667])
37.5475 	EXP 	gram04: pos = array([-0.43796296,  0.11759259])
37.5840 	EXP 	gram04: pos = array([-0.44074074,  0.11851852])
37.6326 	EXP 	gram04: pos = array([-0.44444444,  0.11944444])
37.6816 	EXP 	gram04: pos = array([-0.4462963,  0.1212963])
37.7180 	EXP 	gram04: pos = array([-0.44814815,  0.12222222])
37.7667 	EXP 	gram04: pos = array([-0.44907407,  0.12314815])
37.8008 	EXP 	gram04: pos = array([-0.44907407,  0.12314815])
37.8475 	EXP 	gram04: pos = array([-0.44907407,  0.12314815])
37.8641 	DATA 	Mouse:  Left button up, pos=(475,673)
42.1232 	DATA 	Mouse: Left button down, pos=(262,222)
42.1987 	EXP 	gram07: pos = array([-0.6462963 , -0.29444444])
42.2312 	EXP 	gram07: pos = array([-0.6462963 , -0.29444444])
42.2644 	EXP 	gram07: pos = array([-0.6462963 , -0.29444444])
42.2989 	EXP 	gram07: pos = array([-0.6462963 , -0.29444444])
42.3369 	EXP 	gram07: pos = array([-0.6462963 , -0.29444444])
42.3787 	EXP 	gram07: pos = array([-0.6287037 , -0.28703704])
42.4310 	EXP 	gram07: pos = array([-0.59259259, -0.26851852])
42.4708 	EXP 	gram07: pos = array([-0.55740741, -0.25185185])
42.5077 	EXP 	gram07: pos = array([-0.52777778, -0.23425926])
42.5543 	EXP 	gram07: pos = array([-0.49444444, -0.21111111])
42.5911 	EXP 	gram07: pos = array([-0.47222222, -0.19814815])
42.6380 	EXP 	gram07: pos = array([-0.43333333, -0.16944444])
42.6761 	EXP 	gram07: pos = array([-0.39259259, -0.13518519])
42.7211 	EXP 	gram07: pos = array([-0.3537037 , -0.10648148])
42.7593 	EXP 	gram07: pos = array([-0.30925926, -0.06851852])
42.8049 	EXP 	gram07: pos = array([-0.26666667, -0.0287037 ])
42.8403 	EXP 	gram07: pos = array([-0.24722222, -0.00555556])
42.8883 	EXP 	gram07: pos = array([-0.23333333,  0.01111111])
42.9276 	EXP 	gram07: pos = array([-0.22962963,  0.01944444])
42.9713 	EXP 	gram07: pos = array([-0.2287037 ,  0.02314815])
43.0074 	EXP 	gram07: pos = array([-0.22777778,  0.02592593])
43.0550 	EXP 	gram07: pos = array([-0.22777778,  0.02777778])
43.0934 	EXP 	gram07: pos = array([-0.22592593,  0.03333333])
43.1384 	EXP 	gram07: pos = array([-0.2212963 ,  0.04259259])
43.1796 	EXP 	gram07: pos = array([-0.22037037,  0.04444444])
43.2222 	EXP 	gram07: pos = array([-0.22037037,  0.04722222])
43.2620 	EXP 	gram07: pos = array([-0.21944444,  0.05      ])
43.3064 	EXP 	gram07: pos = array([-0.21759259,  0.05462963])
43.3439 	EXP 	gram07: pos = array([-0.21388889,  0.06574074])
43.3897 	EXP 	gram07: pos = array([-0.21111111,  0.0712963 ])
43.4391 	EXP 	gram07: pos = array([-0.21018519,  0.07407407])
43.4755 	EXP 	gram07: pos = array([-0.21018519,  0.07592593])
43.5205 	EXP 	gram07: pos = array([-0.20925926,  0.07777778])
43.5561 	EXP 	gram07: pos = array([-0.20925926,  0.07962963])
43.5917 	EXP 	gram07: pos = array([-0.20925926,  0.08148148])
43.6383 	EXP 	gram07: pos = array([-0.20925926,  0.08333333])
43.6765 	EXP 	gram07: pos = array([-0.20925926,  0.08425926])
43.7202 	EXP 	gram07: pos = array([-0.20925926,  0.08518519])
43.7582 	EXP 	gram07: pos = array([-0.20925926,  0.08703704])
43.8040 	EXP 	gram07: pos = array([-0.20925926,  0.08796296])
43.8397 	EXP 	gram07: pos = array([-0.20925926,  0.08796296])
43.8758 	EXP 	gram07: pos = array([-0.20925926,  0.08888889])
43.9005 	DATA 	Mouse:  Left button up, pos=(734,636)
48.9245 	DATA 	Mouse: Left button down, pos=(505,857)
48.9901 	EXP 	gram02: pos = array([-0.4212963 ,  0.29351852])
49.0234 	EXP 	gram02: pos = array([-0.4212963 ,  0.29351852])
49.0555 	EXP 	gram02: pos = array([-0.4212963 ,  0.29351852])
49.0888 	EXP 	gram02: pos = array([-0.4212963 ,  0.29351852])
49.1222 	EXP 	gram02: pos = array([-0.4212963 ,  0.29351852])
49.1622 	EXP 	gram02: pos = array([-0.41759259,  0.30555556])
49.1982 	EXP 	gram02: pos = array([-0.40462963,  0.32314815])
49.2453 	EXP 	gram02: pos = array([-0.37314815,  0.33981481])
49.2810 	EXP 	gram02: pos = array([-0.32777778,  0.35185185])
49.3285 	EXP 	gram02: pos = array([-0.2712963 ,  0.35555556])
49.3655 	EXP 	gram02: pos = array([-0.2       ,  0.34722222])
49.4028 	EXP 	gram02: pos = array([-0.11388889,  0.32685185])
49.4478 	EXP 	gram02: pos = array([-0.03888889,  0.2962963 ])
49.4942 	EXP 	gram02: pos = array([0.025     , 0.26203704])
49.5314 	EXP 	gram02: pos = array([0.06759259, 0.23425926])
49.5804 	EXP 	gram02: pos = array([0.0962963 , 0.20648148])
49.6280 	EXP 	gram02: pos = array([0.11666667, 0.17962963])
49.6643 	EXP 	gram02: pos = array([0.13518519, 0.15185185])
49.7118 	EXP 	gram02: pos = array([0.1462963 , 0.13425926])
49.7485 	EXP 	gram02: pos = array([0.15277778, 0.12685185])
49.7962 	EXP 	gram02: pos = array([0.15648148, 0.12407407])
49.8308 	EXP 	gram02: pos = array([0.16018519, 0.1212963 ])
49.8564 	EXP 	gram02: pos = array([0.16018519, 0.1212963 ])
49.8895 	EXP 	gram02: pos = array([0.16111111, 0.12037037])
49.9230 	EXP 	gram02: pos = array([0.16296296, 0.11944444])
49.9585 	EXP 	gram02: pos = array([0.16388889, 0.11851852])
49.9962 	EXP 	gram02: pos = array([0.16666667, 0.11759259])
50.0319 	EXP 	gram02: pos = array([0.16759259, 0.11574074])
50.0800 	EXP 	gram02: pos = array([0.1712963 , 0.11296296])
50.1150 	EXP 	gram02: pos = array([0.17314815, 0.11111111])
50.1619 	EXP 	gram02: pos = array([0.175     , 0.10925926])
50.1989 	EXP 	gram02: pos = array([0.17685185, 0.10648148])
50.2456 	EXP 	gram02: pos = array([0.1787037 , 0.10462963])
50.2811 	EXP 	gram02: pos = array([0.1787037 , 0.10277778])
50.3293 	EXP 	gram02: pos = array([0.18055556, 0.10092593])
50.3650 	EXP 	gram02: pos = array([0.18148148, 0.10092593])
50.4115 	EXP 	gram02: pos = array([0.18148148, 0.1       ])
50.4288 	DATA 	Mouse:  Left button up, pos=(1155,648)
54.2968 	DATA 	Mouse: Left button down, pos=(195,829)
54.3616 	EXP 	gram01: pos = array([-0.70833333,  0.26759259])
54.3948 	EXP 	gram01: pos = array([-0.70833333,  0.26759259])
54.4280 	EXP 	gram01: pos = array([-0.70833333,  0.26759259])
54.4650 	EXP 	gram01: pos = array([-0.70833333,  0.26759259])
54.5013 	EXP 	gram01: pos = array([-0.70833333,  0.26759259])
54.5365 	EXP 	gram01: pos = array([-0.70833333,  0.26759259])
54.5847 	EXP 	gram01: pos = array([-0.7       ,  0.27592593])
54.6217 	EXP 	gram01: pos = array([-0.68425926,  0.28703704])
54.6667 	EXP 	gram01: pos = array([-0.63981481,  0.30648148])
54.8550 	EXP 	gram03: pos = array([-0.13796296,  0.23611111])
54.9008 	EXP 	gram03: pos = array([-0.13796296,  0.23611111])
54.9369 	EXP 	gram03: pos = array([-0.13796296,  0.23611111])
54.9825 	EXP 	gram03: pos = array([-0.13796296,  0.23611111])
55.0182 	EXP 	gram03: pos = array([-0.13796296,  0.23611111])
55.0538 	EXP 	gram03: pos = array([-0.13240741,  0.23611111])
55.2014 	EXP 	gram02: pos = array([0.20740741, 0.15740741])
55.2397 	EXP 	gram02: pos = array([0.24537037, 0.13796296])
55.2850 	EXP 	gram02: pos = array([0.27592593, 0.1212963 ])
55.3218 	EXP 	gram02: pos = array([0.30555556, 0.10833333])
55.3613 	EXP 	gram02: pos = array([0.35      , 0.09259259])
55.3971 	EXP 	gram02: pos = array([0.41574074, 0.08333333])
55.4296 	EXP 	gram02: pos = array([0.45      , 0.07685185])
55.4635 	EXP 	gram02: pos = array([0.45648148, 0.07592593])
55.4967 	EXP 	gram02: pos = array([0.45648148, 0.07592593])
55.5303 	EXP 	gram02: pos = array([0.45462963, 0.07592593])
55.5629 	EXP 	gram02: pos = array([0.45277778, 0.07592593])
55.6022 	EXP 	gram02: pos = array([0.45092593, 0.07592593])
55.6356 	EXP 	gram02: pos = array([0.44907407, 0.07685185])
55.6688 	EXP 	gram02: pos = array([0.44537037, 0.07777778])
55.7028 	EXP 	gram02: pos = array([0.43888889, 0.07777778])
55.7362 	EXP 	gram02: pos = array([0.43518519, 0.07777778])
55.7706 	EXP 	gram02: pos = array([0.42592593, 0.07777778])
55.8038 	EXP 	gram02: pos = array([0.39722222, 0.08055556])
55.8365 	EXP 	gram02: pos = array([0.36944444, 0.08796296])
55.8699 	EXP 	gram02: pos = array([0.33888889, 0.09444444])
55.9157 	EXP 	gram02: pos = array([0.27314815, 0.09351852])
55.9518 	EXP 	gram02: pos = array([0.22037037, 0.08888889])
55.9955 	EXP 	gram02: pos = array([0.20462963, 0.08796296])
56.0356 	EXP 	gram02: pos = array([0.19722222, 0.08796296])
56.0788 	EXP 	gram02: pos = array([0.1962963 , 0.08796296])
56.1194 	EXP 	gram02: pos = array([0.19444444, 0.08796296])
56.1546 	EXP 	gram02: pos = array([0.19351852, 0.08796296])
56.2011 	EXP 	gram02: pos = array([0.19259259, 0.08796296])
56.2461 	EXP 	gram02: pos = array([0.19166667, 0.08796296])
56.2861 	EXP 	gram02: pos = array([0.19166667, 0.08981481])
56.3030 	DATA 	Mouse:  Left button up, pos=(1167,637)
57.0742 	DATA 	Mouse: Left button down, pos=(265,816)
57.1410 	EXP 	gram01: pos = array([-0.64351852,  0.25555556])
57.1861 	EXP 	gram01: pos = array([-0.64351852,  0.25555556])
57.2212 	EXP 	gram01: pos = array([-0.64351852,  0.25555556])
57.2571 	EXP 	gram01: pos = array([-0.64351852,  0.25555556])
57.3040 	EXP 	gram01: pos = array([-0.63981481,  0.26018519])
57.3405 	EXP 	gram01: pos = array([-0.59907407,  0.28888889])
57.3861 	EXP 	gram01: pos = array([-0.56574074,  0.30555556])
57.4246 	EXP 	gram01: pos = array([-0.52685185,  0.31944444])
57.4710 	EXP 	gram01: pos = array([-0.48425926,  0.33425926])
57.5093 	EXP 	gram01: pos = array([-0.45462963,  0.34444444])
57.5562 	EXP 	gram01: pos = array([-0.41018519,  0.35648148])
57.6042 	EXP 	gram01: pos = array([-0.36203704,  0.36759259])
57.6403 	EXP 	gram01: pos = array([-0.29814815,  0.38703704])
57.6866 	EXP 	gram01: pos = array([-0.23240741,  0.40833333])
57.7255 	EXP 	gram01: pos = array([-0.175     ,  0.43055556])
57.7712 	EXP 	gram01: pos = array([-0.15833333,  0.42777778])
57.8065 	EXP 	gram01: pos = array([-0.15833333,  0.42777778])
57.8539 	EXP 	gram01: pos = array([-0.15833333,  0.42777778])
57.8891 	EXP 	gram01: pos = array([-0.15833333,  0.42777778])
57.9232 	EXP 	gram01: pos = array([-0.15833333,  0.42777778])
57.9719 	EXP 	gram01: pos = array([-0.15185185,  0.42685185])
58.5499 	DATA 	Mouse:  Left button up, pos=(1398,681)
59.0049 	DATA 	Mouse: Left button down, pos=(786,966)
59.0621 	EXP 	gram01: pos = array([-0.16111111,  0.39444444])
59.1062 	EXP 	gram01: pos = array([-0.16111111,  0.39444444])
59.1406 	EXP 	gram01: pos = array([-0.16111111,  0.39444444])
59.1752 	EXP 	gram01: pos = array([-0.16111111,  0.39444444])
59.2225 	EXP 	gram01: pos = array([-0.12685185,  0.40092593])
59.2605 	EXP 	gram01: pos = array([-0.08888889,  0.4037037 ])
59.3065 	EXP 	gram01: pos = array([-0.06111111,  0.40185185])
59.3422 	EXP 	gram01: pos = array([-0.03055556,  0.39814815])
59.3903 	EXP 	gram01: pos = array([0.00740741, 0.38888889])
59.4284 	EXP 	gram01: pos = array([0.03888889, 0.38055556])
59.4728 	EXP 	gram01: pos = array([0.0787037 , 0.36574074])
59.5086 	EXP 	gram01: pos = array([0.14166667, 0.33611111])
59.5552 	EXP 	gram01: pos = array([0.18796296, 0.31111111])
59.5930 	EXP 	gram01: pos = array([0.23518519, 0.28703704])
59.6396 	EXP 	gram01: pos = array([0.2712963 , 0.27037037])
59.6784 	EXP 	gram01: pos = array([0.30277778, 0.25555556])
59.7240 	EXP 	gram01: pos = array([0.3287037 , 0.24074074])
59.7601 	EXP 	gram01: pos = array([0.35092593, 0.225     ])
59.8071 	EXP 	gram01: pos = array([0.375     , 0.20740741])
59.8457 	EXP 	gram01: pos = array([0.40648148, 0.18240741])
59.8901 	EXP 	gram01: pos = array([0.41944444, 0.17037037])
59.9267 	EXP 	gram01: pos = array([0.425     , 0.16388889])
59.9742 	EXP 	gram01: pos = array([0.43240741, 0.1537037 ])
60.0101 	EXP 	gram01: pos = array([0.43888889, 0.14259259])
60.0574 	EXP 	gram01: pos = array([0.44166667, 0.13611111])
60.0945 	EXP 	gram01: pos = array([0.44351852, 0.13333333])
60.1393 	EXP 	gram01: pos = array([0.44444444, 0.13055556])
60.1764 	EXP 	gram01: pos = array([0.44537037, 0.12962963])
60.2239 	EXP 	gram01: pos = array([0.44907407, 0.12685185])
60.2591 	EXP 	gram01: pos = array([0.4537037 , 0.12407407])
60.3074 	EXP 	gram01: pos = array([0.45925926, 0.1212963 ])
60.3441 	EXP 	gram01: pos = array([0.46296296, 0.11944444])
60.3902 	EXP 	gram01: pos = array([0.46481481, 0.11666667])
60.4272 	EXP 	gram01: pos = array([0.46666667, 0.11481481])
60.4737 	EXP 	gram01: pos = array([0.46759259, 0.11388889])
60.5088 	EXP 	gram01: pos = array([0.46759259, 0.11388889])
60.5430 	EXP 	gram01: pos = array([0.46759259, 0.11388889])
60.5687 	DATA 	Mouse:  Left button up, pos=(1465,663)
65.3946 	DATA 	Mouse: Left button down, pos=(1186,157)
65.4646 	EXP 	gram10: pos = array([ 0.20925926, -0.35462963])
65.4999 	EXP 	gram10: pos = array([ 0.20925926, -0.35462963])
65.5404 	EXP 	gram10: pos = array([ 0.20925926, -0.35462963])
65.5742 	EXP 	gram10: pos = array([ 0.20925926, -0.35185185])
65.6074 	EXP 	gram10: pos = array([ 0.20925926, -0.33425926])
65.6424 	EXP 	gram10: pos = array([ 0.21296296, -0.3       ])
65.6747 	EXP 	gram10: pos = array([ 0.2212963 , -0.26944444])
65.7134 	EXP 	gram10: pos = array([ 0.225     , -0.25277778])
65.7519 	EXP 	gram10: pos = array([ 0.23055556, -0.23611111])
65.7963 	EXP 	gram10: pos = array([ 0.23888889, -0.21851852])
65.8328 	EXP 	gram10: pos = array([ 0.2462963 , -0.20648148])
65.8790 	EXP 	gram10: pos = array([ 0.25277778, -0.19722222])
65.9174 	EXP 	gram10: pos = array([ 0.25925926, -0.18796296])
65.9638 	EXP 	gram10: pos = array([ 0.26851852, -0.18055556])
66.0122 	EXP 	gram10: pos = array([ 0.27592593, -0.17407407])
66.0508 	EXP 	gram10: pos = array([ 0.28796296, -0.16574074])
66.0971 	EXP 	gram10: pos = array([ 0.30833333, -0.1537037 ])
66.1340 	EXP 	gram10: pos = array([ 0.33796296, -0.13611111])
66.1814 	EXP 	gram10: pos = array([ 0.36481481, -0.12222222])
66.2312 	EXP 	gram10: pos = array([ 0.39537037, -0.10555556])
66.2680 	EXP 	gram10: pos = array([ 0.41574074, -0.09351852])
66.3144 	EXP 	gram10: pos = array([ 0.44537037, -0.07777778])
66.3502 	EXP 	gram10: pos = array([ 0.48703704, -0.05833333])
66.4010 	EXP 	gram10: pos = array([ 0.52962963, -0.03796296])
66.4478 	EXP 	gram10: pos = array([ 0.55740741, -0.02037037])
66.4819 	EXP 	gram10: pos = array([ 0.55740741, -0.02037037])
66.5159 	EXP 	gram10: pos = array([ 0.55740741, -0.02037037])
66.5499 	EXP 	gram10: pos = array([ 0.55740741, -0.02037037])
66.5968 	EXP 	gram10: pos = array([ 0.55740741, -0.02037037])
66.6318 	EXP 	gram10: pos = array([ 0.55740741, -0.02037037])
66.6670 	EXP 	gram10: pos = array([ 0.56203704, -0.01666667])
66.7145 	EXP 	gram10: pos = array([0.5962963 , 0.02037037])
66.7545 	EXP 	gram10: pos = array([0.62962963, 0.0537037 ])
66.7964 	EXP 	gram10: pos = array([0.64351852, 0.07222222])
66.8356 	EXP 	gram10: pos = array([0.65462963, 0.08703704])
66.8813 	EXP 	gram10: pos = array([0.66018519, 0.09444444])
66.9185 	EXP 	gram10: pos = array([0.66481481, 0.10092593])
66.9649 	EXP 	gram10: pos = array([0.66944444, 0.10925926])
67.0006 	EXP 	gram10: pos = array([0.6712963 , 0.11203704])
67.0479 	EXP 	gram10: pos = array([0.67314815, 0.11481481])
67.0846 	EXP 	gram10: pos = array([0.67592593, 0.11851852])
67.1309 	EXP 	gram10: pos = array([0.67685185, 0.12222222])
67.1677 	EXP 	gram10: pos = array([0.67685185, 0.125     ])
67.2142 	EXP 	gram10: pos = array([0.67685185, 0.12685185])
67.2502 	EXP 	gram10: pos = array([0.67685185, 0.12777778])
67.2579 	DATA 	Mouse:  Left button up, pos=(1691,678)
72.6171 	DATA 	Mouse: Left button down, pos=(791,218)
72.6887 	EXP 	gram09: pos = array([-0.15648148, -0.29814815])
72.7253 	EXP 	gram09: pos = array([-0.15648148, -0.29814815])
72.7627 	EXP 	gram09: pos = array([-0.15648148, -0.29814815])
72.8050 	EXP 	gram09: pos = array([-0.15648148, -0.29814815])
72.8392 	EXP 	gram09: pos = array([-0.15648148, -0.29814815])
72.8742 	EXP 	gram09: pos = array([-0.15648148, -0.29814815])
72.9204 	EXP 	gram09: pos = array([-0.16574074, -0.27962963])
72.9609 	EXP 	gram09: pos = array([-0.18055556, -0.2462963 ])
73.0048 	EXP 	gram09: pos = array([-0.18703704, -0.22314815])
73.0405 	EXP 	gram09: pos = array([-0.19166667, -0.20833333])
73.0883 	EXP 	gram09: pos = array([-0.20277778, -0.19351852])
73.1243 	EXP 	gram09: pos = array([-0.22685185, -0.17037037])
73.1720 	EXP 	gram09: pos = array([-0.25185185, -0.1537037 ])
73.2107 	EXP 	gram09: pos = array([-0.28703704, -0.13888889])
73.2539 	EXP 	gram09: pos = array([-0.31481481, -0.12592593])
73.2900 	EXP 	gram09: pos = array([-0.33888889, -0.11666667])
73.3384 	EXP 	gram09: pos = array([-0.39351852, -0.10462963])
73.3777 	EXP 	gram09: pos = array([-0.43148148, -0.09907407])
73.4210 	EXP 	gram09: pos = array([-0.47037037, -0.09444444])
73.4575 	EXP 	gram09: pos = array([-0.50740741, -0.09259259])
73.5041 	EXP 	gram09: pos = array([-0.53518519, -0.09166667])
73.5423 	EXP 	gram09: pos = array([-0.56574074, -0.08888889])
73.5880 	EXP 	gram09: pos = array([-0.58703704, -0.08888889])
73.6391 	EXP 	gram09: pos = array([-0.60925926, -0.08981481])
73.6741 	EXP 	gram09: pos = array([-0.61944444, -0.09166667])
73.7224 	EXP 	gram09: pos = array([-0.62777778, -0.09351852])
73.7581 	EXP 	gram09: pos = array([-0.63148148, -0.09351852])
73.8057 	EXP 	gram09: pos = array([-0.63518519, -0.09351852])
73.8548 	EXP 	gram09: pos = array([-0.63981481, -0.09351852])
73.8908 	EXP 	gram09: pos = array([-0.64444444, -0.09537037])
73.9271 	EXP 	gram09: pos = array([-0.64814815, -0.09537037])
73.9722 	EXP 	gram09: pos = array([-0.65092593, -0.09537037])
74.0081 	EXP 	gram09: pos = array([-0.6537037 , -0.09537037])
74.0558 	EXP 	gram09: pos = array([-0.65462963, -0.09537037])
74.0979 	EXP 	gram09: pos = array([-0.65462963, -0.09537037])
74.1386 	EXP 	gram09: pos = array([-0.65462963, -0.09537037])
74.1731 	EXP 	gram09: pos = array([-0.65462963, -0.09537037])
74.1807 	DATA 	Mouse:  Left button up, pos=(253,437)
79.2250 	DATA 	Mouse: Left button down, pos=(822,831)
79.2959 	EXP 	gram03: pos = array([-0.12777778,  0.26944444])
79.3366 	EXP 	gram03: pos = array([-0.12777778,  0.26944444])
79.3722 	EXP 	gram03: pos = array([-0.12777778,  0.26944444])
79.4057 	EXP 	gram03: pos = array([-0.12777778,  0.26944444])
79.4451 	EXP 	gram03: pos = array([-0.12777778,  0.26944444])
79.4816 	EXP 	gram03: pos = array([-0.12314815,  0.27314815])
79.5290 	EXP 	gram03: pos = array([-0.11203704,  0.28055556])
79.5688 	EXP 	gram03: pos = array([-0.10277778,  0.28240741])
79.6112 	EXP 	gram03: pos = array([-0.08425926,  0.28240741])
79.6493 	EXP 	gram03: pos = array([-0.06481481,  0.27592593])
79.6955 	EXP 	gram03: pos = array([-0.04537037,  0.26388889])
79.7331 	EXP 	gram03: pos = array([-0.03240741,  0.25092593])
79.7783 	EXP 	gram03: pos = array([-0.02407407,  0.23796296])
79.8157 	EXP 	gram03: pos = array([-0.01851852,  0.225     ])
79.8616 	EXP 	gram03: pos = array([-0.01574074,  0.20833333])
79.8994 	EXP 	gram03: pos = array([-0.01296296,  0.18055556])
79.9464 	EXP 	gram03: pos = array([-0.01481481,  0.13240741])
79.9959 	EXP 	gram03: pos = array([-0.02222222,  0.08055556])
80.0324 	EXP 	gram03: pos = array([-0.02407407,  0.05555556])
80.0778 	EXP 	gram03: pos = array([-0.02592593,  0.03425926])
80.1154 	EXP 	gram03: pos = array([-0.04351852, -0.01388889])
80.1609 	EXP 	gram03: pos = array([-0.06111111, -0.05185185])
80.1971 	EXP 	gram03: pos = array([-0.06296296, -0.05555556])
80.2318 	EXP 	gram03: pos = array([-0.06296296, -0.05555556])
80.2769 	EXP 	gram03: pos = array([-0.06296296, -0.05555556])
80.3123 	EXP 	gram03: pos = array([-0.06296296, -0.05555556])
80.3495 	EXP 	gram03: pos = array([-0.06296296, -0.05555556])
80.3968 	EXP 	gram03: pos = array([-0.09166667, -0.06296296])
80.4330 	EXP 	gram03: pos = array([-0.19907407, -0.07314815])
80.4738 	EXP 	gram03: pos = array([-0.275     , -0.08148148])
80.5076 	EXP 	gram03: pos = array([-0.31481481, -0.08796296])
80.5413 	EXP 	gram03: pos = array([-0.34537037, -0.08981481])
80.5739 	EXP 	gram03: pos = array([-0.36018519, -0.08981481])
80.6089 	EXP 	gram03: pos = array([-0.38055556, -0.09074074])
80.6474 	EXP 	gram03: pos = array([-0.40555556, -0.09074074])
80.6964 	EXP 	gram03: pos = array([-0.42037037, -0.08888889])
80.7351 	EXP 	gram03: pos = array([-0.4287037 , -0.08888889])
80.7783 	EXP 	gram03: pos = array([-0.43333333, -0.08888889])
80.8155 	EXP 	gram03: pos = array([-0.43518519, -0.08888889])
80.8623 	EXP 	gram03: pos = array([-0.43611111, -0.08888889])
80.8974 	EXP 	gram03: pos = array([-0.43796296, -0.08888889])
80.9338 	EXP 	gram03: pos = array([-0.43888889, -0.08981481])
80.9804 	EXP 	gram03: pos = array([-0.44074074, -0.09074074])
81.0155 	EXP 	gram03: pos = array([-0.44166667, -0.09259259])
81.0621 	EXP 	gram03: pos = array([-0.44259259, -0.09351852])
81.0986 	EXP 	gram03: pos = array([-0.44537037, -0.0962963 ])
81.1361 	EXP 	gram03: pos = array([-0.4462963 , -0.09722222])
81.1813 	EXP 	gram03: pos = array([-0.44722222, -0.1       ])
81.2156 	EXP 	gram03: pos = array([-0.44722222, -0.10185185])
81.2633 	EXP 	gram03: pos = array([-0.44722222, -0.10277778])
81.2991 	EXP 	gram03: pos = array([-0.44722222, -0.1037037 ])
81.3460 	EXP 	gram03: pos = array([-0.44722222, -0.1037037 ])
81.3537 	DATA 	Mouse:  Left button up, pos=(477,428)
99.2023 	DATA 	Mouse: Left button down, pos=(1740,210)
99.2799 	EXP 	gram12: pos = array([ 0.72222222, -0.30555556])
99.3108 	EXP 	gram12: pos = array([ 0.72222222, -0.30555556])
99.3443 	EXP 	gram12: pos = array([ 0.72222222, -0.30555556])
99.3781 	EXP 	gram12: pos = array([ 0.72222222, -0.30555556])
99.4174 	EXP 	gram12: pos = array([ 0.72222222, -0.30555556])
99.4522 	EXP 	gram12: pos = array([ 0.72222222, -0.30555556])
99.4859 	EXP 	gram12: pos = array([ 0.72222222, -0.30555556])
99.5202 	EXP 	gram12: pos = array([ 0.72222222, -0.30555556])
99.5675 	EXP 	gram12: pos = array([ 0.72037037, -0.29814815])
99.6032 	EXP 	gram12: pos = array([ 0.71944444, -0.28703704])
99.6513 	EXP 	gram12: pos = array([ 0.71759259, -0.2787037 ])
99.6868 	EXP 	gram12: pos = array([ 0.71759259, -0.27592593])
99.7325 	EXP 	gram12: pos = array([ 0.71666667, -0.2712963 ])
99.7733 	EXP 	gram12: pos = array([ 0.70833333, -0.23518519])
99.8170 	EXP 	gram12: pos = array([ 0.70462963, -0.2212963 ])
99.8539 	EXP 	gram12: pos = array([ 0.7037037 , -0.21574074])
99.9013 	EXP 	gram12: pos = array([ 0.69537037, -0.18240741])
99.9362 	EXP 	gram12: pos = array([ 0.69351852, -0.17777778])
99.9716 	EXP 	gram12: pos = array([ 0.69166667, -0.17685185])
100.0173 	EXP 	gram12: pos = array([ 0.68240741, -0.15185185])
100.0549 	EXP 	gram12: pos = array([ 0.67962963, -0.14814815])
100.0988 	EXP 	gram12: pos = array([ 0.66296296, -0.14074074])
100.1282 	EXP 	gram12: pos = array([ 0.64074074, -0.13425926])
100.1619 	EXP 	gram12: pos = array([ 0.6212963 , -0.12962963])
100.1953 	EXP 	gram12: pos = array([ 0.60277778, -0.12222222])
100.2346 	EXP 	gram12: pos = array([ 0.57962963, -0.11018519])
100.2706 	EXP 	gram12: pos = array([ 0.55833333, -0.09907407])
100.3170 	EXP 	gram12: pos = array([ 0.53981481, -0.09166667])
100.3534 	EXP 	gram12: pos = array([ 0.52407407, -0.08611111])
100.4018 	EXP 	gram12: pos = array([ 0.49444444, -0.08055556])
100.4397 	EXP 	gram12: pos = array([ 0.4712963 , -0.07407407])
100.4839 	EXP 	gram12: pos = array([ 0.44722222, -0.07222222])
100.5232 	EXP 	gram12: pos = array([ 0.40833333, -0.07037037])
100.5684 	EXP 	gram12: pos = array([ 0.36851852, -0.06851852])
100.6045 	EXP 	gram12: pos = array([ 0.34444444, -0.06574074])
100.6523 	EXP 	gram12: pos = array([ 0.31481481, -0.06296296])
100.6878 	EXP 	gram12: pos = array([ 0.30092593, -0.06296296])
100.7344 	EXP 	gram12: pos = array([ 0.27777778, -0.06388889])
100.7723 	EXP 	gram12: pos = array([ 0.26481481, -0.06388889])
100.8190 	EXP 	gram12: pos = array([ 0.25277778, -0.06574074])
100.8548 	EXP 	gram12: pos = array([ 0.24351852, -0.06666667])
100.9022 	EXP 	gram12: pos = array([ 0.23888889, -0.06851852])
100.9397 	EXP 	gram12: pos = array([ 0.23518519, -0.06944444])
100.9842 	EXP 	gram12: pos = array([ 0.23333333, -0.07222222])
101.0219 	EXP 	gram12: pos = array([ 0.23148148, -0.07314815])
101.0694 	EXP 	gram12: pos = array([ 0.22962963, -0.07314815])
101.1041 	EXP 	gram12: pos = array([ 0.22962963, -0.07407407])
101.1502 	EXP 	gram12: pos = array([ 0.22962963, -0.07407407])
101.1859 	EXP 	gram12: pos = array([ 0.22962963, -0.07407407])
101.2222 	EXP 	gram12: pos = array([ 0.22962963, -0.07407407])
101.2672 	EXP 	gram12: pos = array([ 0.22962963, -0.07407407])
101.3045 	EXP 	gram12: pos = array([ 0.22962963, -0.07407407])
101.3504 	EXP 	gram12: pos = array([ 0.22962963, -0.07407407])
101.3861 	EXP 	gram12: pos = array([ 0.22962963, -0.07407407])
101.4210 	EXP 	gram12: pos = array([ 0.22962963, -0.07407407])
101.4548 	EXP 	gram12: pos = array([ 0.22962963, -0.07407407])
101.5009 	EXP 	gram12: pos = array([ 0.22962963, -0.07407407])
101.5373 	EXP 	gram12: pos = array([ 0.22962963, -0.07407407])
101.5717 	EXP 	gram12: pos = array([ 0.22962963, -0.07407407])
101.6186 	EXP 	gram12: pos = array([ 0.22962963, -0.07407407])
101.6526 	EXP 	gram12: pos = array([ 0.22962963, -0.07407407])
101.6868 	EXP 	gram12: pos = array([ 0.22962963, -0.07407407])
101.7226 	EXP 	gram12: pos = array([ 0.22962963, -0.07407407])
101.7674 	EXP 	gram12: pos = array([ 0.22962963, -0.07407407])
101.8031 	EXP 	gram12: pos = array([ 0.22962963, -0.07407407])
101.8384 	EXP 	gram12: pos = array([ 0.22962963, -0.07407407])
101.8720 	EXP 	gram12: pos = array([ 0.22962963, -0.07407407])
101.9176 	EXP 	gram12: pos = array([ 0.22962963, -0.07407407])
101.9534 	EXP 	gram12: pos = array([ 0.22962963, -0.07407407])
101.9892 	EXP 	gram12: pos = array([ 0.22962963, -0.07407407])
102.0350 	EXP 	gram12: pos = array([ 0.22962963, -0.07407407])
102.0741 	EXP 	gram12: pos = array([ 0.22685185, -0.07407407])
102.1180 	EXP 	gram12: pos = array([ 0.22037037, -0.07407407])
102.1541 	EXP 	gram12: pos = array([ 0.21851852, -0.07407407])
102.1908 	EXP 	gram12: pos = array([ 0.21759259, -0.07407407])
102.2362 	EXP 	gram12: pos = array([ 0.21574074, -0.07407407])
102.2731 	EXP 	gram12: pos = array([ 0.21481481, -0.07407407])
102.3210 	EXP 	gram12: pos = array([ 0.21296296, -0.07407407])
102.3567 	EXP 	gram12: pos = array([ 0.21203704, -0.07407407])
102.4021 	EXP 	gram12: pos = array([ 0.21111111, -0.07407407])
102.4471 	EXP 	gram12: pos = array([ 0.21111111, -0.07407407])
102.4874 	EXP 	gram12: pos = array([ 0.21111111, -0.07407407])
102.5216 	EXP 	gram12: pos = array([ 0.21111111, -0.07407407])
102.5555 	EXP 	gram12: pos = array([ 0.21111111, -0.07407407])
102.5897 	EXP 	gram12: pos = array([ 0.21111111, -0.07407407])
102.6353 	EXP 	gram12: pos = array([ 0.21111111, -0.07407407])
102.6708 	EXP 	gram12: pos = array([ 0.21111111, -0.07407407])
102.7052 	EXP 	gram12: pos = array([ 0.21111111, -0.07407407])
102.7410 	EXP 	gram12: pos = array([ 0.21111111, -0.07407407])
102.7862 	EXP 	gram12: pos = array([ 0.21111111, -0.07407407])
102.7932 	DATA 	Mouse:  Left button up, pos=(1188,460)
109.7143 	DATA 	Mouse: Left button down, pos=(1780,893)
109.8119 	EXP 	gram06: pos = array([0.75925926, 0.32685185])
109.8399 	EXP 	gram06: pos = array([0.75925926, 0.32685185])
109.8726 	EXP 	gram06: pos = array([0.75925926, 0.32685185])
109.9056 	EXP 	gram06: pos = array([0.75925926, 0.32685185])
109.9393 	EXP 	gram06: pos = array([0.75925926, 0.32685185])
109.9729 	EXP 	gram06: pos = array([0.76851852, 0.33240741])
110.0071 	EXP 	gram06: pos = array([0.77037037, 0.33333333])
110.0408 	EXP 	gram06: pos = array([0.7712963 , 0.33425926])
110.0738 	EXP 	gram06: pos = array([0.77222222, 0.33425926])
110.1116 	EXP 	gram06: pos = array([0.77314815, 0.33425926])
110.1482 	EXP 	gram06: pos = array([0.775     , 0.33425926])
110.1959 	EXP 	gram06: pos = array([0.77592593, 0.33425926])
110.2308 	EXP 	gram06: pos = array([0.77592593, 0.33425926])
110.2792 	EXP 	gram06: pos = array([0.77685185, 0.33425926])
110.3147 	EXP 	gram06: pos = array([0.7787037 , 0.33333333])
110.3621 	EXP 	gram06: pos = array([0.78055556, 0.33055556])
110.3992 	EXP 	gram06: pos = array([0.78148148, 0.3287037 ])
110.4444 	EXP 	gram06: pos = array([0.78425926, 0.32685185])
110.4807 	EXP 	gram06: pos = array([0.78703704, 0.32314815])
110.5285 	EXP 	gram06: pos = array([0.80185185, 0.30740741])
110.5667 	EXP 	gram06: pos = array([0.83333333, 0.27222222])
110.6130 	EXP 	gram06: pos = array([0.86111111, 0.23796296])
110.6494 	EXP 	gram06: pos = array([0.88611111, 0.19351852])
110.6963 	EXP 	gram06: pos = array([0.88796296, 0.16203704])
110.7325 	EXP 	gram06: pos = array([0.88796296, 0.13148148])
110.7792 	EXP 	gram06: pos = array([0.86944444, 0.08425926])
110.8184 	EXP 	gram06: pos = array([0.81296296, 0.02685185])
110.8632 	EXP 	gram06: pos = array([ 0.75555556, -0.00740741])
110.9003 	EXP 	gram06: pos = array([ 0.69537037, -0.02962963])
110.9469 	EXP 	gram06: pos = array([ 0.63888889, -0.0462963 ])
110.9961 	EXP 	gram06: pos = array([ 0.60740741, -0.04814815])
111.0334 	EXP 	gram06: pos = array([ 0.59722222, -0.05092593])
111.0789 	EXP 	gram06: pos = array([ 0.57592593, -0.06203704])
111.1176 	EXP 	gram06: pos = array([ 0.55 , -0.075])
111.1638 	EXP 	gram06: pos = array([ 0.5212963 , -0.08055556])
111.1995 	EXP 	gram06: pos = array([ 0.51944444, -0.08055556])
111.2444 	EXP 	gram06: pos = array([ 0.51944444, -0.08055556])
111.2801 	EXP 	gram06: pos = array([ 0.51944444, -0.08055556])
111.3149 	EXP 	gram06: pos = array([ 0.51944444, -0.08055556])
111.3489 	EXP 	gram06: pos = array([ 0.51944444, -0.08055556])
111.3823 	EXP 	gram06: pos = array([ 0.51944444, -0.08055556])
111.4306 	EXP 	gram06: pos = array([ 0.47685185, -0.09722222])
111.4676 	EXP 	gram06: pos = array([ 0.45      , -0.11018519])
111.5140 	EXP 	gram06: pos = array([ 0.44074074, -0.11388889])
111.5627 	EXP 	gram06: pos = array([ 0.43888889, -0.11388889])
111.5997 	EXP 	gram06: pos = array([ 0.43796296, -0.11388889])
111.6452 	EXP 	gram06: pos = array([ 0.43796296, -0.11388889])
111.6812 	EXP 	gram06: pos = array([ 0.43796296, -0.11388889])
111.7157 	EXP 	gram06: pos = array([ 0.43796296, -0.11388889])
111.7230 	DATA 	Mouse:  Left button up, pos=(1433,417)
112.3006 	DATA 	Mouse: Left button down, pos=(1414,224)
112.4018 	EXP 	gram11: pos = array([ 0.42592593, -0.29351852])
112.4483 	EXP 	gram11: pos = array([ 0.4787037 , -0.29537037])
112.4844 	EXP 	gram11: pos = array([ 0.51018519, -0.29444444])
112.5320 	EXP 	gram11: pos = array([ 0.5537037 , -0.28611111])
112.5681 	EXP 	gram11: pos = array([ 0.57685185, -0.2787037 ])
112.6131 	EXP 	gram11: pos = array([ 0.59722222, -0.26851852])
112.6503 	EXP 	gram11: pos = array([ 0.61296296, -0.25925926])
112.6982 	EXP 	gram11: pos = array([ 0.63055556, -0.24351852])
112.7356 	EXP 	gram11: pos = array([ 0.64074074, -0.22962963])
112.7820 	EXP 	gram11: pos = array([ 0.65555556, -0.20555556])
112.8181 	EXP 	gram11: pos = array([ 0.66851852, -0.18518519])
112.8656 	EXP 	gram11: pos = array([ 0.68240741, -0.16111111])
112.9020 	EXP 	gram11: pos = array([ 0.68981481, -0.14722222])
112.9486 	EXP 	gram11: pos = array([ 0.6962963 , -0.13425926])
112.9843 	EXP 	gram11: pos = array([ 0.70092593, -0.12777778])
113.0319 	EXP 	gram11: pos = array([ 0.70462963, -0.12222222])
113.0688 	EXP 	gram11: pos = array([ 0.70648148, -0.12037037])
113.1161 	EXP 	gram11: pos = array([ 0.70833333, -0.11759259])
113.1546 	EXP 	gram11: pos = array([ 0.71203704, -0.11481481])
113.1944 	EXP 	gram11: pos = array([ 0.71759259, -0.11018519])
113.2328 	EXP 	gram11: pos = array([ 0.72314815, -0.10462963])
113.2683 	EXP 	gram11: pos = array([ 0.72685185, -0.10092593])
113.3147 	EXP 	gram11: pos = array([ 0.7287037 , -0.09907407])
113.3516 	EXP 	gram11: pos = array([ 0.72962963, -0.09814815])
113.3968 	EXP 	gram11: pos = array([ 0.72962963, -0.09722222])
113.4329 	EXP 	gram11: pos = array([ 0.72962963, -0.09722222])
113.4676 	EXP 	gram11: pos = array([ 0.72962963, -0.09722222])
113.5014 	EXP 	gram11: pos = array([ 0.72962963, -0.09722222])
113.5091 	DATA 	Mouse:  Left button up, pos=(1748,435)
144.1878 	DATA 	Mouse: Left button down, pos=(1471,835)
144.6287 	DATA 	Mouse:  Left button up, pos=(1638,870)
145.1348 	DATA 	Mouse: Left button down, pos=(1489,888)
145.2017 	EXP 	gram05: pos = array([0.48981481, 0.32222222])
145.2370 	EXP 	gram05: pos = array([0.48981481, 0.32222222])
145.2823 	EXP 	gram05: pos = array([0.48981481, 0.32222222])
145.3180 	EXP 	gram05: pos = array([0.48981481, 0.32222222])
145.3548 	EXP 	gram05: pos = array([0.49814815, 0.32592593])
145.4001 	EXP 	gram05: pos = array([0.51574074, 0.33518519])
145.4356 	EXP 	gram05: pos = array([0.52962963, 0.34074074])
145.4848 	EXP 	gram05: pos = array([0.55925926, 0.35092593])
145.5221 	EXP 	gram05: pos = array([0.58981481, 0.35462963])
145.5669 	EXP 	gram05: pos = array([0.6212963 , 0.35555556])
145.6047 	EXP 	gram05: pos = array([0.65462963, 0.35185185])
145.6504 	EXP 	gram05: pos = array([0.68703704, 0.34351852])
145.6878 	EXP 	gram05: pos = array([0.70555556, 0.33518519])
145.7351 	EXP 	gram05: pos = array([0.71666667, 0.32685185])
145.7709 	EXP 	gram05: pos = array([0.71851852, 0.32407407])
145.8185 	EXP 	gram05: pos = array([0.71944444, 0.32222222])
145.8554 	EXP 	gram05: pos = array([0.71944444, 0.3212963 ])
145.8996 	EXP 	gram05: pos = array([0.71944444, 0.3212963 ])
145.9374 	EXP 	gram05: pos = array([0.71944444, 0.3212963 ])
145.9832 	EXP 	gram05: pos = array([0.71851852, 0.3212963 ])
146.0026 	DATA 	Mouse:  Left button up, pos=(1736,887)
147.2229 	DATA 	Mouse: Left button down, pos=(237,665)
147.2934 	EXP 	gram08: pos = array([-0.66944444,  0.11574074])
147.3366 	EXP 	gram08: pos = array([-0.66944444,  0.11574074])
147.3737 	EXP 	gram08: pos = array([-0.66944444,  0.11574074])
147.4179 	EXP 	gram08: pos = array([-0.66944444,  0.11574074])
147.4632 	EXP 	gram08: pos = array([-0.66944444,  0.11574074])
147.5038 	EXP 	gram08: pos = array([-0.66944444,  0.11759259])
147.5408 	EXP 	gram08: pos = array([-0.66944444,  0.1287037 ])
147.5872 	EXP 	gram08: pos = array([-0.66944444,  0.14814815])
147.6235 	EXP 	gram08: pos = array([-0.67037037,  0.16666667])
147.6710 	EXP 	gram08: pos = array([-0.67314815,  0.2037037 ])
147.7092 	EXP 	gram08: pos = array([-0.67592593,  0.22407407])
147.7533 	EXP 	gram08: pos = array([-0.67777778,  0.23518519])
147.7906 	EXP 	gram08: pos = array([-0.68148148,  0.25740741])
147.8374 	EXP 	gram08: pos = array([-0.68518519,  0.2712963 ])
147.8731 	EXP 	gram08: pos = array([-0.68703704,  0.27314815])
147.9190 	EXP 	gram08: pos = array([-0.68888889,  0.27407407])
147.9638 	EXP 	gram08: pos = array([-0.68888889,  0.27407407])
148.0034 	EXP 	gram08: pos = array([-0.68888889,  0.27407407])
148.0105 	DATA 	Mouse:  Left button up, pos=(216,836)
148.5704 	DATA 	Mouse: Left button down, pos=(496,645)
148.6652 	EXP 	gram04: pos = array([-0.42962963,  0.09722222])
148.6987 	EXP 	gram04: pos = array([-0.42962963,  0.09722222])
148.7320 	EXP 	gram04: pos = array([-0.42962963,  0.09722222])
148.7694 	EXP 	gram04: pos = array([-0.43148148,  0.10462963])
148.8015 	EXP 	gram04: pos = array([-0.43611111,  0.12314815])
148.8334 	EXP 	gram04: pos = array([-0.43888889,  0.13240741])
148.8673 	EXP 	gram04: pos = array([-0.44074074,  0.14351852])
148.9007 	EXP 	gram04: pos = array([-0.44351852,  0.15462963])
148.9384 	EXP 	gram04: pos = array([-0.44722222,  0.17685185])
148.9766 	EXP 	gram04: pos = array([-0.45462963,  0.20648148])
149.0221 	EXP 	gram04: pos = array([-0.45833333,  0.225     ])
149.0577 	EXP 	gram04: pos = array([-0.46203704,  0.25648148])
149.1065 	EXP 	gram04: pos = array([-0.46759259,  0.28240741])
149.1510 	EXP 	gram04: pos = array([-0.46851852,  0.28611111])
149.1837 	EXP 	gram04: pos = array([-0.46851852,  0.28703704])
149.2198 	EXP 	gram04: pos = array([-0.46944444,  0.28703704])
149.2500 	EXP 	gram04: pos = array([-0.46944444,  0.28703704])
149.2867 	EXP 	gram04: pos = array([-0.46944444,  0.28703704])
149.2932 	DATA 	Mouse:  Left button up, pos=(453,850)
149.8090 	DATA 	Mouse: Left button down, pos=(757,642)
149.9057 	EXP 	gram07: pos = array([-0.18796296,  0.09444444])
149.9413 	EXP 	gram07: pos = array([-0.18796296,  0.09444444])
149.9777 	EXP 	gram07: pos = array([-0.19166667,  0.20092593])
150.0219 	EXP 	gram07: pos = array([-0.20462963,  0.26388889])
150.0589 	EXP 	gram07: pos = array([-0.21018519,  0.275     ])
150.1070 	EXP 	gram07: pos = array([-0.21388889,  0.28703704])
150.1425 	EXP 	gram07: pos = array([-0.21481481,  0.29166667])
150.1898 	EXP 	gram07: pos = array([-0.21759259,  0.30740741])
150.2277 	EXP 	gram07: pos = array([-0.21851852,  0.31296296])
150.2713 	EXP 	gram07: pos = array([-0.21944444,  0.31388889])
150.3007 	EXP 	gram07: pos = array([-0.21944444,  0.31388889])
150.3339 	EXP 	gram07: pos = array([-0.21944444,  0.31388889])
150.3592 	DATA 	Mouse:  Left button up, pos=(723,879)
150.3684 	EXP 	gram07: pos = array([-0.21944444,  0.31388889])
150.9973 	DATA 	Mouse: Left button down, pos=(1205,645)
151.0759 	EXP 	gram02: pos = array([0.22685185, 0.09722222])
151.1243 	EXP 	gram02: pos = array([0.22407407, 0.11851852])
151.1661 	EXP 	gram02: pos = array([0.21759259, 0.14351852])
151.2106 	EXP 	gram02: pos = array([0.21574074, 0.16759259])
151.2550 	EXP 	gram02: pos = array([0.21388889, 0.18518519])
151.3073 	EXP 	gram02: pos = array([0.20925926, 0.21666667])
151.3695 	EXP 	gram02: pos = array([0.19537037, 0.27222222])
151.4016 	EXP 	gram02: pos = array([0.19537037, 0.27314815])
151.4357 	EXP 	gram02: pos = array([0.19444444, 0.27314815])
151.4741 	EXP 	gram02: pos = array([0.19444444, 0.27314815])
151.5098 	EXP 	gram02: pos = array([0.19444444, 0.27314815])
151.5562 	EXP 	gram02: pos = array([0.19444444, 0.275     ])
151.5932 	EXP 	gram02: pos = array([0.19444444, 0.28240741])
151.6298 	EXP 	gram02: pos = array([0.19444444, 0.28518519])
151.6729 	EXP 	gram02: pos = array([0.19444444, 0.28611111])
151.7091 	EXP 	gram02: pos = array([0.19444444, 0.28703704])
151.7337 	DATA 	Mouse:  Left button up, pos=(1170,850)
155.6445 	DATA 	Mouse: Left button down, pos=(1395,668)
155.7139 	EXP 	gram01: pos = array([0.40277778, 0.11851852])
155.7549 	EXP 	gram01: pos = array([0.40277778, 0.11851852])
155.7953 	EXP 	gram01: pos = array([0.40277778, 0.11851852])
155.8298 	EXP 	gram01: pos = array([0.40277778, 0.11851852])
155.8695 	EXP 	gram01: pos = array([0.40277778, 0.11851852])
155.9126 	EXP 	gram01: pos = array([0.40277778, 0.12962963])
155.9483 	EXP 	gram01: pos = array([0.4037037 , 0.14444444])
155.9962 	EXP 	gram01: pos = array([0.40462963, 0.15185185])
156.0323 	EXP 	gram01: pos = array([0.40462963, 0.15833333])
156.0782 	EXP 	gram01: pos = array([0.40555556, 0.16944444])
156.1161 	EXP 	gram01: pos = array([0.40555556, 0.17314815])
156.1630 	EXP 	gram01: pos = array([0.40555556, 0.17777778])
156.2014 	EXP 	gram01: pos = array([0.40740741, 0.18796296])
156.2464 	EXP 	gram01: pos = array([0.41574074, 0.20925926])
156.2825 	EXP 	gram01: pos = array([0.43703704, 0.24166667])
156.3287 	EXP 	gram01: pos = array([0.44814815, 0.25925926])
156.3660 	EXP 	gram01: pos = array([0.45555556, 0.26851852])
156.4137 	EXP 	gram01: pos = array([0.46018519, 0.2787037 ])
156.4486 	EXP 	gram01: pos = array([0.46018519, 0.27962963])
156.4956 	EXP 	gram01: pos = array([0.46018519, 0.28148148])
156.5312 	EXP 	gram01: pos = array([0.46018519, 0.28240741])
156.5790 	EXP 	gram01: pos = array([0.46018519, 0.28333333])
156.6168 	EXP 	gram01: pos = array([0.46018519, 0.28425926])
156.6638 	EXP 	gram01: pos = array([0.46018519, 0.28611111])
156.6991 	EXP 	gram01: pos = array([0.46018519, 0.28703704])
156.7474 	EXP 	gram01: pos = array([0.45925926, 0.28888889])
156.7843 	EXP 	gram01: pos = array([0.45925926, 0.29074074])
156.8291 	EXP 	gram01: pos = array([0.45925926, 0.29351852])
156.8605 	EXP 	gram01: pos = array([0.45925926, 0.29444444])
156.8911 	EXP 	gram01: pos = array([0.45925926, 0.29537037])
156.9247 	EXP 	gram01: pos = array([0.45925926, 0.29722222])
156.9582 	EXP 	gram01: pos = array([0.45925926, 0.29722222])
156.9916 	EXP 	gram01: pos = array([0.45925926, 0.29814815])
157.0249 	EXP 	gram01: pos = array([0.45925926, 0.29907407])
157.0599 	EXP 	gram01: pos = array([0.45925926, 0.3       ])
157.0936 	EXP 	gram01: pos = array([0.45925926, 0.30092593])
157.1280 	EXP 	gram01: pos = array([0.46018519, 0.30185185])
157.1606 	EXP 	gram01: pos = array([0.46018519, 0.30277778])
157.1955 	EXP 	gram01: pos = array([0.46018519, 0.30462963])
157.2301 	EXP 	gram01: pos = array([0.46111111, 0.30462963])
157.2630 	EXP 	gram01: pos = array([0.46111111, 0.30555556])
157.2967 	EXP 	gram01: pos = array([0.46111111, 0.30555556])
157.3302 	EXP 	gram01: pos = array([0.46111111, 0.30648148])
157.3632 	EXP 	gram01: pos = array([0.46111111, 0.30648148])
157.3957 	EXP 	gram01: pos = array([0.46111111, 0.30648148])
157.4283 	EXP 	gram01: pos = array([0.46111111, 0.30648148])
157.4605 	EXP 	gram01: pos = array([0.46111111, 0.30648148])
157.4951 	EXP 	gram01: pos = array([0.46111111, 0.30648148])
157.5279 	EXP 	gram01: pos = array([0.46111111, 0.30648148])
157.5642 	EXP 	gram01: pos = array([0.46111111, 0.30648148])
157.5985 	EXP 	gram01: pos = array([0.46111111, 0.30648148])
157.6179 	DATA 	Mouse:  Left button up, pos=(1458,871)
159.3518 	DATA 	Mouse: Left button down, pos=(1227,335)
159.3651 	DATA 	Mouse:  Left button up, pos=(1227,335)
160.2147 	DATA 	Mouse: Left button down, pos=(1756,414)
160.2855 	EXP 	gram11: pos = array([ 0.73703704, -0.11666667])
160.3230 	EXP 	gram11: pos = array([ 0.73703704, -0.11666667])
160.3657 	EXP 	gram11: pos = array([ 0.73703704, -0.11666667])
160.4011 	EXP 	gram11: pos = array([ 0.73703704, -0.11666667])
160.4370 	EXP 	gram11: pos = array([ 0.73055556, -0.16759259])
160.4834 	EXP 	gram11: pos = array([ 0.72314815, -0.20092593])
160.5217 	EXP 	gram11: pos = array([ 0.71574074, -0.2212963 ])
160.5682 	EXP 	gram11: pos = array([ 0.71111111, -0.23333333])
160.6050 	EXP 	gram11: pos = array([ 0.71018519, -0.23888889])
160.6499 	EXP 	gram11: pos = array([ 0.70740741, -0.25185185])
160.6892 	EXP 	gram11: pos = array([ 0.70648148, -0.25833333])
160.7351 	EXP 	gram11: pos = array([ 0.70648148, -0.26111111])
160.7709 	EXP 	gram11: pos = array([ 0.70648148, -0.26388889])
160.8183 	EXP 	gram11: pos = array([ 0.70925926, -0.26851852])
160.8530 	EXP 	gram11: pos = array([ 0.71018519, -0.26944444])
160.8813 	DATA 	Mouse:  Left button up, pos=(1727,248)
161.3824 	DATA 	Mouse: Left button down, pos=(1491,374)
161.4470 	EXP 	gram06: pos = array([ 0.49166667, -0.1537037 ])
161.4794 	EXP 	gram06: pos = array([ 0.49166667, -0.1537037 ])
161.5131 	EXP 	gram06: pos = array([ 0.48796296, -0.16666667])
162.1064 	DATA 	Mouse:  Left button up, pos=(1435,210)
162.5344 	DATA 	Mouse: Left button down, pos=(1508,379)
162.6038 	EXP 	gram06: pos = array([ 0.50740741, -0.14907407])
162.6357 	EXP 	gram06: pos = array([ 0.50740741, -0.14907407])
162.6681 	EXP 	gram06: pos = array([ 0.50740741, -0.14907407])
162.7007 	EXP 	gram06: pos = array([ 0.48888889, -0.17777778])
162.7346 	EXP 	gram06: pos = array([ 0.47037037, -0.20925926])
162.7681 	EXP 	gram06: pos = array([ 0.46296296, -0.22592593])
162.7996 	EXP 	gram06: pos = array([ 0.46111111, -0.23518519])
162.8326 	EXP 	gram06: pos = array([ 0.45925926, -0.24074074])
162.8699 	EXP 	gram06: pos = array([ 0.45740741, -0.2462963 ])
162.9043 	EXP 	gram06: pos = array([ 0.45555556, -0.25092593])
162.9385 	EXP 	gram06: pos = array([ 0.45462963, -0.25555556])
162.9755 	EXP 	gram06: pos = array([ 0.45185185, -0.26111111])
163.0193 	EXP 	gram06: pos = array([ 0.45092593, -0.26759259])
163.0557 	EXP 	gram06: pos = array([ 0.45      , -0.27407407])
163.1044 	EXP 	gram06: pos = array([ 0.45      , -0.28148148])
163.1414 	EXP 	gram06: pos = array([ 0.45      , -0.28518519])
163.1878 	EXP 	gram06: pos = array([ 0.45092593, -0.29074074])
163.2275 	EXP 	gram06: pos = array([ 0.45185185, -0.29351852])
163.2685 	EXP 	gram06: pos = array([ 0.45185185, -0.29444444])
163.2914 	DATA 	Mouse:  Left button up, pos=(1448,222)
163.9794 	DATA 	Mouse: Left button down, pos=(1205,412)
164.0499 	EXP 	gram12: pos = array([ 0.22685185, -0.11851852])
164.0820 	EXP 	gram12: pos = array([ 0.22685185, -0.11851852])
164.1159 	EXP 	gram12: pos = array([ 0.22592593, -0.12407407])
164.1492 	EXP 	gram12: pos = array([ 0.22314815, -0.13703704])
164.1824 	EXP 	gram12: pos = array([ 0.21944444, -0.1537037 ])
164.2159 	EXP 	gram12: pos = array([ 0.21481481, -0.17407407])
164.2556 	EXP 	gram12: pos = array([ 0.20925926, -0.19537037])
164.2933 	EXP 	gram12: pos = array([ 0.2037037 , -0.21388889])
164.3379 	EXP 	gram12: pos = array([ 0.2       , -0.23055556])
164.3746 	EXP 	gram12: pos = array([ 0.19722222, -0.24259259])
164.4226 	EXP 	gram12: pos = array([ 0.19351852, -0.2537037 ])
164.4591 	EXP 	gram12: pos = array([ 0.19166667, -0.26111111])
164.5046 	EXP 	gram12: pos = array([ 0.19074074, -0.26203704])
164.5411 	EXP 	gram12: pos = array([ 0.19074074, -0.26388889])
164.5865 	EXP 	gram12: pos = array([ 0.19074074, -0.26388889])
164.6037 	DATA 	Mouse:  Left button up, pos=(1166,255)
165.2756 	DATA 	Mouse: Left button down, pos=(515,401)
165.3407 	EXP 	gram03: pos = array([-0.41203704, -0.1287037 ])
165.3726 	EXP 	gram03: pos = array([-0.41203704, -0.1287037 ])
165.4045 	EXP 	gram03: pos = array([-0.41759259, -0.15092593])
165.4361 	EXP 	gram03: pos = array([-0.42222222, -0.17777778])
165.4707 	EXP 	gram03: pos = array([-0.42314815, -0.19166667])
165.5036 	EXP 	gram03: pos = array([-0.42314815, -0.2       ])
165.5353 	EXP 	gram03: pos = array([-0.42314815, -0.20740741])
165.5687 	EXP 	gram03: pos = array([-0.42314815, -0.21574074])
165.6029 	EXP 	gram03: pos = array([-0.42314815, -0.23148148])
165.6353 	EXP 	gram03: pos = array([-0.42777778, -0.24814815])
165.6679 	EXP 	gram03: pos = array([-0.43240741, -0.26851852])
165.7019 	EXP 	gram03: pos = array([-0.43518519, -0.27407407])
165.7353 	EXP 	gram03: pos = array([-0.43611111, -0.27592593])
165.7712 	EXP 	gram03: pos = array([-0.43611111, -0.27685185])
165.8066 	EXP 	gram03: pos = array([-0.43611111, -0.27777778])
165.8403 	EXP 	gram03: pos = array([-0.43611111, -0.27777778])
165.8732 	EXP 	gram03: pos = array([-0.43611111, -0.2787037 ])
165.8797 	DATA 	Mouse:  Left button up, pos=(489,239)
166.4614 	DATA 	Mouse: Left button down, pos=(283,416)
166.5336 	EXP 	gram09: pos = array([-0.62685185, -0.11481481])
166.5685 	EXP 	gram09: pos = array([-0.62685185, -0.11481481])
166.6021 	EXP 	gram09: pos = array([-0.62685185, -0.11481481])
166.6351 	EXP 	gram09: pos = array([-0.63888889, -0.14074074])
166.6687 	EXP 	gram09: pos = array([-0.65      , -0.16203704])
166.7030 	EXP 	gram09: pos = array([-0.66111111, -0.18518519])
166.7393 	EXP 	gram09: pos = array([-0.66759259, -0.19722222])
166.7743 	EXP 	gram09: pos = array([-0.67407407, -0.21111111])
166.8074 	EXP 	gram09: pos = array([-0.68055556, -0.225     ])
166.8411 	EXP 	gram09: pos = array([-0.68611111, -0.24166667])
166.8740 	EXP 	gram09: pos = array([-0.69166667, -0.25833333])
166.9082 	EXP 	gram09: pos = array([-0.70092593, -0.2787037 ])
166.9419 	EXP 	gram09: pos = array([-0.7037037 , -0.28518519])
166.9844 	EXP 	gram09: pos = array([-0.70462963, -0.28611111])
167.0211 	EXP 	gram09: pos = array([-0.70462963, -0.28703704])
167.0545 	EXP 	gram09: pos = array([-0.70462963, -0.28703704])
167.0879 	EXP 	gram09: pos = array([-0.70462963, -0.28703704])
167.1042 	DATA 	Mouse:  Left button up, pos=(199,230)
167.9536 	DATA 	Mouse: Left button down, pos=(1723,619)
168.0036 	EXP 	gram10: pos = array([0.62314815, 0.06296296])
168.0363 	EXP 	gram10: pos = array([0.53425926, 0.05555556])
168.5609 	DATA 	Mouse:  Left button up, pos=(1009,376)
169.0046 	DATA 	Mouse: Left button down, pos=(1567,490)
169.4253 	DATA 	Mouse:  Left button up, pos=(1092,416)
169.9513 	DATA 	Mouse: Left button down, pos=(1592,596)
170.0291 	EXP 	gram10: pos = array([0.58518519, 0.05185185])
170.0649 	EXP 	gram10: pos = array([0.58518519, 0.05185185])
170.1110 	EXP 	gram10: pos = array([0.58518519, 0.05185185])
170.1509 	EXP 	gram10: pos = array([0.57592593, 0.05185185])
170.1957 	EXP 	gram10: pos = array([0.56203704, 0.05092593])
170.2308 	EXP 	gram10: pos = array([0.56111111, 0.05092593])
170.2772 	EXP 	gram10: pos = array([0.55833333, 0.05      ])
170.3147 	EXP 	gram10: pos = array([0.52685185, 0.04444444])
170.7994 	DATA 	Mouse:  Left button up, pos=(1269,461)
171.3028 	DATA 	Mouse: Left button down, pos=(1571,573)
171.3806 	EXP 	gram10: pos = array([0.56574074, 0.03055556])
171.4162 	EXP 	gram10: pos = array([0.56574074, 0.03055556])
171.4614 	EXP 	gram10: pos = array([0.56574074, 0.03055556])
171.4971 	EXP 	gram10: pos = array([0.56574074, 0.03055556])
171.5335 	EXP 	gram10: pos = array([0.56203704, 0.03055556])
171.5796 	EXP 	gram10: pos = array([0.53055556, 0.03055556])
171.6185 	EXP 	gram10: pos = array([0.45185185, 0.02037037])
172.1519 	DATA 	Mouse:  Left button up, pos=(1297,465)
172.5879 	DATA 	Mouse: Left button down, pos=(1476,548)
172.6588 	EXP 	gram10: pos = array([0.47777778, 0.00740741])
172.6918 	EXP 	gram10: pos = array([0.47777778, 0.00740741])
172.7252 	EXP 	gram10: pos = array([0.47777778, 0.00740741])
172.7615 	EXP 	gram10: pos = array([0.47777778, 0.00740741])
172.7966 	EXP 	gram10: pos = array([0.47777778, 0.00740741])
172.8311 	EXP 	gram10: pos = array([0.47777778, 0.00740741])
172.8648 	EXP 	gram10: pos = array([0.47777778, 0.00740741])
172.8991 	EXP 	gram10: pos = array([0.46203704, 0.0037037 ])
172.9465 	EXP 	gram10: pos = array([0.43703704, 0.        ])
172.9912 	EXP 	gram10: pos = array([ 0.40648148, -0.00740741])
173.0319 	EXP 	gram10: pos = array([ 0.35      , -0.01574074])
173.0686 	EXP 	gram10: pos = array([ 0.33796296, -0.01851852])
173.1139 	EXP 	gram10: pos = array([ 0.33611111, -0.01851852])
173.1502 	EXP 	gram10: pos = array([ 0.33611111, -0.01851852])
173.1978 	EXP 	gram10: pos = array([ 0.33611111, -0.01851852])
173.2339 	EXP 	gram10: pos = array([ 0.33611111, -0.01851852])
173.2800 	EXP 	gram10: pos = array([ 0.33611111, -0.01851852])
173.3164 	EXP 	gram10: pos = array([ 0.33611111, -0.01851852])
173.3534 	EXP 	gram10: pos = array([ 0.32777778, -0.02222222])
173.3992 	EXP 	gram10: pos = array([ 0.26111111, -0.03425926])
173.4478 	EXP 	gram10: pos = array([ 0.18981481, -0.03703704])
173.4866 	EXP 	gram10: pos = array([ 0.1462963 , -0.03981481])
173.5324 	EXP 	gram10: pos = array([ 0.1       , -0.04814815])
173.5735 	EXP 	gram10: pos = array([ 0.075     , -0.05277778])
173.6254 	EXP 	gram10: pos = array([ 0.04722222, -0.05462963])
173.6658 	EXP 	gram10: pos = array([ 0.00925926, -0.06481481])
173.7038 	EXP 	gram10: pos = array([-0.03333333, -0.08240741])
173.7496 	EXP 	gram10: pos = array([-0.06388889, -0.09537037])
173.7858 	EXP 	gram10: pos = array([-0.08703704, -0.11203704])
173.8336 	EXP 	gram10: pos = array([-0.10648148, -0.12777778])
173.8701 	EXP 	gram10: pos = array([-0.12592593, -0.14444444])
173.9172 	EXP 	gram10: pos = array([-0.14444444, -0.16481481])
173.9542 	EXP 	gram10: pos = array([-0.16018519, -0.18981481])
174.0000 	EXP 	gram10: pos = array([-0.18240741, -0.22222222])
174.0398 	EXP 	gram10: pos = array([-0.19351852, -0.23888889])
174.0819 	EXP 	gram10: pos = array([-0.2 , -0.25])
174.1199 	EXP 	gram10: pos = array([-0.2037037 , -0.25462963])
174.1641 	EXP 	gram10: pos = array([-0.20740741, -0.26203704])
174.2049 	EXP 	gram10: pos = array([-0.20833333, -0.26759259])
174.2493 	EXP 	gram10: pos = array([-0.20925926, -0.26851852])
174.2855 	EXP 	gram10: pos = array([-0.20925926, -0.26944444])
174.3309 	EXP 	gram10: pos = array([-0.20925926, -0.26944444])
174.3679 	EXP 	gram10: pos = array([-0.20925926, -0.26944444])
174.4026 	EXP 	gram10: pos = array([-0.20925926, -0.26944444])
174.4494 	EXP 	gram10: pos = array([-0.20925926, -0.26944444])
174.4854 	EXP 	gram10: pos = array([-0.20925926, -0.26944444])
174.5325 	EXP 	gram10: pos = array([-0.20925926, -0.26944444])
174.5525 	DATA 	Mouse:  Left button up, pos=(734,249)
182.8827 	DATA 	Keypress: escape
183.1181 	EXP 	window1: mouseVisible = True
