8.9299 	EXP 	Created window1 = Window(allowGUI=True, allowStencil=False, args=UNKNOWN, autoLog=True, bitsMode=UNKNOWN, blendMode='avg', color=array([0., 0., 0.]), colorSpace='rgb', fullscr=<method-wrapper '__getattribute__' of attributeSetter object at 0x0000021490134F28>, gamma=None, gammaErrorPolicy='raise', kwargs=UNKNOWN, lms=UNKNOWN, monitor=<psychopy.monitors.calibTools.Monitor object at 0x00000214900485F8>, multiSample=False, name='window1', numSamples=2, pos=[0.0, 0.0], screen=0, size=array([1920, 1080]), stereo=False, units='height', useFBO=True, useRetina=False, viewOri=0.0, viewPos=None, viewScale=None, waitBlanking=True, winType='pyglet')
8.9300 	EXP 	window1: recordFrameIntervals = False
9.0951 	EXP 	window1: recordFrameIntervals = True
9.2793 	EXP 	window1: recordFrameIntervals = False
9.6551 	EXP 	Created instruction_text = TextStim(__class__=<class 'psychopy.visual.text.TextStim'>, alignHoriz='center', alignVert='center', antialias=True, autoLog=True, bold=False, color='white', colorSpace='named', contrast=1.0, depth=0.0, flipHoriz=False, flipVert=False, font='Arial', fontFiles=[], height=0.05, italic=False, languageStyle='LTR', name='instruction_text', opacity=1.0, ori=0, pos=array([0., 0.]), rgb=array([255., 255., 255.]), text=str(...), units='height', win=Window(...), wrapWidth=1)
9.6643 	EXP 	Created text_2 = TextStim(__class__=<class 'psychopy.visual.text.TextStim'>, alignHoriz='center', alignVert='center', antialias=True, autoLog=True, bold=False, color='white', colorSpace='named', contrast=1.0, depth=-2.0, flipHoriz=False, flipVert=False, font='Arial', fontFiles=[], height=0.05, italic=False, languageStyle='LTR', name='text_2', opacity=1.0, ori=0, pos=array([ 0.  , -0.45]), rgb=array([255., 255., 255.]), text='Click here to continue.', units='height', win=Window(...), wrapWidth=1)
9.6754 	EXP 	Created text = TextStim(__class__=<class 'psychopy.visual.text.TextStim'>, alignHoriz='center', alignVert='center', antialias=True, autoLog=True, bold=False, color='white', colorSpace='named', contrast=1.0, depth=0.0, flipHoriz=False, flipVert=False, font='Arial', fontFiles=[], height=0.05, italic=False, languageStyle='LTR', name='text', opacity=1.0, ori=0, pos=array([0., 0.]), rgb=array([255., 255., 255.]), text='Here is a video example.', units='height', win=Window(...), wrapWidth=1)
9.7575 	EXP 	Created one = ImageStim(__class__=<class 'psychopy.visual.image.ImageStim'>, autoLog=True, color=array([1., 1., 1.]), colorSpace='rgb', contrast=1.0, depth=0.0, flipHoriz=False, flipVert=False, image=str(...), interpolate=True, mask=None, maskParams=None, name='one', opacity=1.0, ori=0.0, pos=array([-0.7,  0.3]), size=array([0.22, 0.22]), texRes=128, units='height', win=Window(...))
9.8323 	EXP 	Created two = ImageStim(__class__=<class 'psychopy.visual.image.ImageStim'>, autoLog=True, color=array([1., 1., 1.]), colorSpace='rgb', contrast=1.0, depth=-2.0, flipHoriz=False, flipVert=False, image=str(...), interpolate=True, mask=None, maskParams=None, name='two', opacity=1.0, ori=0.0, pos=array([-0.45,  0.3 ]), size=array([0.22, 0.22]), texRes=128, units='height', win=Window(...))
9.9085 	EXP 	Created three = ImageStim(__class__=<class 'psychopy.visual.image.ImageStim'>, autoLog=True, color=array([1., 1., 1.]), colorSpace='rgb', contrast=1.0, depth=-3.0, flipHoriz=False, flipVert=False, image=str(...), interpolate=True, mask=None, maskParams=None, name='three', opacity=1.0, ori=0.0, pos=array([-0.2,  0.3]), size=array([0.22, 0.22]), texRes=128, units='height', win=Window(...))
9.9845 	EXP 	Created seven = ImageStim(__class__=<class 'psychopy.visual.image.ImageStim'>, autoLog=True, color=array([1., 1., 1.]), colorSpace='rgb', contrast=1.0, depth=-4.0, flipHoriz=False, flipVert=False, image=str(...), interpolate=True, mask=None, maskParams=None, name='seven', opacity=1.0, ori=0.0, pos=array([-0.7, -0.3]), size=array([0.22, 0.22]), texRes=128, units='height', win=Window(...))
10.0480 	EXP 	Created eight = ImageStim(__class__=<class 'psychopy.visual.image.ImageStim'>, autoLog=True, color=array([1., 1., 1.]), colorSpace='rgb', contrast=1.0, depth=-5.0, flipHoriz=False, flipVert=False, image=str(...), interpolate=True, mask=None, maskParams=None, name='eight', opacity=1.0, ori=0.0, pos=array([-0.45, -0.3 ]), size=array([0.22, 0.22]), texRes=128, units='height', win=Window(...))
10.1276 	EXP 	Created nine = ImageStim(__class__=<class 'psychopy.visual.image.ImageStim'>, autoLog=True, color=array([1., 1., 1.]), colorSpace='rgb', contrast=1.0, depth=-6.0, flipHoriz=False, flipVert=False, image=str(...), interpolate=True, mask=None, maskParams=None, name='nine', opacity=1.0, ori=0.0, pos=array([-0.2, -0.3]), size=array([0.22, 0.22]), texRes=128, units='height', win=Window(...))
10.2046 	EXP 	Created four = ImageStim(__class__=<class 'psychopy.visual.image.ImageStim'>, autoLog=True, color=array([1., 1., 1.]), colorSpace='rgb', contrast=1.0, depth=-7.0, flipHoriz=False, flipVert=False, image=str(...), interpolate=True, mask=None, maskParams=None, name='four', opacity=1.0, ori=0.0, pos=array([0.2, 0.3]), size=array([0.22, 0.22]), texRes=128, units='height', win=Window(...))
10.2895 	EXP 	Created five = ImageStim(__class__=<class 'psychopy.visual.image.ImageStim'>, autoLog=True, color=array([1., 1., 1.]), colorSpace='rgb', contrast=1.0, depth=-8.0, flipHoriz=False, flipVert=False, image=str(...), interpolate=True, mask=None, maskParams=None, name='five', opacity=1.0, ori=0.0, pos=array([0.45, 0.3 ]), size=array([0.22, 0.22]), texRes=128, units='height', win=Window(...))
10.3664 	EXP 	Created six = ImageStim(__class__=<class 'psychopy.visual.image.ImageStim'>, autoLog=True, color=array([1., 1., 1.]), colorSpace='rgb', contrast=1.0, depth=-9.0, flipHoriz=False, flipVert=False, image=str(...), interpolate=True, mask=None, maskParams=None, name='six', opacity=1.0, ori=0.0, pos=array([0.7, 0.3]), size=array([0.22, 0.22]), texRes=128, units='height', win=Window(...))
10.4442 	EXP 	Created ten = ImageStim(__class__=<class 'psychopy.visual.image.ImageStim'>, autoLog=True, color=array([1., 1., 1.]), colorSpace='rgb', contrast=1.0, depth=-10.0, flipHoriz=False, flipVert=False, image=str(...), interpolate=True, mask=None, maskParams=None, name='ten', opacity=1.0, ori=0.0, pos=array([ 0.2, -0.3]), size=array([0.22, 0.22]), texRes=128, units='height', win=Window(...))
10.5256 	EXP 	Created eleven = ImageStim(__class__=<class 'psychopy.visual.image.ImageStim'>, autoLog=True, color=array([1., 1., 1.]), colorSpace='rgb', contrast=1.0, depth=-11.0, flipHoriz=False, flipVert=False, image=str(...), interpolate=True, mask=None, maskParams=None, name='eleven', opacity=1.0, ori=0.0, pos=array([ 0.45, -0.3 ]), size=array([0.22, 0.22]), texRes=128, units='height', win=Window(...))
10.6147 	EXP 	Created twelve = ImageStim(__class__=<class 'psychopy.visual.image.ImageStim'>, autoLog=True, color=array([1., 1., 1.]), colorSpace='rgb', contrast=1.0, depth=-12.0, flipHoriz=False, flipVert=False, image=str(...), interpolate=True, mask=None, maskParams=None, name='twelve', opacity=1.0, ori=0.0, pos=array([ 0.7, -0.3]), size=array([0.22, 0.22]), texRes=128, units='height', win=Window(...))
10.6187 	EXP 	Created continue_text = TextStim(__class__=<class 'psychopy.visual.text.TextStim'>, alignHoriz='center', alignVert='center', antialias=True, autoLog=True, bold=False, color='white', colorSpace='named', contrast=1.0, depth=0.0, flipHoriz=False, flipVert=False, font='Arial', fontFiles=[], height=0.05, italic=False, languageStyle='LTR', name='continue_text', opacity=1.0, ori=0, pos=array([0., 0.]), rgb=array([255., 255., 255.]), text='Continue', units='height', win=Window(...), wrapWidth=1)
10.6475 	EXP 	Created tangram1 = ImageStim(__class__=<class 'psychopy.visual.image.ImageStim'>, autoLog=True, color=array([1., 1., 1.]), colorSpace='rgb', contrast=1.0, depth=-14.0, flipHoriz=False, flipVert=False, image=str(...), interpolate=True, mask=None, maskParams=None, name='tangram1', opacity=1.0, ori=0.0, pos=array([0.5, 0.5]), size=array([0.5, 0.5]), texRes=128, units='height', win=Window(...))
10.7006 	EXP 	instruction_text: autoDraw = True
10.7006 	EXP 	text_2: autoDraw = True
12.0144 	DATA 	Mouse: Left button down, pos=(1083,49)
12.0302 	EXP 	instruction_text: autoDraw = False
12.0302 	EXP 	text_2: autoDraw = False
12.0302 	EXP 	text: autoDraw = True
12.1472 	DATA 	Mouse:  Left button up, pos=(1083,49)
12.5373 	DATA 	Mouse: Left button down, pos=(901,452)
13.1272 	DATA 	Mouse:  Left button up, pos=(901,452)
13.1395 	EXP 	text: autoDraw = False
13.1395 	EXP 	one: autoDraw = True
13.1395 	EXP 	two: autoDraw = True
13.1395 	EXP 	three: autoDraw = True
13.1395 	EXP 	seven: autoDraw = True
13.1395 	EXP 	eight: autoDraw = True
13.1395 	EXP 	nine: autoDraw = True
13.1395 	EXP 	four: autoDraw = True
13.1395 	EXP 	five: autoDraw = True
13.1395 	EXP 	six: autoDraw = True
13.1395 	EXP 	ten: autoDraw = True
13.1395 	EXP 	eleven: autoDraw = True
13.1395 	EXP 	twelve: autoDraw = True
13.1395 	EXP 	tangram1: autoDraw = True
13.6865 	DATA 	Mouse: Left button down, pos=(1150,248)
14.0957 	DATA 	Mouse:  Left button up, pos=(991,366)
14.3851 	DATA 	Mouse: Left button down, pos=(695,198)
14.6867 	DATA 	Mouse:  Left button up, pos=(677,368)
15.0506 	DATA 	Mouse: Left button down, pos=(466,232)
15.0861 	EXP 	eight: pos = array([-0.45740741, -0.28518519])
15.1045 	EXP 	eight: pos = array([-0.45740741, -0.28518519])
15.1325 	EXP 	eight: pos = array([-0.45740741, -0.28518519])
15.1527 	EXP 	eight: pos = array([-0.45740741, -0.28518519])
15.1728 	EXP 	eight: pos = array([-0.45740741, -0.28518519])
15.1909 	EXP 	eight: pos = array([-0.45740741, -0.28518519])
15.2113 	EXP 	eight: pos = array([-0.45740741, -0.24166667])
15.2317 	EXP 	eight: pos = array([-0.45462963, -0.2037037 ])
15.2533 	EXP 	eight: pos = array([-0.45185185, -0.18888889])
15.2732 	EXP 	eight: pos = array([-0.45      , -0.16944444])
15.2956 	EXP 	eight: pos = array([-0.44814815, -0.15185185])
15.3179 	EXP 	eight: pos = array([-0.44537037, -0.13518519])
15.3391 	EXP 	eight: pos = array([-0.44444444, -0.12592593])
15.3570 	EXP 	eight: pos = array([-0.44444444, -0.12407407])
15.3754 	EXP 	eight: pos = array([-0.44444444, -0.12407407])
15.3964 	EXP 	eight: pos = array([-0.44537037, -0.12407407])
15.4139 	EXP 	eight: pos = array([-0.44537037, -0.12407407])
15.4311 	EXP 	eight: pos = array([-0.44537037, -0.12407407])
15.4521 	EXP 	eight: pos = array([-0.44537037, -0.12407407])
15.4723 	EXP 	eight: pos = array([-0.44537037, -0.12407407])
15.4898 	EXP 	eight: pos = array([-0.44537037, -0.12407407])
15.5084 	EXP 	eight: pos = array([-0.44537037, -0.125     ])
15.5256 	EXP 	eight: pos = array([-0.44537037, -0.12592593])
15.5449 	DATA 	Mouse:  Left button up, pos=(479,401)
15.5513 	EXP 	eight: pos = array([-0.44537037, -0.1287037 ])
15.8052 	DATA 	Mouse: Left button down, pos=(230,243)
15.8419 	EXP 	seven: pos = array([-0.67592593, -0.275     ])
15.8620 	EXP 	seven: pos = array([-0.67592593, -0.275     ])
15.8824 	EXP 	seven: pos = array([-0.67592593, -0.275     ])
15.9028 	EXP 	seven: pos = array([-0.67592593, -0.275     ])
15.9241 	EXP 	seven: pos = array([-0.67592593, -0.275     ])
15.9469 	EXP 	seven: pos = array([-0.67592593, -0.275     ])
15.9669 	EXP 	seven: pos = array([-0.67592593, -0.275     ])
15.9875 	EXP 	seven: pos = array([-0.67592593, -0.275     ])
16.0071 	EXP 	seven: pos = array([-0.67592593, -0.275     ])
16.0250 	EXP 	seven: pos = array([-0.67592593, -0.275     ])
16.0385 	EXP 	seven: pos = array([-0.67592593, -0.275     ])
16.0514 	EXP 	seven: pos = array([-0.67592593, -0.275     ])
16.0680 	EXP 	seven: pos = array([-0.67592593, -0.26851852])
16.0849 	EXP 	seven: pos = array([-0.67592593, -0.26203704])
16.1016 	EXP 	seven: pos = array([-0.67592593, -0.25740741])
16.1188 	EXP 	seven: pos = array([-0.67592593, -0.2537037 ])
16.1384 	EXP 	seven: pos = array([-0.67592593, -0.25185185])
16.1639 	EXP 	seven: pos = array([-0.67592593, -0.24907407])
16.1884 	EXP 	seven: pos = array([-0.67592593, -0.24722222])
16.2067 	EXP 	seven: pos = array([-0.67592593, -0.2462963 ])
16.2242 	EXP 	seven: pos = array([-0.67592593, -0.24537037])
16.2514 	EXP 	seven: pos = array([-0.67592593, -0.24537037])
16.2733 	EXP 	seven: pos = array([-0.67592593, -0.24537037])
16.2753 	DATA 	Mouse:  Left button up, pos=(230,275)
16.7890 	DATA 	Mouse: Left button down, pos=(1100,364)
16.8864 	DATA 	Mouse:  Left button up, pos=(1100,364)
17.6225 	DATA 	Mouse: Left button down, pos=(465,858)
17.6598 	EXP 	two: pos = array([-0.45833333,  0.29444444])
17.6782 	EXP 	two: pos = array([-0.45833333,  0.29444444])
17.6965 	EXP 	two: pos = array([-0.45833333,  0.29444444])
17.7189 	EXP 	two: pos = array([-0.38240741,  0.27407407])
18.7857 	EXP 	two: pos = array([-0.37592593,  0.19074074])
18.8062 	EXP 	two: pos = array([-0.38055556,  0.20462963])
18.8214 	EXP 	two: pos = array([-0.38333333,  0.21111111])
18.8378 	EXP 	two: pos = array([-0.38518519,  0.21666667])
18.8545 	EXP 	two: pos = array([-0.38796296,  0.22037037])
18.8713 	EXP 	two: pos = array([-0.38888889,  0.22222222])
18.8890 	EXP 	two: pos = array([-0.38981481,  0.22314815])
18.9103 	EXP 	two: pos = array([-0.39074074,  0.22407407])
18.9296 	EXP 	two: pos = array([-0.39074074,  0.225     ])
18.9530 	EXP 	two: pos = array([-0.39074074,  0.22592593])
18.9736 	EXP 	two: pos = array([-0.39074074,  0.22592593])
18.9845 	DATA 	Mouse:  Left button up, pos=(539,784)
18.9929 	EXP 	two: pos = array([-0.38981481,  0.22592593])
19.1965 	DATA 	Mouse: Left button down, pos=(539,784)
19.2562 	EXP 	two: pos = array([-0.38981481,  0.22592593])
19.2806 	EXP 	two: pos = array([-0.38981481,  0.22592593])
19.2988 	EXP 	two: pos = array([-0.38981481,  0.22592593])
19.3206 	EXP 	two: pos = array([-0.38981481,  0.22592593])
19.3420 	EXP 	two: pos = array([-0.38981481,  0.22592593])
19.3626 	EXP 	two: pos = array([-0.38981481,  0.22592593])
19.3847 	EXP 	two: pos = array([-0.38240741,  0.21388889])
19.4052 	EXP 	two: pos = array([-0.36851852,  0.19814815])
19.4216 	EXP 	two: pos = array([-0.34351852,  0.17314815])
19.4383 	EXP 	two: pos = array([-0.28888889,  0.1212963 ])
19.4550 	EXP 	two: pos = array([-0.20740741,  0.07314815])
19.4721 	EXP 	two: pos = array([-0.1537037 ,  0.04814815])
19.4885 	EXP 	two: pos = array([-0.05277778,  0.00925926])
19.5055 	EXP 	two: pos = array([ 0.03055556, -0.01666667])
19.5240 	EXP 	two: pos = array([ 0.11759259, -0.04259259])
19.5448 	EXP 	two: pos = array([ 0.2212963 , -0.06481481])
20.3074 	EXP 	two: pos = array([ 0.27685185, -0.13796296])
20.3279 	EXP 	two: pos = array([ 0.23796296, -0.1037037 ])
20.3502 	EXP 	two: pos = array([ 0.20925926, -0.08888889])
20.3560 	DATA 	Mouse:  Left button up, pos=(1175,449)
21.1785 	DATA 	Mouse: Left button down, pos=(1231,473)
21.2154 	EXP 	two: pos = array([ 0.25092593, -0.06203704])
21.2348 	EXP 	two: pos = array([ 0.25092593, -0.06203704])
21.2529 	EXP 	two: pos = array([ 0.25092593, -0.06203704])
21.2747 	EXP 	two: pos = array([ 0.25092593, -0.06203704])
21.2954 	EXP 	two: pos = array([ 0.25092593, -0.06203704])
21.3131 	EXP 	two: pos = array([ 0.25092593, -0.06203704])
21.3339 	EXP 	two: pos = array([ 0.25092593, -0.06203704])
21.3539 	EXP 	two: pos = array([ 0.25092593, -0.06203704])
21.3752 	EXP 	two: pos = array([ 0.25092593, -0.06203704])
21.3952 	EXP 	two: pos = array([ 0.25092593, -0.06203704])
21.4233 	EXP 	two: pos = array([ 0.25092593, -0.06203704])
21.4464 	EXP 	two: pos = array([ 0.26388889, -0.05833333])
21.4668 	EXP 	two: pos = array([ 0.29814815, -0.04907407])
21.4860 	EXP 	two: pos = array([ 0.33888889, -0.04537037])
21.5056 	EXP 	two: pos = array([ 0.36203704, -0.04074074])
21.5257 	EXP 	two: pos = array([ 0.38425926, -0.03796296])
21.5514 	EXP 	two: pos = array([ 0.41481481, -0.03611111])
21.5711 	EXP 	two: pos = array([ 0.43333333, -0.03611111])
21.5925 	EXP 	two: pos = array([ 0.45092593, -0.03796296])
21.6132 	EXP 	two: pos = array([ 0.48148148, -0.04537037])
21.6322 	EXP 	two: pos = array([ 0.50740741, -0.05462963])
21.6551 	EXP 	two: pos = array([ 0.52777778, -0.06296296])
21.6805 	EXP 	two: pos = array([ 0.54907407, -0.07685185])
21.7003 	EXP 	two: pos = array([ 0.56203704, -0.08611111])
21.7182 	EXP 	two: pos = array([ 0.56944444, -0.09259259])
21.7379 	EXP 	two: pos = array([ 0.58333333, -0.10925926])
21.7640 	EXP 	two: pos = array([ 0.59907407, -0.12592593])
21.7862 	EXP 	two: pos = array([ 0.625     , -0.16018519])
21.8089 	EXP 	two: pos = array([ 0.64537037, -0.19444444])
21.8347 	EXP 	two: pos = array([ 0.66296296, -0.225     ])
21.8347 	EXP 	continue_text: autoDraw = True
21.8588 	EXP 	two: pos = array([ 0.68333333, -0.26203704])
21.8588 	EXP 	continue_text: autoDraw = True
21.8866 	EXP 	two: pos = array([ 0.70648148, -0.30277778])
21.8866 	EXP 	continue_text: autoDraw = True
21.9107 	EXP 	two: pos = array([ 0.72314815, -0.33148148])
21.9107 	EXP 	continue_text: autoDraw = True
21.9316 	EXP 	two: pos = array([ 0.7287037 , -0.34074074])
21.9316 	EXP 	continue_text: autoDraw = True
21.9517 	EXP 	two: pos = array([ 0.72962963, -0.34351852])
21.9517 	EXP 	continue_text: autoDraw = True
21.9725 	EXP 	two: pos = array([ 0.72962963, -0.34444444])
21.9725 	EXP 	continue_text: autoDraw = True
21.9937 	EXP 	two: pos = array([ 0.72962963, -0.34444444])
21.9937 	EXP 	continue_text: autoDraw = True
22.0134 	EXP 	two: pos = array([ 0.72962963, -0.34444444])
22.0134 	EXP 	continue_text: autoDraw = True
22.0309 	EXP 	two: pos = array([ 0.72962963, -0.34444444])
22.0309 	EXP 	continue_text: autoDraw = True
22.0498 	EXP 	two: pos = array([ 0.72962963, -0.34444444])
22.0498 	EXP 	continue_text: autoDraw = True
22.0687 	EXP 	two: pos = array([ 0.72962963, -0.34444444])
22.0687 	EXP 	continue_text: autoDraw = True
22.0888 	EXP 	two: pos = array([ 0.72962963, -0.34444444])
22.0888 	EXP 	continue_text: autoDraw = True
22.1111 	EXP 	two: pos = array([ 0.72962963, -0.34444444])
22.1111 	EXP 	continue_text: autoDraw = True
22.1262 	DATA 	Mouse:  Left button up, pos=(1748,168)
22.1322 	EXP 	two: pos = array([ 0.72962963, -0.34444444])
22.1322 	EXP 	continue_text: autoDraw = True
22.1568 	EXP 	continue_text: autoDraw = True
22.1766 	EXP 	continue_text: autoDraw = True
22.1927 	EXP 	continue_text: autoDraw = True
22.2096 	EXP 	continue_text: autoDraw = True
22.2263 	EXP 	continue_text: autoDraw = True
22.2431 	EXP 	continue_text: autoDraw = True
22.2597 	EXP 	continue_text: autoDraw = True
22.2805 	EXP 	continue_text: autoDraw = True
22.2965 	EXP 	continue_text: autoDraw = True
22.3175 	EXP 	continue_text: autoDraw = True
22.3402 	EXP 	continue_text: autoDraw = True
22.3597 	EXP 	continue_text: autoDraw = True
22.3793 	EXP 	continue_text: autoDraw = True
22.3956 	EXP 	continue_text: autoDraw = True
22.4118 	EXP 	continue_text: autoDraw = True
22.4289 	EXP 	continue_text: autoDraw = True
22.4448 	EXP 	continue_text: autoDraw = True
22.4613 	EXP 	continue_text: autoDraw = True
22.4766 	EXP 	continue_text: autoDraw = True
22.4934 	EXP 	continue_text: autoDraw = True
22.5102 	EXP 	continue_text: autoDraw = True
22.5281 	EXP 	continue_text: autoDraw = True
22.5440 	EXP 	continue_text: autoDraw = True
22.5600 	EXP 	continue_text: autoDraw = True
22.5766 	EXP 	continue_text: autoDraw = True
22.5935 	EXP 	continue_text: autoDraw = True
22.6112 	EXP 	continue_text: autoDraw = True
22.6311 	EXP 	continue_text: autoDraw = True
22.6480 	EXP 	continue_text: autoDraw = True
22.6517 	DATA 	Mouse: Left button down, pos=(950,513)
22.6667 	EXP 	continue_text: autoDraw = True
22.6848 	EXP 	continue_text: autoDraw = True
22.6848 	EXP 	one: autoDraw = False
22.6848 	EXP 	two: autoDraw = False
22.6848 	EXP 	three: autoDraw = False
22.6848 	EXP 	seven: autoDraw = False
22.6848 	EXP 	eight: autoDraw = False
22.6848 	EXP 	nine: autoDraw = False
22.6848 	EXP 	four: autoDraw = False
22.6848 	EXP 	five: autoDraw = False
22.6848 	EXP 	six: autoDraw = False
22.6848 	EXP 	ten: autoDraw = False
22.6848 	EXP 	eleven: autoDraw = False
22.6848 	EXP 	twelve: autoDraw = False
22.6848 	EXP 	tangram1: autoDraw = False
22.8021 	EXP 	window1: mouseVisible = True
