7.9692 	EXP 	Created window1 = Window(allowGUI=True, allowStencil=False, args=UNKNOWN, autoLog=True, bitsMode=UNKNOWN, blendMode='avg', color=array([0., 0., 0.]), colorSpace='rgb', fullscr=<method-wrapper '__getattribute__' of attributeSetter object at 0x000002660A26DFD0>, gamma=None, gammaErrorPolicy='raise', kwargs=UNKNOWN, lms=UNKNOWN, monitor=<psychopy.monitors.calibTools.Monitor object at 0x00000266008326A0>, multiSample=False, name='window1', numSamples=2, pos=[0.0, 0.0], screen=0, size=array([1920, 1080]), stereo=False, units='height', useFBO=True, useRetina=False, viewOri=0.0, viewPos=None, viewScale=None, waitBlanking=True, winType='pyglet')
7.9694 	EXP 	window1: recordFrameIntervals = False
8.1331 	EXP 	window1: recordFrameIntervals = True
8.3168 	EXP 	window1: recordFrameIntervals = False
8.7192 	EXP 	Created instruction_text = TextStim(__class__=<class 'psychopy.visual.text.TextStim'>, alignHoriz='center', alignVert='center', antialias=True, autoLog=True, bold=False, color='white', colorSpace='named', contrast=1.0, depth=0.0, flipHoriz=False, flipVert=False, font='Arial', fontFiles=[], height=0.05, italic=False, languageStyle='LTR', name='instruction_text', opacity=1.0, ori=0, pos=array([0., 0.]), rgb=array([255., 255., 255.]), text=str(...), units='height', win=Window(...), wrapWidth=1)
8.7279 	EXP 	Created text_2 = TextStim(__class__=<class 'psychopy.visual.text.TextStim'>, alignHoriz='center', alignVert='center', antialias=True, autoLog=True, bold=False, color='white', colorSpace='named', contrast=1.0, depth=-2.0, flipHoriz=False, flipVert=False, font='Arial', fontFiles=[], height=0.05, italic=False, languageStyle='LTR', name='text_2', opacity=1.0, ori=0, pos=array([ 0.  , -0.45]), rgb=array([255., 255., 255.]), text='Click here to continue.', units='height', win=Window(...), wrapWidth=1)
8.7390 	EXP 	Created text = TextStim(__class__=<class 'psychopy.visual.text.TextStim'>, alignHoriz='center', alignVert='center', antialias=True, autoLog=True, bold=False, color='white', colorSpace='named', contrast=1.0, depth=0.0, flipHoriz=False, flipVert=False, font='Arial', fontFiles=[], height=0.05, italic=False, languageStyle='LTR', name='text', opacity=1.0, ori=0, pos=array([0., 0.]), rgb=array([255., 255., 255.]), text='Here is a video example.', units='height', win=Window(...), wrapWidth=1)
8.8025 	EXP 	Created one = ImageStim(__class__=<class 'psychopy.visual.image.ImageStim'>, autoLog=True, color=array([1., 1., 1.]), colorSpace='rgb', contrast=1.0, depth=0.0, flipHoriz=False, flipVert=False, image=str(...), interpolate=True, mask=None, maskParams=None, name='one', opacity=1.0, ori=0.0, pos=array([-0.7,  0.3]), size=array([0.22, 0.22]), texRes=128, units='height', win=Window(...))
8.8653 	EXP 	Created two = ImageStim(__class__=<class 'psychopy.visual.image.ImageStim'>, autoLog=True, color=array([1., 1., 1.]), colorSpace='rgb', contrast=1.0, depth=-2.0, flipHoriz=False, flipVert=False, image=str(...), interpolate=True, mask=None, maskParams=None, name='two', opacity=1.0, ori=0.0, pos=array([-0.45,  0.3 ]), size=array([0.22, 0.22]), texRes=128, units='height', win=Window(...))
8.9249 	EXP 	Created three = ImageStim(__class__=<class 'psychopy.visual.image.ImageStim'>, autoLog=True, color=array([1., 1., 1.]), colorSpace='rgb', contrast=1.0, depth=-3.0, flipHoriz=False, flipVert=False, image=str(...), interpolate=True, mask=None, maskParams=None, name='three', opacity=1.0, ori=0.0, pos=array([-0.2,  0.3]), size=array([0.22, 0.22]), texRes=128, units='height', win=Window(...))
8.9946 	EXP 	Created seven = ImageStim(__class__=<class 'psychopy.visual.image.ImageStim'>, autoLog=True, color=array([1., 1., 1.]), colorSpace='rgb', contrast=1.0, depth=-4.0, flipHoriz=False, flipVert=False, image=str(...), interpolate=True, mask=None, maskParams=None, name='seven', opacity=1.0, ori=0.0, pos=array([-0.7, -0.3]), size=array([0.22, 0.22]), texRes=128, units='height', win=Window(...))
9.0506 	EXP 	Created eight = ImageStim(__class__=<class 'psychopy.visual.image.ImageStim'>, autoLog=True, color=array([1., 1., 1.]), colorSpace='rgb', contrast=1.0, depth=-5.0, flipHoriz=False, flipVert=False, image=str(...), interpolate=True, mask=None, maskParams=None, name='eight', opacity=1.0, ori=0.0, pos=array([-0.45, -0.3 ]), size=array([0.22, 0.22]), texRes=128, units='height', win=Window(...))
9.0827 	EXP 	Created nine = ImageStim(__class__=<class 'psychopy.visual.image.ImageStim'>, autoLog=True, color=array([1., 1., 1.]), colorSpace='rgb', contrast=1.0, depth=-6.0, flipHoriz=False, flipVert=False, image=str(...), interpolate=True, mask=None, maskParams=None, name='nine', opacity=1.0, ori=0.0, pos=array([-0.2, -0.3]), size=array([0.22, 0.22]), texRes=128, units='height', win=Window(...))
9.1197 	EXP 	Created four = ImageStim(__class__=<class 'psychopy.visual.image.ImageStim'>, autoLog=True, color=array([1., 1., 1.]), colorSpace='rgb', contrast=1.0, depth=-7.0, flipHoriz=False, flipVert=False, image=str(...), interpolate=True, mask=None, maskParams=None, name='four', opacity=1.0, ori=0.0, pos=array([0.2, 0.3]), size=array([0.22, 0.22]), texRes=128, units='height', win=Window(...))
9.1696 	EXP 	Created five = ImageStim(__class__=<class 'psychopy.visual.image.ImageStim'>, autoLog=True, color=array([1., 1., 1.]), colorSpace='rgb', contrast=1.0, depth=-8.0, flipHoriz=False, flipVert=False, image=str(...), interpolate=True, mask=None, maskParams=None, name='five', opacity=1.0, ori=0.0, pos=array([0.45, 0.3 ]), size=array([0.22, 0.22]), texRes=128, units='height', win=Window(...))
9.2204 	EXP 	Created six = ImageStim(__class__=<class 'psychopy.visual.image.ImageStim'>, autoLog=True, color=array([1., 1., 1.]), colorSpace='rgb', contrast=1.0, depth=-9.0, flipHoriz=False, flipVert=False, image=str(...), interpolate=True, mask=None, maskParams=None, name='six', opacity=1.0, ori=0.0, pos=array([0.7, 0.3]), size=array([0.22, 0.22]), texRes=128, units='height', win=Window(...))
9.2630 	EXP 	Created ten = ImageStim(__class__=<class 'psychopy.visual.image.ImageStim'>, autoLog=True, color=array([1., 1., 1.]), colorSpace='rgb', contrast=1.0, depth=-10.0, flipHoriz=False, flipVert=False, image=str(...), interpolate=True, mask=None, maskParams=None, name='ten', opacity=1.0, ori=0.0, pos=array([ 0.2, -0.3]), size=array([0.22, 0.22]), texRes=128, units='height', win=Window(...))
9.3052 	EXP 	Created eleven = ImageStim(__class__=<class 'psychopy.visual.image.ImageStim'>, autoLog=True, color=array([1., 1., 1.]), colorSpace='rgb', contrast=1.0, depth=-11.0, flipHoriz=False, flipVert=False, image=str(...), interpolate=True, mask=None, maskParams=None, name='eleven', opacity=1.0, ori=0.0, pos=array([ 0.45, -0.3 ]), size=array([0.22, 0.22]), texRes=128, units='height', win=Window(...))
9.3580 	EXP 	Created twelve = ImageStim(__class__=<class 'psychopy.visual.image.ImageStim'>, autoLog=True, color=array([1., 1., 1.]), colorSpace='rgb', contrast=1.0, depth=-12.0, flipHoriz=False, flipVert=False, image=str(...), interpolate=True, mask=None, maskParams=None, name='twelve', opacity=1.0, ori=0.0, pos=array([ 0.7, -0.3]), size=array([0.22, 0.22]), texRes=128, units='height', win=Window(...))
9.3803 	EXP 	Created finish_trial1 = TextStim(__class__=<class 'psychopy.visual.text.TextStim'>, alignHoriz='center', alignVert='center', antialias=True, autoLog=True, bold=False, color='white', colorSpace='named', contrast=1.0, depth=-14.0, flipHoriz=False, flipVert=False, font='Arial', fontFiles=[], height=0.1, italic=False, languageStyle='LTR', name='finish_trial1', opacity=1.0, ori=0, pos=array([0., 0.]), rgb=array([255., 255., 255.]), text='Continue', units='height', win=Window(...), wrapWidth=1)
9.4170 	EXP 	instruction_text: autoDraw = True
9.4170 	EXP 	text_2: autoDraw = True
9.9448 	DATA 	Mouse: Left button down, pos=(776,46)
9.9603 	EXP 	instruction_text: autoDraw = False
9.9603 	EXP 	text_2: autoDraw = False
9.9603 	EXP 	text: autoDraw = True
10.0231 	DATA 	Mouse:  Left button up, pos=(776,46)
12.9057 	DATA 	Mouse: Left button down, pos=(1016,547)
13.3363 	DATA 	Mouse:  Left button up, pos=(1016,547)
13.3480 	EXP 	text: autoDraw = False
13.3480 	EXP 	one: autoDraw = True
13.3480 	EXP 	two: autoDraw = True
13.3480 	EXP 	three: autoDraw = True
13.3480 	EXP 	seven: autoDraw = True
13.3480 	EXP 	eight: autoDraw = True
13.3480 	EXP 	nine: autoDraw = True
13.3480 	EXP 	four: autoDraw = True
13.3480 	EXP 	five: autoDraw = True
13.3480 	EXP 	six: autoDraw = True
13.3480 	EXP 	ten: autoDraw = True
13.3480 	EXP 	eleven: autoDraw = True
13.3480 	EXP 	twelve: autoDraw = True
13.3480 	EXP 	finish_trial1: autoDraw = True
15.5322 	DATA 	Mouse: Left button down, pos=(507,862)
15.5687 	EXP 	two: pos = array([-0.41944444,  0.29814815])
15.5868 	EXP 	two: pos = array([-0.41944444,  0.29814815])
15.6063 	EXP 	two: pos = array([-0.41944444,  0.29814815])
15.6271 	EXP 	two: pos = array([-0.41944444,  0.29814815])
15.6491 	EXP 	two: pos = array([-0.41944444,  0.29814815])
15.6670 	EXP 	two: pos = array([-0.41944444,  0.29814815])
15.6838 	EXP 	two: pos = array([-0.41944444,  0.29814815])
15.7062 	EXP 	two: pos = array([-0.41944444,  0.29814815])
15.7252 	EXP 	two: pos = array([-0.40185185,  0.28611111])
16.4311 	EXP 	two: pos = array([-0.50185185,  0.25740741])
16.4498 	EXP 	two: pos = array([-0.53611111,  0.27962963])
16.4735 	EXP 	two: pos = array([-0.56018519,  0.29074074])
16.4953 	EXP 	two: pos = array([-0.5712963 ,  0.29444444])
16.5100 	EXP 	two: pos = array([-0.57777778,  0.2962963 ])
16.5261 	EXP 	two: pos = array([-0.58055556,  0.2962963 ])
16.5424 	EXP 	two: pos = array([-0.58148148,  0.2962963 ])
16.5593 	EXP 	two: pos = array([-0.58240741,  0.2962963 ])
16.5763 	EXP 	two: pos = array([-0.58333333,  0.2962963 ])
16.5933 	EXP 	two: pos = array([-0.58333333,  0.2962963 ])
16.6103 	EXP 	two: pos = array([-0.58333333,  0.2962963 ])
16.6259 	EXP 	two: pos = array([-0.58333333,  0.2962963 ])
16.6428 	EXP 	two: pos = array([-0.58240741,  0.29537037])
16.6595 	EXP 	two: pos = array([-0.58148148,  0.29351852])
16.6769 	EXP 	two: pos = array([-0.58055556,  0.29166667])
16.6974 	EXP 	two: pos = array([-0.57037037,  0.28333333])
16.7159 	EXP 	two: pos = array([-0.54166667,  0.2462963 ])
16.7397 	EXP 	two: pos = array([-0.51203704,  0.21018519])
16.7636 	EXP 	two: pos = array([-0.46111111,  0.15185185])
16.7819 	EXP 	two: pos = array([-0.4287037 ,  0.12592593])
16.8007 	EXP 	two: pos = array([-0.41203704,  0.11481481])
16.8206 	EXP 	two: pos = array([-0.38888889,  0.10185185])
16.8430 	EXP 	two: pos = array([-0.36111111,  0.08888889])
16.8594 	EXP 	two: pos = array([-0.34444444,  0.08055556])
16.8759 	EXP 	two: pos = array([-0.32407407,  0.07037037])
16.8927 	EXP 	two: pos = array([-0.3037037 ,  0.06203704])
16.9097 	EXP 	two: pos = array([-0.28611111,  0.0537037 ])
16.9263 	EXP 	two: pos = array([-0.26944444,  0.04814815])
16.9429 	EXP 	two: pos = array([-0.24444444,  0.04259259])
16.9599 	EXP 	two: pos = array([-0.22685185,  0.03888889])
16.9766 	EXP 	two: pos = array([-0.20833333,  0.03703704])
16.9938 	EXP 	two: pos = array([-0.17777778,  0.03425926])
17.0151 	EXP 	two: pos = array([-0.15648148,  0.03333333])
17.0327 	EXP 	two: pos = array([-0.11759259,  0.03518519])
17.0545 	EXP 	two: pos = array([-0.0712963 ,  0.03703704])
17.0738 	EXP 	two: pos = array([-0.04351852,  0.03796296])
17.0932 	EXP 	two: pos = array([-0.01203704,  0.03611111])
17.1101 	EXP 	two: pos = array([0.01296296, 0.03703704])
17.1265 	EXP 	two: pos = array([0.03703704, 0.03981481])
17.1432 	EXP 	two: pos = array([0.06111111, 0.03981481])
17.1596 	EXP 	two: pos = array([0.09351852, 0.03981481])
17.1778 	EXP 	two: pos = array([0.11574074, 0.03981481])
17.1987 	EXP 	two: pos = array([0.14351852, 0.03796296])
17.2176 	EXP 	two: pos = array([0.17222222, 0.03611111])
17.2356 	EXP 	two: pos = array([0.19259259, 0.03518519])
17.2542 	EXP 	two: pos = array([0.22314815, 0.03333333])
17.2769 	EXP 	two: pos = array([0.24166667, 0.03240741])
17.2988 	EXP 	two: pos = array([0.29814815, 0.025     ])
17.3179 	EXP 	two: pos = array([0.33888889, 0.02037037])
17.3350 	EXP 	two: pos = array([0.35833333, 0.01851852])
17.3576 	EXP 	two: pos = array([0.37037037, 0.01759259])
17.3769 	EXP 	two: pos = array([0.38333333, 0.01666667])
17.3932 	EXP 	two: pos = array([0.38888889, 0.01666667])
17.4108 	EXP 	two: pos = array([0.39537037, 0.01666667])
17.4267 	EXP 	two: pos = array([0.40277778, 0.01574074])
17.4434 	EXP 	two: pos = array([0.40648148, 0.01574074])
17.4601 	EXP 	two: pos = array([0.40740741, 0.01574074])
17.4768 	EXP 	two: pos = array([0.40833333, 0.01574074])
17.4934 	EXP 	two: pos = array([0.40833333, 0.01574074])
17.5102 	EXP 	two: pos = array([0.40648148, 0.01759259])
17.5109 	DATA 	Mouse:  Left button up, pos=(1399,559)
17.8282 	DATA 	Mouse: Left button down, pos=(1399,559)
17.8605 	EXP 	two: pos = array([0.40648148, 0.01759259])
17.8788 	EXP 	two: pos = array([0.40648148, 0.01759259])
17.8944 	EXP 	two: pos = array([0.40648148, 0.01759259])
17.9109 	EXP 	two: pos = array([0.40648148, 0.01759259])
17.9273 	EXP 	two: pos = array([0.40648148, 0.01759259])
17.9438 	EXP 	two: pos = array([0.40648148, 0.01759259])
17.9606 	EXP 	two: pos = array([0.40648148, 0.01759259])
17.9774 	EXP 	two: pos = array([0.40648148, 0.01759259])
17.9942 	EXP 	two: pos = array([0.40648148, 0.01759259])
18.0109 	EXP 	two: pos = array([0.40648148, 0.01759259])
18.0284 	EXP 	two: pos = array([0.40648148, 0.01759259])
18.0602 	EXP 	two: pos = array([0.41481481, 0.01481481])
18.0825 	EXP 	two: pos = array([ 0.47685185, -0.01666667])
18.1018 	EXP 	two: pos = array([ 0.51388889, -0.03240741])
18.1202 	EXP 	two: pos = array([ 0.53518519, -0.04074074])
18.1430 	EXP 	two: pos = array([ 0.56018519, -0.05092593])
18.1708 	EXP 	two: pos = array([ 0.58518519, -0.06203704])
18.1902 	EXP 	two: pos = array([ 0.59907407, -0.06759259])
18.2081 	EXP 	two: pos = array([ 0.61296296, -0.07407407])
18.2283 	EXP 	two: pos = array([ 0.61851852, -0.0787037 ])
18.2455 	EXP 	two: pos = array([ 0.62685185, -0.08333333])
18.2628 	EXP 	two: pos = array([ 0.63148148, -0.08703704])
18.2830 	EXP 	two: pos = array([ 0.63518519, -0.08981481])
18.3026 	EXP 	two: pos = array([ 0.63796296, -0.09259259])
18.3229 	EXP 	two: pos = array([ 0.64444444, -0.09907407])
18.3415 	EXP 	two: pos = array([ 0.65277778, -0.10833333])
18.3658 	EXP 	two: pos = array([ 0.66018519, -0.11759259])
18.3815 	EXP 	two: pos = array([ 0.66481481, -0.125     ])
18.3953 	EXP 	two: pos = array([ 0.66759259, -0.12962963])
18.4113 	EXP 	two: pos = array([ 0.6712963 , -0.13611111])
18.4282 	EXP 	two: pos = array([ 0.67685185, -0.14351852])
18.4448 	EXP 	two: pos = array([ 0.67962963, -0.15092593])
18.4632 	EXP 	two: pos = array([ 0.68425926, -0.16018519])
18.4883 	EXP 	two: pos = array([ 0.68611111, -0.16759259])
18.5087 	EXP 	two: pos = array([ 0.68888889, -0.175     ])
18.5306 	EXP 	two: pos = array([ 0.69074074, -0.18333333])
18.5501 	EXP 	two: pos = array([ 0.69166667, -0.18981481])
18.5711 	EXP 	two: pos = array([ 0.69259259, -0.19351852])
18.5994 	EXP 	two: pos = array([ 0.69444444, -0.20648148])
18.6211 	EXP 	two: pos = array([ 0.69722222, -0.21851852])
18.6469 	EXP 	Created continue_text = TextStim(__class__=<class 'psychopy.visual.text.TextStim'>, alignHoriz='center', alignVert='center', antialias=True, autoLog=True, bold=False, color='white', colorSpace='named', contrast=1.0, depth=0.0, flipHoriz=False, flipVert=False, font='Arial', fontFiles=[], height=0.05, italic=False, languageStyle='LTR', name='continue_text', opacity=1.0, ori=0, pos=array([0., 0.]), rgb=array([255., 255., 255.]), text='Continue', units='height', win=Window(...), wrapWidth=1)
18.6606 	EXP 	two: pos = array([ 0.69814815, -0.22592593])
18.6606 	EXP 	continue_text: autoDraw = True
18.6877 	EXP 	Created continue_text = TextStim(__class__=<class 'psychopy.visual.text.TextStim'>, alignHoriz='center', alignVert='center', antialias=True, autoLog=True, bold=False, color='white', colorSpace='named', contrast=1.0, depth=0.0, flipHoriz=False, flipVert=False, font='Arial', fontFiles=[], height=0.05, italic=False, languageStyle='LTR', name='continue_text', opacity=1.0, ori=0, pos=array([0., 0.]), rgb=array([255., 255., 255.]), text='Continue', units='height', win=Window(...), wrapWidth=1)
18.7064 	EXP 	two: pos = array([ 0.69814815, -0.23981481])
18.7064 	EXP 	continue_text: autoDraw = True
18.7351 	EXP 	Created continue_text = TextStim(__class__=<class 'psychopy.visual.text.TextStim'>, alignHoriz='center', alignVert='center', antialias=True, autoLog=True, bold=False, color='white', colorSpace='named', contrast=1.0, depth=0.0, flipHoriz=False, flipVert=False, font='Arial', fontFiles=[], height=0.05, italic=False, languageStyle='LTR', name='continue_text', opacity=1.0, ori=0, pos=array([0., 0.]), rgb=array([255., 255., 255.]), text='Continue', units='height', win=Window(...), wrapWidth=1)
18.7519 	EXP 	two: pos = array([ 0.69814815, -0.25555556])
18.7519 	EXP 	continue_text: autoDraw = True
18.7770 	EXP 	Created continue_text = TextStim(__class__=<class 'psychopy.visual.text.TextStim'>, alignHoriz='center', alignVert='center', antialias=True, autoLog=True, bold=False, color='white', colorSpace='named', contrast=1.0, depth=0.0, flipHoriz=False, flipVert=False, font='Arial', fontFiles=[], height=0.05, italic=False, languageStyle='LTR', name='continue_text', opacity=1.0, ori=0, pos=array([0., 0.]), rgb=array([255., 255., 255.]), text='Continue', units='height', win=Window(...), wrapWidth=1)
18.7934 	EXP 	two: pos = array([ 0.69814815, -0.26203704])
18.7934 	EXP 	continue_text: autoDraw = True
18.8107 	EXP 	Created continue_text = TextStim(__class__=<class 'psychopy.visual.text.TextStim'>, alignHoriz='center', alignVert='center', antialias=True, autoLog=True, bold=False, color='white', colorSpace='named', contrast=1.0, depth=0.0, flipHoriz=False, flipVert=False, font='Arial', fontFiles=[], height=0.05, italic=False, languageStyle='LTR', name='continue_text', opacity=1.0, ori=0, pos=array([0., 0.]), rgb=array([255., 255., 255.]), text='Continue', units='height', win=Window(...), wrapWidth=1)
18.8209 	EXP 	two: pos = array([ 0.69814815, -0.26574074])
18.8209 	EXP 	continue_text: autoDraw = True
18.8297 	EXP 	Created continue_text = TextStim(__class__=<class 'psychopy.visual.text.TextStim'>, alignHoriz='center', alignVert='center', antialias=True, autoLog=True, bold=False, color='white', colorSpace='named', contrast=1.0, depth=0.0, flipHoriz=False, flipVert=False, font='Arial', fontFiles=[], height=0.05, italic=False, languageStyle='LTR', name='continue_text', opacity=1.0, ori=0, pos=array([0., 0.]), rgb=array([255., 255., 255.]), text='Continue', units='height', win=Window(...), wrapWidth=1)
18.8403 	EXP 	two: pos = array([ 0.69814815, -0.26944444])
18.8403 	EXP 	continue_text: autoDraw = True
18.8487 	EXP 	Created continue_text = TextStim(__class__=<class 'psychopy.visual.text.TextStim'>, alignHoriz='center', alignVert='center', antialias=True, autoLog=True, bold=False, color='white', colorSpace='named', contrast=1.0, depth=0.0, flipHoriz=False, flipVert=False, font='Arial', fontFiles=[], height=0.05, italic=False, languageStyle='LTR', name='continue_text', opacity=1.0, ori=0, pos=array([0., 0.]), rgb=array([255., 255., 255.]), text='Continue', units='height', win=Window(...), wrapWidth=1)
18.8600 	EXP 	two: pos = array([ 0.69814815, -0.27037037])
18.8600 	EXP 	continue_text: autoDraw = True
18.8672 	EXP 	Created continue_text = TextStim(__class__=<class 'psychopy.visual.text.TextStim'>, alignHoriz='center', alignVert='center', antialias=True, autoLog=True, bold=False, color='white', colorSpace='named', contrast=1.0, depth=0.0, flipHoriz=False, flipVert=False, font='Arial', fontFiles=[], height=0.05, italic=False, languageStyle='LTR', name='continue_text', opacity=1.0, ori=0, pos=array([0., 0.]), rgb=array([255., 255., 255.]), text='Continue', units='height', win=Window(...), wrapWidth=1)
18.8821 	EXP 	two: pos = array([ 0.69722222, -0.27314815])
18.8821 	EXP 	continue_text: autoDraw = True
18.8892 	EXP 	Created continue_text = TextStim(__class__=<class 'psychopy.visual.text.TextStim'>, alignHoriz='center', alignVert='center', antialias=True, autoLog=True, bold=False, color='white', colorSpace='named', contrast=1.0, depth=0.0, flipHoriz=False, flipVert=False, font='Arial', fontFiles=[], height=0.05, italic=False, languageStyle='LTR', name='continue_text', opacity=1.0, ori=0, pos=array([0., 0.]), rgb=array([255., 255., 255.]), text='Continue', units='height', win=Window(...), wrapWidth=1)
18.9012 	EXP 	two: pos = array([ 0.69722222, -0.275     ])
18.9012 	EXP 	continue_text: autoDraw = True
18.9087 	EXP 	Created continue_text = TextStim(__class__=<class 'psychopy.visual.text.TextStim'>, alignHoriz='center', alignVert='center', antialias=True, autoLog=True, bold=False, color='white', colorSpace='named', contrast=1.0, depth=0.0, flipHoriz=False, flipVert=False, font='Arial', fontFiles=[], height=0.05, italic=False, languageStyle='LTR', name='continue_text', opacity=1.0, ori=0, pos=array([0., 0.]), rgb=array([255., 255., 255.]), text='Continue', units='height', win=Window(...), wrapWidth=1)
18.9199 	EXP 	two: pos = array([ 0.69722222, -0.27592593])
18.9199 	EXP 	continue_text: autoDraw = True
18.9283 	EXP 	Created continue_text = TextStim(__class__=<class 'psychopy.visual.text.TextStim'>, alignHoriz='center', alignVert='center', antialias=True, autoLog=True, bold=False, color='white', colorSpace='named', contrast=1.0, depth=0.0, flipHoriz=False, flipVert=False, font='Arial', fontFiles=[], height=0.05, italic=False, languageStyle='LTR', name='continue_text', opacity=1.0, ori=0, pos=array([0., 0.]), rgb=array([255., 255., 255.]), text='Continue', units='height', win=Window(...), wrapWidth=1)
18.9404 	EXP 	two: pos = array([ 0.69722222, -0.27685185])
18.9404 	EXP 	continue_text: autoDraw = True
18.9489 	EXP 	Created continue_text = TextStim(__class__=<class 'psychopy.visual.text.TextStim'>, alignHoriz='center', alignVert='center', antialias=True, autoLog=True, bold=False, color='white', colorSpace='named', contrast=1.0, depth=0.0, flipHoriz=False, flipVert=False, font='Arial', fontFiles=[], height=0.05, italic=False, languageStyle='LTR', name='continue_text', opacity=1.0, ori=0, pos=array([0., 0.]), rgb=array([255., 255., 255.]), text='Continue', units='height', win=Window(...), wrapWidth=1)
18.9614 	EXP 	two: pos = array([ 0.6962963 , -0.27777778])
18.9614 	EXP 	continue_text: autoDraw = True
18.9686 	EXP 	Created continue_text = TextStim(__class__=<class 'psychopy.visual.text.TextStim'>, alignHoriz='center', alignVert='center', antialias=True, autoLog=True, bold=False, color='white', colorSpace='named', contrast=1.0, depth=0.0, flipHoriz=False, flipVert=False, font='Arial', fontFiles=[], height=0.05, italic=False, languageStyle='LTR', name='continue_text', opacity=1.0, ori=0, pos=array([0., 0.]), rgb=array([255., 255., 255.]), text='Continue', units='height', win=Window(...), wrapWidth=1)
18.9828 	EXP 	two: pos = array([ 0.6962963, -0.2787037])
18.9828 	EXP 	continue_text: autoDraw = True
18.9901 	EXP 	Created continue_text = TextStim(__class__=<class 'psychopy.visual.text.TextStim'>, alignHoriz='center', alignVert='center', antialias=True, autoLog=True, bold=False, color='white', colorSpace='named', contrast=1.0, depth=0.0, flipHoriz=False, flipVert=False, font='Arial', fontFiles=[], height=0.05, italic=False, languageStyle='LTR', name='continue_text', opacity=1.0, ori=0, pos=array([0., 0.]), rgb=array([255., 255., 255.]), text='Continue', units='height', win=Window(...), wrapWidth=1)
19.0034 	EXP 	two: pos = array([ 0.6962963, -0.2787037])
19.0034 	EXP 	continue_text: autoDraw = True
19.0124 	EXP 	Created continue_text = TextStim(__class__=<class 'psychopy.visual.text.TextStim'>, alignHoriz='center', alignVert='center', antialias=True, autoLog=True, bold=False, color='white', colorSpace='named', contrast=1.0, depth=0.0, flipHoriz=False, flipVert=False, font='Arial', fontFiles=[], height=0.05, italic=False, languageStyle='LTR', name='continue_text', opacity=1.0, ori=0, pos=array([0., 0.]), rgb=array([255., 255., 255.]), text='Continue', units='height', win=Window(...), wrapWidth=1)
19.0247 	EXP 	two: pos = array([ 0.6962963, -0.2787037])
19.0247 	EXP 	continue_text: autoDraw = True
19.0317 	EXP 	Created continue_text = TextStim(__class__=<class 'psychopy.visual.text.TextStim'>, alignHoriz='center', alignVert='center', antialias=True, autoLog=True, bold=False, color='white', colorSpace='named', contrast=1.0, depth=0.0, flipHoriz=False, flipVert=False, font='Arial', fontFiles=[], height=0.05, italic=False, languageStyle='LTR', name='continue_text', opacity=1.0, ori=0, pos=array([0., 0.]), rgb=array([255., 255., 255.]), text='Continue', units='height', win=Window(...), wrapWidth=1)
19.0475 	EXP 	two: pos = array([ 0.6962963, -0.2787037])
19.0475 	EXP 	continue_text: autoDraw = True
19.0546 	EXP 	Created continue_text = TextStim(__class__=<class 'psychopy.visual.text.TextStim'>, alignHoriz='center', alignVert='center', antialias=True, autoLog=True, bold=False, color='white', colorSpace='named', contrast=1.0, depth=0.0, flipHoriz=False, flipVert=False, font='Arial', fontFiles=[], height=0.05, italic=False, languageStyle='LTR', name='continue_text', opacity=1.0, ori=0, pos=array([0., 0.]), rgb=array([255., 255., 255.]), text='Continue', units='height', win=Window(...), wrapWidth=1)
19.0689 	EXP 	two: pos = array([ 0.6962963, -0.2787037])
19.0689 	EXP 	continue_text: autoDraw = True
19.0771 	EXP 	Created continue_text = TextStim(__class__=<class 'psychopy.visual.text.TextStim'>, alignHoriz='center', alignVert='center', antialias=True, autoLog=True, bold=False, color='white', colorSpace='named', contrast=1.0, depth=0.0, flipHoriz=False, flipVert=False, font='Arial', fontFiles=[], height=0.05, italic=False, languageStyle='LTR', name='continue_text', opacity=1.0, ori=0, pos=array([0., 0.]), rgb=array([255., 255., 255.]), text='Continue', units='height', win=Window(...), wrapWidth=1)
19.0902 	EXP 	two: pos = array([ 0.6962963, -0.2787037])
19.0902 	EXP 	continue_text: autoDraw = True
19.0991 	EXP 	Created continue_text = TextStim(__class__=<class 'psychopy.visual.text.TextStim'>, alignHoriz='center', alignVert='center', antialias=True, autoLog=True, bold=False, color='white', colorSpace='named', contrast=1.0, depth=0.0, flipHoriz=False, flipVert=False, font='Arial', fontFiles=[], height=0.05, italic=False, languageStyle='LTR', name='continue_text', opacity=1.0, ori=0, pos=array([0., 0.]), rgb=array([255., 255., 255.]), text='Continue', units='height', win=Window(...), wrapWidth=1)
19.1130 	EXP 	two: pos = array([ 0.6962963, -0.2787037])
19.1130 	EXP 	continue_text: autoDraw = True
19.1200 	EXP 	Created continue_text = TextStim(__class__=<class 'psychopy.visual.text.TextStim'>, alignHoriz='center', alignVert='center', antialias=True, autoLog=True, bold=False, color='white', colorSpace='named', contrast=1.0, depth=0.0, flipHoriz=False, flipVert=False, font='Arial', fontFiles=[], height=0.05, italic=False, languageStyle='LTR', name='continue_text', opacity=1.0, ori=0, pos=array([0., 0.]), rgb=array([255., 255., 255.]), text='Continue', units='height', win=Window(...), wrapWidth=1)
19.1348 	EXP 	two: pos = array([ 0.6962963, -0.2787037])
19.1348 	EXP 	continue_text: autoDraw = True
19.1424 	EXP 	Created continue_text = TextStim(__class__=<class 'psychopy.visual.text.TextStim'>, alignHoriz='center', alignVert='center', antialias=True, autoLog=True, bold=False, color='white', colorSpace='named', contrast=1.0, depth=0.0, flipHoriz=False, flipVert=False, font='Arial', fontFiles=[], height=0.05, italic=False, languageStyle='LTR', name='continue_text', opacity=1.0, ori=0, pos=array([0., 0.]), rgb=array([255., 255., 255.]), text='Continue', units='height', win=Window(...), wrapWidth=1)
19.1559 	EXP 	two: pos = array([ 0.6962963, -0.2787037])
19.1559 	EXP 	continue_text: autoDraw = True
19.1646 	EXP 	Created continue_text = TextStim(__class__=<class 'psychopy.visual.text.TextStim'>, alignHoriz='center', alignVert='center', antialias=True, autoLog=True, bold=False, color='white', colorSpace='named', contrast=1.0, depth=0.0, flipHoriz=False, flipVert=False, font='Arial', fontFiles=[], height=0.05, italic=False, languageStyle='LTR', name='continue_text', opacity=1.0, ori=0, pos=array([0., 0.]), rgb=array([255., 255., 255.]), text='Continue', units='height', win=Window(...), wrapWidth=1)
19.1789 	EXP 	two: pos = array([ 0.6962963, -0.2787037])
19.1789 	EXP 	continue_text: autoDraw = True
19.1861 	EXP 	Created continue_text = TextStim(__class__=<class 'psychopy.visual.text.TextStim'>, alignHoriz='center', alignVert='center', antialias=True, autoLog=True, bold=False, color='white', colorSpace='named', contrast=1.0, depth=0.0, flipHoriz=False, flipVert=False, font='Arial', fontFiles=[], height=0.05, italic=False, languageStyle='LTR', name='continue_text', opacity=1.0, ori=0, pos=array([0., 0.]), rgb=array([255., 255., 255.]), text='Continue', units='height', win=Window(...), wrapWidth=1)
19.2021 	EXP 	two: pos = array([ 0.6962963, -0.2787037])
19.2021 	EXP 	continue_text: autoDraw = True
19.2100 	EXP 	Created continue_text = TextStim(__class__=<class 'psychopy.visual.text.TextStim'>, alignHoriz='center', alignVert='center', antialias=True, autoLog=True, bold=False, color='white', colorSpace='named', contrast=1.0, depth=0.0, flipHoriz=False, flipVert=False, font='Arial', fontFiles=[], height=0.05, italic=False, languageStyle='LTR', name='continue_text', opacity=1.0, ori=0, pos=array([0., 0.]), rgb=array([255., 255., 255.]), text='Continue', units='height', win=Window(...), wrapWidth=1)
19.2250 	EXP 	two: pos = array([ 0.6962963, -0.2787037])
19.2250 	EXP 	continue_text: autoDraw = True
19.2319 	EXP 	Created continue_text = TextStim(__class__=<class 'psychopy.visual.text.TextStim'>, alignHoriz='center', alignVert='center', antialias=True, autoLog=True, bold=False, color='white', colorSpace='named', contrast=1.0, depth=0.0, flipHoriz=False, flipVert=False, font='Arial', fontFiles=[], height=0.05, italic=False, languageStyle='LTR', name='continue_text', opacity=1.0, ori=0, pos=array([0., 0.]), rgb=array([255., 255., 255.]), text='Continue', units='height', win=Window(...), wrapWidth=1)
19.2503 	EXP 	two: pos = array([ 0.6962963, -0.2787037])
19.2503 	EXP 	continue_text: autoDraw = True
19.2575 	EXP 	Created continue_text = TextStim(__class__=<class 'psychopy.visual.text.TextStim'>, alignHoriz='center', alignVert='center', antialias=True, autoLog=True, bold=False, color='white', colorSpace='named', contrast=1.0, depth=0.0, flipHoriz=False, flipVert=False, font='Arial', fontFiles=[], height=0.05, italic=False, languageStyle='LTR', name='continue_text', opacity=1.0, ori=0, pos=array([0., 0.]), rgb=array([255., 255., 255.]), text='Continue', units='height', win=Window(...), wrapWidth=1)
19.2728 	EXP 	two: pos = array([ 0.6962963, -0.2787037])
19.2728 	EXP 	continue_text: autoDraw = True
19.2812 	EXP 	Created continue_text = TextStim(__class__=<class 'psychopy.visual.text.TextStim'>, alignHoriz='center', alignVert='center', antialias=True, autoLog=True, bold=False, color='white', colorSpace='named', contrast=1.0, depth=0.0, flipHoriz=False, flipVert=False, font='Arial', fontFiles=[], height=0.05, italic=False, languageStyle='LTR', name='continue_text', opacity=1.0, ori=0, pos=array([0., 0.]), rgb=array([255., 255., 255.]), text='Continue', units='height', win=Window(...), wrapWidth=1)
19.2969 	EXP 	two: pos = array([ 0.6962963, -0.2787037])
19.2969 	EXP 	continue_text: autoDraw = True
19.3041 	EXP 	Created continue_text = TextStim(__class__=<class 'psychopy.visual.text.TextStim'>, alignHoriz='center', alignVert='center', antialias=True, autoLog=True, bold=False, color='white', colorSpace='named', contrast=1.0, depth=0.0, flipHoriz=False, flipVert=False, font='Arial', fontFiles=[], height=0.05, italic=False, languageStyle='LTR', name='continue_text', opacity=1.0, ori=0, pos=array([0., 0.]), rgb=array([255., 255., 255.]), text='Continue', units='height', win=Window(...), wrapWidth=1)
19.3209 	EXP 	two: pos = array([ 0.6962963 , -0.28333333])
19.3209 	EXP 	continue_text: autoDraw = True
19.3300 	EXP 	Created continue_text = TextStim(__class__=<class 'psychopy.visual.text.TextStim'>, alignHoriz='center', alignVert='center', antialias=True, autoLog=True, bold=False, color='white', colorSpace='named', contrast=1.0, depth=0.0, flipHoriz=False, flipVert=False, font='Arial', fontFiles=[], height=0.05, italic=False, languageStyle='LTR', name='continue_text', opacity=1.0, ori=0, pos=array([0., 0.]), rgb=array([255., 255., 255.]), text='Continue', units='height', win=Window(...), wrapWidth=1)
19.3450 	EXP 	two: pos = array([ 0.6962963 , -0.29351852])
19.3450 	EXP 	continue_text: autoDraw = True
19.3525 	EXP 	Created continue_text = TextStim(__class__=<class 'psychopy.visual.text.TextStim'>, alignHoriz='center', alignVert='center', antialias=True, autoLog=True, bold=False, color='white', colorSpace='named', contrast=1.0, depth=0.0, flipHoriz=False, flipVert=False, font='Arial', fontFiles=[], height=0.05, italic=False, languageStyle='LTR', name='continue_text', opacity=1.0, ori=0, pos=array([0., 0.]), rgb=array([255., 255., 255.]), text='Continue', units='height', win=Window(...), wrapWidth=1)
19.3703 	EXP 	two: pos = array([ 0.6962963 , -0.29814815])
19.3703 	EXP 	continue_text: autoDraw = True
19.3787 	EXP 	Created continue_text = TextStim(__class__=<class 'psychopy.visual.text.TextStim'>, alignHoriz='center', alignVert='center', antialias=True, autoLog=True, bold=False, color='white', colorSpace='named', contrast=1.0, depth=0.0, flipHoriz=False, flipVert=False, font='Arial', fontFiles=[], height=0.05, italic=False, languageStyle='LTR', name='continue_text', opacity=1.0, ori=0, pos=array([0., 0.]), rgb=array([255., 255., 255.]), text='Continue', units='height', win=Window(...), wrapWidth=1)
19.3953 	EXP 	two: pos = array([ 0.6962963 , -0.30925926])
19.3953 	EXP 	continue_text: autoDraw = True
19.4026 	EXP 	Created continue_text = TextStim(__class__=<class 'psychopy.visual.text.TextStim'>, alignHoriz='center', alignVert='center', antialias=True, autoLog=True, bold=False, color='white', colorSpace='named', contrast=1.0, depth=0.0, flipHoriz=False, flipVert=False, font='Arial', fontFiles=[], height=0.05, italic=False, languageStyle='LTR', name='continue_text', opacity=1.0, ori=0, pos=array([0., 0.]), rgb=array([255., 255., 255.]), text='Continue', units='height', win=Window(...), wrapWidth=1)
19.4202 	EXP 	two: pos = array([ 0.6962963 , -0.31666667])
19.4202 	EXP 	continue_text: autoDraw = True
19.4294 	EXP 	Created continue_text = TextStim(__class__=<class 'psychopy.visual.text.TextStim'>, alignHoriz='center', alignVert='center', antialias=True, autoLog=True, bold=False, color='white', colorSpace='named', contrast=1.0, depth=0.0, flipHoriz=False, flipVert=False, font='Arial', fontFiles=[], height=0.05, italic=False, languageStyle='LTR', name='continue_text', opacity=1.0, ori=0, pos=array([0., 0.]), rgb=array([255., 255., 255.]), text='Continue', units='height', win=Window(...), wrapWidth=1)
19.4460 	EXP 	two: pos = array([ 0.6962963 , -0.32685185])
19.4460 	EXP 	continue_text: autoDraw = True
19.4541 	EXP 	Created continue_text = TextStim(__class__=<class 'psychopy.visual.text.TextStim'>, alignHoriz='center', alignVert='center', antialias=True, autoLog=True, bold=False, color='white', colorSpace='named', contrast=1.0, depth=0.0, flipHoriz=False, flipVert=False, font='Arial', fontFiles=[], height=0.05, italic=False, languageStyle='LTR', name='continue_text', opacity=1.0, ori=0, pos=array([0., 0.]), rgb=array([255., 255., 255.]), text='Continue', units='height', win=Window(...), wrapWidth=1)
19.4727 	EXP 	two: pos = array([ 0.6962963 , -0.33333333])
19.4727 	EXP 	continue_text: autoDraw = True
19.4819 	EXP 	Created continue_text = TextStim(__class__=<class 'psychopy.visual.text.TextStim'>, alignHoriz='center', alignVert='center', antialias=True, autoLog=True, bold=False, color='white', colorSpace='named', contrast=1.0, depth=0.0, flipHoriz=False, flipVert=False, font='Arial', fontFiles=[], height=0.05, italic=False, languageStyle='LTR', name='continue_text', opacity=1.0, ori=0, pos=array([0., 0.]), rgb=array([255., 255., 255.]), text='Continue', units='height', win=Window(...), wrapWidth=1)
19.4981 	EXP 	two: pos = array([ 0.6962963 , -0.34166667])
19.4981 	EXP 	continue_text: autoDraw = True
19.5056 	EXP 	Created continue_text = TextStim(__class__=<class 'psychopy.visual.text.TextStim'>, alignHoriz='center', alignVert='center', antialias=True, autoLog=True, bold=False, color='white', colorSpace='named', contrast=1.0, depth=0.0, flipHoriz=False, flipVert=False, font='Arial', fontFiles=[], height=0.05, italic=False, languageStyle='LTR', name='continue_text', opacity=1.0, ori=0, pos=array([0., 0.]), rgb=array([255., 255., 255.]), text='Continue', units='height', win=Window(...), wrapWidth=1)
19.5238 	EXP 	two: pos = array([ 0.6962963, -0.35     ])
19.5238 	EXP 	continue_text: autoDraw = True
19.5325 	EXP 	Created continue_text = TextStim(__class__=<class 'psychopy.visual.text.TextStim'>, alignHoriz='center', alignVert='center', antialias=True, autoLog=True, bold=False, color='white', colorSpace='named', contrast=1.0, depth=0.0, flipHoriz=False, flipVert=False, font='Arial', fontFiles=[], height=0.05, italic=False, languageStyle='LTR', name='continue_text', opacity=1.0, ori=0, pos=array([0., 0.]), rgb=array([255., 255., 255.]), text='Continue', units='height', win=Window(...), wrapWidth=1)
19.5498 	EXP 	two: pos = array([ 0.6962963, -0.3537037])
19.5498 	EXP 	continue_text: autoDraw = True
19.5576 	EXP 	Created continue_text = TextStim(__class__=<class 'psychopy.visual.text.TextStim'>, alignHoriz='center', alignVert='center', antialias=True, autoLog=True, bold=False, color='white', colorSpace='named', contrast=1.0, depth=0.0, flipHoriz=False, flipVert=False, font='Arial', fontFiles=[], height=0.05, italic=False, languageStyle='LTR', name='continue_text', opacity=1.0, ori=0, pos=array([0., 0.]), rgb=array([255., 255., 255.]), text='Continue', units='height', win=Window(...), wrapWidth=1)
19.5755 	EXP 	two: pos = array([ 0.6962963 , -0.36018519])
19.5755 	EXP 	continue_text: autoDraw = True
19.5829 	EXP 	Created continue_text = TextStim(__class__=<class 'psychopy.visual.text.TextStim'>, alignHoriz='center', alignVert='center', antialias=True, autoLog=True, bold=False, color='white', colorSpace='named', contrast=1.0, depth=0.0, flipHoriz=False, flipVert=False, font='Arial', fontFiles=[], height=0.05, italic=False, languageStyle='LTR', name='continue_text', opacity=1.0, ori=0, pos=array([0., 0.]), rgb=array([255., 255., 255.]), text='Continue', units='height', win=Window(...), wrapWidth=1)
19.6012 	EXP 	two: pos = array([ 0.6962963 , -0.36481481])
19.6012 	EXP 	continue_text: autoDraw = True
19.6089 	EXP 	Created continue_text = TextStim(__class__=<class 'psychopy.visual.text.TextStim'>, alignHoriz='center', alignVert='center', antialias=True, autoLog=True, bold=False, color='white', colorSpace='named', contrast=1.0, depth=0.0, flipHoriz=False, flipVert=False, font='Arial', fontFiles=[], height=0.05, italic=False, languageStyle='LTR', name='continue_text', opacity=1.0, ori=0, pos=array([0., 0.]), rgb=array([255., 255., 255.]), text='Continue', units='height', win=Window(...), wrapWidth=1)
19.6273 	EXP 	two: pos = array([ 0.6962963, -0.3712963])
19.6273 	EXP 	continue_text: autoDraw = True
19.6347 	EXP 	Created continue_text = TextStim(__class__=<class 'psychopy.visual.text.TextStim'>, alignHoriz='center', alignVert='center', antialias=True, autoLog=True, bold=False, color='white', colorSpace='named', contrast=1.0, depth=0.0, flipHoriz=False, flipVert=False, font='Arial', fontFiles=[], height=0.05, italic=False, languageStyle='LTR', name='continue_text', opacity=1.0, ori=0, pos=array([0., 0.]), rgb=array([255., 255., 255.]), text='Continue', units='height', win=Window(...), wrapWidth=1)
19.6541 	EXP 	two: pos = array([ 0.6962963, -0.3787037])
19.6541 	EXP 	continue_text: autoDraw = True
19.6755 	EXP 	two: pos = array([ 0.6962963 , -0.38240741])
19.6986 	EXP 	two: pos = array([ 0.6962963 , -0.38611111])
19.7190 	EXP 	two: pos = array([ 0.6962963 , -0.39074074])
19.7501 	EXP 	two: pos = array([ 0.6962963 , -0.39351852])
19.7933 	EXP 	two: pos = array([ 0.69537037, -0.3962963 ])
19.8157 	EXP 	two: pos = array([ 0.69351852, -0.40092593])
19.8358 	EXP 	two: pos = array([ 0.69259259, -0.40277778])
19.8556 	EXP 	two: pos = array([ 0.68888889, -0.38611111])
19.8642 	EXP 	Created continue_text = TextStim(__class__=<class 'psychopy.visual.text.TextStim'>, alignHoriz='center', alignVert='center', antialias=True, autoLog=True, bold=False, color='white', colorSpace='named', contrast=1.0, depth=0.0, flipHoriz=False, flipVert=False, font='Arial', fontFiles=[], height=0.05, italic=False, languageStyle='LTR', name='continue_text', opacity=1.0, ori=0, pos=array([0., 0.]), rgb=array([255., 255., 255.]), text='Continue', units='height', win=Window(...), wrapWidth=1)
19.8829 	EXP 	two: pos = array([ 0.68425926, -0.34722222])
19.8829 	EXP 	continue_text: autoDraw = True
19.8922 	EXP 	Created continue_text = TextStim(__class__=<class 'psychopy.visual.text.TextStim'>, alignHoriz='center', alignVert='center', antialias=True, autoLog=True, bold=False, color='white', colorSpace='named', contrast=1.0, depth=0.0, flipHoriz=False, flipVert=False, font='Arial', fontFiles=[], height=0.05, italic=False, languageStyle='LTR', name='continue_text', opacity=1.0, ori=0, pos=array([0., 0.]), rgb=array([255., 255., 255.]), text='Continue', units='height', win=Window(...), wrapWidth=1)
19.9119 	EXP 	two: pos = array([ 0.68055556, -0.29351852])
19.9119 	EXP 	continue_text: autoDraw = True
19.9203 	EXP 	Created continue_text = TextStim(__class__=<class 'psychopy.visual.text.TextStim'>, alignHoriz='center', alignVert='center', antialias=True, autoLog=True, bold=False, color='white', colorSpace='named', contrast=1.0, depth=0.0, flipHoriz=False, flipVert=False, font='Arial', fontFiles=[], height=0.05, italic=False, languageStyle='LTR', name='continue_text', opacity=1.0, ori=0, pos=array([0., 0.]), rgb=array([255., 255., 255.]), text='Continue', units='height', win=Window(...), wrapWidth=1)
19.9448 	EXP 	two: pos = array([ 0.68055556, -0.27685185])
19.9448 	EXP 	continue_text: autoDraw = True
19.9518 	EXP 	Created continue_text = TextStim(__class__=<class 'psychopy.visual.text.TextStim'>, alignHoriz='center', alignVert='center', antialias=True, autoLog=True, bold=False, color='white', colorSpace='named', contrast=1.0, depth=0.0, flipHoriz=False, flipVert=False, font='Arial', fontFiles=[], height=0.05, italic=False, languageStyle='LTR', name='continue_text', opacity=1.0, ori=0, pos=array([0., 0.]), rgb=array([255., 255., 255.]), text='Continue', units='height', win=Window(...), wrapWidth=1)
19.9719 	EXP 	two: pos = array([ 0.68055556, -0.27222222])
19.9719 	EXP 	continue_text: autoDraw = True
19.9807 	EXP 	Created continue_text = TextStim(__class__=<class 'psychopy.visual.text.TextStim'>, alignHoriz='center', alignVert='center', antialias=True, autoLog=True, bold=False, color='white', colorSpace='named', contrast=1.0, depth=0.0, flipHoriz=False, flipVert=False, font='Arial', fontFiles=[], height=0.05, italic=False, languageStyle='LTR', name='continue_text', opacity=1.0, ori=0, pos=array([0., 0.]), rgb=array([255., 255., 255.]), text='Continue', units='height', win=Window(...), wrapWidth=1)
20.0014 	EXP 	two: pos = array([ 0.67962963, -0.26481481])
20.0014 	EXP 	continue_text: autoDraw = True
20.0084 	EXP 	Created continue_text = TextStim(__class__=<class 'psychopy.visual.text.TextStim'>, alignHoriz='center', alignVert='center', antialias=True, autoLog=True, bold=False, color='white', colorSpace='named', contrast=1.0, depth=0.0, flipHoriz=False, flipVert=False, font='Arial', fontFiles=[], height=0.05, italic=False, languageStyle='LTR', name='continue_text', opacity=1.0, ori=0, pos=array([0., 0.]), rgb=array([255., 255., 255.]), text='Continue', units='height', win=Window(...), wrapWidth=1)
20.0288 	EXP 	two: pos = array([ 0.67685185, -0.23796296])
20.0288 	EXP 	continue_text: autoDraw = True
20.0514 	EXP 	two: pos = array([ 0.67314815, -0.21203704])
20.0733 	EXP 	two: pos = array([ 0.67037037, -0.20092593])
20.0952 	EXP 	two: pos = array([ 0.66944444, -0.19259259])
20.1183 	EXP 	two: pos = array([ 0.66574074, -0.18240741])
20.1410 	EXP 	two: pos = array([ 0.66203704, -0.1712963 ])
20.1622 	EXP 	two: pos = array([ 0.65277778, -0.15740741])
20.1853 	EXP 	two: pos = array([ 0.64722222, -0.15092593])
20.2077 	EXP 	two: pos = array([ 0.63796296, -0.14444444])
20.2285 	EXP 	two: pos = array([ 0.62314815, -0.13518519])
20.2521 	EXP 	two: pos = array([ 0.61388889, -0.12592593])
20.2735 	EXP 	two: pos = array([ 0.60648148, -0.1212963 ])
20.2942 	EXP 	two: pos = array([ 0.6037037 , -0.11759259])
20.3182 	EXP 	two: pos = array([ 0.60092593, -0.11481481])
20.3408 	EXP 	two: pos = array([ 0.59814815, -0.11203704])
20.3627 	EXP 	two: pos = array([ 0.59259259, -0.1037037 ])
20.3851 	EXP 	two: pos = array([ 0.58703704, -0.09166667])
20.4066 	EXP 	two: pos = array([ 0.58240741, -0.08333333])
20.4286 	EXP 	two: pos = array([ 0.5787037 , -0.07685185])
20.4522 	EXP 	two: pos = array([ 0.57314815, -0.06203704])
20.4741 	EXP 	two: pos = array([ 0.56759259, -0.05      ])
20.4978 	EXP 	two: pos = array([ 0.56296296, -0.03796296])
20.5186 	EXP 	two: pos = array([ 0.55462963, -0.02777778])
20.5397 	EXP 	two: pos = array([ 0.54907407, -0.01666667])
20.5620 	EXP 	two: pos = array([ 0.54074074, -0.00277778])
20.5854 	EXP 	two: pos = array([0.53240741, 0.00925926])
20.6071 	EXP 	two: pos = array([0.525     , 0.01851852])
20.6286 	EXP 	two: pos = array([0.52037037, 0.02407407])
20.6524 	EXP 	two: pos = array([0.51666667, 0.02777778])
20.6743 	EXP 	two: pos = array([0.51388889, 0.02962963])
20.6956 	EXP 	two: pos = array([0.51203704, 0.03240741])
20.7193 	EXP 	two: pos = array([0.50740741, 0.03611111])
20.7409 	EXP 	two: pos = array([0.48888889, 0.05      ])
20.7625 	EXP 	two: pos = array([0.46851852, 0.06203704])
20.7859 	EXP 	two: pos = array([0.4537037 , 0.06759259])
20.8095 	EXP 	two: pos = array([0.41388889, 0.07222222])
20.8332 	EXP 	two: pos = array([0.33425926, 0.06203704])
20.8553 	EXP 	two: pos = array([0.24722222, 0.04722222])
20.8767 	EXP 	two: pos = array([0.15833333, 0.03148148])
20.9005 	EXP 	two: pos = array([0.05648148, 0.01481481])
21.4753 	EXP 	two: pos = array([0.06296296, 0.04444444])
21.4974 	EXP 	two: pos = array([0.11111111, 0.03981481])
21.5194 	EXP 	two: pos = array([0.13981481, 0.03518519])
21.5413 	EXP 	two: pos = array([0.15277778, 0.03240741])
21.5674 	EXP 	two: pos = array([0.15833333, 0.03148148])
21.5930 	EXP 	two: pos = array([0.16111111, 0.03148148])
21.6186 	EXP 	two: pos = array([0.16203704, 0.03148148])
21.6439 	EXP 	two: pos = array([0.16296296, 0.03148148])
21.6673 	EXP 	two: pos = array([0.16296296, 0.03148148])
21.6889 	EXP 	two: pos = array([0.16296296, 0.03148148])
21.7109 	EXP 	two: pos = array([0.16296296, 0.03148148])
21.7353 	EXP 	two: pos = array([0.16296296, 0.03148148])
21.7580 	EXP 	two: pos = array([0.16296296, 0.03148148])
21.7794 	EXP 	two: pos = array([0.16296296, 0.03148148])
21.8027 	EXP 	two: pos = array([0.16296296, 0.03148148])
21.8238 	EXP 	two: pos = array([0.16296296, 0.03148148])
21.8460 	EXP 	two: pos = array([0.1712963 , 0.03055556])
21.8698 	EXP 	two: pos = array([0.1962963 , 0.03055556])
21.8913 	EXP 	two: pos = array([0.21018519, 0.03055556])
21.9126 	EXP 	two: pos = array([0.22222222, 0.03055556])
21.9366 	EXP 	two: pos = array([0.24537037, 0.0287037 ])
21.9577 	EXP 	two: pos = array([0.26666667, 0.02685185])
21.9804 	EXP 	two: pos = array([0.27962963, 0.02407407])
22.0040 	EXP 	two: pos = array([0.28703704, 0.02314815])
22.0260 	EXP 	two: pos = array([0.29166667, 0.02222222])
22.0476 	EXP 	two: pos = array([0.29537037, 0.02222222])
22.0702 	EXP 	two: pos = array([0.29907407, 0.02222222])
22.0930 	EXP 	two: pos = array([0.3037037 , 0.02222222])
22.1148 	EXP 	two: pos = array([0.30925926, 0.02222222])
22.1370 	EXP 	two: pos = array([0.31759259, 0.02222222])
22.1584 	EXP 	two: pos = array([0.32592593, 0.02222222])
22.1798 	EXP 	two: pos = array([0.33055556, 0.02222222])
22.2035 	EXP 	two: pos = array([0.33425926, 0.02222222])
22.2248 	EXP 	two: pos = array([0.33703704, 0.02222222])
22.2468 	EXP 	two: pos = array([0.33888889, 0.02222222])
22.2705 	EXP 	two: pos = array([0.34166667, 0.02222222])
22.2926 	EXP 	two: pos = array([0.34537037, 0.02222222])
22.3145 	EXP 	two: pos = array([0.35092593, 0.02314815])
22.3372 	EXP 	two: pos = array([0.36111111, 0.02407407])
22.3582 	EXP 	two: pos = array([0.37685185, 0.02777778])
22.3802 	EXP 	two: pos = array([0.38981481, 0.0287037 ])
22.4042 	EXP 	two: pos = array([0.40277778, 0.02962963])
22.4283 	EXP 	two: pos = array([0.41388889, 0.03055556])
22.4533 	EXP 	two: pos = array([0.42037037, 0.03055556])
22.4753 	EXP 	two: pos = array([0.42407407, 0.03148148])
22.4967 	EXP 	two: pos = array([0.42407407, 0.03240741])
22.4972 	DATA 	Mouse:  Left button up, pos=(1418,576)
22.6888 	DATA 	Mouse: Left button down, pos=(1418,576)
22.7301 	EXP 	two: pos = array([0.42407407, 0.03333333])
22.7539 	EXP 	two: pos = array([0.42407407, 0.03333333])
22.7758 	EXP 	two: pos = array([0.42407407, 0.03333333])
22.7965 	EXP 	two: pos = array([0.42407407, 0.03333333])
22.8203 	EXP 	two: pos = array([0.42407407, 0.03333333])
22.8415 	EXP 	two: pos = array([0.42407407, 0.03333333])
22.8625 	EXP 	two: pos = array([0.42407407, 0.03333333])
22.8862 	EXP 	two: pos = array([0.42407407, 0.03333333])
22.9069 	EXP 	two: pos = array([0.42407407, 0.03333333])
22.9074 	DATA 	Mouse:  Left button up, pos=(1418,576)
25.9683 	DATA 	Mouse: Left button down, pos=(875,548)
26.0941 	DATA 	Mouse:  Left button up, pos=(875,548)
26.5363 	DATA 	Mouse: Left button down, pos=(915,544)
26.6303 	DATA 	Mouse:  Left button up, pos=(915,544)
27.3401 	DATA 	Mouse: Left button down, pos=(146,853)
27.3912 	DATA 	Mouse:  Left button up, pos=(146,853)
27.3965 	EXP 	one: autoDraw = False
27.3965 	EXP 	two: autoDraw = False
27.3965 	EXP 	three: autoDraw = False
27.3965 	EXP 	seven: autoDraw = False
27.3965 	EXP 	eight: autoDraw = False
27.3965 	EXP 	nine: autoDraw = False
27.3965 	EXP 	four: autoDraw = False
27.3965 	EXP 	five: autoDraw = False
27.3965 	EXP 	six: autoDraw = False
27.3965 	EXP 	ten: autoDraw = False
27.3965 	EXP 	eleven: autoDraw = False
27.3965 	EXP 	twelve: autoDraw = False
27.3965 	EXP 	finish_trial1: autoDraw = False
27.5563 	EXP 	window1: mouseVisible = True
