14.3572 	EXP 	Created window1 = Window(allowGUI=True, allowStencil=False, args=UNKNOWN, autoLog=True, bitsMode=UNKNOWN, blendMode='avg', color=array([0., 0., 0.]), colorSpace='rgb', fullscr=<method-wrapper '__getattribute__' of attributeSetter object at 0x000002021DC44668>, gamma=None, gammaErrorPolicy='raise', kwargs=UNKNOWN, lms=UNKNOWN, monitor=<psychopy.monitors.calibTools.Monitor object at 0x000002021DCC0CF8>, multiSample=False, name='window1', numSamples=2, pos=[0.0, 0.0], screen=0, size=array([1920, 1080]), stereo=False, units='height', useFBO=True, useRetina=False, viewOri=0.0, viewPos=None, viewScale=None, waitBlanking=True, winType='pyglet')
14.3572 	EXP 	window1: recordFrameIntervals = False
14.5249 	EXP 	window1: recordFrameIntervals = True
14.7070 	EXP 	window1: recordFrameIntervals = False
15.3648 	EXP 	Created instruction_text = TextStim(__class__=<class 'psychopy.visual.text.TextStim'>, alignHoriz='center', alignVert='center', antialias=True, autoLog=True, bold=False, color='white', colorSpace='named', contrast=1.0, depth=0.0, flipHoriz=False, flipVert=False, font='Arial', fontFiles=[], height=0.05, italic=False, languageStyle='LTR', name='instruction_text', opacity=1.0, ori=0, pos=array([0., 0.]), rgb=array([255., 255., 255.]), text=str(...), units='height', win=Window(...), wrapWidth=1)
15.3741 	EXP 	Created text_2 = TextStim(__class__=<class 'psychopy.visual.text.TextStim'>, alignHoriz='center', alignVert='center', antialias=True, autoLog=True, bold=False, color='white', colorSpace='named', contrast=1.0, depth=-2.0, flipHoriz=False, flipVert=False, font='Arial', fontFiles=[], height=0.05, italic=False, languageStyle='LTR', name='text_2', opacity=1.0, ori=0, pos=array([ 0.  , -0.45]), rgb=array([255., 255., 255.]), text='Click here to continue.', units='height', win=Window(...), wrapWidth=1)
15.3859 	EXP 	Created text = TextStim(__class__=<class 'psychopy.visual.text.TextStim'>, alignHoriz='center', alignVert='center', antialias=True, autoLog=True, bold=False, color='white', colorSpace='named', contrast=1.0, depth=0.0, flipHoriz=False, flipVert=False, font='Arial', fontFiles=[], height=0.05, italic=False, languageStyle='LTR', name='text', opacity=1.0, ori=0, pos=array([0., 0.]), rgb=array([255., 255., 255.]), text='Here is a video example.', units='height', win=Window(...), wrapWidth=1)
15.4680 	EXP 	Created one = ImageStim(__class__=<class 'psychopy.visual.image.ImageStim'>, autoLog=True, color=array([1., 1., 1.]), colorSpace='rgb', contrast=1.0, depth=0.0, flipHoriz=False, flipVert=False, image=str(...), interpolate=True, mask=None, maskParams=None, name='one', opacity=1.0, ori=0.0, pos=array([-0.45,  0.45]), size=array([0.25, 0.25]), texRes=128, units='height', win=Window(...))
15.4997 	EXP 	instruction_text: autoDraw = True
15.4997 	EXP 	text_2: autoDraw = True
18.0806 	DATA 	Mouse: Left button down, pos=(922,42)
18.0966 	EXP 	instruction_text: autoDraw = False
18.0966 	EXP 	text_2: autoDraw = False
18.0966 	EXP 	text: autoDraw = True
18.1797 	DATA 	Mouse:  Left button up, pos=(922,42)
18.6348 	DATA 	Mouse: Left button down, pos=(940,456)
18.7534 	DATA 	Mouse:  Left button up, pos=(940,456)
18.7578 	EXP 	text: autoDraw = False
18.7578 	EXP 	one: autoDraw = True
22.9020 	DATA 	Mouse: Left button down, pos=(872,547)
22.9851 	DATA 	Mouse:  Left button up, pos=(872,547)
23.9531 	DATA 	Mouse: Left button down, pos=(879,534)
24.0535 	DATA 	Mouse:  Left button up, pos=(879,534)
24.5893 	DATA 	Mouse: Left button down, pos=(505,1037)
24.6189 	EXP 	one: autoDraw = False
24.7236 	EXP 	window1: mouseVisible = True
