8.1059 	EXP 	Created window1 = Window(allowGUI=True, allowStencil=False, args=UNKNOWN, autoLog=True, bitsMode=UNKNOWN, blendMode='avg', color=array([0., 0., 0.]), colorSpace='rgb', fullscr=<method-wrapper '__getattribute__' of attributeSetter object at 0x0000023C5819EE80>, gamma=None, gammaErrorPolicy='raise', kwargs=UNKNOWN, lms=UNKNOWN, monitor=<psychopy.monitors.calibTools.Monitor object at 0x0000023C57F2D550>, multiSample=False, name='window1', numSamples=2, pos=[0.0, 0.0], screen=0, size=array([1920, 1080]), stereo=False, units='height', useFBO=True, useRetina=False, viewOri=0.0, viewPos=None, viewScale=None, waitBlanking=True, winType='pyglet')
8.1060 	EXP 	window1: recordFrameIntervals = False
8.2707 	EXP 	window1: recordFrameIntervals = True
8.4565 	EXP 	window1: recordFrameIntervals = False
8.8710 	EXP 	Created instruction_text = TextStim(__class__=<class 'psychopy.visual.text.TextStim'>, alignHoriz='center', alignVert='center', antialias=True, autoLog=True, bold=False, color='white', colorSpace='named', contrast=1.0, depth=0.0, flipHoriz=False, flipVert=False, font='Arial', fontFiles=[], height=0.05, italic=False, languageStyle='LTR', name='instruction_text', opacity=1.0, ori=0, pos=array([0., 0.]), rgb=array([255., 255., 255.]), text=str(...), units='height', win=Window(...), wrapWidth=1)
8.8795 	EXP 	Created text_2 = TextStim(__class__=<class 'psychopy.visual.text.TextStim'>, alignHoriz='center', alignVert='center', antialias=True, autoLog=True, bold=False, color='white', colorSpace='named', contrast=1.0, depth=-2.0, flipHoriz=False, flipVert=False, font='Arial', fontFiles=[], height=0.05, italic=False, languageStyle='LTR', name='text_2', opacity=1.0, ori=0, pos=array([ 0.  , -0.45]), rgb=array([255., 255., 255.]), text='Click here to continue.', units='height', win=Window(...), wrapWidth=1)
8.8902 	EXP 	Created text = TextStim(__class__=<class 'psychopy.visual.text.TextStim'>, alignHoriz='center', alignVert='center', antialias=True, autoLog=True, bold=False, color='white', colorSpace='named', contrast=1.0, depth=0.0, flipHoriz=False, flipVert=False, font='Arial', fontFiles=[], height=0.05, italic=False, languageStyle='LTR', name='text', opacity=1.0, ori=0, pos=array([0., 0.]), rgb=array([255., 255., 255.]), text='Here is a video example.', units='height', win=Window(...), wrapWidth=1)
8.9756 	EXP 	Created one = ImageStim(__class__=<class 'psychopy.visual.image.ImageStim'>, autoLog=True, color=array([1., 1., 1.]), colorSpace='rgb', contrast=1.0, depth=0.0, flipHoriz=False, flipVert=False, image=str(...), interpolate=True, mask=None, maskParams=None, name='one', opacity=1.0, ori=0.0, pos=array([-0.7,  0.3]), size=array([0.22, 0.22]), texRes=128, units='height', win=Window(...))
9.0596 	EXP 	Created two = ImageStim(__class__=<class 'psychopy.visual.image.ImageStim'>, autoLog=True, color=array([1., 1., 1.]), colorSpace='rgb', contrast=1.0, depth=-2.0, flipHoriz=False, flipVert=False, image=str(...), interpolate=True, mask=None, maskParams=None, name='two', opacity=1.0, ori=0.0, pos=array([-0.45,  0.3 ]), size=array([0.22, 0.22]), texRes=128, units='height', win=Window(...))
9.1455 	EXP 	Created three = ImageStim(__class__=<class 'psychopy.visual.image.ImageStim'>, autoLog=True, color=array([1., 1., 1.]), colorSpace='rgb', contrast=1.0, depth=-3.0, flipHoriz=False, flipVert=False, image=str(...), interpolate=True, mask=None, maskParams=None, name='three', opacity=1.0, ori=0.0, pos=array([-0.2,  0.3]), size=array([0.22, 0.22]), texRes=128, units='height', win=Window(...))
9.2291 	EXP 	Created seven = ImageStim(__class__=<class 'psychopy.visual.image.ImageStim'>, autoLog=True, color=array([1., 1., 1.]), colorSpace='rgb', contrast=1.0, depth=-4.0, flipHoriz=False, flipVert=False, image=str(...), interpolate=True, mask=None, maskParams=None, name='seven', opacity=1.0, ori=0.0, pos=array([-0.7, -0.3]), size=array([0.22, 0.22]), texRes=128, units='height', win=Window(...))
9.3142 	EXP 	Created eight = ImageStim(__class__=<class 'psychopy.visual.image.ImageStim'>, autoLog=True, color=array([1., 1., 1.]), colorSpace='rgb', contrast=1.0, depth=-5.0, flipHoriz=False, flipVert=False, image=str(...), interpolate=True, mask=None, maskParams=None, name='eight', opacity=1.0, ori=0.0, pos=array([-0.45, -0.3 ]), size=array([0.22, 0.22]), texRes=128, units='height', win=Window(...))
9.4005 	EXP 	Created nine = ImageStim(__class__=<class 'psychopy.visual.image.ImageStim'>, autoLog=True, color=array([1., 1., 1.]), colorSpace='rgb', contrast=1.0, depth=-6.0, flipHoriz=False, flipVert=False, image=str(...), interpolate=True, mask=None, maskParams=None, name='nine', opacity=1.0, ori=0.0, pos=array([-0.2, -0.3]), size=array([0.22, 0.22]), texRes=128, units='height', win=Window(...))
9.4881 	EXP 	Created four = ImageStim(__class__=<class 'psychopy.visual.image.ImageStim'>, autoLog=True, color=array([1., 1., 1.]), colorSpace='rgb', contrast=1.0, depth=-7.0, flipHoriz=False, flipVert=False, image=str(...), interpolate=True, mask=None, maskParams=None, name='four', opacity=1.0, ori=0.0, pos=array([0.2, 0.3]), size=array([0.22, 0.22]), texRes=128, units='height', win=Window(...))
9.5770 	EXP 	Created five = ImageStim(__class__=<class 'psychopy.visual.image.ImageStim'>, autoLog=True, color=array([1., 1., 1.]), colorSpace='rgb', contrast=1.0, depth=-8.0, flipHoriz=False, flipVert=False, image=str(...), interpolate=True, mask=None, maskParams=None, name='five', opacity=1.0, ori=0.0, pos=array([0.45, 0.3 ]), size=array([0.22, 0.22]), texRes=128, units='height', win=Window(...))
9.6621 	EXP 	Created six = ImageStim(__class__=<class 'psychopy.visual.image.ImageStim'>, autoLog=True, color=array([1., 1., 1.]), colorSpace='rgb', contrast=1.0, depth=-9.0, flipHoriz=False, flipVert=False, image=str(...), interpolate=True, mask=None, maskParams=None, name='six', opacity=1.0, ori=0.0, pos=array([0.7, 0.3]), size=array([0.22, 0.22]), texRes=128, units='height', win=Window(...))
9.7495 	EXP 	Created ten = ImageStim(__class__=<class 'psychopy.visual.image.ImageStim'>, autoLog=True, color=array([1., 1., 1.]), colorSpace='rgb', contrast=1.0, depth=-10.0, flipHoriz=False, flipVert=False, image=str(...), interpolate=True, mask=None, maskParams=None, name='ten', opacity=1.0, ori=0.0, pos=array([ 0.2, -0.3]), size=array([0.22, 0.22]), texRes=128, units='height', win=Window(...))
9.8354 	EXP 	Created eleven = ImageStim(__class__=<class 'psychopy.visual.image.ImageStim'>, autoLog=True, color=array([1., 1., 1.]), colorSpace='rgb', contrast=1.0, depth=-11.0, flipHoriz=False, flipVert=False, image=str(...), interpolate=True, mask=None, maskParams=None, name='eleven', opacity=1.0, ori=0.0, pos=array([ 0.45, -0.3 ]), size=array([0.22, 0.22]), texRes=128, units='height', win=Window(...))
9.9215 	EXP 	Created twelve = ImageStim(__class__=<class 'psychopy.visual.image.ImageStim'>, autoLog=True, color=array([1., 1., 1.]), colorSpace='rgb', contrast=1.0, depth=-12.0, flipHoriz=False, flipVert=False, image=str(...), interpolate=True, mask=None, maskParams=None, name='twelve', opacity=1.0, ori=0.0, pos=array([ 0.7, -0.3]), size=array([0.22, 0.22]), texRes=128, units='height', win=Window(...))
9.9336 	EXP 	Created continue_text = TextStim(__class__=<class 'psychopy.visual.text.TextStim'>, alignHoriz='center', alignVert='center', antialias=True, autoLog=True, bold=False, color='white', colorSpace='named', contrast=1.0, depth=0.0, flipHoriz=False, flipVert=False, font='Arial', fontFiles=[], height=0.001, italic=False, languageStyle='LTR', name='continue_text', opacity=0.0, ori=0, pos=array([1.5, 1.5]), rgb=array([255., 255., 255.]), text='Continue', units='height', win=Window(...), wrapWidth=1)
9.9992 	EXP 	Created gram01 = ImageStim(__class__=<class 'psychopy.visual.image.ImageStim'>, autoLog=True, color=array([1., 1., 1.]), colorSpace='rgb', contrast=1.0, depth=-14.0, flipHoriz=False, flipVert=False, image=str(...), interpolate=True, mask=None, maskParams=None, name='gram01', opacity=1.0, ori=0.0, pos=array([-0.7,  0.3]), size=array([0.22, 0.22]), texRes=128, units='height', win=Window(...))
10.0279 	EXP 	Created gram02 = ImageStim(__class__=<class 'psychopy.visual.image.ImageStim'>, autoLog=True, color=array([1., 1., 1.]), colorSpace='rgb', contrast=1.0, depth=-15.0, flipHoriz=False, flipVert=False, image=str(...), interpolate=True, mask=None, maskParams=None, name='gram02', opacity=1.0, ori=0.0, pos=array([-0.45,  0.3 ]), size=array([0.22, 0.22]), texRes=128, units='height', win=Window(...))
10.0515 	EXP 	Created gram03 = ImageStim(__class__=<class 'psychopy.visual.image.ImageStim'>, autoLog=True, color=array([1., 1., 1.]), colorSpace='rgb', contrast=1.0, depth=-16.0, flipHoriz=False, flipVert=False, image=str(...), interpolate=True, mask=None, maskParams=None, name='gram03', opacity=1.0, ori=0.0, pos=array([-0.2,  0.3]), size=array([0.22, 0.22]), texRes=128, units='height', win=Window(...))
10.0831 	EXP 	Created gram04 = ImageStim(__class__=<class 'psychopy.visual.image.ImageStim'>, autoLog=True, color=array([1., 1., 1.]), colorSpace='rgb', contrast=1.0, depth=-17.0, flipHoriz=False, flipVert=False, image=str(...), interpolate=True, mask=None, maskParams=None, name='gram04', opacity=1.0, ori=0.0, pos=array([0.2, 0.3]), size=array([0.22, 0.22]), texRes=128, units='height', win=Window(...))
10.1040 	EXP 	Created gram05 = ImageStim(__class__=<class 'psychopy.visual.image.ImageStim'>, autoLog=True, color=array([1., 1., 1.]), colorSpace='rgb', contrast=1.0, depth=-18.0, flipHoriz=False, flipVert=False, image=str(...), interpolate=True, mask=None, maskParams=None, name='gram05', opacity=1.0, ori=0.0, pos=array([0.45, 0.3 ]), size=array([0.22, 0.22]), texRes=128, units='height', win=Window(...))
10.1393 	EXP 	Created gram06 = ImageStim(__class__=<class 'psychopy.visual.image.ImageStim'>, autoLog=True, color=array([1., 1., 1.]), colorSpace='rgb', contrast=1.0, depth=-19.0, flipHoriz=False, flipVert=False, image=str(...), interpolate=True, mask=None, maskParams=None, name='gram06', opacity=1.0, ori=0.0, pos=array([0.7, 0.3]), size=array([0.22, 0.22]), texRes=128, units='height', win=Window(...))
10.1618 	EXP 	Created gram07 = ImageStim(__class__=<class 'psychopy.visual.image.ImageStim'>, autoLog=True, color=array([1., 1., 1.]), colorSpace='rgb', contrast=1.0, depth=-20.0, flipHoriz=False, flipVert=False, image=str(...), interpolate=True, mask=None, maskParams=None, name='gram07', opacity=1.0, ori=0.0, pos=array([-0.7, -0.3]), size=array([0.22, 0.22]), texRes=128, units='height', win=Window(...))
10.2223 	EXP 	Created gram08 = ImageStim(__class__=<class 'psychopy.visual.image.ImageStim'>, autoLog=True, color=array([1., 1., 1.]), colorSpace='rgb', contrast=1.0, depth=-21.0, flipHoriz=False, flipVert=False, image=str(...), interpolate=True, mask=None, maskParams=None, name='gram08', opacity=1.0, ori=0.0, pos=array([-0.45, -0.3 ]), size=array([0.22, 0.22]), texRes=128, units='height', win=Window(...))
10.2402 	EXP 	Created gram09 = ImageStim(__class__=<class 'psychopy.visual.image.ImageStim'>, autoLog=True, color=array([1., 1., 1.]), colorSpace='rgb', contrast=1.0, depth=-22.0, flipHoriz=False, flipVert=False, image=str(...), interpolate=True, mask=None, maskParams=None, name='gram09', opacity=1.0, ori=0.0, pos=array([-0.2, -0.3]), size=array([0.22, 0.22]), texRes=128, units='height', win=Window(...))
10.3341 	EXP 	Created gram10 = ImageStim(__class__=<class 'psychopy.visual.image.ImageStim'>, autoLog=True, color=array([1., 1., 1.]), colorSpace='rgb', contrast=1.0, depth=-23.0, flipHoriz=False, flipVert=False, image=str(...), interpolate=True, mask=None, maskParams=None, name='gram10', opacity=1.0, ori=0.0, pos=array([ 0.2, -0.3]), size=array([0.22, 0.22]), texRes=128, units='height', win=Window(...))
10.3970 	EXP 	Created gram11 = ImageStim(__class__=<class 'psychopy.visual.image.ImageStim'>, autoLog=True, color=array([1., 1., 1.]), colorSpace='rgb', contrast=1.0, depth=-24.0, flipHoriz=False, flipVert=False, image=str(...), interpolate=True, mask=None, maskParams=None, name='gram11', opacity=1.0, ori=0.0, pos=array([ 0.45, -0.3 ]), size=array([0.22, 0.22]), texRes=128, units='height', win=Window(...))
10.4513 	EXP 	Created gram12 = ImageStim(__class__=<class 'psychopy.visual.image.ImageStim'>, autoLog=True, color=array([1., 1., 1.]), colorSpace='rgb', contrast=1.0, depth=-25.0, flipHoriz=False, flipVert=False, image=str(...), interpolate=True, mask=None, maskParams=None, name='gram12', opacity=1.0, ori=0.0, pos=array([ 0.7, -0.3]), size=array([0.22, 0.22]), texRes=128, units='height', win=Window(...))
10.4845 	EXP 	instruction_text: autoDraw = True
10.4845 	EXP 	text_2: autoDraw = True
11.8327 	DATA 	Mouse: Left button down, pos=(975,5)
11.9137 	DATA 	Mouse:  Left button up, pos=(975,5)
12.3262 	DATA 	Mouse: Left button down, pos=(949,28)
12.3422 	EXP 	instruction_text: autoDraw = False
12.3422 	EXP 	text_2: autoDraw = False
12.3422 	EXP 	text: autoDraw = True
12.3965 	DATA 	Mouse:  Left button up, pos=(949,28)
12.8444 	DATA 	Mouse: Left button down, pos=(933,362)
13.1060 	DATA 	Mouse:  Left button up, pos=(933,362)
13.1178 	EXP 	text: autoDraw = False
13.1178 	EXP 	one: autoDraw = True
13.1178 	EXP 	two: autoDraw = True
13.1178 	EXP 	three: autoDraw = True
13.1178 	EXP 	seven: autoDraw = True
13.1178 	EXP 	eight: autoDraw = True
13.1178 	EXP 	nine: autoDraw = True
13.1178 	EXP 	four: autoDraw = True
13.1178 	EXP 	five: autoDraw = True
13.1178 	EXP 	six: autoDraw = True
13.1178 	EXP 	ten: autoDraw = True
13.1178 	EXP 	eleven: autoDraw = True
13.1178 	EXP 	twelve: autoDraw = True
13.4485 	EXP 	gram01: autoDraw = True
13.4485 	EXP 	gram02: autoDraw = True
13.4485 	EXP 	gram03: autoDraw = True
13.4485 	EXP 	gram04: autoDraw = True
13.4485 	EXP 	gram05: autoDraw = True
13.4485 	EXP 	gram06: autoDraw = True
13.4485 	EXP 	gram07: autoDraw = True
13.4485 	EXP 	gram08: autoDraw = True
13.4485 	EXP 	gram09: autoDraw = True
13.4485 	EXP 	gram10: autoDraw = True
13.4485 	EXP 	gram11: autoDraw = True
13.4485 	EXP 	gram12: autoDraw = True
14.2343 	DATA 	Mouse: Left button down, pos=(787,800)
14.5949 	DATA 	Mouse:  Left button up, pos=(924,679)
15.0182 	DATA 	Mouse: Left button down, pos=(735,881)
15.0849 	EXP 	gram03: pos = array([-0.20833333,  0.31574074])
15.1119 	EXP 	gram03: pos = array([-0.20833333,  0.31574074])
15.1440 	EXP 	gram03: pos = array([-0.20833333,  0.31574074])
15.1782 	EXP 	gram03: pos = array([-0.20833333,  0.31574074])
15.2160 	EXP 	gram03: pos = array([-0.19351852,  0.29814815])
15.2536 	EXP 	gram03: pos = array([-0.17685185,  0.2787037 ])
15.3008 	EXP 	gram03: pos = array([-0.16296296,  0.26018519])
15.3380 	EXP 	gram03: pos = array([-0.15740741,  0.25185185])
15.3777 	EXP 	gram03: pos = array([-0.1537037 ,  0.24537037])
15.4113 	EXP 	gram03: pos = array([-0.14444444,  0.2287037 ])
15.4446 	EXP 	gram03: pos = array([-0.1287037 ,  0.20092593])
15.4772 	EXP 	gram03: pos = array([-0.10740741,  0.13888889])
15.5108 	EXP 	gram03: pos = array([-0.09907407,  0.09537037])
15.5456 	EXP 	gram03: pos = array([-0.1037037 ,  0.05740741])
15.5832 	EXP 	gram03: pos = array([-0.1212963 ,  0.02685185])
15.6182 	EXP 	gram03: pos = array([-0.13981481,  0.01111111])
15.6546 	EXP 	gram03: pos = array([-0.17314815,  0.00185185])
15.7000 	EXP 	gram03: pos = array([-0.23240741,  0.00277778])
15.7354 	EXP 	gram03: pos = array([-0.24074074,  0.00740741])
15.7699 	EXP 	gram03: pos = array([-0.2462963 ,  0.01574074])
15.8177 	EXP 	gram03: pos = array([-0.27685185,  0.06018519])
15.8546 	EXP 	gram03: pos = array([-0.27592593,  0.06481481])
15.8992 	EXP 	gram03: pos = array([-0.20462963,  0.12222222])
15.9342 	EXP 	gram03: pos = array([-0.0962963 ,  0.16296296])
15.9706 	EXP 	gram03: pos = array([-0.06388889,  0.17314815])
16.0163 	EXP 	gram03: pos = array([-0.06296296,  0.175     ])
16.0540 	EXP 	gram03: pos = array([-0.06388889,  0.18055556])
16.1013 	EXP 	gram03: pos = array([-0.0787037,  0.225    ])
16.1384 	EXP 	gram03: pos = array([-0.08425926,  0.23611111])
16.1632 	DATA 	Mouse:  Left button up, pos=(867,797)
16.7543 	DATA 	Mouse: Left button down, pos=(453,842)
16.8211 	EXP 	gram02: pos = array([-0.46944444,  0.27962963])
16.8678 	EXP 	gram02: pos = array([-0.46944444,  0.27962963])
16.9025 	EXP 	gram02: pos = array([-0.46944444,  0.27962963])
16.9397 	EXP 	gram02: pos = array([-0.44722222,  0.26296296])
16.9842 	EXP 	gram02: pos = array([-0.42407407,  0.24351852])
17.0211 	EXP 	gram02: pos = array([-0.40555556,  0.22314815])
17.0676 	EXP 	gram02: pos = array([-0.38333333,  0.19444444])
17.1036 	EXP 	gram02: pos = array([-0.35277778,  0.15462963])
17.1514 	EXP 	gram02: pos = array([-0.30740741,  0.09444444])
17.1877 	EXP 	gram02: pos = array([-0.26481481,  0.03333333])
17.2374 	EXP 	gram02: pos = array([-0.23055556, -0.025     ])
17.2721 	EXP 	gram02: pos = array([-0.2212963 , -0.03981481])
17.3176 	EXP 	gram02: pos = array([-0.2212963 , -0.03981481])
17.3534 	EXP 	gram02: pos = array([-0.2212963 , -0.03981481])
17.3869 	EXP 	gram02: pos = array([-0.2212963 , -0.03981481])
17.4220 	EXP 	gram02: pos = array([-0.2212963 , -0.03981481])
17.4681 	EXP 	gram02: pos = array([-0.23425926, -0.04259259])
17.5049 	EXP 	gram02: pos = array([-0.30092593, -0.04814815])
17.5522 	EXP 	gram02: pos = array([-0.38518519, -0.03425926])
17.5868 	EXP 	gram02: pos = array([-0.44722222,  0.00925926])
17.6225 	EXP 	gram02: pos = array([-0.47592593,  0.05462963])
17.6699 	EXP 	gram02: pos = array([-0.48425926,  0.11388889])
17.7062 	EXP 	gram02: pos = array([-0.47685185,  0.13703704])
17.7535 	EXP 	gram02: pos = array([-0.46851852,  0.14166667])
17.7902 	EXP 	gram02: pos = array([-0.44537037,  0.14907407])
17.8364 	EXP 	gram02: pos = array([-0.42685185,  0.15740741])
17.8557 	DATA 	Mouse:  Left button up, pos=(499,710)
18.5172 	DATA 	Mouse: Left button down, pos=(714,253)
18.5860 	EXP 	gram09: pos = array([-0.22777778, -0.26574074])
18.6219 	EXP 	gram09: pos = array([-0.22777778, -0.26574074])
18.6558 	EXP 	gram09: pos = array([-0.22777778, -0.26574074])
18.6899 	EXP 	gram09: pos = array([-0.22777778, -0.26574074])
18.7375 	EXP 	gram09: pos = array([-0.1787037 , -0.23796296])
18.7779 	EXP 	gram09: pos = array([-0.1462963 , -0.21851852])
18.8201 	EXP 	gram09: pos = array([-0.1212963 , -0.20462963])
18.8560 	EXP 	gram09: pos = array([-0.10185185, -0.19444444])
18.8905 	EXP 	gram09: pos = array([-0.08240741, -0.18611111])
18.9366 	EXP 	gram09: pos = array([-0.0537037 , -0.17407407])
18.9724 	EXP 	gram09: pos = array([-0.01851852, -0.15648148])
19.0104 	EXP 	gram09: pos = array([ 0.00277778, -0.14351852])
19.0551 	EXP 	gram09: pos = array([ 0.0212963 , -0.13240741])
19.0897 	EXP 	gram09: pos = array([ 0.02962963, -0.12685185])
19.1379 	EXP 	gram09: pos = array([ 0.03425926, -0.12222222])
19.1739 	EXP 	gram09: pos = array([ 0.03611111, -0.1212963 ])
19.2197 	EXP 	gram09: pos = array([ 0.03796296, -0.12037037])
19.2548 	EXP 	gram09: pos = array([ 0.03888889, -0.11851852])
19.2887 	EXP 	gram09: pos = array([ 0.03888889, -0.11851852])
19.3231 	EXP 	gram09: pos = array([ 0.03888889, -0.11851852])
19.3559 	EXP 	gram09: pos = array([ 0.03888889, -0.11851852])
19.3914 	EXP 	gram09: pos = array([ 0.03888889, -0.11851852])
19.4369 	EXP 	gram09: pos = array([ 0.03888889, -0.11759259])
19.4691 	EXP 	gram09: pos = array([ 0.03796296, -0.11666667])
19.4984 	EXP 	gram09: pos = array([ 0.03703704, -0.11574074])
19.5321 	EXP 	gram09: pos = array([ 0.03425926, -0.11296296])
19.5659 	EXP 	gram09: pos = array([-0.03796296, -0.06666667])
19.5990 	EXP 	gram09: pos = array([-0.07685185, -0.04444444])
19.6388 	EXP 	gram09: pos = array([-0.08240741, -0.03888889])
19.6733 	EXP 	gram09: pos = array([-0.08240741, -0.03703704])
19.7098 	EXP 	gram09: pos = array([-0.08240741, -0.03611111])
19.7528 	EXP 	gram09: pos = array([-0.08240741, -0.03611111])
19.7886 	EXP 	gram09: pos = array([-0.08148148, -0.03611111])
19.8237 	EXP 	gram09: pos = array([-0.0787037 , -0.03611111])
19.8589 	EXP 	gram09: pos = array([-0.03888889, -0.03796296])
19.9053 	EXP 	gram09: pos = array([ 0.01851852, -0.0462963 ])
19.9128 	DATA 	Mouse:  Left button up, pos=(998,490)
20.6871 	DATA 	Mouse: Left button down, pos=(1247,853)
20.7513 	EXP 	gram04: pos = array([0.26574074, 0.28981481])
20.7835 	EXP 	gram04: pos = array([0.26574074, 0.28981481])
20.8168 	EXP 	gram04: pos = array([0.21296296, 0.25555556])
20.8504 	EXP 	gram04: pos = array([0.16388889, 0.2212963 ])
20.8838 	EXP 	gram04: pos = array([0.12962963, 0.19351852])
20.9172 	EXP 	gram04: pos = array([0.09814815, 0.17222222])
20.9511 	EXP 	gram04: pos = array([0.07037037, 0.15      ])
20.9847 	EXP 	gram04: pos = array([0.03703704, 0.12777778])
21.0249 	EXP 	gram04: pos = array([-0.0037037 ,  0.10277778])
21.0611 	EXP 	gram04: pos = array([-0.08611111,  0.05277778])
21.1060 	EXP 	gram04: pos = array([-0.16388889,  0.00092593])
21.1405 	EXP 	gram04: pos = array([-0.21203704, -0.025     ])
21.1766 	EXP 	gram04: pos = array([-0.23703704, -0.04074074])
21.2194 	EXP 	gram04: pos = array([-0.25      , -0.04907407])
21.2527 	EXP 	gram04: pos = array([-0.25185185, -0.04907407])
21.2839 	EXP 	gram04: pos = array([-0.25185185, -0.04907407])
21.3172 	EXP 	gram04: pos = array([-0.25185185, -0.04907407])
21.3506 	EXP 	gram04: pos = array([-0.25185185, -0.04907407])
21.3679 	DATA 	Mouse:  Left button up, pos=(688,487)
21.9370 	DATA 	Mouse: Left button down, pos=(469,237)
22.0080 	EXP 	gram08: pos = array([-0.45462963, -0.28055556])
22.0422 	EXP 	gram08: pos = array([-0.45462963, -0.28055556])
22.0775 	EXP 	gram08: pos = array([-0.45462963, -0.28055556])
22.1247 	EXP 	gram08: pos = array([-0.44166667, -0.17777778])
22.1626 	EXP 	gram08: pos = array([-0.43148148, -0.13425926])
22.2068 	EXP 	gram08: pos = array([-0.41666667, -0.08611111])
22.2426 	EXP 	gram08: pos = array([-0.4037037 , -0.06481481])
22.2773 	EXP 	gram08: pos = array([-0.37962963, -0.04722222])
22.3243 	EXP 	gram08: pos = array([-0.31851852, -0.01481481])
22.3595 	EXP 	gram08: pos = array([-0.25925926,  0.00555556])
22.3965 	EXP 	gram08: pos = array([-0.20833333,  0.01481481])
22.4412 	EXP 	gram08: pos = array([-0.10648148,  0.02222222])
22.8921 	EXP 	gram04: pos = array([-0.14259259, -0.1212963 ])
22.9305 	EXP 	gram04: pos = array([-0.08333333, -0.09259259])
22.9706 	EXP 	gram04: pos = array([-0.025     , -0.06944444])
23.0029 	EXP 	gram04: pos = array([-0.01759259, -0.06666667])
23.0410 	EXP 	gram04: pos = array([-0.01666667, -0.06666667])
23.0781 	EXP 	gram04: pos = array([-0.01851852, -0.06666667])
23.1240 	EXP 	gram04: pos = array([-0.0212963 , -0.06666667])
23.1591 	EXP 	gram04: pos = array([-0.02314815, -0.06666667])
23.1954 	EXP 	gram04: pos = array([-0.025     , -0.06666667])
23.2423 	EXP 	gram04: pos = array([-0.05925926, -0.05740741])
23.2775 	EXP 	gram04: pos = array([-0.1212963 , -0.04537037])
23.3133 	EXP 	gram04: pos = array([-0.14537037, -0.03888889])
23.3603 	EXP 	gram04: pos = array([-0.16388889, -0.03518519])
23.3963 	EXP 	gram04: pos = array([-0.19351852, -0.03240741])
23.4369 	EXP 	gram04: pos = array([-0.20277778, -0.03240741])
23.4754 	EXP 	gram04: pos = array([-0.21296296, -0.03148148])
23.5104 	EXP 	gram04: pos = array([-0.23055556, -0.02962963])
23.5458 	EXP 	gram04: pos = array([-0.24074074, -0.0287037 ])
23.5913 	EXP 	gram04: pos = array([-0.26574074, -0.02685185])
23.6269 	EXP 	gram04: pos = array([-0.28055556, -0.025     ])
23.6651 	EXP 	gram04: pos = array([-0.28611111, -0.02407407])
23.7098 	EXP 	gram04: pos = array([-0.28981481, -0.02314815])
23.7456 	EXP 	gram04: pos = array([-0.29074074, -0.02222222])
23.7918 	EXP 	gram04: pos = array([-0.29259259, -0.0212963 ])
23.8211 	EXP 	gram04: pos = array([-0.29351852, -0.0212963 ])
23.8539 	EXP 	gram04: pos = array([-0.29351852, -0.01944444])
23.8872 	EXP 	gram04: pos = array([-0.29351852, -0.01666667])
23.9208 	EXP 	gram04: pos = array([-0.29351852, -0.01388889])
23.9421 	DATA 	Mouse:  Left button up, pos=(643,526)
24.5748 	DATA 	Mouse: Left button down, pos=(838,554)
24.6387 	EXP 	gram08: pos = array([-0.11296296,  0.01296296])
24.6712 	EXP 	gram08: pos = array([-0.11296296,  0.01296296])
24.7047 	EXP 	gram08: pos = array([-0.11296296,  0.01296296])
24.7381 	EXP 	gram08: pos = array([-0.11296296,  0.01296296])
24.7756 	EXP 	gram08: pos = array([-0.11296296,  0.01296296])
24.8143 	EXP 	gram08: pos = array([-0.11296296, -0.00833333])
24.8607 	EXP 	gram08: pos = array([-0.11111111, -0.02685185])
24.8968 	EXP 	gram08: pos = array([-0.10925926, -0.03333333])
24.9434 	EXP 	gram08: pos = array([-0.10277778, -0.03796296])
24.9784 	EXP 	gram08: pos = array([-0.09259259, -0.03888889])
25.0143 	EXP 	gram08: pos = array([-0.05740741, -0.03981481])
25.0613 	EXP 	gram08: pos = array([-0.02685185, -0.03888889])
25.0979 	EXP 	gram08: pos = array([-0.00925926, -0.03703704])
25.1437 	EXP 	gram08: pos = array([-0.0037037 , -0.03703704])
25.1786 	EXP 	gram08: pos = array([-0.00185185, -0.03703704])
25.2125 	EXP 	gram08: pos = array([ 0.        , -0.03703704])
25.2480 	EXP 	gram08: pos = array([ 0.00185185, -0.03703704])
25.2942 	EXP 	gram08: pos = array([ 0.00462963, -0.03703704])
25.3342 	EXP 	gram08: pos = array([ 0.00740741, -0.03703704])
25.3787 	EXP 	gram08: pos = array([ 0.01111111, -0.03703704])
25.4273 	EXP 	gram08: pos = array([ 0.01666667, -0.03796296])
25.4828 	EXP 	gram08: pos = array([ 0.0287037 , -0.03888889])
25.5223 	EXP 	gram08: pos = array([ 0.04351852, -0.03981481])
25.5586 	EXP 	gram08: pos = array([ 0.05925926, -0.03981481])
25.5946 	EXP 	gram08: pos = array([ 0.08425926, -0.04074074])
25.6318 	EXP 	gram08: pos = array([ 0.11296296, -0.04074074])
25.6774 	EXP 	gram08: pos = array([ 0.16203704, -0.04259259])
25.7132 	EXP 	gram08: pos = array([ 0.20185185, -0.04166667])
25.7486 	EXP 	gram08: pos = array([ 0.23333333, -0.03611111])
25.7943 	EXP 	gram08: pos = array([ 0.26944444, -0.02314815])
25.8327 	EXP 	gram08: pos = array([ 0.2787037 , -0.01388889])
25.8783 	EXP 	gram08: pos = array([ 0.28333333, -0.00555556])
25.9155 	EXP 	gram08: pos = array([0.28703704, 0.        ])
25.9622 	EXP 	gram08: pos = array([0.28981481, 0.00462963])
25.9992 	EXP 	gram08: pos = array([0.29074074, 0.00740741])
26.0435 	EXP 	gram08: pos = array([0.29074074, 0.01018519])
26.0595 	DATA 	Mouse:  Left button up, pos=(1274,551)
26.7284 	DATA 	Mouse: Left button down, pos=(1451,849)
26.8303 	EXP 	gram05: pos = array([0.45462963, 0.28611111])
26.8655 	EXP 	gram05: pos = array([0.45      , 0.29537037])
26.9132 	EXP 	gram05: pos = array([0.44259259, 0.3037037 ])
26.9482 	EXP 	gram05: pos = array([0.43518519, 0.30833333])
26.9957 	EXP 	gram05: pos = array([0.41944444, 0.31759259])
27.0350 	EXP 	gram05: pos = array([0.40092593, 0.32685185])
27.0737 	EXP 	gram05: pos = array([0.375     , 0.33055556])
27.1071 	EXP 	gram05: pos = array([0.34444444, 0.32962963])
27.1405 	EXP 	gram05: pos = array([0.32592593, 0.32777778])
27.1740 	EXP 	gram05: pos = array([0.30185185, 0.32222222])
27.2091 	EXP 	gram05: pos = array([0.2712963 , 0.31018519])
27.2468 	EXP 	gram05: pos = array([0.23981481, 0.29537037])
27.2823 	EXP 	gram05: pos = array([0.21851852, 0.27407407])
27.3188 	EXP 	gram05: pos = array([0.19351852, 0.23611111])
27.3622 	EXP 	gram05: pos = array([0.18240741, 0.2       ])
27.3975 	EXP 	gram05: pos = array([0.18240741, 0.175     ])
27.4329 	EXP 	gram05: pos = array([0.19444444, 0.15092593])
27.4786 	EXP 	gram05: pos = array([0.21851852, 0.12314815])
27.5168 	EXP 	gram05: pos = array([0.2462963 , 0.08796296])
27.5628 	EXP 	gram05: pos = array([0.27222222, 0.0537037 ])
27.6002 	EXP 	gram05: pos = array([0.28518519, 0.03518519])
27.6468 	EXP 	gram05: pos = array([0.29722222, 0.02407407])
27.6839 	EXP 	gram05: pos = array([0.30555556, 0.01851852])
27.7292 	EXP 	gram05: pos = array([0.3212963 , 0.01018519])
27.7657 	EXP 	gram05: pos = array([0.33240741, 0.00555556])
27.8140 	EXP 	gram05: pos = array([0.34814815, 0.00277778])
27.8492 	EXP 	gram05: pos = array([0.36296296, 0.00092593])
27.8984 	EXP 	gram05: pos = array([0.39351852, 0.00092593])
27.9329 	EXP 	gram05: pos = array([0.41203704, 0.00185185])
27.9666 	EXP 	gram05: pos = array([0.4462963 , 0.00740741])
28.0140 	EXP 	gram05: pos = array([0.49444444, 0.02407407])
28.0505 	EXP 	gram05: pos = array([0.55092593, 0.0537037 ])
28.0989 	EXP 	gram05: pos = array([0.59074074, 0.08055556])
28.1410 	EXP 	gram05: pos = array([0.6       , 0.09074074])
28.1749 	EXP 	gram05: pos = array([0.60092593, 0.09444444])
28.1796 	DATA 	Mouse:  Left button up, pos=(1609,642)
28.8947 	DATA 	Mouse: Left button down, pos=(1736,875)
28.9657 	EXP 	gram06: pos = array([0.71851852, 0.31018519])
29.0022 	EXP 	gram06: pos = array([0.67407407, 0.31666667])
29.0471 	EXP 	gram06: pos = array([0.63333333, 0.31759259])
29.0838 	EXP 	gram06: pos = array([0.58333333, 0.31388889])
29.1180 	EXP 	gram06: pos = array([0.56296296, 0.30925926])
29.1652 	EXP 	gram06: pos = array([0.525     , 0.28888889])
29.2045 	EXP 	gram06: pos = array([0.48703704, 0.26759259])
29.2482 	EXP 	gram06: pos = array([0.46944444, 0.25185185])
29.2835 	EXP 	gram06: pos = array([0.45092593, 0.22777778])
29.3214 	EXP 	gram06: pos = array([0.43055556, 0.1962963 ])
29.3659 	EXP 	gram06: pos = array([0.41296296, 0.15      ])
29.4017 	EXP 	gram06: pos = array([0.40185185, 0.10648148])
29.4360 	EXP 	gram06: pos = array([0.39166667, 0.08333333])
29.4812 	EXP 	gram06: pos = array([0.37685185, 0.06018519])
29.5166 	EXP 	gram06: pos = array([0.34259259, 0.0287037 ])
29.5536 	EXP 	gram06: pos = array([0.30092593, 0.00092593])
29.6038 	EXP 	gram06: pos = array([ 0.24351852, -0.03796296])
29.6481 	EXP 	gram06: pos = array([ 0.19814815, -0.0712963 ])
29.6850 	EXP 	gram06: pos = array([ 0.17037037, -0.08888889])
29.7324 	EXP 	gram06: pos = array([ 0.1212963 , -0.11944444])
29.7719 	EXP 	gram06: pos = array([ 0.07962963, -0.15462963])
29.8156 	EXP 	gram06: pos = array([ 0.04722222, -0.18611111])
29.8558 	EXP 	gram06: pos = array([ 0.02037037, -0.20833333])
29.8995 	EXP 	gram06: pos = array([ 0.01203704, -0.21851852])
29.9357 	EXP 	gram06: pos = array([ 0.01018519, -0.21851852])
29.9818 	EXP 	gram06: pos = array([ 0.01018519, -0.21944444])
30.0165 	EXP 	gram06: pos = array([ 0.01018519, -0.21944444])
30.0517 	EXP 	gram06: pos = array([ 0.01018519, -0.21944444])
30.0862 	EXP 	gram06: pos = array([ 0.01018519, -0.21944444])
30.1326 	EXP 	gram06: pos = array([ 0.02407407, -0.21018519])
30.1695 	EXP 	gram06: pos = array([ 0.08240741, -0.16759259])
30.2170 	EXP 	gram06: pos = array([ 0.11666667, -0.125     ])
30.2528 	EXP 	gram06: pos = array([ 0.17685185, -0.03796296])
30.2969 	EXP 	gram06: pos = array([0.22777778, 0.02962963])
30.3271 	EXP 	gram06: pos = array([0.25185185, 0.05925926])
30.3605 	EXP 	gram06: pos = array([0.28333333, 0.08981481])
30.3942 	EXP 	gram06: pos = array([0.31111111, 0.11759259])
30.4322 	EXP 	gram06: pos = array([0.34074074, 0.15185185])
30.4681 	EXP 	gram06: pos = array([0.36574074, 0.1787037 ])
30.5024 	EXP 	gram06: pos = array([0.41944444, 0.22314815])
30.5368 	EXP 	gram06: pos = array([0.46481481, 0.25277778])
30.5837 	EXP 	gram06: pos = array([0.50462963, 0.2712963 ])
30.6185 	EXP 	gram06: pos = array([0.53518519, 0.28518519])
30.6531 	EXP 	gram06: pos = array([0.5462963 , 0.28888889])
30.7002 	EXP 	gram06: pos = array([0.57037037, 0.29537037])
30.7362 	EXP 	gram06: pos = array([0.59722222, 0.30277778])
30.7820 	EXP 	gram06: pos = array([0.60092593, 0.30092593])
30.7894 	DATA 	Mouse:  Left button up, pos=(1609,865)
31.8201 	DATA 	Mouse: Left button down, pos=(1702,183)
31.9009 	EXP 	gram12: pos = array([ 0.68703704, -0.33055556])
31.9308 	EXP 	gram12: pos = array([ 0.68703704, -0.33055556])
31.9628 	EXP 	gram12: pos = array([ 0.68703704, -0.33055556])
31.9962 	EXP 	gram12: pos = array([ 0.66296296, -0.31296296])
32.0295 	EXP 	gram12: pos = array([ 0.62222222, -0.27962963])
32.0631 	EXP 	gram12: pos = array([ 0.59259259, -0.23888889])
32.0962 	EXP 	gram12: pos = array([ 0.56388889, -0.2037037 ])
32.1300 	EXP 	gram12: pos = array([ 0.53518519, -0.16111111])
32.1688 	EXP 	gram12: pos = array([ 0.51759259, -0.12962963])
32.2039 	EXP 	gram12: pos = array([ 0.49259259, -0.09074074])
32.2388 	EXP 	gram12: pos = array([ 0.48240741, -0.06111111])
32.2881 	EXP 	gram12: pos = array([ 0.46944444, -0.01944444])
32.3339 	EXP 	gram12: pos = array([0.45092593, 0.06111111])
32.3706 	EXP 	gram12: pos = array([0.43518519, 0.125     ])
32.4056 	EXP 	gram12: pos = array([0.42685185, 0.14722222])
32.4518 	EXP 	gram12: pos = array([0.425     , 0.14814815])
32.4887 	EXP 	gram12: pos = array([0.40277778, 0.15      ])
32.5360 	EXP 	gram12: pos = array([0.36944444, 0.15      ])
32.5697 	EXP 	gram12: pos = array([0.36944444, 0.15      ])
32.6041 	EXP 	gram12: pos = array([0.36944444, 0.15      ])
32.6372 	EXP 	gram12: pos = array([0.36944444, 0.15      ])
32.6706 	EXP 	gram12: pos = array([0.36944444, 0.15      ])
32.7042 	EXP 	gram12: pos = array([0.36944444, 0.15      ])
32.7377 	EXP 	gram12: pos = array([0.36944444, 0.15      ])
32.7721 	EXP 	gram12: pos = array([0.36944444, 0.15      ])
32.8181 	EXP 	gram12: pos = array([0.34444444, 0.21018519])
32.8539 	EXP 	gram12: pos = array([0.33148148, 0.25      ])
32.8898 	EXP 	gram12: pos = array([0.32592593, 0.26388889])
32.9358 	EXP 	gram12: pos = array([0.3212963 , 0.27222222])
32.9705 	EXP 	gram12: pos = array([0.31944444, 0.27314815])
33.0065 	EXP 	gram12: pos = array([0.31944444, 0.27314815])
33.0511 	EXP 	gram12: pos = array([0.31944444, 0.27314815])
33.0711 	DATA 	Mouse:  Left button up, pos=(1305,835)
34.0671 	DATA 	Mouse: Left button down, pos=(200,196)
34.1323 	EXP 	gram07: pos = array([-0.7037037 , -0.31851852])
34.1647 	EXP 	gram07: pos = array([-0.7037037 , -0.31851852])
34.1981 	EXP 	gram07: pos = array([-0.69537037, -0.30555556])
34.2321 	EXP 	gram07: pos = array([-0.67407407, -0.26759259])
34.2711 	EXP 	gram07: pos = array([-0.67222222, -0.24537037])
34.3054 	EXP 	gram07: pos = array([-0.6712963 , -0.21111111])
34.3547 	EXP 	gram07: pos = array([-0.675     , -0.15648148])
34.3920 	EXP 	gram07: pos = array([-0.68148148, -0.12037037])
34.4367 	EXP 	gram07: pos = array([-0.68611111, -0.09722222])
34.4732 	EXP 	gram07: pos = array([-0.69259259, -0.08148148])
34.5110 	EXP 	gram07: pos = array([-0.6962963 , -0.07685185])
34.5540 	EXP 	gram07: pos = array([-0.69814815, -0.075     ])
34.5959 	EXP 	gram07: pos = array([-0.7  , -0.075])
34.6385 	EXP 	gram07: pos = array([-0.70092593, -0.07407407])
34.6745 	EXP 	gram07: pos = array([-0.70277778, -0.07407407])
34.6938 	DATA 	Mouse:  Left button up, pos=(201,460)
35.7023 	DATA 	Mouse: Left button down, pos=(1370,178)
35.7674 	EXP 	gram11: pos = array([ 0.37962963, -0.33518519])
35.7999 	EXP 	gram11: pos = array([ 0.37962963, -0.33518519])
35.8334 	EXP 	gram11: pos = array([ 0.38703704, -0.33425926])
35.8730 	EXP 	gram11: pos = array([ 0.41018519, -0.325     ])
35.9110 	EXP 	gram11: pos = array([ 0.43611111, -0.31203704])
35.9557 	EXP 	gram11: pos = array([ 0.45925926, -0.30185185])
35.9922 	EXP 	gram11: pos = array([ 0.47685185, -0.28888889])
36.0399 	EXP 	gram11: pos = array([ 0.51481481, -0.26481481])
36.0751 	EXP 	gram11: pos = array([ 0.53796296, -0.24814815])
36.1091 	EXP 	gram11: pos = array([ 0.58333333, -0.21296296])
36.1557 	EXP 	gram11: pos = array([ 0.62962963, -0.17314815])
36.1914 	EXP 	gram11: pos = array([ 0.68796296, -0.11574074])
36.2284 	EXP 	gram11: pos = array([ 0.71388889, -0.09351852])
36.2728 	EXP 	gram11: pos = array([ 0.73888889, -0.075     ])
36.3095 	EXP 	gram11: pos = array([ 0.75      , -0.06851852])
36.3470 	EXP 	gram11: pos = array([ 0.76574074, -0.05925926])
36.3881 	EXP 	gram11: pos = array([ 0.77777778, -0.05092593])
36.4236 	EXP 	gram11: pos = array([ 0.7787037 , -0.05092593])
36.4586 	EXP 	gram11: pos = array([ 0.7787037, -0.05     ])
36.4918 	EXP 	gram11: pos = array([ 0.7787037, -0.05     ])
36.5249 	EXP 	gram11: pos = array([ 0.7787037, -0.05     ])
36.5325 	DATA 	Mouse:  Left button up, pos=(1801,486)
37.2597 	DATA 	Mouse: Left button down, pos=(1216,173)
37.3398 	EXP 	gram10: pos = array([ 0.23703704, -0.33981481])
37.3696 	EXP 	gram10: pos = array([ 0.23518519, -0.33981481])
37.4022 	EXP 	gram10: pos = array([ 0.21111111, -0.33888889])
37.4355 	EXP 	gram10: pos = array([ 0.17222222, -0.33333333])
37.4689 	EXP 	gram10: pos = array([ 0.1537037 , -0.33148148])
37.5024 	EXP 	gram10: pos = array([ 0.13796296, -0.33148148])
37.5358 	EXP 	gram10: pos = array([ 0.12314815, -0.32962963])
37.5693 	EXP 	gram10: pos = array([ 0.11111111, -0.32777778])
37.6028 	EXP 	gram10: pos = array([ 0.0962963 , -0.32407407])
37.6358 	EXP 	gram10: pos = array([ 0.07222222, -0.32037037])
37.6691 	EXP 	gram10: pos = array([ 0.04351852, -0.31481481])
37.7030 	EXP 	gram10: pos = array([ 0.03148148, -0.31111111])
37.7375 	EXP 	gram10: pos = array([ 0.025     , -0.30833333])
37.7694 	EXP 	gram10: pos = array([ 0.01944444, -0.30740741])
37.8034 	EXP 	gram10: pos = array([ 0.01388889, -0.30555556])
37.8356 	EXP 	gram10: pos = array([ 0.00925926, -0.3037037 ])
37.8690 	EXP 	gram10: pos = array([ 0.00555556, -0.30185185])
37.9040 	EXP 	gram10: pos = array([ 0.00092593, -0.3       ])
37.9389 	EXP 	gram10: pos = array([-0.00185185, -0.29907407])
37.9696 	EXP 	gram10: pos = array([-0.0037037 , -0.29722222])
38.0046 	EXP 	gram10: pos = array([-0.00462963, -0.29722222])
38.0363 	EXP 	gram10: pos = array([-0.00462963, -0.29722222])
38.0697 	EXP 	gram10: pos = array([-0.00462963, -0.29722222])
38.0870 	DATA 	Mouse:  Left button up, pos=(955,219)
43.7165 	DATA 	Mouse: Left button down, pos=(210,882)
43.7755 	EXP 	one: autoDraw = False
43.7755 	EXP 	two: autoDraw = False
43.7755 	EXP 	three: autoDraw = False
43.7755 	EXP 	seven: autoDraw = False
43.7755 	EXP 	eight: autoDraw = False
43.7755 	EXP 	nine: autoDraw = False
43.7755 	EXP 	four: autoDraw = False
43.7755 	EXP 	five: autoDraw = False
43.7755 	EXP 	six: autoDraw = False
43.7755 	EXP 	ten: autoDraw = False
43.7755 	EXP 	eleven: autoDraw = False
43.7755 	EXP 	twelve: autoDraw = False
43.7755 	EXP 	gram01: autoDraw = False
43.7755 	EXP 	gram02: autoDraw = False
43.7755 	EXP 	gram03: autoDraw = False
43.7755 	EXP 	gram04: autoDraw = False
43.7755 	EXP 	gram05: autoDraw = False
43.7755 	EXP 	gram06: autoDraw = False
43.7755 	EXP 	gram07: autoDraw = False
43.7755 	EXP 	gram08: autoDraw = False
43.7755 	EXP 	gram09: autoDraw = False
43.7755 	EXP 	gram10: autoDraw = False
43.7755 	EXP 	gram11: autoDraw = False
43.7755 	EXP 	gram12: autoDraw = False
43.8405 	EXP 	window1: mouseVisible = True
