13.1732 	EXP 	Created window1 = Window(allowGUI=True, allowStencil=False, args=UNKNOWN, autoLog=True, bitsMode=UNKNOWN, blendMode='avg', color=array([0., 0., 0.]), colorSpace='rgb', fullscr=<method-wrapper '__getattribute__' of attributeSetter object at 0x0000019D66BF1DD8>, gamma=None, gammaErrorPolicy='raise', kwargs=UNKNOWN, lms=UNKNOWN, monitor=<psychopy.monitors.calibTools.Monitor object at 0x0000019D66BE69B0>, multiSample=False, name='window1', numSamples=2, pos=[0.0, 0.0], screen=0, size=array([1920, 1080]), stereo=False, units='height', useFBO=True, useRetina=False, viewOri=0.0, viewPos=None, viewScale=None, waitBlanking=True, winType='pyglet')
13.1733 	EXP 	window1: recordFrameIntervals = False
13.3382 	EXP 	window1: recordFrameIntervals = True
13.5223 	EXP 	window1: recordFrameIntervals = False
13.9314 	EXP 	Created instruction_text = TextStim(__class__=<class 'psychopy.visual.text.TextStim'>, alignHoriz='center', alignVert='center', antialias=True, autoLog=True, bold=False, color='white', colorSpace='named', contrast=1.0, depth=0.0, flipHoriz=False, flipVert=False, font='Arial', fontFiles=[], height=0.05, italic=False, languageStyle='LTR', name='instruction_text', opacity=1.0, ori=0, pos=array([0., 0.]), rgb=array([255., 255., 255.]), text=str(...), units='height', win=Window(...), wrapWidth=1)
13.9397 	EXP 	Created text_2 = TextStim(__class__=<class 'psychopy.visual.text.TextStim'>, alignHoriz='center', alignVert='center', antialias=True, autoLog=True, bold=False, color='white', colorSpace='named', contrast=1.0, depth=-2.0, flipHoriz=False, flipVert=False, font='Arial', fontFiles=[], height=0.05, italic=False, languageStyle='LTR', name='text_2', opacity=1.0, ori=0, pos=array([ 0.  , -0.45]), rgb=array([255., 255., 255.]), text='Click here to continue.', units='height', win=Window(...), wrapWidth=1)
13.9500 	EXP 	Created text = TextStim(__class__=<class 'psychopy.visual.text.TextStim'>, alignHoriz='center', alignVert='center', antialias=True, autoLog=True, bold=False, color='white', colorSpace='named', contrast=1.0, depth=0.0, flipHoriz=False, flipVert=False, font='Arial', fontFiles=[], height=0.05, italic=False, languageStyle='LTR', name='text', opacity=1.0, ori=0, pos=array([0., 0.]), rgb=array([255., 255., 255.]), text='Here is a video example.', units='height', win=Window(...), wrapWidth=1)
13.9752 	EXP 	Created one = ImageStim(__class__=<class 'psychopy.visual.image.ImageStim'>, autoLog=True, color=array([1., 1., 1.]), colorSpace='rgb', contrast=1.0, depth=0.0, flipHoriz=False, flipVert=False, image=str(...), interpolate=True, mask=None, maskParams=None, name='one', opacity=1.0, ori=0.0, pos=array([-0.7,  0.3]), size=array([0.22, 0.22]), texRes=128, units='height', win=Window(...))
13.9988 	EXP 	Created two = ImageStim(__class__=<class 'psychopy.visual.image.ImageStim'>, autoLog=True, color=array([1., 1., 1.]), colorSpace='rgb', contrast=1.0, depth=-2.0, flipHoriz=False, flipVert=False, image=str(...), interpolate=True, mask=None, maskParams=None, name='two', opacity=1.0, ori=0.0, pos=array([-0.45,  0.3 ]), size=array([0.22, 0.22]), texRes=128, units='height', win=Window(...))
14.0208 	EXP 	Created three = ImageStim(__class__=<class 'psychopy.visual.image.ImageStim'>, autoLog=True, color=array([1., 1., 1.]), colorSpace='rgb', contrast=1.0, depth=-3.0, flipHoriz=False, flipVert=False, image=str(...), interpolate=True, mask=None, maskParams=None, name='three', opacity=1.0, ori=0.0, pos=array([-0.2,  0.3]), size=array([0.22, 0.22]), texRes=128, units='height', win=Window(...))
14.0435 	EXP 	Created seven = ImageStim(__class__=<class 'psychopy.visual.image.ImageStim'>, autoLog=True, color=array([1., 1., 1.]), colorSpace='rgb', contrast=1.0, depth=-4.0, flipHoriz=False, flipVert=False, image=str(...), interpolate=True, mask=None, maskParams=None, name='seven', opacity=1.0, ori=0.0, pos=array([-0.7, -0.3]), size=array([0.22, 0.22]), texRes=128, units='height', win=Window(...))
14.0654 	EXP 	Created eight = ImageStim(__class__=<class 'psychopy.visual.image.ImageStim'>, autoLog=True, color=array([1., 1., 1.]), colorSpace='rgb', contrast=1.0, depth=-5.0, flipHoriz=False, flipVert=False, image=str(...), interpolate=True, mask=None, maskParams=None, name='eight', opacity=1.0, ori=0.0, pos=array([-0.45, -0.3 ]), size=array([0.22, 0.22]), texRes=128, units='height', win=Window(...))
14.0869 	EXP 	Created nine = ImageStim(__class__=<class 'psychopy.visual.image.ImageStim'>, autoLog=True, color=array([1., 1., 1.]), colorSpace='rgb', contrast=1.0, depth=-6.0, flipHoriz=False, flipVert=False, image=str(...), interpolate=True, mask=None, maskParams=None, name='nine', opacity=1.0, ori=0.0, pos=array([-0.2, -0.3]), size=array([0.22, 0.22]), texRes=128, units='height', win=Window(...))
14.1085 	EXP 	Created four = ImageStim(__class__=<class 'psychopy.visual.image.ImageStim'>, autoLog=True, color=array([1., 1., 1.]), colorSpace='rgb', contrast=1.0, depth=-7.0, flipHoriz=False, flipVert=False, image=str(...), interpolate=True, mask=None, maskParams=None, name='four', opacity=1.0, ori=0.0, pos=array([0.2, 0.3]), size=array([0.22, 0.22]), texRes=128, units='height', win=Window(...))
14.1299 	EXP 	Created five = ImageStim(__class__=<class 'psychopy.visual.image.ImageStim'>, autoLog=True, color=array([1., 1., 1.]), colorSpace='rgb', contrast=1.0, depth=-8.0, flipHoriz=False, flipVert=False, image=str(...), interpolate=True, mask=None, maskParams=None, name='five', opacity=1.0, ori=0.0, pos=array([0.45, 0.3 ]), size=array([0.22, 0.22]), texRes=128, units='height', win=Window(...))
14.1517 	EXP 	Created six = ImageStim(__class__=<class 'psychopy.visual.image.ImageStim'>, autoLog=True, color=array([1., 1., 1.]), colorSpace='rgb', contrast=1.0, depth=-9.0, flipHoriz=False, flipVert=False, image=str(...), interpolate=True, mask=None, maskParams=None, name='six', opacity=1.0, ori=0.0, pos=array([0.7, 0.3]), size=array([0.22, 0.22]), texRes=128, units='height', win=Window(...))
14.1730 	EXP 	Created ten = ImageStim(__class__=<class 'psychopy.visual.image.ImageStim'>, autoLog=True, color=array([1., 1., 1.]), colorSpace='rgb', contrast=1.0, depth=-10.0, flipHoriz=False, flipVert=False, image=str(...), interpolate=True, mask=None, maskParams=None, name='ten', opacity=1.0, ori=0.0, pos=array([ 0.2, -0.3]), size=array([0.22, 0.22]), texRes=128, units='height', win=Window(...))
14.1942 	EXP 	Created eleven = ImageStim(__class__=<class 'psychopy.visual.image.ImageStim'>, autoLog=True, color=array([1., 1., 1.]), colorSpace='rgb', contrast=1.0, depth=-11.0, flipHoriz=False, flipVert=False, image=str(...), interpolate=True, mask=None, maskParams=None, name='eleven', opacity=1.0, ori=0.0, pos=array([ 0.45, -0.3 ]), size=array([0.22, 0.22]), texRes=128, units='height', win=Window(...))
14.2155 	EXP 	Created twelve = ImageStim(__class__=<class 'psychopy.visual.image.ImageStim'>, autoLog=True, color=array([1., 1., 1.]), colorSpace='rgb', contrast=1.0, depth=-12.0, flipHoriz=False, flipVert=False, image=str(...), interpolate=True, mask=None, maskParams=None, name='twelve', opacity=1.0, ori=0.0, pos=array([ 0.7, -0.3]), size=array([0.22, 0.22]), texRes=128, units='height', win=Window(...))
14.2257 	EXP 	Created continue_text = TextStim(__class__=<class 'psychopy.visual.text.TextStim'>, alignHoriz='center', alignVert='center', antialias=True, autoLog=True, bold=False, color='white', colorSpace='named', contrast=1.0, depth=0.0, flipHoriz=False, flipVert=False, font='Arial', fontFiles=[], height=0.001, italic=False, languageStyle='LTR', name='continue_text', opacity=0.0, ori=0, pos=array([1.5, 1.5]), rgb=array([255., 255., 255.]), text='Continue', units='height', win=Window(...), wrapWidth=1)
14.2429 	EXP 	Created gram01 = ImageStim(__class__=<class 'psychopy.visual.image.ImageStim'>, autoLog=True, color=array([1., 1., 1.]), colorSpace='rgb', contrast=1.0, depth=-14.0, flipHoriz=False, flipVert=False, image=str(...), interpolate=True, mask=None, maskParams=None, name='gram01', opacity=1.0, ori=0.0, pos=array([-0.7,  0.3]), size=array([0.22, 0.22]), texRes=128, units='height', win=Window(...))
14.2513 	EXP 	Created gram02 = ImageStim(__class__=<class 'psychopy.visual.image.ImageStim'>, autoLog=True, color=array([1., 1., 1.]), colorSpace='rgb', contrast=1.0, depth=-15.0, flipHoriz=False, flipVert=False, image=str(...), interpolate=True, mask=None, maskParams=None, name='gram02', opacity=1.0, ori=0.0, pos=array([-0.45,  0.3 ]), size=array([0.22, 0.22]), texRes=128, units='height', win=Window(...))
14.2578 	EXP 	Created gram03 = ImageStim(__class__=<class 'psychopy.visual.image.ImageStim'>, autoLog=True, color=array([1., 1., 1.]), colorSpace='rgb', contrast=1.0, depth=-16.0, flipHoriz=False, flipVert=False, image=str(...), interpolate=True, mask=None, maskParams=None, name='gram03', opacity=1.0, ori=0.0, pos=array([-0.2,  0.3]), size=array([0.22, 0.22]), texRes=128, units='height', win=Window(...))
14.2679 	EXP 	Created gram04 = ImageStim(__class__=<class 'psychopy.visual.image.ImageStim'>, autoLog=True, color=array([1., 1., 1.]), colorSpace='rgb', contrast=1.0, depth=-17.0, flipHoriz=False, flipVert=False, image=str(...), interpolate=True, mask=None, maskParams=None, name='gram04', opacity=1.0, ori=0.0, pos=array([0.2, 0.3]), size=array([0.22, 0.22]), texRes=128, units='height', win=Window(...))
14.2731 	EXP 	Created gram05 = ImageStim(__class__=<class 'psychopy.visual.image.ImageStim'>, autoLog=True, color=array([1., 1., 1.]), colorSpace='rgb', contrast=1.0, depth=-18.0, flipHoriz=False, flipVert=False, image=str(...), interpolate=True, mask=None, maskParams=None, name='gram05', opacity=1.0, ori=0.0, pos=array([0.45, 0.3 ]), size=array([0.22, 0.22]), texRes=128, units='height', win=Window(...))
14.2826 	EXP 	Created gram06 = ImageStim(__class__=<class 'psychopy.visual.image.ImageStim'>, autoLog=True, color=array([1., 1., 1.]), colorSpace='rgb', contrast=1.0, depth=-19.0, flipHoriz=False, flipVert=False, image=str(...), interpolate=True, mask=None, maskParams=None, name='gram06', opacity=1.0, ori=0.0, pos=array([0.7, 0.3]), size=array([0.22, 0.22]), texRes=128, units='height', win=Window(...))
14.2880 	EXP 	Created gram07 = ImageStim(__class__=<class 'psychopy.visual.image.ImageStim'>, autoLog=True, color=array([1., 1., 1.]), colorSpace='rgb', contrast=1.0, depth=-20.0, flipHoriz=False, flipVert=False, image=str(...), interpolate=True, mask=None, maskParams=None, name='gram07', opacity=1.0, ori=0.0, pos=array([-0.7, -0.3]), size=array([0.22, 0.22]), texRes=128, units='height', win=Window(...))
14.3031 	EXP 	Created gram08 = ImageStim(__class__=<class 'psychopy.visual.image.ImageStim'>, autoLog=True, color=array([1., 1., 1.]), colorSpace='rgb', contrast=1.0, depth=-21.0, flipHoriz=False, flipVert=False, image=str(...), interpolate=True, mask=None, maskParams=None, name='gram08', opacity=1.0, ori=0.0, pos=array([-0.45, -0.3 ]), size=array([0.22, 0.22]), texRes=128, units='height', win=Window(...))
14.3083 	EXP 	Created gram09 = ImageStim(__class__=<class 'psychopy.visual.image.ImageStim'>, autoLog=True, color=array([1., 1., 1.]), colorSpace='rgb', contrast=1.0, depth=-22.0, flipHoriz=False, flipVert=False, image=str(...), interpolate=True, mask=None, maskParams=None, name='gram09', opacity=1.0, ori=0.0, pos=array([-0.2, -0.3]), size=array([0.22, 0.22]), texRes=128, units='height', win=Window(...))
14.3318 	EXP 	Created gram10 = ImageStim(__class__=<class 'psychopy.visual.image.ImageStim'>, autoLog=True, color=array([1., 1., 1.]), colorSpace='rgb', contrast=1.0, depth=-23.0, flipHoriz=False, flipVert=False, image=str(...), interpolate=True, mask=None, maskParams=None, name='gram10', opacity=1.0, ori=0.0, pos=array([ 0.2, -0.3]), size=array([0.22, 0.22]), texRes=128, units='height', win=Window(...))
14.3484 	EXP 	Created gram11 = ImageStim(__class__=<class 'psychopy.visual.image.ImageStim'>, autoLog=True, color=array([1., 1., 1.]), colorSpace='rgb', contrast=1.0, depth=-24.0, flipHoriz=False, flipVert=False, image=str(...), interpolate=True, mask=None, maskParams=None, name='gram11', opacity=1.0, ori=0.0, pos=array([ 0.45, -0.3 ]), size=array([0.22, 0.22]), texRes=128, units='height', win=Window(...))
14.3620 	EXP 	Created gram12 = ImageStim(__class__=<class 'psychopy.visual.image.ImageStim'>, autoLog=True, color=array([1., 1., 1.]), colorSpace='rgb', contrast=1.0, depth=-25.0, flipHoriz=False, flipVert=False, image=str(...), interpolate=True, mask=None, maskParams=None, name='gram12', opacity=1.0, ori=0.0, pos=array([ 0.7, -0.3]), size=array([0.22, 0.22]), texRes=128, units='height', win=Window(...))
14.3703 	EXP 	Created easy_succ = TextStim(__class__=<class 'psychopy.visual.text.TextStim'>, alignHoriz='center', alignVert='center', antialias=True, autoLog=True, bold=False, color='white', colorSpace='named', contrast=1.0, depth=-26.0, flipHoriz=False, flipVert=False, font='Arial', fontFiles=[], height=0.05, italic=False, languageStyle='LTR', name='easy_succ', opacity=1.0, ori=0, pos=array([-0.3,  0. ]), rgb=array([255., 255., 255.]), text='Move On', units='height', win=Window(...), wrapWidth=1)
14.3918 	EXP 	Created one_2 = ImageStim(__class__=<class 'psychopy.visual.image.ImageStim'>, autoLog=True, color=array([1., 1., 1.]), colorSpace='rgb', contrast=1.0, depth=0.0, flipHoriz=False, flipVert=False, image=str(...), interpolate=True, mask=None, maskParams=None, name='one_2', opacity=1.0, ori=0.0, pos=array([-0.7,  0.3]), size=array([0.22, 0.22]), texRes=128, units='height', win=Window(...))
14.4133 	EXP 	Created two_2 = ImageStim(__class__=<class 'psychopy.visual.image.ImageStim'>, autoLog=True, color=array([1., 1., 1.]), colorSpace='rgb', contrast=1.0, depth=-2.0, flipHoriz=False, flipVert=False, image=str(...), interpolate=True, mask=None, maskParams=None, name='two_2', opacity=1.0, ori=0.0, pos=array([-0.45,  0.3 ]), size=array([0.22, 0.22]), texRes=128, units='height', win=Window(...))
14.4342 	EXP 	Created three_2 = ImageStim(__class__=<class 'psychopy.visual.image.ImageStim'>, autoLog=True, color=array([1., 1., 1.]), colorSpace='rgb', contrast=1.0, depth=-3.0, flipHoriz=False, flipVert=False, image=str(...), interpolate=True, mask=None, maskParams=None, name='three_2', opacity=1.0, ori=0.0, pos=array([-0.2,  0.3]), size=array([0.22, 0.22]), texRes=128, units='height', win=Window(...))
14.4550 	EXP 	Created seven_2 = ImageStim(__class__=<class 'psychopy.visual.image.ImageStim'>, autoLog=True, color=array([1., 1., 1.]), colorSpace='rgb', contrast=1.0, depth=-4.0, flipHoriz=False, flipVert=False, image=str(...), interpolate=True, mask=None, maskParams=None, name='seven_2', opacity=1.0, ori=0.0, pos=array([-0.7, -0.3]), size=array([0.22, 0.22]), texRes=128, units='height', win=Window(...))
14.4765 	EXP 	Created eight_2 = ImageStim(__class__=<class 'psychopy.visual.image.ImageStim'>, autoLog=True, color=array([1., 1., 1.]), colorSpace='rgb', contrast=1.0, depth=-5.0, flipHoriz=False, flipVert=False, image=str(...), interpolate=True, mask=None, maskParams=None, name='eight_2', opacity=1.0, ori=0.0, pos=array([-0.45, -0.3 ]), size=array([0.22, 0.22]), texRes=128, units='height', win=Window(...))
14.4972 	EXP 	Created nine_2 = ImageStim(__class__=<class 'psychopy.visual.image.ImageStim'>, autoLog=True, color=array([1., 1., 1.]), colorSpace='rgb', contrast=1.0, depth=-6.0, flipHoriz=False, flipVert=False, image=str(...), interpolate=True, mask=None, maskParams=None, name='nine_2', opacity=1.0, ori=0.0, pos=array([-0.2, -0.3]), size=array([0.22, 0.22]), texRes=128, units='height', win=Window(...))
14.5177 	EXP 	Created four_2 = ImageStim(__class__=<class 'psychopy.visual.image.ImageStim'>, autoLog=True, color=array([1., 1., 1.]), colorSpace='rgb', contrast=1.0, depth=-7.0, flipHoriz=False, flipVert=False, image=str(...), interpolate=True, mask=None, maskParams=None, name='four_2', opacity=1.0, ori=0.0, pos=array([0.2, 0.3]), size=array([0.22, 0.22]), texRes=128, units='height', win=Window(...))
14.5393 	EXP 	Created five_2 = ImageStim(__class__=<class 'psychopy.visual.image.ImageStim'>, autoLog=True, color=array([1., 1., 1.]), colorSpace='rgb', contrast=1.0, depth=-8.0, flipHoriz=False, flipVert=False, image=str(...), interpolate=True, mask=None, maskParams=None, name='five_2', opacity=1.0, ori=0.0, pos=array([0.45, 0.3 ]), size=array([0.22, 0.22]), texRes=128, units='height', win=Window(...))
14.5602 	EXP 	Created six_2 = ImageStim(__class__=<class 'psychopy.visual.image.ImageStim'>, autoLog=True, color=array([1., 1., 1.]), colorSpace='rgb', contrast=1.0, depth=-9.0, flipHoriz=False, flipVert=False, image=str(...), interpolate=True, mask=None, maskParams=None, name='six_2', opacity=1.0, ori=0.0, pos=array([0.7, 0.3]), size=array([0.22, 0.22]), texRes=128, units='height', win=Window(...))
14.5812 	EXP 	Created ten_2 = ImageStim(__class__=<class 'psychopy.visual.image.ImageStim'>, autoLog=True, color=array([1., 1., 1.]), colorSpace='rgb', contrast=1.0, depth=-10.0, flipHoriz=False, flipVert=False, image=str(...), interpolate=True, mask=None, maskParams=None, name='ten_2', opacity=1.0, ori=0.0, pos=array([ 0.2, -0.3]), size=array([0.22, 0.22]), texRes=128, units='height', win=Window(...))
14.6019 	EXP 	Created eleven_2 = ImageStim(__class__=<class 'psychopy.visual.image.ImageStim'>, autoLog=True, color=array([1., 1., 1.]), colorSpace='rgb', contrast=1.0, depth=-11.0, flipHoriz=False, flipVert=False, image=str(...), interpolate=True, mask=None, maskParams=None, name='eleven_2', opacity=1.0, ori=0.0, pos=array([ 0.45, -0.3 ]), size=array([0.22, 0.22]), texRes=128, units='height', win=Window(...))
14.6225 	EXP 	Created twelve_2 = ImageStim(__class__=<class 'psychopy.visual.image.ImageStim'>, autoLog=True, color=array([1., 1., 1.]), colorSpace='rgb', contrast=1.0, depth=-12.0, flipHoriz=False, flipVert=False, image=str(...), interpolate=True, mask=None, maskParams=None, name='twelve_2', opacity=1.0, ori=0.0, pos=array([ 0.7, -0.3]), size=array([0.22, 0.22]), texRes=128, units='height', win=Window(...))
14.6258 	EXP 	Created continue_text = TextStim(__class__=<class 'psychopy.visual.text.TextStim'>, alignHoriz='center', alignVert='center', antialias=True, autoLog=True, bold=False, color='white', colorSpace='named', contrast=1.0, depth=0.0, flipHoriz=False, flipVert=False, font='Arial', fontFiles=[], height=0.001, italic=False, languageStyle='LTR', name='continue_text', opacity=0.0, ori=0, pos=array([1.5, 1.5]), rgb=array([255., 255., 255.]), text='Continue', units='height', win=Window(...), wrapWidth=1)
14.6423 	EXP 	Created gram01_2 = ImageStim(__class__=<class 'psychopy.visual.image.ImageStim'>, autoLog=True, color=array([1., 1., 1.]), colorSpace='rgb', contrast=1.0, depth=-14.0, flipHoriz=False, flipVert=False, image=str(...), interpolate=True, mask=None, maskParams=None, name='gram01_2', opacity=1.0, ori=0.0, pos=array([-0.7,  0.3]), size=array([0.22, 0.22]), texRes=128, units='height', win=Window(...))
14.6500 	EXP 	Created gram02_2 = ImageStim(__class__=<class 'psychopy.visual.image.ImageStim'>, autoLog=True, color=array([1., 1., 1.]), colorSpace='rgb', contrast=1.0, depth=-15.0, flipHoriz=False, flipVert=False, image=str(...), interpolate=True, mask=None, maskParams=None, name='gram02_2', opacity=1.0, ori=0.0, pos=array([-0.45,  0.3 ]), size=array([0.22, 0.22]), texRes=128, units='height', win=Window(...))
14.6554 	EXP 	Created gram03_2 = ImageStim(__class__=<class 'psychopy.visual.image.ImageStim'>, autoLog=True, color=array([1., 1., 1.]), colorSpace='rgb', contrast=1.0, depth=-16.0, flipHoriz=False, flipVert=False, image=str(...), interpolate=True, mask=None, maskParams=None, name='gram03_2', opacity=1.0, ori=0.0, pos=array([-0.2,  0.3]), size=array([0.22, 0.22]), texRes=128, units='height', win=Window(...))
14.6643 	EXP 	Created gram04_2 = ImageStim(__class__=<class 'psychopy.visual.image.ImageStim'>, autoLog=True, color=array([1., 1., 1.]), colorSpace='rgb', contrast=1.0, depth=-17.0, flipHoriz=False, flipVert=False, image=str(...), interpolate=True, mask=None, maskParams=None, name='gram04_2', opacity=1.0, ori=0.0, pos=array([0.2, 0.3]), size=array([0.22, 0.22]), texRes=128, units='height', win=Window(...))
14.6691 	EXP 	Created gram05_2 = ImageStim(__class__=<class 'psychopy.visual.image.ImageStim'>, autoLog=True, color=array([1., 1., 1.]), colorSpace='rgb', contrast=1.0, depth=-18.0, flipHoriz=False, flipVert=False, image=str(...), interpolate=True, mask=None, maskParams=None, name='gram05_2', opacity=1.0, ori=0.0, pos=array([0.45, 0.3 ]), size=array([0.22, 0.22]), texRes=128, units='height', win=Window(...))
14.6791 	EXP 	Created gram06_2 = ImageStim(__class__=<class 'psychopy.visual.image.ImageStim'>, autoLog=True, color=array([1., 1., 1.]), colorSpace='rgb', contrast=1.0, depth=-19.0, flipHoriz=False, flipVert=False, image=str(...), interpolate=True, mask=None, maskParams=None, name='gram06_2', opacity=1.0, ori=0.0, pos=array([0.7, 0.3]), size=array([0.22, 0.22]), texRes=128, units='height', win=Window(...))
14.6835 	EXP 	Created gram07_2 = ImageStim(__class__=<class 'psychopy.visual.image.ImageStim'>, autoLog=True, color=array([1., 1., 1.]), colorSpace='rgb', contrast=1.0, depth=-20.0, flipHoriz=False, flipVert=False, image=str(...), interpolate=True, mask=None, maskParams=None, name='gram07_2', opacity=1.0, ori=0.0, pos=array([-0.7, -0.3]), size=array([0.22, 0.22]), texRes=128, units='height', win=Window(...))
14.6995 	EXP 	Created gram08_2 = ImageStim(__class__=<class 'psychopy.visual.image.ImageStim'>, autoLog=True, color=array([1., 1., 1.]), colorSpace='rgb', contrast=1.0, depth=-21.0, flipHoriz=False, flipVert=False, image=str(...), interpolate=True, mask=None, maskParams=None, name='gram08_2', opacity=1.0, ori=0.0, pos=array([-0.45, -0.3 ]), size=array([0.22, 0.22]), texRes=128, units='height', win=Window(...))
14.7038 	EXP 	Created gram09_2 = ImageStim(__class__=<class 'psychopy.visual.image.ImageStim'>, autoLog=True, color=array([1., 1., 1.]), colorSpace='rgb', contrast=1.0, depth=-22.0, flipHoriz=False, flipVert=False, image=str(...), interpolate=True, mask=None, maskParams=None, name='gram09_2', opacity=1.0, ori=0.0, pos=array([-0.2, -0.3]), size=array([0.22, 0.22]), texRes=128, units='height', win=Window(...))
14.7283 	EXP 	Created gram10_2 = ImageStim(__class__=<class 'psychopy.visual.image.ImageStim'>, autoLog=True, color=array([1., 1., 1.]), colorSpace='rgb', contrast=1.0, depth=-23.0, flipHoriz=False, flipVert=False, image=str(...), interpolate=True, mask=None, maskParams=None, name='gram10_2', opacity=1.0, ori=0.0, pos=array([ 0.2, -0.3]), size=array([0.22, 0.22]), texRes=128, units='height', win=Window(...))
14.7608 	EXP 	Created gram11_2 = ImageStim(__class__=<class 'psychopy.visual.image.ImageStim'>, autoLog=True, color=array([1., 1., 1.]), colorSpace='rgb', contrast=1.0, depth=-24.0, flipHoriz=False, flipVert=False, image=str(...), interpolate=True, mask=None, maskParams=None, name='gram11_2', opacity=1.0, ori=0.0, pos=array([ 0.45, -0.3 ]), size=array([0.22, 0.22]), texRes=128, units='height', win=Window(...))
14.7930 	EXP 	Created gram12_2 = ImageStim(__class__=<class 'psychopy.visual.image.ImageStim'>, autoLog=True, color=array([1., 1., 1.]), colorSpace='rgb', contrast=1.0, depth=-25.0, flipHoriz=False, flipVert=False, image=str(...), interpolate=True, mask=None, maskParams=None, name='gram12_2', opacity=1.0, ori=0.0, pos=array([ 0.7, -0.3]), size=array([0.22, 0.22]), texRes=128, units='height', win=Window(...))
14.7979 	EXP 	Created easy_succ_2 = TextStim(__class__=<class 'psychopy.visual.text.TextStim'>, alignHoriz='center', alignVert='center', antialias=True, autoLog=True, bold=False, color='white', colorSpace='named', contrast=1.0, depth=-26.0, flipHoriz=False, flipVert=False, font='Arial', fontFiles=[], height=0.05, italic=False, languageStyle='LTR', name='easy_succ_2', opacity=1.0, ori=0, pos=array([-0.3,  0. ]), rgb=array([255., 255., 255.]), text='Move On', units='height', win=Window(...), wrapWidth=1)
14.8780 	EXP 	Created one_3 = ImageStim(__class__=<class 'psychopy.visual.image.ImageStim'>, autoLog=True, color=array([1., 1., 1.]), colorSpace='rgb', contrast=1.0, depth=0.0, flipHoriz=False, flipVert=False, image=str(...), interpolate=True, mask=None, maskParams=None, name='one_3', opacity=1.0, ori=0.0, pos=array([-0.7,  0.3]), size=array([0.22, 0.22]), texRes=128, units='height', win=Window(...))
14.9559 	EXP 	Created two_3 = ImageStim(__class__=<class 'psychopy.visual.image.ImageStim'>, autoLog=True, color=array([1., 1., 1.]), colorSpace='rgb', contrast=1.0, depth=-2.0, flipHoriz=False, flipVert=False, image=str(...), interpolate=True, mask=None, maskParams=None, name='two_3', opacity=1.0, ori=0.0, pos=array([-0.45,  0.3 ]), size=array([0.22, 0.22]), texRes=128, units='height', win=Window(...))
15.0284 	EXP 	Created three_3 = ImageStim(__class__=<class 'psychopy.visual.image.ImageStim'>, autoLog=True, color=array([1., 1., 1.]), colorSpace='rgb', contrast=1.0, depth=-3.0, flipHoriz=False, flipVert=False, image=str(...), interpolate=True, mask=None, maskParams=None, name='three_3', opacity=1.0, ori=0.0, pos=array([-0.2,  0.3]), size=array([0.22, 0.22]), texRes=128, units='height', win=Window(...))
15.0977 	EXP 	Created seven_3 = ImageStim(__class__=<class 'psychopy.visual.image.ImageStim'>, autoLog=True, color=array([1., 1., 1.]), colorSpace='rgb', contrast=1.0, depth=-4.0, flipHoriz=False, flipVert=False, image=str(...), interpolate=True, mask=None, maskParams=None, name='seven_3', opacity=1.0, ori=0.0, pos=array([-0.7, -0.3]), size=array([0.22, 0.22]), texRes=128, units='height', win=Window(...))
15.1568 	EXP 	Created eight_3 = ImageStim(__class__=<class 'psychopy.visual.image.ImageStim'>, autoLog=True, color=array([1., 1., 1.]), colorSpace='rgb', contrast=1.0, depth=-5.0, flipHoriz=False, flipVert=False, image=str(...), interpolate=True, mask=None, maskParams=None, name='eight_3', opacity=1.0, ori=0.0, pos=array([-0.45, -0.3 ]), size=array([0.22, 0.22]), texRes=128, units='height', win=Window(...))
15.2077 	EXP 	Created nine_3 = ImageStim(__class__=<class 'psychopy.visual.image.ImageStim'>, autoLog=True, color=array([1., 1., 1.]), colorSpace='rgb', contrast=1.0, depth=-6.0, flipHoriz=False, flipVert=False, image=str(...), interpolate=True, mask=None, maskParams=None, name='nine_3', opacity=1.0, ori=0.0, pos=array([-0.2, -0.3]), size=array([0.22, 0.22]), texRes=128, units='height', win=Window(...))
15.2499 	EXP 	Created four_3 = ImageStim(__class__=<class 'psychopy.visual.image.ImageStim'>, autoLog=True, color=array([1., 1., 1.]), colorSpace='rgb', contrast=1.0, depth=-7.0, flipHoriz=False, flipVert=False, image=str(...), interpolate=True, mask=None, maskParams=None, name='four_3', opacity=1.0, ori=0.0, pos=array([0.2, 0.3]), size=array([0.22, 0.22]), texRes=128, units='height', win=Window(...))
15.2897 	EXP 	Created five_3 = ImageStim(__class__=<class 'psychopy.visual.image.ImageStim'>, autoLog=True, color=array([1., 1., 1.]), colorSpace='rgb', contrast=1.0, depth=-8.0, flipHoriz=False, flipVert=False, image=str(...), interpolate=True, mask=None, maskParams=None, name='five_3', opacity=1.0, ori=0.0, pos=array([0.45, 0.3 ]), size=array([0.22, 0.22]), texRes=128, units='height', win=Window(...))
15.3274 	EXP 	Created six_3 = ImageStim(__class__=<class 'psychopy.visual.image.ImageStim'>, autoLog=True, color=array([1., 1., 1.]), colorSpace='rgb', contrast=1.0, depth=-9.0, flipHoriz=False, flipVert=False, image=str(...), interpolate=True, mask=None, maskParams=None, name='six_3', opacity=1.0, ori=0.0, pos=array([0.7, 0.3]), size=array([0.22, 0.22]), texRes=128, units='height', win=Window(...))
15.3807 	EXP 	Created ten_3 = ImageStim(__class__=<class 'psychopy.visual.image.ImageStim'>, autoLog=True, color=array([1., 1., 1.]), colorSpace='rgb', contrast=1.0, depth=-10.0, flipHoriz=False, flipVert=False, image=str(...), interpolate=True, mask=None, maskParams=None, name='ten_3', opacity=1.0, ori=0.0, pos=array([ 0.2, -0.3]), size=array([0.22, 0.22]), texRes=128, units='height', win=Window(...))
15.4461 	EXP 	Created eleven_3 = ImageStim(__class__=<class 'psychopy.visual.image.ImageStim'>, autoLog=True, color=array([1., 1., 1.]), colorSpace='rgb', contrast=1.0, depth=-11.0, flipHoriz=False, flipVert=False, image=str(...), interpolate=True, mask=None, maskParams=None, name='eleven_3', opacity=1.0, ori=0.0, pos=array([ 0.45, -0.3 ]), size=array([0.22, 0.22]), texRes=128, units='height', win=Window(...))
15.5098 	EXP 	Created twelve_3 = ImageStim(__class__=<class 'psychopy.visual.image.ImageStim'>, autoLog=True, color=array([1., 1., 1.]), colorSpace='rgb', contrast=1.0, depth=-12.0, flipHoriz=False, flipVert=False, image=str(...), interpolate=True, mask=None, maskParams=None, name='twelve_3', opacity=1.0, ori=0.0, pos=array([ 0.7, -0.3]), size=array([0.22, 0.22]), texRes=128, units='height', win=Window(...))
15.5132 	EXP 	Created continue_text = TextStim(__class__=<class 'psychopy.visual.text.TextStim'>, alignHoriz='center', alignVert='center', antialias=True, autoLog=True, bold=False, color='white', colorSpace='named', contrast=1.0, depth=0.0, flipHoriz=False, flipVert=False, font='Arial', fontFiles=[], height=0.001, italic=False, languageStyle='LTR', name='continue_text', opacity=0.0, ori=0, pos=array([1.5, 1.5]), rgb=array([255., 255., 255.]), text='Continue', units='height', win=Window(...), wrapWidth=1)
15.5645 	EXP 	Created gram01_3 = ImageStim(__class__=<class 'psychopy.visual.image.ImageStim'>, autoLog=True, color=array([1., 1., 1.]), colorSpace='rgb', contrast=1.0, depth=-14.0, flipHoriz=False, flipVert=False, image=str(...), interpolate=True, mask=None, maskParams=None, name='gram01_3', opacity=1.0, ori=0.0, pos=array([-0.7,  0.3]), size=array([0.22, 0.22]), texRes=128, units='height', win=Window(...))
15.5886 	EXP 	Created gram02_3 = ImageStim(__class__=<class 'psychopy.visual.image.ImageStim'>, autoLog=True, color=array([1., 1., 1.]), colorSpace='rgb', contrast=1.0, depth=-15.0, flipHoriz=False, flipVert=False, image=str(...), interpolate=True, mask=None, maskParams=None, name='gram02_3', opacity=1.0, ori=0.0, pos=array([-0.45,  0.3 ]), size=array([0.22, 0.22]), texRes=128, units='height', win=Window(...))
15.6077 	EXP 	Created gram03_3 = ImageStim(__class__=<class 'psychopy.visual.image.ImageStim'>, autoLog=True, color=array([1., 1., 1.]), colorSpace='rgb', contrast=1.0, depth=-16.0, flipHoriz=False, flipVert=False, image=str(...), interpolate=True, mask=None, maskParams=None, name='gram03_3', opacity=1.0, ori=0.0, pos=array([-0.2,  0.3]), size=array([0.22, 0.22]), texRes=128, units='height', win=Window(...))
15.6358 	EXP 	Created gram04_3 = ImageStim(__class__=<class 'psychopy.visual.image.ImageStim'>, autoLog=True, color=array([1., 1., 1.]), colorSpace='rgb', contrast=1.0, depth=-17.0, flipHoriz=False, flipVert=False, image=str(...), interpolate=True, mask=None, maskParams=None, name='gram04_3', opacity=1.0, ori=0.0, pos=array([0.2, 0.3]), size=array([0.22, 0.22]), texRes=128, units='height', win=Window(...))
15.6526 	EXP 	Created gram05_3 = ImageStim(__class__=<class 'psychopy.visual.image.ImageStim'>, autoLog=True, color=array([1., 1., 1.]), colorSpace='rgb', contrast=1.0, depth=-18.0, flipHoriz=False, flipVert=False, image=str(...), interpolate=True, mask=None, maskParams=None, name='gram05_3', opacity=1.0, ori=0.0, pos=array([0.45, 0.3 ]), size=array([0.22, 0.22]), texRes=128, units='height', win=Window(...))
15.6772 	EXP 	Created gram06_3 = ImageStim(__class__=<class 'psychopy.visual.image.ImageStim'>, autoLog=True, color=array([1., 1., 1.]), colorSpace='rgb', contrast=1.0, depth=-19.0, flipHoriz=False, flipVert=False, image=str(...), interpolate=True, mask=None, maskParams=None, name='gram06_3', opacity=1.0, ori=0.0, pos=array([0.7, 0.3]), size=array([0.22, 0.22]), texRes=128, units='height', win=Window(...))
15.6936 	EXP 	Created gram07_3 = ImageStim(__class__=<class 'psychopy.visual.image.ImageStim'>, autoLog=True, color=array([1., 1., 1.]), colorSpace='rgb', contrast=1.0, depth=-20.0, flipHoriz=False, flipVert=False, image=str(...), interpolate=True, mask=None, maskParams=None, name='gram07_3', opacity=1.0, ori=0.0, pos=array([-0.7, -0.3]), size=array([0.22, 0.22]), texRes=128, units='height', win=Window(...))
15.7418 	EXP 	Created gram08_3 = ImageStim(__class__=<class 'psychopy.visual.image.ImageStim'>, autoLog=True, color=array([1., 1., 1.]), colorSpace='rgb', contrast=1.0, depth=-21.0, flipHoriz=False, flipVert=False, image=str(...), interpolate=True, mask=None, maskParams=None, name='gram08_3', opacity=1.0, ori=0.0, pos=array([-0.45, -0.3 ]), size=array([0.22, 0.22]), texRes=128, units='height', win=Window(...))
15.7548 	EXP 	Created gram09_3 = ImageStim(__class__=<class 'psychopy.visual.image.ImageStim'>, autoLog=True, color=array([1., 1., 1.]), colorSpace='rgb', contrast=1.0, depth=-22.0, flipHoriz=False, flipVert=False, image=str(...), interpolate=True, mask=None, maskParams=None, name='gram09_3', opacity=1.0, ori=0.0, pos=array([-0.2, -0.3]), size=array([0.22, 0.22]), texRes=128, units='height', win=Window(...))
15.8297 	EXP 	Created gram10_3 = ImageStim(__class__=<class 'psychopy.visual.image.ImageStim'>, autoLog=True, color=array([1., 1., 1.]), colorSpace='rgb', contrast=1.0, depth=-23.0, flipHoriz=False, flipVert=False, image=str(...), interpolate=True, mask=None, maskParams=None, name='gram10_3', opacity=1.0, ori=0.0, pos=array([ 0.2, -0.3]), size=array([0.22, 0.22]), texRes=128, units='height', win=Window(...))
15.8754 	EXP 	Created gram11_3 = ImageStim(__class__=<class 'psychopy.visual.image.ImageStim'>, autoLog=True, color=array([1., 1., 1.]), colorSpace='rgb', contrast=1.0, depth=-24.0, flipHoriz=False, flipVert=False, image=str(...), interpolate=True, mask=None, maskParams=None, name='gram11_3', opacity=1.0, ori=0.0, pos=array([ 0.45, -0.3 ]), size=array([0.22, 0.22]), texRes=128, units='height', win=Window(...))
15.9147 	EXP 	Created gram12_3 = ImageStim(__class__=<class 'psychopy.visual.image.ImageStim'>, autoLog=True, color=array([1., 1., 1.]), colorSpace='rgb', contrast=1.0, depth=-25.0, flipHoriz=False, flipVert=False, image=str(...), interpolate=True, mask=None, maskParams=None, name='gram12_3', opacity=1.0, ori=0.0, pos=array([ 0.7, -0.3]), size=array([0.22, 0.22]), texRes=128, units='height', win=Window(...))
15.9193 	EXP 	Created easy_succ_3 = TextStim(__class__=<class 'psychopy.visual.text.TextStim'>, alignHoriz='center', alignVert='center', antialias=True, autoLog=True, bold=False, color='white', colorSpace='named', contrast=1.0, depth=-26.0, flipHoriz=False, flipVert=False, font='Arial', fontFiles=[], height=0.05, italic=False, languageStyle='LTR', name='easy_succ_3', opacity=1.0, ori=0, pos=array([-0.3,  0. ]), rgb=array([255., 255., 255.]), text='Move On', units='height', win=Window(...), wrapWidth=1)
15.9687 	EXP 	instruction_text: autoDraw = True
15.9687 	EXP 	text_2: autoDraw = True
17.5940 	DATA 	Mouse: Left button down, pos=(848,62)
17.6097 	EXP 	instruction_text: autoDraw = False
17.6097 	EXP 	text_2: autoDraw = False
17.6097 	EXP 	text: autoDraw = True
17.6793 	DATA 	Mouse:  Left button up, pos=(848,62)
25.3694 	DATA 	Mouse: Left button down, pos=(1176,321)
25.8250 	DATA 	Mouse:  Left button up, pos=(1176,321)
25.8369 	EXP 	text: autoDraw = False
25.8369 	EXP 	one: autoDraw = True
25.8369 	EXP 	two: autoDraw = True
25.8369 	EXP 	three: autoDraw = True
25.8369 	EXP 	seven: autoDraw = True
25.8369 	EXP 	eight: autoDraw = True
25.8369 	EXP 	nine: autoDraw = True
25.8369 	EXP 	four: autoDraw = True
25.8369 	EXP 	five: autoDraw = True
25.8369 	EXP 	six: autoDraw = True
25.8369 	EXP 	ten: autoDraw = True
25.8369 	EXP 	eleven: autoDraw = True
25.8369 	EXP 	twelve: autoDraw = True
25.9477 	EXP 	gram01: autoDraw = True
25.9477 	EXP 	gram02: autoDraw = True
25.9477 	EXP 	gram03: autoDraw = True
25.9477 	EXP 	gram04: autoDraw = True
25.9477 	EXP 	gram05: autoDraw = True
25.9477 	EXP 	gram06: autoDraw = True
25.9477 	EXP 	gram07: autoDraw = True
25.9477 	EXP 	gram08: autoDraw = True
25.9477 	EXP 	gram09: autoDraw = True
25.9477 	EXP 	gram10: autoDraw = True
25.9477 	EXP 	gram11: autoDraw = True
25.9477 	EXP 	gram12: autoDraw = True
25.9477 	EXP 	easy_succ: autoDraw = True
32.0098 	DATA 	Mouse: Left button down, pos=(483,165)
32.1139 	EXP 	gram08: pos = array([-0.44166667, -0.34722222])
32.1511 	EXP 	gram08: pos = array([-0.44166667, -0.34722222])
32.1971 	EXP 	gram08: pos = array([-0.44814815, -0.33703704])
32.2366 	EXP 	gram08: pos = array([-0.51388889, -0.24259259])
32.2816 	EXP 	gram08: pos = array([-0.54444444, -0.19814815])
32.3203 	EXP 	gram08: pos = array([-0.55185185, -0.18148148])
32.3646 	EXP 	gram08: pos = array([-0.56388889, -0.15833333])
32.4037 	EXP 	gram08: pos = array([-0.57592593, -0.13981481])
32.4544 	EXP 	gram08: pos = array([-0.59722222, -0.10185185])
32.4971 	EXP 	gram08: pos = array([-0.62222222, -0.03796296])
32.5343 	EXP 	gram08: pos = array([-0.64166667, -0.00462963])
32.5826 	EXP 	gram08: pos = array([-0.65462963,  0.01574074])
32.6205 	EXP 	gram08: pos = array([-0.65833333,  0.02037037])
32.6647 	EXP 	gram08: pos = array([-0.66296296,  0.025     ])
32.7025 	EXP 	gram08: pos = array([-0.67037037,  0.03055556])
32.7477 	EXP 	gram08: pos = array([-0.68240741,  0.03888889])
32.7867 	EXP 	gram08: pos = array([-0.69166667,  0.0462963 ])
32.8309 	EXP 	gram08: pos = array([-0.69722222,  0.05      ])
32.8684 	EXP 	gram08: pos = array([-0.69814815,  0.05092593])
32.9134 	EXP 	gram08: pos = array([-0.69814815,  0.05092593])
32.9412 	DATA 	Mouse:  Left button up, pos=(206,594)
33.9064 	DATA 	Mouse: Left button down, pos=(1185,787)
33.9828 	EXP 	gram04: pos = array([0.20833333, 0.2287037 ])
34.0148 	EXP 	gram04: pos = array([0.20833333, 0.2287037 ])
34.0468 	EXP 	gram04: pos = array([0.20833333, 0.2287037 ])
34.0790 	EXP 	gram04: pos = array([0.16296296, 0.22407407])
34.1121 	EXP 	gram04: pos = array([0.09907407, 0.21666667])
34.1454 	EXP 	gram04: pos = array([0.06018519, 0.21296296])
34.1806 	EXP 	gram04: pos = array([0.02407407, 0.21203704])
34.2155 	EXP 	gram04: pos = array([-0.01759259,  0.21203704])
34.2433 	EXP 	gram04: pos = array([-0.03333333,  0.21203704])
34.2769 	EXP 	gram04: pos = array([-0.06111111,  0.21296296])
34.3103 	EXP 	gram04: pos = array([-0.10092593,  0.21203704])
34.3437 	EXP 	gram04: pos = array([-0.13333333,  0.21018519])
34.3773 	EXP 	gram04: pos = array([-0.16851852,  0.20462963])
34.4155 	EXP 	gram04: pos = array([-0.2       ,  0.19907407])
34.4516 	EXP 	gram04: pos = array([-0.23240741,  0.19074074])
34.4992 	EXP 	gram04: pos = array([-0.26759259,  0.18148148])
34.5268 	EXP 	gram04: pos = array([-0.29074074,  0.175     ])
34.5613 	EXP 	gram04: pos = array([-0.31388889,  0.17037037])
34.6011 	EXP 	gram04: pos = array([-0.33703704,  0.16388889])
34.6501 	EXP 	gram04: pos = array([-0.35740741,  0.15833333])
34.6870 	EXP 	gram04: pos = array([-0.3787037 ,  0.15277778])
34.7336 	EXP 	gram04: pos = array([-0.39814815,  0.1462963 ])
34.7714 	EXP 	gram04: pos = array([-0.41296296,  0.13981481])
34.8170 	EXP 	gram04: pos = array([-0.4287037 ,  0.13333333])
34.8612 	EXP 	gram04: pos = array([-0.44537037,  0.125     ])
34.9004 	EXP 	gram04: pos = array([-0.45092593,  0.12314815])
34.9375 	EXP 	gram04: pos = array([-0.45092593,  0.12314815])
34.9634 	DATA 	Mouse:  Left button up, pos=(473,672)
35.5872 	DATA 	Mouse: Left button down, pos=(251,263)
35.6682 	EXP 	gram07: pos = array([-0.65648148, -0.25648148])
35.7061 	EXP 	gram07: pos = array([-0.58796296, -0.25555556])
35.7518 	EXP 	gram07: pos = array([-0.51851852, -0.25462963])
35.7883 	EXP 	gram07: pos = array([-0.45462963, -0.25277778])
35.8346 	EXP 	gram07: pos = array([-0.39537037, -0.25092593])
35.8735 	EXP 	gram07: pos = array([-0.34259259, -0.25      ])
35.9189 	EXP 	gram07: pos = array([-0.28518519, -0.24537037])
35.9588 	EXP 	gram07: pos = array([-0.23703704, -0.23981481])
35.9953 	EXP 	gram07: pos = array([-0.18055556, -0.22407407])
36.0290 	EXP 	gram07: pos = array([-0.14814815, -0.20925926])
36.0627 	EXP 	gram07: pos = array([-0.12777778, -0.1962963 ])
36.1023 	EXP 	gram07: pos = array([-0.11203704, -0.17962963])
36.1404 	EXP 	gram07: pos = array([-0.08148148, -0.11666667])
36.1860 	EXP 	gram07: pos = array([-0.0712963 , -0.07962963])
36.2123 	EXP 	gram07: pos = array([-0.06666667, -0.05925926])
36.2495 	EXP 	gram07: pos = array([-0.06111111, -0.02407407])
36.2849 	EXP 	gram07: pos = array([-0.06203704, -0.0037037 ])
36.3223 	EXP 	gram07: pos = array([-0.06944444,  0.01481481])
36.3664 	EXP 	gram07: pos = array([-0.08888889,  0.05185185])
36.4109 	EXP 	gram07: pos = array([-0.11296296,  0.075     ])
36.4520 	EXP 	gram07: pos = array([-0.12962963,  0.08703704])
36.4864 	EXP 	gram07: pos = array([-0.14537037,  0.0962963 ])
36.5203 	EXP 	gram07: pos = array([-0.15833333,  0.10092593])
36.5539 	EXP 	gram07: pos = array([-0.16759259,  0.10185185])
36.6001 	EXP 	gram07: pos = array([-0.18055556,  0.1037037 ])
36.6451 	EXP 	gram07: pos = array([-0.18981481,  0.1037037 ])
36.6850 	EXP 	gram07: pos = array([-0.2      ,  0.1037037])
36.7207 	EXP 	gram07: pos = array([-0.20740741,  0.10277778])
36.7660 	EXP 	gram07: pos = array([-0.20925926,  0.10277778])
36.8025 	EXP 	gram07: pos = array([-0.21111111,  0.10277778])
36.8393 	EXP 	gram07: pos = array([-0.21203704,  0.10277778])
36.8839 	EXP 	gram07: pos = array([-0.21296296,  0.10277778])
36.8912 	DATA 	Mouse:  Left button up, pos=(730,651)
38.8748 	DATA 	Mouse: Left button down, pos=(483,815)
38.9493 	EXP 	gram02: pos = array([-0.44166667,  0.25462963])
38.9837 	EXP 	gram02: pos = array([-0.44166667,  0.25462963])
39.0167 	EXP 	gram02: pos = array([-0.44166667,  0.25555556])
39.0506 	EXP 	gram02: pos = array([-0.44166667,  0.28611111])
39.0890 	EXP 	gram02: pos = array([-0.42037037,  0.34537037])
39.1287 	EXP 	gram02: pos = array([-0.4037037 ,  0.36111111])
39.1722 	EXP 	gram02: pos = array([-0.37592593,  0.37685185])
39.2095 	EXP 	gram02: pos = array([-0.33888889,  0.39444444])
39.2546 	EXP 	gram02: pos = array([-0.30740741,  0.40555556])
39.2924 	EXP 	gram02: pos = array([-0.27407407,  0.41296296])
39.3391 	EXP 	gram02: pos = array([-0.24074074,  0.41388889])
39.3768 	EXP 	gram02: pos = array([-0.20092593,  0.40555556])
39.4223 	EXP 	gram02: pos = array([-0.14259259,  0.37592593])
39.4599 	EXP 	gram02: pos = array([-0.09814815,  0.34814815])
39.5062 	EXP 	gram02: pos = array([-0.03703704,  0.30462963])
39.5426 	EXP 	gram02: pos = array([0.00462963, 0.26944444])
39.5893 	EXP 	gram02: pos = array([0.05092593, 0.23148148])
39.6278 	EXP 	gram02: pos = array([0.08703704, 0.20462963])
39.6726 	EXP 	gram02: pos = array([0.10462963, 0.18796296])
39.7133 	EXP 	gram02: pos = array([0.1212963, 0.1712963])
39.7516 	EXP 	gram02: pos = array([0.13518519, 0.15648148])
39.7847 	EXP 	gram02: pos = array([0.14351852, 0.15      ])
39.8202 	EXP 	gram02: pos = array([0.16388889, 0.13518519])
39.8595 	EXP 	gram02: pos = array([0.16851852, 0.13148148])
39.9066 	EXP 	gram02: pos = array([0.17407407, 0.12777778])
39.9565 	EXP 	gram02: pos = array([0.1787037 , 0.12407407])
39.9933 	EXP 	gram02: pos = array([0.18148148, 0.1212963 ])
40.0396 	EXP 	gram02: pos = array([0.18425926, 0.11944444])
40.0764 	EXP 	gram02: pos = array([0.18518519, 0.11851852])
40.0879 	DATA 	Mouse:  Left button up, pos=(1160,668)
40.7045 	DATA 	Mouse: Left button down, pos=(192,837)
40.7676 	EXP 	gram01: pos = array([-0.71111111,  0.275     ])
40.8011 	EXP 	gram01: pos = array([-0.71111111,  0.275     ])
40.8404 	EXP 	gram01: pos = array([-0.71111111,  0.275     ])
40.8777 	EXP 	gram01: pos = array([-0.71018519,  0.27685185])
40.9230 	EXP 	gram01: pos = array([-0.6712963 ,  0.29907407])
40.9608 	EXP 	gram01: pos = array([-0.63148148,  0.32037037])
41.0073 	EXP 	gram01: pos = array([-0.58148148,  0.34166667])
41.0446 	EXP 	gram01: pos = array([-0.55185185,  0.35462963])
41.0913 	EXP 	gram01: pos = array([-0.51481481,  0.3712963 ])
41.1281 	EXP 	gram01: pos = array([-0.475     ,  0.38240741])
41.1740 	EXP 	gram01: pos = array([-0.42222222,  0.39444444])
41.2120 	EXP 	gram01: pos = array([-0.37407407,  0.4       ])
41.2574 	EXP 	gram01: pos = array([-0.30092593,  0.41111111])
41.2984 	EXP 	gram01: pos = array([-0.23611111,  0.41666667])
41.3509 	EXP 	gram01: pos = array([-0.16111111,  0.42314815])
41.3911 	EXP 	gram01: pos = array([-0.12407407,  0.43333333])
41.4274 	EXP 	gram01: pos = array([-0.12407407,  0.43333333])
41.4734 	EXP 	gram01: pos = array([-0.12407407,  0.43333333])
41.5110 	EXP 	gram01: pos = array([-0.12407407,  0.43333333])
41.5567 	EXP 	gram01: pos = array([-0.12407407,  0.43333333])
41.5903 	EXP 	gram01: pos = array([-0.12407407,  0.43333333])
41.6182 	EXP 	gram01: pos = array([-0.12407407,  0.43333333])
41.6517 	EXP 	gram01: pos = array([-0.11574074,  0.43148148])
41.6854 	EXP 	gram01: pos = array([-0.06574074,  0.41481481])
41.7188 	EXP 	gram01: pos = array([-0.01296296,  0.3962963 ])
41.7521 	EXP 	gram01: pos = array([0.02962963, 0.37407407])
41.7853 	EXP 	gram01: pos = array([0.05925926, 0.36018519])
41.8193 	EXP 	gram01: pos = array([0.08796296, 0.34537037])
41.8522 	EXP 	gram01: pos = array([0.10648148, 0.33425926])
41.8870 	EXP 	gram01: pos = array([0.12314815, 0.32407407])
41.9261 	EXP 	gram01: pos = array([0.14074074, 0.31296296])
41.9634 	EXP 	gram01: pos = array([0.16944444, 0.29537037])
42.0089 	EXP 	gram01: pos = array([0.21851852, 0.26203704])
42.0467 	EXP 	gram01: pos = array([0.26481481, 0.23333333])
42.0919 	EXP 	gram01: pos = array([0.31296296, 0.20740741])
42.1284 	EXP 	gram01: pos = array([0.34259259, 0.18888889])
42.1758 	EXP 	gram01: pos = array([0.36388889, 0.175     ])
42.2124 	EXP 	gram01: pos = array([0.375     , 0.16851852])
42.2578 	EXP 	gram01: pos = array([0.38333333, 0.16388889])
42.2965 	EXP 	gram01: pos = array([0.41481481, 0.14166667])
42.3422 	EXP 	gram01: pos = array([0.44351852, 0.1212963 ])
42.3781 	EXP 	gram01: pos = array([0.44537037, 0.11944444])
42.4270 	EXP 	gram01: pos = array([0.44537037, 0.11944444])
42.4679 	EXP 	gram01: pos = array([0.44537037, 0.11944444])
42.5030 	EXP 	gram01: pos = array([0.44537037, 0.11944444])
42.5394 	EXP 	gram01: pos = array([0.44537037, 0.11944444])
42.5852 	EXP 	gram01: pos = array([0.44537037, 0.11944444])
42.6256 	EXP 	gram01: pos = array([0.44537037, 0.11944444])
42.6545 	EXP 	gram01: pos = array([0.44537037, 0.11944444])
42.6864 	EXP 	gram01: pos = array([0.44537037, 0.11944444])
42.6913 	DATA 	Mouse:  Left button up, pos=(1441,669)
43.1236 	DATA 	Mouse: Left button down, pos=(1464,895)
43.1870 	EXP 	gram05: pos = array([0.46666667, 0.3287037 ])
43.2203 	EXP 	gram05: pos = array([0.49814815, 0.29814815])
43.2535 	EXP 	gram05: pos = array([0.53148148, 0.26759259])
43.2903 	EXP 	gram05: pos = array([0.55648148, 0.24444444])
43.3319 	EXP 	gram05: pos = array([0.58148148, 0.21944444])
43.3767 	EXP 	gram05: pos = array([0.60185185, 0.20092593])
43.4137 	EXP 	gram05: pos = array([0.62222222, 0.18333333])
43.4598 	EXP 	gram05: pos = array([0.63611111, 0.17037037])
43.4994 	EXP 	gram05: pos = array([0.64351852, 0.16296296])
43.5440 	EXP 	gram05: pos = array([0.66481481, 0.13981481])
43.5814 	EXP 	gram05: pos = array([0.66759259, 0.13703704])
43.6271 	EXP 	gram05: pos = array([0.66759259, 0.13611111])
43.6641 	EXP 	gram05: pos = array([0.66759259, 0.13518519])
43.7092 	EXP 	gram05: pos = array([0.66944444, 0.13333333])
43.7472 	EXP 	gram05: pos = array([0.67592593, 0.12685185])
43.7937 	EXP 	gram05: pos = array([0.71111111, 0.0962963 ])
43.8308 	EXP 	gram05: pos = array([0.71574074, 0.09259259])
43.8761 	EXP 	gram05: pos = array([0.71666667, 0.09074074])
43.9128 	EXP 	gram05: pos = array([0.71666667, 0.09074074])
43.9517 	DATA 	Mouse:  Left button up, pos=(1734,639)
43.9607 	EXP 	gram05: pos = array([0.71666667, 0.09166667])
47.9006 	DATA 	Mouse: Left button down, pos=(1195,164)
47.9716 	EXP 	gram10: pos = array([ 0.21759259, -0.34814815])
48.0142 	EXP 	gram10: pos = array([ 0.21759259, -0.34814815])
48.0513 	EXP 	gram10: pos = array([ 0.21759259, -0.34814815])
48.0979 	EXP 	gram10: pos = array([ 0.21759259, -0.34814815])
48.1340 	EXP 	gram10: pos = array([ 0.21759259, -0.34814815])
48.1817 	EXP 	gram10: pos = array([ 0.16203704, -0.31666667])
48.2188 	EXP 	gram10: pos = array([ 0.10833333, -0.27685185])
48.2648 	EXP 	gram10: pos = array([ 0.07314815, -0.2537037 ])
48.3120 	EXP 	gram10: pos = array([ 0.03611111, -0.2287037 ])
48.3531 	EXP 	gram10: pos = array([-0.00833333, -0.21111111])
48.3981 	EXP 	gram10: pos = array([-0.06481481, -0.20185185])
48.4362 	EXP 	gram10: pos = array([-0.14907407, -0.20092593])
48.4811 	EXP 	gram10: pos = array([-0.21481481, -0.20462963])
48.5192 	EXP 	gram10: pos = array([-0.31203704, -0.21481481])
48.5651 	EXP 	gram10: pos = array([-0.36481481, -0.21759259])
48.6051 	EXP 	gram10: pos = array([-0.38240741, -0.21666667])
48.6482 	EXP 	gram10: pos = array([-0.38333333, -0.21666667])
48.6851 	EXP 	gram10: pos = array([-0.38333333, -0.21666667])
48.7309 	EXP 	gram10: pos = array([-0.38333333, -0.21666667])
48.7671 	EXP 	gram10: pos = array([-0.38333333, -0.21666667])
48.8146 	EXP 	gram10: pos = array([-0.38333333, -0.21666667])
48.8527 	EXP 	gram10: pos = array([-0.38981481, -0.21759259])
49.4513 	DATA 	Mouse:  Left button up, pos=(322,294)
49.8905 	DATA 	Mouse: Left button down, pos=(533,273)
49.9611 	EXP 	gram10: pos = array([-0.39537037, -0.24722222])
49.9945 	EXP 	gram10: pos = array([-0.39537037, -0.24722222])
50.0279 	EXP 	gram10: pos = array([-0.47222222, -0.2287037 ])
50.0618 	EXP 	gram10: pos = array([-0.50648148, -0.21851852])
50.0968 	EXP 	gram10: pos = array([-0.53055556, -0.21296296])
50.1361 	EXP 	gram10: pos = array([-0.55925926, -0.20925926])
50.1864 	EXP 	gram10: pos = array([-0.59074074, -0.2037037 ])
50.2335 	EXP 	gram10: pos = array([-0.61759259, -0.19907407])
50.2749 	EXP 	gram10: pos = array([-0.64444444, -0.1962963 ])
50.3111 	EXP 	gram10: pos = array([-0.66296296, -0.19166667])
50.3448 	EXP 	gram10: pos = array([-0.68240741, -0.18796296])
50.3781 	EXP 	gram10: pos = array([-0.69537037, -0.18425926])
50.4115 	EXP 	gram10: pos = array([-0.70092593, -0.18425926])
50.4523 	EXP 	gram10: pos = array([-0.70185185, -0.18425926])
50.5009 	EXP 	gram10: pos = array([-0.7037037 , -0.18425926])
50.5258 	DATA 	Mouse:  Left button up, pos=(200,341)
50.5434 	EXP 	gram10: pos = array([-0.7037037 , -0.18425926])
51.1687 	DATA 	Mouse: Left button down, pos=(727,256)
51.2381 	EXP 	gram09: pos = array([-0.21574074, -0.26296296])
51.2828 	EXP 	gram09: pos = array([-0.23425926, -0.25740741])
51.3123 	EXP 	gram09: pos = array([-0.26759259, -0.24907407])
51.3460 	EXP 	gram09: pos = array([-0.29722222, -0.23981481])
51.3790 	EXP 	gram09: pos = array([-0.3212963 , -0.23425926])
51.4125 	EXP 	gram09: pos = array([-0.34351852, -0.22962963])
51.4457 	EXP 	gram09: pos = array([-0.35925926, -0.22592593])
51.4789 	EXP 	gram09: pos = array([-0.37222222, -0.22222222])
51.5123 	EXP 	gram09: pos = array([-0.38888889, -0.21944444])
51.5457 	EXP 	gram09: pos = array([-0.40648148, -0.21759259])
51.5793 	EXP 	gram09: pos = array([-0.42314815, -0.21574074])
51.6128 	EXP 	gram09: pos = array([-0.43703704, -0.21574074])
51.6461 	EXP 	gram09: pos = array([-0.44259259, -0.21481481])
51.6881 	EXP 	gram09: pos = array([-0.44722222, -0.21388889])
51.7351 	EXP 	gram09: pos = array([-0.4537037 , -0.21203704])
51.7429 	DATA 	Mouse:  Left button up, pos=(469,311)
52.3929 	DATA 	Mouse: Left button down, pos=(722,834)
52.4739 	EXP 	gram03: pos = array([-0.22037037,  0.27222222])
52.5139 	EXP 	gram03: pos = array([-0.22037037,  0.27222222])
52.5472 	EXP 	gram03: pos = array([-0.20925926,  0.27314815])
52.5811 	EXP 	gram03: pos = array([-0.16851852,  0.28240741])
52.6233 	EXP 	gram03: pos = array([-0.13981481,  0.28333333])
52.6710 	EXP 	gram03: pos = array([-0.1       ,  0.27777778])
52.7126 	EXP 	gram03: pos = array([-0.07962963,  0.27037037])
52.7536 	EXP 	gram03: pos = array([-0.06388889,  0.25740741])
52.7923 	EXP 	gram03: pos = array([-0.04074074,  0.23425926])
52.8370 	EXP 	gram03: pos = array([0.00185185, 0.16944444])
52.8773 	EXP 	gram03: pos = array([0.02314815, 0.10648148])
52.9242 	EXP 	gram03: pos = array([0.03055556, 0.01574074])
52.9711 	EXP 	gram03: pos = array([ 0.02777778, -0.01481481])
53.0114 	EXP 	gram03: pos = array([ 0.0212963, -0.0287037])
53.0538 	EXP 	gram03: pos = array([ 0.01574074, -0.0462963 ])
53.0915 	EXP 	gram03: pos = array([ 0.0037037 , -0.06851852])
53.1375 	EXP 	gram03: pos = array([-0.0287037 , -0.10277778])
53.1735 	EXP 	gram03: pos = array([-0.07037037, -0.13796296])
53.2209 	EXP 	gram03: pos = array([-0.10462963, -0.15648148])
53.2710 	EXP 	gram03: pos = array([-0.125     , -0.16388889])
53.3080 	EXP 	gram03: pos = array([-0.13703704, -0.16944444])
53.3529 	EXP 	gram03: pos = array([-0.13981481, -0.17037037])
53.3897 	EXP 	gram03: pos = array([-0.13981481, -0.17037037])
53.4379 	EXP 	gram03: pos = array([-0.13981481, -0.17037037])
53.4741 	EXP 	gram03: pos = array([-0.13981481, -0.17037037])
53.5202 	EXP 	gram03: pos = array([-0.13981481, -0.17037037])
53.5612 	EXP 	gram03: pos = array([-0.14722222, -0.17777778])
53.6046 	EXP 	gram03: pos = array([-0.17314815, -0.19537037])
53.6412 	EXP 	gram03: pos = array([-0.18148148, -0.2       ])
53.6880 	EXP 	gram03: pos = array([-0.18981481, -0.2037037 ])
53.7265 	EXP 	gram03: pos = array([-0.19537037, -0.20555556])
53.7665 	EXP 	gram03: pos = array([-0.19722222, -0.20555556])
53.7986 	EXP 	gram03: pos = array([-0.19907407, -0.20555556])
53.8321 	EXP 	gram03: pos = array([-0.2       , -0.20555556])
53.8653 	EXP 	gram03: pos = array([-0.20092593, -0.20555556])
53.8991 	EXP 	gram03: pos = array([-0.20185185, -0.20555556])
53.9202 	DATA 	Mouse:  Left button up, pos=(742,318)
56.9397 	DATA 	Mouse: Left button down, pos=(1685,215)
57.0521 	EXP 	gram12: pos = array([ 0.6712963 , -0.30092593])
57.0855 	EXP 	gram12: pos = array([ 0.6712963 , -0.30092593])
57.1186 	EXP 	gram12: pos = array([ 0.6712963 , -0.30092593])
57.1526 	EXP 	gram12: pos = array([ 0.6712963 , -0.30092593])
57.1874 	EXP 	gram12: pos = array([ 0.6712963 , -0.30092593])
57.2204 	EXP 	gram12: pos = array([ 0.6712963 , -0.30092593])
57.2537 	EXP 	gram12: pos = array([ 0.6712963 , -0.30092593])
57.2871 	EXP 	gram12: pos = array([ 0.6712963 , -0.30092593])
57.3203 	EXP 	gram12: pos = array([ 0.6712963 , -0.30092593])
57.3548 	EXP 	gram12: pos = array([ 0.6712963 , -0.30092593])
57.3872 	EXP 	gram12: pos = array([ 0.6712963 , -0.30092593])
57.4225 	EXP 	gram12: pos = array([ 0.6712963 , -0.30092593])
57.4589 	EXP 	gram12: pos = array([ 0.6712963 , -0.30092593])
57.4913 	EXP 	gram12: pos = array([ 0.6712963 , -0.30092593])
57.5243 	EXP 	gram12: pos = array([ 0.65833333, -0.27962963])
57.5583 	EXP 	gram12: pos = array([ 0.625     , -0.23055556])
57.5920 	EXP 	gram12: pos = array([ 0.60092593, -0.20462963])
57.6243 	EXP 	gram12: pos = array([ 0.57407407, -0.18611111])
57.6577 	EXP 	gram12: pos = array([ 0.54444444, -0.16944444])
57.6905 	EXP 	gram12: pos = array([ 0.52037037, -0.15555556])
57.7249 	EXP 	gram12: pos = array([ 0.5037037 , -0.14907407])
57.7581 	EXP 	gram12: pos = array([ 0.48240741, -0.14259259])
57.7917 	EXP 	gram12: pos = array([ 0.4712963 , -0.14074074])
57.8254 	EXP 	gram12: pos = array([ 0.46203704, -0.13796296])
57.8582 	EXP 	gram12: pos = array([ 0.44351852, -0.13518519])
57.8956 	EXP 	gram12: pos = array([ 0.41111111, -0.13240741])
57.9428 	EXP 	gram12: pos = array([ 0.35462963, -0.13055556])
57.9802 	EXP 	gram12: pos = array([ 0.30648148, -0.1287037 ])
58.0201 	EXP 	gram12: pos = array([ 0.26944444, -0.13240741])
58.0624 	EXP 	gram12: pos = array([ 0.24074074, -0.13518519])
58.1025 	EXP 	gram12: pos = array([ 0.22685185, -0.13518519])
58.1456 	EXP 	gram12: pos = array([ 0.21388889, -0.13518519])
58.1929 	EXP 	gram12: pos = array([ 0.2037037 , -0.13611111])
58.2309 	EXP 	gram12: pos = array([ 0.20185185, -0.13611111])
58.2756 	EXP 	gram12: pos = array([ 0.2       , -0.13611111])
58.3121 	EXP 	gram12: pos = array([ 0.2       , -0.13611111])
58.3208 	DATA 	Mouse:  Left button up, pos=(1176,393)
58.9800 	DATA 	Mouse: Left button down, pos=(1772,841)
59.0638 	EXP 	gram06: pos = array([0.75185185, 0.2787037 ])
59.1100 	EXP 	gram06: pos = array([0.75185185, 0.2787037 ])
59.1503 	EXP 	gram06: pos = array([0.71481481, 0.24259259])
59.2000 	EXP 	gram06: pos = array([0.65833333, 0.18981481])
59.2401 	EXP 	gram06: pos = array([0.62592593, 0.15185185])
59.2743 	EXP 	gram06: pos = array([0.60925926, 0.12685185])
59.3067 	EXP 	gram06: pos = array([0.58240741, 0.08796296])
59.3410 	EXP 	gram06: pos = array([0.53796296, 0.0212963 ])
59.3733 	EXP 	gram06: pos = array([ 0.50555556, -0.03703704])
59.4098 	EXP 	gram06: pos = array([ 0.48333333, -0.08518519])
59.4499 	EXP 	gram06: pos = array([ 0.46759259, -0.13888889])
59.4913 	EXP 	gram06: pos = array([ 0.45648148, -0.15925926])
59.5272 	EXP 	gram06: pos = array([ 0.45648148, -0.15925926])
59.5614 	EXP 	gram06: pos = array([ 0.45648148, -0.15925926])
59.5955 	EXP 	gram06: pos = array([ 0.45648148, -0.15925926])
59.6284 	EXP 	gram06: pos = array([ 0.45648148, -0.15925926])
59.6648 	EXP 	gram06: pos = array([ 0.45648148, -0.15925926])
59.7105 	EXP 	gram06: pos = array([ 0.45555556, -0.16111111])
59.7487 	EXP 	gram06: pos = array([ 0.4537037 , -0.16574074])
59.7572 	DATA 	Mouse:  Left button up, pos=(1450,361)
60.3329 	DATA 	Mouse: Left button down, pos=(1403,151)
60.4139 	EXP 	gram11: pos = array([ 0.41018519, -0.36018519])
60.4543 	EXP 	gram11: pos = array([ 0.41018519, -0.36018519])
60.4905 	EXP 	gram11: pos = array([ 0.41018519, -0.36018519])
60.5246 	EXP 	gram11: pos = array([ 0.45555556, -0.36018519])
60.5577 	EXP 	gram11: pos = array([ 0.50462963, -0.36018519])
60.5915 	EXP 	gram11: pos = array([ 0.55555556, -0.36018519])
60.6285 	EXP 	gram11: pos = array([ 0.58703704, -0.36018519])
60.6634 	EXP 	gram11: pos = array([ 0.60185185, -0.36018519])
60.7096 	EXP 	gram11: pos = array([ 0.60740741, -0.35925926])
60.7465 	EXP 	gram11: pos = array([ 0.61574074, -0.35648148])
60.7822 	EXP 	gram11: pos = array([ 0.62777778, -0.35185185])
60.8280 	EXP 	gram11: pos = array([ 0.65740741, -0.33981481])
60.8643 	EXP 	gram11: pos = array([ 0.67777778, -0.3287037 ])
60.9107 	EXP 	gram11: pos = array([ 0.68981481, -0.32037037])
60.9475 	EXP 	gram11: pos = array([ 0.69351852, -0.31666667])
60.9811 	EXP 	gram11: pos = array([ 0.69722222, -0.31203704])
61.0281 	EXP 	gram11: pos = array([ 0.69814815, -0.31018519])
61.0632 	EXP 	gram11: pos = array([ 0.7037037, -0.3037037])
61.0987 	EXP 	gram11: pos = array([ 0.71018519, -0.29907407])
61.1459 	EXP 	gram11: pos = array([ 0.71481481, -0.29537037])
61.1842 	EXP 	gram11: pos = array([ 0.71574074, -0.29351852])
61.2071 	DATA 	Mouse:  Left button up, pos=(1734,224)
61.6575 	DATA 	Mouse: Left button down, pos=(1491,350)
61.7078 	EXP 	gram06: pos = array([ 0.49166667, -0.17592593])
61.7404 	EXP 	gram06: pos = array([ 0.48518519, -0.20555556])
61.7743 	EXP 	gram06: pos = array([ 0.47962963, -0.24351852])
61.8134 	EXP 	gram06: pos = array([ 0.4787037, -0.2537037])
61.8513 	EXP 	gram06: pos = array([ 0.4787037 , -0.26111111])
61.8961 	EXP 	gram06: pos = array([ 0.47685185, -0.27037037])
61.9334 	EXP 	gram06: pos = array([ 0.47592593, -0.27962963])
61.9806 	EXP 	gram06: pos = array([ 0.47407407, -0.28333333])
62.0309 	EXP 	gram06: pos = array([ 0.47037037, -0.30740741])
62.0609 	DATA 	Mouse:  Left button up, pos=(1467,204)
62.0679 	EXP 	gram06: pos = array([ 0.46944444, -0.31111111])
62.4800 	DATA 	Mouse: Left button down, pos=(1172,311)
62.5415 	EXP 	gram12: pos = array([ 0.1962963 , -0.21203704])
62.5749 	EXP 	gram12: pos = array([ 0.1962963 , -0.21203704])
62.6123 	EXP 	gram12: pos = array([ 0.1962963 , -0.23703704])
62.6521 	EXP 	gram12: pos = array([ 0.19722222, -0.27222222])
62.6970 	EXP 	gram12: pos = array([ 0.19722222, -0.29074074])
62.7350 	EXP 	gram12: pos = array([ 0.19722222, -0.3       ])
62.7805 	EXP 	gram12: pos = array([ 0.19722222, -0.30277778])
62.8170 	EXP 	gram12: pos = array([ 0.1962963 , -0.30277778])
62.8436 	DATA 	Mouse:  Left button up, pos=(1172,213)
63.4536 	DATA 	Mouse: Left button down, pos=(704,288)
63.5398 	EXP 	gram03: pos = array([-0.23703704, -0.23333333])
63.5777 	EXP 	gram03: pos = array([-0.23703704, -0.23981481])
63.6126 	EXP 	gram03: pos = array([-0.2287037 , -0.27222222])
63.6449 	EXP 	gram03: pos = array([-0.22685185, -0.29074074])
63.6793 	EXP 	gram03: pos = array([-0.22685185, -0.29814815])
63.7123 	EXP 	gram03: pos = array([-0.22685185, -0.3       ])
63.7445 	EXP 	gram03: pos = array([-0.22685185, -0.30092593])
63.7779 	EXP 	gram03: pos = array([-0.22685185, -0.30092593])
63.7842 	DATA 	Mouse:  Left button up, pos=(715,215)
64.2023 	DATA 	Mouse: Left button down, pos=(482,295)
64.2828 	EXP 	gram09: pos = array([-0.44259259, -0.22685185])
64.3199 	EXP 	gram09: pos = array([-0.44259259, -0.23240741])
64.3654 	EXP 	gram09: pos = array([-0.44259259, -0.26944444])
64.4051 	EXP 	gram09: pos = array([-0.44259259, -0.27685185])
64.4494 	EXP 	gram09: pos = array([-0.44259259, -0.2787037 ])
64.4871 	EXP 	gram09: pos = array([-0.44259259, -0.27962963])
64.5321 	EXP 	gram09: pos = array([-0.44259259, -0.28055556])
64.5683 	EXP 	gram09: pos = array([-0.44259259, -0.28055556])
64.5976 	DATA 	Mouse:  Left button up, pos=(482,237)
65.0423 	DATA 	Mouse: Left button down, pos=(205,276)
65.1164 	EXP 	gram10: pos = array([-0.69907407, -0.24444444])
65.1566 	EXP 	gram10: pos = array([-0.69907407, -0.26111111])
65.2005 	EXP 	gram10: pos = array([-0.70277778, -0.28611111])
65.2375 	EXP 	gram10: pos = array([-0.70462963, -0.29166667])
65.2843 	EXP 	gram10: pos = array([-0.70555556, -0.29444444])
65.3203 	EXP 	gram10: pos = array([-0.70555556, -0.29537037])
65.3665 	EXP 	gram10: pos = array([-0.70555556, -0.2962963 ])
65.3867 	DATA 	Mouse:  Left button up, pos=(198,220)
66.0721 	DATA 	Mouse: Left button down, pos=(199,646)
66.4677 	DATA 	Mouse:  Left button up, pos=(193,817)
66.8152 	DATA 	Mouse: Left button down, pos=(210,605)
66.8861 	EXP 	gram08: pos = array([-0.69444444,  0.06018519])
66.9244 	EXP 	gram08: pos = array([-0.69537037,  0.09907407])
66.9686 	EXP 	gram08: pos = array([-0.7       ,  0.18425926])
67.0069 	EXP 	gram08: pos = array([-0.69722222,  0.24444444])
67.0526 	EXP 	gram08: pos = array([-0.69351852,  0.28333333])
67.0909 	EXP 	gram08: pos = array([-0.69351852,  0.30462963])
67.1294 	EXP 	gram08: pos = array([-0.69444444,  0.30925926])
67.1695 	EXP 	gram08: pos = array([-0.69444444,  0.31018519])
67.2068 	EXP 	gram08: pos = array([-0.69444444,  0.31018519])
67.2315 	DATA 	Mouse:  Left button up, pos=(209,875)
67.8057 	DATA 	Mouse: Left button down, pos=(528,727)
67.8767 	EXP 	gram04: pos = array([-0.4       ,  0.17314815])
67.9219 	EXP 	gram04: pos = array([-0.40462963,  0.23796296])
67.9702 	EXP 	gram04: pos = array([-0.40925926,  0.25740741])
68.0090 	EXP 	gram04: pos = array([-0.41388889,  0.26481481])
68.0541 	EXP 	gram04: pos = array([-0.41851852,  0.27314815])
68.0925 	EXP 	gram04: pos = array([-0.4212963,  0.2787037])
68.1374 	EXP 	gram04: pos = array([-0.42222222,  0.28055556])
68.1755 	EXP 	gram04: pos = array([-0.42685185,  0.28703704])
68.2176 	EXP 	gram04: pos = array([-0.43240741,  0.29166667])
68.2479 	EXP 	gram04: pos = array([-0.43425926,  0.29351852])
68.2812 	EXP 	gram04: pos = array([-0.43518519,  0.29444444])
68.3154 	EXP 	gram04: pos = array([-0.43518519,  0.29444444])
68.3250 	DATA 	Mouse:  Left button up, pos=(490,858)
68.8776 	DATA 	Mouse: Left button down, pos=(704,704)
68.9548 	EXP 	gram07: pos = array([-0.23703704,  0.15185185])
68.9915 	EXP 	gram07: pos = array([-0.23703704,  0.15185185])
69.0388 	EXP 	gram07: pos = array([-0.2212963 ,  0.20555556])
69.0787 	EXP 	gram07: pos = array([-0.21018519,  0.26018519])
69.1218 	EXP 	gram07: pos = array([-0.20555556,  0.28240741])
69.1587 	EXP 	gram07: pos = array([-0.20555556,  0.28611111])
69.2056 	EXP 	gram07: pos = array([-0.20555556,  0.28703704])
69.2427 	EXP 	gram07: pos = array([-0.20555556,  0.28703704])
69.2871 	EXP 	gram07: pos = array([-0.20555556,  0.28796296])
69.3233 	EXP 	gram07: pos = array([-0.20555556,  0.28796296])
69.3496 	DATA 	Mouse:  Left button up, pos=(739,852)
69.9591 	DATA 	Mouse: Left button down, pos=(1090,682)
70.0567 	EXP 	gram02: pos = array([0.13055556, 0.17777778])
70.1073 	EXP 	gram02: pos = array([0.15092593, 0.27777778])
70.1563 	EXP 	gram02: pos = array([0.15833333, 0.31851852])
70.1935 	EXP 	gram02: pos = array([0.16296296, 0.33611111])
70.2382 	EXP 	gram02: pos = array([0.16388889, 0.34444444])
70.2767 	EXP 	gram02: pos = array([0.16388889, 0.3462963 ])
70.3215 	EXP 	gram02: pos = array([0.16388889, 0.3462963 ])
70.3593 	EXP 	gram02: pos = array([0.16388889, 0.3462963 ])
70.4064 	EXP 	gram02: pos = array([0.16388889, 0.3462963 ])
70.4440 	EXP 	gram02: pos = array([0.16481481, 0.34537037])
70.4901 	EXP 	gram02: pos = array([0.16759259, 0.33981481])
70.5301 	EXP 	gram02: pos = array([0.17685185, 0.32685185])
70.5724 	EXP 	gram02: pos = array([0.18425926, 0.31759259])
70.6088 	EXP 	gram02: pos = array([0.18518519, 0.31666667])
70.6557 	EXP 	gram02: pos = array([0.18518519, 0.31574074])
70.6734 	DATA 	Mouse:  Left button up, pos=(1160,881)
71.4117 	DATA 	Mouse: Left button down, pos=(1367,702)
71.4919 	EXP 	gram01: pos = array([0.38981481, 0.22037037])
71.5324 	EXP 	gram01: pos = array([0.39259259, 0.23611111])
71.5682 	EXP 	gram01: pos = array([0.39351852, 0.24074074])
71.6014 	EXP 	gram01: pos = array([0.39351852, 0.2462963 ])
71.6349 	EXP 	gram01: pos = array([0.39537037, 0.25      ])
71.6681 	EXP 	gram01: pos = array([0.39537037, 0.25185185])
71.7017 	EXP 	gram01: pos = array([0.39537037, 0.25277778])
71.7351 	EXP 	gram01: pos = array([0.3962963, 0.2537037])
71.7685 	EXP 	gram01: pos = array([0.39722222, 0.25462963])
71.8031 	EXP 	gram01: pos = array([0.41018519, 0.27037037])
71.8396 	EXP 	gram01: pos = array([0.42685185, 0.28981481])
71.8741 	EXP 	gram01: pos = array([0.43240741, 0.29537037])
71.9076 	EXP 	gram01: pos = array([0.43518519, 0.29814815])
71.9475 	EXP 	gram01: pos = array([0.43888889, 0.30185185])
71.9908 	EXP 	gram01: pos = array([0.44074074, 0.3037037 ])
72.0303 	EXP 	gram01: pos = array([0.44259259, 0.30462963])
72.0740 	EXP 	gram01: pos = array([0.44259259, 0.30462963])
72.0914 	DATA 	Mouse:  Left button up, pos=(1438,869)
72.6758 	DATA 	Mouse: Left button down, pos=(1665,673)
72.7447 	EXP 	gram05: pos = array([0.65277778, 0.12314815])
72.7932 	EXP 	gram05: pos = array([0.65555556, 0.14814815])
72.8310 	EXP 	gram05: pos = array([0.65740741, 0.18425926])
72.8769 	EXP 	Created continue_text = TextStim(__class__=<class 'psychopy.visual.text.TextStim'>, alignHoriz='center', alignVert='center', antialias=True, autoLog=True, bold=False, color='white', colorSpace='named', contrast=1.0, depth=0.0, flipHoriz=False, flipVert=False, font='Arial', fontFiles=[], height=0.05, italic=False, languageStyle='LTR', name='continue_text', opacity=1.0, ori=0, pos=array([0., 0.]), rgb=array([255., 255., 255.]), text='Continue', units='height', win=Window(...), wrapWidth=1)
73.0172 	EXP 	window1: mouseVisible = True
