8.2889 	EXP 	Created window1 = Window(allowGUI=True, allowStencil=False, args=UNKNOWN, autoLog=True, bitsMode=UNKNOWN, blendMode='avg', color=array([0., 0., 0.]), colorSpace='rgb', fullscr=<method-wrapper '__getattribute__' of attributeSetter object at 0x000002B082B12DD8>, gamma=None, gammaErrorPolicy='raise', kwargs=UNKNOWN, lms=UNKNOWN, monitor=<psychopy.monitors.calibTools.Monitor object at 0x000002B082B079B0>, multiSample=False, name='window1', numSamples=2, pos=[0.0, 0.0], screen=0, size=array([1920, 1080]), stereo=False, units='height', useFBO=True, useRetina=False, viewOri=0.0, viewPos=None, viewScale=None, waitBlanking=True, winType='pyglet')
8.2890 	EXP 	window1: recordFrameIntervals = False
8.4541 	EXP 	window1: recordFrameIntervals = True
8.6378 	EXP 	window1: recordFrameIntervals = False
9.0644 	EXP 	Created instruction_text = TextStim(__class__=<class 'psychopy.visual.text.TextStim'>, alignHoriz='center', alignVert='center', antialias=True, autoLog=True, bold=False, color='white', colorSpace='named', contrast=1.0, depth=0.0, flipHoriz=False, flipVert=False, font='Arial', fontFiles=[], height=0.05, italic=False, languageStyle='LTR', name='instruction_text', opacity=1.0, ori=0, pos=array([0., 0.]), rgb=array([255., 255., 255.]), text=str(...), units='height', win=Window(...), wrapWidth=1)
9.0733 	EXP 	Created text_2 = TextStim(__class__=<class 'psychopy.visual.text.TextStim'>, alignHoriz='center', alignVert='center', antialias=True, autoLog=True, bold=False, color='white', colorSpace='named', contrast=1.0, depth=-2.0, flipHoriz=False, flipVert=False, font='Arial', fontFiles=[], height=0.05, italic=False, languageStyle='LTR', name='text_2', opacity=1.0, ori=0, pos=array([ 0.  , -0.45]), rgb=array([255., 255., 255.]), text='Click here to continue.', units='height', win=Window(...), wrapWidth=1)
9.0842 	EXP 	Created text = TextStim(__class__=<class 'psychopy.visual.text.TextStim'>, alignHoriz='center', alignVert='center', antialias=True, autoLog=True, bold=False, color='white', colorSpace='named', contrast=1.0, depth=0.0, flipHoriz=False, flipVert=False, font='Arial', fontFiles=[], height=0.05, italic=False, languageStyle='LTR', name='text', opacity=1.0, ori=0, pos=array([0., 0.]), rgb=array([255., 255., 255.]), text='Here is a video example.', units='height', win=Window(...), wrapWidth=1)
9.1105 	EXP 	Created one = ImageStim(__class__=<class 'psychopy.visual.image.ImageStim'>, autoLog=True, color=array([1., 1., 1.]), colorSpace='rgb', contrast=1.0, depth=0.0, flipHoriz=False, flipVert=False, image=str(...), interpolate=True, mask=None, maskParams=None, name='one', opacity=1.0, ori=0.0, pos=array([-0.7,  0.3]), size=array([0.22, 0.22]), texRes=128, units='height', win=Window(...))
9.1328 	EXP 	Created two = ImageStim(__class__=<class 'psychopy.visual.image.ImageStim'>, autoLog=True, color=array([1., 1., 1.]), colorSpace='rgb', contrast=1.0, depth=-2.0, flipHoriz=False, flipVert=False, image=str(...), interpolate=True, mask=None, maskParams=None, name='two', opacity=1.0, ori=0.0, pos=array([-0.45,  0.3 ]), size=array([0.22, 0.22]), texRes=128, units='height', win=Window(...))
9.1538 	EXP 	Created three = ImageStim(__class__=<class 'psychopy.visual.image.ImageStim'>, autoLog=True, color=array([1., 1., 1.]), colorSpace='rgb', contrast=1.0, depth=-3.0, flipHoriz=False, flipVert=False, image=str(...), interpolate=True, mask=None, maskParams=None, name='three', opacity=1.0, ori=0.0, pos=array([-0.2,  0.3]), size=array([0.22, 0.22]), texRes=128, units='height', win=Window(...))
9.1760 	EXP 	Created seven = ImageStim(__class__=<class 'psychopy.visual.image.ImageStim'>, autoLog=True, color=array([1., 1., 1.]), colorSpace='rgb', contrast=1.0, depth=-4.0, flipHoriz=False, flipVert=False, image=str(...), interpolate=True, mask=None, maskParams=None, name='seven', opacity=1.0, ori=0.0, pos=array([-0.7, -0.3]), size=array([0.22, 0.22]), texRes=128, units='height', win=Window(...))
9.1972 	EXP 	Created eight = ImageStim(__class__=<class 'psychopy.visual.image.ImageStim'>, autoLog=True, color=array([1., 1., 1.]), colorSpace='rgb', contrast=1.0, depth=-5.0, flipHoriz=False, flipVert=False, image=str(...), interpolate=True, mask=None, maskParams=None, name='eight', opacity=1.0, ori=0.0, pos=array([-0.45, -0.3 ]), size=array([0.22, 0.22]), texRes=128, units='height', win=Window(...))
9.2186 	EXP 	Created nine = ImageStim(__class__=<class 'psychopy.visual.image.ImageStim'>, autoLog=True, color=array([1., 1., 1.]), colorSpace='rgb', contrast=1.0, depth=-6.0, flipHoriz=False, flipVert=False, image=str(...), interpolate=True, mask=None, maskParams=None, name='nine', opacity=1.0, ori=0.0, pos=array([-0.2, -0.3]), size=array([0.22, 0.22]), texRes=128, units='height', win=Window(...))
9.2392 	EXP 	Created four = ImageStim(__class__=<class 'psychopy.visual.image.ImageStim'>, autoLog=True, color=array([1., 1., 1.]), colorSpace='rgb', contrast=1.0, depth=-7.0, flipHoriz=False, flipVert=False, image=str(...), interpolate=True, mask=None, maskParams=None, name='four', opacity=1.0, ori=0.0, pos=array([0.2, 0.3]), size=array([0.22, 0.22]), texRes=128, units='height', win=Window(...))
9.2600 	EXP 	Created five = ImageStim(__class__=<class 'psychopy.visual.image.ImageStim'>, autoLog=True, color=array([1., 1., 1.]), colorSpace='rgb', contrast=1.0, depth=-8.0, flipHoriz=False, flipVert=False, image=str(...), interpolate=True, mask=None, maskParams=None, name='five', opacity=1.0, ori=0.0, pos=array([0.45, 0.3 ]), size=array([0.22, 0.22]), texRes=128, units='height', win=Window(...))
9.2810 	EXP 	Created six = ImageStim(__class__=<class 'psychopy.visual.image.ImageStim'>, autoLog=True, color=array([1., 1., 1.]), colorSpace='rgb', contrast=1.0, depth=-9.0, flipHoriz=False, flipVert=False, image=str(...), interpolate=True, mask=None, maskParams=None, name='six', opacity=1.0, ori=0.0, pos=array([0.7, 0.3]), size=array([0.22, 0.22]), texRes=128, units='height', win=Window(...))
9.3016 	EXP 	Created ten = ImageStim(__class__=<class 'psychopy.visual.image.ImageStim'>, autoLog=True, color=array([1., 1., 1.]), colorSpace='rgb', contrast=1.0, depth=-10.0, flipHoriz=False, flipVert=False, image=str(...), interpolate=True, mask=None, maskParams=None, name='ten', opacity=1.0, ori=0.0, pos=array([ 0.2, -0.3]), size=array([0.22, 0.22]), texRes=128, units='height', win=Window(...))
9.3228 	EXP 	Created eleven = ImageStim(__class__=<class 'psychopy.visual.image.ImageStim'>, autoLog=True, color=array([1., 1., 1.]), colorSpace='rgb', contrast=1.0, depth=-11.0, flipHoriz=False, flipVert=False, image=str(...), interpolate=True, mask=None, maskParams=None, name='eleven', opacity=1.0, ori=0.0, pos=array([ 0.45, -0.3 ]), size=array([0.22, 0.22]), texRes=128, units='height', win=Window(...))
9.3447 	EXP 	Created twelve = ImageStim(__class__=<class 'psychopy.visual.image.ImageStim'>, autoLog=True, color=array([1., 1., 1.]), colorSpace='rgb', contrast=1.0, depth=-12.0, flipHoriz=False, flipVert=False, image=str(...), interpolate=True, mask=None, maskParams=None, name='twelve', opacity=1.0, ori=0.0, pos=array([ 0.7, -0.3]), size=array([0.22, 0.22]), texRes=128, units='height', win=Window(...))
9.3553 	EXP 	Created continue_text = TextStim(__class__=<class 'psychopy.visual.text.TextStim'>, alignHoriz='center', alignVert='center', antialias=True, autoLog=True, bold=False, color='white', colorSpace='named', contrast=1.0, depth=0.0, flipHoriz=False, flipVert=False, font='Arial', fontFiles=[], height=0.001, italic=False, languageStyle='LTR', name='continue_text', opacity=0.0, ori=0, pos=array([1.5, 1.5]), rgb=array([255., 255., 255.]), text='Continue', units='height', win=Window(...), wrapWidth=1)
9.3735 	EXP 	Created gram01 = ImageStim(__class__=<class 'psychopy.visual.image.ImageStim'>, autoLog=True, color=array([1., 1., 1.]), colorSpace='rgb', contrast=1.0, depth=-14.0, flipHoriz=False, flipVert=False, image=str(...), interpolate=True, mask=None, maskParams=None, name='gram01', opacity=1.0, ori=0.0, pos=array([-0.7,  0.3]), size=array([0.22, 0.22]), texRes=128, units='height', win=Window(...))
9.3818 	EXP 	Created gram02 = ImageStim(__class__=<class 'psychopy.visual.image.ImageStim'>, autoLog=True, color=array([1., 1., 1.]), colorSpace='rgb', contrast=1.0, depth=-15.0, flipHoriz=False, flipVert=False, image=str(...), interpolate=True, mask=None, maskParams=None, name='gram02', opacity=1.0, ori=0.0, pos=array([-0.45,  0.3 ]), size=array([0.22, 0.22]), texRes=128, units='height', win=Window(...))
9.3877 	EXP 	Created gram03 = ImageStim(__class__=<class 'psychopy.visual.image.ImageStim'>, autoLog=True, color=array([1., 1., 1.]), colorSpace='rgb', contrast=1.0, depth=-16.0, flipHoriz=False, flipVert=False, image=str(...), interpolate=True, mask=None, maskParams=None, name='gram03', opacity=1.0, ori=0.0, pos=array([-0.2,  0.3]), size=array([0.22, 0.22]), texRes=128, units='height', win=Window(...))
9.3972 	EXP 	Created gram04 = ImageStim(__class__=<class 'psychopy.visual.image.ImageStim'>, autoLog=True, color=array([1., 1., 1.]), colorSpace='rgb', contrast=1.0, depth=-17.0, flipHoriz=False, flipVert=False, image=str(...), interpolate=True, mask=None, maskParams=None, name='gram04', opacity=1.0, ori=0.0, pos=array([0.2, 0.3]), size=array([0.22, 0.22]), texRes=128, units='height', win=Window(...))
9.4022 	EXP 	Created gram05 = ImageStim(__class__=<class 'psychopy.visual.image.ImageStim'>, autoLog=True, color=array([1., 1., 1.]), colorSpace='rgb', contrast=1.0, depth=-18.0, flipHoriz=False, flipVert=False, image=str(...), interpolate=True, mask=None, maskParams=None, name='gram05', opacity=1.0, ori=0.0, pos=array([0.45, 0.3 ]), size=array([0.22, 0.22]), texRes=128, units='height', win=Window(...))
9.4116 	EXP 	Created gram06 = ImageStim(__class__=<class 'psychopy.visual.image.ImageStim'>, autoLog=True, color=array([1., 1., 1.]), colorSpace='rgb', contrast=1.0, depth=-19.0, flipHoriz=False, flipVert=False, image=str(...), interpolate=True, mask=None, maskParams=None, name='gram06', opacity=1.0, ori=0.0, pos=array([0.7, 0.3]), size=array([0.22, 0.22]), texRes=128, units='height', win=Window(...))
9.4166 	EXP 	Created gram07 = ImageStim(__class__=<class 'psychopy.visual.image.ImageStim'>, autoLog=True, color=array([1., 1., 1.]), colorSpace='rgb', contrast=1.0, depth=-20.0, flipHoriz=False, flipVert=False, image=str(...), interpolate=True, mask=None, maskParams=None, name='gram07', opacity=1.0, ori=0.0, pos=array([-0.7, -0.3]), size=array([0.22, 0.22]), texRes=128, units='height', win=Window(...))
9.4319 	EXP 	Created gram08 = ImageStim(__class__=<class 'psychopy.visual.image.ImageStim'>, autoLog=True, color=array([1., 1., 1.]), colorSpace='rgb', contrast=1.0, depth=-21.0, flipHoriz=False, flipVert=False, image=str(...), interpolate=True, mask=None, maskParams=None, name='gram08', opacity=1.0, ori=0.0, pos=array([-0.45, -0.3 ]), size=array([0.22, 0.22]), texRes=128, units='height', win=Window(...))
9.4366 	EXP 	Created gram09 = ImageStim(__class__=<class 'psychopy.visual.image.ImageStim'>, autoLog=True, color=array([1., 1., 1.]), colorSpace='rgb', contrast=1.0, depth=-22.0, flipHoriz=False, flipVert=False, image=str(...), interpolate=True, mask=None, maskParams=None, name='gram09', opacity=1.0, ori=0.0, pos=array([-0.2, -0.3]), size=array([0.22, 0.22]), texRes=128, units='height', win=Window(...))
9.4602 	EXP 	Created gram10 = ImageStim(__class__=<class 'psychopy.visual.image.ImageStim'>, autoLog=True, color=array([1., 1., 1.]), colorSpace='rgb', contrast=1.0, depth=-23.0, flipHoriz=False, flipVert=False, image=str(...), interpolate=True, mask=None, maskParams=None, name='gram10', opacity=1.0, ori=0.0, pos=array([ 0.2, -0.3]), size=array([0.22, 0.22]), texRes=128, units='height', win=Window(...))
9.4771 	EXP 	Created gram11 = ImageStim(__class__=<class 'psychopy.visual.image.ImageStim'>, autoLog=True, color=array([1., 1., 1.]), colorSpace='rgb', contrast=1.0, depth=-24.0, flipHoriz=False, flipVert=False, image=str(...), interpolate=True, mask=None, maskParams=None, name='gram11', opacity=1.0, ori=0.0, pos=array([ 0.45, -0.3 ]), size=array([0.22, 0.22]), texRes=128, units='height', win=Window(...))
9.4912 	EXP 	Created gram12 = ImageStim(__class__=<class 'psychopy.visual.image.ImageStim'>, autoLog=True, color=array([1., 1., 1.]), colorSpace='rgb', contrast=1.0, depth=-25.0, flipHoriz=False, flipVert=False, image=str(...), interpolate=True, mask=None, maskParams=None, name='gram12', opacity=1.0, ori=0.0, pos=array([ 0.7, -0.3]), size=array([0.22, 0.22]), texRes=128, units='height', win=Window(...))
9.4991 	EXP 	Created easy_succ = TextStim(__class__=<class 'psychopy.visual.text.TextStim'>, alignHoriz='center', alignVert='center', antialias=True, autoLog=True, bold=False, color='white', colorSpace='named', contrast=1.0, depth=-26.0, flipHoriz=False, flipVert=False, font='Arial', fontFiles=[], height=0.05, italic=False, languageStyle='LTR', name='easy_succ', opacity=1.0, ori=0, pos=array([-0.3,  0. ]), rgb=array([255., 255., 255.]), text='Move On', units='height', win=Window(...), wrapWidth=1)
9.5201 	EXP 	Created one_2 = ImageStim(__class__=<class 'psychopy.visual.image.ImageStim'>, autoLog=True, color=array([1., 1., 1.]), colorSpace='rgb', contrast=1.0, depth=0.0, flipHoriz=False, flipVert=False, image=str(...), interpolate=True, mask=None, maskParams=None, name='one_2', opacity=1.0, ori=0.0, pos=array([-0.7,  0.3]), size=array([0.22, 0.22]), texRes=128, units='height', win=Window(...))
9.5414 	EXP 	Created two_2 = ImageStim(__class__=<class 'psychopy.visual.image.ImageStim'>, autoLog=True, color=array([1., 1., 1.]), colorSpace='rgb', contrast=1.0, depth=-2.0, flipHoriz=False, flipVert=False, image=str(...), interpolate=True, mask=None, maskParams=None, name='two_2', opacity=1.0, ori=0.0, pos=array([-0.45,  0.3 ]), size=array([0.22, 0.22]), texRes=128, units='height', win=Window(...))
9.5626 	EXP 	Created three_2 = ImageStim(__class__=<class 'psychopy.visual.image.ImageStim'>, autoLog=True, color=array([1., 1., 1.]), colorSpace='rgb', contrast=1.0, depth=-3.0, flipHoriz=False, flipVert=False, image=str(...), interpolate=True, mask=None, maskParams=None, name='three_2', opacity=1.0, ori=0.0, pos=array([-0.2,  0.3]), size=array([0.22, 0.22]), texRes=128, units='height', win=Window(...))
9.5832 	EXP 	Created seven_2 = ImageStim(__class__=<class 'psychopy.visual.image.ImageStim'>, autoLog=True, color=array([1., 1., 1.]), colorSpace='rgb', contrast=1.0, depth=-4.0, flipHoriz=False, flipVert=False, image=str(...), interpolate=True, mask=None, maskParams=None, name='seven_2', opacity=1.0, ori=0.0, pos=array([-0.7, -0.3]), size=array([0.22, 0.22]), texRes=128, units='height', win=Window(...))
9.6039 	EXP 	Created eight_2 = ImageStim(__class__=<class 'psychopy.visual.image.ImageStim'>, autoLog=True, color=array([1., 1., 1.]), colorSpace='rgb', contrast=1.0, depth=-5.0, flipHoriz=False, flipVert=False, image=str(...), interpolate=True, mask=None, maskParams=None, name='eight_2', opacity=1.0, ori=0.0, pos=array([-0.45, -0.3 ]), size=array([0.22, 0.22]), texRes=128, units='height', win=Window(...))
9.6247 	EXP 	Created nine_2 = ImageStim(__class__=<class 'psychopy.visual.image.ImageStim'>, autoLog=True, color=array([1., 1., 1.]), colorSpace='rgb', contrast=1.0, depth=-6.0, flipHoriz=False, flipVert=False, image=str(...), interpolate=True, mask=None, maskParams=None, name='nine_2', opacity=1.0, ori=0.0, pos=array([-0.2, -0.3]), size=array([0.22, 0.22]), texRes=128, units='height', win=Window(...))
9.6450 	EXP 	Created four_2 = ImageStim(__class__=<class 'psychopy.visual.image.ImageStim'>, autoLog=True, color=array([1., 1., 1.]), colorSpace='rgb', contrast=1.0, depth=-7.0, flipHoriz=False, flipVert=False, image=str(...), interpolate=True, mask=None, maskParams=None, name='four_2', opacity=1.0, ori=0.0, pos=array([0.2, 0.3]), size=array([0.22, 0.22]), texRes=128, units='height', win=Window(...))
9.6660 	EXP 	Created five_2 = ImageStim(__class__=<class 'psychopy.visual.image.ImageStim'>, autoLog=True, color=array([1., 1., 1.]), colorSpace='rgb', contrast=1.0, depth=-8.0, flipHoriz=False, flipVert=False, image=str(...), interpolate=True, mask=None, maskParams=None, name='five_2', opacity=1.0, ori=0.0, pos=array([0.45, 0.3 ]), size=array([0.22, 0.22]), texRes=128, units='height', win=Window(...))
9.6870 	EXP 	Created six_2 = ImageStim(__class__=<class 'psychopy.visual.image.ImageStim'>, autoLog=True, color=array([1., 1., 1.]), colorSpace='rgb', contrast=1.0, depth=-9.0, flipHoriz=False, flipVert=False, image=str(...), interpolate=True, mask=None, maskParams=None, name='six_2', opacity=1.0, ori=0.0, pos=array([0.7, 0.3]), size=array([0.22, 0.22]), texRes=128, units='height', win=Window(...))
9.7333 	EXP 	Created ten_2 = ImageStim(__class__=<class 'psychopy.visual.image.ImageStim'>, autoLog=True, color=array([1., 1., 1.]), colorSpace='rgb', contrast=1.0, depth=-10.0, flipHoriz=False, flipVert=False, image=str(...), interpolate=True, mask=None, maskParams=None, name='ten_2', opacity=1.0, ori=0.0, pos=array([ 0.2, -0.3]), size=array([0.22, 0.22]), texRes=128, units='height', win=Window(...))
9.7838 	EXP 	Created eleven_2 = ImageStim(__class__=<class 'psychopy.visual.image.ImageStim'>, autoLog=True, color=array([1., 1., 1.]), colorSpace='rgb', contrast=1.0, depth=-11.0, flipHoriz=False, flipVert=False, image=str(...), interpolate=True, mask=None, maskParams=None, name='eleven_2', opacity=1.0, ori=0.0, pos=array([ 0.45, -0.3 ]), size=array([0.22, 0.22]), texRes=128, units='height', win=Window(...))
9.8365 	EXP 	Created twelve_2 = ImageStim(__class__=<class 'psychopy.visual.image.ImageStim'>, autoLog=True, color=array([1., 1., 1.]), colorSpace='rgb', contrast=1.0, depth=-12.0, flipHoriz=False, flipVert=False, image=str(...), interpolate=True, mask=None, maskParams=None, name='twelve_2', opacity=1.0, ori=0.0, pos=array([ 0.7, -0.3]), size=array([0.22, 0.22]), texRes=128, units='height', win=Window(...))
9.8399 	EXP 	Created continue_text = TextStim(__class__=<class 'psychopy.visual.text.TextStim'>, alignHoriz='center', alignVert='center', antialias=True, autoLog=True, bold=False, color='white', colorSpace='named', contrast=1.0, depth=0.0, flipHoriz=False, flipVert=False, font='Arial', fontFiles=[], height=0.001, italic=False, languageStyle='LTR', name='continue_text', opacity=0.0, ori=0, pos=array([1.5, 1.5]), rgb=array([255., 255., 255.]), text='Continue', units='height', win=Window(...), wrapWidth=1)
9.8794 	EXP 	Created gram01_2 = ImageStim(__class__=<class 'psychopy.visual.image.ImageStim'>, autoLog=True, color=array([1., 1., 1.]), colorSpace='rgb', contrast=1.0, depth=-14.0, flipHoriz=False, flipVert=False, image=str(...), interpolate=True, mask=None, maskParams=None, name='gram01_2', opacity=1.0, ori=0.0, pos=array([-0.7,  0.3]), size=array([0.22, 0.22]), texRes=128, units='height', win=Window(...))
9.8979 	EXP 	Created gram02_2 = ImageStim(__class__=<class 'psychopy.visual.image.ImageStim'>, autoLog=True, color=array([1., 1., 1.]), colorSpace='rgb', contrast=1.0, depth=-15.0, flipHoriz=False, flipVert=False, image=str(...), interpolate=True, mask=None, maskParams=None, name='gram02_2', opacity=1.0, ori=0.0, pos=array([-0.45,  0.3 ]), size=array([0.22, 0.22]), texRes=128, units='height', win=Window(...))
9.9123 	EXP 	Created gram03_2 = ImageStim(__class__=<class 'psychopy.visual.image.ImageStim'>, autoLog=True, color=array([1., 1., 1.]), colorSpace='rgb', contrast=1.0, depth=-16.0, flipHoriz=False, flipVert=False, image=str(...), interpolate=True, mask=None, maskParams=None, name='gram03_2', opacity=1.0, ori=0.0, pos=array([-0.2,  0.3]), size=array([0.22, 0.22]), texRes=128, units='height', win=Window(...))
9.9331 	EXP 	Created gram04_2 = ImageStim(__class__=<class 'psychopy.visual.image.ImageStim'>, autoLog=True, color=array([1., 1., 1.]), colorSpace='rgb', contrast=1.0, depth=-17.0, flipHoriz=False, flipVert=False, image=str(...), interpolate=True, mask=None, maskParams=None, name='gram04_2', opacity=1.0, ori=0.0, pos=array([0.2, 0.3]), size=array([0.22, 0.22]), texRes=128, units='height', win=Window(...))
9.9452 	EXP 	Created gram05_2 = ImageStim(__class__=<class 'psychopy.visual.image.ImageStim'>, autoLog=True, color=array([1., 1., 1.]), colorSpace='rgb', contrast=1.0, depth=-18.0, flipHoriz=False, flipVert=False, image=str(...), interpolate=True, mask=None, maskParams=None, name='gram05_2', opacity=1.0, ori=0.0, pos=array([0.45, 0.3 ]), size=array([0.22, 0.22]), texRes=128, units='height', win=Window(...))
9.9678 	EXP 	Created gram06_2 = ImageStim(__class__=<class 'psychopy.visual.image.ImageStim'>, autoLog=True, color=array([1., 1., 1.]), colorSpace='rgb', contrast=1.0, depth=-19.0, flipHoriz=False, flipVert=False, image=str(...), interpolate=True, mask=None, maskParams=None, name='gram06_2', opacity=1.0, ori=0.0, pos=array([0.7, 0.3]), size=array([0.22, 0.22]), texRes=128, units='height', win=Window(...))
9.9804 	EXP 	Created gram07_2 = ImageStim(__class__=<class 'psychopy.visual.image.ImageStim'>, autoLog=True, color=array([1., 1., 1.]), colorSpace='rgb', contrast=1.0, depth=-20.0, flipHoriz=False, flipVert=False, image=str(...), interpolate=True, mask=None, maskParams=None, name='gram07_2', opacity=1.0, ori=0.0, pos=array([-0.7, -0.3]), size=array([0.22, 0.22]), texRes=128, units='height', win=Window(...))
10.0175 	EXP 	Created gram08_2 = ImageStim(__class__=<class 'psychopy.visual.image.ImageStim'>, autoLog=True, color=array([1., 1., 1.]), colorSpace='rgb', contrast=1.0, depth=-21.0, flipHoriz=False, flipVert=False, image=str(...), interpolate=True, mask=None, maskParams=None, name='gram08_2', opacity=1.0, ori=0.0, pos=array([-0.45, -0.3 ]), size=array([0.22, 0.22]), texRes=128, units='height', win=Window(...))
10.0284 	EXP 	Created gram09_2 = ImageStim(__class__=<class 'psychopy.visual.image.ImageStim'>, autoLog=True, color=array([1., 1., 1.]), colorSpace='rgb', contrast=1.0, depth=-22.0, flipHoriz=False, flipVert=False, image=str(...), interpolate=True, mask=None, maskParams=None, name='gram09_2', opacity=1.0, ori=0.0, pos=array([-0.2, -0.3]), size=array([0.22, 0.22]), texRes=128, units='height', win=Window(...))
10.0875 	EXP 	Created gram10_2 = ImageStim(__class__=<class 'psychopy.visual.image.ImageStim'>, autoLog=True, color=array([1., 1., 1.]), colorSpace='rgb', contrast=1.0, depth=-23.0, flipHoriz=False, flipVert=False, image=str(...), interpolate=True, mask=None, maskParams=None, name='gram10_2', opacity=1.0, ori=0.0, pos=array([ 0.2, -0.3]), size=array([0.22, 0.22]), texRes=128, units='height', win=Window(...))
10.1252 	EXP 	Created gram11_2 = ImageStim(__class__=<class 'psychopy.visual.image.ImageStim'>, autoLog=True, color=array([1., 1., 1.]), colorSpace='rgb', contrast=1.0, depth=-24.0, flipHoriz=False, flipVert=False, image=str(...), interpolate=True, mask=None, maskParams=None, name='gram11_2', opacity=1.0, ori=0.0, pos=array([ 0.45, -0.3 ]), size=array([0.22, 0.22]), texRes=128, units='height', win=Window(...))
10.1607 	EXP 	Created gram12_2 = ImageStim(__class__=<class 'psychopy.visual.image.ImageStim'>, autoLog=True, color=array([1., 1., 1.]), colorSpace='rgb', contrast=1.0, depth=-25.0, flipHoriz=False, flipVert=False, image=str(...), interpolate=True, mask=None, maskParams=None, name='gram12_2', opacity=1.0, ori=0.0, pos=array([ 0.7, -0.3]), size=array([0.22, 0.22]), texRes=128, units='height', win=Window(...))
10.1658 	EXP 	Created easy_succ_2 = TextStim(__class__=<class 'psychopy.visual.text.TextStim'>, alignHoriz='center', alignVert='center', antialias=True, autoLog=True, bold=False, color='white', colorSpace='named', contrast=1.0, depth=-26.0, flipHoriz=False, flipVert=False, font='Arial', fontFiles=[], height=0.05, italic=False, languageStyle='LTR', name='easy_succ_2', opacity=1.0, ori=0, pos=array([-0.3,  0. ]), rgb=array([255., 255., 255.]), text='Move On', units='height', win=Window(...), wrapWidth=1)
10.2541 	EXP 	Created one_3 = ImageStim(__class__=<class 'psychopy.visual.image.ImageStim'>, autoLog=True, color=array([1., 1., 1.]), colorSpace='rgb', contrast=1.0, depth=0.0, flipHoriz=False, flipVert=False, image=str(...), interpolate=True, mask=None, maskParams=None, name='one_3', opacity=1.0, ori=0.0, pos=array([-0.7,  0.3]), size=array([0.22, 0.22]), texRes=128, units='height', win=Window(...))
10.3368 	EXP 	Created two_3 = ImageStim(__class__=<class 'psychopy.visual.image.ImageStim'>, autoLog=True, color=array([1., 1., 1.]), colorSpace='rgb', contrast=1.0, depth=-2.0, flipHoriz=False, flipVert=False, image=str(...), interpolate=True, mask=None, maskParams=None, name='two_3', opacity=1.0, ori=0.0, pos=array([-0.45,  0.3 ]), size=array([0.22, 0.22]), texRes=128, units='height', win=Window(...))
10.4110 	EXP 	Created three_3 = ImageStim(__class__=<class 'psychopy.visual.image.ImageStim'>, autoLog=True, color=array([1., 1., 1.]), colorSpace='rgb', contrast=1.0, depth=-3.0, flipHoriz=False, flipVert=False, image=str(...), interpolate=True, mask=None, maskParams=None, name='three_3', opacity=1.0, ori=0.0, pos=array([-0.2,  0.3]), size=array([0.22, 0.22]), texRes=128, units='height', win=Window(...))
10.4767 	EXP 	Created seven_3 = ImageStim(__class__=<class 'psychopy.visual.image.ImageStim'>, autoLog=True, color=array([1., 1., 1.]), colorSpace='rgb', contrast=1.0, depth=-4.0, flipHoriz=False, flipVert=False, image=str(...), interpolate=True, mask=None, maskParams=None, name='seven_3', opacity=1.0, ori=0.0, pos=array([-0.7, -0.3]), size=array([0.22, 0.22]), texRes=128, units='height', win=Window(...))
10.5374 	EXP 	Created eight_3 = ImageStim(__class__=<class 'psychopy.visual.image.ImageStim'>, autoLog=True, color=array([1., 1., 1.]), colorSpace='rgb', contrast=1.0, depth=-5.0, flipHoriz=False, flipVert=False, image=str(...), interpolate=True, mask=None, maskParams=None, name='eight_3', opacity=1.0, ori=0.0, pos=array([-0.45, -0.3 ]), size=array([0.22, 0.22]), texRes=128, units='height', win=Window(...))
10.5861 	EXP 	Created nine_3 = ImageStim(__class__=<class 'psychopy.visual.image.ImageStim'>, autoLog=True, color=array([1., 1., 1.]), colorSpace='rgb', contrast=1.0, depth=-6.0, flipHoriz=False, flipVert=False, image=str(...), interpolate=True, mask=None, maskParams=None, name='nine_3', opacity=1.0, ori=0.0, pos=array([-0.2, -0.3]), size=array([0.22, 0.22]), texRes=128, units='height', win=Window(...))
10.6271 	EXP 	Created four_3 = ImageStim(__class__=<class 'psychopy.visual.image.ImageStim'>, autoLog=True, color=array([1., 1., 1.]), colorSpace='rgb', contrast=1.0, depth=-7.0, flipHoriz=False, flipVert=False, image=str(...), interpolate=True, mask=None, maskParams=None, name='four_3', opacity=1.0, ori=0.0, pos=array([0.2, 0.3]), size=array([0.22, 0.22]), texRes=128, units='height', win=Window(...))
10.6669 	EXP 	Created five_3 = ImageStim(__class__=<class 'psychopy.visual.image.ImageStim'>, autoLog=True, color=array([1., 1., 1.]), colorSpace='rgb', contrast=1.0, depth=-8.0, flipHoriz=False, flipVert=False, image=str(...), interpolate=True, mask=None, maskParams=None, name='five_3', opacity=1.0, ori=0.0, pos=array([0.45, 0.3 ]), size=array([0.22, 0.22]), texRes=128, units='height', win=Window(...))
10.7050 	EXP 	Created six_3 = ImageStim(__class__=<class 'psychopy.visual.image.ImageStim'>, autoLog=True, color=array([1., 1., 1.]), colorSpace='rgb', contrast=1.0, depth=-9.0, flipHoriz=False, flipVert=False, image=str(...), interpolate=True, mask=None, maskParams=None, name='six_3', opacity=1.0, ori=0.0, pos=array([0.7, 0.3]), size=array([0.22, 0.22]), texRes=128, units='height', win=Window(...))
10.7782 	EXP 	Created ten_3 = ImageStim(__class__=<class 'psychopy.visual.image.ImageStim'>, autoLog=True, color=array([1., 1., 1.]), colorSpace='rgb', contrast=1.0, depth=-10.0, flipHoriz=False, flipVert=False, image=str(...), interpolate=True, mask=None, maskParams=None, name='ten_3', opacity=1.0, ori=0.0, pos=array([ 0.2, -0.3]), size=array([0.22, 0.22]), texRes=128, units='height', win=Window(...))
10.8639 	EXP 	Created eleven_3 = ImageStim(__class__=<class 'psychopy.visual.image.ImageStim'>, autoLog=True, color=array([1., 1., 1.]), colorSpace='rgb', contrast=1.0, depth=-11.0, flipHoriz=False, flipVert=False, image=str(...), interpolate=True, mask=None, maskParams=None, name='eleven_3', opacity=1.0, ori=0.0, pos=array([ 0.45, -0.3 ]), size=array([0.22, 0.22]), texRes=128, units='height', win=Window(...))
10.9422 	EXP 	Created twelve_3 = ImageStim(__class__=<class 'psychopy.visual.image.ImageStim'>, autoLog=True, color=array([1., 1., 1.]), colorSpace='rgb', contrast=1.0, depth=-12.0, flipHoriz=False, flipVert=False, image=str(...), interpolate=True, mask=None, maskParams=None, name='twelve_3', opacity=1.0, ori=0.0, pos=array([ 0.7, -0.3]), size=array([0.22, 0.22]), texRes=128, units='height', win=Window(...))
10.9455 	EXP 	Created continue_text = TextStim(__class__=<class 'psychopy.visual.text.TextStim'>, alignHoriz='center', alignVert='center', antialias=True, autoLog=True, bold=False, color='white', colorSpace='named', contrast=1.0, depth=0.0, flipHoriz=False, flipVert=False, font='Arial', fontFiles=[], height=0.001, italic=False, languageStyle='LTR', name='continue_text', opacity=0.0, ori=0, pos=array([1.5, 1.5]), rgb=array([255., 255., 255.]), text='Continue', units='height', win=Window(...), wrapWidth=1)
11.0101 	EXP 	Created gram01_3 = ImageStim(__class__=<class 'psychopy.visual.image.ImageStim'>, autoLog=True, color=array([1., 1., 1.]), colorSpace='rgb', contrast=1.0, depth=-14.0, flipHoriz=False, flipVert=False, image=str(...), interpolate=True, mask=None, maskParams=None, name='gram01_3', opacity=1.0, ori=0.0, pos=array([-0.7,  0.3]), size=array([0.22, 0.22]), texRes=128, units='height', win=Window(...))
11.0387 	EXP 	Created gram02_3 = ImageStim(__class__=<class 'psychopy.visual.image.ImageStim'>, autoLog=True, color=array([1., 1., 1.]), colorSpace='rgb', contrast=1.0, depth=-15.0, flipHoriz=False, flipVert=False, image=str(...), interpolate=True, mask=None, maskParams=None, name='gram02_3', opacity=1.0, ori=0.0, pos=array([-0.45,  0.3 ]), size=array([0.22, 0.22]), texRes=128, units='height', win=Window(...))
11.0626 	EXP 	Created gram03_3 = ImageStim(__class__=<class 'psychopy.visual.image.ImageStim'>, autoLog=True, color=array([1., 1., 1.]), colorSpace='rgb', contrast=1.0, depth=-16.0, flipHoriz=False, flipVert=False, image=str(...), interpolate=True, mask=None, maskParams=None, name='gram03_3', opacity=1.0, ori=0.0, pos=array([-0.2,  0.3]), size=array([0.22, 0.22]), texRes=128, units='height', win=Window(...))
11.0889 	EXP 	Created gram04_3 = ImageStim(__class__=<class 'psychopy.visual.image.ImageStim'>, autoLog=True, color=array([1., 1., 1.]), colorSpace='rgb', contrast=1.0, depth=-17.0, flipHoriz=False, flipVert=False, image=str(...), interpolate=True, mask=None, maskParams=None, name='gram04_3', opacity=1.0, ori=0.0, pos=array([0.2, 0.3]), size=array([0.22, 0.22]), texRes=128, units='height', win=Window(...))
11.1065 	EXP 	Created gram05_3 = ImageStim(__class__=<class 'psychopy.visual.image.ImageStim'>, autoLog=True, color=array([1., 1., 1.]), colorSpace='rgb', contrast=1.0, depth=-18.0, flipHoriz=False, flipVert=False, image=str(...), interpolate=True, mask=None, maskParams=None, name='gram05_3', opacity=1.0, ori=0.0, pos=array([0.45, 0.3 ]), size=array([0.22, 0.22]), texRes=128, units='height', win=Window(...))
11.1424 	EXP 	Created gram06_3 = ImageStim(__class__=<class 'psychopy.visual.image.ImageStim'>, autoLog=True, color=array([1., 1., 1.]), colorSpace='rgb', contrast=1.0, depth=-19.0, flipHoriz=False, flipVert=False, image=str(...), interpolate=True, mask=None, maskParams=None, name='gram06_3', opacity=1.0, ori=0.0, pos=array([0.7, 0.3]), size=array([0.22, 0.22]), texRes=128, units='height', win=Window(...))
11.1610 	EXP 	Created gram07_3 = ImageStim(__class__=<class 'psychopy.visual.image.ImageStim'>, autoLog=True, color=array([1., 1., 1.]), colorSpace='rgb', contrast=1.0, depth=-20.0, flipHoriz=False, flipVert=False, image=str(...), interpolate=True, mask=None, maskParams=None, name='gram07_3', opacity=1.0, ori=0.0, pos=array([-0.7, -0.3]), size=array([0.22, 0.22]), texRes=128, units='height', win=Window(...))
11.2232 	EXP 	Created gram08_3 = ImageStim(__class__=<class 'psychopy.visual.image.ImageStim'>, autoLog=True, color=array([1., 1., 1.]), colorSpace='rgb', contrast=1.0, depth=-21.0, flipHoriz=False, flipVert=False, image=str(...), interpolate=True, mask=None, maskParams=None, name='gram08_3', opacity=1.0, ori=0.0, pos=array([-0.45, -0.3 ]), size=array([0.22, 0.22]), texRes=128, units='height', win=Window(...))
11.2426 	EXP 	Created gram09_3 = ImageStim(__class__=<class 'psychopy.visual.image.ImageStim'>, autoLog=True, color=array([1., 1., 1.]), colorSpace='rgb', contrast=1.0, depth=-22.0, flipHoriz=False, flipVert=False, image=str(...), interpolate=True, mask=None, maskParams=None, name='gram09_3', opacity=1.0, ori=0.0, pos=array([-0.2, -0.3]), size=array([0.22, 0.22]), texRes=128, units='height', win=Window(...))
11.3267 	EXP 	Created gram10_3 = ImageStim(__class__=<class 'psychopy.visual.image.ImageStim'>, autoLog=True, color=array([1., 1., 1.]), colorSpace='rgb', contrast=1.0, depth=-23.0, flipHoriz=False, flipVert=False, image=str(...), interpolate=True, mask=None, maskParams=None, name='gram10_3', opacity=1.0, ori=0.0, pos=array([ 0.2, -0.3]), size=array([0.22, 0.22]), texRes=128, units='height', win=Window(...))
11.3816 	EXP 	Created gram11_3 = ImageStim(__class__=<class 'psychopy.visual.image.ImageStim'>, autoLog=True, color=array([1., 1., 1.]), colorSpace='rgb', contrast=1.0, depth=-24.0, flipHoriz=False, flipVert=False, image=str(...), interpolate=True, mask=None, maskParams=None, name='gram11_3', opacity=1.0, ori=0.0, pos=array([ 0.45, -0.3 ]), size=array([0.22, 0.22]), texRes=128, units='height', win=Window(...))
11.4380 	EXP 	Created gram12_3 = ImageStim(__class__=<class 'psychopy.visual.image.ImageStim'>, autoLog=True, color=array([1., 1., 1.]), colorSpace='rgb', contrast=1.0, depth=-25.0, flipHoriz=False, flipVert=False, image=str(...), interpolate=True, mask=None, maskParams=None, name='gram12_3', opacity=1.0, ori=0.0, pos=array([ 0.7, -0.3]), size=array([0.22, 0.22]), texRes=128, units='height', win=Window(...))
11.4426 	EXP 	Created easy_succ_3 = TextStim(__class__=<class 'psychopy.visual.text.TextStim'>, alignHoriz='center', alignVert='center', antialias=True, autoLog=True, bold=False, color='white', colorSpace='named', contrast=1.0, depth=-26.0, flipHoriz=False, flipVert=False, font='Arial', fontFiles=[], height=0.05, italic=False, languageStyle='LTR', name='easy_succ_3', opacity=1.0, ori=0, pos=array([-0.3,  0. ]), rgb=array([255., 255., 255.]), text='Move On', units='height', win=Window(...), wrapWidth=1)
11.4905 	EXP 	instruction_text: autoDraw = True
11.4905 	EXP 	text_2: autoDraw = True
11.8791 	DATA 	Mouse: Left button down, pos=(791,378)
11.9591 	DATA 	Mouse:  Left button up, pos=(791,378)
12.6266 	DATA 	Mouse: Left button down, pos=(891,88)
12.7301 	DATA 	Mouse:  Left button up, pos=(891,88)
13.2487 	DATA 	Mouse: Left button down, pos=(884,60)
13.2762 	EXP 	instruction_text: autoDraw = False
13.2762 	EXP 	text_2: autoDraw = False
13.2762 	EXP 	text: autoDraw = True
13.3110 	DATA 	Mouse:  Left button up, pos=(884,60)
14.0781 	DATA 	Mouse: Left button down, pos=(932,512)
14.6696 	DATA 	Mouse:  Left button up, pos=(932,512)
14.6813 	EXP 	text: autoDraw = False
14.6813 	EXP 	one: autoDraw = True
14.6813 	EXP 	two: autoDraw = True
14.6813 	EXP 	three: autoDraw = True
14.6813 	EXP 	seven: autoDraw = True
14.6813 	EXP 	eight: autoDraw = True
14.6813 	EXP 	nine: autoDraw = True
14.6813 	EXP 	four: autoDraw = True
14.6813 	EXP 	five: autoDraw = True
14.6813 	EXP 	six: autoDraw = True
14.6813 	EXP 	ten: autoDraw = True
14.6813 	EXP 	eleven: autoDraw = True
14.6813 	EXP 	twelve: autoDraw = True
14.9061 	EXP 	gram01: autoDraw = True
14.9061 	EXP 	gram02: autoDraw = True
14.9061 	EXP 	gram03: autoDraw = True
14.9061 	EXP 	gram04: autoDraw = True
14.9061 	EXP 	gram05: autoDraw = True
14.9061 	EXP 	gram06: autoDraw = True
14.9061 	EXP 	gram07: autoDraw = True
14.9061 	EXP 	gram08: autoDraw = True
14.9061 	EXP 	gram09: autoDraw = True
14.9061 	EXP 	gram10: autoDraw = True
14.9061 	EXP 	gram11: autoDraw = True
14.9061 	EXP 	gram12: autoDraw = True
14.9061 	EXP 	easy_succ: autoDraw = True
17.0480 	DATA 	Mouse: Left button down, pos=(464,223)
17.1055 	EXP 	gram08: pos = array([-0.45925926, -0.29351852])
17.1457 	EXP 	gram08: pos = array([-0.45925926, -0.29351852])
17.1792 	EXP 	gram08: pos = array([-0.45925926, -0.29351852])
17.2127 	EXP 	gram08: pos = array([-0.46574074, -0.28333333])
17.2524 	EXP 	gram08: pos = array([-0.525     , -0.18796296])
17.3024 	EXP 	gram08: pos = array([-0.58055556, -0.10092593])
17.3397 	EXP 	gram08: pos = array([-0.60740741, -0.05185185])
17.3848 	EXP 	gram08: pos = array([-0.62407407, -0.01574074])
17.4253 	EXP 	gram08: pos = array([-0.64259259,  0.01481481])
17.4704 	EXP 	gram08: pos = array([-0.66296296,  0.04537037])
17.5190 	EXP 	gram08: pos = array([-0.68240741,  0.06574074])
17.5573 	EXP 	gram08: pos = array([-0.69444444,  0.075     ])
17.6019 	EXP 	gram08: pos = array([-0.70185185,  0.0787037 ])
17.6418 	EXP 	gram08: pos = array([-0.7037037 ,  0.08055556])
17.6864 	EXP 	gram08: pos = array([-0.70555556,  0.08055556])
17.6956 	DATA 	Mouse:  Left button up, pos=(198,627)
18.3176 	DATA 	Mouse: Left button down, pos=(1166,796)
18.3860 	EXP 	gram04: pos = array([0.19074074, 0.23703704])
18.4236 	EXP 	gram04: pos = array([0.19074074, 0.23703704])
18.4702 	EXP 	gram04: pos = array([0.13796296, 0.22962963])
18.5078 	EXP 	gram04: pos = array([0.06574074, 0.22037037])
18.5559 	EXP 	gram04: pos = array([0.00555556, 0.21388889])
18.6034 	EXP 	gram04: pos = array([-0.05462963,  0.21018519])
18.6422 	EXP 	gram04: pos = array([-0.09814815,  0.21018519])
18.6873 	EXP 	gram04: pos = array([-0.15462963,  0.20740741])
18.7251 	EXP 	gram04: pos = array([-0.21481481,  0.1962963 ])
18.7706 	EXP 	gram04: pos = array([-0.25555556,  0.18796296])
18.8077 	EXP 	gram04: pos = array([-0.28796296,  0.17962963])
18.8539 	EXP 	gram04: pos = array([-0.31296296,  0.1712963 ])
18.9061 	EXP 	gram04: pos = array([-0.35555556,  0.15462963])
18.9546 	EXP 	gram04: pos = array([-0.38240741,  0.13888889])
18.9923 	EXP 	gram04: pos = array([-0.40092593,  0.12685185])
19.0371 	EXP 	gram04: pos = array([-0.41388889,  0.12037037])
19.0741 	EXP 	gram04: pos = array([-0.41759259,  0.11944444])
19.1211 	EXP 	gram04: pos = array([-0.41851852,  0.11944444])
19.1600 	EXP 	gram04: pos = array([-0.41944444,  0.11944444])
19.1683 	DATA 	Mouse:  Left button up, pos=(507,669)
20.1114 	DATA 	Mouse: Left button down, pos=(247,210)
20.1890 	EXP 	gram07: pos = array([-0.66018519, -0.30555556])
20.2260 	EXP 	gram07: pos = array([-0.6287037 , -0.30555556])
20.7352 	DATA 	Mouse:  Left button up, pos=(947,493)
21.1597 	DATA 	Mouse: Left button down, pos=(337,229)
21.2200 	EXP 	gram07: pos = array([-0.57685185, -0.28796296])
21.2519 	EXP 	gram07: pos = array([-0.57685185, -0.28796296])
21.2854 	EXP 	gram07: pos = array([-0.56666667, -0.28796296])
21.3181 	EXP 	gram07: pos = array([-0.48333333, -0.27685185])
21.3554 	EXP 	gram07: pos = array([-0.42314815, -0.26296296])
21.3935 	EXP 	gram07: pos = array([-0.34351852, -0.23888889])
21.4411 	EXP 	gram07: pos = array([-0.25925926, -0.20925926])
21.4825 	EXP 	gram07: pos = array([-0.20555556, -0.19074074])
21.5177 	EXP 	gram07: pos = array([-0.16018519, -0.16944444])
21.5583 	EXP 	gram07: pos = array([-0.12407407, -0.14722222])
21.6001 	EXP 	gram07: pos = array([-0.08055556, -0.11666667])
21.6430 	EXP 	gram07: pos = array([-0.02314815, -0.05      ])
21.6917 	EXP 	gram07: pos = array([0.01481481, 0.02037037])
21.7410 	EXP 	gram07: pos = array([0.01944444, 0.05740741])
21.7791 	EXP 	gram07: pos = array([0.00648148, 0.08240741])
21.8229 	EXP 	gram07: pos = array([-0.02685185,  0.11388889])
21.8608 	EXP 	gram07: pos = array([-0.08333333,  0.13796296])
21.9014 	EXP 	gram07: pos = array([-0.15185185,  0.14907407])
21.9345 	EXP 	gram07: pos = array([-0.1712963 ,  0.14907407])
21.9687 	EXP 	gram07: pos = array([-0.175     ,  0.14907407])
22.0025 	EXP 	gram07: pos = array([-0.17685185,  0.14814815])
22.0362 	EXP 	gram07: pos = array([-0.18240741,  0.14351852])
22.0695 	EXP 	gram07: pos = array([-0.19259259,  0.13518519])
22.1034 	EXP 	gram07: pos = array([-0.19722222,  0.12962963])
22.1368 	EXP 	gram07: pos = array([-0.19907407,  0.12592593])
22.1713 	EXP 	gram07: pos = array([-0.2       ,  0.12407407])
22.2027 	EXP 	gram07: pos = array([-0.20092593,  0.12314815])
22.2370 	EXP 	gram07: pos = array([-0.20092593,  0.1212963 ])
22.2691 	EXP 	gram07: pos = array([-0.20092593,  0.12037037])
22.3030 	EXP 	gram07: pos = array([-0.20092593,  0.11944444])
22.3359 	EXP 	gram07: pos = array([-0.20092593,  0.11759259])
22.3717 	EXP 	gram07: pos = array([-0.20092593,  0.11574074])
22.4047 	EXP 	gram07: pos = array([-0.2       ,  0.11388889])
22.4225 	DATA 	Mouse:  Left button up, pos=(744,663)
24.8567 	DATA 	Mouse: Left button down, pos=(517,844)
24.9220 	EXP 	gram02: pos = array([-0.41018519,  0.28148148])
24.9546 	EXP 	gram02: pos = array([-0.41018519,  0.28148148])
24.9880 	EXP 	gram02: pos = array([-0.41018519,  0.28148148])
25.0220 	EXP 	gram02: pos = array([-0.41018519,  0.28148148])
25.0565 	EXP 	gram02: pos = array([-0.41018519,  0.28240741])
25.0924 	EXP 	gram02: pos = array([-0.40092593,  0.29722222])
25.1213 	EXP 	gram02: pos = array([-0.38055556,  0.31203704])
25.1547 	EXP 	gram02: pos = array([-0.35648148,  0.32685185])
25.1943 	EXP 	gram02: pos = array([-0.30740741,  0.34444444])
25.2326 	EXP 	gram02: pos = array([-0.26481481,  0.35      ])
25.2773 	EXP 	gram02: pos = array([-0.21388889,  0.35      ])
25.3180 	EXP 	gram02: pos = array([-0.16759259,  0.34259259])
25.3614 	EXP 	gram02: pos = array([-0.12777778,  0.32685185])
25.4112 	EXP 	gram02: pos = array([-0.07592593,  0.29537037])
25.4500 	EXP 	gram02: pos = array([-0.03055556,  0.26481481])
25.4949 	EXP 	gram02: pos = array([0.01481481, 0.22037037])
25.5400 	EXP 	gram02: pos = array([0.06388889, 0.17685185])
25.5781 	EXP 	gram02: pos = array([0.08703704, 0.15555556])
25.6161 	EXP 	gram02: pos = array([0.10833333, 0.13425926])
25.6600 	EXP 	gram02: pos = array([0.12407407, 0.11851852])
25.6998 	EXP 	gram02: pos = array([0.13425926, 0.11203704])
25.7451 	EXP 	gram02: pos = array([0.13703704, 0.11018519])
25.7814 	EXP 	gram02: pos = array([0.13796296, 0.10925926])
25.8285 	EXP 	gram02: pos = array([0.14259259, 0.10740741])
25.8655 	EXP 	gram02: pos = array([0.14444444, 0.10648148])
25.8745 	DATA 	Mouse:  Left button up, pos=(1116,655)
26.4850 	DATA 	Mouse: Left button down, pos=(227,852)
26.5663 	EXP 	gram01: pos = array([-0.6787037 ,  0.28888889])
26.6249 	EXP 	gram01: pos = array([-0.6787037 ,  0.28888889])
26.6692 	EXP 	gram01: pos = array([-0.64537037,  0.29074074])
26.7128 	EXP 	gram01: pos = array([-0.59907407,  0.29351852])
26.7513 	EXP 	gram01: pos = array([-0.56666667,  0.29537037])
26.7963 	EXP 	gram01: pos = array([-0.52407407,  0.2962963 ])
26.8345 	EXP 	gram01: pos = array([-0.49537037,  0.29814815])
26.8797 	EXP 	gram01: pos = array([-0.45185185,  0.30092593])
26.9167 	EXP 	gram01: pos = array([-0.40740741,  0.30185185])
26.9629 	EXP 	gram01: pos = array([-0.34722222,  0.3037037 ])
26.9997 	EXP 	gram01: pos = array([-0.27962963,  0.30740741])
27.0465 	EXP 	gram01: pos = array([-0.19537037,  0.30740741])
27.0841 	EXP 	gram01: pos = array([-0.13888889,  0.29722222])
27.1294 	EXP 	gram01: pos = array([-0.10740741,  0.29166667])
27.1670 	EXP 	gram01: pos = array([-0.10462963,  0.28888889])
27.2115 	EXP 	gram01: pos = array([-0.10462963,  0.28888889])
27.2478 	EXP 	gram01: pos = array([-0.10462963,  0.28888889])
27.2830 	EXP 	gram01: pos = array([-0.10462963,  0.28888889])
27.3300 	EXP 	gram01: pos = array([-0.10462963,  0.28888889])
27.3665 	EXP 	gram01: pos = array([-0.10462963,  0.28888889])
27.4132 	EXP 	gram01: pos = array([-0.10462963,  0.28888889])
27.4532 	EXP 	gram01: pos = array([-0.07962963,  0.28518519])
27.4970 	EXP 	gram01: pos = array([-0.00462963,  0.27407407])
27.5346 	EXP 	gram01: pos = array([0.03240741, 0.26481481])
27.5804 	EXP 	gram01: pos = array([0.07037037, 0.25277778])
27.6177 	EXP 	gram01: pos = array([0.09166667, 0.24722222])
27.6641 	EXP 	gram01: pos = array([0.13425926, 0.23425926])
27.7028 	EXP 	gram01: pos = array([0.18703704, 0.21944444])
27.7473 	EXP 	gram01: pos = array([0.23518519, 0.20092593])
27.7841 	EXP 	gram01: pos = array([0.28240741, 0.18148148])
27.8307 	EXP 	gram01: pos = array([0.3287037 , 0.15925926])
27.8678 	EXP 	gram01: pos = array([0.36574074, 0.14351852])
27.9142 	EXP 	gram01: pos = array([0.39722222, 0.13425926])
27.9553 	EXP 	gram01: pos = array([0.41851852, 0.12685185])
27.9975 	EXP 	gram01: pos = array([0.42592593, 0.12407407])
28.0352 	EXP 	gram01: pos = array([0.42777778, 0.12314815])
28.0809 	EXP 	gram01: pos = array([0.42777778, 0.12314815])
28.0894 	DATA 	Mouse:  Left button up, pos=(1422,673)
28.5673 	DATA 	Mouse: Left button down, pos=(1435,820)
28.6483 	EXP 	gram05: pos = array([0.46481481, 0.24166667])
28.6888 	EXP 	gram05: pos = array([0.5037037 , 0.21018519])
28.7362 	EXP 	gram05: pos = array([0.53981481, 0.17962963])
28.7736 	EXP 	gram05: pos = array([0.56481481, 0.15740741])
28.8089 	EXP 	gram05: pos = array([0.5787037 , 0.14351852])
28.8422 	EXP 	gram05: pos = array([0.59444444, 0.13240741])
28.8757 	EXP 	gram05: pos = array([0.60740741, 0.12314815])
28.9151 	EXP 	gram05: pos = array([0.62037037, 0.11388889])
28.9530 	EXP 	gram05: pos = array([0.64259259, 0.10092593])
28.9981 	EXP 	gram05: pos = array([0.6537037 , 0.09722222])
29.0369 	EXP 	gram05: pos = array([0.66388889, 0.09537037])
29.0820 	EXP 	gram05: pos = array([0.6712963 , 0.09351852])
29.1189 	EXP 	gram05: pos = array([0.675     , 0.09351852])
29.1649 	EXP 	gram05: pos = array([0.6787037 , 0.09351852])
29.2029 	EXP 	gram05: pos = array([0.68055556, 0.09351852])
29.2533 	EXP 	gram05: pos = array([0.68240741, 0.09351852])
29.2978 	EXP 	gram05: pos = array([0.68240741, 0.09351852])
29.3260 	EXP 	gram05: pos = array([0.68240741, 0.09351852])
29.3435 	DATA 	Mouse:  Left button up, pos=(1697,641)
32.3218 	DATA 	Mouse: Left button down, pos=(1231,219)
32.4026 	EXP 	gram10: pos = array([ 0.25092593, -0.29722222])
32.4397 	EXP 	gram10: pos = array([ 0.25092593, -0.29722222])
32.4849 	EXP 	gram10: pos = array([ 0.25092593, -0.29722222])
32.5285 	EXP 	gram10: pos = array([ 0.20740741, -0.2787037 ])
32.5695 	EXP 	gram10: pos = array([ 0.18888889, -0.27407407])
32.6193 	EXP 	gram10: pos = array([ 0.16666667, -0.27037037])
32.6689 	EXP 	gram10: pos = array([ 0.11203704, -0.25925926])
33.1506 	DATA 	Mouse:  Left button up, pos=(508,301)
33.6076 	DATA 	Mouse: Left button down, pos=(1040,217)
33.7045 	EXP 	gram10: pos = array([ 0.07407407, -0.29907407])
33.7410 	EXP 	gram10: pos = array([ 0.07407407, -0.29907407])
33.7855 	EXP 	gram10: pos = array([ 0.07407407, -0.29907407])
33.8236 	EXP 	gram10: pos = array([ 0.06574074, -0.28888889])
33.8705 	EXP 	gram10: pos = array([ 0.05740741, -0.27962963])
33.9074 	EXP 	gram10: pos = array([ 0.05092593, -0.27407407])
33.9541 	EXP 	gram10: pos = array([ 0.04722222, -0.2712963 ])
33.9953 	EXP 	gram10: pos = array([ 0.04259259, -0.26851852])
34.0373 	EXP 	gram10: pos = array([ 0.00185185, -0.23888889])
34.5018 	DATA 	Mouse:  Left button up, pos=(572,391)
34.9228 	DATA 	Mouse: Left button down, pos=(952,304)
34.9820 	EXP 	gram10: pos = array([-0.00740741, -0.21851852])
35.0155 	EXP 	gram10: pos = array([-0.00740741, -0.21851852])
35.0492 	EXP 	gram10: pos = array([-0.00740741, -0.21851852])
35.0886 	EXP 	gram10: pos = array([-0.00740741, -0.21851852])
35.1244 	EXP 	gram10: pos = array([-0.00740741, -0.21851852])
35.1739 	EXP 	gram10: pos = array([-0.01944444, -0.20740741])
35.2220 	EXP 	gram10: pos = array([-0.04444444, -0.19166667])
35.2724 	EXP 	gram10: pos = array([-0.06388889, -0.18240741])
35.3139 	EXP 	gram10: pos = array([-0.08055556, -0.17685185])
35.3586 	EXP 	gram10: pos = array([-0.10648148, -0.1712963 ])
35.4060 	EXP 	gram10: pos = array([-0.11388889, -0.1712963 ])
35.4449 	EXP 	gram10: pos = array([-0.11944444, -0.17037037])
35.4900 	EXP 	gram10: pos = array([-0.12777778, -0.16851852])
35.5384 	EXP 	gram10: pos = array([-0.14259259, -0.16666667])
35.5825 	EXP 	gram10: pos = array([-0.17777778, -0.16388889])
35.6294 	EXP 	gram10: pos = array([-0.20555556, -0.16296296])
35.6747 	EXP 	gram10: pos = array([-0.24259259, -0.15925926])
35.7189 	EXP 	gram10: pos = array([-0.28333333, -0.15648148])
35.7510 	EXP 	gram10: pos = array([-0.32222222, -0.15648148])
35.7828 	EXP 	gram10: pos = array([-0.34814815, -0.15555556])
35.8162 	EXP 	gram10: pos = array([-0.37962963, -0.15555556])
35.8494 	EXP 	gram10: pos = array([-0.41666667, -0.15648148])
35.8832 	EXP 	gram10: pos = array([-0.45555556, -0.15648148])
35.9185 	EXP 	gram10: pos = array([-0.49814815, -0.15740741])
35.9564 	EXP 	gram10: pos = array([-0.53148148, -0.15740741])
36.0062 	EXP 	gram10: pos = array([-0.57962963, -0.16018519])
36.0460 	EXP 	gram10: pos = array([-0.62407407, -0.17037037])
36.0898 	EXP 	gram10: pos = array([-0.63888889, -0.17222222])
36.1297 	EXP 	gram10: pos = array([-0.64722222, -0.17222222])
36.1733 	EXP 	gram10: pos = array([-0.66203704, -0.17037037])
36.2104 	EXP 	gram10: pos = array([-0.66666667, -0.17037037])
36.2564 	EXP 	gram10: pos = array([-0.66851852, -0.16944444])
36.2927 	EXP 	gram10: pos = array([-0.67037037, -0.16944444])
36.3172 	DATA 	Mouse:  Left button up, pos=(236,357)
36.7706 	DATA 	Mouse: Left button down, pos=(779,256)
36.8412 	EXP 	gram09: pos = array([-0.16759259, -0.26296296])
36.8772 	EXP 	gram09: pos = array([-0.16759259, -0.26296296])
36.9242 	EXP 	gram09: pos = array([-0.18611111, -0.25833333])
36.9737 	EXP 	gram09: pos = array([-0.22777778, -0.24537037])
37.0159 	EXP 	gram09: pos = array([-0.25833333, -0.23703704])
37.0575 	EXP 	gram09: pos = array([-0.29444444, -0.225     ])
37.1075 	EXP 	gram09: pos = array([-0.32962963, -0.21388889])
37.1451 	EXP 	gram09: pos = array([-0.35277778, -0.20740741])
37.1904 	EXP 	gram09: pos = array([-0.3712963, -0.2037037])
37.2292 	EXP 	gram09: pos = array([-0.38518519, -0.20092593])
37.2743 	EXP 	gram09: pos = array([-0.39444444, -0.19907407])
37.3136 	EXP 	gram09: pos = array([-0.40462963, -0.19722222])
37.3579 	EXP 	gram09: pos = array([-0.40925926, -0.19722222])
37.4067 	EXP 	gram09: pos = array([-0.41296296, -0.19722222])
37.4381 	EXP 	gram09: pos = array([-0.41481481, -0.19722222])
37.4681 	EXP 	gram09: pos = array([-0.41574074, -0.19722222])
37.5016 	EXP 	gram09: pos = array([-0.41759259, -0.19722222])
37.5352 	EXP 	gram09: pos = array([-0.42037037, -0.19722222])
37.5683 	EXP 	gram09: pos = array([-0.42222222, -0.19814815])
37.6028 	EXP 	gram09: pos = array([-0.42407407, -0.19907407])
37.6431 	EXP 	gram09: pos = array([-0.42592593, -0.19907407])
37.6802 	EXP 	gram09: pos = array([-0.42777778, -0.20092593])
37.7252 	EXP 	gram09: pos = array([-0.43055556, -0.20092593])
37.7617 	EXP 	gram09: pos = array([-0.43148148, -0.20092593])
37.8084 	EXP 	gram09: pos = array([-0.43148148, -0.20092593])
37.8450 	EXP 	gram09: pos = array([-0.43148148, -0.20092593])
37.8911 	EXP 	gram09: pos = array([-0.43148148, -0.20092593])
37.9230 	DATA 	Mouse:  Left button up, pos=(494,323)
37.9300 	EXP 	gram09: pos = array([-0.43148148, -0.20092593])
39.5914 	DATA 	Mouse: Left button down, pos=(754,843)
39.6428 	EXP 	gram03: pos = array([-0.19074074,  0.28055556])
39.6711 	EXP 	gram03: pos = array([-0.19074074,  0.28055556])
39.7042 	EXP 	gram03: pos = array([-0.17222222,  0.26851852])
39.7386 	EXP 	gram03: pos = array([-0.14166667,  0.24537037])
39.7711 	EXP 	gram03: pos = array([-0.12222222,  0.22777778])
39.8069 	EXP 	gram03: pos = array([-0.1       ,  0.20833333])
39.8443 	EXP 	gram03: pos = array([-0.07777778,  0.18055556])
39.8939 	EXP 	gram03: pos = array([-0.05740741,  0.14351852])
39.9323 	EXP 	gram03: pos = array([-0.04722222,  0.11481481])
39.9773 	EXP 	gram03: pos = array([-0.03796296,  0.07777778])
40.0159 	EXP 	gram03: pos = array([-0.03611111,  0.02592593])
40.0609 	EXP 	gram03: pos = array([-0.04444444, -0.04074074])
40.0992 	EXP 	gram03: pos = array([-0.05740741, -0.08055556])
40.1447 	EXP 	gram03: pos = array([-0.0787037 , -0.12407407])
40.1818 	EXP 	gram03: pos = array([-0.0962963 , -0.15092593])
40.2263 	EXP 	gram03: pos = array([-0.11851852, -0.16851852])
40.2687 	EXP 	gram03: pos = array([-0.1462963 , -0.19166667])
40.3137 	EXP 	gram03: pos = array([-0.17222222, -0.20648148])
40.3607 	EXP 	gram03: pos = array([-0.175     , -0.20833333])
40.3970 	EXP 	gram03: pos = array([-0.17592593, -0.20833333])
40.4429 	EXP 	gram03: pos = array([-0.17685185, -0.20833333])
40.4821 	EXP 	gram03: pos = array([-0.17962963, -0.20925926])
40.5281 	EXP 	gram03: pos = array([-0.19074074, -0.21388889])
40.5655 	EXP 	gram03: pos = array([-0.19537037, -0.21574074])
40.6105 	EXP 	gram03: pos = array([-0.1962963 , -0.21574074])
40.6477 	EXP 	gram03: pos = array([-0.19814815, -0.21574074])
40.6952 	EXP 	gram03: pos = array([-0.19814815, -0.21574074])
40.7043 	DATA 	Mouse:  Left button up, pos=(746,307)
42.3196 	DATA 	Mouse: Left button down, pos=(1694,256)
42.4094 	EXP 	gram12: pos = array([ 0.67962963, -0.26296296])
42.4419 	EXP 	gram12: pos = array([ 0.67962963, -0.26296296])
42.4749 	EXP 	gram12: pos = array([ 0.67962963, -0.26296296])
42.5098 	EXP 	gram12: pos = array([ 0.67685185, -0.25740741])
42.5423 	EXP 	gram12: pos = array([ 0.66296296, -0.23981481])
42.5751 	EXP 	gram12: pos = array([ 0.64907407, -0.2212963 ])
42.6083 	EXP 	gram12: pos = array([ 0.63796296, -0.20833333])
42.6418 	EXP 	gram12: pos = array([ 0.62222222, -0.19537037])
42.6750 	EXP 	gram12: pos = array([ 0.58425926, -0.17685185])
42.7073 	EXP 	gram12: pos = array([ 0.53148148, -0.16111111])
42.7446 	EXP 	gram12: pos = array([ 0.4787037 , -0.14814815])
42.7766 	EXP 	gram12: pos = array([ 0.44351852, -0.14351852])
42.8099 	EXP 	gram12: pos = array([ 0.41018519, -0.14074074])
42.8434 	EXP 	gram12: pos = array([ 0.37685185, -0.13981481])
42.8766 	EXP 	gram12: pos = array([ 0.33611111, -0.14444444])
42.9106 	EXP 	gram12: pos = array([ 0.30092593, -0.15185185])
42.9432 	EXP 	gram12: pos = array([ 0.26851852, -0.15925926])
42.9756 	EXP 	gram12: pos = array([ 0.23333333, -0.17407407])
43.0107 	EXP 	gram12: pos = array([ 0.21759259, -0.18148148])
43.0442 	EXP 	gram12: pos = array([ 0.21111111, -0.18425926])
43.0760 	EXP 	gram12: pos = array([ 0.21018519, -0.18518519])
43.1088 	EXP 	gram12: pos = array([ 0.20925926, -0.18518519])
43.1256 	DATA 	Mouse:  Left button up, pos=(1186,340)
43.6860 	DATA 	Mouse: Left button down, pos=(1766,811)
43.8052 	EXP 	gram06: pos = array([0.7462963 , 0.25092593])
43.8431 	EXP 	gram06: pos = array([0.70462963, 0.19722222])
43.8765 	EXP 	gram06: pos = array([0.67777778, 0.16759259])
43.9120 	EXP 	gram06: pos = array([0.66296296, 0.14444444])
43.9477 	EXP 	gram06: pos = array([0.64722222, 0.11944444])
43.9811 	EXP 	gram06: pos = array([0.62962963, 0.08888889])
44.0137 	EXP 	gram06: pos = array([0.61388889, 0.06018519])
44.0460 	EXP 	gram06: pos = array([0.59722222, 0.03055556])
44.0769 	EXP 	gram06: pos = array([ 0.57685185, -0.00277778])
44.1124 	EXP 	gram06: pos = array([ 0.55648148, -0.03703704])
44.1448 	EXP 	gram06: pos = array([ 0.53148148, -0.06111111])
44.1769 	EXP 	gram06: pos = array([ 0.50740741, -0.07777778])
44.2090 	EXP 	gram06: pos = array([ 0.49259259, -0.08888889])
44.2423 	EXP 	gram06: pos = array([ 0.47962963, -0.09814815])
44.2755 	EXP 	gram06: pos = array([ 0.47037037, -0.10462963])
44.3090 	EXP 	gram06: pos = array([ 0.46851852, -0.10555556])
44.3270 	DATA 	Mouse:  Left button up, pos=(1465,426)
44.8088 	DATA 	Mouse: Left button down, pos=(1442,239)
44.8851 	EXP 	gram11: pos = array([ 0.4462963, -0.2787037])
44.9268 	EXP 	gram11: pos = array([ 0.4462963, -0.2787037])
44.9610 	EXP 	gram11: pos = array([ 0.46666667, -0.28333333])
44.9965 	EXP 	gram11: pos = array([ 0.50277778, -0.28796296])
45.0298 	EXP 	gram11: pos = array([ 0.53240741, -0.28796296])
45.0635 	EXP 	gram11: pos = array([ 0.56111111, -0.28796296])
45.0959 	EXP 	gram11: pos = array([ 0.58796296, -0.28796296])
45.1290 	EXP 	gram11: pos = array([ 0.61481481, -0.28703704])
45.1611 	EXP 	gram11: pos = array([ 0.64166667, -0.28703704])
45.1945 	EXP 	gram11: pos = array([ 0.67037037, -0.28611111])
45.2326 	EXP 	gram11: pos = array([ 0.6962963 , -0.28518519])
45.2680 	EXP 	gram11: pos = array([ 0.72314815, -0.28425926])
45.3169 	EXP 	gram11: pos = array([ 0.74814815, -0.28425926])
45.3666 	EXP 	gram11: pos = array([ 0.74907407, -0.28425926])
45.4026 	EXP 	gram11: pos = array([ 0.74907407, -0.28425926])
45.4278 	DATA 	Mouse:  Left button up, pos=(1769,234)
45.8493 	DATA 	Mouse: Left button down, pos=(1528,422)
45.9112 	EXP 	gram06: pos = array([ 0.52592593, -0.10925926])
45.9443 	EXP 	gram06: pos = array([ 0.50648148, -0.17777778])
45.9776 	EXP 	gram06: pos = array([ 0.49351852, -0.225     ])
46.0111 	EXP 	gram06: pos = array([ 0.48611111, -0.25185185])
46.0448 	EXP 	gram06: pos = array([ 0.48148148, -0.27777778])
46.0850 	EXP 	gram06: pos = array([ 0.47685185, -0.29166667])
46.1342 	EXP 	gram06: pos = array([ 0.4712963 , -0.31388889])
46.1730 	EXP 	gram06: pos = array([ 0.46574074, -0.33611111])
46.2168 	EXP 	gram06: pos = array([ 0.46388889, -0.33888889])
46.2543 	EXP 	gram06: pos = array([ 0.46296296, -0.33981481])
46.2634 	DATA 	Mouse:  Left button up, pos=(1460,173)
46.6873 	DATA 	Mouse: Left button down, pos=(1218,277)
46.7686 	EXP 	gram12: pos = array([ 0.23888889, -0.24351852])
46.8182 	EXP 	gram12: pos = array([ 0.23148148, -0.27962963])
46.8555 	EXP 	gram12: pos = array([ 0.225     , -0.30555556])
46.9009 	EXP 	gram12: pos = array([ 0.2212963 , -0.31388889])
46.9380 	EXP 	gram12: pos = array([ 0.2212963 , -0.31388889])
46.9848 	EXP 	gram12: pos = array([ 0.2212963 , -0.31574074])
47.0027 	DATA 	Mouse:  Left button up, pos=(1199,199)
47.4598 	DATA 	Mouse: Left button down, pos=(710,312)
47.5295 	EXP 	gram03: pos = array([-0.23148148, -0.21111111])
47.5628 	EXP 	gram03: pos = array([-0.23148148, -0.21111111])
47.5964 	EXP 	gram03: pos = array([-0.23333333, -0.23518519])
47.6298 	EXP 	gram03: pos = array([-0.23703704, -0.26481481])
47.6686 	EXP 	gram03: pos = array([-0.23888889, -0.27407407])
47.7068 	EXP 	gram03: pos = array([-0.23981481, -0.275     ])
47.7154 	DATA 	Mouse:  Left button up, pos=(701,243)
48.1763 	DATA 	Mouse: Left button down, pos=(556,271)
48.2539 	EXP 	gram09: pos = array([-0.37407407, -0.24907407])
48.2873 	EXP 	gram09: pos = array([-0.38518519, -0.26481481])
48.3192 	EXP 	gram09: pos = array([-0.41203704, -0.30462963])
48.3513 	EXP 	gram09: pos = array([-0.42592593, -0.32314815])
48.3826 	EXP 	gram09: pos = array([-0.43148148, -0.33148148])
48.4167 	EXP 	gram09: pos = array([-0.43611111, -0.33888889])
48.4524 	EXP 	gram09: pos = array([-0.43703704, -0.34074074])
48.4887 	EXP 	gram09: pos = array([-0.43796296, -0.34074074])
48.5138 	DATA 	Mouse:  Left button up, pos=(486,172)
48.8801 	DATA 	Mouse: Left button down, pos=(270,260)
48.9549 	EXP 	gram10: pos = array([-0.63888889, -0.25925926])
49.0030 	EXP 	gram10: pos = array([-0.65277778, -0.26851852])
49.0449 	EXP 	gram10: pos = array([-0.675     , -0.28703704])
49.0880 	EXP 	gram10: pos = array([-0.68703704, -0.29907407])
49.1371 	EXP 	gram10: pos = array([-0.69166667, -0.30185185])
49.1778 	EXP 	gram10: pos = array([-0.69537037, -0.30555556])
49.2207 	EXP 	gram10: pos = array([-0.69814815, -0.30833333])
49.2568 	EXP 	gram10: pos = array([-0.69907407, -0.30833333])
49.2824 	DATA 	Mouse:  Left button up, pos=(205,207)
49.8747 	DATA 	Mouse: Left button down, pos=(207,629)
49.9389 	EXP 	gram08: pos = array([-0.69722222,  0.08240741])
49.9871 	EXP 	gram08: pos = array([-0.69722222,  0.08240741])
50.0232 	EXP 	gram08: pos = array([-0.69722222,  0.08240741])
50.0715 	EXP 	gram08: pos = array([-0.69814815,  0.09166667])
50.6170 	DATA 	Mouse:  Left button up, pos=(196,871)
50.9363 	DATA 	Mouse: Left button down, pos=(212,650)
51.0192 	EXP 	gram08: pos = array([-0.69259259,  0.10185185])
51.0512 	EXP 	gram08: pos = array([-0.69351852,  0.12777778])
51.0848 	EXP 	gram08: pos = array([-0.69814815,  0.20648148])
51.1196 	EXP 	gram08: pos = array([-0.69722222,  0.24259259])
51.1510 	EXP 	gram08: pos = array([-0.69814815,  0.26203704])
51.1847 	EXP 	gram08: pos = array([-0.69814815,  0.27314815])
51.2183 	EXP 	gram08: pos = array([-0.69814815,  0.27962963])
51.2507 	EXP 	gram08: pos = array([-0.69814815,  0.28148148])
51.2844 	EXP 	gram08: pos = array([-0.69907407,  0.28425926])
51.3183 	EXP 	gram08: pos = array([-0.7       ,  0.28611111])
51.3510 	EXP 	gram08: pos = array([-0.70092593,  0.28796296])
51.3843 	EXP 	gram08: pos = array([-0.70185185,  0.28796296])
51.3899 	DATA 	Mouse:  Left button up, pos=(202,851)
52.0096 	DATA 	Mouse: Left button down, pos=(573,679)
52.0905 	EXP 	gram04: pos = array([-0.35833333,  0.1287037 ])
52.1253 	EXP 	gram04: pos = array([-0.37592593,  0.16481481])
52.1594 	EXP 	gram04: pos = array([-0.38611111,  0.18425926])
52.2053 	EXP 	gram04: pos = array([-0.39351852,  0.20185185])
52.2430 	EXP 	gram04: pos = array([-0.40092593,  0.21759259])
52.2906 	EXP 	gram04: pos = array([-0.40648148,  0.23055556])
52.3263 	EXP 	gram04: pos = array([-0.41018519,  0.23703704])
52.3736 	EXP 	gram04: pos = array([-0.41481481,  0.24444444])
52.4098 	EXP 	gram04: pos = array([-0.425     ,  0.25648148])
52.4552 	EXP 	gram04: pos = array([-0.44722222,  0.28425926])
52.4917 	EXP 	gram04: pos = array([-0.45925926,  0.29814815])
52.5264 	EXP 	gram04: pos = array([-0.46203704,  0.3       ])
52.5731 	EXP 	gram04: pos = array([-0.46296296,  0.30092593])
52.5944 	DATA 	Mouse:  Left button up, pos=(460,865)
53.1451 	DATA 	Mouse: Left button down, pos=(716,710)
53.2254 	EXP 	gram07: pos = array([-0.22592593,  0.15740741])
53.2618 	EXP 	gram07: pos = array([-0.22592593,  0.15740741])
53.3074 	EXP 	gram07: pos = array([-0.22592593,  0.15740741])
53.3459 	EXP 	gram07: pos = array([-0.22592593,  0.16018519])
53.3924 	EXP 	gram07: pos = array([-0.22407407,  0.17037037])
53.4421 	EXP 	gram07: pos = array([-0.22314815,  0.18240741])
53.4923 	EXP 	gram07: pos = array([-0.2212963 ,  0.19351852])
53.5325 	EXP 	gram07: pos = array([-0.21944444,  0.20277778])
53.5754 	EXP 	gram07: pos = array([-0.21759259,  0.21481481])
53.6141 	EXP 	gram07: pos = array([-0.21481481,  0.22777778])
53.6601 	EXP 	gram07: pos = array([-0.21203704,  0.24259259])
53.7087 	EXP 	gram07: pos = array([-0.20833333,  0.25648148])
53.7502 	EXP 	gram07: pos = array([-0.20740741,  0.26388889])
53.7927 	EXP 	gram07: pos = array([-0.20740741,  0.26851852])
53.8291 	EXP 	gram07: pos = array([-0.20740741,  0.27222222])
53.8765 	EXP 	gram07: pos = array([-0.20740741,  0.275     ])
53.9125 	EXP 	gram07: pos = array([-0.20740741,  0.27685185])
53.9209 	DATA 	Mouse:  Left button up, pos=(736,839)
54.6898 	DATA 	Mouse: Left button down, pos=(1088,636)
54.7605 	EXP 	gram02: pos = array([0.11851852, 0.08888889])
54.8023 	EXP 	gram02: pos = array([0.12962963, 0.11759259])
54.8472 	EXP 	gram02: pos = array([0.14537037, 0.15277778])
54.8870 	EXP 	gram02: pos = array([0.16296296, 0.18703704])
54.9272 	EXP 	gram02: pos = array([0.17407407, 0.21574074])
54.9773 	EXP 	gram02: pos = array([0.18333333, 0.23888889])
55.0138 	EXP 	gram02: pos = array([0.18981481, 0.25648148])
55.0640 	EXP 	gram02: pos = array([0.19259259, 0.26944444])
55.1107 	EXP 	gram02: pos = array([0.19351852, 0.275     ])
55.1470 	EXP 	gram02: pos = array([0.19444444, 0.27777778])
55.1945 	EXP 	gram02: pos = array([0.1962963 , 0.28055556])
55.2318 	EXP 	gram02: pos = array([0.19814815, 0.28333333])
55.2776 	EXP 	gram02: pos = array([0.20277778, 0.28888889])
55.3051 	DATA 	Mouse:  Left button up, pos=(1180,853)
55.8352 	DATA 	Mouse: Left button down, pos=(1346,637)
55.9186 	EXP 	gram01: pos = array([0.38333333, 0.15555556])
55.9574 	EXP 	gram01: pos = array([0.3962963 , 0.18518519])
55.9899 	EXP 	gram01: pos = array([0.40740741, 0.20833333])
56.0237 	EXP 	gram01: pos = array([0.41574074, 0.22962963])
56.0567 	EXP 	gram01: pos = array([0.42222222, 0.24074074])
56.0901 	EXP 	gram01: pos = array([0.4287037 , 0.25185185])
56.1277 	EXP 	gram01: pos = array([0.43425926, 0.26111111])
56.1637 	EXP 	gram01: pos = array([0.43796296, 0.26666667])
56.2118 	EXP 	gram01: pos = array([0.44259259, 0.275     ])
56.2516 	EXP 	gram01: pos = array([0.45      , 0.28240741])
56.2944 	EXP 	gram01: pos = array([0.45555556, 0.28981481])
56.3308 	EXP 	gram01: pos = array([0.45648148, 0.29074074])
56.3791 	EXP 	gram01: pos = array([0.45648148, 0.29166667])
56.3870 	DATA 	Mouse:  Left button up, pos=(1453,855)
56.9101 	DATA 	Mouse: Left button down, pos=(1651,669)
56.9732 	EXP 	gram05: pos = array([0.63981481, 0.11944444])
57.0067 	EXP 	gram05: pos = array([0.6462963, 0.1462963])
57.0398 	EXP 	gram05: pos = array([0.65277778, 0.16944444])
57.0734 	EXP 	gram05: pos = array([0.65833333, 0.18888889])
57.1073 	EXP 	gram05: pos = array([0.66481481, 0.20833333])
57.1501 	EXP 	Created continue_text = TextStim(__class__=<class 'psychopy.visual.text.TextStim'>, alignHoriz='center', alignVert='center', antialias=True, autoLog=True, bold=False, color='white', colorSpace='named', contrast=1.0, depth=0.0, flipHoriz=False, flipVert=False, font='Arial', fontFiles=[], height=0.05, italic=False, languageStyle='LTR', name='continue_text', opacity=1.0, ori=0, pos=array([0., 0.]), rgb=array([255., 255., 255.]), text='Continue', units='height', win=Window(...), wrapWidth=1)
57.2987 	EXP 	window1: mouseVisible = True
