7.8151 	EXP 	Created window1 = Window(allowGUI=True, allowStencil=False, args=UNKNOWN, autoLog=True, bitsMode=UNKNOWN, blendMode='avg', color=array([0., 0., 0.]), colorSpace='rgb', fullscr=<method-wrapper '__getattribute__' of attributeSetter object at 0x0000024F7DF3DDD8>, gamma=None, gammaErrorPolicy='raise', kwargs=UNKNOWN, lms=UNKNOWN, monitor=<psychopy.monitors.calibTools.Monitor object at 0x0000024F7E0554A8>, multiSample=False, name='window1', numSamples=2, pos=[0.0, 0.0], screen=0, size=array([1920, 1080]), stereo=False, units='height', useFBO=True, useRetina=False, viewOri=0.0, viewPos=None, viewScale=None, waitBlanking=True, winType='pyglet')
7.8152 	EXP 	window1: recordFrameIntervals = False
7.9789 	EXP 	window1: recordFrameIntervals = True
8.1658 	EXP 	window1: recordFrameIntervals = False
8.6089 	EXP 	Created instruction_text = TextStim(__class__=<class 'psychopy.visual.text.TextStim'>, alignHoriz='center', alignVert='center', antialias=True, autoLog=True, bold=False, color='white', colorSpace='named', contrast=1.0, depth=0.0, flipHoriz=False, flipVert=False, font='Arial', fontFiles=[], height=0.05, italic=False, languageStyle='LTR', name='instruction_text', opacity=1.0, ori=0, pos=array([0., 0.]), rgb=array([255., 255., 255.]), text=str(...), units='height', win=Window(...), wrapWidth=1)
8.6174 	EXP 	Created text_2 = TextStim(__class__=<class 'psychopy.visual.text.TextStim'>, alignHoriz='center', alignVert='center', antialias=True, autoLog=True, bold=False, color='white', colorSpace='named', contrast=1.0, depth=-2.0, flipHoriz=False, flipVert=False, font='Arial', fontFiles=[], height=0.05, italic=False, languageStyle='LTR', name='text_2', opacity=1.0, ori=0, pos=array([ 0.  , -0.45]), rgb=array([255., 255., 255.]), text='Click here to continue.', units='height', win=Window(...), wrapWidth=1)
8.6287 	EXP 	Created text = TextStim(__class__=<class 'psychopy.visual.text.TextStim'>, alignHoriz='center', alignVert='center', antialias=True, autoLog=True, bold=False, color='white', colorSpace='named', contrast=1.0, depth=0.0, flipHoriz=False, flipVert=False, font='Arial', fontFiles=[], height=0.05, italic=False, languageStyle='LTR', name='text', opacity=1.0, ori=0, pos=array([0., 0.]), rgb=array([255., 255., 255.]), text='Here is a video example.', units='height', win=Window(...), wrapWidth=1)
8.6833 	EXP 	Created one = ImageStim(__class__=<class 'psychopy.visual.image.ImageStim'>, autoLog=True, color=array([1., 1., 1.]), colorSpace='rgb', contrast=1.0, depth=0.0, flipHoriz=False, flipVert=False, image=str(...), interpolate=True, mask=None, maskParams=None, name='one', opacity=1.0, ori=0.0, pos=array([-0.7,  0.3]), size=array([0.22, 0.22]), texRes=128, units='height', win=Window(...))
8.7412 	EXP 	Created two = ImageStim(__class__=<class 'psychopy.visual.image.ImageStim'>, autoLog=True, color=array([1., 1., 1.]), colorSpace='rgb', contrast=1.0, depth=-2.0, flipHoriz=False, flipVert=False, image=str(...), interpolate=True, mask=None, maskParams=None, name='two', opacity=1.0, ori=0.0, pos=array([-0.45,  0.3 ]), size=array([0.22, 0.22]), texRes=128, units='height', win=Window(...))
8.8137 	EXP 	Created three = ImageStim(__class__=<class 'psychopy.visual.image.ImageStim'>, autoLog=True, color=array([1., 1., 1.]), colorSpace='rgb', contrast=1.0, depth=-3.0, flipHoriz=False, flipVert=False, image=str(...), interpolate=True, mask=None, maskParams=None, name='three', opacity=1.0, ori=0.0, pos=array([-0.2,  0.3]), size=array([0.22, 0.22]), texRes=128, units='height', win=Window(...))
8.8794 	EXP 	Created seven = ImageStim(__class__=<class 'psychopy.visual.image.ImageStim'>, autoLog=True, color=array([1., 1., 1.]), colorSpace='rgb', contrast=1.0, depth=-4.0, flipHoriz=False, flipVert=False, image=str(...), interpolate=True, mask=None, maskParams=None, name='seven', opacity=1.0, ori=0.0, pos=array([-0.7, -0.3]), size=array([0.22, 0.22]), texRes=128, units='height', win=Window(...))
8.9271 	EXP 	Created eight = ImageStim(__class__=<class 'psychopy.visual.image.ImageStim'>, autoLog=True, color=array([1., 1., 1.]), colorSpace='rgb', contrast=1.0, depth=-5.0, flipHoriz=False, flipVert=False, image=str(...), interpolate=True, mask=None, maskParams=None, name='eight', opacity=1.0, ori=0.0, pos=array([-0.45, -0.3 ]), size=array([0.22, 0.22]), texRes=128, units='height', win=Window(...))
8.9648 	EXP 	Created nine = ImageStim(__class__=<class 'psychopy.visual.image.ImageStim'>, autoLog=True, color=array([1., 1., 1.]), colorSpace='rgb', contrast=1.0, depth=-6.0, flipHoriz=False, flipVert=False, image=str(...), interpolate=True, mask=None, maskParams=None, name='nine', opacity=1.0, ori=0.0, pos=array([-0.2, -0.3]), size=array([0.22, 0.22]), texRes=128, units='height', win=Window(...))
8.9990 	EXP 	Created four = ImageStim(__class__=<class 'psychopy.visual.image.ImageStim'>, autoLog=True, color=array([1., 1., 1.]), colorSpace='rgb', contrast=1.0, depth=-7.0, flipHoriz=False, flipVert=False, image=str(...), interpolate=True, mask=None, maskParams=None, name='four', opacity=1.0, ori=0.0, pos=array([0.2, 0.3]), size=array([0.22, 0.22]), texRes=128, units='height', win=Window(...))
9.0332 	EXP 	Created five = ImageStim(__class__=<class 'psychopy.visual.image.ImageStim'>, autoLog=True, color=array([1., 1., 1.]), colorSpace='rgb', contrast=1.0, depth=-8.0, flipHoriz=False, flipVert=False, image=str(...), interpolate=True, mask=None, maskParams=None, name='five', opacity=1.0, ori=0.0, pos=array([0.45, 0.3 ]), size=array([0.22, 0.22]), texRes=128, units='height', win=Window(...))
9.0873 	EXP 	Created six = ImageStim(__class__=<class 'psychopy.visual.image.ImageStim'>, autoLog=True, color=array([1., 1., 1.]), colorSpace='rgb', contrast=1.0, depth=-9.0, flipHoriz=False, flipVert=False, image=str(...), interpolate=True, mask=None, maskParams=None, name='six', opacity=1.0, ori=0.0, pos=array([0.7, 0.3]), size=array([0.22, 0.22]), texRes=128, units='height', win=Window(...))
9.1561 	EXP 	Created ten = ImageStim(__class__=<class 'psychopy.visual.image.ImageStim'>, autoLog=True, color=array([1., 1., 1.]), colorSpace='rgb', contrast=1.0, depth=-10.0, flipHoriz=False, flipVert=False, image=str(...), interpolate=True, mask=None, maskParams=None, name='ten', opacity=1.0, ori=0.0, pos=array([ 0.2, -0.3]), size=array([0.22, 0.22]), texRes=128, units='height', win=Window(...))
9.2301 	EXP 	Created eleven = ImageStim(__class__=<class 'psychopy.visual.image.ImageStim'>, autoLog=True, color=array([1., 1., 1.]), colorSpace='rgb', contrast=1.0, depth=-11.0, flipHoriz=False, flipVert=False, image=str(...), interpolate=True, mask=None, maskParams=None, name='eleven', opacity=1.0, ori=0.0, pos=array([ 0.45, -0.3 ]), size=array([0.22, 0.22]), texRes=128, units='height', win=Window(...))
9.2919 	EXP 	Created twelve = ImageStim(__class__=<class 'psychopy.visual.image.ImageStim'>, autoLog=True, color=array([1., 1., 1.]), colorSpace='rgb', contrast=1.0, depth=-12.0, flipHoriz=False, flipVert=False, image=str(...), interpolate=True, mask=None, maskParams=None, name='twelve', opacity=1.0, ori=0.0, pos=array([ 0.7, -0.3]), size=array([0.22, 0.22]), texRes=128, units='height', win=Window(...))
9.3259 	EXP 	instruction_text: autoDraw = True
9.3259 	EXP 	text_2: autoDraw = True
9.9837 	DATA 	Mouse: Left button down, pos=(948,30)
10.0001 	EXP 	instruction_text: autoDraw = False
10.0001 	EXP 	text_2: autoDraw = False
10.0001 	EXP 	text: autoDraw = True
10.0700 	DATA 	Mouse:  Left button up, pos=(948,30)
10.5004 	DATA 	Mouse: Left button down, pos=(924,379)
11.0534 	DATA 	Mouse:  Left button up, pos=(924,379)
11.0654 	EXP 	text: autoDraw = False
11.0654 	EXP 	one: autoDraw = True
11.0654 	EXP 	two: autoDraw = True
11.0654 	EXP 	three: autoDraw = True
11.0654 	EXP 	seven: autoDraw = True
11.0654 	EXP 	eight: autoDraw = True
11.0654 	EXP 	nine: autoDraw = True
11.0654 	EXP 	four: autoDraw = True
11.0654 	EXP 	five: autoDraw = True
11.0654 	EXP 	six: autoDraw = True
11.0654 	EXP 	ten: autoDraw = True
11.0654 	EXP 	eleven: autoDraw = True
11.0654 	EXP 	twelve: autoDraw = True
11.8856 	DATA 	Mouse: Left button down, pos=(761,891)
11.9163 	EXP 	three: pos = array([-0.18425926,  0.325     ])
11.9341 	EXP 	three: pos = array([-0.18425926,  0.325     ])
11.9496 	EXP 	three: pos = array([-0.18425926,  0.325     ])
11.9665 	EXP 	three: pos = array([-0.18425926,  0.325     ])
11.9830 	EXP 	three: pos = array([-0.18425926,  0.325     ])
11.9996 	EXP 	three: pos = array([-0.18425926,  0.325     ])
12.0164 	EXP 	three: pos = array([-0.18425926,  0.325     ])
12.0336 	EXP 	three: pos = array([-0.18425926,  0.325     ])
12.0545 	EXP 	three: pos = array([-0.14722222,  0.29722222])
12.0737 	EXP 	three: pos = array([-0.10277778,  0.25462963])
12.0926 	EXP 	three: pos = array([-0.08703704,  0.23425926])
12.1140 	EXP 	three: pos = array([-0.06759259,  0.21203704])
12.1333 	EXP 	three: pos = array([-0.05555556,  0.19444444])
12.1498 	EXP 	three: pos = array([-0.04907407,  0.17777778])
12.1664 	EXP 	three: pos = array([-0.04074074,  0.14907407])
12.1833 	EXP 	three: pos = array([-0.03796296,  0.13333333])
12.1998 	EXP 	three: pos = array([-0.03796296,  0.1212963 ])
12.2165 	EXP 	three: pos = array([-0.04074074,  0.11018519])
12.2334 	EXP 	three: pos = array([-0.04537037,  0.09814815])
12.2499 	EXP 	three: pos = array([-0.05277778,  0.08703704])
12.2667 	EXP 	three: pos = array([-0.06481481,  0.07314815])
12.2833 	EXP 	three: pos = array([-0.075     ,  0.06574074])
12.3002 	EXP 	three: pos = array([-0.08703704,  0.06111111])
12.3169 	EXP 	three: pos = array([-0.10925926,  0.05740741])
12.3333 	EXP 	three: pos = array([-0.12777778,  0.05462963])
12.3499 	EXP 	three: pos = array([-0.14722222,  0.05462963])
12.3667 	EXP 	three: pos = array([-0.175     ,  0.05740741])
12.3834 	EXP 	three: pos = array([-0.18703704,  0.05925926])
12.3998 	EXP 	three: pos = array([-0.19444444,  0.06111111])
12.4166 	EXP 	three: pos = array([-0.2037037 ,  0.06666667])
12.4338 	EXP 	three: pos = array([-0.21018519,  0.07314815])
12.4500 	EXP 	three: pos = array([-0.22037037,  0.08333333])
12.4669 	EXP 	three: pos = array([-0.22685185,  0.09444444])
12.4838 	EXP 	three: pos = array([-0.23518519,  0.11111111])
12.5004 	EXP 	three: pos = array([-0.23888889,  0.12222222])
12.5174 	EXP 	three: pos = array([-0.23981481,  0.14166667])
12.5336 	EXP 	three: pos = array([-0.23981481,  0.15833333])
12.5515 	EXP 	three: pos = array([-0.23981481,  0.17314815])
12.5722 	EXP 	three: pos = array([-0.23425926,  0.19537037])
12.5909 	EXP 	three: pos = array([-0.22962963,  0.20555556])
12.6081 	EXP 	three: pos = array([-0.22314815,  0.21388889])
12.6252 	EXP 	three: pos = array([-0.20833333,  0.22222222])
12.6439 	EXP 	three: pos = array([-0.2       ,  0.22685185])
12.6682 	EXP 	three: pos = array([-0.18888889,  0.22962963])
12.6891 	EXP 	three: pos = array([-0.1787037 ,  0.23333333])
12.7067 	EXP 	three: pos = array([-0.16481481,  0.23425926])
12.7244 	EXP 	three: pos = array([-0.15      ,  0.23333333])
12.7423 	EXP 	three: pos = array([-0.13425926,  0.2287037 ])
12.7675 	EXP 	three: pos = array([-0.12407407,  0.225     ])
12.7893 	EXP 	three: pos = array([-0.11944444,  0.2212963 ])
12.8046 	EXP 	three: pos = array([-0.11388889,  0.21481481])
12.8195 	EXP 	three: pos = array([-0.10555556,  0.20648148])
12.8341 	EXP 	three: pos = array([-0.09444444,  0.19166667])
12.8508 	EXP 	three: pos = array([-0.08240741,  0.1712963 ])
12.8672 	EXP 	three: pos = array([-0.0712963,  0.15     ])
12.8842 	EXP 	three: pos = array([-0.06388889,  0.12314815])
12.9006 	EXP 	three: pos = array([-0.05833333,  0.09814815])
12.9175 	EXP 	three: pos = array([-0.05648148,  0.07407407])
12.9344 	EXP 	three: pos = array([-0.05648148,  0.06203704])
12.9514 	EXP 	three: pos = array([-0.06111111,  0.05092593])
12.9686 	EXP 	three: pos = array([-0.06388889,  0.0462963 ])
12.9840 	EXP 	three: pos = array([-0.06574074,  0.04351852])
13.0007 	EXP 	three: pos = array([-0.06759259,  0.04166667])
13.0175 	EXP 	three: pos = array([-0.06944444,  0.04166667])
13.0342 	EXP 	three: pos = array([-0.07222222,  0.03981481])
13.0511 	EXP 	three: pos = array([-0.08055556,  0.03796296])
13.0686 	EXP 	three: pos = array([-0.10277778,  0.03148148])
13.0861 	EXP 	three: pos = array([-0.12222222,  0.0287037 ])
13.1035 	EXP 	three: pos = array([-0.12962963,  0.0287037 ])
13.1177 	EXP 	three: pos = array([-0.13333333,  0.0287037 ])
13.1342 	EXP 	three: pos = array([-0.13703704,  0.02962963])
13.1514 	EXP 	three: pos = array([-0.14351852,  0.03240741])
13.1683 	EXP 	three: pos = array([-0.15092593,  0.03888889])
13.1850 	EXP 	three: pos = array([-0.15555556,  0.04259259])
13.2011 	EXP 	three: pos = array([-0.16111111,  0.04814815])
13.2180 	EXP 	three: pos = array([-0.16388889,  0.05      ])
13.2343 	EXP 	three: pos = array([-0.16759259,  0.05555556])
13.2511 	EXP 	three: pos = array([-0.17037037,  0.06018519])
13.2683 	EXP 	three: pos = array([-0.175     ,  0.06851852])
13.2893 	EXP 	three: pos = array([-0.1787037 ,  0.07777778])
13.3064 	EXP 	three: pos = array([-0.18240741,  0.08796296])
13.3276 	EXP 	three: pos = array([-0.18333333,  0.0962963 ])
13.3451 	EXP 	three: pos = array([-0.18425926,  0.11203704])
13.3638 	EXP 	three: pos = array([-0.18425926,  0.125     ])
13.3857 	EXP 	three: pos = array([-0.18425926,  0.12962963])
13.4055 	EXP 	three: pos = array([-0.18425926,  0.13240741])
13.4260 	EXP 	three: pos = array([-0.18425926,  0.13425926])
13.4491 	EXP 	three: pos = array([-0.18425926,  0.13425926])
13.4682 	EXP 	three: pos = array([-0.18425926,  0.13518519])
13.4844 	EXP 	three: pos = array([-0.18240741,  0.13796296])
13.5012 	EXP 	three: pos = array([-0.17962963,  0.14351852])
13.5183 	EXP 	three: pos = array([-0.1712963 ,  0.15648148])
13.5346 	EXP 	three: pos = array([-0.16574074,  0.16666667])
13.5513 	EXP 	three: pos = array([-0.16018519,  0.1712963 ])
13.5682 	EXP 	three: pos = array([-0.15833333,  0.17407407])
13.5848 	EXP 	three: pos = array([-0.15648148,  0.175     ])
13.6018 	EXP 	three: pos = array([-0.15555556,  0.175     ])
13.6184 	EXP 	three: pos = array([-0.15462963,  0.175     ])
13.6345 	EXP 	three: pos = array([-0.1537037,  0.175    ])
13.6517 	EXP 	three: pos = array([-0.1537037,  0.175    ])
13.6685 	EXP 	three: pos = array([-0.1537037,  0.175    ])
13.6854 	EXP 	three: pos = array([-0.15277778,  0.175     ])
13.7023 	EXP 	three: pos = array([-0.15185185,  0.175     ])
13.7188 	EXP 	three: pos = array([-0.15092593,  0.175     ])
13.7355 	EXP 	three: pos = array([-0.15 ,  0.175])
13.7516 	EXP 	three: pos = array([-0.14907407,  0.17407407])
13.7684 	EXP 	three: pos = array([-0.14814815,  0.17314815])
13.7848 	EXP 	three: pos = array([-0.14814815,  0.17314815])
13.8018 	EXP 	three: pos = array([-0.14814815,  0.17314815])
13.8182 	EXP 	three: pos = array([-0.14814815,  0.17222222])
13.8352 	EXP 	three: pos = array([-0.14814815,  0.17222222])
13.8516 	EXP 	three: pos = array([-0.14814815,  0.17222222])
13.8685 	EXP 	three: pos = array([-0.14814815,  0.17222222])
13.8853 	EXP 	three: pos = array([-0.14814815,  0.17222222])
13.9022 	EXP 	three: pos = array([-0.14814815,  0.17222222])
13.9189 	EXP 	three: pos = array([-0.14814815,  0.1712963 ])
13.9354 	EXP 	three: pos = array([-0.14814815,  0.1712963 ])
13.9518 	EXP 	three: pos = array([-0.14814815,  0.1712963 ])
13.9682 	EXP 	three: pos = array([-0.14814815,  0.1712963 ])
13.9850 	EXP 	three: pos = array([-0.14814815,  0.1712963 ])
14.0019 	EXP 	three: pos = array([-0.14814815,  0.1712963 ])
14.0187 	EXP 	three: pos = array([-0.14814815,  0.17037037])
14.0355 	EXP 	three: pos = array([-0.14814815,  0.17037037])
14.0524 	EXP 	three: pos = array([-0.14814815,  0.16944444])
14.0694 	EXP 	three: pos = array([-0.14814815,  0.16944444])
14.0853 	EXP 	three: pos = array([-0.14814815,  0.16851852])
14.1019 	EXP 	three: pos = array([-0.14814815,  0.16851852])
14.1188 	EXP 	three: pos = array([-0.14814815,  0.16759259])
14.1356 	EXP 	three: pos = array([-0.14814815,  0.16666667])
14.1527 	EXP 	three: pos = array([-0.14814815,  0.16574074])
14.1697 	EXP 	three: pos = array([-0.14814815,  0.16388889])
14.1852 	EXP 	three: pos = array([-0.14814815,  0.16203704])
14.2021 	EXP 	three: pos = array([-0.14814815,  0.16111111])
14.2187 	EXP 	three: pos = array([-0.14722222,  0.15833333])
14.2357 	EXP 	three: pos = array([-0.14259259,  0.15092593])
14.2525 	EXP 	three: pos = array([-0.12222222,  0.125     ])
14.2692 	EXP 	three: pos = array([-0.10277778,  0.10277778])
14.2857 	EXP 	three: pos = array([-0.09074074,  0.08888889])
14.3035 	EXP 	three: pos = array([-0.07592593,  0.07407407])
14.3245 	EXP 	three: pos = array([-0.06574074,  0.06574074])
14.3434 	EXP 	three: pos = array([-0.05092593,  0.05555556])
14.3614 	EXP 	three: pos = array([-0.04166667,  0.04722222])
14.3793 	EXP 	three: pos = array([-0.03518519,  0.04351852])
14.4064 	EXP 	three: pos = array([-0.02037037,  0.03425926])
14.4270 	EXP 	three: pos = array([-0.00185185,  0.02592593])
14.4450 	EXP 	three: pos = array([0.01666667, 0.01851852])
14.4636 	EXP 	three: pos = array([0.03888889, 0.01111111])
14.4825 	EXP 	three: pos = array([0.06111111, 0.00462963])
14.5055 	EXP 	three: pos = array([ 0.0787037 , -0.00277778])
14.5291 	EXP 	three: pos = array([ 0.11944444, -0.02592593])
14.5500 	EXP 	three: pos = array([ 0.14259259, -0.04166667])
14.5691 	EXP 	three: pos = array([ 0.15092593, -0.05092593])
14.5857 	EXP 	three: pos = array([ 0.16666667, -0.06203704])
14.6025 	EXP 	three: pos = array([ 0.17314815, -0.06759259])
14.6192 	EXP 	three: pos = array([ 0.18148148, -0.075     ])
14.6360 	EXP 	three: pos = array([ 0.18240741, -0.08055556])
14.6528 	EXP 	three: pos = array([ 0.18333333, -0.08240741])
14.6692 	EXP 	three: pos = array([ 0.18425926, -0.08796296])
14.6865 	EXP 	three: pos = array([ 0.18425926, -0.09166667])
14.7033 	EXP 	three: pos = array([ 0.18425926, -0.0962963 ])
14.7208 	EXP 	three: pos = array([ 0.18425926, -0.09907407])
14.7360 	EXP 	three: pos = array([ 0.18425926, -0.10185185])
14.7526 	EXP 	three: pos = array([ 0.18425926, -0.10555556])
14.7695 	EXP 	three: pos = array([ 0.18425926, -0.11018519])
14.7704 	DATA 	Mouse:  Left button up, pos=(1158,421)
15.2609 	DATA 	Mouse: Left button down, pos=(1158,421)
15.2891 	EXP 	three: pos = array([ 0.18333333, -0.11018519])
15.3036 	EXP 	three: pos = array([ 0.18333333, -0.11018519])
15.3200 	EXP 	three: pos = array([ 0.18333333, -0.11018519])
15.3369 	EXP 	three: pos = array([ 0.18333333, -0.11018519])
15.3535 	EXP 	three: pos = array([ 0.18333333, -0.11018519])
15.3701 	EXP 	three: pos = array([ 0.18333333, -0.11018519])
15.3865 	EXP 	three: pos = array([ 0.18333333, -0.11018519])
15.4035 	EXP 	three: pos = array([ 0.18333333, -0.11018519])
15.4205 	EXP 	three: pos = array([ 0.17592593, -0.10833333])
15.4370 	EXP 	three: pos = array([ 0.15462963, -0.10277778])
15.4537 	EXP 	three: pos = array([ 0.1212963 , -0.09259259])
15.4704 	EXP 	three: pos = array([ 0.09814815, -0.08518519])
15.4869 	EXP 	three: pos = array([ 0.08055556, -0.07962963])
15.5036 	EXP 	three: pos = array([ 0.06481481, -0.075     ])
15.5205 	EXP 	three: pos = array([ 0.03703704, -0.06759259])
15.5375 	EXP 	three: pos = array([ 0.01944444, -0.06203704])
15.5546 	EXP 	three: pos = array([-0.00555556, -0.05740741])
15.5715 	EXP 	three: pos = array([-0.0212963 , -0.05462963])
15.5883 	EXP 	three: pos = array([-0.03888889, -0.05      ])
15.6051 	EXP 	three: pos = array([-0.06388889, -0.04722222])
15.6235 	EXP 	three: pos = array([-0.07592593, -0.04537037])
15.6405 	EXP 	three: pos = array([-0.08796296, -0.04444444])
15.6571 	EXP 	three: pos = array([-0.11111111, -0.03981481])
15.6704 	EXP 	three: pos = array([-0.12592593, -0.03981481])
15.6870 	EXP 	three: pos = array([-0.14166667, -0.03888889])
15.7038 	EXP 	three: pos = array([-0.15462963, -0.03888889])
15.7204 	EXP 	three: pos = array([-0.16851852, -0.03796296])
15.7372 	EXP 	three: pos = array([-0.18240741, -0.03611111])
15.7538 	EXP 	three: pos = array([-0.2       , -0.03425926])
15.7704 	EXP 	three: pos = array([-0.20648148, -0.03425926])
15.7873 	EXP 	three: pos = array([-0.21203704, -0.03425926])
15.8042 	EXP 	three: pos = array([-0.21944444, -0.03425926])
15.8203 	EXP 	three: pos = array([-0.22314815, -0.03333333])
15.8373 	EXP 	three: pos = array([-0.22685185, -0.03148148])
15.8539 	EXP 	three: pos = array([-0.23240741, -0.02962963])
15.8707 	EXP 	three: pos = array([-0.23611111, -0.0287037 ])
15.8874 	EXP 	three: pos = array([-0.23981481, -0.02685185])
15.9041 	EXP 	three: pos = array([-0.24444444, -0.025     ])
15.9209 	EXP 	three: pos = array([-0.24722222, -0.02314815])
15.9372 	EXP 	three: pos = array([-0.24907407, -0.02314815])
15.9539 	EXP 	three: pos = array([-0.25      , -0.02314815])
15.9548 	DATA 	Mouse:  Left button up, pos=(690,515)
16.4072 	DATA 	Mouse: Left button down, pos=(690,515)
16.4446 	EXP 	three: pos = array([-0.25      , -0.02314815])
16.4625 	EXP 	three: pos = array([-0.25      , -0.02314815])
16.4826 	EXP 	three: pos = array([-0.25      , -0.02314815])
16.5041 	EXP 	three: pos = array([-0.25      , -0.02314815])
16.5242 	EXP 	three: pos = array([-0.25      , -0.02314815])
16.5529 	EXP 	three: pos = array([-0.25      , -0.02314815])
16.5714 	EXP 	three: pos = array([-0.20277778, -0.02314815])
16.5878 	EXP 	three: pos = array([-0.14814815, -0.0212963 ])
16.6048 	EXP 	three: pos = array([-0.11666667, -0.01944444])
16.6216 	EXP 	three: pos = array([-0.08333333, -0.01851852])
16.6384 	EXP 	three: pos = array([-0.0212963 , -0.01481481])
16.6559 	EXP 	three: pos = array([ 0.00648148, -0.01388889])
16.6744 	EXP 	three: pos = array([ 0.03888889, -0.01111111])
16.6933 	EXP 	three: pos = array([ 0.05185185, -0.00925926])
16.7144 	EXP 	three: pos = array([ 0.075     , -0.00833333])
16.7340 	EXP 	three: pos = array([ 0.11759259, -0.00833333])
16.7564 	EXP 	three: pos = array([ 0.15092593, -0.00833333])
16.7754 	EXP 	three: pos = array([ 0.19537037, -0.00555556])
16.7923 	EXP 	three: pos = array([ 0.225     , -0.00555556])
16.8085 	EXP 	three: pos = array([ 0.24907407, -0.0037037 ])
16.8217 	EXP 	three: pos = array([ 0.275    , -0.0037037])
16.8385 	EXP 	three: pos = array([ 0.30092593, -0.0037037 ])
16.8549 	EXP 	three: pos = array([ 0.33240741, -0.00462963])
16.8718 	EXP 	three: pos = array([ 0.37314815, -0.0037037 ])
16.8886 	EXP 	three: pos = array([ 0.39074074, -0.00462963])
16.9050 	EXP 	three: pos = array([ 0.40555556, -0.00462963])
16.9217 	EXP 	three: pos = array([ 0.4212963 , -0.00462963])
16.9385 	EXP 	three: pos = array([ 0.4287037 , -0.00462963])
16.9554 	EXP 	three: pos = array([ 0.43425926, -0.00555556])
16.9724 	EXP 	three: pos = array([ 0.43796296, -0.00555556])
16.9892 	EXP 	three: pos = array([ 0.43796296, -0.00555556])
17.0059 	EXP 	three: pos = array([ 0.43888889, -0.00555556])
17.0224 	EXP 	three: pos = array([ 0.43888889, -0.00555556])
17.0385 	EXP 	three: pos = array([ 0.43888889, -0.00555556])
17.0554 	EXP 	three: pos = array([ 0.43888889, -0.00555556])
17.0720 	EXP 	three: pos = array([ 0.43888889, -0.00555556])
17.0892 	EXP 	three: pos = array([ 0.43888889, -0.00555556])
17.1087 	EXP 	three: pos = array([ 0.43888889, -0.00555556])
17.1264 	EXP 	three: pos = array([ 0.43888889, -0.00555556])
17.1538 	EXP 	three: pos = array([ 0.43888889, -0.00555556])
17.1729 	EXP 	three: pos = array([ 0.43888889, -0.00555556])
17.1740 	DATA 	Mouse:  Left button up, pos=(1434,534)
17.4734 	DATA 	Mouse: Left button down, pos=(1430,534)
17.5086 	EXP 	three: pos = array([ 0.43518519, -0.00555556])
17.5260 	EXP 	three: pos = array([ 0.43518519, -0.00555556])
17.5430 	EXP 	three: pos = array([ 0.43518519, -0.00555556])
17.5600 	EXP 	three: pos = array([ 0.43518519, -0.00555556])
17.5869 	EXP 	three: pos = array([ 0.43518519, -0.00555556])
17.6062 	EXP 	three: pos = array([ 0.41388889, -0.00462963])
17.6227 	EXP 	three: pos = array([ 0.33703704, -0.00277778])
18.1839 	DATA 	Mouse:  Left button up, pos=(519,540)
18.6575 	DATA 	Mouse: Left button down, pos=(1358,560)
18.6906 	EXP 	three: pos = array([0.36851852, 0.01851852])
18.7079 	EXP 	three: pos = array([0.36851852, 0.01851852])
18.7242 	EXP 	three: pos = array([0.36851852, 0.01851852])
18.7416 	EXP 	three: pos = array([0.36851852, 0.01851852])
18.7617 	EXP 	three: pos = array([0.36851852, 0.01851852])
18.7809 	EXP 	three: pos = array([0.36851852, 0.01851852])
18.7993 	EXP 	three: pos = array([0.36851852, 0.01851852])
18.8223 	EXP 	three: pos = array([0.36851852, 0.01851852])
18.8420 	EXP 	three: pos = array([0.36851852, 0.01851852])
18.8639 	EXP 	three: pos = array([0.35      , 0.01851852])
18.8903 	EXP 	three: pos = array([0.33611111, 0.01851852])
18.9126 	EXP 	three: pos = array([0.32037037, 0.01851852])
18.9303 	EXP 	three: pos = array([0.30740741, 0.01944444])
18.9493 	EXP 	three: pos = array([0.28055556, 0.0212963 ])
18.9696 	EXP 	three: pos = array([0.26759259, 0.0212963 ])
18.9897 	EXP 	three: pos = array([0.24259259, 0.0212963 ])
19.0159 	EXP 	three: pos = array([0.21018519, 0.01944444])
19.0351 	EXP 	three: pos = array([0.18425926, 0.01851852])
19.0569 	EXP 	three: pos = array([0.1712963 , 0.01851852])
19.0790 	EXP 	three: pos = array([0.15      , 0.01851852])
19.0977 	EXP 	three: pos = array([0.1287037 , 0.01851852])
19.1217 	EXP 	three: pos = array([0.10833333, 0.02037037])
19.1446 	EXP 	three: pos = array([0.08148148, 0.02037037])
19.1628 	EXP 	three: pos = array([0.05     , 0.0212963])
19.1808 	EXP 	three: pos = array([0.01111111, 0.0212963 ])
19.2010 	EXP 	three: pos = array([-0.01851852,  0.0212963 ])
19.2236 	EXP 	three: pos = array([-0.07222222,  0.01944444])
19.2464 	EXP 	three: pos = array([-0.12777778,  0.01481481])
19.2630 	EXP 	three: pos = array([-0.1537037 ,  0.01296296])
19.2805 	EXP 	three: pos = array([-0.17685185,  0.01203704])
19.2986 	EXP 	three: pos = array([-0.21574074,  0.00925926])
19.3157 	EXP 	three: pos = array([-0.23611111,  0.00740741])
19.3382 	EXP 	three: pos = array([-0.25740741,  0.00462963])
19.3593 	EXP 	three: pos = array([-0.2787037 ,  0.00277778])
19.3803 	EXP 	three: pos = array([-0.3,  0. ])
19.3978 	EXP 	three: pos = array([-0.30740741, -0.00092593])
19.4152 	EXP 	three: pos = array([-0.31574074, -0.00092593])
19.4342 	EXP 	three: pos = array([-0.31851852, -0.00092593])
19.4570 	EXP 	three: pos = array([-0.3212963 , -0.00092593])
19.4771 	EXP 	three: pos = array([-0.3212963 , -0.00185185])
19.4967 	EXP 	three: pos = array([-0.3212963 , -0.00185185])
19.4990 	DATA 	Mouse:  Left button up, pos=(613,538)
20.6118 	DATA 	Mouse: Left button down, pos=(212,848)
20.6299 	EXP 	one: autoDraw = False
20.6299 	EXP 	two: autoDraw = False
20.6299 	EXP 	three: autoDraw = False
20.6299 	EXP 	seven: autoDraw = False
20.6299 	EXP 	eight: autoDraw = False
20.6299 	EXP 	nine: autoDraw = False
20.6299 	EXP 	four: autoDraw = False
20.6299 	EXP 	five: autoDraw = False
20.6299 	EXP 	six: autoDraw = False
20.6299 	EXP 	ten: autoDraw = False
20.6299 	EXP 	eleven: autoDraw = False
20.6299 	EXP 	twelve: autoDraw = False
20.7057 	EXP 	window1: mouseVisible = True
